0:100  0:100  MemLog inited, TSC freq: 3600487360
0:100  0:000  CPU was calibrated with RTC
0:100  0:000  CloverX64 : Image base = 0x6D404000
0:100  0:000  Clover ImageHandle = 75ee9b98
0:102  0:002  SelfDirPath = \EFI\CLOVER
0:103  0:001  === [ Starting Clover ] =========================
0:103  0:000  Now is 25.11.2024,  14:45:07 (GMT)
0:103  0:000  Starting Clover revision: 5160 (master, commit 7b08a616e) on American Megatrends EFI
0:103  0:000  Build id: 20240909210805-7b08a61-dirty
0:103  0:000  Build with: [Args: -D NO_GRUB_DRIVERS_EMBEDDED -D LESS_DEBUG -t GCC131 | --cmd-len=50000 -D NO_GRUB_DRIVERS_EMBEDDED -D LESS_DEBUG --conf=/Users/sergey/src/CloverBootloader/Conf -D USE_LOW_EBDA -a X64 -b RELEASE -t GCC131 -n 5 | OS: 15]
0:103  0:000  === [ Get Smbios ] ==============================
0:103  0:000  Type 16 Index = 0
0:103  0:000  Total Memory Slots Count = 4
0:104  0:000  Type 17 Index = 0
0:104  0:000  SmbiosTable.Type17->SlotIndex = 0
0:104  0:000  SmbiosTable.Type17->ModuleSize = 8192MB
0:104  0:000  SmbiosTable.Type17->Type = 0
0:104  0:000  SmbiosTable.Type17->Frequency = 3200MHz
0:104  0:000  SmbiosTable.Type17->Bank/Device = BANK 0 ChannelA-DIMM1
0:104  0:000  SmbiosTable.Type17->Vendor = Corsair
0:104  0:000  SmbiosTable.Type17->SerialNo = 00000000
0:104  0:000  SmbiosTable.Type17->PartNo = CMK16GX4M2K4266C19
0:104  0:000  Type 17 Index = 1
0:104  0:000  SmbiosTable.Type17->SlotIndex = 1
0:104  0:000  SmbiosTable.Type17->ModuleSize = 8192MB
0:104  0:000  SmbiosTable.Type17->Type = 0
0:104  0:000  SmbiosTable.Type17->Frequency = 3200MHz
0:104  0:000  SmbiosTable.Type17->Bank/Device = BANK 1 ChannelA-DIMM2
0:104  0:000  SmbiosTable.Type17->Vendor = Corsair
0:104  0:000  SmbiosTable.Type17->SerialNo = 00000000
0:104  0:000  SmbiosTable.Type17->PartNo = CMK16GX4M2K4266C19
0:104  0:000  Type 17 Index = 2
0:104  0:000  Ignoring insane frequency value 0MHz
0:104  0:000  Type 17 Index = 3
0:104  0:000  Ignoring insane frequency value 0MHz
0:104  0:000  Boot status=0
0:104  0:000  Running on: 'System Product Name' with board 'PRIME Z390-A'
0:104  0:000  === [ GetCPUProperties ] ========================
0:104  0:000  CPU Vendor = 756E6547 Model=906EC
0:104  0:000   The CPU supported SSE4.1
0:104  0:000   The CPU supported RDRAND
0:104  0:000  BrandString = Intel(R) Core(TM) i7-9700K CPU @ 3.60GHz
0:104  0:000   The CPU supported turbo
0:104  0:000   Energy PerfBias is  visible:
0:104  0:000  MSR 0x35               80008
0:104  0:000   TSC/CCC Information Leaf:
0:104  0:000    numerator     : 300
0:104  0:000    denominator   : 2
0:104  0:000   Calibrated ARTFrequency: 24003249
0:104  0:000   Rounded ARTFrequency: 24000000
0:104  0:000  MSR 0xE2 before patch 1E000000
0:104  0:000  MSR 0xCE              08080838_F1012400
0:104  0:000  corrected FLEX_RATIO = E0000
0:104  0:000  MSR 0x1B0             00000000
0:104  0:000  FSBFrequency = 109 MHz, DMI FSBFrequency = 100 MHz, Corrected FSBFrequency = 100 MHz
0:104  0:000  MaxDiv/MinDiv: 36.0/8
0:104  0:000  Turbo: 47/49/49/49
0:104  0:000  Features: 0x77FAFBFFBFEBFBFF
0:104  0:000  Threads: 8
0:104  0:000  Cores: 8
0:104  0:000  FSB: 100 MHz
0:104  0:000  CPU: 3900 MHz
0:104  0:000  TSC: 3900 MHz
0:104  0:000  PIS: 100 MHz
0:104  0:000  ExternalClock: 25 MHz
0:104  0:000  === [ GetDevices ] ==============================
0:104  0:000  GOP found at: PciRoot(0x0)/Pci(0x1,0x0)/Pci(0x0,0x0)/AcpiAdr(0x80010302)
0:104  0:000  PCI (00|00:00.00) : 8086 3E30 class=060000
0:104  0:000  PCI (00|00:01.00) : 8086 1901 class=060400
0:104  0:000  PCI (00|01:00.00) : 1002 67DF class=030000
0:104  0:000   - GFX: Model=AMD Radeon RX 480/570/580 (ATI/AMD)
0:104  0:000   - GOP: Provided by device
0:104  0:000  PCI (00|01:00.01) : 1002 AAF0 class=040300
0:104  0:000   - HDMI Audio: 
0:104  0:000  PCI (00|00:02.00) : 8086 3E98 class=038000
0:104  0:000   - GFX: Model=Intel UHD Graphics 630 (Intel)
0:104  0:000  PCI (00|00:14.00) : 8086 A36D class=0C0330
0:104  0:000  PCI (00|00:14.02) : 8086 A36F class=050000
0:104  0:000  PCI (00|00:16.00) : 8086 A360 class=078000
0:104  0:000  PCI (00|00:17.00) : 8086 A352 class=010601
0:104  0:000  PCI (00|00:1B.00) : 8086 A340 class=060400
0:104  0:000  PCI (00|00:1C.00) : 8086 A338 class=060400
0:104  0:000  PCI (00|00:1D.00) : 8086 A330 class=060400
0:104  0:000  PCI (00|04:00.00) : 144D A808 class=010802
0:104  0:000  PCI (00|00:1F.00) : 8086 A305 class=060100
0:104  0:000  PCI (00|00:1F.03) : 8086 A348 class=040300
0:104  0:000  PCI (00|00:1F.04) : 8086 A323 class=0C0500
0:104  0:000  PCI (00|00:1F.05) : 8086 A324 class=0C8000
0:104  0:000  PCI (00|00:1F.06) : 8086 15BC class=020000
0:104  0:000   - LAN: 1 Vendor=Intel
0:104  0:000  Legacy MAC address of LAN #0= 40:B0:76:DE:9E:93:
0:104  0:000  _checkOEMPath Look for oem dir at path '\EFI\CLOVER\OEM\System Product Name--40-B0-76-DE-9E-93'. Dir doesn't exist.
0:104  0:000  _checkOEMPath Look for oem dir at path '\EFI\CLOVER\OEM\PRIME Z390-A\UEFI'. Dir doesn't exist.
0:105  0:000  _checkOEMPath Look for oem dir at path '\EFI\CLOVER\OEM\System Product Name'. Dir doesn't exist.
0:105  0:000  _checkOEMPath Look for oem dir at path '\EFI\CLOVER\OEM\System Product Name-3900'. Dir doesn't exist.
0:105  0:000  _checkOEMPath Look for oem dir at path '\EFI\CLOVER\OEM\PRIME Z390-A'. Dir doesn't exist.
0:105  0:000  _checkOEMPath Look for oem dir at path '\EFI\CLOVER\OEM\PRIME Z390-A-3900'. Dir doesn't exist.
0:105  0:000  === [ GetUserSettings ] =========================
0:105  0:000  GetDefaultModel()=iMac18,3
0:105  0:000  === [ LoadUserSettings ] ========================
0:105  0:000  Using config.plist at path: \EFI\CLOVER
0:105  0:000  There is a problem in plist '\EFI\CLOVER\config.plist'
0:105  0:000  Warning: EfiVersion '1037.100.345.0.0' is older than default ('1968.100.16.0.1') -> ignored. Dict '/SMBIOS:282'.
0:105  0:000  Use CloverConfigPlistValidator or look in the log
3:105  3:000  === [ LoadUserSettings ] ========================
3:106  0:000  Cannot find smbios.plist at path '\EFI\CLOVER' : Not Found
3:106  0:000  '\EFI\CLOVER\smbios.plist' not loaded. Efi error Not Found
3:106  0:000  create SMBIOS list, found 27 dicts
3:106  0:000  ... ACPI
3:106  0:000  ... Boot
3:106  0:000  ... BootGraphics
3:106  0:000  ... Devices
3:106  0:000  ... DisableDrivers
3:106  0:000  ... GUI
3:106  0:000  ... Graphics
3:106  0:000  ... KernelAndKextPatches
3:106  0:000  ... SMBIOS
3:106  0:000  ... SystemParameters
3:106  0:000  ... RtVariables
3:106  0:000  ... Quirks
3:106  0:000  get model from config.plist
3:106  0:000  Using latest BiosVersion from config instead of default 'IM191.88Z.F000.B00.2302212211'
3:116  0:010  Using latest BiosReleaseDate from config instead of default '02/21/2023'
3:120  0:003  BiosVersion: IM191.88Z.F000.B00.2308061817
3:124  0:003  BiosReleaseDate: 08/06/2023
3:127  0:003  EfiVersion: 1968.100.16.0.1
3:131  0:003  Calibrated TSC Frequency = 3600487360 = 3600MHz
3:135  0:003  === [ GetListOfThemes ] =========================
3:138  0:003  - [00]: random
3:146  0:007  - [00]: embedded
3:154  0:007  === [ Found config plists ] =====================
3:157  0:003  - config.plist
3:161  0:003  - config-sample.plist
3:165  0:003  - config_old.plist
3:168  0:003  === [ LoadDrivers ] =============================
3:172  0:004  Loading NvmExpressDxe.efi status=Success
3:184  0:011   - driver needs connecting
3:188  0:003  Loading EnglishDxe.efi status=Success
3:200  0:011  Loading AppleKeyFeeder.efi status=Success
3:212  0:011  Loading VBoxHfs.efi status=Success
3:224  0:012   - driver needs connecting
3:231  0:006  Loading HashServiceFix.efi status=Success
3:243  0:011  Loading PartitionDxe.efi status=Success
3:255  0:011   - driver needs connecting
3:259  0:003  Loading ApfsDriverLoader.efi status=Success
3:270  0:011   - driver needs connecting
3:274  0:003  4 drivers needs connecting ...
3:274  0:000  PlatformDriverOverrideProtocol not found. Installing ... Success
3:275  0:000  Partition driver loaded: 
3:275  0:000  HFS+ driver loaded
3:275  0:000  APFS driver loaded
3:276  0:000  Searching for invalid DiskIo BY_DRIVER connects: not found, all ok
3:492  0:216  === [ InitScreen ] ==============================
3:496  0:003  Console modes reported: 4, available modes:
3:500  0:003   - [01]: 80x25 (current mode)
3:504  0:003   - [03]: 100x31
3:507  0:003   - [04]: 170x40
3:511  0:003  SetScreenResolution: 1920x1080 - not found!
3:518  0:007  SetMaxResolution: found best mode 0: 1366x768
3:525  0:007   - already set
3:530  0:004  Using embedded font
3:534  0:004  === [ ScanSPD ] =================================
3:538  0:003  SMBus device : 8086 A323 class=0C0500 status=Success
3:542  0:003  SMBus CmdReg: 0x3
3:546  0:003  Scanning SMBus [8086:A323], mmio: 0x12116004, ioport: 0xEFA0, hostc: 0x11
3:549  0:003  Slots to scan [8]...
3:553  0:004  SPD[0]: Got invalid type 0 @0x50. Will set page and retry.
3:558  0:004  SPD[0]: Type 12 @0x50
3:579  0:021  XMP Profile1: 4*125 -31 ns
3:582  0:003  Found module with XMP version 2.0
3:586  0:003  Using XMP Profile1 instead of standard frequency 2132MHz
3:590  0:003  DDR speed 4264MHz
3:593  0:003  Slot: 0 Type 26 8192MB 4264MHz Vendor=Corsair PartNo=CMK16GX4M2K4266C19 SerialNo=00000000
3:597  0:004  SPD[1]: Type 12 @0x51
3:619  0:021  XMP Profile1: 4*125 -31 ns
3:626  0:006  Found module with XMP version 2.0
3:629  0:003  Using XMP Profile1 instead of standard frequency 2132MHz
3:633  0:003  DDR speed 4264MHz
3:636  0:003  Slot: 1 Type 26 8192MB 4264MHz Vendor=Corsair PartNo=CMK16GX4M2K4266C19 SerialNo=00000000
3:642  0:005  === [ GetAcpiTablesList ] =======================
3:645  0:003  Get Acpi Tables List from RSDT: count=24
3:652  0:007   - [00]: FACP  A M I  len=132
3:656  0:003   - [01]: APIC  A M I  len=188
3:660  0:003   - [02]: FPDT  A M I  len=68
3:664  0:003   - [03]: FIDT  A M I len=156
3:667  0:003   - [04]: MCFG  A M I  len=60
3:671  0:003   - [05]: WSMT  A M I  len=40
3:675  0:003   - [06]: SSDT  SataTabl len=888
3:679  0:004   - [07]: SSDT  CpuSsdt len=6101
3:682  0:003   - [08]: SSDT  SaSsdt  len=12443
3:686  0:003   - [09]: SSDT  PegSsdt len=9048
3:690  0:003   - [10]: HPET  A M I  len=56
3:694  0:003   - [11]: SSDT  Ther_Rvp len=3998
3:698  0:003   - [12]: SSDT  xh_cfsd4 len=10579
3:701  0:003   - [13]: UEFI  A M I  len=72
3:705  0:003   - [14]: LPIT  A M I  len=92
3:709  0:003   - [15]: SSDT  PtidDevc len=10206
3:712  0:003   - [16]: SSDT  TbtTypeC len=4094
3:716  0:003   - [17]: DBGP  A M I  len=52
3:720  0:003   - [18]: DBG2  A M I  len=84
3:723  0:003   - [19]: SSDT  UsbCTabl len=6449
3:727  0:003   - [20]: SSDT  ADebTabl len=324
3:731  0:003   - [21]: VFCT  A M I  len=59524
3:735  0:003   - [22]: BGRT  A M I  len=56
3:738  0:003   - [23]: WPBT  A M I len=60
3:742  0:004   - [00]: Drop table : MATS,                0 :  no
3:750  0:007   - [01]: Drop table : DMAR,                0 :  no
3:757  0:007  Custom boot CUSTOM_BOOT_DISABLED (0x0)
3:761  0:003  Default theme: embedded
3:764  0:003  Set FakeCPUID: 0x0
3:768  0:004  === [ Found DSDT tables ] =======================
3:773  0:004  === [ InitKextList ] ============================
3:778  0:004  Added Kext=Other\USBMapDummy.kext (1.0)
3:782  0:004  Added Kext=Other\RadeonMonitor.kext (1.3.5)
3:786  0:004  Added Kext=Other\FakeSMC.kext (3.5.6)
3:791  0:004  Added Kext=Other\IntelCPUMonitor.kext (1.2.6)
3:796  0:005  === [ ScanVolumes ] =============================
3:803  0:006  Found 12 volumes with blockIO
3:809  0:006  - [00]: Volume: PciRoot(0x0)\Pci(0x17,0x0)\Sata(0x0,0xFFFF,0x0)
3:817  0:008  - [01]: Volume: PciRoot(0x0)\Pci(0x17,0x0)\Sata(0x0,0xFFFF,0x0)\HD(1,GPT,38DCC513-D608-408E-9D2F-1469C8B906A0,0x28,0x64000)
3:825  0:008          Result of bootcode detection: bootable unknown (legacy)
3:847  0:022            label : EFI
3:851  0:003  - [02]: Volume: PciRoot(0x0)\Pci(0x17,0x0)\Sata(0x0,0xFFFF,0x0)\HD(2,GPT,C20AA839-E88E-4CED-8CAB-9480B290394C,0x64028,0x15D466360)
3:876  0:025            label : Dati
3:880  0:003  - [03]: Volume: PciRoot(0x0)\Pci(0x1D,0x0)\Pci(0x0,0x0)\NVMe(0x1,CA-8F-B2-81-58-38-25-00)
3:888  0:007  - [04]: Volume: PciRoot(0x0)\Pci(0x1D,0x0)\Pci(0x0,0x0)\NVMe(0x1,CA-8F-B2-81-58-38-25-00)\HD(1,GPT,6E40A227-DDED-4325-B7CE-3959620EB39E,0x28,0x64000)
3:896  0:007          Result of bootcode detection: bootable unknown (legacy)
3:900  0:004            label : EFI
3:904  0:003          This is SelfVolume !!
3:908  0:003  - [05]: Volume: PciRoot(0x0)\Pci(0x1D,0x0)\Pci(0x0,0x0)\NVMe(0x1,CA-8F-B2-81-58-38-25-00)\HD(2,GPT,9508A8C6-F9B9-4EDD-ABC7-C1C4A019C410,0x64028,0x3A321FE0)
3:916  0:007          Result of bootcode detection: bootable unknown (legacy)
3:919  0:003  - [06]: Volume: PciRoot(0x0)\Pci(0x1D,0x0)\Pci(0x0,0x0)\NVMe(0x1,CA-8F-B2-81-58-38-25-00)\HD(2,GPT,9508A8C6-F9B9-4EDD-ABC7-C1C4A019C410,0x64028,0x3A321FE0)\VenMedia(BE74FCF7-0B7C-49F3-9147-01F4042E6842,F2738F7DD5B89341BB89C99D72294438)
3:927  0:007            apfsFileSystemUUID=7D8F73F2-B8D5-4193-BB89-C99D72294438, ApfsContainerUUID=85F3C012-2D6D-4FA1-A77E-71D7470E7FA2, ApfsRole=0x10
3:931  0:004            label : Preboot
3:935  0:003  - [07]: Volume: PciRoot(0x0)\Pci(0x1D,0x0)\Pci(0x0,0x0)\NVMe(0x1,CA-8F-B2-81-58-38-25-00)\HD(2,GPT,9508A8C6-F9B9-4EDD-ABC7-C1C4A019C410,0x64028,0x3A321FE0)\VenMedia(BE74FCF7-0B7C-49F3-9147-01F4042E6842,5D6490A424B7BC4F9AC8F7A23B1C4935)
3:942  0:007            apfsFileSystemUUID=A490645D-B724-4FBC-9AC8-F7A23B1C4935, ApfsContainerUUID=85F3C012-2D6D-4FA1-A77E-71D7470E7FA2, ApfsRole=0x40
3:956  0:014            label : Macintosh HD - Dati
3:960  0:003  - [08]: Volume: PciRoot(0x0)\Pci(0x1D,0x0)\Pci(0x0,0x0)\NVMe(0x1,CA-8F-B2-81-58-38-25-00)\HD(2,GPT,9508A8C6-F9B9-4EDD-ABC7-C1C4A019C410,0x64028,0x3A321FE0)\VenMedia(BE74FCF7-0B7C-49F3-9147-01F4042E6842,B6D67091A529BA4BA6736F0E24A99093)
3:968  0:007            apfsFileSystemUUID=9170D6B6-29A5-4BBA-A673-6F0E24A99093, ApfsContainerUUID=85F3C012-2D6D-4FA1-A77E-71D7470E7FA2, ApfsRole=0x4
3:971  0:003            label : Recovery
3:975  0:003  - [09]: Volume: PciRoot(0x0)\Pci(0x1D,0x0)\Pci(0x0,0x0)\NVMe(0x1,CA-8F-B2-81-58-38-25-00)\HD(2,GPT,9508A8C6-F9B9-4EDD-ABC7-C1C4A019C410,0x64028,0x3A321FE0)\VenMedia(BE74FCF7-0B7C-49F3-9147-01F4042E6842,C30BF988C32C724BB297A45648EE79C3)
3:983  0:007            apfsFileSystemUUID=88F90BC3-2CC3-4B72-B297-A45648EE79C3, ApfsContainerUUID=85F3C012-2D6D-4FA1-A77E-71D7470E7FA2, ApfsRole=0x1
3:988  0:005            label : Macintosh HD
3:992  0:003  - [10]: Volume: PciRoot(0x0)\Pci(0x1D,0x0)\Pci(0x0,0x0)\NVMe(0x1,CA-8F-B2-81-58-38-25-00)\HD(2,GPT,9508A8C6-F9B9-4EDD-ABC7-C1C4A019C410,0x64028,0x3A321FE0)\VenMedia(BE74FCF7-0B7C-49F3-9147-01F4042E6842,982FC8B0B1F22A41B736D33F4320CF33)
4:000  0:007            apfsFileSystemUUID=B0C82F98-F2B1-412A-B736-D33F4320CF33, ApfsContainerUUID=85F3C012-2D6D-4FA1-A77E-71D7470E7FA2, ApfsRole=0xc0
4:003  0:003            label : Update
4:007  0:003  - [11]: Volume: PciRoot(0x0)\Pci(0x1D,0x0)\Pci(0x0,0x0)\NVMe(0x1,CA-8F-B2-81-58-38-25-00)\HD(2,GPT,9508A8C6-F9B9-4EDD-ABC7-C1C4A019C410,0x64028,0x3A321FE0)\VenMedia(BE74FCF7-0B7C-49F3-9147-01F4042E6842,D0BFA628AA2C7548AE15EA6E25144D32)
4:015  0:007            apfsFileSystemUUID=28A6BFD0-2CAA-4875-AE15-EA6E25144D32, ApfsContainerUUID=85F3C012-2D6D-4FA1-A77E-71D7470E7FA2, ApfsRole=0x8
4:019  0:003            label : VM
4:022  0:003  No AudioIoProtocols, status=Not Found
4:026  0:003  === [ InitXTheme ] ==============================
4:030  0:003  use Daylight theme
4:034  0:003   using embedded theme
4:046  0:012  Using embedded font
4:050  0:004  theme inited
4:054  0:003  Chosen embedded theme
4:058  0:003  after NVRAM boot-args=dart=0 -v agdpmod=pikera
4:062  0:003  Scanning legacy ...
4:065  0:003  === [ Dump SMC keys from NVRAM ] ================
4:069  0:003  found AppleSMC protocol
4:081  0:011     fakesmc-key-RVBF-ch8*:02 46 0F 00 00 12 
4:112  0:031     fakesmc-key-#KEY-ui32:00 00 00 11 
4:138  0:025     fakesmc-key-$Adr-ui32:00 00 03 00 
4:168  0:030     fakesmc-key-$Num-ui8:01 
4:180  0:012     fakesmc-key-RMde-char:41 
4:193  0:012     fakesmc-key-RBr -ch8*:6A 31 33 38 5F 39 00 00 
4:230  0:037     fakesmc-key-EPCI-ui32:09 D0 F0 00 
4:254  0:023     fakesmc-key-REV -ch8*:02 46 0F 00 00 12 
4:285  0:030     fakesmc-key-RPlt-ch8*:6A 31 33 38 00 00 00 00 
4:322  0:037     fakesmc-key-BEMB-flag:00 
4:335  0:012     fakesmc-key-BATP-flag:00 
4:347  0:012     fakesmc-key-BNum-ui8:00 
4:359  0:012     fakesmc-key-MSTc-ui8:00 
4:374  0:015     fakesmc-key-MSAc-ui16:00 00 
4:390  0:015     fakesmc-key-MSWr-ui8:00 
4:402  0:012     fakesmc-key-MSFW-ui8:01 00 
4:418  0:016     fakesmc-key-MSPS-ui16:00 03 
4:440  0:021  Registered 17 SMC keys
4:448  0:008  === [ ScanLoader ] ==============================
4:452  0:003  - [01]: 'EFI'
4:478  0:026  - [02]: 'Dati'
4:518  0:040  - [04]: 'EFI'
4:529  0:010        AddLoaderEntry for Volume Name=EFI, idx=0
4:533  0:003        OSVersion= 
4:536  0:003        IconName=unknown comma=-1 size=7
4:540  0:003        Full=unknown
4:544  0:003        Loader entry created for 'PciRoot(0x0)\Pci(0x1D,0x0)\Pci(0x0,0x0)\NVMe(0x1,CA-8F-B2-81-58-38-25-00)\HD(1,GPT,6E40A227-DDED-4325-B7CE-3959620EB39E,0x28,0x64000)\EFI\BOOT\BOOTX64.efi'
4:548  0:004       hiding entry: \EFI\BOOT\BOOTX64.efi
4:552  0:003        Menu entry added at index 0
4:555  0:003       hiding entry because DiskKind is DISK_KIND_INTERNAL: \EFI\BOOT\BOOTX64.efi
4:559  0:003  - [06]: 'Preboot'
4:566  0:007      ApfsContainerUUID=85F3C012-2D6D-4FA1-A77E-71D7470E7FA2
4:570  0:003      ApfsFileSystemUUID=7D8F73F2-B8D5-4193-BB89-C99D72294438
4:573  0:003      APFSTargetUUID=A490645D-B724-4FBC-9AC8-F7A23B1C4935
4:578  0:004        contentDetails name:Macintosh HD
4:582  0:003        AddLoaderEntry for Volume Name=Preboot, idx=1
4:586  0:003        OSVersion=14.4 
4:589  0:003        Check if volume Is Hibernated:
4:593  0:003        Check sleep image 'by signature':
4:597  0:003        using default sleep image name = \private\var\vm\sleepimage
4:600  0:003        cannot open sleepimage -> Not Found
4:604  0:003        hibernated: no - sign
4:608  0:003        IconName=sonoma,mac comma=6 size=10
4:612  0:004        first=os_sonoma
4:616  0:003        Second=os_mac
4:619  0:003        IconName=unknown comma=-1 size=7
4:623  0:003        Full=unknown
4:627  0:003        Loader entry created for 'PciRoot(0x0)\Pci(0x1D,0x0)\Pci(0x0,0x0)\NVMe(0x1,CA-8F-B2-81-58-38-25-00)\HD(2,GPT,9508A8C6-F9B9-4EDD-ABC7-C1C4A019C410,0x64028,0x3A321FE0)\VenMedia(BE74FCF7-0B7C-49F3-9147-01F4042E6842,F2738F7DD5B89341BB89C99D72294438)\A490645D-B724-4FBC-9AC8-F7A23B1C4935\System\Library\CoreServices\boot.efi'
4:631  0:004        Menu entry added at index 1
4:635  0:003  - [07]: 'Macintosh HD - Dati'
4:643  0:007      ApfsContainerUUID=85F3C012-2D6D-4FA1-A77E-71D7470E7FA2
4:647  0:003      ApfsFileSystemUUID=A490645D-B724-4FBC-9AC8-F7A23B1C4935
4:651  0:003  - [08]: 'Recovery'
4:658  0:007      ApfsContainerUUID=85F3C012-2D6D-4FA1-A77E-71D7470E7FA2
4:662  0:003      ApfsFileSystemUUID=9170D6B6-29A5-4BBA-A673-6F0E24A99093
4:665  0:003      APFSTargetUUID=A490645D-B724-4FBC-9AC8-F7A23B1C4935
4:669  0:003        contentDetails name:Macintosh HD
4:674  0:004        AddLoaderEntry for Volume Name=Recovery, idx=2
4:678  0:004        OSVersion=14.4 
4:682  0:003        IconName=sonoma,mac comma=6 size=10
4:686  0:003        first=os_sonoma
4:689  0:003        Second=os_mac
4:693  0:003        IconName=unknown comma=-1 size=7
4:697  0:003        Full=unknown
4:701  0:003        Loader entry created for 'PciRoot(0x0)\Pci(0x1D,0x0)\Pci(0x0,0x0)\NVMe(0x1,CA-8F-B2-81-58-38-25-00)\HD(2,GPT,9508A8C6-F9B9-4EDD-ABC7-C1C4A019C410,0x64028,0x3A321FE0)\VenMedia(BE74FCF7-0B7C-49F3-9147-01F4042E6842,B6D67091A529BA4BA6736F0E24A99093)\A490645D-B724-4FBC-9AC8-F7A23B1C4935\BaseSystem.dmg'
4:705  0:004        Menu entry added at index 2
4:709  0:003  - [09]: 'Macintosh HD'
4:716  0:007      ApfsContainerUUID=85F3C012-2D6D-4FA1-A77E-71D7470E7FA2
4:720  0:003      ApfsFileSystemUUID=88F90BC3-2CC3-4B72-B297-A45648EE79C3
4:727  0:007  - [10]: 'Update'
4:735  0:007      ApfsContainerUUID=85F3C012-2D6D-4FA1-A77E-71D7470E7FA2
4:738  0:003      ApfsFileSystemUUID=B0C82F98-F2B1-412A-B736-D33F4320CF33
4:742  0:003  - [11]: 'VM'
4:750  0:007      ApfsContainerUUID=85F3C012-2D6D-4FA1-A77E-71D7470E7FA2
4:753  0:003      ApfsFileSystemUUID=28A6BFD0-2CAA-4875-AE15-EA6E25144D32
4:757  0:003  Entries list before ordering
4:761  0:004      Entry 0 : Boot UEFI internal from EFI (hidden)
4:765  0:003      Entry 1 : Boot Mac OS from Macintosh HD via Preboot
4:769  0:003      Entry 2 : Boot Mac OS Recovery for Macintosh HD via Recovery
4:772  0:003  Entries list after ordering
4:776  0:003    Entry 0 : Boot UEFI internal from EFI (hidden)
4:780  0:003    Entry 1 : Boot Mac OS from Macintosh HD via Preboot
4:783  0:003    Entry 2 : Boot Mac OS Recovery for Macintosh HD via Recovery
4:787  0:003  === [ AddCustomTool ] ===========================
4:791  0:003  found tool \EFI\CLOVER\tools\Shell64U.efi
4:795  0:003  Checking EFI partition Volume 1 for Clover
4:800  0:005   Found Clover
4:804  0:003  === [ GetEfiBootDeviceFromNvram ] ===============
4:808  0:003   - [!] efi-boot-device-data not found
4:812  0:003  Default boot entry not found
4:815  0:003  BannerPlace at Clear Screen [619,68]
5:833  1:018  GUI ready
31:656  25:822  EDITED: 14
44:784  13:127  Boot option 0 has other volume name Macintosh HDboot.efi
44:787  0:003  === [ StartLoader ] =============================
44:791  0:003  Starting PciRoot(0x0)\Pci(0x1D,0x0)\Pci(0x0,0x0)\NVMe(0x1,CA-8F-B2-81-58-38-25-00)\HD(2,GPT,9508A8C6-F9B9-4EDD-ABC7-C1C4A019C410,0x64028,0x3A321FE0)\VenMedia(BE74FCF7-0B7C-49F3-9147-01F4042E6842,F2738F7DD5B89341BB89C99D72294438)\A490645D-B724-4FBC-9AC8-F7A23B1C4935\System\Library\CoreServices\boot.efi
44:795  0:003  Finally: ExternalClock=26MHz BusSpeed=100014kHz CPUFreq=3600MHz PIS: hw.busfrequency=104000000Hz
44:802  0:007  Beginning OC
44:806  0:003  OCST: Missing vault data, ignoring...
44:810  0:003  AddKextsInArray from Other
44:813  0:003  ->Extra kext: Other\USBMapDummy.kext (v.1.0)
44:817  0:003  ->Extra kext: Other\RadeonMonitor.kext (v.1.3.5)
44:821  0:004  ->Extra kext: Other\FakeSMC.kext (v.3.5.6)
44:825  0:003  ->Extra kext: Other\IntelCPUMonitor.kext (v.1.2.6)
44:828  0:003  AddKextsInArray from Off
44:832  0:003  AddKextsInArray from 14
44:836  0:003  AddKextsInArray from 14_normal
44:840  0:003  AddKextsInArray from 14.4
44:843  0:003  AddKextsInArray from 14.4_normal
44:847  0:003  AddKextsInArray from 14.4.0
44:851  0:003  AddKextsInArray from 14.4.0_normal
44:854  0:003  Bridge kext to OC : Path=Other\FakeSMC.kext
44:859  0:005  Bridge kext to OC : Path=Other\USBMapDummy.kext
44:864  0:004  Bridge kext to OC : Path=Other\RadeonMonitor.kext
44:868  0:004  Bridge kext to OC : Path=Other\IntelCPUMonitor.kext
44:874  0:005  Start 'OpenRuntime.efi' : Status Success
44:880  0:006  OC: config config.plist
44:887  0:006  OC: Got 0 drivers
44:890  0:003  OC: OpenCore DBG-102-2024-09-12 is loading in Optional mode (0/0)...
44:894  0:003  OC: StorageHandle 0 with  LauncherOption pointing to 
44:898  0:004  OcOSInfoInstallProtocol
44:902  0:003  OCRTC: OcAppleRtcRamInstallProtocol
44:906  0:003  OCRTC: Wake log is 0x00 0x00   0 0x00
44:909  0:003  OcAppleFbInfoInstallProtocol
44:913  0:003  OcAppleEg2InfoInstallProtocol
44:917  0:003  OC: Loading Apple Secure Boot with Disabled (level 0)
44:921  0:004  OCABC: ALRBL 0 RTDFRG 1 DEVMMIO 0 NOSU 0 NOVRWR 0 NOSB 0 FBSIG 0 NOHBMAP 0 SMSLIDE 1 WRUNPROT 1
44:925  0:003  OCABC: FEXITBS 0 PRMRG 0 CSLIDE 0 MSLIDE 0 PRSRV 0 RBMAP 0 VMAP 1 APPLOS 0 RTPERMS 1 ARBAR -1 RBIO 0
44:929  0:003  OCABC: Got rendezvous with OpenRuntime r12
44:932  0:003  OCABC: MAT support is 1
44:936  0:003  OC: RequestBootVarRouting 0
44:940  0:004  OCDM: Found 0x20046/0x2003C UEFI version (376 bytes, 0 rebuilding to 376) gST 7AB3C018 gBS 6D89B3A0 gBS->CreateEventEx 6D889904 &gBS 6D5732C0
44:944  0:003  OC: Setting GPU BARs to 0
44:947  0:003  OCDM: RBAR using PciIo
44:951  0:003  OCDM: Setting RBAR to 0 inc 1 on 3/18
44:955  0:003  OCDM: Capability I/O error - Unsupported
44:958  0:003  OCDM: RBAR is unsupported by device - Device Error
44:962  0:003  OCDM: Setting RBAR to 0 inc 1 on 5/18
44:966  0:003  OCDM: Capability I/O error - Unsupported
44:970  0:003  OCDM: RBAR is unsupported by device - Device Error
44:974  0:004  OC: Got 0 drivers
44:978  0:003  OCC: Installing GOP (Unsupported) on ConsoleOutHandle...
44:982  0:003  OC: Requested resolution is 1920x1080@0 (max: 0, force: 0) from 1920x1080
44:985  0:003  OCC: Using builtin text renderer with 1 scale
44:989  0:003  OCC: Install console control (6D55E3D0/6D882C88/0), current - Success
44:993  0:003  OCC: Setup ASCII Output - Success
44:996  0:003  OC: Requested console mode is 0x0 (max: 0) from 
45:000  0:003  OC: Invalid HibernateMode: 
45:004  0:003  OC: Translated HibernateMode  to 0
45:007  0:003  OC: Hibernation activation - Invalid Parameter, hibernation wake - no
45:011  0:003  OC: Panic log does not exist
45:015  0:003  OCABC: IsEfiBootRt 0 (BP 1, Apple 0)
45:020  0:005  OCB: Arch filtering 72DE0018(723512)->72DE0018(723512) caps 0 - Success
45:024  0:004  ImageHandle = 72b39f18
45:032  0:007  GetOSVersion: 14.4 (s)
45:039  0:007  Will not patch boot.efi
45:043  0:003  Using latest BiosVersion from config instead of default 'IM191.88Z.F000.B00.2302212211'
45:046  0:003  Using latest BiosReleaseDate from config instead of default '02/21/2023'
45:050  0:003  BiosVersion: IM191.88Z.F000.B00.2308061817
45:054  0:003  BiosReleaseDate: 08/06/2023
45:057  0:003  EfiVersion: 1968.100.16.0.1
45:064  0:006  SMBIOS reloaded with model iMac19,1
45:068  0:003  Set FakeCPUID: 0x0
45:071  0:003  === [ PatchSmbios ] =============================
45:075  0:003  UpdateSmbiosString : BiosVersion=EfiVersion=1968.100.16.0.1
45:079  0:003  UpdateSmbiosString : ReleaseDate=08/06/2023
45:082  0:003  void PatchTableType1(const SmbiosInjectedSettings&) : UpdateSmbiosString ProductName=iMac19,1
45:086  0:003  void PatchTableType2(const SmbiosInjectedSettings&) : UpdateSmbiosString ProductName=BoardNumber=Mac-AA95B1DDAB278B95
45:089  0:003  void PatchTableType2(const SmbiosInjectedSettings&) : UpdateSmbiosString Version=BoardVersion=iMac19,1
45:093  0:003  insert table 9 for dev 0:0
45:097  0:003  insert table 9 for dev 0:1
45:101  0:003  insert table 9 for dev 1F:6
45:104  0:003  Table 11 present, but rewritten for us
45:109  0:004  Do not inject memory table
45:113  0:003  Trusting SMBIOS...
45:117  0:003  Channels: 1
45:120  0:003  Interleave: 0 1 2 3
45:143  0:022  trusted SMBIOS data, table index 0:
45:146  0:003    gRAM.SMBIOS[0]->ModuleSize = 8192
45:153  0:006    gRAM.SMBIOS[0]->Type = 0
45:157  0:003    gRAM.SMBIOS[0]->Frequency = 3200
45:160  0:003    gRAM.SMBIOS[0]->Vendor = Corsair
45:164  0:003    gRAM.SMBIOS[0]->PartNo = CMK16GX4M2K4266C19
45:168  0:003    gRAM.SMBIOS[0]->SerialNo = 00000000
45:172  0:003  SPD data in use:
45:175  0:003    gRAM.SPD[0]->ModuleSize = 8192
45:182  0:006    gRAM.SPD[0]->Type = 26
45:188  0:006    gRAM.SPD[0]->Frequency = 4264
45:191  0:003    gRAM.SPD[0]->Vendor = Corsair
45:195  0:004    gRAM.SPD[0]->SerialNo = 00000000
45:199  0:003    gRAM.SPD[0]->PartNo = CMK16GX4M2K4266C19
45:203  0:003    SMBIOS Type 17 Index = 0 => SMBIOSIndex=0 SPDIndex=0:
45:206  0:003  BANK 0 DIMM0 4264MHz 8192MB(Ext:0MB)
45:210  0:003  trusted SMBIOS data, table index 1:
45:214  0:003    gRAM.SMBIOS[1]->ModuleSize = 8192
45:217  0:003    gRAM.SMBIOS[1]->Type = 0
45:221  0:003    gRAM.SMBIOS[1]->Frequency = 3200
45:225  0:003    gRAM.SMBIOS[1]->Vendor = Corsair
45:228  0:003    gRAM.SMBIOS[1]->PartNo = CMK16GX4M2K4266C19
45:232  0:003    gRAM.SMBIOS[1]->SerialNo = 00000000
45:236  0:003  SPD data in use:
45:240  0:003    gRAM.SPD[1]->ModuleSize = 8192
45:243  0:003    gRAM.SPD[1]->Type = 26
45:247  0:003    gRAM.SPD[1]->Frequency = 4264
45:251  0:003    gRAM.SPD[1]->Vendor = Corsair
45:255  0:003    gRAM.SPD[1]->SerialNo = 00000000
45:259  0:003    gRAM.SPD[1]->PartNo = CMK16GX4M2K4266C19
45:262  0:003    SMBIOS Type 17 Index = 1 => SMBIOSIndex=1 SPDIndex=1:
45:266  0:003  BANK 0 DIMM1 4264MHz 8192MB(Ext:0MB)
45:270  0:003  !trusted SMBIOS data, Table index 2:!gRAM.SMBIOS.doesSlotForIndexExist(SMBIOSIndex) 
45:281  0:011    SMBIOS Type 17 Index = 2 => SMBIOSIndex=2 SPDIndex=2:
45:285  0:003  BANK 0 DIMM2 EMPTY
45:289  0:003  !trusted SMBIOS data, Table index 3:!gRAM.SMBIOS.doesSlotForIndexExist(SMBIOSIndex) 
45:300  0:011    SMBIOS Type 17 Index = 3 => SMBIOSIndex=3 SPDIndex=3:
45:304  0:003  BANK 0 DIMM3 EMPTY
45:308  0:003  mTotalSystemMemory = 16384
45:311  0:003  NumberOfMemoryDevices = 4
45:315  0:004  Type20[0]->End = 0x7FFFFF, Type17[0] = 2000
45:319  0:003  Type20[1]->End = 0xFFFFFF, Type17[1] = 6000
45:323  0:003  Table 131 is present, CPUType=35
45:327  0:003  Change to: 1005
45:330  0:003  === [ PatchACPI ] ===============================
45:334  0:003  OCABC: AllocPages 1 0x7A345000 (1) - Success
45:337  0:003  Xsdt reallocation done
45:341  0:003  OCABC: AllocPages 1 0x7A344000 (1) - Success
45:345  0:003  old FADT length=114
45:348  0:003   SignatureFixup: 0xD66BCDE8 -> 0x0
45:352  0:003  Found OperationRegion(GNVS, SystemMemory, 7A376000, ...)
45:356  0:003  Found OperationRegion(RAMW, SystemMemory, 7A37A018, ...)
45:360  0:004  Found OperationRegion(RAMX, SystemMemory, 7A2E2018, ...)
45:364  0:003  Found OperationRegion(PNVA, SystemMemory, 7A3D2B98, ...)
45:368  0:003  Found OperationRegion(THBA, SystemMemory, FE200000, ...)
45:372  0:004  Found OperationRegion(BNVS, SystemMemory, 7A38B000, ...)
45:376  0:003  Found OperationRegion(SMBD, SystemMemory, E00FC004, ...)
45:380  0:004  Found OperationRegion(TMMB, SystemMemory, FED40000, ...)
45:383  0:003  Found OperationRegion(CRBD, SystemMemory, FED40000, ...)
45:387  0:003  Found OperationRegion(TPMR, SystemMemory, FFFFFFFF, ...)
45:391  0:003  Found OperationRegion(ATNV, SystemMemory, FFFF0000, ...)
45:394  0:003  Found OperationRegion(WPBR, SystemMemory, 7A364000, ...)
45:398  0:003  OCABC: AllocPages 1 0x7A2F5000 (79) - Success
45:402  0:003  Apply DsdtFixMask=0x10400044
45:406  0:003  === [ FixBiosDsdt ] =============================
45:410  0:004  Patching DSDT:
45:413  0:003   - [change EC0 to EC]: pattern 4543305F, patched at: [ (F96F) ]
45:432  0:018   - [change HECI to IMEI]: pattern 48454349, patched at: [ (18CAE) ]
45:452  0:019  found PIC had IRQNoFlag will move -3 bytes
45:456  0:004   deleting device CRT_
45:464  0:007   deleting device DVI_
45:472  0:007   deleting device SPKR
45:480  0:008   deleting device ECP_
45:488  0:007   deleting device LPT_
45:496  0:007   deleting device FDC0
45:504  0:008   deleting device ECP1
45:512  0:007   deleting device LPT1
45:520  0:007   deleting device FDC_
45:527  0:007    indirect name=RAMB
45:531  0:003    indirect name=RAMA
45:535  0:003    indirect name=PNVB
45:539  0:003  OperationRegion (THBA...) corrected from 0x0 to addr=0xFE200000
45:542  0:003    indirect name=TPMM
45:546  0:003    indirect name=FTPM
45:550  0:003    indirect name=PPIM
45:554  0:003  PreCleanup XSDT: count=24, length=228
45:557  0:003  PreCleanup XSDT, corrected XSDT: count=24, length=228
45:561  0:003  === [ ACPIPatchedAML ] ==========================
45:565  0:003  AutoMerge pass 1
45:569  0:003  Unsorted
45:572  0:003  Inserting SSDT-EC.aml from \EFI\CLOVER\ACPI\patched: ignore on pass 1
45:579  0:007  Inserting SSDT-PLUG-_SB.PR00.aml from \EFI\CLOVER\ACPI\patched: ignore on pass 1
45:587  0:007  Inserting SSDT-PM.aml from \EFI\CLOVER\ACPI\patched: ignore on pass 1
45:594  0:007  Inserting SSDT-PMC.aml from \EFI\CLOVER\ACPI\patched: ignore on pass 1
45:601  0:007  === [ ACPIDropTables ] ==========================
45:605  0:003  OCABC: AllocPages 1 0x7A2F3000 (2) - Success
45:609  0:003  OCABC: AllocPages 1 0x7A2F3000 (2) - Success
45:612  0:003  OCABC: AllocPages 1 0x7A2F3000 (2) - Success
45:616  0:003  OCABC: AllocPages 1 0x7A2F3000 (2) - Success
45:619  0:003  OCABC: AllocPages 1 0x7A2F3000 (2) - Success
45:623  0:003  OCABC: AllocPages 1 0x7A2F3000 (2) - Success
45:627  0:003  Patching SSDTs: 2 patches each
45:630  0:003   pattern 4543305F, bin not found / already patched!
45:638  0:007   pattern 48454349, bin not found / already patched!
45:645  0:007  OCABC: AllocPages 1 0x7A2F0000 (3) - Success
45:652  0:006  Patching SSDTs: 2 patches each
45:656  0:003   pattern 4543305F, bin not found / already patched!
45:663  0:007   pattern 48454349, bin not found / already patched!
45:670  0:007  Found OperationRegion(PNVS, SystemMemory, 7ADF3000, ...)
45:674  0:003  OCABC: AllocPages 1 0x7A2EB000 (5) - Success
45:677  0:003  Patching SSDTs: 2 patches each
45:681  0:003   pattern 4543305F, bin not found / already patched!
45:689  0:007   pattern 48454349, bin not found / already patched!
45:696  0:007  Found OperationRegion(SANV, SystemMemory, 7A3D2118, ...)
45:700  0:003  OCABC: AllocPages 1 0x7A2E7000 (4) - Success
45:703  0:003  Patching SSDTs: 2 patches each
45:707  0:003   pattern 4543305F, bin not found / already patched!
45:714  0:007   pattern 48454349, bin not found / already patched!
45:722  0:007  OCABC: AllocPages 1 0x7A2E5000 (2) - Success
45:725  0:003  OCABC: AllocPages 1 0x7A2E5000 (2) - Success
45:729  0:003  Patching SSDTs: 2 patches each
45:733  0:003   pattern 4543305F, bin not found / already patched!
45:740  0:007   pattern 48454349, bin not found / already patched!
45:747  0:007  OCABC: AllocPages 1 0x7A166000 (4) - Success
45:754  0:006  Patching SSDTs: 2 patches each
45:757  0:003   pattern 4543305F, bin not found / already patched!
45:765  0:007   pattern 48454349, bin not found / already patched!
45:772  0:007  OCABC: AllocPages 1 0x7A2E3000 (2) - Success
45:776  0:003  OCABC: AllocPages 1 0x7A2E3000 (2) - Success
45:780  0:003  OCABC: AllocPages 1 0x7A162000 (4) - Success
45:783  0:003  Patching SSDTs: 2 patches each
45:787  0:003   pattern 4543305F, bin not found / already patched!
45:794  0:007   pattern 48454349, bin not found / already patched!
45:802  0:007  OCABC: AllocPages 1 0x7A2E3000 (2) - Success
45:805  0:003  Patching SSDTs: 2 patches each
45:809  0:003   pattern 4543305F, bin not found / already patched!
45:817  0:007   pattern 48454349, bin not found / already patched!
45:824  0:007  OCABC: AllocPages 1 0x7A160000 (2) - Success
45:828  0:003  OCABC: AllocPages 1 0x7A160000 (2) - Success
45:831  0:003  OCABC: AllocPages 1 0x7A15F000 (3) - Success
45:835  0:003  Patching SSDTs: 2 patches each
45:839  0:003   pattern 4543305F, bin not found / already patched!
45:846  0:007   pattern 48454349, bin not found / already patched!
45:854  0:007  OCABC: AllocPages 1 0x7A15D000 (2) - Success
45:858  0:003  Patching SSDTs: 2 patches each
45:861  0:003   pattern 4543305F, bin not found / already patched!
45:869  0:007   pattern 48454349, bin not found / already patched!
45:879  0:010  Found OperationRegion(ADHD, SystemMemory, 78CD0000, ...)
45:885  0:006  Found OperationRegion(ABLK, SystemMemory, 78CD0020, ...)
45:889  0:003  OCABC: AllocPages 1 0x7A14D000 (16) - Success
45:892  0:003  OCABC: AllocPages 1 0x7A15B000 (2) - Success
45:896  0:003  OCABC: AllocPages 1 0x7A15B000 (2) - Success
45:900  0:003  === [ ACPIPatchedAML ] ==========================
45:903  0:003  AutoMerge pass 2
45:907  0:003  Unsorted
45:911  0:003  Inserting SSDT-EC.aml from \EFI\CLOVER\ACPI\patched: size=91 OCABC: AllocPages 1 0x7A15C000 (1) - Success
... Success
45:926  0:015  Inserting SSDT-PLUG-_SB.PR00.aml from \EFI\CLOVER\ACPI\patched: size=166 OCABC: AllocPages 1 0x7A15B000 (1) - Success
... Success
45:941  0:015  Inserting SSDT-PM.aml from \EFI\CLOVER\ACPI\patched: size=198 OCABC: AllocPages 1 0x7A15A000 (1) - Success
... Success
45:957  0:015  Inserting SSDT-PMC.aml from \EFI\CLOVER\ACPI\patched: size=143 OCABC: AllocPages 1 0x7A159000 (1) - Success
... Success
45:973  0:015  ApicCPUNum=1
45:976  0:003  Maximum control=0x24
45:980  0:003  Turbo control=0x31
45:984  0:003  P-States: min 0x8, max 0x31
45:988  0:003  SSDT with plugin-type without P-States is generated
45:992  0:003  OCABC: AllocPages 1 0x7A158000 (1) - Success
45:995  0:003  Cleanup XSDT: count=29, length=268
45:999  0:003  corrected XSDT count=29, length=268
46:003  0:003  === [ RestSetup macOS ] =========================
46:007  0:003  ATI injection not set
46:011  0:003  Intel UHD Graphics 630 [8086:3E98] :: PciRoot(0x0)\Pci(0x2,0x0)
46:014  0:003    Intel: no default properties
46:018  0:003  Intel GFX revision  = 0x0
46:022  0:003   RCBA disabled; cannot use it
46:025  0:003   setting specified layout-id=1 (0x1)
46:029  0:003  stringlength = 458
46:033  0:003  OCABC: AllocPages 1 0x7A157000 (1) - Success
46:037  0:003  CurrentMode: Width=1366 Height=768
46:040  0:003  SetNvramVariable (system-id, 4D1EDE05-38C7-4A6A-9CC6-4BCCA8B38C14, 0x2, 16): -> writing new (Success)
46:048  0:008  SetNvramVariable (MLB, 4D1EDE05-38C7-4A6A-9CC6-4BCCA8B38C14, 0x6, 17): -> writing new (Success)
46:057  0:008  SetNvramVariable (ROM, 4D1EDE05-38C7-4A6A-9CC6-4BCCA8B38C14, 0x6, 6): -> writing new (Success)
46:065  0:008  SetNvramVariable (FirmwareFeatures, 4D1EDE05-38C7-4A6A-9CC6-4BCCA8B38C14, 0x6, 4): -> writing new (Success)
46:073  0:008  SetNvramVariable (FirmwareFeaturesMask, 4D1EDE05-38C7-4A6A-9CC6-4BCCA8B38C14, 0x6, 4): -> writing new (Success)
46:082  0:008  SetNvramVariable (ExtendedFirmwareFeatures, 4D1EDE05-38C7-4A6A-9CC6-4BCCA8B38C14, 0x6, 8): -> writing new (Success)
46:090  0:008  SetNvramVariable (ExtendedFirmwareFeaturesMask, 4D1EDE05-38C7-4A6A-9CC6-4BCCA8B38C14, 0x6, 8): -> writing new (Success)
46:098  0:008  AddNvramVariable (HW_BID, 4D1EDE05-38C7-4A6A-9CC6-4BCCA8B38C14, 0x6, 20): -> writing new (Success)
46:106  0:008  AddNvramVariable (security-mode, 7C436110-AB2A-4BBB-A880-FE41995C9F82, 0x7, 5): -> already exists, abort
46:114  0:007  set DefaultBackgroundColor=0xfbfbfb
46:118  0:003  SetNvramVariable (DefaultBackgroundColor, 4D1EDE05-38C7-4A6A-9CC6-4BCCA8B38C14, 0x7, 4): -> writing new (Success)
46:129  0:011  SetNvramVariable (ActualDensity, 7C436110-AB2A-4BBB-A880-FE41995C9F82, 0x7, 2): exists(0x7, 2), equal -> not writing again.
46:141  0:011  SetNvramVariable (DensityThreshold, 7C436110-AB2A-4BBB-A880-FE41995C9F82, 0x7, 2): exists(0x7, 2), equal -> not writing again.
46:155  0:013  SetNvramVariable (gfx-saved-config-restore-status, 4D1EDE05-38C7-4A6A-9CC6-4BCCA8B38C14, 0x7, 8): exists(0x7, 8), equal -> not writing again.
46:169  0:014  DeleteNvramVariable (UIScale, 4D1EDE05-38C7-4A6A-9CC6-4BCCA8B38C14):
46:173  0:004  DeleteNvramVariable (EFILoginHiDPI, 7C436110-AB2A-4BBB-A880-FE41995C9F82):
46:177  0:003  SetNvramVariable (flagstate, 7C436110-AB2A-4BBB-A880-FE41995C9F82, 0x7, 32): exists(0x7, 32), equal -> not writing again.
46:192  0:014  SetNvramVariable (csr-active-config, 7C436110-AB2A-4BBB-A880-FE41995C9F82, 0x7, 4): exists(0x7, 4), not equal -> writing new (Success)
46:209  0:017  DeleteNvramVariable (BridgeOSHardwareModel, 4D1EDE05-38C7-4A6A-9CC6-4BCCA8B38C14):
46:216  0:007  DeleteNvramVariable (bootercfg, 7C436110-AB2A-4BBB-A880-FE41995C9F82):
46:223  0:006  DeleteNvramVariable (nvda_drv, 7C436110-AB2A-4BBB-A880-FE41995C9F82):
46:227  0:004  DeleteNvramVariable (recovery-boot-mode, 7C436110-AB2A-4BBB-A880-FE41995C9F82):
46:231  0:003  AddNvramVariable (wake-failure, 7C436110-AB2A-4BBB-A880-FE41995C9F82, 0x7, 5): -> already exists, abort
46:239  0:008  DeleteNvramVariable (opencore-version, 7C436110-AB2A-4BBB-A880-FE41995C9F82):
46:243  0:004  DeleteNvramVariable (ApBoardID, 94B73556-2197-4702-82A8-3E1337DAFBFB):
46:248  0:004  DeleteNvramVariable (ApSecurityDomain, 94B73556-2197-4702-82A8-3E1337DAFBFB):
46:252  0:004  DeleteNvramVariable (ApProductionStatus, 94B73556-2197-4702-82A8-3E1337DAFBFB):
46:256  0:004  DeleteNvramVariable (ApSecurityMode, 94B73556-2197-4702-82A8-3E1337DAFBFB):
46:261  0:004  DeleteNvramVariable (EffectiveProductionStatus, 94B73556-2197-4702-82A8-3E1337DAFBFB):
46:265  0:004  DeleteNvramVariable (EffectiveSecurityMode, 94B73556-2197-4702-82A8-3E1337DAFBFB):
46:269  0:004  DeleteNvramVariable (CertificateEpoch, 94B73556-2197-4702-82A8-3E1337DAFBFB):
46:274  0:004  DeleteNvramVariable (MixNMatchPreventionStatus, 94B73556-2197-4702-82A8-3E1337DAFBFB):
46:278  0:004  DeleteNvramVariable (CryptoDigestMethod, 94B73556-2197-4702-82A8-3E1337DAFBFB):
46:283  0:004  DeleteNvramVariable (InternalUseOnlyUnit, 94B73556-2197-4702-82A8-3E1337DAFBFB):
46:287  0:004  DeleteNvramVariable (ApECID, 94B73556-2197-4702-82A8-3E1337DAFBFB):
46:291  0:004  DeleteNvramVariable (HardwareModel, 94B73556-2197-4702-82A8-3E1337DAFBFB):
46:295  0:003  Use origin smbios table type 1 guid.
46:317  0:022  DeleteNvramVariable (efi-boot-device, 7C436110-AB2A-4BBB-A880-FE41995C9F82):
46:322  0:004  DeleteNvramVariable (efi-boot-device-data, 7C436110-AB2A-4BBB-A880-FE41995C9F82):
46:326  0:004  DeleteNvramVariable (BootCampHD, 7C436110-AB2A-4BBB-A880-FE41995C9F82):
46:330  0:003  Custom boot screen not used because entry has unset use graphics
46:335  0:005  DeleteNvramVariable (IOHibernateRTCVariables, 7C436110-AB2A-4BBB-A880-FE41995C9F82):
46:340  0:004  DeleteNvramVariable (boot-image, 7C436110-AB2A-4BBB-A880-FE41995C9F82):
46:343  0:003  Kernel quirks
46:347  0:003  ACPCL 1 AXCL 1 AXEM 0 AXFB 0 CSG 0 DIM 0 DLJ 0 DRC 1 DPM 0 EBTFF 0 EDI 0 FAI 0 IPBS 0 LKP 0 PNKD 0 PTKP 0 TPD 0 XPL 0 PCC 0
46:351  0:003  Closing log
46:355  0:003  OCABC: AllocPages 2 0x91000 (14) - Success
46:358  0:003  OCABC: AllocPages 2 0x6F7C8000 (14) - Success
46:364  0:005  OCABC: Patching safe mode sur-2 at off ACF4
46:367  0:003  OCABC: AllocPages 2 0x77844000 (512) - Success
46:371  0:003  OCABC: AllocPages 2 0x77843000 (1) - Success
46:375  0:003  OC: Supported boot capabilities 4
46:380  0:005  OCOS: OS set: <null> macOS 11.0
46:383  0:003  OCOS: OS set: Apple Inc. macOS 11.0
46:387  0:003  OCOS: Should use black background
46:391  0:004  OCABC: AllocPages 1 0x6D351000 (1) - Success
46:406  0:015  OC: Opening file System\Library\Kernels\kernel with 1 mode gave - Not Found
46:410  0:003  OC: Opening file \A490645D-B724-4FBC-9AC8-F7A23B1C4935 with 1 mode gave - Success
46:414  0:003  OC: Opening file \A490645D-B724-4FBC-9AC8-F7A23B1C4935\System\Library\CoreServices\com.apple.Boot.plist with 1 mode gave - Not Found
46:418  0:004  OC: Opening file Library\Preferences\SystemConfiguration\com.apple.Boot.plist with 1 mode gave - Success
46:422  0:004  OC: Opening file \A490645D-B724-4FBC-9AC8-F7A23B1C4935\System\Library\CoreServices\PlatformSupport.plist with 1 mode gave - Success
46:426  0:004  OCABC: AllocPages 2 0xBF00000 (121199) - Success
46:430  0:004  OC: Opening file System\Library\Caches\com.apple.corestorage\EncryptedRoot.plist.wipekey with 1 mode gave - Success
46:440  0:009  OC: Opening file \A490645D-B724-4FBC-9AC8-F7A23B1C4935\System\Library\CoreServices\boot.efi with 1 mode gave - Success
46:467  0:027  OC: Opening file boot\System\Library\KernelCollections\BootKernelExtensions.kc.development with 1 mode gave - Not Found
46:485  0:018  OC: Opening file boot\System\Library\KernelCollections\BootKernelExtensions.kc with 1 mode gave - Success
46:489  0:003  OC: Load and reserve Kext Other\FakeSMC.kext
46:493  0:004  OC: Load and reserve Kext Other\USBMapDummy.kext
46:498  0:004  OC: Load and reserve Kext Other\RadeonMonitor.kext
46:502  0:003  OC: Load and reserve Kext Other\IntelCPUMonitor.kext
46:506  0:004  OC: Kext reservation size info 506000 exe 3B000
46:509  0:003  OC: Trying 64-bit XNU hook on boot\System\Library\KernelCollections\BootKernelExtensions.kc
46:513  0:003  OCAK: Found 64-bit Mach-O compressed 0 offset 0 size 0
46:516  0:003  OCAK: Determined kernel size is 62734336 bytes
46:553  0:036  OC: Result of 64-bit XNU hook on boot\System\Library\KernelCollections\BootKernelExtensions.kc (00000000) is Success
46:600  0:046  OCAK: Read kernel version 23.4.0 (230400)
46:604  0:003  OCAK: 64-bit patcher base 0xFFFFFF8000200000 kmod 0x0 file 0x0
46:608  0:004  OCAK: Zeroing _xcpm_core_scope_msrs 0xE2 applicable CPUs (76)
46:612  0:003  OCAK: Zeroing _xcpm_core_scope_msrs 0xE2 applicable CPUs (406416)
46:616  0:003  OCAK: Zeroing _xcpm_core_scope_msrs 0xE2 applicable CPUs (16384)
46:621  0:004  Replace B9E20000000F30 by B9E20000009090 at ofs:30E
46:684  0:063  Replace B9E20000000F30 by B9E20000009090 at ofs:39B
46:746  0:062  OCAK: 64-bit XcpmCfgLockRel replace count - 2
46:750  0:003  OCAK: [OK] Success XcpmCfgLock patch
46:792  0:042  OCAK: org.netkas.FakeSMC got KXLD 0 0
46:796  0:003  OCAK: Requesting __LINKEDIT for org.netkas.FakeSMC - 6CE10398 at 3BD5000
46:800  0:003  OCAK: Requesting SymbolTable for org.netkas.FakeSMC - 601
46:804  0:003  OCAK: Requesting __LINKEDIT for __kernel__ - 69246688 at 0
46:807  0:003  OCAK: Requesting SymbolTable for __kernel__ - 22799
46:834  0:026  OCAK: Patching invalid size 2000 with 19DF000 for com.apple.iokit.IOACPIFamily
46:838  0:003  OCAK: com.apple.iokit.IOACPIFamily got KXLD 0 0
46:841  0:003  OCAK: Requesting __LINKEDIT for com.apple.iokit.IOACPIFamily - 6B431518 at 21F6000
46:845  0:003  OCAK: Requesting SymbolTable for com.apple.iokit.IOACPIFamily - 544
46:856  0:011  OCAK: Local relocs 1148 on FFFFFF8003CD5000
46:861  0:004  OC: Prelinked injection Other\FakeSMC.kext () - Success
46:865  0:004  OC: Prelinked injection Other\USBMapDummy.kext () - Success
46:869  0:004  OCAK: org.slice.RadeonMonitor got KXLD 0 0
46:873  0:003  OCAK: Requesting __LINKEDIT for org.slice.RadeonMonitor - 6CE28398 at 3BED000
46:877  0:003  OCAK: Requesting SymbolTable for org.slice.RadeonMonitor - 372
46:882  0:005  OCAK: Patching invalid size 32000 with 156F000 for com.apple.iokit.IOPCIFamily
46:886  0:003  OCAK: com.apple.iokit.IOPCIFamily got KXLD 0 0
46:890  0:003  OCAK: Requesting __LINKEDIT for com.apple.iokit.IOPCIFamily - 6B8A1518 at 2666000
46:894  0:003  OCAK: Requesting SymbolTable for com.apple.iokit.IOPCIFamily - 1531
46:902  0:007  OCAK: Requesting SymbolTable for org.netkas.FakeSMC - 191
46:911  0:009  OCAK: Local relocs 369 on FFFFFF8003CED000
46:915  0:004  OC: Prelinked injection Other\RadeonMonitor.kext () - Success
46:919  0:003  OCAK: org.slice.IntelCPUMonitor got KXLD 0 0
46:923  0:003  OCAK: Requesting __LINKEDIT for org.slice.IntelCPUMonitor - 6CE393E8 at 3BFE000
46:926  0:003  OCAK: Requesting SymbolTable for org.slice.IntelCPUMonitor - 363
46:934  0:007  OCAK: Local relocs 306 on FFFFFF8003CFE000
46:938  0:003  OC: Prelinked injection Other\IntelCPUMonitor.kext () - Success
46:942  0:003  OC: Prelink size 62980096 kext offset 62738432 reserved 241664
46:946  0:003  OCAK: KC TEXT is 65536 bytes with 61800 Mach-O headers need 400
46:963  0:017  OCAK: Failed to pk find com.apple.driver.AppleIntelCPUPowerManagement - Not Found
46:966  0:003  OCAK: [OK] Skipping PatchAppleCpuPmCfgLock on NULL Patcher on kernel version 230400
46:971  0:004  OCAK: Patching invalid size 5FF4 with 2193000 for com.apple.driver.AppleRTC
46:975  0:003  OCAK: com.apple.driver.AppleRTC got KXLD 0 0
46:978  0:003  Replace BE58000000/FFFEFFFFFF(BE58000000) by BEFFFF0000 at ofs:1AED
47:078  0:099  Replace BE58000000/FFFEFFFFFF(BE59000000) by BEFFFF0000 at ofs:1AFE
47:177  0:098  Replace BE58000000/FFFEFFFFFF(BE58000000) by BEFFFF0000 at ofs:1DE3
47:272  0:095  Replace BE58000000/FFFEFFFFFF(BE59000000) by BEFFFF0000 at ofs:1DF3
47:370  0:098  OCAK: 64-bit DisableRtcChecksum64 replace count - 4
47:374  0:003  OCAK: [OK] Patch success com.apple.driver.AppleRTC DisableRtcChecksum
47:496  0:121  OC: Prelinked status - Success
47:540  0:043  OC: Opening file usr\standalone\OS.dmg.root_hash with 1 mode gave - Success
47:552  0:012  OC: Opening file usr\standalone\OS.dmg.root_hash.x86legacyap.im4m with 1 mode gave - Success
47:564  0:012  OCABC: AllocPages 0 0x7331D000 (1) - Success
47:568  0:003  OCABC: AllocPages 0 0x7331C000 (1) - Success
47:581  0:013  FixOwnership() -> begin
47:585  0:003  PCI Io found 18
47:588  0:003  USB XHCI reset for device A36D
47:592  0:003  ExtendCap=00008000
47:595  0:003    Value=02000802
47:599  0:003    Value=03011402
47:602  0:003    Value=005CFFC0
47:605  0:003    Value=00002201
