0:100  0:100  MemLog inited, TSC freq: 3600500200
0:100  0:000  CPU was calibrated with RTC
0:100  0:000  CloverX64 : Image base = 0x6D404000
0:100  0:000  Clover ImageHandle = 75edb818
0:113  0:013  SelfDirPath = \EFI\CLOVER
0:115  0:001  === [ Starting Clover ] =========================
0:115  0:000  Now is 23.11.2024,  21:32:13 (GMT)
0:115  0:000  Starting Clover revision: 5160 (master, commit 7b08a616e) on American Megatrends EFI
0:115  0:000  Build id: 20240909210805-7b08a61-dirty
0:115  0:000  Build with: [Args: -D NO_GRUB_DRIVERS_EMBEDDED -D LESS_DEBUG -t GCC131 | --cmd-len=50000 -D NO_GRUB_DRIVERS_EMBEDDED -D LESS_DEBUG --conf=/Users/sergey/src/CloverBootloader/Conf -D USE_LOW_EBDA -a X64 -b RELEASE -t GCC131 -n 5 | OS: 15]
0:115  0:000  === [ Get Smbios ] ==============================
0:115  0:000  Type 16 Index = 0
0:115  0:000  Total Memory Slots Count = 4
0:115  0:000  Type 17 Index = 0
0:115  0:000  SmbiosTable.Type17->SlotIndex = 0
0:115  0:000  SmbiosTable.Type17->ModuleSize = 8192MB
0:115  0:000  SmbiosTable.Type17->Type = 0
0:115  0:000  SmbiosTable.Type17->Frequency = 3200MHz
0:115  0:000  SmbiosTable.Type17->Bank/Device = BANK 0 ChannelA-DIMM1
0:115  0:000  SmbiosTable.Type17->Vendor = Corsair
0:115  0:000  SmbiosTable.Type17->SerialNo = 00000000
0:115  0:000  SmbiosTable.Type17->PartNo = CMK16GX4M2K4266C19
0:115  0:000  Type 17 Index = 1
0:115  0:000  SmbiosTable.Type17->SlotIndex = 1
0:115  0:000  SmbiosTable.Type17->ModuleSize = 8192MB
0:115  0:000  SmbiosTable.Type17->Type = 0
0:115  0:000  SmbiosTable.Type17->Frequency = 3200MHz
0:115  0:000  SmbiosTable.Type17->Bank/Device = BANK 1 ChannelA-DIMM2
0:115  0:000  SmbiosTable.Type17->Vendor = Corsair
0:115  0:000  SmbiosTable.Type17->SerialNo = 00000000
0:115  0:000  SmbiosTable.Type17->PartNo = CMK16GX4M2K4266C19
0:115  0:000  Type 17 Index = 2
0:115  0:000  Ignoring insane frequency value 0MHz
0:115  0:000  Type 17 Index = 3
0:115  0:000  Ignoring insane frequency value 0MHz
0:115  0:000  Boot status=0
0:115  0:000  Running on: 'System Product Name' with board 'PRIME Z390-A'
0:115  0:000  === [ GetCPUProperties ] ========================
0:115  0:000  CPU Vendor = 756E6547 Model=906EC
0:115  0:000   The CPU supported SSE4.1
0:115  0:000   The CPU supported RDRAND
0:115  0:000  BrandString = Intel(R) Core(TM) i7-9700K CPU @ 3.60GHz
0:115  0:000   The CPU supported turbo
0:115  0:000   Energy PerfBias is  visible:
0:115  0:000  MSR 0x35               80008
0:115  0:000   TSC/CCC Information Leaf:
0:115  0:000    numerator     : 300
0:115  0:000    denominator   : 2
0:115  0:000   Calibrated ARTFrequency: 24003334
0:115  0:000   Rounded ARTFrequency: 24000000
0:115  0:000  MSR 0xE2 before patch 1E000000
0:115  0:000  MSR 0xCE              08080838_F1012400
0:115  0:000  corrected FLEX_RATIO = E0000
0:115  0:000  MSR 0x1B0             00000000
0:115  0:000  FSBFrequency = 108 MHz, DMI FSBFrequency = 100 MHz, Corrected FSBFrequency = 100 MHz
0:115  0:000  MaxDiv/MinDiv: 36.0/8
0:115  0:000  Turbo: 47/49/49/49
0:115  0:000  Features: 0x77FAFBFFBFEBFBFF
0:115  0:000  Threads: 8
0:115  0:000  Cores: 8
0:115  0:000  FSB: 100 MHz
0:115  0:000  CPU: 3861 MHz
0:115  0:000  TSC: 3861 MHz
0:115  0:000  PIS: 100 MHz
0:115  0:000  ExternalClock: 25 MHz
0:115  0:000  === [ GetDevices ] ==============================
0:115  0:000  GOP found at: PciRoot(0x0)/Pci(0x1,0x0)/Pci(0x0,0x0)/AcpiAdr(0x80010302)
0:115  0:000  PCI (00|00:00.00) : 8086 3E30 class=060000
0:115  0:000  PCI (00|00:01.00) : 8086 1901 class=060400
0:115  0:000  PCI (00|01:00.00) : 1002 67DF class=030000
0:115  0:000   - GFX: Model=AMD Radeon RX 480/570/580 (ATI/AMD)
0:115  0:000   - GOP: Provided by device
0:115  0:000  PCI (00|01:00.01) : 1002 AAF0 class=040300
0:115  0:000   - HDMI Audio: 
0:115  0:000  PCI (00|00:02.00) : 8086 3E98 class=038000
0:115  0:000   - GFX: Model=Intel UHD Graphics 630 (Intel)
0:115  0:000  PCI (00|00:14.00) : 8086 A36D class=0C0330
0:115  0:000  PCI (00|00:14.02) : 8086 A36F class=050000
0:115  0:000  PCI (00|00:16.00) : 8086 A360 class=078000
0:115  0:000  PCI (00|00:17.00) : 8086 A352 class=010601
0:115  0:000  PCI (00|00:1B.00) : 8086 A340 class=060400
0:115  0:000  PCI (00|00:1C.00) : 8086 A338 class=060400
0:115  0:000  PCI (00|00:1D.00) : 8086 A330 class=060400
0:115  0:000  PCI (00|04:00.00) : 144D A808 class=010802
0:115  0:000  PCI (00|00:1F.00) : 8086 A305 class=060100
0:115  0:000  PCI (00|00:1F.03) : 8086 A348 class=040300
0:115  0:000  PCI (00|00:1F.04) : 8086 A323 class=0C0500
0:115  0:000  PCI (00|00:1F.05) : 8086 A324 class=0C8000
0:115  0:000  PCI (00|00:1F.06) : 8086 15BC class=020000
0:115  0:000   - LAN: 1 Vendor=Intel
0:115  0:000  Legacy MAC address of LAN #0= 40:B0:76:DE:9E:93:
0:122  0:006  _checkOEMPath Look for oem dir at path '\EFI\CLOVER\OEM\System Product Name--40-B0-76-DE-9E-93'. Dir doesn't exist.
0:123  0:000  _checkOEMPath Look for oem dir at path '\EFI\CLOVER\OEM\PRIME Z390-A\UEFI'. Dir doesn't exist.
0:123  0:000  _checkOEMPath Look for oem dir at path '\EFI\CLOVER\OEM\System Product Name'. Dir doesn't exist.
0:123  0:000  _checkOEMPath Look for oem dir at path '\EFI\CLOVER\OEM\System Product Name-3861'. Dir doesn't exist.
0:123  0:000  _checkOEMPath Look for oem dir at path '\EFI\CLOVER\OEM\PRIME Z390-A'. Dir doesn't exist.
0:124  0:000  _checkOEMPath Look for oem dir at path '\EFI\CLOVER\OEM\PRIME Z390-A-3861'. Dir doesn't exist.
0:124  0:000  === [ GetUserSettings ] =========================
0:124  0:000  GetDefaultModel()=iMac18,3
0:124  0:000  === [ LoadUserSettings ] ========================
0:125  0:000  Using config.plist at path: \EFI\CLOVER
0:125  0:000  === [ LoadUserSettings ] ========================
0:125  0:000  Cannot find smbios.plist at path '\EFI\CLOVER' : Not Found
0:125  0:000  '\EFI\CLOVER\smbios.plist' not loaded. Efi error Not Found
0:125  0:000  create SMBIOS list, found 27 dicts
0:125  0:000  ... ACPI
0:125  0:000  ... Boot
0:125  0:000  ... BootGraphics
0:125  0:000  ... Devices
0:125  0:000  ... DisableDrivers
0:125  0:000  ... GUI
0:125  0:000  ... Graphics
0:125  0:000  ... KernelAndKextPatches
0:125  0:000  ... SMBIOS
0:125  0:000  ... SystemParameters
0:125  0:000  ... RtVariables
0:125  0:000  ... Quirks
0:125  0:000  get model from config.plist
0:125  0:000  Using latest BiosVersion from config instead of default 'IM191.88Z.F000.B00.2302212211'
0:385  0:259  Using latest BiosReleaseDate from config instead of default '02/21/2023'
0:402  0:017  Using latest EfiVersion from config instead of default '1968.100.16.0.1'
0:410  0:007  BiosVersion: IM191.88Z.F000.B00.2308061817
0:413  0:003  BiosReleaseDate: 08/06/2023
0:417  0:003  EfiVersion: 2020.40.3.0.0
0:421  0:003  Calibrated TSC Frequency = 3600500200 = 3600MHz
0:424  0:003  === [ GetListOfThemes ] =========================
0:428  0:003  - [00]: random
0:436  0:007  - [00]: embedded
0:443  0:007  === [ Found config plists ] =====================
0:447  0:003  - config.plist
0:451  0:003  === [ LoadDrivers ] =============================
0:455  0:004  Loading NvmExpressDxe.efi status=Success
0:467  0:012   - driver needs connecting
0:471  0:003  Loading EnglishDxe.efi status=Success
0:483  0:011  Loading VBoxHfs.efi status=Success
0:495  0:011   - driver needs connecting
0:499  0:003  Loading PartitionDxe.efi status=Success
0:510  0:011   - driver needs connecting
0:514  0:003  Loading ApfsDriverLoader.efi status=Success
0:526  0:011   - driver needs connecting
0:530  0:003  4 drivers needs connecting ...
0:530  0:000  PlatformDriverOverrideProtocol not found. Installing ... Success
0:530  0:000  Partition driver loaded: 
0:531  0:000  HFS+ driver loaded
0:531  0:000  APFS driver loaded
0:531  0:000  Searching for invalid DiskIo BY_DRIVER connects: not found, all ok
0:749  0:218  === [ InitScreen ] ==============================
0:753  0:003  Console modes reported: 4, available modes:
0:757  0:003   - [01]: 80x25 (current mode)
0:761  0:003   - [03]: 100x31
0:764  0:003   - [04]: 170x40
0:768  0:003  SetScreenResolution: 1920x1080 - not found!
0:775  0:007  SetMaxResolution: found best mode 0: 1366x768
0:783  0:007   - already set
0:787  0:004  Using embedded font
0:792  0:004  === [ ScanSPD ] =================================
0:796  0:003  SMBus device : 8086 A323 class=0C0500 status=Success
0:799  0:003  SMBus CmdReg: 0x3
0:803  0:003  Scanning SMBus [8086:A323], mmio: 0x12116004, ioport: 0xEFA0, hostc: 0x11
0:807  0:003  Slots to scan [8]...
0:811  0:004  SPD[0]: Got invalid type 0 @0x50. Will set page and retry.
0:816  0:004  SPD[0]: Type 12 @0x50
0:837  0:021  XMP Profile1: 4*125 -31 ns
0:841  0:003  Found module with XMP version 2.0
0:844  0:003  Using XMP Profile1 instead of standard frequency 2132MHz
0:848  0:003  DDR speed 4264MHz
0:852  0:003  Slot: 0 Type 26 8192MB 4264MHz Vendor=Corsair PartNo=CMK16GX4M2K4266C19 SerialNo=00000000
0:856  0:004  SPD[1]: Type 12 @0x51
0:877  0:021  XMP Profile1: 4*125 -31 ns
0:881  0:003  Found module with XMP version 2.0
0:885  0:003  Using XMP Profile1 instead of standard frequency 2132MHz
0:889  0:003  DDR speed 4264MHz
0:892  0:003  Slot: 1 Type 26 8192MB 4264MHz Vendor=Corsair PartNo=CMK16GX4M2K4266C19 SerialNo=00000000
0:897  0:004  === [ GetAcpiTablesList ] =======================
0:901  0:003  Get Acpi Tables List from RSDT: count=24
0:908  0:007   - [00]: FACP  A M I  len=132
0:912  0:003   - [01]: APIC  A M I  len=188
0:915  0:003   - [02]: FPDT  A M I  len=68
0:919  0:003   - [03]: FIDT  A M I len=156
0:923  0:003   - [04]: MCFG  A M I  len=60
0:926  0:003   - [05]: WSMT  A M I  len=40
0:930  0:003   - [06]: SSDT  SataTabl len=888
0:934  0:003   - [07]: SSDT  CpuSsdt len=6101
0:938  0:003   - [08]: SSDT  SaSsdt  len=12443
0:941  0:003   - [09]: SSDT  PegSsdt len=9048
0:945  0:003   - [10]: HPET  A M I  len=56
0:949  0:003   - [11]: SSDT  Ther_Rvp len=3998
0:952  0:003   - [12]: SSDT  xh_cfsd4 len=10579
0:956  0:003   - [13]: UEFI  A M I  len=72
0:960  0:003   - [14]: LPIT  A M I  len=92
0:963  0:003   - [15]: SSDT  PtidDevc len=10206
0:967  0:003   - [16]: SSDT  TbtTypeC len=4094
0:972  0:005   - [17]: DBGP  A M I  len=52
0:976  0:003   - [18]: DBG2  A M I  len=84
0:980  0:003   - [19]: SSDT  UsbCTabl len=6449
0:983  0:003   - [20]: SSDT  ADebTabl len=324
0:987  0:003   - [21]: VFCT  A M I  len=59524
0:991  0:003   - [22]: BGRT  A M I  len=56
0:994  0:003   - [23]: WPBT  A M I len=60
0:998  0:004   - [00]: Drop table : MATS,                0 :  no
1:006  0:007  Custom boot CUSTOM_BOOT_DISABLED (0x0)
1:009  0:003  Default theme: embedded
1:013  0:004  Set FakeCPUID: 0x0
1:018  0:004  === [ Found DSDT tables ] =======================
1:022  0:004  === [ InitKextList ] ============================
1:026  0:004  Added Kext=Other\USBMapDummy.kext (1.0)
1:030  0:004  Added Kext=Other\RadeonMonitor.kext (1.3.5)
1:035  0:004  Added Kext=Other\FakeSMC.kext (3.5.6)
1:039  0:004  Added Kext=Other\IntelCPUMonitor.kext (1.2.6)
1:045  0:005  === [ ScanVolumes ] =============================
1:049  0:004  Found 10 volumes with blockIO
1:052  0:003  - [00]: Volume: PciRoot(0x0)\Pci(0x17,0x0)\Sata(0x0,0xFFFF,0x0)
1:060  0:007  - [01]: Volume: PciRoot(0x0)\Pci(0x17,0x0)\Sata(0x0,0xFFFF,0x0)\HD(1,GPT,38DCC513-D608-408E-9D2F-1469C8B906A0,0x28,0x64000)
1:068  0:007          Result of bootcode detection: bootable unknown (legacy)
1:091  0:022            label : EFI
1:095  0:003  - [02]: Volume: PciRoot(0x0)\Pci(0x17,0x0)\Sata(0x0,0xFFFF,0x0)\HD(2,GPT,C20AA839-E88E-4CED-8CAB-9480B290394C,0x64028,0x15D466360)
1:120  0:025            label : Dati
1:124  0:003  - [03]: Volume: PciRoot(0x0)\Pci(0x1D,0x0)\Pci(0x0,0x0)\NVMe(0x1,CA-8F-B2-81-58-38-25-00)
1:131  0:007  - [04]: Volume: PciRoot(0x0)\Pci(0x1D,0x0)\Pci(0x0,0x0)\NVMe(0x1,CA-8F-B2-81-58-38-25-00)\HD(1,GPT,6E40A227-DDED-4325-B7CE-3959620EB39E,0x28,0x64000)
1:139  0:007          Result of bootcode detection: bootable unknown (legacy)
1:143  0:003            label : EFI
1:147  0:003          This is SelfVolume !!
1:150  0:003  - [05]: Volume: PciRoot(0x0)\Pci(0x1D,0x0)\Pci(0x0,0x0)\NVMe(0x1,CA-8F-B2-81-58-38-25-00)\HD(2,GPT,9508A8C6-F9B9-4EDD-ABC7-C1C4A019C410,0x64028,0x3A321FE0)
1:158  0:007          Result of bootcode detection: bootable unknown (legacy)
1:161  0:003  - [06]: Volume: PciRoot(0x0)\Pci(0x1D,0x0)\Pci(0x0,0x0)\NVMe(0x1,CA-8F-B2-81-58-38-25-00)\HD(2,GPT,9508A8C6-F9B9-4EDD-ABC7-C1C4A019C410,0x64028,0x3A321FE0)\VenMedia(BE74FCF7-0B7C-49F3-9147-01F4042E6842,F2738F7DD5B89341BB89C99D72294438)
1:169  0:007            apfsFileSystemUUID=7D8F73F2-B8D5-4193-BB89-C99D72294438, ApfsContainerUUID=85F3C012-2D6D-4FA1-A77E-71D7470E7FA2, ApfsRole=0x10
1:172  0:003            label : Preboot
1:176  0:003  - [07]: Volume: PciRoot(0x0)\Pci(0x1D,0x0)\Pci(0x0,0x0)\NVMe(0x1,CA-8F-B2-81-58-38-25-00)\HD(2,GPT,9508A8C6-F9B9-4EDD-ABC7-C1C4A019C410,0x64028,0x3A321FE0)\VenMedia(BE74FCF7-0B7C-49F3-9147-01F4042E6842,5D6490A424B7BC4F9AC8F7A23B1C4935)
1:183  0:007            apfsFileSystemUUID=A490645D-B724-4FBC-9AC8-F7A23B1C4935, ApfsContainerUUID=85F3C012-2D6D-4FA1-A77E-71D7470E7FA2, ApfsRole=0x0
1:201  0:017            label : Macintosh HD
1:205  0:003  - [08]: Volume: PciRoot(0x0)\Pci(0x1D,0x0)\Pci(0x0,0x0)\NVMe(0x1,CA-8F-B2-81-58-38-25-00)\HD(2,GPT,9508A8C6-F9B9-4EDD-ABC7-C1C4A019C410,0x64028,0x3A321FE0)\VenMedia(BE74FCF7-0B7C-49F3-9147-01F4042E6842,B6D67091A529BA4BA6736F0E24A99093)
1:212  0:007            apfsFileSystemUUID=9170D6B6-29A5-4BBA-A673-6F0E24A99093, ApfsContainerUUID=85F3C012-2D6D-4FA1-A77E-71D7470E7FA2, ApfsRole=0x4
1:216  0:003            label : Recovery
1:219  0:003  - [09]: Volume: PciRoot(0x0)\Pci(0x1D,0x0)\Pci(0x0,0x0)\NVMe(0x1,CA-8F-B2-81-58-38-25-00)\HD(2,GPT,9508A8C6-F9B9-4EDD-ABC7-C1C4A019C410,0x64028,0x3A321FE0)\VenMedia(BE74FCF7-0B7C-49F3-9147-01F4042E6842,55B78B2757452849A2D432E0BB550617)
1:226  0:007            apfsFileSystemUUID=278BB755-4557-4928-A2D4-32E0BB550617, ApfsContainerUUID=85F3C012-2D6D-4FA1-A77E-71D7470E7FA2, ApfsRole=0x8
1:230  0:003            label : VM
1:234  0:003  No AudioIoProtocols, status=Not Found
1:238  0:003  === [ InitXTheme ] ==============================
1:242  0:003  use Daylight theme
1:245  0:003   using embedded theme
1:258  0:012  Using embedded font
1:261  0:003  theme inited
1:265  0:003  Chosen embedded theme
1:269  0:003  after NVRAM boot-args=dart=0 -v
1:272  0:003  Scanning legacy ...
1:276  0:003  === [ Dump SMC keys from NVRAM ] ================
1:280  0:003  found AppleSMC protocol
1:291  0:011     fakesmc-key-RVBF-ch8*:02 46 0F 00 00 12 
1:325  0:033     fakesmc-key-#KEY-ui32:00 00 00 11 
1:348  0:022     fakesmc-key-$Adr-ui32:00 00 03 00 
1:371  0:022     fakesmc-key-$Num-ui8:01 
1:389  0:017     fakesmc-key-RMde-char:41 
1:401  0:012     fakesmc-key-RBr -ch8*:6A 31 33 38 5F 39 00 00 
1:439  0:037     fakesmc-key-EPCI-ui32:09 D0 F0 00 
1:462  0:023     fakesmc-key-REV -ch8*:02 46 0F 00 00 12 
1:492  0:030     fakesmc-key-RPlt-ch8*:6A 31 33 38 00 00 00 00 
1:530  0:037     fakesmc-key-BEMB-flag:00 
1:542  0:012     fakesmc-key-BATP-flag:00 
1:554  0:012     fakesmc-key-BNum-ui8:00 
1:567  0:012     fakesmc-key-MSTc-ui8:00 
1:579  0:012     fakesmc-key-MSAc-ui16:00 00 
1:595  0:016     fakesmc-key-MSWr-ui8:00 
1:608  0:012     fakesmc-key-MSFW-ui8:01 00 
1:624  0:015     fakesmc-key-MSPS-ui16:00 03 
1:644  0:020  Registered 17 SMC keys
1:652  0:007  === [ ScanLoader ] ==============================
1:656  0:003  - [01]: 'EFI'
1:682  0:026  - [02]: 'Dati'
1:736  0:054  - [04]: 'EFI'
1:747  0:010        AddLoaderEntry for Volume Name=EFI, idx=0
1:751  0:003        OSVersion= 
1:754  0:003        IconName=unknown comma=-1 size=7
1:758  0:004        Full=unknown
1:762  0:003        Loader entry created for 'PciRoot(0x0)\Pci(0x1D,0x0)\Pci(0x0,0x0)\NVMe(0x1,CA-8F-B2-81-58-38-25-00)\HD(1,GPT,6E40A227-DDED-4325-B7CE-3959620EB39E,0x28,0x64000)\EFI\BOOT\BOOTX64.efi'
1:768  0:006       hiding entry: \EFI\BOOT\BOOTX64.efi
1:775  0:006        Menu entry added at index 0
1:781  0:006       hiding entry because DiskKind is DISK_KIND_INTERNAL: \EFI\BOOT\BOOTX64.efi
1:787  0:006  - [06]: 'Preboot'
1:795  0:007      ApfsContainerUUID=85F3C012-2D6D-4FA1-A77E-71D7470E7FA2
1:799  0:003      ApfsFileSystemUUID=7D8F73F2-B8D5-4193-BB89-C99D72294438
1:805  0:006      APFSTargetUUID=A490645D-B724-4FBC-9AC8-F7A23B1C4935
1:809  0:003        AddLoaderEntry for Volume Name=Preboot, idx=1
1:813  0:004        OSVersion=10.14.6 
1:816  0:003        Check if volume Is Hibernated:
1:820  0:003        Check sleep image 'by signature':
1:824  0:003        using default sleep image name = \private\var\vm\sleepimage
1:827  0:003        cannot open sleepimage -> Not Found
1:831  0:003        hibernated: no - sign
1:835  0:003        IconName=moja,mac comma=4 size=8
1:839  0:003        first=os_moja
1:842  0:003        Second=os_mac
1:846  0:003        IconName=unknown comma=-1 size=7
1:850  0:003        Full=unknown
1:853  0:003        Loader entry created for 'PciRoot(0x0)\Pci(0x1D,0x0)\Pci(0x0,0x0)\NVMe(0x1,CA-8F-B2-81-58-38-25-00)\HD(2,GPT,9508A8C6-F9B9-4EDD-ABC7-C1C4A019C410,0x64028,0x3A321FE0)\VenMedia(BE74FCF7-0B7C-49F3-9147-01F4042E6842,F2738F7DD5B89341BB89C99D72294438)\A490645D-B724-4FBC-9AC8-F7A23B1C4935\System\Library\CoreServices\boot.efi'
1:858  0:004        Menu entry added at index 1
1:863  0:004        AddLoaderEntry for Volume Name=Preboot, idx=2
1:867  0:003        OSVersion=10.14.6 
1:870  0:003        IconName=moja,mac comma=4 size=8
1:874  0:003        first=os_moja
1:878  0:003        Second=os_mac
1:881  0:003        IconName=unknown comma=-1 size=7
1:885  0:003        Full=unknown
1:888  0:003        Loader entry created for 'PciRoot(0x0)\Pci(0x1D,0x0)\Pci(0x0,0x0)\NVMe(0x1,CA-8F-B2-81-58-38-25-00)\HD(2,GPT,9508A8C6-F9B9-4EDD-ABC7-C1C4A019C410,0x64028,0x3A321FE0)\VenMedia(BE74FCF7-0B7C-49F3-9147-01F4042E6842,F2738F7DD5B89341BB89C99D72294438)\A490645D-B724-4FBC-9AC8-F7A23B1C4935\com.apple.installer\boot.efi'
1:893  0:004        Menu entry added at index 2
1:897  0:003  - [07]: 'Macintosh HD'
1:904  0:007      ApfsContainerUUID=85F3C012-2D6D-4FA1-A77E-71D7470E7FA2
1:908  0:003      ApfsFileSystemUUID=A490645D-B724-4FBC-9AC8-F7A23B1C4935
1:914  0:006        AddLoaderEntry for Volume Name=Macintosh HD, idx=3
1:918  0:004        OSVersion=10.14.6 
1:922  0:003        Check if volume Is Hibernated:
1:926  0:003        Check sleep image 'by signature':
1:931  0:005        read prefs \Library\Preferences\com.apple.PowerManagement.plist status=Success
1:935  0:003        using default sleep image name = \private\var\vm\sleepimage
1:939  0:004        cannot open sleepimage -> Not Found
1:943  0:003        hibernated: no - sign
1:946  0:003        IconName=moja,mac comma=4 size=8
1:953  0:006        first=os_moja
1:957  0:003        Second=os_mac
1:960  0:003        IconName=unknown comma=-1 size=7
1:964  0:003        Full=unknown
1:967  0:003        Loader entry created for 'PciRoot(0x0)\Pci(0x1D,0x0)\Pci(0x0,0x0)\NVMe(0x1,CA-8F-B2-81-58-38-25-00)\HD(2,GPT,9508A8C6-F9B9-4EDD-ABC7-C1C4A019C410,0x64028,0x3A321FE0)\VenMedia(BE74FCF7-0B7C-49F3-9147-01F4042E6842,5D6490A424B7BC4F9AC8F7A23B1C4935)\System\Library\CoreServices\boot.efi'
1:974  0:006        Menu entry added at index 3
1:977  0:003  - [08]: 'Recovery'
1:985  0:007      ApfsContainerUUID=85F3C012-2D6D-4FA1-A77E-71D7470E7FA2
1:988  0:003      ApfsFileSystemUUID=9170D6B6-29A5-4BBA-A673-6F0E24A99093
1:992  0:003      APFSTargetUUID=A490645D-B724-4FBC-9AC8-F7A23B1C4935
1:996  0:003        AddLoaderEntry for Volume Name=Recovery, idx=4
2:000  0:003        OSVersion=10.14.6 
2:003  0:003        IconName=moja,mac comma=4 size=8
2:007  0:003        first=os_moja
2:011  0:003        Second=os_mac
2:014  0:003        IconName=unknown comma=-1 size=7
2:018  0:003        Full=unknown
2:021  0:003        Loader entry created for 'PciRoot(0x0)\Pci(0x1D,0x0)\Pci(0x0,0x0)\NVMe(0x1,CA-8F-B2-81-58-38-25-00)\HD(2,GPT,9508A8C6-F9B9-4EDD-ABC7-C1C4A019C410,0x64028,0x3A321FE0)\VenMedia(BE74FCF7-0B7C-49F3-9147-01F4042E6842,B6D67091A529BA4BA6736F0E24A99093)\A490645D-B724-4FBC-9AC8-F7A23B1C4935\boot.efi'
2:026  0:004        Menu entry added at index 4
2:030  0:003  - [09]: 'VM'
2:040  0:010      ApfsContainerUUID=85F3C012-2D6D-4FA1-A77E-71D7470E7FA2
2:044  0:003      ApfsFileSystemUUID=278BB755-4557-4928-A2D4-32E0BB550617
2:047  0:003  Entries list before ordering
2:051  0:003      Entry 0 : Boot UEFI internal from EFI (hidden)
2:055  0:003      Entry 1 : Boot Mac OS from Macintosh HD via Preboot
2:058  0:003      Entry 2 : Boot Mac OS Install for Macintosh HD via Preboot
2:062  0:003      Entry 3 : Boot macOS from Macintosh HD
2:065  0:003      Entry 4 : Boot Mac OS Recovery for Macintosh HD via Recovery
2:069  0:003  Hiding entry 1 because of entry 3
2:073  0:003  Move preboot entry 1 before system 3
2:077  0:003  Entries list after ordering
2:080  0:003    Entry 0 : Boot UEFI internal from EFI (hidden)
2:084  0:003    Entry 1 : Boot Mac OS Install for Macintosh HD via Preboot
2:087  0:003    Entry 2 : Boot Mac OS from Macintosh HD via Preboot (hidden)
2:091  0:003    Entry 3 : Boot macOS from Macintosh HD
2:095  0:003    Entry 4 : Boot Mac OS Recovery for Macintosh HD via Recovery
2:099  0:003  === [ AddCustomTool ] ===========================
2:103  0:003  found tool \EFI\CLOVER\tools\Shell64U.efi
2:106  0:003  Checking EFI partition Volume 1 for Clover
2:111  0:004   Found Clover
2:115  0:003  === [ GetEfiBootDeviceFromNvram ] ===============
2:119  0:003   - [!] efi-boot-device-data not found
2:122  0:003   - found entry 1. 'Boot macOS from Macintosh HD', Volume 'Macintosh HD', DevicePath 'PciRoot(0x0)\Pci(0x1D,0x0)\Pci(0x0,0x0)\NVMe(0x1,CA-8F-B2-81-58-38-25-00)\HD(2,GPT,9508A8C6-F9B9-4EDD-ABC7-C1C4A019C410,0x64028,0x3A321FE0)\VenMedia(BE74FCF7-0B7C-49F3-9147-01F4042E6842,5D6490A424B7BC4F9AC8F7A23B1C4935)\System\Library\CoreServices\boot.efi'
2:126  0:003  BannerPlace at Clear Screen [619,68]
2:647  0:520  GUI ready
6:735  4:088  === [ StartLoader ] =============================
6:739  0:003  Starting PciRoot(0x0)\Pci(0x1D,0x0)\Pci(0x0,0x0)\NVMe(0x1,CA-8F-B2-81-58-38-25-00)\HD(2,GPT,9508A8C6-F9B9-4EDD-ABC7-C1C4A019C410,0x64028,0x3A321FE0)\VenMedia(BE74FCF7-0B7C-49F3-9147-01F4042E6842,5D6490A424B7BC4F9AC8F7A23B1C4935)\System\Library\CoreServices\boot.efi
6:745  0:006  Finally: ExternalClock=26MHz BusSpeed=100014kHz CPUFreq=3601MHz PIS: hw.busfrequency=104000000Hz
6:753  0:007  Beginning OC
6:756  0:003  OCST: Missing vault data, ignoring...
6:760  0:003  AddKextsInArray from Other
6:764  0:003  ->Extra kext: Other\USBMapDummy.kext (v.1.0)
6:768  0:003  ->Extra kext: Other\RadeonMonitor.kext (v.1.3.5)
6:771  0:003  ->Extra kext: Other\FakeSMC.kext (v.3.5.6)
6:775  0:003  ->Extra kext: Other\IntelCPUMonitor.kext (v.1.2.6)
6:779  0:003  AddKextsInArray from Off
6:783  0:003  AddKextsInArray from 10
6:786  0:003  AddKextsInArray from 10_normal
6:790  0:003  AddKextsInArray from 10.14
6:794  0:003  AddKextsInArray from 10.14_normal
6:797  0:003  AddKextsInArray from 10.14.6
6:801  0:003  AddKextsInArray from 10.14.6_normal
6:805  0:003  Bridge kext to OC : Path=Other\FakeSMC.kext
6:810  0:004  Bridge kext to OC : Path=Other\USBMapDummy.kext
6:814  0:004  Bridge kext to OC : Path=Other\RadeonMonitor.kext
6:818  0:004  Bridge kext to OC : Path=Other\IntelCPUMonitor.kext
6:824  0:005  Start 'OpenRuntime.efi' : Status Success
6:828  0:003  OC: config config.plist
6:831  0:003  OC: Got 0 drivers
6:835  0:003  OC: OpenCore DBG-102-2024-09-12 is loading in Optional mode (0/0)...
6:839  0:003  OC: StorageHandle 0 with  LauncherOption pointing to 
6:843  0:004  OcOSInfoInstallProtocol
6:847  0:003  OCRTC: OcAppleRtcRamInstallProtocol
6:851  0:003  OCRTC: Wake log is 0xE2 0x8F  183 0xB6
6:854  0:003  OcAppleFbInfoInstallProtocol
6:858  0:003  OcAppleEg2InfoInstallProtocol
6:862  0:003  OC: Loading Apple Secure Boot with Disabled (level 0)
6:866  0:004  OCABC: ALRBL 0 RTDFRG 1 DEVMMIO 0 NOSU 0 NOVRWR 0 NOSB 0 FBSIG 0 NOHBMAP 0 SMSLIDE 1 WRUNPROT 1
6:870  0:003  OCABC: FEXITBS 0 PRMRG 0 CSLIDE 0 MSLIDE 0 PRSRV 0 RBMAP 0 VMAP 1 APPLOS 0 RTPERMS 1 ARBAR -1 RBIO 0
6:873  0:003  OCABC: Got rendezvous with OpenRuntime r12
6:877  0:003  OCABC: MAT support is 1
6:881  0:003  OC: RequestBootVarRouting 0
6:885  0:004  OCDM: Found 0x20046/0x2003C UEFI version (376 bytes, 0 rebuilding to 376) gST 7AB3C018 gBS 6D89B3A0 gBS->CreateEventEx 6D889904 &gBS 6D5732C0
6:889  0:003  OC: Setting GPU BARs to 0
6:893  0:003  OCDM: RBAR using PciIo
6:896  0:003  OCDM: Setting RBAR to 0 inc 1 on 3/18
6:900  0:003  OCDM: Capability I/O error - Unsupported
6:904  0:003  OCDM: RBAR is unsupported by device - Device Error
6:907  0:003  OCDM: Setting RBAR to 0 inc 1 on 5/18
6:911  0:003  OCDM: Capability I/O error - Unsupported
6:915  0:003  OCDM: RBAR is unsupported by device - Device Error
6:920  0:004  OC: Got 0 drivers
6:923  0:003  OCC: Installing GOP (Unsupported) on ConsoleOutHandle...
6:927  0:003  OC: Requested resolution is 1920x1080@0 (max: 0, force: 0) from 1920x1080
6:931  0:003  OCC: Using builtin text renderer with 1 scale
6:935  0:003  OCC: Install console control (6D55E3D0/6D882C88/0), current - Success
6:939  0:003  OCC: Setup ASCII Output - Success
6:943  0:004  OC: Requested console mode is 0x0 (max: 0) from 
6:946  0:003  OC: Invalid HibernateMode: 
6:950  0:003  OC: Translated HibernateMode  to 0
6:954  0:003  OC: Hibernation activation - Invalid Parameter, hibernation wake - no
6:958  0:003  OC: Panic log does not exist
6:962  0:003  OCABC: IsEfiBootRt 0 (BP 1, Apple 0)
6:967  0:004  OCB: Arch filtering 72E26018(592440)->72E26018(592440) caps 0 - Success
6:972  0:005  ImageHandle = 73084798
6:980  0:007  GetOSVersion: 10.14.6 (B)
6:987  0:007  Filtering KextPatches:
6:991  0:003   - [00]: External icons patch :: BinPatch :: [OS: 10.14.6 | MatchOS: All | MatchBuild: All] ==> allowed
6:998  0:007   - [01]: USB Port Limit Patch 1 ©PMHeart :: BinPatch :: [OS: 10.14.6 | MatchOS: 10.14.4 | MatchBuild: All]
7:002  0:003   check MatchOS 10.14.4
7:006  0:003   ==> not allowed
7:009  0:003   - [02]: USB Port Limit Patch 2 ©PMHeart :: BinPatch :: [OS: 10.14.6 | MatchOS: 10.14.4 | MatchBuild: All]
7:013  0:003   check MatchOS 10.14.4
7:017  0:003   ==> not allowed
7:020  0:003   - [03]: USB Port Limit Patch 3 ©PMHeart :: BinPatch :: [OS: 10.14.6 | MatchOS: 10.14.4 | MatchBuild: All]
7:024  0:003   check MatchOS 10.14.4
7:028  0:003   ==> not allowed
7:032  0:003   - [04]: USB Port Limit Patch 1 ©PMHeart :: BinPatch :: [OS: 10.14.6 | MatchOS: 10.14.4 | MatchBuild: All]
7:035  0:003   check MatchOS 10.14.4
7:039  0:003   ==> not allowed
7:043  0:003   - [05]: USB Port Limit Patch 2 ©PMHeart :: BinPatch :: [OS: 10.14.6 | MatchOS: 10.14.4 | MatchBuild: All]
7:047  0:003   check MatchOS 10.14.4
7:050  0:003   ==> not allowed
7:054  0:003   - [06]: USB Port Limit Patch 3 ©PMHeart :: BinPatch :: [OS: 10.14.6 | MatchOS: 10.14.4 | MatchBuild: All]
7:058  0:003   check MatchOS 10.14.4
7:062  0:003   ==> not allowed
7:065  0:003   - [07]: USB Port Limit Patch 1 ©PMHeart :: BinPatch :: [OS: 10.14.6 | MatchOS: 10.14.4 | MatchBuild: All]
7:069  0:003   check MatchOS 10.14.4
7:073  0:003   ==> not allowed
7:077  0:003   - [08]: USB Port Limit Patch 2 ©PMHeart :: BinPatch :: [OS: 10.14.6 | MatchOS: 10.14.4 | MatchBuild: All]
7:080  0:003   check MatchOS 10.14.4
7:084  0:003   ==> not allowed
7:088  0:003   - [09]: USB Port Limit Patch 3 ©PMHeart :: BinPatch :: [OS: 10.14.6 | MatchOS: 10.14.4 | MatchBuild: All]
7:092  0:003   check MatchOS 10.14.4
7:095  0:003   ==> not allowed
7:099  0:003   - [10]: USB Port Limit Patch 1 ©PMHeart :: BinPatch :: [OS: 10.14.6 | MatchOS: 10.14.4 | MatchBuild: All]
7:103  0:003   check MatchOS 10.14.4
7:106  0:003   ==> not allowed
7:110  0:003   - [11]: USB Port Limit Patch 2 ©PMHeart :: BinPatch :: [OS: 10.14.6 | MatchOS: 10.14.4 | MatchBuild: All]
7:114  0:003   check MatchOS 10.14.4
7:117  0:003   ==> not allowed
7:121  0:003   - [12]: USB Port Limit Patch 3 ©PMHeart :: BinPatch :: [OS: 10.14.6 | MatchOS: 10.14.4 | MatchBuild: All]
7:125  0:003   check MatchOS 10.14.4
7:128  0:003   ==> not allowed
7:132  0:003   - [13]: USB Port Limit Patch 1 ©PMHeart :: BinPatch :: [OS: 10.14.6 | MatchOS: 10.14.4 | MatchBuild: All]
7:136  0:003   check MatchOS 10.14.4
7:140  0:003   ==> not allowed
7:143  0:003   - [14]: USB Port Limit Patch 2 ©PMHeart :: BinPatch :: [OS: 10.14.6 | MatchOS: 10.14.4 | MatchBuild: All]
7:147  0:003   check MatchOS 10.14.4
7:150  0:003   ==> not allowed
7:154  0:003   - [15]: USB Port Limit Patch 3 ©PMHeart :: BinPatch :: [OS: 10.14.6 | MatchOS: 10.14.4 | MatchBuild: All]
7:158  0:003   check MatchOS 10.14.4
7:161  0:003   ==> not allowed
7:165  0:003   - [16]: USB Port Limit Patch 1 ©PMHeart :: BinPatch :: [OS: 10.14.6 | MatchOS: 10.14.4 | MatchBuild: All]
7:169  0:003   check MatchOS 10.14.4
7:173  0:003   ==> not allowed
7:176  0:003   - [17]: USB Port Limit Patch 2 ©PMHeart :: BinPatch :: [OS: 10.14.6 | MatchOS: 10.14.4 | MatchBuild: All]
7:180  0:003   check MatchOS 10.14.4
7:183  0:003   ==> not allowed
7:187  0:003   - [18]: USB Port Limit Patch 3 ©PMHeart :: BinPatch :: [OS: 10.14.6 | MatchOS: 10.14.4 | MatchBuild: All]
7:191  0:003   check MatchOS 10.14.4
7:195  0:003   ==> not allowed
7:198  0:003   - [19]: USB Port Limit Patch 1 ©PMHeart :: BinPatch :: [OS: 10.14.6 | MatchOS: 10.14.4 | MatchBuild: All]
7:202  0:003   check MatchOS 10.14.4
7:205  0:003   ==> not allowed
7:209  0:003   - [20]: USB Port Limit Patch 2 ©PMHeart :: BinPatch :: [OS: 10.14.6 | MatchOS: 10.14.4 | MatchBuild: All]
7:213  0:003   check MatchOS 10.14.4
7:216  0:003   ==> not allowed
7:220  0:003   - [21]: USB Port Limit Patch 3 ©PMHeart :: BinPatch :: [OS: 10.14.6 | MatchOS: 10.14.4 | MatchBuild: All]
7:224  0:003   check MatchOS 10.14.4
7:227  0:003   ==> not allowed
7:231  0:003   - [22]: USB Port Limit Patch 1 ©PMHeart :: BinPatch :: [OS: 10.14.6 | MatchOS: 10.14.4 | MatchBuild: All]
7:235  0:003   check MatchOS 10.14.4
7:238  0:003   ==> not allowed
7:242  0:003   - [23]: USB Port Limit Patch 2 ©PMHeart :: BinPatch :: [OS: 10.14.6 | MatchOS: 10.14.4 | MatchBuild: All]
7:245  0:003   check MatchOS 10.14.4
7:249  0:003   ==> not allowed
7:253  0:004   - [24]: USB Port Limit Patch 3 ©PMHeart :: BinPatch :: [OS: 10.14.6 | MatchOS: 10.14.4 | MatchBuild: All]
7:257  0:003   check MatchOS 10.14.4
7:260  0:003   ==> not allowed
7:264  0:003   - [25]: USB port limit patch #1 10.14.x modify by DalianSky(credit ydeng) 10.14.x :: BinPatch :: [OS: 10.14.6 | MatchOS: 10.14.x | MatchBuild: All]
7:268  0:003   check MatchOS 10.14.x
7:271  0:003   ==> allowed
7:275  0:003   - [26]: USB port limit patch #2 10.14.x modify by DalianSky(credit PMHeart) 10.14.x :: BinPatch :: [OS: 10.14.6 | MatchOS: 10.14.x | MatchBuild: All]
7:279  0:003   check MatchOS 10.14.x
7:282  0:003   ==> allowed
7:286  0:003   - [27]: USB port limit patch #3 10.14.x modify by DalianSky(credit PMHeart) 10.14.x :: BinPatch :: [OS: 10.14.6 | MatchOS: 10.14.x | MatchBuild: All]
7:289  0:003   check MatchOS 10.14.x
7:293  0:003   ==> allowed
7:297  0:003   - [28]: USB port limit patch #4 10.14.x modify by DalianSky(credit PMHeart) 10.14.x :: BinPatch :: [OS: 10.14.6 | MatchOS: 10.14.x | MatchBuild: All]
7:300  0:003   check MatchOS 10.14.x
7:304  0:003   ==> allowed
7:308  0:003  Will not patch boot.efi
7:311  0:003  Using latest BiosVersion from config instead of default 'IM191.88Z.F000.B00.2302212211'
7:315  0:003  Using latest BiosReleaseDate from config instead of default '02/21/2023'
7:319  0:003  Using latest EfiVersion from config instead of default '1968.100.16.0.1'
7:322  0:003  BiosVersion: IM191.88Z.F000.B00.2308061817
7:326  0:003  BiosReleaseDate: 08/06/2023
7:330  0:003  EfiVersion: 2020.40.3.0.0
7:333  0:003  SMBIOS reloaded with model iMac19,1
7:340  0:006  Set FakeCPUID: 0x0
7:343  0:003  Bridge AppleAHCIPort patch to OC : External icons patch
7:350  0:006  Bridge com.apple.iokit.IOUSBHostFamily patch to OC : USB port limit patch #1 10.14.x modify by DalianSky(credit ydeng) 10.14.x
7:356  0:006  Bridge com.apple.iokit.IOUSBHostFamily patch to OC : USB port limit patch #2 10.14.x modify by DalianSky(credit PMHeart) 10.14.x
7:359  0:003  Bridge com.apple.driver.usb.AppleUSBXHCI patch to OC : USB port limit patch #3 10.14.x modify by DalianSky(credit PMHeart) 10.14.x
7:363  0:003  Bridge com.apple.driver.usb.AppleUSBXHCI patch to OC : USB port limit patch #4 10.14.x modify by DalianSky(credit PMHeart) 10.14.x
7:366  0:003  === [ PatchSmbios ] =============================
7:370  0:003  UpdateSmbiosString : BiosVersion=EfiVersion=2020.40.3.0.0
7:374  0:003  UpdateSmbiosString : ReleaseDate=08/06/2023
7:377  0:003  void PatchTableType1(const SmbiosInjectedSettings&) : UpdateSmbiosString ProductName=iMac19,1
7:381  0:003  void PatchTableType2(const SmbiosInjectedSettings&) : UpdateSmbiosString ProductName=BoardNumber=Mac-AA95B1DDAB278B95
7:385  0:003  void PatchTableType2(const SmbiosInjectedSettings&) : UpdateSmbiosString Version=BoardVersion=iMac19,1
7:388  0:003  insert table 9 for dev 0:0
7:392  0:003  insert table 9 for dev 0:1
7:398  0:006  insert table 9 for dev 1F:6
7:405  0:006  Table 11 present, but rewritten for us
7:409  0:004  Do not inject memory table
7:413  0:004  Trusting SMBIOS...
7:417  0:003  Channels: 1
7:421  0:003  Interleave: 0 1 2 3
7:442  0:021  trusted SMBIOS data, table index 0:
7:446  0:003    gRAM.SMBIOS[0]->ModuleSize = 8192
7:450  0:003    gRAM.SMBIOS[0]->Type = 0
7:453  0:003    gRAM.SMBIOS[0]->Frequency = 3200
7:457  0:003    gRAM.SMBIOS[0]->Vendor = Corsair
7:461  0:003    gRAM.SMBIOS[0]->PartNo = CMK16GX4M2K4266C19
7:464  0:003    gRAM.SMBIOS[0]->SerialNo = 00000000
7:468  0:003  SPD data in use:
7:472  0:003    gRAM.SPD[0]->ModuleSize = 8192
7:476  0:003    gRAM.SPD[0]->Type = 26
7:479  0:003    gRAM.SPD[0]->Frequency = 4264
7:483  0:003    gRAM.SPD[0]->Vendor = Corsair
7:487  0:003    gRAM.SPD[0]->SerialNo = 00000000
7:490  0:003    gRAM.SPD[0]->PartNo = CMK16GX4M2K4266C19
7:494  0:003    SMBIOS Type 17 Index = 0 => SMBIOSIndex=0 SPDIndex=0:
7:498  0:003  BANK 0 DIMM0 4264MHz 8192MB(Ext:0MB)
7:501  0:003  trusted SMBIOS data, table index 1:
7:505  0:003    gRAM.SMBIOS[1]->ModuleSize = 8192
7:509  0:003    gRAM.SMBIOS[1]->Type = 0
7:513  0:003    gRAM.SMBIOS[1]->Frequency = 3200
7:516  0:003    gRAM.SMBIOS[1]->Vendor = Corsair
7:520  0:003    gRAM.SMBIOS[1]->PartNo = CMK16GX4M2K4266C19
7:524  0:003    gRAM.SMBIOS[1]->SerialNo = 00000000
7:527  0:003  SPD data in use:
7:531  0:003    gRAM.SPD[1]->ModuleSize = 8192
7:534  0:003    gRAM.SPD[1]->Type = 26
7:538  0:003    gRAM.SPD[1]->Frequency = 4264
7:542  0:003    gRAM.SPD[1]->Vendor = Corsair
7:545  0:003    gRAM.SPD[1]->SerialNo = 00000000
7:549  0:003    gRAM.SPD[1]->PartNo = CMK16GX4M2K4266C19
7:553  0:003    SMBIOS Type 17 Index = 1 => SMBIOSIndex=1 SPDIndex=1:
7:556  0:003  BANK 0 DIMM1 4264MHz 8192MB(Ext:0MB)
7:560  0:003  !trusted SMBIOS data, Table index 2:!gRAM.SMBIOS.doesSlotForIndexExist(SMBIOSIndex) 
7:571  0:011    SMBIOS Type 17 Index = 2 => SMBIOSIndex=2 SPDIndex=2:
7:575  0:003  BANK 0 DIMM2 EMPTY
7:579  0:003  !trusted SMBIOS data, Table index 3:!gRAM.SMBIOS.doesSlotForIndexExist(SMBIOSIndex) 
7:590  0:011    SMBIOS Type 17 Index = 3 => SMBIOSIndex=3 SPDIndex=3:
7:594  0:004  BANK 0 DIMM3 EMPTY
7:598  0:003  mTotalSystemMemory = 16384
7:602  0:003  NumberOfMemoryDevices = 4
7:606  0:003  Type20[0]->End = 0x7FFFFF, Type17[0] = 2000
7:610  0:003  Type20[1]->End = 0xFFFFFF, Type17[1] = 6000
7:613  0:003  Table 131 is present, CPUType=35
7:617  0:003  Change to: 1005
7:621  0:003  === [ PatchACPI ] ===============================
7:624  0:003  OCABC: AllocPages 1 0x7A345000 (1) - Success
7:628  0:003  Xsdt reallocation done
7:632  0:003  OCABC: AllocPages 1 0x7A344000 (1) - Success
7:636  0:003  old FADT length=114
7:640  0:003   SignatureFixup: 0xFA76D5ED -> 0x0
7:644  0:003  OCABC: AllocPages 1 0x7A2F5000 (79) - Success
7:647  0:003  Apply DsdtFixMask=0x00000004
7:651  0:003  === [ FixBiosDsdt ] =============================
7:657  0:005  PreCleanup XSDT: count=24, length=228
7:660  0:003  PreCleanup XSDT, corrected XSDT: count=24, length=228
7:664  0:003  === [ ACPIDropTables ] ==========================
7:668  0:003  OCABC: AllocPages 1 0x7A2F3000 (2) - Success
7:671  0:003  OCABC: AllocPages 1 0x7A2F3000 (2) - Success
7:675  0:003  OCABC: AllocPages 1 0x7A2F3000 (2) - Success
7:679  0:003  OCABC: AllocPages 1 0x7A2F3000 (2) - Success
7:682  0:003  OCABC: AllocPages 1 0x7A2F3000 (2) - Success
7:686  0:003  OCABC: AllocPages 1 0x7A2F3000 (2) - Success
7:690  0:003  OCABC: AllocPages 1 0x7A2F0000 (3) - Success
7:694  0:003  Found OperationRegion(PNVS, SystemMemory, 7ADF3000, ...)
7:698  0:003  OCABC: AllocPages 1 0x7A2EB000 (5) - Success
7:701  0:003  Found OperationRegion(SANV, SystemMemory, 7A3D2118, ...)
7:705  0:003  OCABC: AllocPages 1 0x7A2E7000 (4) - Success
7:709  0:003  OCABC: AllocPages 1 0x7A2E5000 (2) - Success
7:712  0:003  OCABC: AllocPages 1 0x7A2E5000 (2) - Success
7:716  0:003  OCABC: AllocPages 1 0x7A166000 (4) - Success
7:720  0:003  OCABC: AllocPages 1 0x7A2E3000 (2) - Success
7:724  0:003  OCABC: AllocPages 1 0x7A2E3000 (2) - Success
7:727  0:003  OCABC: AllocPages 1 0x7A162000 (4) - Success
7:731  0:003  OCABC: AllocPages 1 0x7A2E3000 (2) - Success
7:735  0:003  OCABC: AllocPages 1 0x7A160000 (2) - Success
7:738  0:003  OCABC: AllocPages 1 0x7A160000 (2) - Success
7:742  0:003  OCABC: AllocPages 1 0x7A15F000 (3) - Success
7:746  0:003  OCABC: AllocPages 1 0x7A15D000 (2) - Success
7:750  0:003  Found OperationRegion(ADHD, SystemMemory, 78CD0000, ...)
7:753  0:003  Found OperationRegion(ABLK, SystemMemory, 78CD0020, ...)
7:757  0:003  OCABC: AllocPages 1 0x7A14D000 (16) - Success
7:761  0:003  OCABC: AllocPages 1 0x7A15B000 (2) - Success
7:765  0:003  OCABC: AllocPages 1 0x7A15B000 (2) - Success
7:768  0:003  ApicCPUNum=1
7:772  0:003  Cleanup XSDT: count=24, length=228
7:776  0:003  corrected XSDT count=24, length=228
7:780  0:003  === [ RestSetup macOS ] =========================
7:784  0:003  ATI injection not set
7:787  0:003  Intel UHD Graphics 630 [8086:3E98] :: PciRoot(0x0)\Pci(0x2,0x0)
7:791  0:003    Intel: no default properties
7:794  0:003  Intel GFX revision  = 0x0
7:798  0:003   RCBA disabled; cannot use it
7:802  0:003   setting specified layout-id=1 (0x1)
7:806  0:003  stringlength = 458
7:810  0:003  OCABC: AllocPages 1 0x7A15C000 (1) - Success
7:813  0:003  CurrentMode: Width=1366 Height=768
7:817  0:003  SetNvramVariable (system-id, 4D1EDE05-38C7-4A6A-9CC6-4BCCA8B38C14, 0x2, 16): -> writing new (Success)
7:825  0:008  SetNvramVariable (MLB, 4D1EDE05-38C7-4A6A-9CC6-4BCCA8B38C14, 0x6, 17): -> writing new (Success)
7:833  0:008  SetNvramVariable (ROM, 4D1EDE05-38C7-4A6A-9CC6-4BCCA8B38C14, 0x6, 6): -> writing new (Success)
7:842  0:008  SetNvramVariable (FirmwareFeatures, 4D1EDE05-38C7-4A6A-9CC6-4BCCA8B38C14, 0x6, 4): -> writing new (Success)
7:850  0:008  SetNvramVariable (FirmwareFeaturesMask, 4D1EDE05-38C7-4A6A-9CC6-4BCCA8B38C14, 0x6, 4): -> writing new (Success)
7:858  0:008  SetNvramVariable (ExtendedFirmwareFeatures, 4D1EDE05-38C7-4A6A-9CC6-4BCCA8B38C14, 0x6, 8): -> writing new (Success)
7:866  0:008  SetNvramVariable (ExtendedFirmwareFeaturesMask, 4D1EDE05-38C7-4A6A-9CC6-4BCCA8B38C14, 0x6, 8): -> writing new (Success)
7:875  0:008  AddNvramVariable (HW_BID, 4D1EDE05-38C7-4A6A-9CC6-4BCCA8B38C14, 0x6, 20): -> writing new (Success)
7:883  0:008  AddNvramVariable (security-mode, 7C436110-AB2A-4BBB-A880-FE41995C9F82, 0x7, 5): -> already exists, abort
7:890  0:007  set DefaultBackgroundColor=0xfbfbfb
7:894  0:003  SetNvramVariable (DefaultBackgroundColor, 4D1EDE05-38C7-4A6A-9CC6-4BCCA8B38C14, 0x7, 4): exists(0x7, 4), equal -> not writing again.
7:905  0:011  SetNvramVariable (ActualDensity, 7C436110-AB2A-4BBB-A880-FE41995C9F82, 0x7, 2): exists(0x7, 2), equal -> not writing again.
7:916  0:010  SetNvramVariable (DensityThreshold, 7C436110-AB2A-4BBB-A880-FE41995C9F82, 0x7, 2): exists(0x7, 2), equal -> not writing again.
7:927  0:011  SetNvramVariable (gfx-saved-config-restore-status, 4D1EDE05-38C7-4A6A-9CC6-4BCCA8B38C14, 0x7, 8): exists(0x7, 8), equal -> not writing again.
7:939  0:011  DeleteNvramVariable (UIScale, 4D1EDE05-38C7-4A6A-9CC6-4BCCA8B38C14):
7:944  0:004  DeleteNvramVariable (EFILoginHiDPI, 7C436110-AB2A-4BBB-A880-FE41995C9F82):
7:948  0:003  SetNvramVariable (flagstate, 7C436110-AB2A-4BBB-A880-FE41995C9F82, 0x7, 32): exists(0x7, 32), equal -> not writing again.
7:959  0:011  SetNvramVariable (csr-active-config, 7C436110-AB2A-4BBB-A880-FE41995C9F82, 0x7, 4): exists(0x7, 4), equal -> not writing again.
7:970  0:011  SetNvramVariable (BridgeOSHardwareModel, 4D1EDE05-38C7-4A6A-9CC6-4BCCA8B38C14, 0x7, 11): -> writing new (Success)
7:982  0:012  DeleteNvramVariable (bootercfg, 7C436110-AB2A-4BBB-A880-FE41995C9F82):
7:987  0:004  DeleteNvramVariable (nvda_drv, 7C436110-AB2A-4BBB-A880-FE41995C9F82):
7:991  0:004  DeleteNvramVariable (recovery-boot-mode, 7C436110-AB2A-4BBB-A880-FE41995C9F82):
7:995  0:003  AddNvramVariable (wake-failure, 7C436110-AB2A-4BBB-A880-FE41995C9F82, 0x7, 5): -> already exists, abort
8:003  0:008  DeleteNvramVariable (opencore-version, 7C436110-AB2A-4BBB-A880-FE41995C9F82):
8:007  0:004  DeleteNvramVariable (ApBoardID, 94B73556-2197-4702-82A8-3E1337DAFBFB):
8:012  0:004  DeleteNvramVariable (ApSecurityDomain, 94B73556-2197-4702-82A8-3E1337DAFBFB):
8:017  0:004  DeleteNvramVariable (ApProductionStatus, 94B73556-2197-4702-82A8-3E1337DAFBFB):
8:021  0:004  DeleteNvramVariable (ApSecurityMode, 94B73556-2197-4702-82A8-3E1337DAFBFB):
8:025  0:004  DeleteNvramVariable (EffectiveProductionStatus, 94B73556-2197-4702-82A8-3E1337DAFBFB):
8:030  0:004  DeleteNvramVariable (EffectiveSecurityMode, 94B73556-2197-4702-82A8-3E1337DAFBFB):
8:034  0:004  DeleteNvramVariable (CertificateEpoch, 94B73556-2197-4702-82A8-3E1337DAFBFB):
8:038  0:004  DeleteNvramVariable (MixNMatchPreventionStatus, 94B73556-2197-4702-82A8-3E1337DAFBFB):
8:043  0:004  DeleteNvramVariable (CryptoDigestMethod, 94B73556-2197-4702-82A8-3E1337DAFBFB):
8:047  0:004  DeleteNvramVariable (InternalUseOnlyUnit, 94B73556-2197-4702-82A8-3E1337DAFBFB):
8:051  0:004  DeleteNvramVariable (ApECID, 94B73556-2197-4702-82A8-3E1337DAFBFB):
8:056  0:004  DeleteNvramVariable (HardwareModel, 94B73556-2197-4702-82A8-3E1337DAFBFB):
8:059  0:003  Use origin smbios table type 1 guid.
8:082  0:022  DeleteNvramVariable (efi-boot-device, 7C436110-AB2A-4BBB-A880-FE41995C9F82):
8:089  0:007  DeleteNvramVariable (efi-boot-device-data, 7C436110-AB2A-4BBB-A880-FE41995C9F82):
8:094  0:004  DeleteNvramVariable (BootCampHD, 7C436110-AB2A-4BBB-A880-FE41995C9F82):
8:097  0:003  Custom boot screen not used because entry has unset use graphics
8:103  0:005  DeleteNvramVariable (IOHibernateRTCVariables, 7C436110-AB2A-4BBB-A880-FE41995C9F82):
8:107  0:004  DeleteNvramVariable (boot-image, 7C436110-AB2A-4BBB-A880-FE41995C9F82):
8:111  0:003  Kernel quirks
8:115  0:003  ACPCL 1 AXCL 1 AXEM 0 AXFB 0 CSG 0 DIM 0 DLJ 0 DRC 1 DPM 0 EBTFF 0 EDI 0 FAI 0 IPBS 0 LKP 0 PNKD 0 PTKP 0 TPD 0 XPL 0 PCC 0
8:118  0:003  Closing log
8:122  0:003  OCABC: AllocPages 2 0x91000 (14) - Success
8:126  0:003  OCABC: AllocPages 2 0x6F7C8000 (14) - Success
8:132  0:006  OCABC: Found safe mode legacy p1 at off 67E6
8:136  0:003  OCABC: Trying safe mode next legacy match
8:140  0:003  OCABC: Found safe mode legacy p1 at off 6967
8:143  0:003  OCABC: Trying safe mode next legacy match
8:148  0:004  OCABC: Found safe mode legacy p1 at off 2589F
8:152  0:003  OCABC: Trying safe mode next legacy match
8:155  0:003  OCABC: Found safe mode legacy p1 at off 2590C
8:159  0:003  OCABC: Trying safe mode next legacy match
8:165  0:006  OCABC: Failed to find safe mode sequence
8:169  0:003  OCABC: AllocPages 2 0x77848000 (512) - Success
8:173  0:003  OCABC: AllocPages 2 0x77847000 (1) - Success
8:177  0:003  OC: Supported boot capabilities 4
8:181  0:004  OCOS: OS set: <null> Mac OS X 10.12
8:185  0:003  OCOS: OS set: Apple Inc. Mac OS X 10.12
8:188  0:003  OCOS: Should use black background
8:192  0:003  OCABC: AllocPages 1 0x6D371000 (1) - Success
8:202  0:009  OC: Opening file System\Library\Kernels\kernel with 1 mode gave - Success
8:206  0:003  OC: Opening file \System\Library\CoreServices\com.apple.Boot.plist with 1 mode gave - Not Found
8:209  0:003  OC: Opening file Library\Preferences\SystemConfiguration\com.apple.Boot.plist with 1 mode gave - Success
8:215  0:005  OC: Opening file \System\Library\CoreServices\PlatformSupport.plist with 1 mode gave - Success
8:219  0:004  OCABC: AllocPages 2 0x17D00000 (121199) - Success
8:224  0:005  OC: Opening file \System\Library\CoreServices\boot.efi with 1 mode gave - Success
8:234  0:009  OC: Opening file System\Library\PrelinkedKernels\prelinkedkernel.development with 1 mode gave - Not Found
8:240  0:006  OC: Opening file System\Library\PrelinkedKernels\prelinkedkernel with 1 mode gave - Success
8:244  0:003  OC: Load and reserve Kext Other\FakeSMC.kext
8:248  0:004  OC: Load and reserve Kext Other\USBMapDummy.kext
8:252  0:004  OC: Load and reserve Kext Other\RadeonMonitor.kext
8:256  0:003  OC: Load and reserve Kext Other\IntelCPUMonitor.kext
8:260  0:003  OC: Kext reservation size info 506000 exe 3B000
8:263  0:003  OC: Trying 64-bit XNU hook on System\Library\PrelinkedKernels\prelinkedkernel
8:607  0:343  OCAK: Compressed result has 67C33018 magic
8:610  0:003  OCAK: Found 64-bit Mach-O compressed 1 offset 28 size 85966848
8:614  0:003  OC: Result of 64-bit XNU hook on System\Library\PrelinkedKernels\prelinkedkernel (00000000) is Success
8:656  0:041  OCAK: Read kernel version 18.7.0 (180700)
8:660  0:004  OCAK: 64-bit patcher base 0xFFFFFF8000200000 kmod 0x0 file 0x0
8:665  0:004  OCAK: Zeroing _xcpm_core_scope_msrs 0xE2 applicable CPUs (76)
8:669  0:003  OCAK: Zeroing _xcpm_core_scope_msrs 0xE2 applicable CPUs (13200)
8:673  0:003  OCAK: Zeroing _xcpm_core_scope_msrs 0xE2 applicable CPUs (16384)
8:677  0:004  Replace B9E20000000F30 by B9E20000009090 at ofs:2F0
8:744  0:066  Replace B9E20000000F30 by B9E20000009090 at ofs:347
8:811  0:067  OCAK: 64-bit XcpmCfgLockRel replace count - 2
8:815  0:003  OCAK: [OK] Success XcpmCfgLock patch
8:852  0:037  OCAK: Reducing 64-bit prelink size from 51FC000 to 4F28000 via plist
8:856  0:004  OCAK: org.netkas.FakeSMC got KXLD 0 0
8:860  0:003  OCAK: Requesting __LINKEDIT for org.netkas.FakeSMC - 6CB5B398 at 4F28000
8:864  0:003  OCAK: Requesting SymbolTable for org.netkas.FakeSMC - 601
8:868  0:003  OCAK: Requesting __LINKEDIT for __kernel__ - 0 at 0
8:871  0:003  OCAK: Requesting SymbolTable for __kernel__ - 24450
8:887  0:015  OCAK: com.apple.iokit.IOACPIFamily got KXLD 0 0
8:891  0:003  OCAK: Requesting __LINKEDIT for com.apple.iokit.IOACPIFamily - 6963B398 at 1A08000
8:894  0:003  OCAK: Requesting SymbolTable for com.apple.iokit.IOACPIFamily - 167
8:898  0:003  OCAK: com.apple.kpi.unsupported got KXLD 0 0
8:902  0:003  OCAK: Requesting __LINKEDIT for com.apple.kpi.unsupported - 68BE4038 at FB1000
8:905  0:003  OCAK: Requesting SymbolTable for com.apple.kpi.unsupported - 263
8:909  0:003  OCAK: com.apple.kpi.iokit got KXLD 0 0
8:913  0:003  OCAK: Requesting __LINKEDIT for com.apple.kpi.iokit - 68B7F038 at F4C000
8:916  0:003  OCAK: Requesting SymbolTable for com.apple.kpi.iokit - 2192
8:920  0:003  OCAK: com.apple.kpi.libkern got KXLD 0 0
8:924  0:003  OCAK: Requesting __LINKEDIT for com.apple.kpi.libkern - 68B5F038 at F2C000
8:928  0:003  OCAK: Requesting SymbolTable for com.apple.kpi.libkern - 905
8:931  0:003  OCAK: com.apple.kpi.private got KXLD 0 0
8:935  0:003  OCAK: Requesting __LINKEDIT for com.apple.kpi.private - 68B71038 at F3E000
8:939  0:003  OCAK: Requesting SymbolTable for com.apple.kpi.private - 977
8:943  0:004  OCAK: com.apple.kpi.mach got KXLD 0 0
8:947  0:003  OCAK: Requesting __LINKEDIT for com.apple.kpi.mach - 68B6D038 at F3A000
8:951  0:003  OCAK: Requesting SymbolTable for com.apple.kpi.mach - 70
8:962  0:011  OC: Prelinked injection Other\FakeSMC.kext () - Success
8:966  0:003  OC: Prelinked injection Other\USBMapDummy.kext () - Success
8:971  0:005  OCAK: org.slice.RadeonMonitor got KXLD 0 0
8:975  0:003  OCAK: Requesting __LINKEDIT for org.slice.RadeonMonitor - 6CB73398 at 4F40000
8:979  0:003  OCAK: Requesting SymbolTable for org.slice.RadeonMonitor - 372
8:983  0:004  OCAK: com.apple.iokit.IOPCIFamily got KXLD 0 0
8:986  0:003  OCAK: Requesting __LINKEDIT for com.apple.iokit.IOPCIFamily - 68BEA3E8 at FB7000
8:990  0:003  OCAK: Requesting SymbolTable for com.apple.iokit.IOPCIFamily - 683
8:996  0:006  OCAK: Requesting SymbolTable for org.netkas.FakeSMC - 191
9:006  0:009  OC: Prelinked injection Other\RadeonMonitor.kext () - Success
9:010  0:003  OCAK: org.slice.IntelCPUMonitor got KXLD 0 0
9:014  0:003  OCAK: Requesting __LINKEDIT for org.slice.IntelCPUMonitor - 6CB843E8 at 4F51000
9:017  0:003  OCAK: Requesting SymbolTable for org.slice.IntelCPUMonitor - 363
9:026  0:008  OC: Prelinked injection Other\IntelCPUMonitor.kext () - Success
9:030  0:003  OC: Prelink size 83243008 kext offset 83001344 reserved 241664
9:046  0:015  OCAK: com.apple.driver.AppleIntelCPUPowerManagement got KXLD 0 0
9:049  0:003  OCAK: [OK] Success AppleCpuPmCfgLock patch
9:054  0:004  OCAK: com.apple.driver.AppleRTC got KXLD 0 0
9:058  0:003  Replace BE58000000/FFFEFFFFFF(BE58000000) by BEFFFF0000 at ofs:1BF8
9:152  0:094  Replace BE58000000/FFFEFFFFFF(BE59000000) by BEFFFF0000 at ofs:1C08
9:250  0:097  Replace BE58000000/FFFEFFFFFF(BE58000000) by BEFFFF0000 at ofs:1EB7
9:346  0:095  Replace BE58000000/FFFEFFFFFF(BE59000000) by BEFFFF0000 at ofs:1EC8
9:445  0:098  OCAK: 64-bit DisableRtcChecksum64 replace count - 4
9:448  0:003  OCAK: [OK] Patch success com.apple.driver.AppleRTC DisableRtcChecksum
9:452  0:003  OC: Prelinked patch [0] External icons patch
9:458  0:006  OCAK: Failed to pk find AppleAHCIPort - Not Found
9:462  0:003  OC: Prelinked patcher result 0 for AppleAHCIPort (External icons patch) - Not Found
9:466  0:003  OC: Prelinked patch [1] USB port limit patch #1 10.14.x modify by DalianSky(credit ydeng) 10.14.x
9:470  0:003  OCAK: com.apple.iokit.IOUSBHostFamily got KXLD 0 0
9:474  0:004  Replace 83FB0F0F by 83FB3F0F at ofs:14E0E
9:515  0:040  OCAK: 64-bit USB port limit patch #1 10.14.x modify by DalianSky(credit ydeng) 10.14.x replace count - 1
9:518  0:003  OC: Prelinked patcher result 1 for com.apple.iokit.IOUSBHostFamily (USB port limit patch #1 10.14.x modify by DalianSky(credit ydeng) 10.14.x) - Success
9:522  0:003  OC: Prelinked patch [2] USB port limit patch #2 10.14.x modify by DalianSky(credit PMHeart) 10.14.x
9:526  0:003  Replace 83E30FD3 by 83E33FD3 at ofs:15036
9:566  0:040  OCAK: 64-bit USB port limit patch #2 10.14.x modify by DalianSky(credit PMHeart) 10.14.x replace count - 1
9:570  0:003  OC: Prelinked patcher result 2 for com.apple.iokit.IOUSBHostFamily (USB port limit patch #2 10.14.x modify by DalianSky(credit PMHeart) 10.14.x) - Success
9:574  0:003  OC: Prelinked patch [3] USB port limit patch #3 10.14.x modify by DalianSky(credit PMHeart) 10.14.x
9:578  0:004  OCAK: com.apple.driver.usb.AppleUSBXHCI got KXLD 0 0
9:584  0:005  OCAK: 64-bit USB port limit patch #3 10.14.x modify by DalianSky(credit PMHeart) 10.14.x replace count - 0
9:587  0:003  OC: Prelinked patcher result 3 for com.apple.driver.usb.AppleUSBXHCI (USB port limit patch #3 10.14.x modify by DalianSky(credit PMHeart) 10.14.x) - Not Found
9:591  0:003  OC: Prelinked patch [4] USB port limit patch #4 10.14.x modify by DalianSky(credit PMHeart) 10.14.x
9:595  0:004  Replace 83FF0F0F by 83FF3F0F at ofs:126C0
9:636  0:040  OCAK: 64-bit USB port limit patch #4 10.14.x modify by DalianSky(credit PMHeart) 10.14.x replace count - 1
9:639  0:003  OC: Prelinked patcher result 4 for com.apple.driver.usb.AppleUSBXHCI (USB port limit patch #4 10.14.x modify by DalianSky(credit PMHeart) 10.14.x) - Success
9:745  0:105  OC: Prelinked status - Success
9:789  0:043  FixOwnership() -> begin
9:792  0:003  PCI Io found 18
9:795  0:003  USB XHCI reset for device A36D
9:799  0:003  ExtendCap=00008000
9:802  0:003    Value=02000802
9:806  0:003    Value=03011402
9:809  0:003    Value=005CFFC0
9:813  0:003    Value=00002201
