0:100  0:100  MemLog inited, TSC freq: 3600484940
0:100  0:000  CPU was calibrated with RTC
0:100  0:000  CloverX64 : Image base = 0x6D397000
0:100  0:000  Clover ImageHandle = 76245098
0:101  0:001  SelfDirPath = \EFI\CLOVER
0:103  0:001  === [ Starting Clover ] =========================
0:103  0:000  Now is 25.11.2024,  18:56:06 (GMT)
0:103  0:000  Starting Clover revision: 5160 (master, commit 7b08a616e) on American Megatrends EFI
0:103  0:000  Build id: 20240909210805-7b08a61-dirty
0:103  0:000  Build with: [Args: -D NO_GRUB_DRIVERS_EMBEDDED -D LESS_DEBUG -t GCC131 | --cmd-len=50000 -D NO_GRUB_DRIVERS_EMBEDDED -D LESS_DEBUG --conf=/Users/sergey/src/CloverBootloader/Conf -D USE_LOW_EBDA -a X64 -b RELEASE -t GCC131 -n 5 | OS: 15]
0:103  0:000  === [ Get Smbios ] ==============================
0:103  0:000  Type 16 Index = 0
0:103  0:000  Total Memory Slots Count = 4
0:103  0:000  Type 17 Index = 0
0:103  0:000  SmbiosTable.Type17->SlotIndex = 0
0:103  0:000  SmbiosTable.Type17->ModuleSize = 8192MB
0:103  0:000  SmbiosTable.Type17->Type = 0
0:103  0:000  SmbiosTable.Type17->Frequency = 3200MHz
0:103  0:000  SmbiosTable.Type17->Bank/Device = BANK 0 ChannelA-DIMM1
0:103  0:000  SmbiosTable.Type17->Vendor = Corsair
0:103  0:000  SmbiosTable.Type17->SerialNo = 00000000
0:103  0:000  SmbiosTable.Type17->PartNo = CMK16GX4M2K4266C19
0:103  0:000  Type 17 Index = 1
0:103  0:000  SmbiosTable.Type17->SlotIndex = 1
0:103  0:000  SmbiosTable.Type17->ModuleSize = 8192MB
0:103  0:000  SmbiosTable.Type17->Type = 0
0:103  0:000  SmbiosTable.Type17->Frequency = 3200MHz
0:103  0:000  SmbiosTable.Type17->Bank/Device = BANK 1 ChannelA-DIMM2
0:103  0:000  SmbiosTable.Type17->Vendor = Corsair
0:103  0:000  SmbiosTable.Type17->SerialNo = 00000000
0:103  0:000  SmbiosTable.Type17->PartNo = CMK16GX4M2K4266C19
0:103  0:000  Type 17 Index = 2
0:103  0:000  Ignoring insane frequency value 0MHz
0:103  0:000  Type 17 Index = 3
0:103  0:000  Ignoring insane frequency value 0MHz
0:103  0:000  Boot status=0
0:103  0:000  Running on: 'System Product Name' with board 'PRIME Z390-A'
0:103  0:000  === [ GetCPUProperties ] ========================
0:103  0:000  CPU Vendor = 756E6547 Model=906EC
0:103  0:000   The CPU supported SSE4.1
0:103  0:000   The CPU supported RDRAND
0:103  0:000  BrandString = Intel(R) Core(TM) i7-9700K CPU @ 3.60GHz
0:103  0:000   The CPU supported turbo
0:103  0:000   Energy PerfBias is  visible:
0:103  0:000  MSR 0x35               80008
0:103  0:000   TSC/CCC Information Leaf:
0:103  0:000    numerator     : 300
0:103  0:000    denominator   : 2
0:103  0:000   Calibrated ARTFrequency: 24003232
0:103  0:000   Rounded ARTFrequency: 24000000
0:103  0:000  MSR 0xE2 before patch 1E000000
0:103  0:000  MSR 0xCE              08080838_F1012400
0:103  0:000  corrected FLEX_RATIO = E0000
0:103  0:000  MSR 0x1B0             00000000
0:103  0:000  FSBFrequency = 109 MHz, DMI FSBFrequency = 100 MHz, Corrected FSBFrequency = 100 MHz
0:103  0:000  MaxDiv/MinDiv: 36.0/8
0:103  0:000  Turbo: 47/49/49/49
0:103  0:000  Features: 0x77FAFBFFBFEBFBFF
0:103  0:000  Threads: 8
0:103  0:000  Cores: 8
0:103  0:000  FSB: 100 MHz
0:103  0:000  CPU: 3900 MHz
0:103  0:000  TSC: 3900 MHz
0:103  0:000  PIS: 100 MHz
0:103  0:000  ExternalClock: 25 MHz
0:103  0:000  === [ GetDevices ] ==============================
0:103  0:000  GOP found at: PciRoot(0x0)/Pci(0x1,0x0)/Pci(0x0,0x0)/AcpiAdr(0x80010302)
0:103  0:000  PCI (00|00:00.00) : 8086 3E30 class=060000
0:103  0:000  PCI (00|00:01.00) : 8086 1901 class=060400
0:103  0:000  PCI (00|01:00.00) : 1002 67DF class=030000
0:103  0:000   - GFX: Model=AMD Radeon RX 480/570/580 (ATI/AMD)
0:103  0:000   - GOP: Provided by device
0:103  0:000  PCI (00|01:00.01) : 1002 AAF0 class=040300
0:103  0:000   - HDMI Audio: 
0:103  0:000  PCI (00|00:02.00) : 8086 3E98 class=038000
0:103  0:000   - GFX: Model=Intel UHD Graphics 630 (Intel)
0:103  0:000  PCI (00|00:14.00) : 8086 A36D class=0C0330
0:103  0:000  PCI (00|00:14.02) : 8086 A36F class=050000
0:103  0:000  PCI (00|00:16.00) : 8086 A360 class=078000
0:103  0:000  PCI (00|00:17.00) : 8086 A352 class=010601
0:103  0:000  PCI (00|00:1B.00) : 8086 A340 class=060400
0:103  0:000  PCI (00|00:1C.00) : 8086 A338 class=060400
0:103  0:000  PCI (00|00:1D.00) : 8086 A330 class=060400
0:104  0:000  PCI (00|04:00.00) : 144D A808 class=010802
0:104  0:000  PCI (00|00:1F.00) : 8086 A305 class=060100
0:104  0:000  PCI (00|00:1F.03) : 8086 A348 class=040300
0:104  0:000  PCI (00|00:1F.04) : 8086 A323 class=0C0500
0:104  0:000  PCI (00|00:1F.05) : 8086 A324 class=0C8000
0:104  0:000  PCI (00|00:1F.06) : 8086 15BC class=020000
0:104  0:000   - LAN: 1 Vendor=Intel
0:104  0:000  Legacy MAC address of LAN #0= 40:B0:76:DE:9E:93:
0:104  0:000  _checkOEMPath Look for oem dir at path '\EFI\CLOVER\OEM\System Product Name--40-B0-76-DE-9E-93'. Dir doesn't exist.
0:104  0:000  _checkOEMPath Look for oem dir at path '\EFI\CLOVER\OEM\PRIME Z390-A\UEFI'. Dir doesn't exist.
0:104  0:000  _checkOEMPath Look for oem dir at path '\EFI\CLOVER\OEM\System Product Name'. Dir doesn't exist.
0:104  0:000  _checkOEMPath Look for oem dir at path '\EFI\CLOVER\OEM\System Product Name-3900'. Dir doesn't exist.
0:104  0:000  _checkOEMPath Look for oem dir at path '\EFI\CLOVER\OEM\PRIME Z390-A'. Dir doesn't exist.
0:104  0:000  _checkOEMPath Look for oem dir at path '\EFI\CLOVER\OEM\PRIME Z390-A-3900'. Dir doesn't exist.
0:104  0:000  === [ GetUserSettings ] =========================
0:104  0:000  GetDefaultModel()=iMac18,3
0:104  0:000  === [ LoadUserSettings ] ========================
0:105  0:000  Using config.plist at path: \EFI\CLOVER
0:105  0:000  There is a problem in plist '\EFI\CLOVER\config.plist'
0:105  0:000  Warning: EfiVersion '1037.100.345.0.0' is older than default ('1968.100.16.0.1') -> ignored. Dict '/SMBIOS:296'.
0:105  0:000  Use CloverConfigPlistValidator or look in the log
3:105  3:000  === [ LoadUserSettings ] ========================
3:106  0:000  Cannot find smbios.plist at path '\EFI\CLOVER' : Not Found
3:106  0:000  '\EFI\CLOVER\smbios.plist' not loaded. Efi error Not Found
3:106  0:000  create SMBIOS list, found 27 dicts
3:106  0:000  ... ACPI
3:106  0:000  ... Boot
3:106  0:000  ... BootGraphics
3:106  0:000  ... Devices
3:106  0:000  ... DisableDrivers
3:106  0:000  ... GUI
3:106  0:000  ... Graphics
3:106  0:000  ... KernelAndKextPatches
3:106  0:000  ... SMBIOS
3:106  0:000  ... SystemParameters
3:106  0:000  ... RtVariables
3:106  0:000  ... Quirks
3:106  0:000  get model from config.plist
3:106  0:000  Using latest BiosVersion from config instead of default 'IM191.88Z.F000.B00.2302212211'
3:124  0:018  Using latest BiosReleaseDate from config instead of default '02/21/2023'
3:128  0:004  BiosVersion: IM191.88Z.F000.B00.2308061817
3:133  0:004  BiosReleaseDate: 08/06/2023
3:137  0:004  EfiVersion: 1968.100.16.0.1
3:141  0:004  Calibrated TSC Frequency = 3600484940 = 3600MHz
3:146  0:004  === [ GetListOfThemes ] =========================
3:150  0:004  - [00]: random
3:159  0:009  - [00]: embedded
3:168  0:008  === [ Found config plists ] =====================
3:173  0:004  - config.plist
3:177  0:004  - config-sample.plist
3:181  0:004  - config_old.plist
3:186  0:004  === [ LoadDrivers ] =============================
3:191  0:005  Loading NvmExpressDxe.efi status=Success
3:207  0:015   - driver needs connecting
3:211  0:004  Loading EnglishDxe.efi status=Success
3:226  0:015  Loading AppleKeyFeeder.efi status=Success
3:242  0:015  Loading VBoxHfs.efi status=Success
3:258  0:016   - driver needs connecting
3:262  0:004  Loading HashServiceFix.efi status=Success
3:278  0:015  Loading PartitionDxe.efi status=Success
3:293  0:015   - driver needs connecting
3:298  0:004  Loading ApfsDriverLoader.efi status=Success
3:313  0:015   - driver needs connecting
3:317  0:004  4 drivers needs connecting ...
3:318  0:000  PlatformDriverOverrideProtocol not found. Installing ... Success
3:318  0:000  Partition driver loaded: 
3:319  0:000  HFS+ driver loaded
3:319  0:000  APFS driver loaded
3:319  0:000  Searching for invalid DiskIo BY_DRIVER connects: not found, all ok
3:565  0:245  === [ InitScreen ] ==============================
3:569  0:004  Console modes reported: 4, available modes:
3:574  0:004   - [01]: 80x25 (current mode)
3:578  0:004   - [03]: 100x31
3:582  0:004   - [04]: 170x40
3:587  0:004  SetScreenResolution: 1920x1080 - not found!
3:595  0:008  SetMaxResolution: found best mode 0: 1366x768
3:604  0:008   - already set
3:609  0:005  Using embedded font
3:615  0:005  === [ ScanSPD ] =================================
3:619  0:004  SMBus device : 8086 A323 class=0C0500 status=Success
3:624  0:004  SMBus CmdReg: 0x3
3:628  0:004  Scanning SMBus [8086:A323], mmio: 0x12116004, ioport: 0xEFA0, hostc: 0x11
3:633  0:004  Slots to scan [8]...
3:638  0:004  SPD[0]: Got invalid type 0 @0x50. Will set page and retry.
3:643  0:004  SPD[0]: Type 12 @0x50
3:667  0:024  XMP Profile1: 4*125 -31 ns
3:671  0:004  Found module with XMP version 2.0
3:676  0:004  Using XMP Profile1 instead of standard frequency 2132MHz
3:680  0:004  DDR speed 4264MHz
3:684  0:004  Slot: 0 Type 26 8192MB 4264MHz Vendor=Corsair PartNo=CMK16GX4M2K4266C19 SerialNo=00000000
3:689  0:005  SPD[1]: Type 12 @0x51
3:714  0:024  XMP Profile1: 4*125 -31 ns
3:718  0:004  Found module with XMP version 2.0
3:723  0:004  Using XMP Profile1 instead of standard frequency 2132MHz
3:727  0:004  DDR speed 4264MHz
3:731  0:004  Slot: 1 Type 26 8192MB 4264MHz Vendor=Corsair PartNo=CMK16GX4M2K4266C19 SerialNo=00000000
3:737  0:005  === [ GetAcpiTablesList ] =======================
3:742  0:004  Get Acpi Tables List from RSDT: count=25
3:750  0:008   - [00]: FACP  A M I  len=132
3:755  0:004   - [01]: APIC  A M I  len=188
3:759  0:004   - [02]: FPDT  A M I  len=68
3:763  0:004   - [03]: FIDT  A M I len=156
3:768  0:004   - [04]: MCFG  A M I  len=60
3:772  0:004   - [05]: WSMT  A M I  len=40
3:777  0:004   - [06]: SSDT  SataTabl len=888
3:781  0:004   - [07]: SSDT  CpuSsdt len=6101
3:785  0:004   - [08]: SSDT  SaSsdt  len=12443
3:790  0:004   - [09]: SSDT  PegSsdt len=9048
3:795  0:004   - [10]: HPET  A M I  len=56
3:799  0:004   - [11]: SSDT  Ther_Rvp len=3998
3:804  0:004   - [12]: SSDT  xh_cfsd4 len=10579
3:808  0:004   - [13]: UEFI  A M I  len=72
3:812  0:004   - [14]: LPIT  A M I  len=92
3:817  0:004   - [15]: SSDT  PtidDevc len=10206
3:821  0:004   - [16]: SSDT  TbtTypeC len=4094
3:825  0:004   - [17]: DBGP  A M I  len=52
3:830  0:004   - [18]: DBG2  A M I  len=84
3:836  0:005   - [19]: SSDT  UsbCTabl len=6449
3:840  0:004   - [20]: SSDT  ADebTabl len=324
3:844  0:004   - [21]: VFCT  A M I  len=59524
3:849  0:004   - [22]: BGRT  A M I  len=56
3:853  0:004   - [23]: WPBT  A M I len=60
3:858  0:004   - [24]: TPM2  A M I  len=52
3:863  0:004   - [00]: Drop table : MATS,                0 :  no
3:871  0:008   - [01]: Drop table : DMAR,                0 :  no
3:880  0:008  Custom boot CUSTOM_BOOT_DISABLED (0x0)
3:884  0:004  Default theme: embedded
3:889  0:004  Set FakeCPUID: 0x0
3:894  0:005  === [ Found DSDT tables ] =======================
3:899  0:005  === [ InitKextList ] ============================
3:904  0:004  Added Kext=Other\USBMap.kext (1.0)
3:909  0:005  Added Kext=Other\FakeSMC.kext (3.5.6)
3:915  0:005  Added Kext=Other\NVMeFix.kext (1.1.0)
3:928  0:013  Added Kext=Other\AppleALC.kext (1.7.5)
3:935  0:007  === [ ScanVolumes ] =============================
3:941  0:005  Found 12 volumes with blockIO
3:945  0:004  - [00]: Volume: PciRoot(0x0)\Pci(0x17,0x0)\Sata(0x0,0xFFFF,0x0)
3:958  0:012  - [01]: Volume: PciRoot(0x0)\Pci(0x17,0x0)\Sata(0x0,0xFFFF,0x0)\HD(1,GPT,38DCC513-D608-408E-9D2F-1469C8B906A0,0x28,0x64000)
3:968  0:009          Result of bootcode detection: bootable unknown (legacy)
3:974  0:005            label : EFI
3:978  0:004  - [02]: Volume: PciRoot(0x0)\Pci(0x17,0x0)\Sata(0x0,0xFFFF,0x0)\HD(2,GPT,C20AA839-E88E-4CED-8CAB-9480B290394C,0x64028,0x15D466360)
4:006  0:028            label : Dati
4:011  0:004  - [03]: Volume: PciRoot(0x0)\Pci(0x1D,0x0)\Pci(0x0,0x0)\NVMe(0x1,CA-8F-B2-81-58-38-25-00)
4:020  0:008  - [04]: Volume: PciRoot(0x0)\Pci(0x1D,0x0)\Pci(0x0,0x0)\NVMe(0x1,CA-8F-B2-81-58-38-25-00)\HD(1,GPT,6E40A227-DDED-4325-B7CE-3959620EB39E,0x28,0x64000)
4:028  0:008          Result of bootcode detection: bootable unknown (legacy)
4:034  0:005            label : EFI
4:038  0:004          This is SelfVolume !!
4:043  0:004  - [05]: Volume: PciRoot(0x0)\Pci(0x1D,0x0)\Pci(0x0,0x0)\NVMe(0x1,CA-8F-B2-81-58-38-25-00)\HD(2,GPT,9508A8C6-F9B9-4EDD-ABC7-C1C4A019C410,0x64028,0x3A321FE0)
4:052  0:008          Result of bootcode detection: bootable unknown (legacy)
4:056  0:004  - [06]: Volume: PciRoot(0x0)\Pci(0x1D,0x0)\Pci(0x0,0x0)\NVMe(0x1,CA-8F-B2-81-58-38-25-00)\HD(2,GPT,9508A8C6-F9B9-4EDD-ABC7-C1C4A019C410,0x64028,0x3A321FE0)\VenMedia(BE74FCF7-0B7C-49F3-9147-01F4042E6842,F2738F7DD5B89341BB89C99D72294438)
4:065  0:008            apfsFileSystemUUID=7D8F73F2-B8D5-4193-BB89-C99D72294438, ApfsContainerUUID=85F3C012-2D6D-4FA1-A77E-71D7470E7FA2, ApfsRole=0x10
4:070  0:005            label : Preboot
4:074  0:004  - [07]: Volume: PciRoot(0x0)\Pci(0x1D,0x0)\Pci(0x0,0x0)\NVMe(0x1,CA-8F-B2-81-58-38-25-00)\HD(2,GPT,9508A8C6-F9B9-4EDD-ABC7-C1C4A019C410,0x64028,0x3A321FE0)\VenMedia(BE74FCF7-0B7C-49F3-9147-01F4042E6842,5D6490A424B7BC4F9AC8F7A23B1C4935)
4:083  0:008            apfsFileSystemUUID=A490645D-B724-4FBC-9AC8-F7A23B1C4935, ApfsContainerUUID=85F3C012-2D6D-4FA1-A77E-71D7470E7FA2, ApfsRole=0x40
4:100  0:016            label : Macintosh HD - Dati
4:104  0:004  - [08]: Volume: PciRoot(0x0)\Pci(0x1D,0x0)\Pci(0x0,0x0)\NVMe(0x1,CA-8F-B2-81-58-38-25-00)\HD(2,GPT,9508A8C6-F9B9-4EDD-ABC7-C1C4A019C410,0x64028,0x3A321FE0)\VenMedia(BE74FCF7-0B7C-49F3-9147-01F4042E6842,B6D67091A529BA4BA6736F0E24A99093)
4:113  0:009            apfsFileSystemUUID=9170D6B6-29A5-4BBA-A673-6F0E24A99093, ApfsContainerUUID=85F3C012-2D6D-4FA1-A77E-71D7470E7FA2, ApfsRole=0x4
4:117  0:004            label : Recovery
4:122  0:004  - [09]: Volume: PciRoot(0x0)\Pci(0x1D,0x0)\Pci(0x0,0x0)\NVMe(0x1,CA-8F-B2-81-58-38-25-00)\HD(2,GPT,9508A8C6-F9B9-4EDD-ABC7-C1C4A019C410,0x64028,0x3A321FE0)\VenMedia(BE74FCF7-0B7C-49F3-9147-01F4042E6842,C30BF988C32C724BB297A45648EE79C3)
4:130  0:008            apfsFileSystemUUID=88F90BC3-2CC3-4B72-B297-A45648EE79C3, ApfsContainerUUID=85F3C012-2D6D-4FA1-A77E-71D7470E7FA2, ApfsRole=0x1
4:137  0:006            label : Macintosh HD
4:141  0:004  - [10]: Volume: PciRoot(0x0)\Pci(0x1D,0x0)\Pci(0x0,0x0)\NVMe(0x1,CA-8F-B2-81-58-38-25-00)\HD(2,GPT,9508A8C6-F9B9-4EDD-ABC7-C1C4A019C410,0x64028,0x3A321FE0)\VenMedia(BE74FCF7-0B7C-49F3-9147-01F4042E6842,982FC8B0B1F22A41B736D33F4320CF33)
4:150  0:009            apfsFileSystemUUID=B0C82F98-F2B1-412A-B736-D33F4320CF33, ApfsContainerUUID=85F3C012-2D6D-4FA1-A77E-71D7470E7FA2, ApfsRole=0xc0
4:155  0:004            label : Update
4:159  0:004  - [11]: Volume: PciRoot(0x0)\Pci(0x1D,0x0)\Pci(0x0,0x0)\NVMe(0x1,CA-8F-B2-81-58-38-25-00)\HD(2,GPT,9508A8C6-F9B9-4EDD-ABC7-C1C4A019C410,0x64028,0x3A321FE0)\VenMedia(BE74FCF7-0B7C-49F3-9147-01F4042E6842,D0BFA628AA2C7548AE15EA6E25144D32)
4:168  0:009            apfsFileSystemUUID=28A6BFD0-2CAA-4875-AE15-EA6E25144D32, ApfsContainerUUID=85F3C012-2D6D-4FA1-A77E-71D7470E7FA2, ApfsRole=0x8
4:172  0:004            label : VM
4:177  0:004  No AudioIoProtocols, status=Not Found
4:181  0:004  === [ InitXTheme ] ==============================
4:186  0:004  use Daylight theme
4:190  0:004   using embedded theme
4:203  0:013  Using embedded font
4:208  0:004  theme inited
4:212  0:004  Chosen embedded theme
4:217  0:004  found boot-args in NVRAM:keepsyms=1 alcid=11 shikigva=80, size=32
4:221  0:004  ...found arg:keepsyms=1
4:225  0:004  ...adding arg:keepsyms=1
4:230  0:004  ...found arg:alcid=11
4:234  0:004  ...adding arg:alcid=11
4:238  0:004  ...found arg:shikigva=80
4:242  0:004  ...adding arg:shikigva=80
4:247  0:004  after NVRAM boot-args=-v agdpmod=pikera keepsyms=1 alcid=11 shikigva=80 
4:257  0:010  Scanning legacy ...
4:261  0:004  === [ Dump SMC keys from NVRAM ] ================
4:266  0:004  found AppleSMC protocol
4:279  0:012     fakesmc-key-RVBF-ch8*:02 46 0F 00 00 12 
4:315  0:036     fakesmc-key-#KEY-ui32:00 00 00 11 
4:343  0:027     fakesmc-key-$Adr-ui32:00 00 03 00 
4:371  0:027     fakesmc-key-$Num-ui8:01 
4:385  0:014     fakesmc-key-RMde-char:41 
4:400  0:014     fakesmc-key-RBr -ch8*:6A 31 33 38 5F 39 00 00 
4:445  0:044     fakesmc-key-EPCI-ui32:09 D0 F0 00 
4:475  0:030     fakesmc-key-REV -ch8*:02 46 0F 00 00 12 
4:512  0:036     fakesmc-key-RPlt-ch8*:6A 31 33 38 00 00 00 00 
4:558  0:046     fakesmc-key-BEMB-flag:00 
4:572  0:014     fakesmc-key-BATP-flag:00 
4:587  0:014     fakesmc-key-BNum-ui8:00 
4:601  0:014     fakesmc-key-MSTc-ui8:00 
4:616  0:014     fakesmc-key-MSAc-ui16:00 00 
4:635  0:019     fakesmc-key-MSWr-ui8:00 
4:654  0:019     fakesmc-key-MSFW-ui8:01 00 
4:676  0:021     fakesmc-key-MSPS-ui16:00 03 
4:700  0:024  Registered 17 SMC keys
4:709  0:008  === [ ScanLoader ] ==============================
4:714  0:004  - [01]: 'EFI'
4:790  0:076  - [02]: 'Dati'
4:847  0:057  - [04]: 'EFI'
4:859  0:011        AddLoaderEntry for Volume Name=EFI, idx=0
4:864  0:004        OSVersion= 
4:868  0:004        IconName=unknown comma=-1 size=7
4:873  0:004        Full=unknown
4:877  0:004        Loader entry created for 'PciRoot(0x0)\Pci(0x1D,0x0)\Pci(0x0,0x0)\NVMe(0x1,CA-8F-B2-81-58-38-25-00)\HD(1,GPT,6E40A227-DDED-4325-B7CE-3959620EB39E,0x28,0x64000)\EFI\BOOT\BOOTX64.efi'
4:882  0:004       hiding entry: \EFI\BOOT\BOOTX64.efi
4:886  0:004        Menu entry added at index 0
4:891  0:004       hiding entry because DiskKind is DISK_KIND_INTERNAL: \EFI\BOOT\BOOTX64.efi
4:895  0:004  - [06]: 'Preboot'
4:904  0:008      ApfsContainerUUID=85F3C012-2D6D-4FA1-A77E-71D7470E7FA2
4:908  0:004      ApfsFileSystemUUID=7D8F73F2-B8D5-4193-BB89-C99D72294438
4:913  0:004      APFSTargetUUID=A490645D-B724-4FBC-9AC8-F7A23B1C4935
4:918  0:004        contentDetails name:Macintosh HD
4:922  0:004        AddLoaderEntry for Volume Name=Preboot, idx=1
4:927  0:004        OSVersion=14.4 
4:931  0:004        Check if volume Is Hibernated:
4:936  0:004        Check sleep image 'by signature':
4:940  0:004        using default sleep image name = \private\var\vm\sleepimage
4:945  0:004        cannot open sleepimage -> Not Found
4:949  0:004        hibernated: no - sign
4:953  0:004        IconName=sonoma,mac comma=6 size=10
4:957  0:004        first=os_sonoma
4:962  0:004        Second=os_mac
4:966  0:004        IconName=unknown comma=-1 size=7
4:970  0:004        Full=unknown
4:975  0:004        Loader entry created for 'PciRoot(0x0)\Pci(0x1D,0x0)\Pci(0x0,0x0)\NVMe(0x1,CA-8F-B2-81-58-38-25-00)\HD(2,GPT,9508A8C6-F9B9-4EDD-ABC7-C1C4A019C410,0x64028,0x3A321FE0)\VenMedia(BE74FCF7-0B7C-49F3-9147-01F4042E6842,F2738F7DD5B89341BB89C99D72294438)\A490645D-B724-4FBC-9AC8-F7A23B1C4935\System\Library\CoreServices\boot.efi'
4:980  0:005        Menu entry added at index 1
4:984  0:004  - [07]: 'Macintosh HD - Dati'
4:993  0:008      ApfsContainerUUID=85F3C012-2D6D-4FA1-A77E-71D7470E7FA2
4:997  0:004      ApfsFileSystemUUID=A490645D-B724-4FBC-9AC8-F7A23B1C4935
5:001  0:004  - [08]: 'Recovery'
5:010  0:008      ApfsContainerUUID=85F3C012-2D6D-4FA1-A77E-71D7470E7FA2
5:014  0:004      ApfsFileSystemUUID=9170D6B6-29A5-4BBA-A673-6F0E24A99093
5:018  0:004      APFSTargetUUID=A490645D-B724-4FBC-9AC8-F7A23B1C4935
5:022  0:004        contentDetails name:Macintosh HD
5:027  0:005        AddLoaderEntry for Volume Name=Recovery, idx=2
5:032  0:004        OSVersion=14.4 
5:036  0:004        IconName=sonoma,mac comma=6 size=10
5:041  0:004        first=os_sonoma
5:045  0:004        Second=os_mac
5:049  0:004        IconName=unknown comma=-1 size=7
5:054  0:004        Full=unknown
5:058  0:004        Loader entry created for 'PciRoot(0x0)\Pci(0x1D,0x0)\Pci(0x0,0x0)\NVMe(0x1,CA-8F-B2-81-58-38-25-00)\HD(2,GPT,9508A8C6-F9B9-4EDD-ABC7-C1C4A019C410,0x64028,0x3A321FE0)\VenMedia(BE74FCF7-0B7C-49F3-9147-01F4042E6842,B6D67091A529BA4BA6736F0E24A99093)\A490645D-B724-4FBC-9AC8-F7A23B1C4935\BaseSystem.dmg'
5:063  0:005        Menu entry added at index 2
5:068  0:004  - [09]: 'Macintosh HD'
5:076  0:008      ApfsContainerUUID=85F3C012-2D6D-4FA1-A77E-71D7470E7FA2
5:081  0:004      ApfsFileSystemUUID=88F90BC3-2CC3-4B72-B297-A45648EE79C3
5:089  0:008  - [10]: 'Update'
5:098  0:008      ApfsContainerUUID=85F3C012-2D6D-4FA1-A77E-71D7470E7FA2
5:102  0:004      ApfsFileSystemUUID=B0C82F98-F2B1-412A-B736-D33F4320CF33
5:106  0:004  - [11]: 'VM'
5:115  0:008      ApfsContainerUUID=85F3C012-2D6D-4FA1-A77E-71D7470E7FA2
5:120  0:004      ApfsFileSystemUUID=28A6BFD0-2CAA-4875-AE15-EA6E25144D32
5:124  0:004  Entries list before ordering
5:129  0:004      Entry 0 : Boot UEFI internal from EFI (hidden)
5:133  0:004      Entry 1 : Boot Mac OS from Macintosh HD via Preboot
5:137  0:004      Entry 2 : Boot Mac OS Recovery for Macintosh HD via Recovery
5:141  0:004  Entries list after ordering
5:146  0:004    Entry 0 : Boot UEFI internal from EFI (hidden)
5:150  0:004    Entry 1 : Boot Mac OS from Macintosh HD via Preboot
5:154  0:004    Entry 2 : Boot Mac OS Recovery for Macintosh HD via Recovery
5:159  0:004  === [ AddCustomTool ] ===========================
5:163  0:004  found tool \EFI\CLOVER\tools\Shell64U.efi
5:167  0:004  Checking EFI partition Volume 1 for Clover
5:173  0:005   Found Clover
5:178  0:004  === [ GetEfiBootDeviceFromNvram ] ===============
5:182  0:004   - [!] efi-boot-device-data not found
5:189  0:007  Default boot entry not found
5:197  0:007  BannerPlace at Clear Screen [619,68]
5:216  0:019  GUI ready
7:474  2:257  Boot option 0 has other volume name Macintosh HDboot.efi
7:478  0:004  === [ StartLoader ] =============================
7:482  0:004  Starting PciRoot(0x0)\Pci(0x1D,0x0)\Pci(0x0,0x0)\NVMe(0x1,CA-8F-B2-81-58-38-25-00)\HD(2,GPT,9508A8C6-F9B9-4EDD-ABC7-C1C4A019C410,0x64028,0x3A321FE0)\VenMedia(BE74FCF7-0B7C-49F3-9147-01F4042E6842,F2738F7DD5B89341BB89C99D72294438)\A490645D-B724-4FBC-9AC8-F7A23B1C4935\System\Library\CoreServices\boot.efi
7:487  0:004  Finally: ExternalClock=26MHz BusSpeed=100014kHz CPUFreq=3600MHz PIS: hw.busfrequency=104000000Hz
7:496  0:008  Beginning OC
7:500  0:004  OCST: Missing vault data, ignoring...
7:505  0:004  AddKextsInArray from Other
7:509  0:004  ->Extra kext: Other\USBMap.kext (v.1.0)
7:514  0:004  ->Extra kext: Other\FakeSMC.kext (v.3.5.6)
7:518  0:004  ->Extra kext: Other\NVMeFix.kext (v.1.1.0)
7:522  0:004  ->Extra kext: Other\AppleALC.kext (v.1.7.5)
7:527  0:004  AddKextsInArray from Off
7:532  0:004  AddKextsInArray from 14
7:536  0:004  AddKextsInArray from 14_normal
7:540  0:004  AddKextsInArray from 14.4
7:545  0:004  AddKextsInArray from 14.4_normal
7:549  0:004  AddKextsInArray from 14.4.0
7:554  0:004  AddKextsInArray from 14.4.0_normal
7:558  0:004  Bridge kext to OC : Path=Other\FakeSMC.kext
7:563  0:005  Bridge kext to OC : Path=Other\AppleALC.kext
7:584  0:020  Bridge kext to OC : Path=Other\USBMap.kext
7:589  0:005  Bridge kext to OC : Path=Other\NVMeFix.kext
7:597  0:007  Start 'OpenRuntime.efi' : Status Success
7:602  0:004  OC: config config.plist
7:606  0:004  OC: Got 0 drivers
7:611  0:004  OC: OpenCore DBG-102-2024-09-12 is loading in Optional mode (0/0)...
7:615  0:004  OC: StorageHandle 0 with  LauncherOption pointing to 
7:620  0:005  OcOSInfoInstallProtocol
7:625  0:004  OCRTC: OcAppleRtcRamInstallProtocol
7:629  0:004  OCRTC: Wake log is 0x00 0x00   0 0x00
7:633  0:004  OcAppleFbInfoInstallProtocol
7:638  0:004  OcAppleEg2InfoInstallProtocol
7:642  0:004  OCEG: Discovered rotate NVRAM override to 0
7:647  0:004  OC: Loading Apple Secure Boot with Disabled (level 0)
7:652  0:005  OCABC: ALRBL 0 RTDFRG 1 DEVMMIO 1 NOSU 0 NOVRWR 0 NOSB 0 FBSIG 0 NOHBMAP 0 SMSLIDE 1 WRUNPROT 1
7:656  0:004  OCABC: FEXITBS 0 PRMRG 0 CSLIDE 1 MSLIDE 0 PRSRV 1 RBMAP 1 VMAP 1 APPLOS 0 RTPERMS 1 ARBAR -1 RBIO 0
7:661  0:004  OCABC: Got rendezvous with OpenRuntime r12
7:665  0:004  OCABC: MAT support is 1
7:669  0:004  OC: RequestBootVarRouting 0
7:675  0:005  OCDM: Found 0x20046/0x2003C UEFI version (376 bytes, 0 rebuilding to 376) gST 7AB3B018 gBS 6D82E3A0 gBS->CreateEventEx 6D81C904 &gBS 6D5062C0
7:680  0:004  OC: Setting GPU BARs to 0
7:684  0:004  OCDM: RBAR using PciIo
7:689  0:004  OCDM: Setting RBAR to 0 inc 1 on 3/18
7:693  0:004  OCDM: Capability I/O error - Unsupported
7:698  0:004  OCDM: RBAR is unsupported by device - Device Error
7:702  0:004  OCDM: Setting RBAR to 0 inc 1 on 5/18
7:706  0:004  OCDM: Capability I/O error - Unsupported
7:711  0:004  OCDM: RBAR is unsupported by device - Device Error
7:717  0:005  OC: Got 0 drivers
7:721  0:004  OCC: Installing GOP (Unsupported) on ConsoleOutHandle...
7:726  0:004  OC: Requested resolution is 1920x1080@0 (max: 0, force: 0) from 1920x1080
7:730  0:004  OCC: Using builtin text renderer with 1 scale
7:735  0:004  OCC: Install console control (6D4F13D0/6D815D88/0), current - Success
7:739  0:004  OCC: Setup ASCII Output - Success
7:744  0:004  OC: Requested console mode is 0x0 (max: 0) from 
7:748  0:004  OC: Invalid HibernateMode: 
7:753  0:004  OC: Translated HibernateMode  to 0
7:758  0:004  OC: Hibernation activation - Invalid Parameter, hibernation wake - no
7:762  0:004  OC: Panic log does not exist
7:767  0:004  OCABC: IsEfiBootRt 0 (BP 1, Apple 0)
7:773  0:005  OCB: Arch filtering 72AFF018(723512)->72AFF018(723512) caps 0 - Success
7:784  0:011  ImageHandle = 73004e98
7:792  0:008  GetOSVersion: 14.4 (s)
7:801  0:008  Will not patch boot.efi
7:805  0:004  Using latest BiosVersion from config instead of default 'IM191.88Z.F000.B00.2302212211'
7:810  0:004  Using latest BiosReleaseDate from config instead of default '02/21/2023'
7:814  0:004  BiosVersion: IM191.88Z.F000.B00.2308061817
7:819  0:004  BiosReleaseDate: 08/06/2023
7:823  0:004  EfiVersion: 1968.100.16.0.1
7:827  0:004  SMBIOS reloaded with model iMac19,1
7:832  0:004  Set FakeCPUID: 0x0
7:837  0:004  === [ PatchSmbios ] =============================
7:841  0:004  UpdateSmbiosString : BiosVersion=EfiVersion=1968.100.16.0.1
7:846  0:004  UpdateSmbiosString : ReleaseDate=08/06/2023
7:850  0:004  void PatchTableType1(const SmbiosInjectedSettings&) : UpdateSmbiosString ProductName=iMac19,1
7:855  0:004  void PatchTableType2(const SmbiosInjectedSettings&) : UpdateSmbiosString ProductName=BoardNumber=Mac-AA95B1DDAB278B95
7:860  0:004  void PatchTableType2(const SmbiosInjectedSettings&) : UpdateSmbiosString Version=BoardVersion=iMac19,1
7:864  0:004  insert table 9 for dev 0:0
7:869  0:004  insert table 9 for dev 0:1
7:873  0:004  insert table 9 for dev 1F:6
7:878  0:004  Table 11 present, but rewritten for us
7:883  0:005  Do not inject memory table
7:888  0:004  Trusting SMBIOS...
7:892  0:004  Channels: 1
7:897  0:004  Interleave: 0 1 2 3
7:924  0:026  trusted SMBIOS data, table index 0:
7:928  0:004    gRAM.SMBIOS[0]->ModuleSize = 8192
7:932  0:004    gRAM.SMBIOS[0]->Type = 0
7:937  0:004    gRAM.SMBIOS[0]->Frequency = 3200
7:941  0:004    gRAM.SMBIOS[0]->Vendor = Corsair
7:946  0:004    gRAM.SMBIOS[0]->PartNo = CMK16GX4M2K4266C19
7:950  0:004    gRAM.SMBIOS[0]->SerialNo = 00000000
7:955  0:004  SPD data in use:
7:959  0:004    gRAM.SPD[0]->ModuleSize = 8192
7:963  0:004    gRAM.SPD[0]->Type = 26
7:968  0:004    gRAM.SPD[0]->Frequency = 4264
7:972  0:004    gRAM.SPD[0]->Vendor = Corsair
7:977  0:004    gRAM.SPD[0]->SerialNo = 00000000
7:981  0:004    gRAM.SPD[0]->PartNo = CMK16GX4M2K4266C19
7:986  0:004    SMBIOS Type 17 Index = 0 => SMBIOSIndex=0 SPDIndex=0:
7:990  0:004  BANK 0 DIMM0 4264MHz 8192MB(Ext:0MB)
7:995  0:004  trusted SMBIOS data, table index 1:
7:999  0:004    gRAM.SMBIOS[1]->ModuleSize = 8192
8:003  0:004    gRAM.SMBIOS[1]->Type = 0
8:008  0:004    gRAM.SMBIOS[1]->Frequency = 3200
8:012  0:004    gRAM.SMBIOS[1]->Vendor = Corsair
8:016  0:004    gRAM.SMBIOS[1]->PartNo = CMK16GX4M2K4266C19
8:021  0:004    gRAM.SMBIOS[1]->SerialNo = 00000000
8:025  0:004  SPD data in use:
8:030  0:004    gRAM.SPD[1]->ModuleSize = 8192
8:034  0:004    gRAM.SPD[1]->Type = 26
8:039  0:004    gRAM.SPD[1]->Frequency = 4264
8:043  0:004    gRAM.SPD[1]->Vendor = Corsair
8:048  0:004    gRAM.SPD[1]->SerialNo = 00000000
8:052  0:004    gRAM.SPD[1]->PartNo = CMK16GX4M2K4266C19
8:056  0:004    SMBIOS Type 17 Index = 1 => SMBIOSIndex=1 SPDIndex=1:
8:061  0:004  BANK 0 DIMM1 4264MHz 8192MB(Ext:0MB)
8:065  0:004  !trusted SMBIOS data, Table index 2:!gRAM.SMBIOS.doesSlotForIndexExist(SMBIOSIndex) 
8:079  0:013    SMBIOS Type 17 Index = 2 => SMBIOSIndex=2 SPDIndex=2:
8:083  0:004  BANK 0 DIMM2 EMPTY
8:087  0:004  !trusted SMBIOS data, Table index 3:!gRAM.SMBIOS.doesSlotForIndexExist(SMBIOSIndex) 
8:100  0:012    SMBIOS Type 17 Index = 3 => SMBIOSIndex=3 SPDIndex=3:
8:105  0:004  BANK 0 DIMM3 EMPTY
8:109  0:004  mTotalSystemMemory = 16384
8:113  0:004  NumberOfMemoryDevices = 4
8:117  0:004  Type20[0]->End = 0x7FFFFF, Type17[0] = 2000
8:121  0:004  Type20[1]->End = 0xFFFFFF, Type17[1] = 6000
8:126  0:004  Table 131 is present, CPUType=35
8:130  0:004  Change to: 1005
8:134  0:004  === [ PatchACPI ] ===============================
8:139  0:004  OCABC: AllocPages 1 0x7A308000 (1) - Success
8:143  0:004  Xsdt reallocation done
8:147  0:004  OCABC: AllocPages 1 0x7A307000 (1) - Success
8:152  0:004  old FADT length=114
8:156  0:004   SignatureFixup: 0x7173A1F4 -> 0x0
8:161  0:004  Found OperationRegion(GNVS, SystemMemory, 7A345000, ...)
8:165  0:004  Found OperationRegion(RAMW, SystemMemory, 7A349018, ...)
8:170  0:004  Found OperationRegion(RAMX, SystemMemory, 7A2A5018, ...)
8:174  0:004  Found OperationRegion(PNVA, SystemMemory, 7A3D1B98, ...)
8:179  0:004  Found OperationRegion(THBA, SystemMemory, FE200000, ...)
8:184  0:005  Found OperationRegion(BNVS, SystemMemory, 7A35A000, ...)
8:188  0:004  Found OperationRegion(SMBD, SystemMemory, E00FC004, ...)
8:193  0:004  Found OperationRegion(TMMB, SystemMemory, FED40000, ...)
8:197  0:004  Found OperationRegion(CRBD, SystemMemory, FED40000, ...)
8:202  0:004  Found OperationRegion(TPMR, SystemMemory, FED40040, ...)
8:209  0:007  Found OperationRegion(ATNV, SystemMemory, 7A3D1F98, ...)
8:216  0:007  Found OperationRegion(WPBR, SystemMemory, 7A333000, ...)
8:221  0:004  OCABC: AllocPages 1 0x7A2B8000 (79) - Success
8:225  0:004  Apply DsdtFixMask=0x10400000
8:229  0:004  === [ FixBiosDsdt ] =============================
8:234  0:004  Patching DSDT:
8:238  0:004   - [change EC0 to EC]: pattern 4543305F, patched at: [ (F96F) ]
8:263  0:024   - [change HECI to IMEI]: pattern 48454349, patched at: [ (18CAE) ]
8:292  0:028   deleting device CRT_
8:300  0:008   deleting device DVI_
8:309  0:008   deleting device SPKR
8:318  0:008   deleting device ECP_
8:326  0:008   deleting device LPT_
8:335  0:008   deleting device FDC0
8:344  0:008   deleting device ECP1
8:352  0:008   deleting device LPT1
8:361  0:008   deleting device FDC_
8:370  0:008    indirect name=RAMB
8:374  0:004    indirect name=RAMA
8:379  0:004    indirect name=PNVB
8:383  0:004  OperationRegion (THBA...) corrected from 0x0 to addr=0xFE200000
8:388  0:004    indirect name=TPMM
8:392  0:004    indirect name=FTPM
8:397  0:004    indirect name=PPIM
8:401  0:004  PreCleanup XSDT: count=25, length=236
8:406  0:004  PreCleanup XSDT, corrected XSDT: count=25, length=236
8:411  0:004  === [ ACPIPatchedAML ] ==========================
8:415  0:004  AutoMerge pass 1
8:420  0:004  Unsorted
8:424  0:004  Inserting SSDT-AWAC.aml from \EFI\CLOVER\ACPI\patched: ignore on pass 1
8:433  0:008  Inserting SSDT-EC-USBX.aml from \EFI\CLOVER\ACPI\patched: ignore on pass 1
8:442  0:009  Inserting SSDT-PLUG.aml from \EFI\CLOVER\ACPI\patched: ignore on pass 1
8:451  0:009  Inserting SSDT-PMC.aml from \EFI\CLOVER\ACPI\patched: ignore on pass 1
8:460  0:008  Inserting SSDT-UIAC.aml from \EFI\CLOVER\ACPI\patched: ignore on pass 1
8:469  0:008  === [ ACPIDropTables ] ==========================
8:474  0:004  OCABC: AllocPages 1 0x7A2B6000 (2) - Success
8:478  0:004  OCABC: AllocPages 1 0x7A2B6000 (2) - Success
8:483  0:004  OCABC: AllocPages 1 0x7A2B6000 (2) - Success
8:487  0:004  OCABC: AllocPages 1 0x7A2B6000 (2) - Success
8:492  0:004  OCABC: AllocPages 1 0x7A2B6000 (2) - Success
8:496  0:004  OCABC: AllocPages 1 0x7A2B6000 (2) - Success
8:500  0:004  Patching SSDTs: 2 patches each
8:505  0:004   pattern 4543305F, bin not found / already patched!
8:514  0:009   pattern 48454349, bin not found / already patched!
8:523  0:008  OCABC: AllocPages 1 0x7A2B3000 (3) - Success
8:527  0:004  Patching SSDTs: 2 patches each
8:532  0:004   pattern 4543305F, bin not found / already patched!
8:540  0:008   pattern 48454349, bin not found / already patched!
8:550  0:009  Found OperationRegion(PNVS, SystemMemory, 7ADF2000, ...)
8:554  0:004  OCABC: AllocPages 1 0x7A2AE000 (5) - Success
8:559  0:004  Patching SSDTs: 2 patches each
8:563  0:004   pattern 4543305F, bin not found / already patched!
8:572  0:008   pattern 48454349, bin not found / already patched!
8:581  0:008  Found OperationRegion(SANV, SystemMemory, 7A3D1118, ...)
8:585  0:004  OCABC: AllocPages 1 0x7A2AA000 (4) - Success
8:590  0:004  Patching SSDTs: 2 patches each
8:595  0:004   pattern 4543305F, bin not found / already patched!
8:604  0:008   pattern 48454349, bin not found / already patched!
8:613  0:008  OCABC: AllocPages 1 0x7A2A8000 (2) - Success
8:617  0:004  OCABC: AllocPages 1 0x7A2A8000 (2) - Success
8:622  0:004  Patching SSDTs: 2 patches each
8:626  0:004   pattern 4543305F, bin not found / already patched!
8:635  0:008   pattern 48454349, bin not found / already patched!
8:644  0:008  OCABC: AllocPages 1 0x7A129000 (4) - Success
8:648  0:004  Patching SSDTs: 2 patches each
8:653  0:004   pattern 4543305F, bin not found / already patched!
8:662  0:009   pattern 48454349, bin not found / already patched!
8:671  0:008  OCABC: AllocPages 1 0x7A2A6000 (2) - Success
8:675  0:004  OCABC: AllocPages 1 0x7A2A6000 (2) - Success
8:680  0:004  OCABC: AllocPages 1 0x7A125000 (4) - Success
8:684  0:004  Patching SSDTs: 2 patches each
8:689  0:004   pattern 4543305F, bin not found / already patched!
8:701  0:011   pattern 48454349, bin not found / already patched!
8:710  0:009  OCABC: AllocPages 1 0x7A2A6000 (2) - Success
8:714  0:004  Patching SSDTs: 2 patches each
8:719  0:004   pattern 4543305F, bin not found / already patched!
8:728  0:009   pattern 48454349, bin not found / already patched!
8:737  0:008  OCABC: AllocPages 1 0x7A123000 (2) - Success
8:741  0:004  OCABC: AllocPages 1 0x7A123000 (2) - Success
8:746  0:004  OCABC: AllocPages 1 0x7A122000 (3) - Success
8:750  0:004  Patching SSDTs: 2 patches each
8:755  0:004   pattern 4543305F, bin not found / already patched!
8:764  0:009   pattern 48454349, bin not found / already patched!
8:773  0:008  OCABC: AllocPages 1 0x7A120000 (2) - Success
8:777  0:004  Patching SSDTs: 2 patches each
8:782  0:004   pattern 4543305F, bin not found / already patched!
8:790  0:008   pattern 48454349, bin not found / already patched!
8:799  0:008  Found OperationRegion(ADHD, SystemMemory, 78C93000, ...)
8:803  0:004  Found OperationRegion(ABLK, SystemMemory, 78C93020, ...)
8:807  0:004  OCABC: AllocPages 1 0x7A110000 (16) - Success
8:812  0:004  OCABC: AllocPages 1 0x7A11E000 (2) - Success
8:816  0:004  OCABC: AllocPages 1 0x7A11E000 (2) - Success
8:821  0:004  OCABC: AllocPages 1 0x7A11E000 (2) - Success
8:825  0:004  === [ ACPIPatchedAML ] ==========================
8:830  0:004  AutoMerge pass 2
8:835  0:005  Unsorted
8:840  0:004  Inserting SSDT-AWAC.aml from \EFI\CLOVER\ACPI\patched: size=73 OCABC: AllocPages 1 0x7A11F000 (1) - Success
... Success
8:858  0:017  Inserting SSDT-EC-USBX.aml from \EFI\CLOVER\ACPI\patched: size=7341 OCABC: AllocPages 1 0x7A11D000 (2) - Success
... Success
8:876  0:018  Inserting SSDT-PLUG.aml from \EFI\CLOVER\ACPI\patched: size=693 OCABC: AllocPages 1 0x7A11C000 (1) - Success
... Success
8:894  0:017  Inserting SSDT-PMC.aml from \EFI\CLOVER\ACPI\patched: size=414 OCABC: AllocPages 1 0x7A11B000 (1) - Success
... Success
8:911  0:017  Inserting SSDT-UIAC.aml from \EFI\CLOVER\ACPI\patched: size=693 OCABC: AllocPages 1 0x7A11A000 (1) - Success
... Success
8:929  0:017  ApicCPUNum=1
8:933  0:004  Maximum control=0x24
8:937  0:004  Turbo control=0x31
8:942  0:004  P-States: min 0x8, max 0x31
8:946  0:004  SSDT with plugin-type without P-States is generated
8:950  0:004  OCABC: AllocPages 1 0x7A119000 (1) - Success
8:955  0:004  Cleanup XSDT: count=31, length=284
8:959  0:004  corrected XSDT count=31, length=284
8:963  0:004  === [ RestSetup macOS ] =========================
8:967  0:004  ATI injection not set
8:972  0:004  Intel GFX injection not set
8:976  0:004   RCBA disabled; cannot use it
8:981  0:004   setting specified layout-id=1 (0x1)
8:985  0:004  stringlength = 458
8:990  0:004  OCABC: AllocPages 1 0x7A118000 (1) - Success
8:994  0:004  CurrentMode: Width=1366 Height=768
8:999  0:004  SetNvramVariable (system-id, 4D1EDE05-38C7-4A6A-9CC6-4BCCA8B38C14, 0x2, 16): -> writing new (Success)
9:008  0:009  SetNvramVariable (MLB, 4D1EDE05-38C7-4A6A-9CC6-4BCCA8B38C14, 0x6, 17): -> writing new (Success)
9:018  0:009  SetNvramVariable (ROM, 4D1EDE05-38C7-4A6A-9CC6-4BCCA8B38C14, 0x6, 6): -> writing new (Success)
9:028  0:009  SetNvramVariable (FirmwareFeatures, 4D1EDE05-38C7-4A6A-9CC6-4BCCA8B38C14, 0x6, 4): -> writing new (Success)
9:037  0:009  SetNvramVariable (FirmwareFeaturesMask, 4D1EDE05-38C7-4A6A-9CC6-4BCCA8B38C14, 0x6, 4): -> writing new (Success)
9:047  0:009  SetNvramVariable (ExtendedFirmwareFeatures, 4D1EDE05-38C7-4A6A-9CC6-4BCCA8B38C14, 0x6, 8): -> writing new (Success)
9:057  0:009  SetNvramVariable (ExtendedFirmwareFeaturesMask, 4D1EDE05-38C7-4A6A-9CC6-4BCCA8B38C14, 0x6, 8): -> writing new (Success)
9:070  0:012  AddNvramVariable (HW_BID, 4D1EDE05-38C7-4A6A-9CC6-4BCCA8B38C14, 0x6, 20): -> writing new (Success)
9:079  0:009  AddNvramVariable (security-mode, 7C436110-AB2A-4BBB-A880-FE41995C9F82, 0x7, 5): -> already exists, abort
9:088  0:008  set DefaultBackgroundColor=0xfbfbfb
9:092  0:004  SetNvramVariable (DefaultBackgroundColor, 4D1EDE05-38C7-4A6A-9CC6-4BCCA8B38C14, 0x7, 4): -> writing new (Success)
9:106  0:013  SetNvramVariable (ActualDensity, 7C436110-AB2A-4BBB-A880-FE41995C9F82, 0x7, 2): exists(0x7, 2), equal -> not writing again.
9:125  0:019  SetNvramVariable (DensityThreshold, 7C436110-AB2A-4BBB-A880-FE41995C9F82, 0x7, 2): exists(0x7, 2), equal -> not writing again.
9:138  0:013  SetNvramVariable (gfx-saved-config-restore-status, 4D1EDE05-38C7-4A6A-9CC6-4BCCA8B38C14, 0x7, 8): exists(0x7, 8), equal -> not writing again.
9:152  0:014  DeleteNvramVariable (UIScale, 4D1EDE05-38C7-4A6A-9CC6-4BCCA8B38C14):
9:157  0:005  DeleteNvramVariable (EFILoginHiDPI, 7C436110-AB2A-4BBB-A880-FE41995C9F82):
9:162  0:004  SetNvramVariable (flagstate, 7C436110-AB2A-4BBB-A880-FE41995C9F82, 0x7, 32): exists(0x7, 32), equal -> not writing again.
9:174  0:012  SetNvramVariable (csr-active-config, 7C436110-AB2A-4BBB-A880-FE41995C9F82, 0x7, 4): exists(0x7, 4), equal -> not writing again.
9:188  0:013  DeleteNvramVariable (BridgeOSHardwareModel, 4D1EDE05-38C7-4A6A-9CC6-4BCCA8B38C14):
9:193  0:004  DeleteNvramVariable (bootercfg, 7C436110-AB2A-4BBB-A880-FE41995C9F82):
9:199  0:005  DeleteNvramVariable (nvda_drv, 7C436110-AB2A-4BBB-A880-FE41995C9F82):
9:204  0:005  DeleteNvramVariable (recovery-boot-mode, 7C436110-AB2A-4BBB-A880-FE41995C9F82):
9:208  0:004  AddNvramVariable (wake-failure, 7C436110-AB2A-4BBB-A880-FE41995C9F82, 0x7, 5): -> already exists, abort
9:218  0:009  DeleteNvramVariable (opencore-version, 7C436110-AB2A-4BBB-A880-FE41995C9F82):
9:223  0:005  DeleteNvramVariable (ApBoardID, 94B73556-2197-4702-82A8-3E1337DAFBFB):
9:228  0:005  DeleteNvramVariable (ApSecurityDomain, 94B73556-2197-4702-82A8-3E1337DAFBFB):
9:233  0:005  DeleteNvramVariable (ApProductionStatus, 94B73556-2197-4702-82A8-3E1337DAFBFB):
9:238  0:004  DeleteNvramVariable (ApSecurityMode, 94B73556-2197-4702-82A8-3E1337DAFBFB):
9:243  0:005  DeleteNvramVariable (EffectiveProductionStatus, 94B73556-2197-4702-82A8-3E1337DAFBFB):
9:248  0:005  DeleteNvramVariable (EffectiveSecurityMode, 94B73556-2197-4702-82A8-3E1337DAFBFB):
9:254  0:005  DeleteNvramVariable (CertificateEpoch, 94B73556-2197-4702-82A8-3E1337DAFBFB):
9:259  0:005  DeleteNvramVariable (MixNMatchPreventionStatus, 94B73556-2197-4702-82A8-3E1337DAFBFB):
9:264  0:005  DeleteNvramVariable (CryptoDigestMethod, 94B73556-2197-4702-82A8-3E1337DAFBFB):
9:269  0:004  DeleteNvramVariable (InternalUseOnlyUnit, 94B73556-2197-4702-82A8-3E1337DAFBFB):
9:274  0:005  DeleteNvramVariable (ApECID, 94B73556-2197-4702-82A8-3E1337DAFBFB):
9:279  0:005  DeleteNvramVariable (HardwareModel, 94B73556-2197-4702-82A8-3E1337DAFBFB):
9:284  0:004  Use origin smbios table type 1 guid.
9:307  0:023  DeleteNvramVariable (efi-boot-device, 7C436110-AB2A-4BBB-A880-FE41995C9F82):
9:312  0:005  DeleteNvramVariable (efi-boot-device-data, 7C436110-AB2A-4BBB-A880-FE41995C9F82):
9:317  0:005  DeleteNvramVariable (BootCampHD, 7C436110-AB2A-4BBB-A880-FE41995C9F82):
9:321  0:004  Custom boot screen not used because entry has unset use graphics
9:327  0:005  DeleteNvramVariable (IOHibernateRTCVariables, 7C436110-AB2A-4BBB-A880-FE41995C9F82):
9:333  0:005  DeleteNvramVariable (boot-image, 7C436110-AB2A-4BBB-A880-FE41995C9F82):
9:337  0:004  Kernel quirks
9:342  0:004  ACPCL 1 AXCL 1 AXEM 0 AXFB 0 CSG 0 DIM 0 DLJ 0 DRC 1 DPM 0 EBTFF 0 EDI 0 FAI 0 IPBS 0 LKP 0 PNKD 0 PTKP 0 TPD 0 XPL 0 PCC 0
9:346  0:004  Closing log
9:351  0:004  OCABC: AllocPages 2 0x91000 (14) - Success
9:355  0:004  OCABC: AllocPages 2 0x6F762000 (14) - Success
9:359  0:004  OCABC: Recovering trashed GetMemoryMap pointer
9:366  0:006  OCABC: Patching safe mode sur-2 at off ACF4
9:370  0:004  OCABC: AllocPages 2 0x777E6000 (512) - Success
9:375  0:004  OCABC: AllocPages 2 0x777E5000 (1) - Success
9:379  0:004  OC: Supported boot capabilities 4
9:384  0:004  OCABC: AllocPages 2 0x777E4000 (1) - Success
9:388  0:004  OCABC: MMIO devirt start
9:393  0:004  OCABC: MMIO devirt 0xE0000000 (0x10000 pages, 0x800000000000100D) skip 0
9:397  0:004  OCABC: MMIO devirt 0xFE000000 (0x11 pages, 0x8000000000000001) skip 0
9:402  0:004  OCABC: MMIO devirt 0xFEC00000 (0x1 pages, 0x800000000000100D) skip 0
9:407  0:004  OCABC: MMIO devirt 0xFED00000 (0x4 pages, 0x800000000000100D) skip 0
9:411  0:004  OCABC: MMIO devirt 0xFEE00000 (0x1 pages, 0x8000000000000001) skip 0
9:416  0:004  OCABC: MMIO devirt 0xFF000000 (0x1000 pages, 0x800000000000100D) skip 0
9:420  0:004  OCABC: MMIO devirt end, saved 278620 KB
9:425  0:004  OCABC: All slides are usable! You can disable ProvideCustomSlide!
9:430  0:005  OCOS: OS set: <null> macOS 11.0
9:438  0:007  OCOS: OS set: Apple Inc. macOS 11.0
9:445  0:007  OCOS: Should use black background
9:449  0:004  OCABC: AllocPages 1 0x6D2E4000 (1) - Success
9:466  0:016  OC: Opening file System\Library\Kernels\kernel with 1 mode gave - Not Found
9:470  0:004  OC: Opening file \A490645D-B724-4FBC-9AC8-F7A23B1C4935 with 1 mode gave - Success
9:475  0:004  OC: Opening file \A490645D-B724-4FBC-9AC8-F7A23B1C4935\System\Library\CoreServices\com.apple.Boot.plist with 1 mode gave - Not Found
9:480  0:004  OC: Opening file Library\Preferences\SystemConfiguration\com.apple.Boot.plist with 1 mode gave - Success
9:485  0:004  OC: Opening file \A490645D-B724-4FBC-9AC8-F7A23B1C4935\System\Library\CoreServices\PlatformSupport.plist with 1 mode gave - Success
9:489  0:004  OCABC: AllocPages 2 0x17100000 (51544) - Success
9:494  0:004  OC: Opening file System\Library\Caches\com.apple.corestorage\EncryptedRoot.plist.wipekey with 1 mode gave - Success
9:504  0:010  OC: Opening file \A490645D-B724-4FBC-9AC8-F7A23B1C4935\System\Library\CoreServices\boot.efi with 1 mode gave - Success
9:533  0:028  OC: Opening file boot\System\Library\KernelCollections\BootKernelExtensions.kc.development with 1 mode gave - Not Found
9:551  0:018  OC: Opening file boot\System\Library\KernelCollections\BootKernelExtensions.kc with 1 mode gave - Success
9:555  0:004  OC: Load and reserve Kext Other\FakeSMC.kext
9:561  0:005  OC: Load and reserve Kext Other\AppleALC.kext
9:569  0:008  OC: Load and reserve Kext Other\USBMap.kext
9:574  0:004  OC: Load and reserve Kext Other\NVMeFix.kext
9:582  0:007  OC: Kext reservation size info 562000 exe 1C6000
9:586  0:004  OC: Trying 64-bit XNU hook on boot\System\Library\KernelCollections\BootKernelExtensions.kc
9:591  0:004  OCAK: Found 64-bit Mach-O compressed 0 offset 0 size 0
9:596  0:004  OCAK: Determined kernel size is 62734336 bytes
9:631  0:035  OC: Result of 64-bit XNU hook on boot\System\Library\KernelCollections\BootKernelExtensions.kc (00000000) is Success
9:679  0:047  OCAK: Read kernel version 23.4.0 (230400)
9:683  0:004  OCAK: 64-bit patcher base 0xFFFFFF8000200000 kmod 0x0 file 0x0
9:689  0:005  OCAK: Zeroing _xcpm_core_scope_msrs 0xE2 applicable CPUs (76)
9:693  0:004  OCAK: Zeroing _xcpm_core_scope_msrs 0xE2 applicable CPUs (406416)
9:697  0:004  OCAK: Zeroing _xcpm_core_scope_msrs 0xE2 applicable CPUs (16384)
9:702  0:005  Replace B9E20000000F30 by B9E20000009090 at ofs:30E
9:776  0:073  Replace B9E20000000F30 by B9E20000009090 at ofs:39B
9:849  0:073  OCAK: 64-bit XcpmCfgLockRel replace count - 2
9:854  0:004  OCAK: [OK] Success XcpmCfgLock patch
9:897  0:043  OCAK: org.netkas.FakeSMC got KXLD 0 0
9:902  0:004  OCAK: Requesting __LINKEDIT for org.netkas.FakeSMC - 6CBBC398 at 3BD5000
9:906  0:004  OCAK: Requesting SymbolTable for org.netkas.FakeSMC - 601
9:911  0:004  OCAK: Requesting __LINKEDIT for __kernel__ - 68FF2688 at 0
9:915  0:004  OCAK: Requesting SymbolTable for __kernel__ - 22799
9:942  0:026  OCAK: Patching invalid size 2000 with 19DF000 for com.apple.iokit.IOACPIFamily
9:946  0:004  OCAK: com.apple.iokit.IOACPIFamily got KXLD 0 0
9:951  0:004  OCAK: Requesting __LINKEDIT for com.apple.iokit.IOACPIFamily - 6B1DD518 at 21F6000
9:955  0:004  OCAK: Requesting SymbolTable for com.apple.iokit.IOACPIFamily - 544
9:967  0:011  OCAK: Local relocs 1148 on FFFFFF8003CD5000
9:972  0:005  OC: Prelinked injection Other\FakeSMC.kext () - Success
9:981  0:008  OCAK: as.vit9696.AppleALC got KXLD 0 0
9:985  0:004  OCAK: Requesting __LINKEDIT for as.vit9696.AppleALC - 6CBD43E8 at 3BED000
9:990  0:004  OCAK: Requesting SymbolTable for as.vit9696.AppleALC - 444
9:998  0:008  OCAK: Patching invalid size 32000 with 156F000 for com.apple.iokit.IOPCIFamily
10:003  0:004  OCAK: com.apple.iokit.IOPCIFamily got KXLD 0 0
10:007  0:004  OCAK: Requesting __LINKEDIT for com.apple.iokit.IOPCIFamily - 6B64D518 at 2666000
10:011  0:004  OCAK: Requesting SymbolTable for com.apple.iokit.IOPCIFamily - 1531
10:026  0:014  OCAK: Symbol _lilu has 0-value
10:030  0:004  OCAK: Symbol __ZN10DeviceInfo6createEv has 0-value
10:046  0:015  OC: Prelinked injection Other\AppleALC.kext () - Invalid Parameter
10:050  0:004  OC: Prelinked injection Other\USBMap.kext () - Success
10:055  0:004  OCAK: org.acidanthera.NVMeFix got KXLD 0 0
10:060  0:004  OCAK: Requesting __LINKEDIT for org.acidanthera.NVMeFix - 6CBD4438 at 3BED000
10:064  0:004  OCAK: Requesting SymbolTable for org.acidanthera.NVMeFix - 363
10:075  0:011  OCAK: Symbol __ZN18EfiRuntimeServices14LiluVendorGuidE has 0-value
10:079  0:004  OCAK: Symbol _lilu has 0-value
10:084  0:004  OCAK: Symbol __ZN12Disassembler9hdeDisasmEyP6hde64s has 0-value
10:089  0:004  OC: Prelinked injection Other\NVMeFix.kext () - Invalid Parameter
10:093  0:004  OC: Prelink size 62836736 kext offset 62738432 reserved 1859584
10:097  0:004  OCAK: KC TEXT is 65536 bytes with 61800 Mach-O headers need 280
10:115  0:018  OCAK: Failed to pk find com.apple.driver.AppleIntelCPUPowerManagement - Not Found
10:120  0:004  OCAK: [OK] Skipping PatchAppleCpuPmCfgLock on NULL Patcher on kernel version 230400
10:125  0:005  OCAK: Patching invalid size 5FF4 with 2193000 for com.apple.driver.AppleRTC
10:129  0:004  OCAK: com.apple.driver.AppleRTC got KXLD 0 0
10:134  0:004  Replace BE58000000/FFFEFFFFFF(BE58000000) by BEFFFF0000 at ofs:1AED
10:255  0:121  Replace BE58000000/FFFEFFFFFF(BE59000000) by BEFFFF0000 at ofs:1AFE
10:370  0:114  Replace BE58000000/FFFEFFFFFF(BE58000000) by BEFFFF0000 at ofs:1DE3
10:486  0:115  Replace BE58000000/FFFEFFFFFF(BE59000000) by BEFFFF0000 at ofs:1DF3
10:599  0:113  OCAK: 64-bit DisableRtcChecksum64 replace count - 4
10:603  0:004  OCAK: [OK] Patch success com.apple.driver.AppleRTC DisableRtcChecksum
10:728  0:124  OC: Prelinked status - Success
10:773  0:045  OC: Opening file usr\standalone\OS.dmg.root_hash with 1 mode gave - Success
10:783  0:010  OC: Opening file usr\standalone\OS.dmg.root_hash.x86legacyap.im4m with 1 mode gave - Success
10:794  0:010  OCABC: AllocPages 0 0x72FEF000 (1) - Success
10:798  0:004  OCABC: AllocPages 0 0x72FEE000 (1) - Success
