0:100  0:100  MemLog inited, TSC freq: 3600498600
0:100  0:000  CPU was calibrated with RTC
0:100  0:000  CloverX64 : Image base = 0x6D404000
0:100  0:000  Clover ImageHandle = 75edb818
0:102  0:002  SelfDirPath = \EFI\CLOVER
0:104  0:001  === [ Starting Clover ] =========================
0:104  0:000  Now is 24.11.2024,  17:08:45 (GMT)
0:104  0:000  Starting Clover revision: 5160 (master, commit 7b08a616e) on American Megatrends EFI
0:104  0:000  Build id: 20240909210805-7b08a61-dirty
0:104  0:000  Build with: [Args: -D NO_GRUB_DRIVERS_EMBEDDED -D LESS_DEBUG -t GCC131 | --cmd-len=50000 -D NO_GRUB_DRIVERS_EMBEDDED -D LESS_DEBUG --conf=/Users/sergey/src/CloverBootloader/Conf -D USE_LOW_EBDA -a X64 -b RELEASE -t GCC131 -n 5 | OS: 15]
0:104  0:000  === [ Get Smbios ] ==============================
0:104  0:000  Type 16 Index = 0
0:104  0:000  Total Memory Slots Count = 4
0:104  0:000  Type 17 Index = 0
0:104  0:000  SmbiosTable.Type17->SlotIndex = 0
0:104  0:000  SmbiosTable.Type17->ModuleSize = 8192MB
0:104  0:000  SmbiosTable.Type17->Type = 0
0:104  0:000  SmbiosTable.Type17->Frequency = 3200MHz
0:104  0:000  SmbiosTable.Type17->Bank/Device = BANK 0 ChannelA-DIMM1
0:104  0:000  SmbiosTable.Type17->Vendor = Corsair
0:104  0:000  SmbiosTable.Type17->SerialNo = 00000000
0:104  0:000  SmbiosTable.Type17->PartNo = CMK16GX4M2K4266C19
0:104  0:000  Type 17 Index = 1
0:104  0:000  SmbiosTable.Type17->SlotIndex = 1
0:104  0:000  SmbiosTable.Type17->ModuleSize = 8192MB
0:104  0:000  SmbiosTable.Type17->Type = 0
0:104  0:000  SmbiosTable.Type17->Frequency = 3200MHz
0:104  0:000  SmbiosTable.Type17->Bank/Device = BANK 1 ChannelA-DIMM2
0:104  0:000  SmbiosTable.Type17->Vendor = Corsair
0:104  0:000  SmbiosTable.Type17->SerialNo = 00000000
0:104  0:000  SmbiosTable.Type17->PartNo = CMK16GX4M2K4266C19
0:104  0:000  Type 17 Index = 2
0:104  0:000  Ignoring insane frequency value 0MHz
0:104  0:000  Type 17 Index = 3
0:104  0:000  Ignoring insane frequency value 0MHz
0:104  0:000  Boot status=0
0:104  0:000  Running on: 'System Product Name' with board 'PRIME Z390-A'
0:104  0:000  === [ GetCPUProperties ] ========================
0:104  0:000  CPU Vendor = 756E6547 Model=906EC
0:104  0:000   The CPU supported SSE4.1
0:104  0:000   The CPU supported RDRAND
0:104  0:000  BrandString = Intel(R) Core(TM) i7-9700K CPU @ 3.60GHz
0:104  0:000   The CPU supported turbo
0:104  0:000   Energy PerfBias is  visible:
0:104  0:000  MSR 0x35               80008
0:104  0:000   TSC/CCC Information Leaf:
0:104  0:000    numerator     : 300
0:104  0:000    denominator   : 2
0:104  0:000   Calibrated ARTFrequency: 24003324
0:104  0:000   Rounded ARTFrequency: 24000000
0:104  0:000  MSR 0xE2 before patch 1E000000
0:104  0:000  MSR 0xCE              08080838_F1012400
0:104  0:000  corrected FLEX_RATIO = E0000
0:104  0:000  MSR 0x1B0             00000000
0:104  0:000  FSBFrequency = 109 MHz, DMI FSBFrequency = 100 MHz, Corrected FSBFrequency = 100 MHz
0:104  0:000  MaxDiv/MinDiv: 36.0/8
0:104  0:000  Turbo: 47/49/49/49
0:104  0:000  Features: 0x77FAFBFFBFEBFBFF
0:104  0:000  Threads: 8
0:104  0:000  Cores: 8
0:104  0:000  FSB: 100 MHz
0:104  0:000  CPU: 3900 MHz
0:104  0:000  TSC: 3900 MHz
0:104  0:000  PIS: 100 MHz
0:104  0:000  ExternalClock: 25 MHz
0:104  0:000  === [ GetDevices ] ==============================
0:104  0:000  GOP found at: PciRoot(0x0)/Pci(0x1,0x0)/Pci(0x0,0x0)/AcpiAdr(0x80010302)
0:104  0:000  PCI (00|00:00.00) : 8086 3E30 class=060000
0:104  0:000  PCI (00|00:01.00) : 8086 1901 class=060400
0:104  0:000  PCI (00|01:00.00) : 1002 67DF class=030000
0:104  0:000   - GFX: Model=AMD Radeon RX 480/570/580 (ATI/AMD)
0:104  0:000   - GOP: Provided by device
0:104  0:000  PCI (00|01:00.01) : 1002 AAF0 class=040300
0:104  0:000   - HDMI Audio: 
0:104  0:000  PCI (00|00:02.00) : 8086 3E98 class=038000
0:104  0:000   - GFX: Model=Intel UHD Graphics 630 (Intel)
0:104  0:000  PCI (00|00:14.00) : 8086 A36D class=0C0330
0:104  0:000  PCI (00|00:14.02) : 8086 A36F class=050000
0:104  0:000  PCI (00|00:16.00) : 8086 A360 class=078000
0:104  0:000  PCI (00|00:17.00) : 8086 A352 class=010601
0:104  0:000  PCI (00|00:1B.00) : 8086 A340 class=060400
0:104  0:000  PCI (00|00:1C.00) : 8086 A338 class=060400
0:104  0:000  PCI (00|00:1D.00) : 8086 A330 class=060400
0:104  0:000  PCI (00|04:00.00) : 144D A808 class=010802
0:104  0:000  PCI (00|00:1F.00) : 8086 A305 class=060100
0:104  0:000  PCI (00|00:1F.03) : 8086 A348 class=040300
0:104  0:000  PCI (00|00:1F.04) : 8086 A323 class=0C0500
0:104  0:000  PCI (00|00:1F.05) : 8086 A324 class=0C8000
0:104  0:000  PCI (00|00:1F.06) : 8086 15BC class=020000
0:104  0:000   - LAN: 1 Vendor=Intel
0:104  0:000  Legacy MAC address of LAN #0= 40:B0:76:DE:9E:93:
0:105  0:000  _checkOEMPath Look for oem dir at path '\EFI\CLOVER\OEM\System Product Name--40-B0-76-DE-9E-93'. Dir doesn't exist.
0:105  0:000  _checkOEMPath Look for oem dir at path '\EFI\CLOVER\OEM\PRIME Z390-A\UEFI'. Dir doesn't exist.
0:105  0:000  _checkOEMPath Look for oem dir at path '\EFI\CLOVER\OEM\System Product Name'. Dir doesn't exist.
0:105  0:000  _checkOEMPath Look for oem dir at path '\EFI\CLOVER\OEM\System Product Name-3900'. Dir doesn't exist.
0:105  0:000  _checkOEMPath Look for oem dir at path '\EFI\CLOVER\OEM\PRIME Z390-A'. Dir doesn't exist.
0:105  0:000  _checkOEMPath Look for oem dir at path '\EFI\CLOVER\OEM\PRIME Z390-A-3900'. Dir doesn't exist.
0:105  0:000  === [ GetUserSettings ] =========================
0:105  0:000  GetDefaultModel()=iMac18,3
0:105  0:000  === [ LoadUserSettings ] ========================
0:105  0:000  Using config.plist at path: \EFI\CLOVER
0:106  0:000  === [ LoadUserSettings ] ========================
0:106  0:000  Cannot find smbios.plist at path '\EFI\CLOVER' : Not Found
0:106  0:000  '\EFI\CLOVER\smbios.plist' not loaded. Efi error Not Found
0:106  0:000  create SMBIOS list, found 27 dicts
0:106  0:000  ... ACPI
0:106  0:000  ... Boot
0:106  0:000  ... BootGraphics
0:106  0:000  ... Devices
0:106  0:000  ... DisableDrivers
0:106  0:000  ... GUI
0:106  0:000  ... Graphics
0:106  0:000  ... KernelAndKextPatches
0:106  0:000  ... SMBIOS
0:106  0:000  ... SystemParameters
0:106  0:000  ... RtVariables
0:106  0:000  ... Quirks
0:106  0:000  get model from config.plist
0:106  0:000  Using latest BiosVersion from config instead of default 'IM191.88Z.F000.B00.2302212211'
0:117  0:011  Using latest BiosReleaseDate from config instead of default '02/21/2023'
0:121  0:003  Using latest EfiVersion from config instead of default '1968.100.16.0.1'
0:125  0:003  BiosVersion: IM191.88Z.F000.B00.2308061817
0:129  0:003  BiosReleaseDate: 08/06/2023
0:132  0:003  EfiVersion: 2020.40.3.0.0
0:136  0:003  Calibrated TSC Frequency = 3600498600 = 3600MHz
0:140  0:003  === [ GetListOfThemes ] =========================
0:143  0:003  - [00]: random
0:151  0:007  - [00]: embedded
0:159  0:007  === [ Found config plists ] =====================
0:163  0:003  - config.plist
0:166  0:003  === [ LoadDrivers ] =============================
0:171  0:004  Loading NvmExpressDxe.efi status=Success
0:183  0:011   - driver needs connecting
0:187  0:003  Loading EnglishDxe.efi status=Success
0:199  0:011  Loading VBoxHfs.efi status=Success
0:211  0:011   - driver needs connecting
0:214  0:003  Loading PartitionDxe.efi status=Success
0:226  0:011   - driver needs connecting
0:230  0:003  Loading ApfsDriverLoader.efi status=Success
0:242  0:011   - driver needs connecting
0:245  0:003  4 drivers needs connecting ...
0:246  0:000  PlatformDriverOverrideProtocol not found. Installing ... Success
0:246  0:000  Partition driver loaded: 
0:246  0:000  HFS+ driver loaded
0:247  0:000  APFS driver loaded
0:247  0:000  Searching for invalid DiskIo BY_DRIVER connects: not found, all ok
0:526  0:278  === [ InitScreen ] ==============================
0:529  0:003  Console modes reported: 4, available modes:
0:533  0:003   - [01]: 80x25 (current mode)
0:537  0:003   - [03]: 100x31
0:540  0:003   - [04]: 170x40
0:544  0:003  SetScreenResolution: 1920x1080 - not found!
0:551  0:007  SetMaxResolution: found best mode 0: 1366x768
0:558  0:007   - already set
0:563  0:004  Using embedded font
0:567  0:004  === [ ScanSPD ] =================================
0:571  0:003  SMBus device : 8086 A323 class=0C0500 status=Success
0:575  0:003  SMBus CmdReg: 0x3
0:579  0:003  Scanning SMBus [8086:A323], mmio: 0x12116004, ioport: 0xEFA0, hostc: 0x11
0:582  0:003  Slots to scan [8]...
0:586  0:004  SPD[0]: Got invalid type 0 @0x50. Will set page and retry.
0:591  0:004  SPD[0]: Type 12 @0x50
0:612  0:021  XMP Profile1: 4*125 -31 ns
0:616  0:003  Found module with XMP version 2.0
0:620  0:003  Using XMP Profile1 instead of standard frequency 2132MHz
0:624  0:003  DDR speed 4264MHz
0:627  0:003  Slot: 0 Type 26 8192MB 4264MHz Vendor=Corsair PartNo=CMK16GX4M2K4266C19 SerialNo=00000000
0:632  0:004  SPD[1]: Type 12 @0x51
0:653  0:021  XMP Profile1: 4*125 -31 ns
0:657  0:003  Found module with XMP version 2.0
0:661  0:003  Using XMP Profile1 instead of standard frequency 2132MHz
0:664  0:003  DDR speed 4264MHz
0:668  0:003  Slot: 1 Type 26 8192MB 4264MHz Vendor=Corsair PartNo=CMK16GX4M2K4266C19 SerialNo=00000000
0:673  0:004  === [ GetAcpiTablesList ] =======================
0:677  0:003  Get Acpi Tables List from RSDT: count=24
0:684  0:007   - [00]: FACP  A M I  len=132
0:688  0:003   - [01]: APIC  A M I  len=188
0:691  0:003   - [02]: FPDT  A M I  len=68
0:695  0:003   - [03]: FIDT  A M I len=156
0:699  0:003   - [04]: MCFG  A M I  len=60
0:703  0:004   - [05]: WSMT  A M I  len=40
0:706  0:003   - [06]: SSDT  SataTabl len=888
0:710  0:003   - [07]: SSDT  CpuSsdt len=6101
0:713  0:003   - [08]: SSDT  SaSsdt  len=12443
0:717  0:003   - [09]: SSDT  PegSsdt len=9048
0:721  0:003   - [10]: HPET  A M I  len=56
0:725  0:003   - [11]: SSDT  Ther_Rvp len=3998
0:728  0:003   - [12]: SSDT  xh_cfsd4 len=10579
0:732  0:003   - [13]: UEFI  A M I  len=72
0:736  0:003   - [14]: LPIT  A M I  len=92
0:739  0:003   - [15]: SSDT  PtidDevc len=10206
0:743  0:003   - [16]: SSDT  TbtTypeC len=4094
0:747  0:003   - [17]: DBGP  A M I  len=52
0:750  0:003   - [18]: DBG2  A M I  len=84
0:754  0:003   - [19]: SSDT  UsbCTabl len=6449
0:758  0:003   - [20]: SSDT  ADebTabl len=324
0:761  0:003   - [21]: VFCT  A M I  len=59524
0:765  0:003   - [22]: BGRT  A M I  len=56
0:769  0:003   - [23]: WPBT  A M I len=60
0:773  0:003   - [00]: Drop table : MATS,                0 :  no
0:780  0:007  Custom boot CUSTOM_BOOT_DISABLED (0x0)
0:784  0:003  Default theme: embedded
0:788  0:004  Set FakeCPUID: 0x0
0:792  0:004  === [ Found DSDT tables ] =======================
0:796  0:004  === [ InitKextList ] ============================
0:801  0:004  Added Kext=Other\USBMapDummy.kext (1.0)
0:805  0:004  Added Kext=Other\RadeonMonitor.kext (1.3.5)
0:809  0:004  Added Kext=Other\FakeSMC.kext (3.5.6)
0:813  0:004  Added Kext=Other\IntelCPUMonitor.kext (1.2.6)
0:819  0:005  === [ ScanVolumes ] =============================
0:823  0:003  Found 10 volumes with blockIO
0:827  0:003  - [00]: Volume: PciRoot(0x0)\Pci(0x17,0x0)\Sata(0x0,0xFFFF,0x0)
0:834  0:007  - [01]: Volume: PciRoot(0x0)\Pci(0x17,0x0)\Sata(0x0,0xFFFF,0x0)\HD(1,GPT,38DCC513-D608-408E-9D2F-1469C8B906A0,0x28,0x64000)
0:842  0:007          Result of bootcode detection: bootable unknown (legacy)
0:867  0:025            label : EFI
0:871  0:003  - [02]: Volume: PciRoot(0x0)\Pci(0x17,0x0)\Sata(0x0,0xFFFF,0x0)\HD(2,GPT,C20AA839-E88E-4CED-8CAB-9480B290394C,0x64028,0x15D466360)
0:897  0:025            label : Dati
0:900  0:003  - [03]: Volume: PciRoot(0x0)\Pci(0x1D,0x0)\Pci(0x0,0x0)\NVMe(0x1,CA-8F-B2-81-58-38-25-00)
0:908  0:007  - [04]: Volume: PciRoot(0x0)\Pci(0x1D,0x0)\Pci(0x0,0x0)\NVMe(0x1,CA-8F-B2-81-58-38-25-00)\HD(1,GPT,6E40A227-DDED-4325-B7CE-3959620EB39E,0x28,0x64000)
0:915  0:007          Result of bootcode detection: bootable unknown (legacy)
0:919  0:003            label : EFI
0:922  0:003          This is SelfVolume !!
0:926  0:003  - [05]: Volume: PciRoot(0x0)\Pci(0x1D,0x0)\Pci(0x0,0x0)\NVMe(0x1,CA-8F-B2-81-58-38-25-00)\HD(2,GPT,9508A8C6-F9B9-4EDD-ABC7-C1C4A019C410,0x64028,0x3A321FE0)
0:933  0:007          Result of bootcode detection: bootable unknown (legacy)
0:937  0:003  - [06]: Volume: PciRoot(0x0)\Pci(0x1D,0x0)\Pci(0x0,0x0)\NVMe(0x1,CA-8F-B2-81-58-38-25-00)\HD(2,GPT,9508A8C6-F9B9-4EDD-ABC7-C1C4A019C410,0x64028,0x3A321FE0)\VenMedia(BE74FCF7-0B7C-49F3-9147-01F4042E6842,F2738F7DD5B89341BB89C99D72294438)
0:944  0:007            apfsFileSystemUUID=7D8F73F2-B8D5-4193-BB89-C99D72294438, ApfsContainerUUID=85F3C012-2D6D-4FA1-A77E-71D7470E7FA2, ApfsRole=0x10
0:948  0:004            label : Preboot
0:952  0:003  - [07]: Volume: PciRoot(0x0)\Pci(0x1D,0x0)\Pci(0x0,0x0)\NVMe(0x1,CA-8F-B2-81-58-38-25-00)\HD(2,GPT,9508A8C6-F9B9-4EDD-ABC7-C1C4A019C410,0x64028,0x3A321FE0)\VenMedia(BE74FCF7-0B7C-49F3-9147-01F4042E6842,5D6490A424B7BC4F9AC8F7A23B1C4935)
0:959  0:007            apfsFileSystemUUID=A490645D-B724-4FBC-9AC8-F7A23B1C4935, ApfsContainerUUID=85F3C012-2D6D-4FA1-A77E-71D7470E7FA2, ApfsRole=0x0
0:977  0:017            label : Macintosh HD
0:981  0:003  - [08]: Volume: PciRoot(0x0)\Pci(0x1D,0x0)\Pci(0x0,0x0)\NVMe(0x1,CA-8F-B2-81-58-38-25-00)\HD(2,GPT,9508A8C6-F9B9-4EDD-ABC7-C1C4A019C410,0x64028,0x3A321FE0)\VenMedia(BE74FCF7-0B7C-49F3-9147-01F4042E6842,B6D67091A529BA4BA6736F0E24A99093)
0:988  0:007            apfsFileSystemUUID=9170D6B6-29A5-4BBA-A673-6F0E24A99093, ApfsContainerUUID=85F3C012-2D6D-4FA1-A77E-71D7470E7FA2, ApfsRole=0x4
0:992  0:003            label : Recovery
0:995  0:003  - [09]: Volume: PciRoot(0x0)\Pci(0x1D,0x0)\Pci(0x0,0x0)\NVMe(0x1,CA-8F-B2-81-58-38-25-00)\HD(2,GPT,9508A8C6-F9B9-4EDD-ABC7-C1C4A019C410,0x64028,0x3A321FE0)\VenMedia(BE74FCF7-0B7C-49F3-9147-01F4042E6842,55B78B2757452849A2D432E0BB550617)
1:003  0:007            apfsFileSystemUUID=278BB755-4557-4928-A2D4-32E0BB550617, ApfsContainerUUID=85F3C012-2D6D-4FA1-A77E-71D7470E7FA2, ApfsRole=0x8
1:006  0:003            label : VM
1:010  0:003  No AudioIoProtocols, status=Not Found
1:014  0:003  === [ InitXTheme ] ==============================
1:018  0:003  use Daylight theme
1:021  0:003   using embedded theme
1:034  0:012  Using embedded font
1:038  0:003  theme inited
1:042  0:003  Chosen embedded theme
1:045  0:003  after NVRAM boot-args=dart=0 -v
1:049  0:003  Scanning legacy ...
1:053  0:003  === [ Dump SMC keys from NVRAM ] ================
1:056  0:003  found AppleSMC protocol
1:068  0:011     fakesmc-key-RVBF-ch8*:02 46 0F 00 00 12 
1:099  0:031     fakesmc-key-#KEY-ui32:00 00 00 11 
1:122  0:022     fakesmc-key-$Adr-ui32:00 00 03 00 
1:145  0:022     fakesmc-key-$Num-ui8:01 
1:160  0:015     fakesmc-key-RMde-char:41 
1:172  0:012     fakesmc-key-RBr -ch8*:6A 31 33 38 5F 39 00 00 
1:210  0:037     fakesmc-key-EPCI-ui32:09 D0 F0 00 
1:234  0:023     fakesmc-key-REV -ch8*:02 46 0F 00 00 12 
1:264  0:030     fakesmc-key-RPlt-ch8*:6A 31 33 38 00 00 00 00 
1:301  0:037     fakesmc-key-BEMB-flag:00 
1:313  0:012     fakesmc-key-BATP-flag:00 
1:326  0:012     fakesmc-key-BNum-ui8:00 
1:338  0:012     fakesmc-key-MSTc-ui8:00 
1:351  0:012     fakesmc-key-MSAc-ui16:00 00 
1:370  0:019     fakesmc-key-MSWr-ui8:00 
1:383  0:012     fakesmc-key-MSFW-ui8:01 00 
1:399  0:016     fakesmc-key-MSPS-ui16:00 03 
1:419  0:020  Registered 17 SMC keys
1:427  0:007  === [ ScanLoader ] ==============================
1:431  0:003  - [01]: 'EFI'
1:458  0:027  - [02]: 'Dati'
1:513  0:054  - [04]: 'EFI'
1:523  0:010        AddLoaderEntry for Volume Name=EFI, idx=0
1:527  0:003        OSVersion= 
1:530  0:003        IconName=unknown comma=-1 size=7
1:534  0:003        Full=unknown
1:538  0:003        Loader entry created for 'PciRoot(0x0)\Pci(0x1D,0x0)\Pci(0x0,0x0)\NVMe(0x1,CA-8F-B2-81-58-38-25-00)\HD(1,GPT,6E40A227-DDED-4325-B7CE-3959620EB39E,0x28,0x64000)\EFI\BOOT\BOOTX64.efi'
1:542  0:003       hiding entry: \EFI\BOOT\BOOTX64.efi
1:545  0:003        Menu entry added at index 0
1:549  0:003       hiding entry because DiskKind is DISK_KIND_INTERNAL: \EFI\BOOT\BOOTX64.efi
1:555  0:006  - [06]: 'Preboot'
1:563  0:007      ApfsContainerUUID=85F3C012-2D6D-4FA1-A77E-71D7470E7FA2
1:567  0:003      ApfsFileSystemUUID=7D8F73F2-B8D5-4193-BB89-C99D72294438
1:573  0:006      APFSTargetUUID=A490645D-B724-4FBC-9AC8-F7A23B1C4935
1:577  0:003        AddLoaderEntry for Volume Name=Preboot, idx=1
1:581  0:004        OSVersion=10.14.6 
1:584  0:003        Check if volume Is Hibernated:
1:588  0:003        Check sleep image 'by signature':
1:592  0:003        using default sleep image name = \private\var\vm\sleepimage
1:595  0:003        cannot open sleepimage -> Not Found
1:599  0:003        hibernated: no - sign
1:603  0:003        IconName=moja,mac comma=4 size=8
1:607  0:003        first=os_moja
1:610  0:003        Second=os_mac
1:614  0:003        IconName=unknown comma=-1 size=7
1:618  0:003        Full=unknown
1:621  0:003        Loader entry created for 'PciRoot(0x0)\Pci(0x1D,0x0)\Pci(0x0,0x0)\NVMe(0x1,CA-8F-B2-81-58-38-25-00)\HD(2,GPT,9508A8C6-F9B9-4EDD-ABC7-C1C4A019C410,0x64028,0x3A321FE0)\VenMedia(BE74FCF7-0B7C-49F3-9147-01F4042E6842,F2738F7DD5B89341BB89C99D72294438)\A490645D-B724-4FBC-9AC8-F7A23B1C4935\System\Library\CoreServices\boot.efi'
1:626  0:004        Menu entry added at index 1
1:630  0:004      Dead installer entry found (installer dmg boot file not found : '\macOS Install Data\BaseSystem.dmg')
1:634  0:003  - [07]: 'Macintosh HD'
1:642  0:007      ApfsContainerUUID=85F3C012-2D6D-4FA1-A77E-71D7470E7FA2
1:645  0:003      ApfsFileSystemUUID=A490645D-B724-4FBC-9AC8-F7A23B1C4935
1:651  0:005        AddLoaderEntry for Volume Name=Macintosh HD, idx=2
1:656  0:004        OSVersion=10.14.6 
1:659  0:003        Check if volume Is Hibernated:
1:663  0:003        Check sleep image 'by signature':
1:668  0:005        read prefs \Library\Preferences\com.apple.PowerManagement.plist status=Success
1:672  0:003        using default sleep image name = \private\var\vm\sleepimage
1:676  0:004        cannot open sleepimage -> Not Found
1:680  0:003        hibernated: no - sign
1:683  0:003        IconName=moja,mac comma=4 size=8
1:687  0:003        first=os_moja
1:691  0:003        Second=os_mac
1:694  0:003        IconName=unknown comma=-1 size=7
1:698  0:003        Full=unknown
1:702  0:003        Loader entry created for 'PciRoot(0x0)\Pci(0x1D,0x0)\Pci(0x0,0x0)\NVMe(0x1,CA-8F-B2-81-58-38-25-00)\HD(2,GPT,9508A8C6-F9B9-4EDD-ABC7-C1C4A019C410,0x64028,0x3A321FE0)\VenMedia(BE74FCF7-0B7C-49F3-9147-01F4042E6842,5D6490A424B7BC4F9AC8F7A23B1C4935)\System\Library\CoreServices\boot.efi'
1:706  0:004        Menu entry added at index 2
1:710  0:003  - [08]: 'Recovery'
1:717  0:007      ApfsContainerUUID=85F3C012-2D6D-4FA1-A77E-71D7470E7FA2
1:721  0:003      ApfsFileSystemUUID=9170D6B6-29A5-4BBA-A673-6F0E24A99093
1:725  0:003      APFSTargetUUID=A490645D-B724-4FBC-9AC8-F7A23B1C4935
1:728  0:003        AddLoaderEntry for Volume Name=Recovery, idx=3
1:732  0:003        OSVersion=10.14.6 
1:736  0:003        IconName=moja,mac comma=4 size=8
1:739  0:003        first=os_moja
1:743  0:003        Second=os_mac
1:746  0:003        IconName=unknown comma=-1 size=7
1:750  0:003        Full=unknown
1:754  0:003        Loader entry created for 'PciRoot(0x0)\Pci(0x1D,0x0)\Pci(0x0,0x0)\NVMe(0x1,CA-8F-B2-81-58-38-25-00)\HD(2,GPT,9508A8C6-F9B9-4EDD-ABC7-C1C4A019C410,0x64028,0x3A321FE0)\VenMedia(BE74FCF7-0B7C-49F3-9147-01F4042E6842,B6D67091A529BA4BA6736F0E24A99093)\A490645D-B724-4FBC-9AC8-F7A23B1C4935\boot.efi'
1:759  0:004        Menu entry added at index 3
1:762  0:003  - [09]: 'VM'
1:769  0:007      ApfsContainerUUID=85F3C012-2D6D-4FA1-A77E-71D7470E7FA2
1:773  0:003      ApfsFileSystemUUID=278BB755-4557-4928-A2D4-32E0BB550617
1:777  0:003  Entries list before ordering
1:781  0:003      Entry 0 : Boot UEFI internal from EFI (hidden)
1:784  0:003      Entry 1 : Boot Mac OS from Macintosh HD via Preboot
1:788  0:003      Entry 2 : Boot macOS from Macintosh HD
1:791  0:003      Entry 3 : Boot Mac OS Recovery for Macintosh HD via Recovery
1:795  0:003  Hiding entry 1 because of entry 2
1:798  0:003  Entries list after ordering
1:802  0:003    Entry 0 : Boot UEFI internal from EFI (hidden)
1:806  0:003    Entry 1 : Boot Mac OS from Macintosh HD via Preboot (hidden)
1:809  0:003    Entry 2 : Boot macOS from Macintosh HD
1:813  0:003    Entry 3 : Boot Mac OS Recovery for Macintosh HD via Recovery
1:817  0:003  === [ AddCustomTool ] ===========================
1:821  0:004  found tool \EFI\CLOVER\tools\Shell64U.efi
1:824  0:003  Checking EFI partition Volume 1 for Clover
1:829  0:004   Found Clover
1:833  0:003  === [ GetEfiBootDeviceFromNvram ] ===============
1:837  0:004   - [!] efi-boot-device-data not found
1:841  0:003   - found entry 0. 'Boot macOS from Macintosh HD', Volume 'Macintosh HD', DevicePath 'PciRoot(0x0)\Pci(0x1D,0x0)\Pci(0x0,0x0)\NVMe(0x1,CA-8F-B2-81-58-38-25-00)\HD(2,GPT,9508A8C6-F9B9-4EDD-ABC7-C1C4A019C410,0x64028,0x3A321FE0)\VenMedia(BE74FCF7-0B7C-49F3-9147-01F4042E6842,5D6490A424B7BC4F9AC8F7A23B1C4935)\System\Library\CoreServices\boot.efi'
1:844  0:003  BannerPlace at Clear Screen [619,68]
1:864  0:019  GUI ready
4:605  2:740  Boot option 0 has other volume name Macintosh HDboot.efi
4:609  0:003  === [ StartLoader ] =============================
4:612  0:003  Starting PciRoot(0x0)\Pci(0x1D,0x0)\Pci(0x0,0x0)\NVMe(0x1,CA-8F-B2-81-58-38-25-00)\HD(2,GPT,9508A8C6-F9B9-4EDD-ABC7-C1C4A019C410,0x64028,0x3A321FE0)\VenMedia(BE74FCF7-0B7C-49F3-9147-01F4042E6842,5D6490A424B7BC4F9AC8F7A23B1C4935)\System\Library\CoreServices\boot.efi
4:616  0:003  Finally: ExternalClock=26MHz BusSpeed=100014kHz CPUFreq=3600MHz PIS: hw.busfrequency=104000000Hz
4:623  0:007  Beginning OC
4:627  0:003  OCST: Missing vault data, ignoring...
4:631  0:003  AddKextsInArray from Other
4:634  0:003  ->Extra kext: Other\USBMapDummy.kext (v.1.0)
4:638  0:003  ->Extra kext: Other\RadeonMonitor.kext (v.1.3.5)
4:642  0:003  ->Extra kext: Other\FakeSMC.kext (v.3.5.6)
4:645  0:003  ->Extra kext: Other\IntelCPUMonitor.kext (v.1.2.6)
4:649  0:003  AddKextsInArray from Off
4:652  0:003  AddKextsInArray from 10
4:656  0:003  AddKextsInArray from 10_normal
4:663  0:006  AddKextsInArray from 10.14
4:666  0:003  AddKextsInArray from 10.14_normal
4:670  0:003  AddKextsInArray from 10.14.6
4:673  0:003  AddKextsInArray from 10.14.6_normal
4:677  0:003  Bridge kext to OC : Path=Other\FakeSMC.kext
4:682  0:004  Bridge kext to OC : Path=Other\USBMapDummy.kext
4:686  0:004  Bridge kext to OC : Path=Other\RadeonMonitor.kext
4:690  0:004  Bridge kext to OC : Path=Other\IntelCPUMonitor.kext
4:696  0:005  Start 'OpenRuntime.efi' : Status Success
4:700  0:003  OC: config config.plist
4:703  0:003  OC: Got 0 drivers
4:707  0:003  OC: OpenCore DBG-102-2024-09-12 is loading in Optional mode (0/0)...
4:710  0:003  OC: StorageHandle 0 with  LauncherOption pointing to 
4:715  0:004  OcOSInfoInstallProtocol
4:719  0:003  OCRTC: OcAppleRtcRamInstallProtocol
4:722  0:003  OCRTC: Wake log is 0x00 0x00   0 0x00
4:726  0:003  OcAppleFbInfoInstallProtocol
4:730  0:003  OcAppleEg2InfoInstallProtocol
4:733  0:003  OC: Loading Apple Secure Boot with Disabled (level 0)
4:738  0:004  OCABC: ALRBL 0 RTDFRG 1 DEVMMIO 0 NOSU 0 NOVRWR 0 NOSB 0 FBSIG 0 NOHBMAP 0 SMSLIDE 1 WRUNPROT 1
4:742  0:003  OCABC: FEXITBS 0 PRMRG 0 CSLIDE 0 MSLIDE 0 PRSRV 0 RBMAP 0 VMAP 1 APPLOS 0 RTPERMS 1 ARBAR -1 RBIO 0
4:745  0:003  OCABC: Got rendezvous with OpenRuntime r12
4:749  0:003  OCABC: MAT support is 1
4:753  0:003  OC: RequestBootVarRouting 0
4:757  0:004  OCDM: Found 0x20046/0x2003C UEFI version (376 bytes, 0 rebuilding to 376) gST 7AB3C018 gBS 6D89B3A0 gBS->CreateEventEx 6D889904 &gBS 6D5732C0
4:761  0:003  OC: Setting GPU BARs to 0
4:765  0:003  OCDM: RBAR using PciIo
4:768  0:003  OCDM: Setting RBAR to 0 inc 1 on 3/18
4:772  0:003  OCDM: Capability I/O error - Unsupported
4:776  0:003  OCDM: RBAR is unsupported by device - Device Error
4:780  0:003  OCDM: Setting RBAR to 0 inc 1 on 5/18
4:783  0:003  OCDM: Capability I/O error - Unsupported
4:787  0:003  OCDM: RBAR is unsupported by device - Device Error
4:791  0:004  OC: Got 0 drivers
4:795  0:003  OCC: Installing GOP (Unsupported) on ConsoleOutHandle...
4:799  0:004  OC: Requested resolution is 1920x1080@0 (max: 0, force: 0) from 1920x1080
4:803  0:003  OCC: Using builtin text renderer with 1 scale
4:806  0:003  OCC: Install console control (6D55E3D0/6D882C88/0), current - Success
4:810  0:003  OCC: Setup ASCII Output - Success
4:813  0:003  OC: Requested console mode is 0x0 (max: 0) from 
4:817  0:003  OC: Invalid HibernateMode: 
4:821  0:003  OC: Translated HibernateMode  to 0
4:824  0:003  OC: Hibernation activation - Invalid Parameter, hibernation wake - no
4:828  0:003  OC: Panic log does not exist
4:832  0:003  OCABC: IsEfiBootRt 0 (BP 1, Apple 0)
4:837  0:004  OCB: Arch filtering 72E1F018(592440)->72E1F018(592440) caps 0 - Success
4:841  0:003  ImageHandle = 7308a618
4:849  0:007  GetOSVersion: 10.14.6 (B)
4:856  0:007  Filtering KextPatches:
4:860  0:003   - [00]: External icons patch :: BinPatch :: [OS: 10.14.6 | MatchOS: All | MatchBuild: All] ==> allowed
4:867  0:007   - [01]: USB Port Limit Patch 1 ©PMHeart :: BinPatch :: [OS: 10.14.6 | MatchOS: 10.14.4 | MatchBuild: All]
4:871  0:003   check MatchOS 10.14.4
4:875  0:003   ==> not allowed
4:878  0:003   - [02]: USB Port Limit Patch 2 ©PMHeart :: BinPatch :: [OS: 10.14.6 | MatchOS: 10.14.4 | MatchBuild: All]
4:882  0:003   check MatchOS 10.14.4
4:886  0:003   ==> not allowed
4:889  0:003   - [03]: USB Port Limit Patch 3 ©PMHeart :: BinPatch :: [OS: 10.14.6 | MatchOS: 10.14.4 | MatchBuild: All]
4:893  0:003   check MatchOS 10.14.4
4:897  0:003   ==> not allowed
4:901  0:003   - [04]: USB Port Limit Patch 1 ©PMHeart :: BinPatch :: [OS: 10.14.6 | MatchOS: 10.14.4 | MatchBuild: All]
4:904  0:003   check MatchOS 10.14.4
4:908  0:003   ==> not allowed
4:912  0:003   - [05]: USB Port Limit Patch 2 ©PMHeart :: BinPatch :: [OS: 10.14.6 | MatchOS: 10.14.4 | MatchBuild: All]
4:915  0:003   check MatchOS 10.14.4
4:919  0:003   ==> not allowed
4:923  0:003   - [06]: USB Port Limit Patch 3 ©PMHeart :: BinPatch :: [OS: 10.14.6 | MatchOS: 10.14.4 | MatchBuild: All]
4:926  0:003   check MatchOS 10.14.4
4:930  0:003   ==> not allowed
4:934  0:003   - [07]: USB Port Limit Patch 1 ©PMHeart :: BinPatch :: [OS: 10.14.6 | MatchOS: 10.14.4 | MatchBuild: All]
4:937  0:003   check MatchOS 10.14.4
4:941  0:003   ==> not allowed
4:945  0:003   - [08]: USB Port Limit Patch 2 ©PMHeart :: BinPatch :: [OS: 10.14.6 | MatchOS: 10.14.4 | MatchBuild: All]
4:949  0:003   check MatchOS 10.14.4
4:952  0:003   ==> not allowed
4:956  0:003   - [09]: USB Port Limit Patch 3 ©PMHeart :: BinPatch :: [OS: 10.14.6 | MatchOS: 10.14.4 | MatchBuild: All]
4:960  0:003   check MatchOS 10.14.4
4:964  0:003   ==> not allowed
4:967  0:003   - [10]: USB Port Limit Patch 1 ©PMHeart :: BinPatch :: [OS: 10.14.6 | MatchOS: 10.14.4 | MatchBuild: All]
4:971  0:003   check MatchOS 10.14.4
4:975  0:003   ==> not allowed
4:978  0:003   - [11]: USB Port Limit Patch 2 ©PMHeart :: BinPatch :: [OS: 10.14.6 | MatchOS: 10.14.4 | MatchBuild: All]
4:982  0:003   check MatchOS 10.14.4
4:986  0:003   ==> not allowed
4:990  0:003   - [12]: USB Port Limit Patch 3 ©PMHeart :: BinPatch :: [OS: 10.14.6 | MatchOS: 10.14.4 | MatchBuild: All]
4:993  0:003   check MatchOS 10.14.4
4:997  0:003   ==> not allowed
5:001  0:003   - [13]: USB Port Limit Patch 1 ©PMHeart :: BinPatch :: [OS: 10.14.6 | MatchOS: 10.14.4 | MatchBuild: All]
5:004  0:003   check MatchOS 10.14.4
5:008  0:003   ==> not allowed
5:012  0:003   - [14]: USB Port Limit Patch 2 ©PMHeart :: BinPatch :: [OS: 10.14.6 | MatchOS: 10.14.4 | MatchBuild: All]
5:016  0:003   check MatchOS 10.14.4
5:019  0:003   ==> not allowed
5:023  0:003   - [15]: USB Port Limit Patch 3 ©PMHeart :: BinPatch :: [OS: 10.14.6 | MatchOS: 10.14.4 | MatchBuild: All]
5:027  0:003   check MatchOS 10.14.4
5:030  0:003   ==> not allowed
5:034  0:003   - [16]: USB Port Limit Patch 1 ©PMHeart :: BinPatch :: [OS: 10.14.6 | MatchOS: 10.14.4 | MatchBuild: All]
5:037  0:003   check MatchOS 10.14.4
5:041  0:003   ==> not allowed
5:045  0:003   - [17]: USB Port Limit Patch 2 ©PMHeart :: BinPatch :: [OS: 10.14.6 | MatchOS: 10.14.4 | MatchBuild: All]
5:049  0:003   check MatchOS 10.14.4
5:052  0:003   ==> not allowed
5:056  0:003   - [18]: USB Port Limit Patch 3 ©PMHeart :: BinPatch :: [OS: 10.14.6 | MatchOS: 10.14.4 | MatchBuild: All]
5:060  0:003   check MatchOS 10.14.4
5:063  0:003   ==> not allowed
5:067  0:003   - [19]: USB Port Limit Patch 1 ©PMHeart :: BinPatch :: [OS: 10.14.6 | MatchOS: 10.14.4 | MatchBuild: All]
5:070  0:003   check MatchOS 10.14.4
5:074  0:003   ==> not allowed
5:078  0:003   - [20]: USB Port Limit Patch 2 ©PMHeart :: BinPatch :: [OS: 10.14.6 | MatchOS: 10.14.4 | MatchBuild: All]
5:082  0:003   check MatchOS 10.14.4
5:085  0:003   ==> not allowed
5:092  0:006   - [21]: USB Port Limit Patch 3 ©PMHeart :: BinPatch :: [OS: 10.14.6 | MatchOS: 10.14.4 | MatchBuild: All]
5:096  0:003   check MatchOS 10.14.4
5:100  0:003   ==> not allowed
5:103  0:003   - [22]: USB Port Limit Patch 1 ©PMHeart :: BinPatch :: [OS: 10.14.6 | MatchOS: 10.14.4 | MatchBuild: All]
5:107  0:003   check MatchOS 10.14.4
5:111  0:003   ==> not allowed
5:114  0:003   - [23]: USB Port Limit Patch 2 ©PMHeart :: BinPatch :: [OS: 10.14.6 | MatchOS: 10.14.4 | MatchBuild: All]
5:118  0:003   check MatchOS 10.14.4
5:122  0:003   ==> not allowed
5:125  0:003   - [24]: USB Port Limit Patch 3 ©PMHeart :: BinPatch :: [OS: 10.14.6 | MatchOS: 10.14.4 | MatchBuild: All]
5:129  0:003   check MatchOS 10.14.4
5:132  0:003   ==> not allowed
5:136  0:003   - [25]: USB port limit patch #1 10.14.x modify by DalianSky(credit ydeng) 10.14.x :: BinPatch :: [OS: 10.14.6 | MatchOS: 10.14.x | MatchBuild: All]
5:140  0:003   check MatchOS 10.14.x
5:143  0:003   ==> allowed
5:147  0:003   - [26]: USB port limit patch #2 10.14.x modify by DalianSky(credit PMHeart) 10.14.x :: BinPatch :: [OS: 10.14.6 | MatchOS: 10.14.x | MatchBuild: All]
5:151  0:003   check MatchOS 10.14.x
5:154  0:003   ==> allowed
5:158  0:003   - [27]: USB port limit patch #3 10.14.x modify by DalianSky(credit PMHeart) 10.14.x :: BinPatch :: [OS: 10.14.6 | MatchOS: 10.14.x | MatchBuild: All]
5:162  0:003   check MatchOS 10.14.x
5:165  0:003   ==> allowed
5:169  0:003   - [28]: USB port limit patch #4 10.14.x modify by DalianSky(credit PMHeart) 10.14.x :: BinPatch :: [OS: 10.14.6 | MatchOS: 10.14.x | MatchBuild: All]
5:173  0:003   check MatchOS 10.14.x
5:176  0:003   ==> allowed
5:180  0:003  Will not patch boot.efi
5:183  0:003  Using latest BiosVersion from config instead of default 'IM191.88Z.F000.B00.2302212211'
5:187  0:003  Using latest BiosReleaseDate from config instead of default '02/21/2023'
5:191  0:003  Using latest EfiVersion from config instead of default '1968.100.16.0.1'
5:194  0:003  BiosVersion: IM191.88Z.F000.B00.2308061817
5:198  0:003  BiosReleaseDate: 08/06/2023
5:202  0:003  EfiVersion: 2020.40.3.0.0
5:205  0:003  SMBIOS reloaded with model iMac19,1
5:209  0:003  Set FakeCPUID: 0x0
5:212  0:003  Bridge AppleAHCIPort patch to OC : External icons patch
5:216  0:003  Bridge com.apple.iokit.IOUSBHostFamily patch to OC : USB port limit patch #1 10.14.x modify by DalianSky(credit ydeng) 10.14.x
5:220  0:003  Bridge com.apple.iokit.IOUSBHostFamily patch to OC : USB port limit patch #2 10.14.x modify by DalianSky(credit PMHeart) 10.14.x
5:223  0:003  Bridge com.apple.driver.usb.AppleUSBXHCI patch to OC : USB port limit patch #3 10.14.x modify by DalianSky(credit PMHeart) 10.14.x
5:227  0:003  Bridge com.apple.driver.usb.AppleUSBXHCI patch to OC : USB port limit patch #4 10.14.x modify by DalianSky(credit PMHeart) 10.14.x
5:231  0:003  === [ PatchSmbios ] =============================
5:234  0:003  UpdateSmbiosString : BiosVersion=EfiVersion=2020.40.3.0.0
5:238  0:003  UpdateSmbiosString : ReleaseDate=08/06/2023
5:242  0:003  void PatchTableType1(const SmbiosInjectedSettings&) : UpdateSmbiosString ProductName=iMac19,1
5:245  0:003  void PatchTableType2(const SmbiosInjectedSettings&) : UpdateSmbiosString ProductName=BoardNumber=Mac-AA95B1DDAB278B95
5:252  0:006  void PatchTableType2(const SmbiosInjectedSettings&) : UpdateSmbiosString Version=BoardVersion=iMac19,1
5:259  0:006  insert table 9 for dev 0:0
5:262  0:003  insert table 9 for dev 0:1
5:266  0:003  insert table 9 for dev 1F:6
5:269  0:003  Table 11 present, but rewritten for us
5:274  0:004  Do not inject memory table
5:277  0:003  Trusting SMBIOS...
5:281  0:003  Channels: 1
5:285  0:003  Interleave: 0 1 2 3
5:309  0:024  trusted SMBIOS data, table index 0:
5:313  0:003    gRAM.SMBIOS[0]->ModuleSize = 8192
5:317  0:003    gRAM.SMBIOS[0]->Type = 0
5:323  0:006    gRAM.SMBIOS[0]->Frequency = 3200
5:327  0:003    gRAM.SMBIOS[0]->Vendor = Corsair
5:331  0:003    gRAM.SMBIOS[0]->PartNo = CMK16GX4M2K4266C19
5:334  0:003    gRAM.SMBIOS[0]->SerialNo = 00000000
5:338  0:003  SPD data in use:
5:342  0:003    gRAM.SPD[0]->ModuleSize = 8192
5:345  0:003    gRAM.SPD[0]->Type = 26
5:349  0:003    gRAM.SPD[0]->Frequency = 4264
5:353  0:003    gRAM.SPD[0]->Vendor = Corsair
5:356  0:003    gRAM.SPD[0]->SerialNo = 00000000
5:360  0:003    gRAM.SPD[0]->PartNo = CMK16GX4M2K4266C19
5:364  0:003    SMBIOS Type 17 Index = 0 => SMBIOSIndex=0 SPDIndex=0:
5:367  0:003  BANK 0 DIMM0 4264MHz 8192MB(Ext:0MB)
5:371  0:003  trusted SMBIOS data, table index 1:
5:375  0:003    gRAM.SMBIOS[1]->ModuleSize = 8192
5:378  0:003    gRAM.SMBIOS[1]->Type = 0
5:382  0:003    gRAM.SMBIOS[1]->Frequency = 3200
5:386  0:003    gRAM.SMBIOS[1]->Vendor = Corsair
5:390  0:003    gRAM.SMBIOS[1]->PartNo = CMK16GX4M2K4266C19
5:393  0:003    gRAM.SMBIOS[1]->SerialNo = 00000000
5:397  0:003  SPD data in use:
5:401  0:003    gRAM.SPD[1]->ModuleSize = 8192
5:405  0:003    gRAM.SPD[1]->Type = 26
5:408  0:003    gRAM.SPD[1]->Frequency = 4264
5:412  0:003    gRAM.SPD[1]->Vendor = Corsair
5:416  0:003    gRAM.SPD[1]->SerialNo = 00000000
5:419  0:003    gRAM.SPD[1]->PartNo = CMK16GX4M2K4266C19
5:423  0:003    SMBIOS Type 17 Index = 1 => SMBIOSIndex=1 SPDIndex=1:
5:427  0:003  BANK 0 DIMM1 4264MHz 8192MB(Ext:0MB)
5:431  0:003  !trusted SMBIOS data, Table index 2:!gRAM.SMBIOS.doesSlotForIndexExist(SMBIOSIndex) 
5:443  0:012    SMBIOS Type 17 Index = 2 => SMBIOSIndex=2 SPDIndex=2:
5:447  0:003  BANK 0 DIMM2 EMPTY
5:450  0:003  !trusted SMBIOS data, Table index 3:!gRAM.SMBIOS.doesSlotForIndexExist(SMBIOSIndex) 
5:461  0:010    SMBIOS Type 17 Index = 3 => SMBIOSIndex=3 SPDIndex=3:
5:465  0:003  BANK 0 DIMM3 EMPTY
5:469  0:003  mTotalSystemMemory = 16384
5:472  0:003  NumberOfMemoryDevices = 4
5:476  0:003  Type20[0]->End = 0x7FFFFF, Type17[0] = 2000
5:479  0:003  Type20[1]->End = 0xFFFFFF, Type17[1] = 6000
5:483  0:003  Table 131 is present, CPUType=35
5:487  0:003  Change to: 1005
5:491  0:003  === [ PatchACPI ] ===============================
5:494  0:003  OCABC: AllocPages 1 0x7A345000 (1) - Success
5:498  0:003  Xsdt reallocation done
5:502  0:003  OCABC: AllocPages 1 0x7A344000 (1) - Success
5:506  0:003  old FADT length=114
5:509  0:003   SignatureFixup: 0xFA76D5ED -> 0x0
5:513  0:003  OCABC: AllocPages 1 0x7A2F5000 (79) - Success
5:517  0:003  Apply DsdtFixMask=0x00000004
5:521  0:003  === [ FixBiosDsdt ] =============================
5:526  0:005  PreCleanup XSDT: count=24, length=228
5:530  0:003  PreCleanup XSDT, corrected XSDT: count=24, length=228
5:534  0:003  === [ ACPIDropTables ] ==========================
5:537  0:003  OCABC: AllocPages 1 0x7A2F3000 (2) - Success
5:541  0:003  OCABC: AllocPages 1 0x7A2F3000 (2) - Success
5:545  0:003  OCABC: AllocPages 1 0x7A2F3000 (2) - Success
5:548  0:003  OCABC: AllocPages 1 0x7A2F3000 (2) - Success
5:552  0:003  OCABC: AllocPages 1 0x7A2F3000 (2) - Success
5:556  0:003  OCABC: AllocPages 1 0x7A2F3000 (2) - Success
5:560  0:003  OCABC: AllocPages 1 0x7A2F0000 (3) - Success
5:563  0:003  Found OperationRegion(PNVS, SystemMemory, 7ADF3000, ...)
5:567  0:003  OCABC: AllocPages 1 0x7A2EB000 (5) - Success
5:571  0:003  Found OperationRegion(SANV, SystemMemory, 7A3D2118, ...)
5:574  0:003  OCABC: AllocPages 1 0x7A2E7000 (4) - Success
5:578  0:003  OCABC: AllocPages 1 0x7A2E5000 (2) - Success
5:582  0:003  OCABC: AllocPages 1 0x7A2E5000 (2) - Success
5:586  0:003  OCABC: AllocPages 1 0x7A166000 (4) - Success
5:589  0:003  OCABC: AllocPages 1 0x7A2E3000 (2) - Success
5:593  0:003  OCABC: AllocPages 1 0x7A2E3000 (2) - Success
5:596  0:003  OCABC: AllocPages 1 0x7A162000 (4) - Success
5:600  0:003  OCABC: AllocPages 1 0x7A2E3000 (2) - Success
5:604  0:003  OCABC: AllocPages 1 0x7A160000 (2) - Success
5:608  0:003  OCABC: AllocPages 1 0x7A160000 (2) - Success
5:612  0:003  OCABC: AllocPages 1 0x7A15F000 (3) - Success
5:615  0:003  OCABC: AllocPages 1 0x7A15D000 (2) - Success
5:619  0:003  Found OperationRegion(ADHD, SystemMemory, 78CD0000, ...)
5:623  0:003  Found OperationRegion(ABLK, SystemMemory, 78CD0020, ...)
5:626  0:003  OCABC: AllocPages 1 0x7A14D000 (16) - Success
5:630  0:003  OCABC: AllocPages 1 0x7A15B000 (2) - Success
5:634  0:003  OCABC: AllocPages 1 0x7A15B000 (2) - Success
5:638  0:003  ApicCPUNum=1
5:641  0:003  Cleanup XSDT: count=24, length=228
5:645  0:003  corrected XSDT count=24, length=228
5:649  0:003  === [ RestSetup macOS ] =========================
5:653  0:003  ATI injection not set
5:656  0:003  Intel UHD Graphics 630 [8086:3E98] :: PciRoot(0x0)\Pci(0x2,0x0)
5:660  0:003    Intel: no default properties
5:664  0:003  Intel GFX revision  = 0x0
5:668  0:003   RCBA disabled; cannot use it
5:671  0:003   setting specified layout-id=1 (0x1)
5:675  0:003  stringlength = 458
5:679  0:003  OCABC: AllocPages 1 0x7A15C000 (1) - Success
5:683  0:003  CurrentMode: Width=1366 Height=768
5:687  0:003  SetNvramVariable (system-id, 4D1EDE05-38C7-4A6A-9CC6-4BCCA8B38C14, 0x2, 16): -> writing new (Success)
5:695  0:008  SetNvramVariable (MLB, 4D1EDE05-38C7-4A6A-9CC6-4BCCA8B38C14, 0x6, 17): -> writing new (Success)
5:703  0:008  SetNvramVariable (ROM, 4D1EDE05-38C7-4A6A-9CC6-4BCCA8B38C14, 0x6, 6): -> writing new (Success)
5:711  0:008  SetNvramVariable (FirmwareFeatures, 4D1EDE05-38C7-4A6A-9CC6-4BCCA8B38C14, 0x6, 4): -> writing new (Success)
5:719  0:008  SetNvramVariable (FirmwareFeaturesMask, 4D1EDE05-38C7-4A6A-9CC6-4BCCA8B38C14, 0x6, 4): -> writing new (Success)
5:727  0:008  SetNvramVariable (ExtendedFirmwareFeatures, 4D1EDE05-38C7-4A6A-9CC6-4BCCA8B38C14, 0x6, 8): -> writing new (Success)
5:735  0:008  SetNvramVariable (ExtendedFirmwareFeaturesMask, 4D1EDE05-38C7-4A6A-9CC6-4BCCA8B38C14, 0x6, 8): -> writing new (Success)
5:743  0:008  AddNvramVariable (HW_BID, 4D1EDE05-38C7-4A6A-9CC6-4BCCA8B38C14, 0x6, 20): -> writing new (Success)
5:752  0:008  AddNvramVariable (security-mode, 7C436110-AB2A-4BBB-A880-FE41995C9F82, 0x7, 5): -> already exists, abort
5:759  0:007  set DefaultBackgroundColor=0xfbfbfb
5:763  0:003  SetNvramVariable (DefaultBackgroundColor, 4D1EDE05-38C7-4A6A-9CC6-4BCCA8B38C14, 0x7, 4): -> writing new (Success)
5:774  0:011  SetNvramVariable (ActualDensity, 7C436110-AB2A-4BBB-A880-FE41995C9F82, 0x7, 2): exists(0x7, 2), equal -> not writing again.
5:785  0:010  SetNvramVariable (DensityThreshold, 7C436110-AB2A-4BBB-A880-FE41995C9F82, 0x7, 2): exists(0x7, 2), equal -> not writing again.
5:797  0:011  SetNvramVariable (gfx-saved-config-restore-status, 4D1EDE05-38C7-4A6A-9CC6-4BCCA8B38C14, 0x7, 8): exists(0x7, 8), equal -> not writing again.
5:808  0:011  DeleteNvramVariable (UIScale, 4D1EDE05-38C7-4A6A-9CC6-4BCCA8B38C14):
5:813  0:004  DeleteNvramVariable (EFILoginHiDPI, 7C436110-AB2A-4BBB-A880-FE41995C9F82):
5:816  0:003  SetNvramVariable (flagstate, 7C436110-AB2A-4BBB-A880-FE41995C9F82, 0x7, 32): exists(0x7, 32), equal -> not writing again.
5:827  0:011  SetNvramVariable (csr-active-config, 7C436110-AB2A-4BBB-A880-FE41995C9F82, 0x7, 4): exists(0x7, 4), equal -> not writing again.
5:838  0:011  SetNvramVariable (BridgeOSHardwareModel, 4D1EDE05-38C7-4A6A-9CC6-4BCCA8B38C14, 0x7, 11): exists(0x7, 11), equal -> not writing again.
5:850  0:011  DeleteNvramVariable (bootercfg, 7C436110-AB2A-4BBB-A880-FE41995C9F82):
5:854  0:004  DeleteNvramVariable (nvda_drv, 7C436110-AB2A-4BBB-A880-FE41995C9F82):
5:859  0:004  DeleteNvramVariable (recovery-boot-mode, 7C436110-AB2A-4BBB-A880-FE41995C9F82):
5:863  0:003  AddNvramVariable (wake-failure, 7C436110-AB2A-4BBB-A880-FE41995C9F82, 0x7, 5): -> already exists, abort
5:871  0:008  DeleteNvramVariable (opencore-version, 7C436110-AB2A-4BBB-A880-FE41995C9F82):
5:875  0:004  DeleteNvramVariable (ApBoardID, 94B73556-2197-4702-82A8-3E1337DAFBFB):
5:879  0:004  DeleteNvramVariable (ApSecurityDomain, 94B73556-2197-4702-82A8-3E1337DAFBFB):
5:884  0:004  DeleteNvramVariable (ApProductionStatus, 94B73556-2197-4702-82A8-3E1337DAFBFB):
5:888  0:004  DeleteNvramVariable (ApSecurityMode, 94B73556-2197-4702-82A8-3E1337DAFBFB):
5:892  0:004  DeleteNvramVariable (EffectiveProductionStatus, 94B73556-2197-4702-82A8-3E1337DAFBFB):
5:896  0:004  DeleteNvramVariable (EffectiveSecurityMode, 94B73556-2197-4702-82A8-3E1337DAFBFB):
5:901  0:004  DeleteNvramVariable (CertificateEpoch, 94B73556-2197-4702-82A8-3E1337DAFBFB):
5:905  0:004  DeleteNvramVariable (MixNMatchPreventionStatus, 94B73556-2197-4702-82A8-3E1337DAFBFB):
5:910  0:004  DeleteNvramVariable (CryptoDigestMethod, 94B73556-2197-4702-82A8-3E1337DAFBFB):
5:914  0:004  DeleteNvramVariable (InternalUseOnlyUnit, 94B73556-2197-4702-82A8-3E1337DAFBFB):
5:918  0:004  DeleteNvramVariable (ApECID, 94B73556-2197-4702-82A8-3E1337DAFBFB):
5:923  0:004  DeleteNvramVariable (HardwareModel, 94B73556-2197-4702-82A8-3E1337DAFBFB):
5:926  0:003  Use origin smbios table type 1 guid.
5:949  0:022  DeleteNvramVariable (efi-boot-device, 7C436110-AB2A-4BBB-A880-FE41995C9F82):
5:953  0:004  DeleteNvramVariable (efi-boot-device-data, 7C436110-AB2A-4BBB-A880-FE41995C9F82):
5:958  0:004  DeleteNvramVariable (BootCampHD, 7C436110-AB2A-4BBB-A880-FE41995C9F82):
5:961  0:003  Custom boot screen not used because entry has unset use graphics
5:967  0:005  DeleteNvramVariable (IOHibernateRTCVariables, 7C436110-AB2A-4BBB-A880-FE41995C9F82):
5:971  0:004  DeleteNvramVariable (boot-image, 7C436110-AB2A-4BBB-A880-FE41995C9F82):
5:975  0:003  Kernel quirks
5:979  0:003  ACPCL 1 AXCL 1 AXEM 0 AXFB 0 CSG 0 DIM 0 DLJ 0 DRC 1 DPM 0 EBTFF 0 EDI 0 FAI 0 IPBS 0 LKP 0 PNKD 0 PTKP 0 TPD 0 XPL 0 PCC 0
5:982  0:003  Closing log
5:986  0:003  OCABC: AllocPages 2 0x91000 (14) - Success
5:989  0:003  OCABC: AllocPages 2 0x6F7C8000 (14) - Success
5:996  0:006  OCABC: Found safe mode legacy p1 at off 67E6
6:000  0:003  OCABC: Trying safe mode next legacy match
6:003  0:003  OCABC: Found safe mode legacy p1 at off 6967
6:010  0:006  OCABC: Trying safe mode next legacy match
6:017  0:007  OCABC: Found safe mode legacy p1 at off 2589F
6:020  0:003  OCABC: Trying safe mode next legacy match
6:024  0:003  OCABC: Found safe mode legacy p1 at off 2590C
6:028  0:003  OCABC: Trying safe mode next legacy match
6:034  0:006  OCABC: Failed to find safe mode sequence
6:038  0:003  OCABC: AllocPages 2 0x77848000 (512) - Success
6:042  0:003  OCABC: AllocPages 2 0x77847000 (1) - Success
6:045  0:003  OC: Supported boot capabilities 4
6:050  0:004  OCOS: OS set: <null> Mac OS X 10.12
6:054  0:004  OCOS: OS set: Apple Inc. Mac OS X 10.12
6:058  0:003  OCOS: Should use black background
6:062  0:003  OCABC: AllocPages 1 0x6D371000 (1) - Success
6:070  0:007  OC: Opening file System\Library\Kernels\kernel with 1 mode gave - Success
6:073  0:003  OC: Opening file \System\Library\CoreServices\com.apple.Boot.plist with 1 mode gave - Not Found
6:077  0:003  OC: Opening file Library\Preferences\SystemConfiguration\com.apple.Boot.plist with 1 mode gave - Success
6:083  0:006  OC: Opening file \System\Library\CoreServices\PlatformSupport.plist with 1 mode gave - Success
6:088  0:004  OCABC: AllocPages 2 0x8100000 (121199) - Success
6:093  0:005  OC: Opening file \System\Library\CoreServices\boot.efi with 1 mode gave - Success
6:102  0:009  OC: Opening file System\Library\PrelinkedKernels\prelinkedkernel.development with 1 mode gave - Not Found
6:108  0:006  OC: Opening file System\Library\PrelinkedKernels\prelinkedkernel with 1 mode gave - Success
6:112  0:003  OC: Load and reserve Kext Other\FakeSMC.kext
6:116  0:004  OC: Load and reserve Kext Other\USBMapDummy.kext
6:120  0:004  OC: Load and reserve Kext Other\RadeonMonitor.kext
6:124  0:004  OC: Load and reserve Kext Other\IntelCPUMonitor.kext
6:128  0:003  OC: Kext reservation size info 506000 exe 3B000
6:132  0:003  OC: Trying 64-bit XNU hook on System\Library\PrelinkedKernels\prelinkedkernel
6:476  0:344  OCAK: Compressed result has 67C33018 magic
6:480  0:003  OCAK: Found 64-bit Mach-O compressed 1 offset 28 size 85966848
6:484  0:003  OC: Result of 64-bit XNU hook on System\Library\PrelinkedKernels\prelinkedkernel (00000000) is Success
6:526  0:041  OCAK: Read kernel version 18.7.0 (180700)
6:530  0:004  OCAK: 64-bit patcher base 0xFFFFFF8000200000 kmod 0x0 file 0x0
6:535  0:004  OCAK: Zeroing _xcpm_core_scope_msrs 0xE2 applicable CPUs (76)
6:539  0:003  OCAK: Zeroing _xcpm_core_scope_msrs 0xE2 applicable CPUs (13200)
6:543  0:003  OCAK: Zeroing _xcpm_core_scope_msrs 0xE2 applicable CPUs (16384)
6:547  0:004  Replace B9E20000000F30 by B9E20000009090 at ofs:2F0
6:610  0:062  Replace B9E20000000F30 by B9E20000009090 at ofs:347
6:678  0:068  OCAK: 64-bit XcpmCfgLockRel replace count - 2
6:682  0:003  OCAK: [OK] Success XcpmCfgLock patch
6:717  0:035  OCAK: Reducing 64-bit prelink size from 51FC000 to 4F28000 via plist
6:721  0:003  OCAK: org.netkas.FakeSMC got KXLD 0 0
6:724  0:003  OCAK: Requesting __LINKEDIT for org.netkas.FakeSMC - 6CB5B398 at 4F28000
6:728  0:003  OCAK: Requesting SymbolTable for org.netkas.FakeSMC - 601
6:732  0:003  OCAK: Requesting __LINKEDIT for __kernel__ - 0 at 0
6:736  0:003  OCAK: Requesting SymbolTable for __kernel__ - 24450
6:751  0:015  OCAK: com.apple.iokit.IOACPIFamily got KXLD 0 0
6:755  0:003  OCAK: Requesting __LINKEDIT for com.apple.iokit.IOACPIFamily - 6963B398 at 1A08000
6:759  0:003  OCAK: Requesting SymbolTable for com.apple.iokit.IOACPIFamily - 167
6:762  0:003  OCAK: com.apple.kpi.unsupported got KXLD 0 0
6:769  0:006  OCAK: Requesting __LINKEDIT for com.apple.kpi.unsupported - 68BE4038 at FB1000
6:773  0:003  OCAK: Requesting SymbolTable for com.apple.kpi.unsupported - 263
6:777  0:003  OCAK: com.apple.kpi.iokit got KXLD 0 0
6:780  0:003  OCAK: Requesting __LINKEDIT for com.apple.kpi.iokit - 68B7F038 at F4C000
6:784  0:003  OCAK: Requesting SymbolTable for com.apple.kpi.iokit - 2192
6:788  0:003  OCAK: com.apple.kpi.libkern got KXLD 0 0
6:792  0:003  OCAK: Requesting __LINKEDIT for com.apple.kpi.libkern - 68B5F038 at F2C000
6:795  0:003  OCAK: Requesting SymbolTable for com.apple.kpi.libkern - 905
6:799  0:003  OCAK: com.apple.kpi.private got KXLD 0 0
6:803  0:003  OCAK: Requesting __LINKEDIT for com.apple.kpi.private - 68B71038 at F3E000
6:807  0:003  OCAK: Requesting SymbolTable for com.apple.kpi.private - 977
6:811  0:004  OCAK: com.apple.kpi.mach got KXLD 0 0
6:815  0:003  OCAK: Requesting __LINKEDIT for com.apple.kpi.mach - 68B6D038 at F3A000
6:819  0:003  OCAK: Requesting SymbolTable for com.apple.kpi.mach - 70
6:830  0:011  OC: Prelinked injection Other\FakeSMC.kext () - Success
6:834  0:004  OC: Prelinked injection Other\USBMapDummy.kext () - Success
6:838  0:003  OCAK: org.slice.RadeonMonitor got KXLD 0 0
6:842  0:003  OCAK: Requesting __LINKEDIT for org.slice.RadeonMonitor - 6CB73398 at 4F40000
6:846  0:003  OCAK: Requesting SymbolTable for org.slice.RadeonMonitor - 372
6:849  0:003  OCAK: com.apple.iokit.IOPCIFamily got KXLD 0 0
6:853  0:003  OCAK: Requesting __LINKEDIT for com.apple.iokit.IOPCIFamily - 68BEA3E8 at FB7000
6:857  0:003  OCAK: Requesting SymbolTable for com.apple.iokit.IOPCIFamily - 683
6:863  0:006  OCAK: Requesting SymbolTable for org.netkas.FakeSMC - 191
6:873  0:010  OC: Prelinked injection Other\RadeonMonitor.kext () - Success
6:877  0:003  OCAK: org.slice.IntelCPUMonitor got KXLD 0 0
6:880  0:003  OCAK: Requesting __LINKEDIT for org.slice.IntelCPUMonitor - 6CB843E8 at 4F51000
6:884  0:003  OCAK: Requesting SymbolTable for org.slice.IntelCPUMonitor - 363
6:892  0:008  OC: Prelinked injection Other\IntelCPUMonitor.kext () - Success
6:896  0:003  OC: Prelink size 83243008 kext offset 83001344 reserved 241664
6:912  0:016  OCAK: com.apple.driver.AppleIntelCPUPowerManagement got KXLD 0 0
6:916  0:003  OCAK: [OK] Success AppleCpuPmCfgLock patch
6:921  0:004  OCAK: com.apple.driver.AppleRTC got KXLD 0 0
6:925  0:003  Replace BE58000000/FFFEFFFFFF(BE58000000) by BEFFFF0000 at ofs:1BF8
7:023  0:098  Replace BE58000000/FFFEFFFFFF(BE59000000) by BEFFFF0000 at ofs:1C08
7:117  0:093  Replace BE58000000/FFFEFFFFFF(BE58000000) by BEFFFF0000 at ofs:1EB7
7:218  0:101  Replace BE58000000/FFFEFFFFFF(BE59000000) by BEFFFF0000 at ofs:1EC8
7:313  0:095  OCAK: 64-bit DisableRtcChecksum64 replace count - 4
7:317  0:003  OCAK: [OK] Patch success com.apple.driver.AppleRTC DisableRtcChecksum
7:321  0:003  OC: Prelinked patch [0] External icons patch
7:327  0:006  OCAK: Failed to pk find AppleAHCIPort - Not Found
7:330  0:003  OC: Prelinked patcher result 0 for AppleAHCIPort (External icons patch) - Not Found
7:334  0:003  OC: Prelinked patch [1] USB port limit patch #1 10.14.x modify by DalianSky(credit ydeng) 10.14.x
7:338  0:004  OCAK: com.apple.iokit.IOUSBHostFamily got KXLD 0 0
7:342  0:004  Replace 83FB0F0F by 83FB3F0F at ofs:14E0E
7:383  0:041  OCAK: 64-bit USB port limit patch #1 10.14.x modify by DalianSky(credit ydeng) 10.14.x replace count - 1
7:387  0:003  OC: Prelinked patcher result 1 for com.apple.iokit.IOUSBHostFamily (USB port limit patch #1 10.14.x modify by DalianSky(credit ydeng) 10.14.x) - Success
7:391  0:003  OC: Prelinked patch [2] USB port limit patch #2 10.14.x modify by DalianSky(credit PMHeart) 10.14.x
7:395  0:004  Replace 83E30FD3 by 83E33FD3 at ofs:15036
7:436  0:041  OCAK: 64-bit USB port limit patch #2 10.14.x modify by DalianSky(credit PMHeart) 10.14.x replace count - 1
7:440  0:003  OC: Prelinked patcher result 2 for com.apple.iokit.IOUSBHostFamily (USB port limit patch #2 10.14.x modify by DalianSky(credit PMHeart) 10.14.x) - Success
7:444  0:003  OC: Prelinked patch [3] USB port limit patch #3 10.14.x modify by DalianSky(credit PMHeart) 10.14.x
7:448  0:004  OCAK: com.apple.driver.usb.AppleUSBXHCI got KXLD 0 0
7:454  0:005  OCAK: 64-bit USB port limit patch #3 10.14.x modify by DalianSky(credit PMHeart) 10.14.x replace count - 0
7:457  0:003  OC: Prelinked patcher result 3 for com.apple.driver.usb.AppleUSBXHCI (USB port limit patch #3 10.14.x modify by DalianSky(credit PMHeart) 10.14.x) - Not Found
7:461  0:003  OC: Prelinked patch [4] USB port limit patch #4 10.14.x modify by DalianSky(credit PMHeart) 10.14.x
7:465  0:004  Replace 83FF0F0F by 83FF3F0F at ofs:126C0
7:506  0:040  OCAK: 64-bit USB port limit patch #4 10.14.x modify by DalianSky(credit PMHeart) 10.14.x replace count - 1
7:509  0:003  OC: Prelinked patcher result 4 for com.apple.driver.usb.AppleUSBXHCI (USB port limit patch #4 10.14.x modify by DalianSky(credit PMHeart) 10.14.x) - Success
7:615  0:105  OC: Prelinked status - Success
7:659  0:044  FixOwnership() -> begin
7:663  0:003  PCI Io found 18
7:666  0:003  USB XHCI reset for device A36D
7:672  0:006  ExtendCap=00008000
7:676  0:003    Value=02000802
7:679  0:003    Value=03011402
7:683  0:003    Value=005CFFC0
7:686  0:003    Value=00002201
