0:100  0:100  MemLog inited, TSC freq: 3600498460
0:100  0:000  CPU was calibrated with RTC
0:100  0:000  CloverX64 : Image base = 0x6D397000
0:100  0:000  Clover ImageHandle = 76208c98
0:101  0:001  SelfDirPath = \EFI\CLOVER
0:103  0:001  === [ Starting Clover ] =========================
0:103  0:000  Now is 25.11.2024,  22:19:04 (GMT)
0:103  0:000  Starting Clover revision: 5160 (master, commit 7b08a616e) on American Megatrends EFI
0:103  0:000  Build id: 20240909210805-7b08a61-dirty
0:103  0:000  Build with: [Args: -D NO_GRUB_DRIVERS_EMBEDDED -D LESS_DEBUG -t GCC131 | --cmd-len=50000 -D NO_GRUB_DRIVERS_EMBEDDED -D LESS_DEBUG --conf=/Users/sergey/src/CloverBootloader/Conf -D USE_LOW_EBDA -a X64 -b RELEASE -t GCC131 -n 5 | OS: 15]
0:103  0:000  === [ Get Smbios ] ==============================
0:103  0:000  Type 16 Index = 0
0:103  0:000  Total Memory Slots Count = 4
0:103  0:000  Type 17 Index = 0
0:103  0:000  SmbiosTable.Type17->SlotIndex = 0
0:103  0:000  SmbiosTable.Type17->ModuleSize = 8192MB
0:103  0:000  SmbiosTable.Type17->Type = 0
0:103  0:000  SmbiosTable.Type17->Frequency = 3200MHz
0:103  0:000  SmbiosTable.Type17->Bank/Device = BANK 0 ChannelA-DIMM1
0:103  0:000  SmbiosTable.Type17->Vendor = Corsair
0:103  0:000  SmbiosTable.Type17->SerialNo = 00000000
0:103  0:000  SmbiosTable.Type17->PartNo = CMK16GX4M2K4266C19
0:103  0:000  Type 17 Index = 1
0:103  0:000  SmbiosTable.Type17->SlotIndex = 1
0:103  0:000  SmbiosTable.Type17->ModuleSize = 8192MB
0:103  0:000  SmbiosTable.Type17->Type = 0
0:103  0:000  SmbiosTable.Type17->Frequency = 3200MHz
0:103  0:000  SmbiosTable.Type17->Bank/Device = BANK 1 ChannelA-DIMM2
0:103  0:000  SmbiosTable.Type17->Vendor = Corsair
0:103  0:000  SmbiosTable.Type17->SerialNo = 00000000
0:103  0:000  SmbiosTable.Type17->PartNo = CMK16GX4M2K4266C19
0:103  0:000  Type 17 Index = 2
0:103  0:000  Ignoring insane frequency value 0MHz
0:103  0:000  Type 17 Index = 3
0:103  0:000  Ignoring insane frequency value 0MHz
0:103  0:000  Boot status=0
0:103  0:000  Running on: 'System Product Name' with board 'PRIME Z390-A'
0:103  0:000  === [ GetCPUProperties ] ========================
0:103  0:000  CPU Vendor = 756E6547 Model=906EC
0:103  0:000   The CPU supported SSE4.1
0:103  0:000   The CPU supported RDRAND
0:103  0:000  BrandString = Intel(R) Core(TM) i7-9700K CPU @ 3.60GHz
0:103  0:000   The CPU supported turbo
0:103  0:000   Energy PerfBias is  visible:
0:103  0:000  MSR 0x35               80008
0:103  0:000   TSC/CCC Information Leaf:
0:103  0:000    numerator     : 300
0:103  0:000    denominator   : 2
0:103  0:000   Calibrated ARTFrequency: 24003323
0:103  0:000   Rounded ARTFrequency: 24000000
0:103  0:000  MSR 0xE2 before patch 1E000000
0:103  0:000  MSR 0xCE              08080838_F1012400
0:103  0:000  corrected FLEX_RATIO = E0000
0:103  0:000  MSR 0x1B0             00000000
0:103  0:000  FSBFrequency = 109 MHz, DMI FSBFrequency = 100 MHz, Corrected FSBFrequency = 100 MHz
0:103  0:000  MaxDiv/MinDiv: 36.0/8
0:103  0:000  Turbo: 47/49/49/49
0:103  0:000  Features: 0x77FAFBFFBFEBFBFF
0:103  0:000  Threads: 8
0:103  0:000  Cores: 8
0:103  0:000  FSB: 100 MHz
0:103  0:000  CPU: 3900 MHz
0:103  0:000  TSC: 3900 MHz
0:103  0:000  PIS: 100 MHz
0:103  0:000  ExternalClock: 25 MHz
0:103  0:000  === [ GetDevices ] ==============================
0:103  0:000  GOP found at: PciRoot(0x0)/Pci(0x1,0x0)/Pci(0x0,0x0)/AcpiAdr(0x80010302)
0:103  0:000  PCI (00|00:00.00) : 8086 3E30 class=060000
0:103  0:000  PCI (00|00:01.00) : 8086 1901 class=060400
0:103  0:000  PCI (00|01:00.00) : 1002 67DF class=030000
0:103  0:000   - GFX: Model=AMD Radeon RX 480/570/580 (ATI/AMD)
0:103  0:000   - GOP: Provided by device
0:103  0:000  PCI (00|01:00.01) : 1002 AAF0 class=040300
0:103  0:000   - HDMI Audio: 
0:103  0:000  PCI (00|00:02.00) : 8086 3E98 class=038000
0:103  0:000   - GFX: Model=Intel UHD Graphics 630 (Intel)
0:104  0:000  PCI (00|00:14.00) : 8086 A36D class=0C0330
0:104  0:000  PCI (00|00:14.02) : 8086 A36F class=050000
0:104  0:000  PCI (00|00:16.00) : 8086 A360 class=078000
0:104  0:000  PCI (00|00:17.00) : 8086 A352 class=010601
0:104  0:000  PCI (00|00:1B.00) : 8086 A340 class=060400
0:104  0:000  PCI (00|00:1C.00) : 8086 A338 class=060400
0:104  0:000  PCI (00|00:1D.00) : 8086 A330 class=060400
0:104  0:000  PCI (00|04:00.00) : 144D A808 class=010802
0:104  0:000  PCI (00|00:1F.00) : 8086 A305 class=060100
0:104  0:000  PCI (00|00:1F.03) : 8086 A348 class=040300
0:104  0:000  PCI (00|00:1F.04) : 8086 A323 class=0C0500
0:104  0:000  PCI (00|00:1F.05) : 8086 A324 class=0C8000
0:104  0:000  PCI (00|00:1F.06) : 8086 15BC class=020000
0:104  0:000   - LAN: 1 Vendor=Intel
0:104  0:000  Legacy MAC address of LAN #0= 40:B0:76:DE:9E:93:
0:104  0:000  _checkOEMPath Look for oem dir at path '\EFI\CLOVER\OEM\System Product Name--40-B0-76-DE-9E-93'. Dir doesn't exist.
0:104  0:000  _checkOEMPath Look for oem dir at path '\EFI\CLOVER\OEM\PRIME Z390-A\UEFI'. Dir doesn't exist.
0:104  0:000  _checkOEMPath Look for oem dir at path '\EFI\CLOVER\OEM\System Product Name'. Dir doesn't exist.
0:104  0:000  _checkOEMPath Look for oem dir at path '\EFI\CLOVER\OEM\System Product Name-3900'. Dir doesn't exist.
0:104  0:000  _checkOEMPath Look for oem dir at path '\EFI\CLOVER\OEM\PRIME Z390-A'. Dir doesn't exist.
0:104  0:000  _checkOEMPath Look for oem dir at path '\EFI\CLOVER\OEM\PRIME Z390-A-3900'. Dir doesn't exist.
0:104  0:000  === [ GetUserSettings ] =========================
0:104  0:000  GetDefaultModel()=iMac18,3
0:104  0:000  === [ LoadUserSettings ] ========================
0:105  0:000  Using config.plist at path: \EFI\CLOVER
0:105  0:000  There is a problem in plist '\EFI\CLOVER\config.plist'
0:105  0:000  Warning: EfiVersion '1037.100.345.0.0' is older than default ('1968.100.16.0.1') -> ignored. Dict '/SMBIOS:296'.
0:105  0:000  Use CloverConfigPlistValidator or look in the log
3:106  3:000  === [ LoadUserSettings ] ========================
3:107  0:001  Cannot find smbios.plist at path '\EFI\CLOVER' : Not Found
3:107  0:000  '\EFI\CLOVER\smbios.plist' not loaded. Efi error Not Found
3:107  0:000  create SMBIOS list, found 27 dicts
3:107  0:000  ... ACPI
3:107  0:000  ... Boot
3:107  0:000  ... BootGraphics
3:107  0:000  ... Devices
3:107  0:000  ... DisableDrivers
3:107  0:000  ... GUI
3:107  0:000  ... Graphics
3:107  0:000  ... KernelAndKextPatches
3:107  0:000  ... SMBIOS
3:107  0:000  ... SystemParameters
3:107  0:000  ... RtVariables
3:107  0:000  ... Quirks
3:107  0:000  get model from config.plist
3:107  0:000  Using latest BiosVersion from config instead of default 'IM191.88Z.F000.B00.2302212211'
3:120  0:013  Using latest BiosReleaseDate from config instead of default '02/21/2023'
3:124  0:004  BiosVersion: IM191.88Z.F000.B00.2308061817
3:128  0:004  BiosReleaseDate: 08/06/2023
3:132  0:004  EfiVersion: 1968.100.16.0.1
3:137  0:004  Calibrated TSC Frequency = 3600498460 = 3600MHz
3:141  0:004  === [ GetListOfThemes ] =========================
3:146  0:004  - [00]: random
3:155  0:009  - [00]: embedded
3:164  0:009  === [ Found config plists ] =====================
3:169  0:004  - config.plist
3:173  0:004  === [ LoadDrivers ] =============================
3:178  0:005  Loading NvmExpressDxe.efi status=Success
3:194  0:015   - driver needs connecting
3:198  0:004  Loading EnglishDxe.efi status=Success
3:213  0:015  Loading AppleKeyFeeder.efi status=Success
3:230  0:016  Loading VBoxHfs.efi status=Success
3:245  0:015   - driver needs connecting
3:250  0:004  Loading HashServiceFix.efi status=Success
3:265  0:015  Loading PartitionDxe.efi status=Success
3:281  0:015   - driver needs connecting
3:285  0:004  Loading ApfsDriverLoader.efi status=Success
3:301  0:015   - driver needs connecting
3:306  0:004  4 drivers needs connecting ...
3:306  0:000  PlatformDriverOverrideProtocol not found. Installing ... Success
3:306  0:000  Partition driver loaded: 
3:307  0:000  HFS+ driver loaded
3:307  0:000  APFS driver loaded
3:307  0:000  Searching for invalid DiskIo BY_DRIVER connects: not found, all ok
3:525  0:217  === [ InitScreen ] ==============================
3:529  0:004  Console modes reported: 4, available modes:
3:534  0:004   - [01]: 80x25 (current mode)
3:538  0:004   - [03]: 100x31
3:542  0:004   - [04]: 170x40
3:547  0:004  SetScreenResolution: 1920x1080 - not found!
3:555  0:008  SetMaxResolution: found best mode 0: 1366x768
3:564  0:008   - already set
3:569  0:005  Using embedded font
3:574  0:005  === [ ScanSPD ] =================================
3:579  0:004  SMBus device : 8086 A323 class=0C0500 status=Success
3:583  0:004  SMBus CmdReg: 0x3
3:588  0:004  Scanning SMBus [8086:A323], mmio: 0x12116004, ioport: 0xEFA0, hostc: 0x11
3:592  0:004  Slots to scan [8]...
3:597  0:004  SPD[0]: Got invalid type 0 @0x50. Will set page and retry.
3:602  0:004  SPD[0]: Type 12 @0x50
3:626  0:024  XMP Profile1: 4*125 -31 ns
3:630  0:004  Found module with XMP version 2.0
3:635  0:004  Using XMP Profile1 instead of standard frequency 2132MHz
3:639  0:004  DDR speed 4264MHz
3:643  0:004  Slot: 0 Type 26 8192MB 4264MHz Vendor=Corsair PartNo=CMK16GX4M2K4266C19 SerialNo=00000000
3:648  0:004  SPD[1]: Type 12 @0x51
3:671  0:023  XMP Profile1: 4*125 -31 ns
3:675  0:004  Found module with XMP version 2.0
3:680  0:004  Using XMP Profile1 instead of standard frequency 2132MHz
3:684  0:004  DDR speed 4264MHz
3:688  0:004  Slot: 1 Type 26 8192MB 4264MHz Vendor=Corsair PartNo=CMK16GX4M2K4266C19 SerialNo=00000000
3:693  0:005  === [ GetAcpiTablesList ] =======================
3:701  0:007  Get Acpi Tables List from RSDT: count=25
3:712  0:011   - [00]: FACP  A M I  len=132
3:716  0:004   - [01]: APIC  A M I  len=188
3:721  0:004   - [02]: FPDT  A M I  len=68
3:725  0:004   - [03]: FIDT  A M I len=156
3:729  0:004   - [04]: MCFG  A M I  len=60
3:734  0:004   - [05]: WSMT  A M I  len=40
3:738  0:004   - [06]: SSDT  SataTabl len=888
3:743  0:004   - [07]: SSDT  CpuSsdt len=6101
3:747  0:004   - [08]: SSDT  SaSsdt  len=12443
3:751  0:004   - [09]: SSDT  PegSsdt len=9048
3:756  0:004   - [10]: HPET  A M I  len=56
3:760  0:004   - [11]: SSDT  Ther_Rvp len=3998
3:765  0:004   - [12]: SSDT  xh_cfsd4 len=10579
3:769  0:004   - [13]: UEFI  A M I  len=72
3:773  0:004   - [14]: LPIT  A M I  len=92
3:778  0:004   - [15]: SSDT  PtidDevc len=10206
3:782  0:004   - [16]: SSDT  TbtTypeC len=4094
3:786  0:004   - [17]: DBGP  A M I  len=52
3:791  0:004   - [18]: DBG2  A M I  len=84
3:797  0:006   - [19]: SSDT  UsbCTabl len=6449
3:804  0:006   - [20]: SSDT  ADebTabl len=324
3:809  0:004   - [21]: VFCT  A M I  len=59524
3:814  0:004   - [22]: BGRT  A M I  len=56
3:818  0:004   - [23]: WPBT  A M I len=60
3:822  0:004   - [24]: TPM2  A M I  len=52
3:827  0:004   - [00]: Drop table : MATS,                0 :  no
3:835  0:008   - [01]: Drop table : DMAR,                0 :  no
3:844  0:008  Custom boot CUSTOM_BOOT_DISABLED (0x0)
3:848  0:004  Default theme: embedded
3:856  0:008  Set FakeCPUID: 0x0
3:864  0:008  === [ Found DSDT tables ] =======================
3:869  0:005  === [ InitKextList ] ============================
3:874  0:005  Added Kext=Other\USBMap.kext (1.0)
3:880  0:005  Added Kext=Other\WhateverGreen.kext (1.6.1)
3:885  0:005  Added Kext=Other\NVMeFix.kext (1.1.0)
3:891  0:005  Added Kext=Other\IntelMausi.kext (1.0.7)
3:898  0:007  Added Kext=Other\Lilu.kext (1.6.9)
3:903  0:005  Added Kext=Other\SMCProcessor.kext (1.3.0)
3:909  0:005  Added Kext=Other\SMCSuperIO.kext (1.3.0)
3:914  0:005  Added Kext=Other\VirtualSMC.kext (1.3.0)
3:921  0:006  === [ ScanVolumes ] =============================
3:927  0:006  Found 12 volumes with blockIO
3:931  0:004  - [00]: Volume: PciRoot(0x0)\Pci(0x17,0x0)\Sata(0x0,0xFFFF,0x0)
3:941  0:009  - [01]: Volume: PciRoot(0x0)\Pci(0x17,0x0)\Sata(0x0,0xFFFF,0x0)\HD(1,GPT,38DCC513-D608-408E-9D2F-1469C8B906A0,0x28,0x64000)
3:950  0:009          Result of bootcode detection: bootable unknown (legacy)
3:956  0:005            label : EFI
3:961  0:004  - [02]: Volume: PciRoot(0x0)\Pci(0x17,0x0)\Sata(0x0,0xFFFF,0x0)\HD(2,GPT,C20AA839-E88E-4CED-8CAB-9480B290394C,0x64028,0x15D466360)
3:983  0:022            label : Dati
3:988  0:004  - [03]: Volume: PciRoot(0x0)\Pci(0x1D,0x0)\Pci(0x0,0x0)\NVMe(0x1,CA-8F-B2-81-58-38-25-00)
3:997  0:008  - [04]: Volume: PciRoot(0x0)\Pci(0x1D,0x0)\Pci(0x0,0x0)\NVMe(0x1,CA-8F-B2-81-58-38-25-00)\HD(1,GPT,6E40A227-DDED-4325-B7CE-3959620EB39E,0x28,0x64000)
4:006  0:009          Result of bootcode detection: bootable unknown (legacy)
4:012  0:006            label : EFI
4:016  0:004          This is SelfVolume !!
4:021  0:004  - [05]: Volume: PciRoot(0x0)\Pci(0x1D,0x0)\Pci(0x0,0x0)\NVMe(0x1,CA-8F-B2-81-58-38-25-00)\HD(2,GPT,9508A8C6-F9B9-4EDD-ABC7-C1C4A019C410,0x64028,0x3A321FE0)
4:030  0:008          Result of bootcode detection: bootable unknown (legacy)
4:034  0:004  - [06]: Volume: PciRoot(0x0)\Pci(0x1D,0x0)\Pci(0x0,0x0)\NVMe(0x1,CA-8F-B2-81-58-38-25-00)\HD(2,GPT,9508A8C6-F9B9-4EDD-ABC7-C1C4A019C410,0x64028,0x3A321FE0)\VenMedia(BE74FCF7-0B7C-49F3-9147-01F4042E6842,F2738F7DD5B89341BB89C99D72294438)
4:044  0:009            apfsFileSystemUUID=7D8F73F2-B8D5-4193-BB89-C99D72294438, ApfsContainerUUID=85F3C012-2D6D-4FA1-A77E-71D7470E7FA2, ApfsRole=0x10
4:049  0:004            label : Preboot
4:053  0:004  - [07]: Volume: PciRoot(0x0)\Pci(0x1D,0x0)\Pci(0x0,0x0)\NVMe(0x1,CA-8F-B2-81-58-38-25-00)\HD(2,GPT,9508A8C6-F9B9-4EDD-ABC7-C1C4A019C410,0x64028,0x3A321FE0)\VenMedia(BE74FCF7-0B7C-49F3-9147-01F4042E6842,5D6490A424B7BC4F9AC8F7A23B1C4935)
4:062  0:009            apfsFileSystemUUID=A490645D-B724-4FBC-9AC8-F7A23B1C4935, ApfsContainerUUID=85F3C012-2D6D-4FA1-A77E-71D7470E7FA2, ApfsRole=0x40
4:077  0:014            label : Macintosh HD - Dati
4:081  0:004  - [08]: Volume: PciRoot(0x0)\Pci(0x1D,0x0)\Pci(0x0,0x0)\NVMe(0x1,CA-8F-B2-81-58-38-25-00)\HD(2,GPT,9508A8C6-F9B9-4EDD-ABC7-C1C4A019C410,0x64028,0x3A321FE0)\VenMedia(BE74FCF7-0B7C-49F3-9147-01F4042E6842,B6D67091A529BA4BA6736F0E24A99093)
4:090  0:008            apfsFileSystemUUID=9170D6B6-29A5-4BBA-A673-6F0E24A99093, ApfsContainerUUID=85F3C012-2D6D-4FA1-A77E-71D7470E7FA2, ApfsRole=0x4
4:095  0:004            label : Recovery
4:099  0:004  - [09]: Volume: PciRoot(0x0)\Pci(0x1D,0x0)\Pci(0x0,0x0)\NVMe(0x1,CA-8F-B2-81-58-38-25-00)\HD(2,GPT,9508A8C6-F9B9-4EDD-ABC7-C1C4A019C410,0x64028,0x3A321FE0)\VenMedia(BE74FCF7-0B7C-49F3-9147-01F4042E6842,C30BF988C32C724BB297A45648EE79C3)
4:109  0:009            apfsFileSystemUUID=88F90BC3-2CC3-4B72-B297-A45648EE79C3, ApfsContainerUUID=85F3C012-2D6D-4FA1-A77E-71D7470E7FA2, ApfsRole=0x1
4:116  0:006            label : Macintosh HD
4:120  0:004  - [10]: Volume: PciRoot(0x0)\Pci(0x1D,0x0)\Pci(0x0,0x0)\NVMe(0x1,CA-8F-B2-81-58-38-25-00)\HD(2,GPT,9508A8C6-F9B9-4EDD-ABC7-C1C4A019C410,0x64028,0x3A321FE0)\VenMedia(BE74FCF7-0B7C-49F3-9147-01F4042E6842,982FC8B0B1F22A41B736D33F4320CF33)
4:130  0:009            apfsFileSystemUUID=B0C82F98-F2B1-412A-B736-D33F4320CF33, ApfsContainerUUID=85F3C012-2D6D-4FA1-A77E-71D7470E7FA2, ApfsRole=0xc0
4:134  0:004            label : Update
4:139  0:004  - [11]: Volume: PciRoot(0x0)\Pci(0x1D,0x0)\Pci(0x0,0x0)\NVMe(0x1,CA-8F-B2-81-58-38-25-00)\HD(2,GPT,9508A8C6-F9B9-4EDD-ABC7-C1C4A019C410,0x64028,0x3A321FE0)\VenMedia(BE74FCF7-0B7C-49F3-9147-01F4042E6842,D0BFA628AA2C7548AE15EA6E25144D32)
4:148  0:009            apfsFileSystemUUID=28A6BFD0-2CAA-4875-AE15-EA6E25144D32, ApfsContainerUUID=85F3C012-2D6D-4FA1-A77E-71D7470E7FA2, ApfsRole=0x8
4:152  0:004            label : VM
4:157  0:004  No AudioIoProtocols, status=Not Found
4:162  0:004  === [ InitXTheme ] ==============================
4:166  0:004  use Daylight theme
4:171  0:004   using embedded theme
4:184  0:013  Using embedded font
4:189  0:004  theme inited
4:193  0:004  Chosen embedded theme
4:198  0:004  found boot-args in NVRAM:keepsyms=1 alcid=11 shikigva=80, size=32
4:202  0:004  ...found arg:keepsyms=1
4:207  0:004  ...adding arg:keepsyms=1
4:214  0:007  ...found arg:alcid=11
4:221  0:007  ...adding arg:alcid=11
4:228  0:006  ...found arg:shikigva=80
4:233  0:004  ...adding arg:shikigva=80
4:237  0:004  after NVRAM boot-args=-v agdpmod=pikera keepsyms=1 alcid=11 shikigva=80 
4:242  0:004  Scanning legacy ...
4:246  0:004  === [ Dump SMC keys from NVRAM ] ================
4:250  0:004  found AppleSMC protocol
4:263  0:012     fakesmc-key-RVBF-ch8*:02 46 0F 00 00 12 
4:300  0:037     fakesmc-key-#KEY-ui32:00 00 00 11 
4:328  0:028     fakesmc-key-$Adr-ui32:00 00 03 00 
4:356  0:028     fakesmc-key-$Num-ui8:01 
4:371  0:014     fakesmc-key-RMde-char:41 
4:386  0:015     fakesmc-key-RBr -ch8*:6A 31 33 38 5F 39 00 00 
4:431  0:045     fakesmc-key-EPCI-ui32:09 D0 F0 00 
4:459  0:028     fakesmc-key-REV -ch8*:02 46 0F 00 00 12 
4:495  0:036     fakesmc-key-RPlt-ch8*:6A 31 33 38 00 00 00 00 
4:540  0:044     fakesmc-key-BEMB-flag:00 
4:554  0:014     fakesmc-key-BATP-flag:00 
4:569  0:014     fakesmc-key-BNum-ui8:00 
4:583  0:014     fakesmc-key-MSTc-ui8:00 
4:598  0:014     fakesmc-key-MSAc-ui16:00 00 
4:616  0:018     fakesmc-key-MSWr-ui8:00 
4:630  0:014     fakesmc-key-MSFW-ui8:01 00 
4:649  0:018     fakesmc-key-MSPS-ui16:00 03 
4:674  0:025  Registered 17 SMC keys
4:683  0:008  === [ ScanLoader ] ==============================
4:687  0:004  - [01]: 'EFI'
4:714  0:026  - [02]: 'Dati'
4:758  0:044  - [04]: 'EFI'
4:770  0:012        AddLoaderEntry for Volume Name=EFI, idx=0
4:775  0:004        OSVersion= 
4:780  0:004        IconName=unknown comma=-1 size=7
4:787  0:007        Full=unknown
4:798  0:010        Loader entry created for 'PciRoot(0x0)\Pci(0x1D,0x0)\Pci(0x0,0x0)\NVMe(0x1,CA-8F-B2-81-58-38-25-00)\HD(1,GPT,6E40A227-DDED-4325-B7CE-3959620EB39E,0x28,0x64000)\EFI\BOOT\BOOTX64.efi'
4:802  0:004       hiding entry: \EFI\BOOT\BOOTX64.efi
4:807  0:004        Menu entry added at index 0
4:811  0:004       hiding entry because DiskKind is DISK_KIND_INTERNAL: \EFI\BOOT\BOOTX64.efi
4:815  0:004  - [06]: 'Preboot'
4:824  0:008      ApfsContainerUUID=85F3C012-2D6D-4FA1-A77E-71D7470E7FA2
4:829  0:004      ApfsFileSystemUUID=7D8F73F2-B8D5-4193-BB89-C99D72294438
4:833  0:004      APFSTargetUUID=A490645D-B724-4FBC-9AC8-F7A23B1C4935
4:838  0:005        contentDetails name:Macintosh HD
4:843  0:004        AddLoaderEntry for Volume Name=Preboot, idx=1
4:847  0:004        OSVersion=14.4 
4:851  0:004        Check if volume Is Hibernated:
4:856  0:004        Check sleep image 'by signature':
4:860  0:004        using default sleep image name = \private\var\vm\sleepimage
4:865  0:004        cannot open sleepimage -> Not Found
4:869  0:004        hibernated: no - sign
4:874  0:004        IconName=sonoma,mac comma=6 size=10
4:878  0:004        first=os_sonoma
4:883  0:004        Second=os_mac
4:887  0:004        IconName=unknown comma=-1 size=7
4:892  0:004        Full=unknown
4:896  0:004        Loader entry created for 'PciRoot(0x0)\Pci(0x1D,0x0)\Pci(0x0,0x0)\NVMe(0x1,CA-8F-B2-81-58-38-25-00)\HD(2,GPT,9508A8C6-F9B9-4EDD-ABC7-C1C4A019C410,0x64028,0x3A321FE0)\VenMedia(BE74FCF7-0B7C-49F3-9147-01F4042E6842,F2738F7DD5B89341BB89C99D72294438)\A490645D-B724-4FBC-9AC8-F7A23B1C4935\System\Library\CoreServices\boot.efi'
4:902  0:005        Menu entry added at index 1
4:906  0:004  - [07]: 'Macintosh HD - Dati'
4:915  0:008      ApfsContainerUUID=85F3C012-2D6D-4FA1-A77E-71D7470E7FA2
4:919  0:004      ApfsFileSystemUUID=A490645D-B724-4FBC-9AC8-F7A23B1C4935
4:924  0:004  - [08]: 'Recovery'
4:933  0:008      ApfsContainerUUID=85F3C012-2D6D-4FA1-A77E-71D7470E7FA2
4:937  0:004      ApfsFileSystemUUID=9170D6B6-29A5-4BBA-A673-6F0E24A99093
4:941  0:004      APFSTargetUUID=A490645D-B724-4FBC-9AC8-F7A23B1C4935
4:946  0:004        contentDetails name:Macintosh HD
4:951  0:005        AddLoaderEntry for Volume Name=Recovery, idx=2
4:956  0:004        OSVersion=14.4 
4:960  0:004        IconName=sonoma,mac comma=6 size=10
4:965  0:004        first=os_sonoma
4:969  0:004        Second=os_mac
4:974  0:004        IconName=unknown comma=-1 size=7
4:978  0:004        Full=unknown
4:982  0:004        Loader entry created for 'PciRoot(0x0)\Pci(0x1D,0x0)\Pci(0x0,0x0)\NVMe(0x1,CA-8F-B2-81-58-38-25-00)\HD(2,GPT,9508A8C6-F9B9-4EDD-ABC7-C1C4A019C410,0x64028,0x3A321FE0)\VenMedia(BE74FCF7-0B7C-49F3-9147-01F4042E6842,B6D67091A529BA4BA6736F0E24A99093)\A490645D-B724-4FBC-9AC8-F7A23B1C4935\BaseSystem.dmg'
4:987  0:005        Menu entry added at index 2
4:992  0:004  - [09]: 'Macintosh HD'
5:001  0:009      ApfsContainerUUID=85F3C012-2D6D-4FA1-A77E-71D7470E7FA2
5:008  0:006      ApfsFileSystemUUID=88F90BC3-2CC3-4B72-B297-A45648EE79C3
5:018  0:009  - [10]: 'Update'
5:027  0:008      ApfsContainerUUID=85F3C012-2D6D-4FA1-A77E-71D7470E7FA2
5:031  0:004      ApfsFileSystemUUID=B0C82F98-F2B1-412A-B736-D33F4320CF33
5:036  0:004  - [11]: 'VM'
5:046  0:010      ApfsContainerUUID=85F3C012-2D6D-4FA1-A77E-71D7470E7FA2
5:050  0:004      ApfsFileSystemUUID=28A6BFD0-2CAA-4875-AE15-EA6E25144D32
5:055  0:004  Entries list before ordering
5:059  0:004      Entry 0 : Boot UEFI internal from EFI (hidden)
5:064  0:004      Entry 1 : Boot Mac OS from Macintosh HD via Preboot
5:068  0:004      Entry 2 : Boot Mac OS Recovery for Macintosh HD via Recovery
5:073  0:004  Entries list after ordering
5:077  0:004    Entry 0 : Boot UEFI internal from EFI (hidden)
5:082  0:004    Entry 1 : Boot Mac OS from Macintosh HD via Preboot
5:086  0:004    Entry 2 : Boot Mac OS Recovery for Macintosh HD via Recovery
5:091  0:004  === [ AddCustomTool ] ===========================
5:095  0:004  found tool \EFI\CLOVER\tools\Shell64U.efi
5:100  0:004  Checking EFI partition Volume 1 for Clover
5:105  0:005   Found Clover
5:110  0:004  === [ GetEfiBootDeviceFromNvram ] ===============
5:115  0:004   - [!] efi-boot-device-data not found
5:119  0:004  Default boot entry not found
5:124  0:004  BannerPlace at Clear Screen [619,68]
5:145  0:021  GUI ready
7:970  2:824  Boot option 0 has other volume name Macintosh HDboot.efi
7:974  0:004  === [ StartLoader ] =============================
7:979  0:004  Starting PciRoot(0x0)\Pci(0x1D,0x0)\Pci(0x0,0x0)\NVMe(0x1,CA-8F-B2-81-58-38-25-00)\HD(2,GPT,9508A8C6-F9B9-4EDD-ABC7-C1C4A019C410,0x64028,0x3A321FE0)\VenMedia(BE74FCF7-0B7C-49F3-9147-01F4042E6842,F2738F7DD5B89341BB89C99D72294438)\A490645D-B724-4FBC-9AC8-F7A23B1C4935\System\Library\CoreServices\boot.efi
7:983  0:004  Finally: ExternalClock=26MHz BusSpeed=100014kHz CPUFreq=3600MHz PIS: hw.busfrequency=104000000Hz
7:992  0:008  Beginning OC
7:997  0:004  OCST: Missing vault data, ignoring...
8:002  0:004  AddKextsInArray from Other
8:006  0:004  ->Extra kext: Other\USBMap.kext (v.1.0)
8:011  0:004  ->Extra kext: Other\WhateverGreen.kext (v.1.6.1)
8:015  0:004  ->Extra kext: Other\NVMeFix.kext (v.1.1.0)
8:020  0:004  ->Extra kext: Other\IntelMausi.kext (v.1.0.7)
8:024  0:004  ->Extra kext: Other\Lilu.kext (v.1.6.9)
8:028  0:004  ->Extra kext: Other\SMCProcessor.kext (v.1.3.0)
8:033  0:004  ->Extra kext: Other\SMCSuperIO.kext (v.1.3.0)
8:037  0:004  ->Extra kext: Other\VirtualSMC.kext (v.1.3.0)
8:043  0:005  AddKextsInArray from Off
8:048  0:004  AddKextsInArray from 14
8:052  0:004  AddKextsInArray from 14_normal
8:057  0:004  AddKextsInArray from 14.4
8:061  0:004  AddKextsInArray from 14.4_normal
8:066  0:004  AddKextsInArray from 14.4.0
8:070  0:004  AddKextsInArray from 14.4.0_normal
8:075  0:004  Bridge kext to OC : Path=Other\Lilu.kext
8:080  0:005  Bridge kext to OC : Path=Other\VirtualSMC.kext
8:086  0:005  Bridge kext to OC : Path=Other\WhateverGreen.kext
8:091  0:005  Bridge kext to OC : Path=Other\SMCProcessor.kext
8:097  0:005  Bridge kext to OC : Path=Other\SMCSuperIO.kext
8:102  0:004  Bridge kext to OC : Path=Other\USBMap.kext
8:107  0:004  Bridge kext to OC : Path=Other\NVMeFix.kext
8:112  0:005  Bridge kext to OC : Path=Other\IntelMausi.kext
8:120  0:007  Start 'OpenRuntime.efi' : Status Success
8:124  0:004  OC: config config.plist
8:129  0:004  OC: Got 0 drivers
8:136  0:007  OC: OpenCore DBG-102-2024-09-12 is loading in Optional mode (0/0)...
8:141  0:004  OC: StorageHandle 0 with  LauncherOption pointing to 
8:146  0:005  OcOSInfoInstallProtocol
8:150  0:004  OCRTC: OcAppleRtcRamInstallProtocol
8:155  0:004  OCRTC: Wake log is 0x00 0x00   0 0x00
8:159  0:004  OcAppleFbInfoInstallProtocol
8:164  0:004  OcAppleEg2InfoInstallProtocol
8:171  0:007  OCEG: Discovered rotate NVRAM override to 0
8:176  0:004  OC: Loading Apple Secure Boot with Disabled (level 0)
8:181  0:005  OCABC: ALRBL 0 RTDFRG 1 DEVMMIO 1 NOSU 0 NOVRWR 0 NOSB 0 FBSIG 0 NOHBMAP 0 SMSLIDE 1 WRUNPROT 1
8:185  0:004  OCABC: FEXITBS 0 PRMRG 0 CSLIDE 1 MSLIDE 0 PRSRV 1 RBMAP 1 VMAP 1 APPLOS 0 RTPERMS 1 ARBAR -1 RBIO 0
8:189  0:004  OCABC: Got rendezvous with OpenRuntime r12
8:194  0:004  OCABC: MAT support is 1
8:199  0:004  OC: RequestBootVarRouting 0
8:204  0:005  OCDM: Found 0x20046/0x2003C UEFI version (376 bytes, 0 rebuilding to 376) gST 7AB3B018 gBS 6D82E3A0 gBS->CreateEventEx 6D81C904 &gBS 6D5062C0
8:208  0:004  OC: Setting GPU BARs to 0
8:213  0:004  OCDM: RBAR using PciIo
8:217  0:004  OCDM: Setting RBAR to 0 inc 1 on 3/18
8:221  0:004  OCDM: Capability I/O error - Unsupported
8:226  0:004  OCDM: RBAR is unsupported by device - Device Error
8:230  0:004  OCDM: Setting RBAR to 0 inc 1 on 5/18
8:235  0:004  OCDM: Capability I/O error - Unsupported
8:239  0:004  OCDM: RBAR is unsupported by device - Device Error
8:244  0:005  OC: Got 0 drivers
8:248  0:004  OCC: Installing GOP (Unsupported) on ConsoleOutHandle...
8:253  0:004  OC: Requested resolution is 1920x1080@0 (max: 0, force: 0) from 1920x1080
8:257  0:004  OCC: Using builtin text renderer with 1 scale
8:262  0:004  OCC: Install console control (6D4F13D0/6D815D88/0), current - Success
8:266  0:004  OCC: Setup ASCII Output - Success
8:271  0:004  OC: Requested console mode is 0x0 (max: 0) from 
8:275  0:004  OC: Invalid HibernateMode: 
8:279  0:004  OC: Translated HibernateMode  to 0
8:284  0:004  OC: Hibernation activation - Invalid Parameter, hibernation wake - no
8:288  0:004  OC: Panic log does not exist
8:293  0:004  OCABC: IsEfiBootRt 0 (BP 1, Apple 0)
8:298  0:005  OCB: Arch filtering 72D53018(723512)->72D53018(723512) caps 0 - Success
8:309  0:010  ImageHandle = 73009518
8:317  0:008  GetOSVersion: 14.4 (s)
8:329  0:011  Will not patch boot.efi
8:333  0:004  Using latest BiosVersion from config instead of default 'IM191.88Z.F000.B00.2302212211'
8:338  0:004  Using latest BiosReleaseDate from config instead of default '02/21/2023'
8:342  0:004  BiosVersion: IM191.88Z.F000.B00.2308061817
8:346  0:004  BiosReleaseDate: 08/06/2023
8:350  0:004  EfiVersion: 1968.100.16.0.1
8:355  0:004  SMBIOS reloaded with model iMac19,1
8:359  0:004  Set FakeCPUID: 0x0
8:364  0:004  === [ PatchSmbios ] =============================
8:368  0:004  UpdateSmbiosString : BiosVersion=EfiVersion=1968.100.16.0.1
8:373  0:004  UpdateSmbiosString : ReleaseDate=08/06/2023
8:377  0:004  void PatchTableType1(const SmbiosInjectedSettings&) : UpdateSmbiosString ProductName=iMac19,1
8:381  0:004  void PatchTableType2(const SmbiosInjectedSettings&) : UpdateSmbiosString ProductName=BoardNumber=Mac-AA95B1DDAB278B95
8:386  0:004  void PatchTableType2(const SmbiosInjectedSettings&) : UpdateSmbiosString Version=BoardVersion=iMac19,1
8:390  0:004  insert table 9 for dev 0:0
8:395  0:004  insert table 9 for dev 0:1
8:399  0:004  insert table 9 for dev 1F:6
8:403  0:004  Table 11 present, but rewritten for us
8:408  0:005  Do not inject memory table
8:413  0:004  Trusting SMBIOS...
8:417  0:004  Channels: 1
8:421  0:004  Interleave: 0 1 2 3
8:448  0:026  trusted SMBIOS data, table index 0:
8:452  0:004    gRAM.SMBIOS[0]->ModuleSize = 8192
8:460  0:007    gRAM.SMBIOS[0]->Type = 0
8:467  0:007    gRAM.SMBIOS[0]->Frequency = 3200
8:472  0:004    gRAM.SMBIOS[0]->Vendor = Corsair
8:476  0:004    gRAM.SMBIOS[0]->PartNo = CMK16GX4M2K4266C19
8:480  0:004    gRAM.SMBIOS[0]->SerialNo = 00000000
8:485  0:004  SPD data in use:
8:489  0:004    gRAM.SPD[0]->ModuleSize = 8192
8:493  0:004    gRAM.SPD[0]->Type = 26
8:498  0:004    gRAM.SPD[0]->Frequency = 4264
8:502  0:004    gRAM.SPD[0]->Vendor = Corsair
8:507  0:004    gRAM.SPD[0]->SerialNo = 00000000
8:511  0:004    gRAM.SPD[0]->PartNo = CMK16GX4M2K4266C19
8:516  0:004    SMBIOS Type 17 Index = 0 => SMBIOSIndex=0 SPDIndex=0:
8:520  0:004  BANK 0 DIMM0 4264MHz 8192MB(Ext:0MB)
8:525  0:004  trusted SMBIOS data, table index 1:
8:529  0:004    gRAM.SMBIOS[1]->ModuleSize = 8192
8:534  0:004    gRAM.SMBIOS[1]->Type = 0
8:538  0:004    gRAM.SMBIOS[1]->Frequency = 3200
8:543  0:004    gRAM.SMBIOS[1]->Vendor = Corsair
8:547  0:004    gRAM.SMBIOS[1]->PartNo = CMK16GX4M2K4266C19
8:552  0:004    gRAM.SMBIOS[1]->SerialNo = 00000000
8:556  0:004  SPD data in use:
8:561  0:004    gRAM.SPD[1]->ModuleSize = 8192
8:565  0:004    gRAM.SPD[1]->Type = 26
8:570  0:004    gRAM.SPD[1]->Frequency = 4264
8:574  0:004    gRAM.SPD[1]->Vendor = Corsair
8:578  0:004    gRAM.SPD[1]->SerialNo = 00000000
8:583  0:004    gRAM.SPD[1]->PartNo = CMK16GX4M2K4266C19
8:587  0:004    SMBIOS Type 17 Index = 1 => SMBIOSIndex=1 SPDIndex=1:
8:592  0:004  BANK 0 DIMM1 4264MHz 8192MB(Ext:0MB)
8:596  0:004  !trusted SMBIOS data, Table index 2:!gRAM.SMBIOS.doesSlotForIndexExist(SMBIOSIndex) 
8:609  0:013    SMBIOS Type 17 Index = 2 => SMBIOSIndex=2 SPDIndex=2:
8:614  0:004  BANK 0 DIMM2 EMPTY
8:618  0:004  !trusted SMBIOS data, Table index 3:!gRAM.SMBIOS.doesSlotForIndexExist(SMBIOSIndex) 
8:631  0:013    SMBIOS Type 17 Index = 3 => SMBIOSIndex=3 SPDIndex=3:
8:636  0:004  BANK 0 DIMM3 EMPTY
8:640  0:004  mTotalSystemMemory = 16384
8:644  0:004  NumberOfMemoryDevices = 4
8:649  0:004  Type20[0]->End = 0x7FFFFF, Type17[0] = 2000
8:653  0:004  Type20[1]->End = 0xFFFFFF, Type17[1] = 6000
8:658  0:004  Table 131 is present, CPUType=35
8:662  0:004  Change to: 1005
8:666  0:004  === [ PatchACPI ] ===============================
8:671  0:004  OCABC: AllocPages 1 0x7A308000 (1) - Success
8:675  0:004  Xsdt reallocation done
8:680  0:004  OCABC: AllocPages 1 0x7A307000 (1) - Success
8:684  0:004  old FADT length=114
8:689  0:004   SignatureFixup: 0x7173A1F4 -> 0x0
8:693  0:004  Found OperationRegion(GNVS, SystemMemory, 7A345000, ...)
8:698  0:004  Found OperationRegion(RAMW, SystemMemory, 7A349018, ...)
8:703  0:004  Found OperationRegion(RAMX, SystemMemory, 7A2A5018, ...)
8:707  0:004  Found OperationRegion(PNVA, SystemMemory, 7A3D1B98, ...)
8:712  0:004  Found OperationRegion(THBA, SystemMemory, FE200000, ...)
8:717  0:005  Found OperationRegion(BNVS, SystemMemory, 7A35A000, ...)
8:721  0:004  Found OperationRegion(SMBD, SystemMemory, E00FC004, ...)
8:726  0:004  Found OperationRegion(TMMB, SystemMemory, FED40000, ...)
8:730  0:004  Found OperationRegion(CRBD, SystemMemory, FED40000, ...)
8:735  0:004  Found OperationRegion(TPMR, SystemMemory, FED40040, ...)
8:739  0:004  Found OperationRegion(ATNV, SystemMemory, 7A3D1F98, ...)
8:744  0:004  Found OperationRegion(WPBR, SystemMemory, 7A333000, ...)
8:749  0:005  OCABC: AllocPages 1 0x7A2B8000 (79) - Success
8:753  0:004  Apply DsdtFixMask=0x10408000
8:758  0:004  === [ FixBiosDsdt ] =============================
8:763  0:004  Patching DSDT:
8:767  0:004   - [change EC0 to EC]: pattern 4543305F, patched at: [ (F96F) ]
8:789  0:022   - [change HECI to IMEI]: pattern 48454349, patched at: [ (18CAE) ]
8:813  0:024  NewName HDAS already present, renaming impossible
8:819  0:005   deleting device CRT_
8:827  0:008   deleting device DVI_
8:836  0:008   deleting device SPKR
8:845  0:008   deleting device ECP_
8:853  0:008   deleting device LPT_
8:862  0:008   deleting device FDC0
8:871  0:008   deleting device ECP1
8:880  0:008   deleting device LPT1
8:888  0:008   deleting device FDC_
8:897  0:008    indirect name=RAMB
8:902  0:004    indirect name=RAMA
8:907  0:004    indirect name=PNVB
8:911  0:004  OperationRegion (THBA...) corrected from 0x0 to addr=0xFE200000
8:916  0:004    indirect name=TPMM
8:920  0:004    indirect name=FTPM
8:925  0:004    indirect name=PPIM
8:929  0:004  PreCleanup XSDT: count=25, length=236
8:934  0:004  PreCleanup XSDT, corrected XSDT: count=25, length=236
8:938  0:004  === [ ACPIPatchedAML ] ==========================
8:943  0:004  AutoMerge pass 1
8:947  0:004  Unsorted
8:952  0:004  Inserting SSDT-AWAC.aml from \EFI\CLOVER\ACPI\patched: ignore on pass 1
8:961  0:008  Inserting SSDT-EC-USBX.aml from \EFI\CLOVER\ACPI\patched: ignore on pass 1
8:969  0:008  Inserting SSDT-PLUG.aml from \EFI\CLOVER\ACPI\patched: ignore on pass 1
8:978  0:008  Inserting SSDT-PMC.aml from \EFI\CLOVER\ACPI\patched: ignore on pass 1
8:987  0:008  Inserting SSDT-UIAC.aml from \EFI\CLOVER\ACPI\patched: ignore on pass 1
8:996  0:008  === [ ACPIDropTables ] ==========================
9:000  0:004  OCABC: AllocPages 1 0x7A2B6000 (2) - Success
9:005  0:004  OCABC: AllocPages 1 0x7A2B6000 (2) - Success
9:009  0:004  OCABC: AllocPages 1 0x7A2B6000 (2) - Success
9:013  0:004  OCABC: AllocPages 1 0x7A2B6000 (2) - Success
9:018  0:004  OCABC: AllocPages 1 0x7A2B6000 (2) - Success
9:022  0:004  OCABC: AllocPages 1 0x7A2B6000 (2) - Success
9:026  0:004  Patching SSDTs: 2 patches each
9:031  0:004   pattern 4543305F, bin not found / already patched!
9:041  0:010   pattern 48454349, bin not found / already patched!
9:056  0:014  OCABC: AllocPages 1 0x7A2B3000 (3) - Success
9:060  0:004  Patching SSDTs: 2 patches each
9:065  0:004   pattern 4543305F, bin not found / already patched!
9:073  0:008   pattern 48454349, bin not found / already patched!
9:082  0:008  Found OperationRegion(PNVS, SystemMemory, 7ADF2000, ...)
9:086  0:004  OCABC: AllocPages 1 0x7A2AE000 (5) - Success
9:090  0:004  Patching SSDTs: 2 patches each
9:094  0:004   pattern 4543305F, bin not found / already patched!
9:103  0:008   pattern 48454349, bin not found / already patched!
9:112  0:008  Found OperationRegion(SANV, SystemMemory, 7A3D1118, ...)
9:116  0:004  OCABC: AllocPages 1 0x7A2AA000 (4) - Success
9:120  0:004  Patching SSDTs: 2 patches each
9:125  0:004   pattern 4543305F, bin not found / already patched!
9:134  0:008   pattern 48454349, bin not found / already patched!
9:142  0:008  OCABC: AllocPages 1 0x7A2A8000 (2) - Success
9:146  0:004  OCABC: AllocPages 1 0x7A2A8000 (2) - Success
9:150  0:004  Patching SSDTs: 2 patches each
9:155  0:004   pattern 4543305F, bin not found / already patched!
9:164  0:008   pattern 48454349, bin not found / already patched!
9:172  0:008  OCABC: AllocPages 1 0x7A129000 (4) - Success
9:177  0:004  Patching SSDTs: 2 patches each
9:181  0:004   pattern 4543305F, bin not found / already patched!
9:192  0:011   pattern 48454349, bin not found / already patched!
9:201  0:009  OCABC: AllocPages 1 0x7A2A6000 (2) - Success
9:206  0:004  OCABC: AllocPages 1 0x7A2A6000 (2) - Success
9:210  0:004  OCABC: AllocPages 1 0x7A125000 (4) - Success
9:215  0:004  Patching SSDTs: 2 patches each
9:219  0:004   pattern 4543305F, bin not found / already patched!
9:227  0:008   pattern 48454349, bin not found / already patched!
9:236  0:008  OCABC: AllocPages 1 0x7A2A6000 (2) - Success
9:240  0:004  Patching SSDTs: 2 patches each
9:244  0:004   pattern 4543305F, bin not found / already patched!
9:253  0:008   pattern 48454349, bin not found / already patched!
9:261  0:008  OCABC: AllocPages 1 0x7A123000 (2) - Success
9:265  0:004  OCABC: AllocPages 1 0x7A123000 (2) - Success
9:270  0:004  OCABC: AllocPages 1 0x7A122000 (3) - Success
9:274  0:004  Patching SSDTs: 2 patches each
9:282  0:008   pattern 4543305F, bin not found / already patched!
9:294  0:011   pattern 48454349, bin not found / already patched!
9:303  0:008  OCABC: AllocPages 1 0x7A120000 (2) - Success
9:308  0:004  Patching SSDTs: 2 patches each
9:312  0:004   pattern 4543305F, bin not found / already patched!
9:321  0:009   pattern 48454349, bin not found / already patched!
9:330  0:008  Found OperationRegion(ADHD, SystemMemory, 78C93000, ...)
9:335  0:004  Found OperationRegion(ABLK, SystemMemory, 78C93020, ...)
9:339  0:004  OCABC: AllocPages 1 0x7A110000 (16) - Success
9:344  0:004  OCABC: AllocPages 1 0x7A11E000 (2) - Success
9:348  0:004  OCABC: AllocPages 1 0x7A11E000 (2) - Success
9:353  0:004  OCABC: AllocPages 1 0x7A11E000 (2) - Success
9:357  0:004  === [ ACPIPatchedAML ] ==========================
9:362  0:004  AutoMerge pass 2
9:366  0:004  Unsorted
9:371  0:004  Inserting SSDT-AWAC.aml from \EFI\CLOVER\ACPI\patched: size=73 OCABC: AllocPages 1 0x7A11F000 (1) - Success
... Success
9:389  0:017  Inserting SSDT-EC-USBX.aml from \EFI\CLOVER\ACPI\patched: size=7341 OCABC: AllocPages 1 0x7A11D000 (2) - Success
... Success
9:407  0:017  Inserting SSDT-PLUG.aml from \EFI\CLOVER\ACPI\patched: size=693 OCABC: AllocPages 1 0x7A11C000 (1) - Success
... Success
9:424  0:017  Inserting SSDT-PMC.aml from \EFI\CLOVER\ACPI\patched: size=414 OCABC: AllocPages 1 0x7A11B000 (1) - Success
... Success
9:442  0:018  Inserting SSDT-UIAC.aml from \EFI\CLOVER\ACPI\patched: size=693 OCABC: AllocPages 1 0x7A11A000 (1) - Success
... Success
9:460  0:017  ApicCPUNum=1
9:464  0:004  Maximum control=0x24
9:469  0:004  Turbo control=0x31
9:473  0:004  P-States: min 0x8, max 0x31
9:477  0:004  SSDT with plugin-type without P-States is generated
9:482  0:004  OCABC: AllocPages 1 0x7A119000 (1) - Success
9:486  0:004  Cleanup XSDT: count=31, length=284
9:491  0:004  corrected XSDT count=31, length=284
9:496  0:004  === [ RestSetup macOS ] =========================
9:500  0:004  ATI injection not set
9:507  0:006  Intel GFX injection not set
9:512  0:004   RCBA disabled; cannot use it
9:517  0:004   setting specified layout-id=1 (0x1)
9:521  0:004  stringlength = 458
9:526  0:004  OCABC: AllocPages 1 0x7A118000 (1) - Success
9:530  0:004  CurrentMode: Width=1366 Height=768
9:535  0:004  SetNvramVariable (system-id, 4D1EDE05-38C7-4A6A-9CC6-4BCCA8B38C14, 0x2, 16): -> writing new (Success)
9:545  0:009  SetNvramVariable (MLB, 4D1EDE05-38C7-4A6A-9CC6-4BCCA8B38C14, 0x6, 17): -> writing new (Success)
9:555  0:010  SetNvramVariable (ROM, 4D1EDE05-38C7-4A6A-9CC6-4BCCA8B38C14, 0x6, 6): -> writing new (Success)
9:565  0:009  SetNvramVariable (FirmwareFeatures, 4D1EDE05-38C7-4A6A-9CC6-4BCCA8B38C14, 0x6, 4): -> writing new (Success)
9:575  0:010  SetNvramVariable (FirmwareFeaturesMask, 4D1EDE05-38C7-4A6A-9CC6-4BCCA8B38C14, 0x6, 4): -> writing new (Success)
9:585  0:010  SetNvramVariable (ExtendedFirmwareFeatures, 4D1EDE05-38C7-4A6A-9CC6-4BCCA8B38C14, 0x6, 8): -> writing new (Success)
9:595  0:009  SetNvramVariable (ExtendedFirmwareFeaturesMask, 4D1EDE05-38C7-4A6A-9CC6-4BCCA8B38C14, 0x6, 8): -> writing new (Success)
9:604  0:009  AddNvramVariable (HW_BID, 4D1EDE05-38C7-4A6A-9CC6-4BCCA8B38C14, 0x6, 20): -> writing new (Success)
9:614  0:009  AddNvramVariable (security-mode, 7C436110-AB2A-4BBB-A880-FE41995C9F82, 0x7, 5): -> already exists, abort
9:624  0:009  set DefaultBackgroundColor=0xfbfbfb
9:628  0:004  SetNvramVariable (DefaultBackgroundColor, 4D1EDE05-38C7-4A6A-9CC6-4BCCA8B38C14, 0x7, 4): -> writing new (Success)
9:641  0:012  SetNvramVariable (ActualDensity, 7C436110-AB2A-4BBB-A880-FE41995C9F82, 0x7, 2): exists(0x7, 2), equal -> not writing again.
9:655  0:013  SetNvramVariable (DensityThreshold, 7C436110-AB2A-4BBB-A880-FE41995C9F82, 0x7, 2): exists(0x7, 2), equal -> not writing again.
9:669  0:013  SetNvramVariable (gfx-saved-config-restore-status, 4D1EDE05-38C7-4A6A-9CC6-4BCCA8B38C14, 0x7, 8): exists(0x7, 8), equal -> not writing again.
9:683  0:014  DeleteNvramVariable (UIScale, 4D1EDE05-38C7-4A6A-9CC6-4BCCA8B38C14):
9:689  0:005  DeleteNvramVariable (EFILoginHiDPI, 7C436110-AB2A-4BBB-A880-FE41995C9F82):
9:693  0:004  SetNvramVariable (flagstate, 7C436110-AB2A-4BBB-A880-FE41995C9F82, 0x7, 32): exists(0x7, 32), equal -> not writing again.
9:706  0:013  SetNvramVariable (csr-active-config, 7C436110-AB2A-4BBB-A880-FE41995C9F82, 0x7, 4): exists(0x7, 4), equal -> not writing again.
9:720  0:014  DeleteNvramVariable (BridgeOSHardwareModel, 4D1EDE05-38C7-4A6A-9CC6-4BCCA8B38C14):
9:726  0:005  DeleteNvramVariable (bootercfg, 7C436110-AB2A-4BBB-A880-FE41995C9F82):
9:731  0:005  DeleteNvramVariable (nvda_drv, 7C436110-AB2A-4BBB-A880-FE41995C9F82):
9:736  0:005  DeleteNvramVariable (recovery-boot-mode, 7C436110-AB2A-4BBB-A880-FE41995C9F82):
9:741  0:004  AddNvramVariable (wake-failure, 7C436110-AB2A-4BBB-A880-FE41995C9F82, 0x7, 5): -> already exists, abort
9:750  0:009  DeleteNvramVariable (opencore-version, 7C436110-AB2A-4BBB-A880-FE41995C9F82):
9:756  0:005  DeleteNvramVariable (ApBoardID, 94B73556-2197-4702-82A8-3E1337DAFBFB):
9:761  0:005  DeleteNvramVariable (ApSecurityDomain, 94B73556-2197-4702-82A8-3E1337DAFBFB):
9:766  0:004  DeleteNvramVariable (ApProductionStatus, 94B73556-2197-4702-82A8-3E1337DAFBFB):
9:771  0:005  DeleteNvramVariable (ApSecurityMode, 94B73556-2197-4702-82A8-3E1337DAFBFB):
9:776  0:004  DeleteNvramVariable (EffectiveProductionStatus, 94B73556-2197-4702-82A8-3E1337DAFBFB):
9:781  0:005  DeleteNvramVariable (EffectiveSecurityMode, 94B73556-2197-4702-82A8-3E1337DAFBFB):
9:787  0:005  DeleteNvramVariable (CertificateEpoch, 94B73556-2197-4702-82A8-3E1337DAFBFB):
9:792  0:005  DeleteNvramVariable (MixNMatchPreventionStatus, 94B73556-2197-4702-82A8-3E1337DAFBFB):
9:797  0:005  DeleteNvramVariable (CryptoDigestMethod, 94B73556-2197-4702-82A8-3E1337DAFBFB):
9:802  0:005  DeleteNvramVariable (InternalUseOnlyUnit, 94B73556-2197-4702-82A8-3E1337DAFBFB):
9:807  0:005  DeleteNvramVariable (ApECID, 94B73556-2197-4702-82A8-3E1337DAFBFB):
9:812  0:005  DeleteNvramVariable (HardwareModel, 94B73556-2197-4702-82A8-3E1337DAFBFB):
9:817  0:004  Use origin smbios table type 1 guid.
9:841  0:023  DeleteNvramVariable (efi-boot-device, 7C436110-AB2A-4BBB-A880-FE41995C9F82):
9:846  0:005  DeleteNvramVariable (efi-boot-device-data, 7C436110-AB2A-4BBB-A880-FE41995C9F82):
9:851  0:004  DeleteNvramVariable (BootCampHD, 7C436110-AB2A-4BBB-A880-FE41995C9F82):
9:856  0:004  Custom boot screen not used because entry has unset use graphics
9:862  0:006  DeleteNvramVariable (IOHibernateRTCVariables, 7C436110-AB2A-4BBB-A880-FE41995C9F82):
9:867  0:005  DeleteNvramVariable (boot-image, 7C436110-AB2A-4BBB-A880-FE41995C9F82):
9:872  0:004  Kernel quirks
9:876  0:004  ACPCL 1 AXCL 1 AXEM 0 AXFB 0 CSG 0 DIM 0 DLJ 0 DRC 1 DPM 0 EBTFF 0 EDI 0 FAI 0 IPBS 0 LKP 0 PNKD 0 PTKP 0 TPD 0 XPL 0 PCC 0
9:881  0:004  Closing log
9:885  0:004  OCABC: AllocPages 2 0x91000 (14) - Success
9:890  0:004  OCABC: AllocPages 2 0x6F762000 (14) - Success
9:894  0:004  OCABC: Recovering trashed GetMemoryMap pointer
9:900  0:006  OCABC: Patching safe mode sur-2 at off ACF4
9:904  0:004  OCABC: AllocPages 2 0x777E6000 (512) - Success
9:909  0:004  OCABC: AllocPages 2 0x777E5000 (1) - Success
9:913  0:004  OC: Supported boot capabilities 4
9:917  0:004  OCABC: AllocPages 2 0x777E4000 (1) - Success
9:921  0:004  OCABC: MMIO devirt start
9:926  0:004  OCABC: MMIO devirt 0xE0000000 (0x10000 pages, 0x800000000000100D) skip 0
9:930  0:004  OCABC: MMIO devirt 0xFE000000 (0x11 pages, 0x8000000000000001) skip 0
9:935  0:004  OCABC: MMIO devirt 0xFEC00000 (0x1 pages, 0x800000000000100D) skip 0
9:939  0:004  OCABC: MMIO devirt 0xFED00000 (0x4 pages, 0x800000000000100D) skip 0
9:944  0:004  OCABC: MMIO devirt 0xFEE00000 (0x1 pages, 0x8000000000000001) skip 0
9:948  0:004  OCABC: MMIO devirt 0xFF000000 (0x1000 pages, 0x800000000000100D) skip 0
9:952  0:004  OCABC: MMIO devirt end, saved 278620 KB
9:957  0:004  OCABC: All slides are usable! You can disable ProvideCustomSlide!
9:962  0:005  OCOS: OS set: <null> macOS 11.0
9:967  0:004  OCOS: OS set: Apple Inc. macOS 11.0
9:971  0:004  OCOS: Should use black background
9:976  0:004  OCABC: AllocPages 1 0x6D2E4000 (1) - Success
9:992  0:016  OC: Opening file System\Library\Kernels\kernel with 1 mode gave - Not Found
9:996  0:004  OC: Opening file \A490645D-B724-4FBC-9AC8-F7A23B1C4935 with 1 mode gave - Success
10:001  0:005  OC: Opening file \A490645D-B724-4FBC-9AC8-F7A23B1C4935\System\Library\CoreServices\com.apple.Boot.plist with 1 mode gave - Not Found
10:006  0:004  OC: Opening file Library\Preferences\SystemConfiguration\com.apple.Boot.plist with 1 mode gave - Success
10:011  0:004  OC: Opening file \A490645D-B724-4FBC-9AC8-F7A23B1C4935\System\Library\CoreServices\PlatformSupport.plist with 1 mode gave - Success
10:016  0:004  OCABC: AllocPages 2 0x18900000 (51544) - Success
10:021  0:004  OC: Opening file System\Library\Caches\com.apple.corestorage\EncryptedRoot.plist.wipekey with 1 mode gave - Success
10:031  0:010  OC: Opening file \A490645D-B724-4FBC-9AC8-F7A23B1C4935\System\Library\CoreServices\boot.efi with 1 mode gave - Success
10:060  0:028  OC: Opening file boot\System\Library\KernelCollections\BootKernelExtensions.kc.development with 1 mode gave - Not Found
10:078  0:018  OC: Opening file boot\System\Library\KernelCollections\BootKernelExtensions.kc with 1 mode gave - Success
10:082  0:004  OC: Load and reserve Kext Other\Lilu.kext
10:088  0:005  OC: Load and reserve Kext Other\VirtualSMC.kext
10:093  0:005  OC: Load and reserve Kext Other\WhateverGreen.kext
10:099  0:005  OC: Load and reserve Kext Other\SMCProcessor.kext
10:103  0:004  OC: Load and reserve Kext Other\SMCSuperIO.kext
10:108  0:004  OC: Load and reserve Kext Other\USBMap.kext
10:113  0:004  OC: Load and reserve Kext Other\NVMeFix.kext
10:118  0:005  OC: Load and reserve Kext Other\IntelMausi.kext
10:124  0:005  OC: Kext reservation size info 50C000 exe 131000
10:129  0:004  OC: Trying 64-bit XNU hook on boot\System\Library\KernelCollections\BootKernelExtensions.kc
10:133  0:004  OCAK: Found 64-bit Mach-O compressed 0 offset 0 size 0
10:137  0:004  OCAK: Determined kernel size is 62734336 bytes
10:173  0:035  OC: Result of 64-bit XNU hook on boot\System\Library\KernelCollections\BootKernelExtensions.kc (00000000) is Success
10:220  0:047  OCAK: Read kernel version 23.4.0 (230400)
10:225  0:004  OCAK: 64-bit patcher base 0xFFFFFF8000200000 kmod 0x0 file 0x0
10:230  0:005  OCAK: Zeroing _xcpm_core_scope_msrs 0xE2 applicable CPUs (76)
10:235  0:004  OCAK: Zeroing _xcpm_core_scope_msrs 0xE2 applicable CPUs (406416)
10:239  0:004  OCAK: Zeroing _xcpm_core_scope_msrs 0xE2 applicable CPUs (16384)
10:245  0:005  Replace B9E20000000F30 by B9E20000009090 at ofs:30E
10:323  0:078  Replace B9E20000000F30 by B9E20000009090 at ofs:39B
10:402  0:078  OCAK: 64-bit XcpmCfgLockRel replace count - 2
10:406  0:004  OCAK: [OK] Success XcpmCfgLock patch
10:450  0:043  OCAK: as.vit9696.Lilu got KXLD 0 0
10:454  0:004  OCAK: Requesting __LINKEDIT for as.vit9696.Lilu - 6CCA7438 at 3BD5000
10:458  0:004  OCAK: Requesting SymbolTable for as.vit9696.Lilu - 551
10:463  0:004  OCAK: Requesting __LINKEDIT for __kernel__ - 690DD688 at 0
10:467  0:004  OCAK: Requesting SymbolTable for __kernel__ - 22799
10:498  0:030  OCAK: Local relocs 689 on FFFFFF8003CD5000
10:503  0:004  OC: Prelinked injection Other\Lilu.kext () - Success
10:508  0:004  OCAK: as.vit9696.VirtualSMC got KXLD 0 0
10:512  0:004  OCAK: Requesting __LINKEDIT for as.vit9696.VirtualSMC - 6CCD6438 at 3C04000
10:517  0:004  OCAK: Requesting SymbolTable for as.vit9696.VirtualSMC - 453
10:521  0:004  OCAK: Requesting SymbolTable for as.vit9696.Lilu - 159
10:527  0:006  OCAK: Patching invalid size 2000 with 19DF000 for com.apple.iokit.IOACPIFamily
10:532  0:004  OCAK: com.apple.iokit.IOACPIFamily got KXLD 0 0
10:536  0:004  OCAK: Requesting __LINKEDIT for com.apple.iokit.IOACPIFamily - 6B2C8518 at 21F6000
10:541  0:004  OCAK: Requesting SymbolTable for com.apple.iokit.IOACPIFamily - 544
10:552  0:011  OCAK: Local relocs 515 on FFFFFF8003D04000
10:557  0:005  OC: Prelinked injection Other\VirtualSMC.kext () - Success
10:562  0:004  OCAK: as.vit9696.WhateverGreen got KXLD 0 0
10:566  0:004  OCAK: Requesting __LINKEDIT for as.vit9696.WhateverGreen - 6CCF03E8 at 3C1E000
10:571  0:004  OCAK: Requesting SymbolTable for as.vit9696.WhateverGreen - 445
10:577  0:006  OCAK: Patching invalid size 32000 with 156F000 for com.apple.iokit.IOPCIFamily
10:582  0:004  OCAK: com.apple.iokit.IOPCIFamily got KXLD 0 0
10:586  0:004  OCAK: Requesting __LINKEDIT for com.apple.iokit.IOPCIFamily - 6B738518 at 2666000
10:591  0:004  OCAK: Requesting SymbolTable for com.apple.iokit.IOPCIFamily - 1531
10:606  0:014  OCAK: Local relocs 1837 on FFFFFF8003D1E000
10:611  0:005  OC: Prelinked injection Other\WhateverGreen.kext () - Success
10:616  0:004  OCAK: as.vit9696.SMCProcessor got KXLD 0 0
10:620  0:004  OCAK: Requesting __LINKEDIT for as.vit9696.SMCProcessor - 6CD713E8 at 3C9F000
10:625  0:004  OCAK: Requesting SymbolTable for as.vit9696.SMCProcessor - 355
10:632  0:007  OCAK: Requesting SymbolTable for as.vit9696.VirtualSMC - 27
10:641  0:009  OCAK: Local relocs 325 on FFFFFF8003D9F000
10:646  0:004  OC: Prelinked injection Other\SMCProcessor.kext () - Success
10:651  0:004  OCAK: ru.joedm.SMCSuperIO got KXLD 0 0
10:655  0:004  OCAK: Requesting __LINKEDIT for ru.joedm.SMCSuperIO - 6CD803E8 at 3CAE000
10:660  0:004  OCAK: Requesting SymbolTable for ru.joedm.SMCSuperIO - 347
10:669  0:009  OCAK: Local relocs 2168 on FFFFFF8003DAE000
10:676  0:006  OC: Prelinked injection Other\SMCSuperIO.kext () - Success
10:681  0:004  OC: Prelinked injection Other\USBMap.kext () - Success
10:685  0:004  OCAK: org.acidanthera.NVMeFix got KXLD 0 0
10:690  0:004  OCAK: Requesting __LINKEDIT for org.acidanthera.NVMeFix - 6CDA1438 at 3CCF000
10:695  0:004  OCAK: Requesting SymbolTable for org.acidanthera.NVMeFix - 363
10:704  0:009  OCAK: Local relocs 624 on FFFFFF8003DCF000
10:709  0:004  OC: Prelinked injection Other\NVMeFix.kext () - Success
10:713  0:004  OCAK: as.acidanthera.mieze.IntelMausi got KXLD 0 0
10:717  0:004  OCAK: Requesting __LINKEDIT for as.acidanthera.mieze.IntelMausi - 6CDAE398 at 3CDC000
10:722  0:004  OCAK: Requesting SymbolTable for as.acidanthera.mieze.IntelMausi - 2124
10:728  0:005  OCAK: Patching invalid size 17FF4 with 17D1000 for com.apple.iokit.IONetworkingFamily
10:732  0:004  OCAK: com.apple.iokit.IONetworkingFamily got KXLD 0 0
10:737  0:004  OCAK: Requesting __LINKEDIT for com.apple.iokit.IONetworkingFamily - 6B4D6568 at 2404000
10:742  0:004  OCAK: Requesting SymbolTable for com.apple.iokit.IONetworkingFamily - 1698
10:757  0:015  OCAK: Local relocs 656 on FFFFFF8003DDC000
10:762  0:004  OC: Prelinked injection Other\IntelMausi.kext () - Success
10:767  0:004  OC: Prelink size 63987712 kext offset 62738432 reserved 1249280
10:771  0:004  OCAK: KC TEXT is 65536 bytes with 61800 Mach-O headers need 624
10:792  0:020  OCAK: Failed to pk find com.apple.driver.AppleIntelCPUPowerManagement - Not Found
10:796  0:004  OCAK: [OK] Skipping PatchAppleCpuPmCfgLock on NULL Patcher on kernel version 230400
10:802  0:005  OCAK: Patching invalid size 5FF4 with 2193000 for com.apple.driver.AppleRTC
10:806  0:004  OCAK: com.apple.driver.AppleRTC got KXLD 0 0
10:810  0:004  Replace BE58000000/FFFEFFFFFF(BE58000000) by BEFFFF0000 at ofs:1AED
10:925  0:114  Replace BE58000000/FFFEFFFFFF(BE59000000) by BEFFFF0000 at ofs:1AFE
11:041  0:115  Replace BE58000000/FFFEFFFFFF(BE58000000) by BEFFFF0000 at ofs:1DE3
11:156  0:114  Replace BE58000000/FFFEFFFFFF(BE59000000) by BEFFFF0000 at ofs:1DF3
11:278  0:122  OCAK: 64-bit DisableRtcChecksum64 replace count - 4
11:282  0:004  OCAK: [OK] Patch success com.apple.driver.AppleRTC DisableRtcChecksum
11:406  0:124  OC: Prelinked status - Success
11:451  0:044  OC: Opening file usr\standalone\OS.dmg.root_hash with 1 mode gave - Success
11:462  0:010  OC: Opening file usr\standalone\OS.dmg.root_hash.x86legacyap.im4m with 1 mode gave - Success
11:473  0:010  OCABC: AllocPages 0 0x72FF8000 (1) - Success
11:477  0:004  OCABC: AllocPages 0 0x72FF7000 (1) - Success
