0:100  0:100  MemLog inited, TSC freq: 3600509080
0:100  0:000  CPU was calibrated with RTC
0:100  0:000  CloverX64 : Image base = 0x81C04000
0:100  0:000  Clover ImageHandle = 8a6ea198
0:102  0:002  SelfDirPath = \EFI\CLOVER
0:103  0:001  === [ Starting Clover ] =========================
0:103  0:000  Now is 23.11.2024,  18:01:46 (GMT)
0:103  0:000  Starting Clover revision: 5160 (master, commit 7b08a616e) on American Megatrends EFI
0:103  0:000  Build id: 20240909210805-7b08a61-dirty
0:103  0:000  Build with: [Args: -D NO_GRUB_DRIVERS_EMBEDDED -D LESS_DEBUG -t GCC131 | --cmd-len=50000 -D NO_GRUB_DRIVERS_EMBEDDED -D LESS_DEBUG --conf=/Users/sergey/src/CloverBootloader/Conf -D USE_LOW_EBDA -a X64 -b RELEASE -t GCC131 -n 5 | OS: 15]
0:103  0:000  === [ Get Smbios ] ==============================
0:103  0:000  Type 16 Index = 0
0:103  0:000  Total Memory Slots Count = 4
0:103  0:000  Type 17 Index = 0
0:103  0:000  SmbiosTable.Type17->SlotIndex = 0
0:103  0:000  SmbiosTable.Type17->ModuleSize = 8192MB
0:103  0:000  SmbiosTable.Type17->Type = 0
0:103  0:000  SmbiosTable.Type17->Frequency = 3200MHz
0:103  0:000  SmbiosTable.Type17->Bank/Device = BANK 0 ChannelA-DIMM1
0:103  0:000  SmbiosTable.Type17->Vendor = Corsair
0:103  0:000  SmbiosTable.Type17->SerialNo = 00000000
0:103  0:000  SmbiosTable.Type17->PartNo = CMK16GX4M2K4266C19
0:103  0:000  Type 17 Index = 1
0:103  0:000  SmbiosTable.Type17->SlotIndex = 1
0:103  0:000  SmbiosTable.Type17->ModuleSize = 8192MB
0:103  0:000  SmbiosTable.Type17->Type = 0
0:103  0:000  SmbiosTable.Type17->Frequency = 3200MHz
0:103  0:000  SmbiosTable.Type17->Bank/Device = BANK 1 ChannelA-DIMM2
0:103  0:000  SmbiosTable.Type17->Vendor = Corsair
0:103  0:000  SmbiosTable.Type17->SerialNo = 00000000
0:103  0:000  SmbiosTable.Type17->PartNo = CMK16GX4M2K4266C19
0:103  0:000  Type 17 Index = 2
0:103  0:000  Ignoring insane frequency value 0MHz
0:103  0:000  Type 17 Index = 3
0:103  0:000  Ignoring insane frequency value 0MHz
0:103  0:000  Boot status=0
0:103  0:000  Running on: 'System Product Name' with board 'PRIME Z390-A'
0:103  0:000  === [ GetCPUProperties ] ========================
0:103  0:000  CPU Vendor = 756E6547 Model=906EC
0:103  0:000   The CPU supported SSE4.1
0:103  0:000   The CPU supported RDRAND
0:103  0:000  BrandString = Intel(R) Core(TM) i7-9700K CPU @ 3.60GHz
0:103  0:000   The CPU supported turbo
0:103  0:000   Energy PerfBias is  visible:
0:103  0:000  MSR 0x35               80008
0:103  0:000   TSC/CCC Information Leaf:
0:103  0:000    numerator     : 300
0:103  0:000    denominator   : 2
0:103  0:000   Calibrated ARTFrequency: 24003393
0:103  0:000   Rounded ARTFrequency: 24000000
0:103  0:000  MSR 0xE2 before patch 1E000000
0:103  0:000  MSR 0xCE              08080838_F1012400
0:103  0:000  corrected FLEX_RATIO = E0000
0:103  0:000  MSR 0x1B0             00000000
0:103  0:000  FSBFrequency = 99 MHz, DMI FSBFrequency = 100 MHz, Corrected FSBFrequency = 100 MHz
0:103  0:000  MaxDiv/MinDiv: 36.0/8
0:103  0:000  Turbo: 47/49/49/49
0:103  0:000  Features: 0x77FAFBFFBFEBFBFF
0:103  0:000  Threads: 8
0:103  0:000  Cores: 8
0:103  0:000  FSB: 100 MHz
0:103  0:000  CPU: 3564 MHz
0:103  0:000  TSC: 3564 MHz
0:103  0:000  PIS: 100 MHz
0:103  0:000  ExternalClock: 25 MHz
0:103  0:000  === [ GetDevices ] ==============================
0:103  0:000  GOP found at: PciRoot(0x0)/Pci(0x1,0x0)/Pci(0x0,0x0)/AcpiAdr(0x80010302)
0:104  0:000  PCI (00|00:00.00) : 8086 3E30 class=060000
0:104  0:000  PCI (00|00:01.00) : 8086 1901 class=060400
0:104  0:000  PCI (00|01:00.00) : 1002 67DF class=030000
0:104  0:000   - GFX: Model=AMD Radeon RX 480/570/580 (ATI/AMD)
0:104  0:000   - GOP: Provided by device
0:104  0:000  PCI (00|01:00.01) : 1002 AAF0 class=040300
0:104  0:000   - HDMI Audio: 
0:104  0:000  PCI (00|00:14.00) : 8086 A36D class=0C0330
0:104  0:000  PCI (00|00:14.02) : 8086 A36F class=050000
0:104  0:000  PCI (00|00:16.00) : 8086 A360 class=078000
0:104  0:000  PCI (00|00:17.00) : 8086 A352 class=010601
0:104  0:000  PCI (00|00:1B.00) : 8086 A340 class=060400
0:104  0:000  PCI (00|00:1C.00) : 8086 A338 class=060400
0:104  0:000  PCI (00|00:1D.00) : 8086 A330 class=060400
0:104  0:000  PCI (00|04:00.00) : 144D A808 class=010802
0:104  0:000  PCI (00|00:1F.00) : 8086 A305 class=060100
0:104  0:000  PCI (00|00:1F.03) : 8086 A348 class=040300
0:104  0:000  PCI (00|00:1F.04) : 8086 A323 class=0C0500
0:104  0:000  PCI (00|00:1F.05) : 8086 A324 class=0C8000
0:104  0:000  PCI (00|00:1F.06) : 8086 15BC class=020000
0:104  0:000   - LAN: 1 Vendor=Intel
0:104  0:000  Legacy MAC address of LAN #0= 40:B0:76:DE:9E:93:
0:104  0:000  _checkOEMPath Look for oem dir at path '\EFI\CLOVER\OEM\System Product Name--40-B0-76-DE-9E-93'. Dir doesn't exist.
0:104  0:000  _checkOEMPath Look for oem dir at path '\EFI\CLOVER\OEM\PRIME Z390-A\UEFI'. Dir doesn't exist.
0:104  0:000  _checkOEMPath Look for oem dir at path '\EFI\CLOVER\OEM\System Product Name'. Dir doesn't exist.
0:104  0:000  _checkOEMPath Look for oem dir at path '\EFI\CLOVER\OEM\System Product Name-3564'. Dir doesn't exist.
0:104  0:000  _checkOEMPath Look for oem dir at path '\EFI\CLOVER\OEM\PRIME Z390-A'. Dir doesn't exist.
0:105  0:000  _checkOEMPath Look for oem dir at path '\EFI\CLOVER\OEM\PRIME Z390-A-3564'. Dir doesn't exist.
0:105  0:000  === [ GetUserSettings ] =========================
0:105  0:000  GetDefaultModel()=iMac18,3
0:105  0:000  === [ LoadUserSettings ] ========================
0:105  0:000  Using config.plist at path: \EFI\CLOVER
0:106  0:000  There are problems in plist '\EFI\CLOVER\config.plist'
0:106  0:000  Warning: Unknown key '/KernelAndKextPatches/KernelCpu:241'. Skipped.
0:106  0:000  Warning: Boolean value contained in a string. Please use <true/> instead of <string>yes</string> for tag '/SystemParameters/InjectKexts:836'
0:106  0:000  Use CloverConfigPlistValidator or look in the log
3:106  2:999  === [ LoadUserSettings ] ========================
3:106  0:000  Cannot find smbios.plist at path '\EFI\CLOVER' : Not Found
3:106  0:000  '\EFI\CLOVER\smbios.plist' not loaded. Efi error Not Found
3:106  0:000  create SMBIOS list, found 27 dicts
3:106  0:000  ... ACPI
3:106  0:000  ... Boot
3:106  0:000  ... Devices
3:106  0:000  ... DisableDrivers
3:106  0:000  ... GUI
3:106  0:000  ... Graphics
3:106  0:000  ... KernelAndKextPatches
3:106  0:000  ... SMBIOS
3:106  0:000  ... SystemParameters
3:106  0:000  ... RtVariables
3:106  0:000  get model from config.plist
3:107  0:000  Using latest BiosVersion from config instead of default 'IM191.88Z.F000.B00.2302212211'
3:115  0:008  BiosVersion: IM192.88Z.F000.B00.1902181222
3:118  0:003  BiosReleaseDate: 02/21/2023
3:122  0:003  EfiVersion: 1968.100.16.0.1
3:126  0:003  got BE smUUID as:BA91F74F-5CE7-463F-E89D-40B076DE9E93
3:130  0:003  Calibrated TSC Frequency = 3600509080 = 3600MHz
3:133  0:003  === [ GetListOfThemes ] =========================
3:137  0:003  - [00]: random
3:148  0:011  - [00]: embedded
3:155  0:007  === [ Found config plists ] =====================
3:159  0:003  - config.plist
3:163  0:003  - config-sample.plist
3:167  0:003  - config_old.plist
3:170  0:003  === [ LoadDrivers ] =============================
3:175  0:004  Loading NvmExpressDxe.efi status=Success
3:187  0:011   - driver needs connecting
3:190  0:003  Loading EnglishDxe.efi status=Success
3:202  0:011  Loading VBoxHfs.efi status=Success
3:214  0:012   - driver needs connecting
3:218  0:003  Loading PartitionDxe.efi status=Success
3:230  0:011   - driver needs connecting
3:233  0:003  Loading ApfsDriverLoader.efi status=Success
3:245  0:011   - driver needs connecting
3:249  0:003  4 drivers needs connecting ...
3:249  0:000  PlatformDriverOverrideProtocol not found. Installing ... Success
3:250  0:000  Partition driver loaded: 
3:250  0:000  HFS+ driver loaded
3:250  0:000  APFS driver loaded
3:250  0:000  Searching for invalid DiskIo BY_DRIVER connects: not found, all ok
3:500  0:249  === [ InitScreen ] ==============================
3:505  0:005  Console modes reported: 4, available modes:
3:508  0:003   - [01]: 80x25 (current mode)
3:512  0:003   - [03]: 100x31
3:516  0:003   - [04]: 170x40
3:519  0:003  SetScreenResolution: 1920x1080 - not found!
3:527  0:007  SetMaxResolution: found best mode 0: 1366x768
3:534  0:007   - already set
3:538  0:004  Using embedded font
3:543  0:004  === [ ScanSPD ] =================================
3:547  0:003  SMBus device : 8086 A323 class=0C0500 status=Success
3:550  0:003  SMBus CmdReg: 0x3
3:554  0:003  Scanning SMBus [8086:A323], mmio: 0xA0538004, ioport: 0xEFA0, hostc: 0x11
3:558  0:003  Slots to scan [8]...
3:562  0:004  SPD[0]: Got invalid type 0 @0x50. Will set page and retry.
3:566  0:004  SPD[0]: Type 12 @0x50
3:587  0:021  XMP Profile1: 4*125 -31 ns
3:591  0:003  Found module with XMP version 2.0
3:594  0:003  XMPDetection deactivated in config.plist
3:601  0:006  DDR speed 2132MHz
3:608  0:006  Slot: 0 Type 26 8192MB 2132MHz Vendor=Corsair PartNo=CMK16GX4M2K4266C19 SerialNo=00000000
3:612  0:004  SPD[1]: Type 12 @0x51
3:634  0:021  XMP Profile1: 4*125 -31 ns
3:637  0:003  Found module with XMP version 2.0
3:641  0:003  XMPDetection deactivated in config.plist
3:645  0:003  DDR speed 2132MHz
3:648  0:003  Slot: 1 Type 26 8192MB 2132MHz Vendor=Corsair PartNo=CMK16GX4M2K4266C19 SerialNo=00000000
3:653  0:004  === [ GetAcpiTablesList ] =======================
3:657  0:003  Get Acpi Tables List from RSDT: count=24
3:664  0:007   - [00]: FACP  A M I  len=132
3:667  0:003   - [01]: APIC  A M I  len=188
3:672  0:004   - [02]: FPDT  A M I  len=68
3:675  0:003   - [03]: FIDT  A M I len=156
3:679  0:003   - [04]: MCFG  A M I  len=60
3:683  0:003   - [05]: WSMT  A M I  len=40
3:687  0:003   - [06]: SSDT  SataTabl len=888
3:690  0:003   - [07]: SSDT  CpuSsdt len=6101
3:694  0:003   - [08]: SSDT  SaSsdt  len=12443
3:698  0:003   - [09]: SSDT  PegSsdt len=9048
3:702  0:003   - [10]: HPET  A M I  len=56
3:705  0:003   - [11]: SSDT  Ther_Rvp len=3998
3:709  0:003   - [12]: SSDT  xh_cfsd4 len=10579
3:713  0:003   - [13]: UEFI  A M I  len=72
3:717  0:003   - [14]: LPIT  A M I  len=92
3:723  0:006   - [15]: SSDT  PtidDevc len=10206
3:729  0:006   - [16]: SSDT  TbtTypeC len=4094
3:733  0:003   - [17]: DBGP  A M I  len=52
3:737  0:003   - [18]: DBG2  A M I  len=84
3:741  0:003   - [19]: SSDT  UsbCTabl len=6449
3:744  0:003   - [20]: SSDT  ADebTabl len=324
3:748  0:003   - [21]: VFCT  A M I  len=59524
3:755  0:006   - [22]: BGRT  A M I  len=56
3:758  0:003   - [23]: WPBT  A M I len=60
3:762  0:004   - [00]: Drop table : MATS,                0 :  no
3:775  0:012  Custom boot CUSTOM_BOOT_DISABLED (0x0)
3:779  0:003  Default theme: tonymacx86
3:782  0:003  Set FakeCPUID: 0x0
3:787  0:004  === [ Found DSDT tables ] =======================
3:791  0:004  === [ InitKextList ] ============================
3:795  0:004  Added Kext=Other\USBMapDummy.kext (1.0)
3:800  0:004  Added Kext=Other\RadeonMonitor.kext (1.3.5)
3:804  0:004  Added Kext=Other\FakeSMC.kext (3.5.6)
3:808  0:004  Added Kext=Other\IntelCPUMonitor.kext (1.2.6)
3:814  0:005  === [ ScanVolumes ] =============================
3:818  0:004  Found 10 volumes with blockIO
3:822  0:003  - [00]: Volume: PciRoot(0x0)\Pci(0x17,0x0)\Sata(0x0,0xFFFF,0x0)
3:830  0:007  - [01]: Volume: PciRoot(0x0)\Pci(0x17,0x0)\Sata(0x0,0xFFFF,0x0)\HD(1,GPT,38DCC513-D608-408E-9D2F-1469C8B906A0,0x28,0x64000)
3:838  0:008          Result of bootcode detection: bootable unknown (legacy)
3:859  0:020            label : EFI
3:863  0:003  - [02]: Volume: PciRoot(0x0)\Pci(0x17,0x0)\Sata(0x0,0xFFFF,0x0)\HD(2,GPT,C20AA839-E88E-4CED-8CAB-9480B290394C,0x64028,0x15D466360)
3:888  0:025            label : Dati
3:892  0:003  - [03]: Volume: PciRoot(0x0)\Pci(0x1D,0x0)\Pci(0x0,0x0)\NVMe(0x1,CA-8F-B2-81-58-38-25-00)
3:900  0:007  - [04]: Volume: PciRoot(0x0)\Pci(0x1D,0x0)\Pci(0x0,0x0)\NVMe(0x1,CA-8F-B2-81-58-38-25-00)\HD(1,GPT,6E40A227-DDED-4325-B7CE-3959620EB39E,0x28,0x64000)
3:907  0:007          Result of bootcode detection: bootable unknown (legacy)
3:911  0:003            label : EFI
3:915  0:003          This is SelfVolume !!
3:919  0:003  - [05]: Volume: PciRoot(0x0)\Pci(0x1D,0x0)\Pci(0x0,0x0)\NVMe(0x1,CA-8F-B2-81-58-38-25-00)\HD(2,GPT,9508A8C6-F9B9-4EDD-ABC7-C1C4A019C410,0x64028,0x3A321FE0)
3:931  0:012          Result of bootcode detection: bootable unknown (legacy)
3:935  0:003  - [06]: Volume: PciRoot(0x0)\Pci(0x1D,0x0)\Pci(0x0,0x0)\NVMe(0x1,CA-8F-B2-81-58-38-25-00)\HD(2,GPT,9508A8C6-F9B9-4EDD-ABC7-C1C4A019C410,0x64028,0x3A321FE0)\VenMedia(BE74FCF7-0B7C-49F3-9147-01F4042E6842,F2738F7DD5B89341BB89C99D72294438)
3:943  0:007            apfsFileSystemUUID=7D8F73F2-B8D5-4193-BB89-C99D72294438, ApfsContainerUUID=85F3C012-2D6D-4FA1-A77E-71D7470E7FA2, ApfsRole=0x10
3:947  0:004            label : Preboot
3:950  0:003  - [07]: Volume: PciRoot(0x0)\Pci(0x1D,0x0)\Pci(0x0,0x0)\NVMe(0x1,CA-8F-B2-81-58-38-25-00)\HD(2,GPT,9508A8C6-F9B9-4EDD-ABC7-C1C4A019C410,0x64028,0x3A321FE0)\VenMedia(BE74FCF7-0B7C-49F3-9147-01F4042E6842,5D6490A424B7BC4F9AC8F7A23B1C4935)
3:958  0:007            apfsFileSystemUUID=A490645D-B724-4FBC-9AC8-F7A23B1C4935, ApfsContainerUUID=85F3C012-2D6D-4FA1-A77E-71D7470E7FA2, ApfsRole=0x0
3:974  0:016            label : Macintosh HD
3:978  0:003  - [08]: Volume: PciRoot(0x0)\Pci(0x1D,0x0)\Pci(0x0,0x0)\NVMe(0x1,CA-8F-B2-81-58-38-25-00)\HD(2,GPT,9508A8C6-F9B9-4EDD-ABC7-C1C4A019C410,0x64028,0x3A321FE0)\VenMedia(BE74FCF7-0B7C-49F3-9147-01F4042E6842,B6D67091A529BA4BA6736F0E24A99093)
3:986  0:007            apfsFileSystemUUID=9170D6B6-29A5-4BBA-A673-6F0E24A99093, ApfsContainerUUID=85F3C012-2D6D-4FA1-A77E-71D7470E7FA2, ApfsRole=0x4
3:990  0:004            label : Recovery
3:993  0:003  - [09]: Volume: PciRoot(0x0)\Pci(0x1D,0x0)\Pci(0x0,0x0)\NVMe(0x1,CA-8F-B2-81-58-38-25-00)\HD(2,GPT,9508A8C6-F9B9-4EDD-ABC7-C1C4A019C410,0x64028,0x3A321FE0)\VenMedia(BE74FCF7-0B7C-49F3-9147-01F4042E6842,55B78B2757452849A2D432E0BB550617)
4:001  0:007            apfsFileSystemUUID=278BB755-4557-4928-A2D4-32E0BB550617, ApfsContainerUUID=85F3C012-2D6D-4FA1-A77E-71D7470E7FA2, ApfsRole=0x8
4:005  0:003            label : VM
4:008  0:003  No AudioIoProtocols, status=Not Found
4:012  0:003  === [ InitXTheme ] ==============================
4:016  0:003  use Daylight theme
4:020  0:003   using embedded theme
4:035  0:014  Using embedded font
4:039  0:003  theme inited
4:042  0:003  Chosen embedded theme
4:046  0:003  after NVRAM boot-args=dart=0
4:050  0:003  Scanning legacy ...
4:054  0:003  === [ Dump SMC keys from NVRAM ] ================
4:057  0:003  found AppleSMC protocol
4:069  0:011     fakesmc-key-RVBF-ch8*:02 46 0F 00 00 12 
4:100  0:031     fakesmc-key-#KEY-ui32:00 00 00 11 
4:124  0:023     fakesmc-key-$Adr-ui32:00 00 03 00 
4:147  0:023     fakesmc-key-$Num-ui8:01 
4:160  0:012     fakesmc-key-RMde-char:41 
4:172  0:012     fakesmc-key-RBr -ch8*:6A 31 33 38 5F 39 00 00 
4:210  0:037     fakesmc-key-EPCI-ui32:09 D0 F0 00 
4:233  0:022     fakesmc-key-REV -ch8*:02 46 0F 00 00 12 
4:263  0:030     fakesmc-key-RPlt-ch8*:6A 31 33 38 00 00 00 00 
4:300  0:037     fakesmc-key-BEMB-flag:00 
4:313  0:012     fakesmc-key-BATP-flag:00 
4:325  0:012     fakesmc-key-BNum-ui8:00 
4:337  0:012     fakesmc-key-MSTc-ui8:00 
4:350  0:012     fakesmc-key-MSAc-ui16:00 00 
4:365  0:015     fakesmc-key-MSWr-ui8:00 
4:381  0:015     fakesmc-key-MSFW-ui8:01 00 
4:397  0:015     fakesmc-key-MSPS-ui16:00 03 
4:417  0:020  Registered 17 SMC keys
4:425  0:007  === [ ScanLoader ] ==============================
4:429  0:003  - [01]: 'EFI'
4:453  0:023  - [02]: 'Dati'
4:488  0:034  - [04]: 'EFI'
4:498  0:010        AddLoaderEntry for Volume Name=EFI, idx=0
4:503  0:005        OSVersion= 
4:507  0:003        IconName=unknown comma=-1 size=7
4:511  0:003        Full=unknown
4:515  0:004        Loader entry created for 'PciRoot(0x0)\Pci(0x1D,0x0)\Pci(0x0,0x0)\NVMe(0x1,CA-8F-B2-81-58-38-25-00)\HD(1,GPT,6E40A227-DDED-4325-B7CE-3959620EB39E,0x28,0x64000)\EFI\BOOT\BOOTX64.efi'
4:518  0:003       hiding entry: \EFI\BOOT\BOOTX64.efi
4:522  0:004        Menu entry added at index 0
4:526  0:003       hiding entry because DiskKind is DISK_KIND_INTERNAL: \EFI\BOOT\BOOTX64.efi
4:530  0:003  - [06]: 'Preboot'
4:537  0:007      ApfsContainerUUID=85F3C012-2D6D-4FA1-A77E-71D7470E7FA2
4:541  0:003      ApfsFileSystemUUID=7D8F73F2-B8D5-4193-BB89-C99D72294438
4:545  0:003      APFSTargetUUID=A490645D-B724-4FBC-9AC8-F7A23B1C4935
4:549  0:003        AddLoaderEntry for Volume Name=Preboot, idx=1
4:553  0:004        OSVersion=10.14.6 
4:557  0:003        Check if volume Is Hibernated:
4:560  0:003        Check sleep image 'by signature':
4:564  0:003        using default sleep image name = \private\var\vm\sleepimage
4:568  0:003        cannot open sleepimage -> Not Found
4:572  0:003        hibernated: no - sign
4:575  0:003        IconName=moja,mac comma=4 size=8
4:582  0:006        first=os_moja
4:586  0:003        Second=os_mac
4:589  0:003        IconName=unknown comma=-1 size=7
4:593  0:003        Full=unknown
4:597  0:003        Loader entry created for 'PciRoot(0x0)\Pci(0x1D,0x0)\Pci(0x0,0x0)\NVMe(0x1,CA-8F-B2-81-58-38-25-00)\HD(2,GPT,9508A8C6-F9B9-4EDD-ABC7-C1C4A019C410,0x64028,0x3A321FE0)\VenMedia(BE74FCF7-0B7C-49F3-9147-01F4042E6842,F2738F7DD5B89341BB89C99D72294438)\A490645D-B724-4FBC-9AC8-F7A23B1C4935\System\Library\CoreServices\boot.efi'
4:602  0:005        Menu entry added at index 1
4:606  0:004      Dead installer entry found (installer dmg boot file not found : '\macOS Install Data\BaseSystem.dmg')
4:610  0:003  - [07]: 'Macintosh HD'
4:618  0:007      ApfsContainerUUID=85F3C012-2D6D-4FA1-A77E-71D7470E7FA2
4:621  0:003      ApfsFileSystemUUID=A490645D-B724-4FBC-9AC8-F7A23B1C4935
4:628  0:006        AddLoaderEntry for Volume Name=Macintosh HD, idx=2
4:632  0:004        OSVersion=10.14.6 
4:636  0:003        Check if volume Is Hibernated:
4:640  0:003        Check sleep image 'by signature':
4:646  0:005        read prefs \Library\Preferences\com.apple.PowerManagement.plist status=Success
4:649  0:003        using default sleep image name = \private\var\vm\sleepimage
4:654  0:004        cannot open sleepimage -> Not Found
4:657  0:003        hibernated: no - sign
4:661  0:003        IconName=moja,mac comma=4 size=8
4:665  0:003        first=os_moja
4:669  0:003        Second=os_mac
4:673  0:003        IconName=unknown comma=-1 size=7
4:676  0:003        Full=unknown
4:680  0:003        Loader entry created for 'PciRoot(0x0)\Pci(0x1D,0x0)\Pci(0x0,0x0)\NVMe(0x1,CA-8F-B2-81-58-38-25-00)\HD(2,GPT,9508A8C6-F9B9-4EDD-ABC7-C1C4A019C410,0x64028,0x3A321FE0)\VenMedia(BE74FCF7-0B7C-49F3-9147-01F4042E6842,5D6490A424B7BC4F9AC8F7A23B1C4935)\System\Library\CoreServices\boot.efi'
4:685  0:004        Menu entry added at index 2
4:689  0:003  - [08]: 'Recovery'
4:696  0:007      ApfsContainerUUID=85F3C012-2D6D-4FA1-A77E-71D7470E7FA2
4:700  0:003      ApfsFileSystemUUID=9170D6B6-29A5-4BBA-A673-6F0E24A99093
4:704  0:003      APFSTargetUUID=A490645D-B724-4FBC-9AC8-F7A23B1C4935
4:707  0:003        AddLoaderEntry for Volume Name=Recovery, idx=3
4:712  0:004        OSVersion=10.14.6 
4:716  0:004        IconName=moja,mac comma=4 size=8
4:719  0:003        first=os_moja
4:723  0:003        Second=os_mac
4:727  0:003        IconName=unknown comma=-1 size=7
4:731  0:003        Full=unknown
4:734  0:003        Loader entry created for 'PciRoot(0x0)\Pci(0x1D,0x0)\Pci(0x0,0x0)\NVMe(0x1,CA-8F-B2-81-58-38-25-00)\HD(2,GPT,9508A8C6-F9B9-4EDD-ABC7-C1C4A019C410,0x64028,0x3A321FE0)\VenMedia(BE74FCF7-0B7C-49F3-9147-01F4042E6842,B6D67091A529BA4BA6736F0E24A99093)\A490645D-B724-4FBC-9AC8-F7A23B1C4935\boot.efi'
4:739  0:005        Menu entry added at index 3
4:743  0:003  - [09]: 'VM'
4:751  0:007      ApfsContainerUUID=85F3C012-2D6D-4FA1-A77E-71D7470E7FA2
4:754  0:003      ApfsFileSystemUUID=278BB755-4557-4928-A2D4-32E0BB550617
4:758  0:003  Entries list before ordering
4:762  0:003      Entry 0 : Boot UEFI internal from EFI (hidden)
4:766  0:003      Entry 1 : Boot Mac OS from Macintosh HD via Preboot
4:769  0:003      Entry 2 : Boot macOS from Macintosh HD
4:773  0:003      Entry 3 : Boot Mac OS Recovery for Macintosh HD via Recovery
4:777  0:003  Hiding entry 1 because of entry 2
4:781  0:003  Entries list after ordering
4:785  0:003    Entry 0 : Boot UEFI internal from EFI (hidden)
4:788  0:003    Entry 1 : Boot Mac OS from Macintosh HD via Preboot (hidden)
4:792  0:003    Entry 2 : Boot macOS from Macintosh HD
4:796  0:003    Entry 3 : Boot Mac OS Recovery for Macintosh HD via Recovery
4:800  0:003  === [ AddCustomTool ] ===========================
4:804  0:004  found tool \EFI\CLOVER\tools\Shell64U.efi
4:808  0:003  Checking EFI partition Volume 1 for Clover
4:813  0:004   Found Clover
4:817  0:004  === [ GetEfiBootDeviceFromNvram ] ===============
4:821  0:003   - [!] efi-boot-device-data not found
4:824  0:003   - found entry 0. 'Boot macOS from Macintosh HD', Volume 'Macintosh HD', DevicePath 'PciRoot(0x0)\Pci(0x1D,0x0)\Pci(0x0,0x0)\NVMe(0x1,CA-8F-B2-81-58-38-25-00)\HD(2,GPT,9508A8C6-F9B9-4EDD-ABC7-C1C4A019C410,0x64028,0x3A321FE0)\VenMedia(BE74FCF7-0B7C-49F3-9147-01F4042E6842,5D6490A424B7BC4F9AC8F7A23B1C4935)\System\Library\CoreServices\boot.efi'
4:829  0:004  BannerPlace at Clear Screen [619,68]
4:849  0:020  GUI ready
11:590  6:741  === [ GetUserSettings ] =========================
11:594  0:003  GetDefaultModel()=iMac18,3
11:598  0:003  === [ LoadUserSettings ] ========================
11:602  0:003  Using config_old.plist at path: \EFI\CLOVER
11:613  0:010  === [ LoadUserSettings ] ========================
11:617  0:003  Cannot find smbios.plist at path '\EFI\CLOVER' : Not Found
11:620  0:003  '\EFI\CLOVER\smbios.plist' not loaded. Efi error Not Found
11:624  0:003  create SMBIOS list, found 27 dicts
11:628  0:003  ... ACPI
11:632  0:003  ... Boot
11:635  0:003  ... Devices
11:639  0:003  ... DisableDrivers
11:643  0:003  ... GUI
11:647  0:003  ... Graphics
11:653  0:006  ... KernelAndKextPatches
11:657  0:003  ... SMBIOS
11:660  0:003  ... SystemParameters
11:664  0:003  ... RtVariables
11:668  0:003  ... Quirks
11:672  0:003  get model from config.plist
11:676  0:003  Using latest BiosVersion from config instead of default 'IM191.88Z.F000.B00.2302212211'
11:679  0:003  Using latest BiosReleaseDate from config instead of default '02/21/2023'
11:683  0:003  Using latest EfiVersion from config instead of default '1968.100.16.0.1'
11:687  0:003  BiosVersion: IM191.88Z.F000.B00.2308061817
11:690  0:003  BiosReleaseDate: 08/06/2023
11:694  0:003  EfiVersion: 2020.40.3.0.0
11:698  0:003  Calibrated TSC Frequency = 3600509080 = 3600MHz
23:595  11:897  ReinitRefitLib after theme change
23:596  0:000  === [ Found DSDT tables ] =======================
23:600  0:004  === [ ScanVolumes ] =============================
23:604  0:003  Found 10 volumes with blockIO
23:608  0:003  - [00]: Volume: PciRoot(0x0)\Pci(0x17,0x0)\Sata(0x0,0xFFFF,0x0)
23:616  0:008  - [01]: Volume: PciRoot(0x0)\Pci(0x17,0x0)\Sata(0x0,0xFFFF,0x0)\HD(1,GPT,38DCC513-D608-408E-9D2F-1469C8B906A0,0x28,0x64000)
23:624  0:007          Result of bootcode detection: bootable unknown (legacy)
23:629  0:004            label : EFI
23:632  0:003  - [02]: Volume: PciRoot(0x0)\Pci(0x17,0x0)\Sata(0x0,0xFFFF,0x0)\HD(2,GPT,C20AA839-E88E-4CED-8CAB-9480B290394C,0x64028,0x15D466360)
23:640  0:008            label : Dati
23:644  0:003  - [03]: Volume: PciRoot(0x0)\Pci(0x1D,0x0)\Pci(0x0,0x0)\NVMe(0x1,CA-8F-B2-81-58-38-25-00)
23:651  0:007  - [04]: Volume: PciRoot(0x0)\Pci(0x1D,0x0)\Pci(0x0,0x0)\NVMe(0x1,CA-8F-B2-81-58-38-25-00)\HD(1,GPT,6E40A227-DDED-4325-B7CE-3959620EB39E,0x28,0x64000)
23:659  0:007          Result of bootcode detection: bootable unknown (legacy)
23:663  0:004            label : EFI
23:667  0:003          This is SelfVolume !!
23:670  0:003  - [05]: Volume: PciRoot(0x0)\Pci(0x1D,0x0)\Pci(0x0,0x0)\NVMe(0x1,CA-8F-B2-81-58-38-25-00)\HD(2,GPT,9508A8C6-F9B9-4EDD-ABC7-C1C4A019C410,0x64028,0x3A321FE0)
23:683  0:012          Result of bootcode detection: bootable unknown (legacy)
23:687  0:003  - [06]: Volume: PciRoot(0x0)\Pci(0x1D,0x0)\Pci(0x0,0x0)\NVMe(0x1,CA-8F-B2-81-58-38-25-00)\HD(2,GPT,9508A8C6-F9B9-4EDD-ABC7-C1C4A019C410,0x64028,0x3A321FE0)\VenMedia(BE74FCF7-0B7C-49F3-9147-01F4042E6842,F2738F7DD5B89341BB89C99D72294438)
23:694  0:007            apfsFileSystemUUID=7D8F73F2-B8D5-4193-BB89-C99D72294438, ApfsContainerUUID=85F3C012-2D6D-4FA1-A77E-71D7470E7FA2, ApfsRole=0x10
23:698  0:003            label : Preboot
23:702  0:003  - [07]: Volume: PciRoot(0x0)\Pci(0x1D,0x0)\Pci(0x0,0x0)\NVMe(0x1,CA-8F-B2-81-58-38-25-00)\HD(2,GPT,9508A8C6-F9B9-4EDD-ABC7-C1C4A019C410,0x64028,0x3A321FE0)\VenMedia(BE74FCF7-0B7C-49F3-9147-01F4042E6842,5D6490A424B7BC4F9AC8F7A23B1C4935)
23:709  0:007            apfsFileSystemUUID=A490645D-B724-4FBC-9AC8-F7A23B1C4935, ApfsContainerUUID=85F3C012-2D6D-4FA1-A77E-71D7470E7FA2, ApfsRole=0x0
23:713  0:004            label : Macintosh HD
23:717  0:003  - [08]: Volume: PciRoot(0x0)\Pci(0x1D,0x0)\Pci(0x0,0x0)\NVMe(0x1,CA-8F-B2-81-58-38-25-00)\HD(2,GPT,9508A8C6-F9B9-4EDD-ABC7-C1C4A019C410,0x64028,0x3A321FE0)\VenMedia(BE74FCF7-0B7C-49F3-9147-01F4042E6842,B6D67091A529BA4BA6736F0E24A99093)
23:724  0:007            apfsFileSystemUUID=9170D6B6-29A5-4BBA-A673-6F0E24A99093, ApfsContainerUUID=85F3C012-2D6D-4FA1-A77E-71D7470E7FA2, ApfsRole=0x4
23:728  0:003            label : Recovery
23:732  0:003  - [09]: Volume: PciRoot(0x0)\Pci(0x1D,0x0)\Pci(0x0,0x0)\NVMe(0x1,CA-8F-B2-81-58-38-25-00)\HD(2,GPT,9508A8C6-F9B9-4EDD-ABC7-C1C4A019C410,0x64028,0x3A321FE0)\VenMedia(BE74FCF7-0B7C-49F3-9147-01F4042E6842,55B78B2757452849A2D432E0BB550617)
23:739  0:007            apfsFileSystemUUID=278BB755-4557-4928-A2D4-32E0BB550617, ApfsContainerUUID=85F3C012-2D6D-4FA1-A77E-71D7470E7FA2, ApfsRole=0x8
23:743  0:003            label : VM
23:747  0:003  No AudioIoProtocols, status=Not Found
23:750  0:003  change theme
23:754  0:003  === [ InitXTheme ] ==============================
23:758  0:003  use Daylight theme
23:765  0:006   using embedded theme
23:780  0:015  Using embedded font
23:784  0:003  theme inited
23:788  0:003  Chosen embedded theme
23:792  0:003  after NVRAM boot-args=dart=0 -v
23:796  0:004  Scanning legacy ...
23:800  0:003  === [ ScanLoader ] ==============================
23:803  0:003  - [01]: 'EFI'
23:827  0:023  - [02]: 'Dati'
23:834  0:007  - [04]: 'EFI'
23:844  0:009        AddLoaderEntry for Volume Name=EFI, idx=0
23:848  0:003        OSVersion= 
23:852  0:003        IconName=unknown comma=-1 size=7
23:855  0:003        Full=unknown
23:859  0:003        Loader entry created for 'PciRoot(0x0)\Pci(0x1D,0x0)\Pci(0x0,0x0)\NVMe(0x1,CA-8F-B2-81-58-38-25-00)\HD(1,GPT,6E40A227-DDED-4325-B7CE-3959620EB39E,0x28,0x64000)\EFI\BOOT\BOOTX64.efi'
23:863  0:003       hiding entry: \EFI\BOOT\BOOTX64.efi
23:867  0:004        Menu entry added at index 0
23:871  0:003       hiding entry because DiskKind is DISK_KIND_INTERNAL: \EFI\BOOT\BOOTX64.efi
23:875  0:003  - [06]: 'Preboot'
23:882  0:007      ApfsContainerUUID=85F3C012-2D6D-4FA1-A77E-71D7470E7FA2
23:886  0:003      ApfsFileSystemUUID=7D8F73F2-B8D5-4193-BB89-C99D72294438
23:890  0:003      APFSTargetUUID=A490645D-B724-4FBC-9AC8-F7A23B1C4935
23:894  0:003        AddLoaderEntry for Volume Name=Preboot, idx=1
23:898  0:004        OSVersion=10.14.6 
23:902  0:003        Check if volume Is Hibernated:
23:906  0:003        Check sleep image 'by signature':
23:909  0:003        using default sleep image name = \private\var\vm\sleepimage
23:913  0:003        cannot open sleepimage -> Not Found
23:917  0:003        hibernated: no - sign
23:920  0:003        IconName=moja,mac comma=4 size=8
23:924  0:003        first=os_moja
23:928  0:003        Second=os_mac
23:932  0:003        IconName=unknown comma=-1 size=7
23:936  0:003        Full=unknown
23:939  0:003        Loader entry created for 'PciRoot(0x0)\Pci(0x1D,0x0)\Pci(0x0,0x0)\NVMe(0x1,CA-8F-B2-81-58-38-25-00)\HD(2,GPT,9508A8C6-F9B9-4EDD-ABC7-C1C4A019C410,0x64028,0x3A321FE0)\VenMedia(BE74FCF7-0B7C-49F3-9147-01F4042E6842,F2738F7DD5B89341BB89C99D72294438)\A490645D-B724-4FBC-9AC8-F7A23B1C4935\System\Library\CoreServices\boot.efi'
23:944  0:004        Menu entry added at index 1
23:948  0:004      Dead installer entry found (installer dmg boot file not found : '\macOS Install Data\BaseSystem.dmg')
23:952  0:003  - [07]: 'Macintosh HD'
23:959  0:007      ApfsContainerUUID=85F3C012-2D6D-4FA1-A77E-71D7470E7FA2
23:963  0:003      ApfsFileSystemUUID=A490645D-B724-4FBC-9AC8-F7A23B1C4935
23:967  0:004        AddLoaderEntry for Volume Name=Macintosh HD, idx=2
23:971  0:003        OSVersion=10.14.6 
23:975  0:003        Check if volume Is Hibernated:
23:979  0:003        Check sleep image 'by signature':
23:983  0:004        read prefs \Library\Preferences\com.apple.PowerManagement.plist status=Success
23:987  0:003        using default sleep image name = \private\var\vm\sleepimage
23:990  0:003        cannot open sleepimage -> Not Found
23:994  0:003        hibernated: no - sign
23:998  0:003        IconName=moja,mac comma=4 size=8
24:002  0:003        first=os_moja
24:006  0:003        Second=os_mac
24:009  0:003        IconName=unknown comma=-1 size=7
24:013  0:003        Full=unknown
24:017  0:004        Loader entry created for 'PciRoot(0x0)\Pci(0x1D,0x0)\Pci(0x0,0x0)\NVMe(0x1,CA-8F-B2-81-58-38-25-00)\HD(2,GPT,9508A8C6-F9B9-4EDD-ABC7-C1C4A019C410,0x64028,0x3A321FE0)\VenMedia(BE74FCF7-0B7C-49F3-9147-01F4042E6842,5D6490A424B7BC4F9AC8F7A23B1C4935)\System\Library\CoreServices\boot.efi'
24:022  0:004        Menu entry added at index 2
24:026  0:003  - [08]: 'Recovery'
24:034  0:007      ApfsContainerUUID=85F3C012-2D6D-4FA1-A77E-71D7470E7FA2
24:037  0:003      ApfsFileSystemUUID=9170D6B6-29A5-4BBA-A673-6F0E24A99093
24:041  0:003      APFSTargetUUID=A490645D-B724-4FBC-9AC8-F7A23B1C4935
24:045  0:003        AddLoaderEntry for Volume Name=Recovery, idx=3
24:049  0:003        OSVersion=10.14.6 
24:053  0:003        IconName=moja,mac comma=4 size=8
24:057  0:003        first=os_moja
24:061  0:003        Second=os_mac
24:064  0:003        IconName=unknown comma=-1 size=7
24:068  0:003        Full=unknown
24:072  0:003        Loader entry created for 'PciRoot(0x0)\Pci(0x1D,0x0)\Pci(0x0,0x0)\NVMe(0x1,CA-8F-B2-81-58-38-25-00)\HD(2,GPT,9508A8C6-F9B9-4EDD-ABC7-C1C4A019C410,0x64028,0x3A321FE0)\VenMedia(BE74FCF7-0B7C-49F3-9147-01F4042E6842,B6D67091A529BA4BA6736F0E24A99093)\A490645D-B724-4FBC-9AC8-F7A23B1C4935\boot.efi'
24:077  0:004        Menu entry added at index 3
24:081  0:004  - [09]: 'VM'
24:089  0:008      ApfsContainerUUID=85F3C012-2D6D-4FA1-A77E-71D7470E7FA2
24:093  0:003      ApfsFileSystemUUID=278BB755-4557-4928-A2D4-32E0BB550617
24:096  0:003  Entries list before ordering
24:101  0:004      Entry 0 : Boot UEFI internal from EFI (hidden)
24:104  0:003      Entry 1 : Boot Mac OS from Macintosh HD via Preboot
24:108  0:003      Entry 2 : Boot macOS from Macintosh HD
24:112  0:003      Entry 3 : Boot Mac OS Recovery for Macintosh HD via Recovery
24:115  0:003  Hiding entry 1 because of entry 2
24:119  0:003  Entries list after ordering
24:123  0:003    Entry 0 : Boot UEFI internal from EFI (hidden)
24:127  0:003    Entry 1 : Boot Mac OS from Macintosh HD via Preboot (hidden)
24:131  0:003    Entry 2 : Boot macOS from Macintosh HD
24:134  0:003    Entry 3 : Boot Mac OS Recovery for Macintosh HD via Recovery
24:138  0:003  === [ AddCustomTool ] ===========================
24:142  0:003  found tool \EFI\CLOVER\tools\Shell64U.efi
24:145  0:003  Checking EFI partition Volume 1 for Clover
24:150  0:004   Found Clover
24:154  0:004  === [ GetEfiBootDeviceFromNvram ] ===============
24:158  0:003   - [!] efi-boot-device-data not found
24:162  0:003   - found entry 0. 'Boot macOS from Macintosh HD', Volume 'Macintosh HD', DevicePath 'PciRoot(0x0)\Pci(0x1D,0x0)\Pci(0x0,0x0)\NVMe(0x1,CA-8F-B2-81-58-38-25-00)\HD(2,GPT,9508A8C6-F9B9-4EDD-ABC7-C1C4A019C410,0x64028,0x3A321FE0)\VenMedia(BE74FCF7-0B7C-49F3-9147-01F4042E6842,5D6490A424B7BC4F9AC8F7A23B1C4935)\System\Library\CoreServices\boot.efi'
24:166  0:003  BannerPlace at Clear Screen [619,68]
28:093  3:927  Boot option 0 has other volume name Macintosh HDboot.efi
28:097  0:003  === [ StartLoader ] =============================
28:101  0:003  Starting PciRoot(0x0)\Pci(0x1D,0x0)\Pci(0x0,0x0)\NVMe(0x1,CA-8F-B2-81-58-38-25-00)\HD(2,GPT,9508A8C6-F9B9-4EDD-ABC7-C1C4A019C410,0x64028,0x3A321FE0)\VenMedia(BE74FCF7-0B7C-49F3-9147-01F4042E6842,5D6490A424B7BC4F9AC8F7A23B1C4935)\System\Library\CoreServices\boot.efi
28:105  0:003  Finally: ExternalClock=26MHz BusSpeed=100015kHz CPUFreq=3601MHz PIS: hw.busfrequency=104000000Hz
28:112  0:007  Beginning OC
28:116  0:003  OCST: Missing vault data, ignoring...
28:120  0:003  AddKextsInArray from Other
28:124  0:003  ->Extra kext: Other\USBMapDummy.kext (v.1.0)
28:127  0:003  ->Extra kext: Other\RadeonMonitor.kext (v.1.3.5)
28:131  0:003  ->Extra kext: Other\FakeSMC.kext (v.3.5.6)
28:135  0:003  ->Extra kext: Other\IntelCPUMonitor.kext (v.1.2.6)
28:139  0:003  AddKextsInArray from Off
28:143  0:003  AddKextsInArray from 10
28:146  0:003  AddKextsInArray from 10_normal
28:150  0:003  AddKextsInArray from 10.14
28:154  0:003  AddKextsInArray from 10.14_normal
28:158  0:003  AddKextsInArray from 10.14.6
28:162  0:004  AddKextsInArray from 10.14.6_normal
28:165  0:003  Bridge kext to OC : Path=Other\FakeSMC.kext
28:170  0:005  Bridge kext to OC : Path=Other\USBMapDummy.kext
28:175  0:004  Bridge kext to OC : Path=Other\RadeonMonitor.kext
28:179  0:004  Bridge kext to OC : Path=Other\IntelCPUMonitor.kext
28:184  0:005  Start 'OpenRuntime.efi' : Status Success
28:188  0:003  OC: config config.plist
28:192  0:003  OC: Got 0 drivers
28:195  0:003  OC: OpenCore DBG-102-2024-09-12 is loading in Optional mode (0/0)...
28:199  0:003  OC: StorageHandle 0 with  LauncherOption pointing to 
28:204  0:004  OcOSInfoInstallProtocol
28:208  0:003  OCRTC: OcAppleRtcRamInstallProtocol
28:211  0:003  OCRTC: Wake log is 0x00 0x00   0 0x00
28:215  0:003  OcAppleFbInfoInstallProtocol
28:219  0:003  OcAppleEg2InfoInstallProtocol
28:223  0:003  OC: Loading Apple Secure Boot with Disabled (level 0)
28:227  0:004  OCABC: ALRBL 0 RTDFRG 1 DEVMMIO 0 NOSU 0 NOVRWR 0 NOSB 0 FBSIG 0 NOHBMAP 0 SMSLIDE 1 WRUNPROT 1
28:231  0:003  OCABC: FEXITBS 0 PRMRG 0 CSLIDE 0 MSLIDE 0 PRSRV 0 RBMAP 0 VMAP 1 APPLOS 0 RTPERMS 1 ARBAR -1 RBIO 0
28:234  0:003  OCABC: Got rendezvous with OpenRuntime r12
28:238  0:003  OCABC: MAT support is 1
28:242  0:003  OC: RequestBootVarRouting 0
28:246  0:004  OCDM: Found 0x20046/0x2003C UEFI version (376 bytes, 0 rebuilding to 376) gST 8F33C018 gBS 8209B3A0 gBS->CreateEventEx 82089904 &gBS 81D732C0
28:250  0:003  OC: Setting GPU BARs to 0
28:254  0:003  OCDM: RBAR using PciIo
28:258  0:003  OCDM: Setting RBAR to 0 inc 1 on 3/17
28:261  0:003  OCDM: Capability I/O error - Unsupported
28:265  0:003  OCDM: RBAR is unsupported by device - Device Error
28:269  0:004  OC: Got 0 drivers
28:273  0:003  OCC: Installing GOP (Unsupported) on ConsoleOutHandle...
28:277  0:003  OC: Requested resolution is 1920x1080@0 (max: 0, force: 0) from 1920x1080
28:281  0:003  OCC: Using builtin text renderer with 1 scale
28:284  0:003  OCC: Install console control (81D5E3D0/82082C88/0), current - Success
28:288  0:003  OCC: Setup ASCII Output - Success
28:292  0:003  OC: Requested console mode is 0x0 (max: 0) from 
28:296  0:003  OC: Invalid HibernateMode: 
28:299  0:003  OC: Translated HibernateMode  to 0
28:303  0:003  OC: Hibernation activation - Invalid Parameter, hibernation wake - no
28:307  0:003  OC: Panic log does not exist
28:311  0:003  OCABC: IsEfiBootRt 0 (BP 1, Apple 0)
28:316  0:004  OCB: Arch filtering 87641018(592440)->87641018(592440) caps 0 - Success
28:320  0:004  ImageHandle = 878bbe98
28:327  0:007  GetOSVersion: 10.14.6 (B)
28:335  0:007  Filtering KextPatches:
28:339  0:003   - [00]: External icons patch :: BinPatch :: [OS: 10.14.6 | MatchOS: All | MatchBuild: All] ==> allowed
28:346  0:007   - [01]: USB Port Limit Patch 1 ©PMHeart :: BinPatch :: [OS: 10.14.6 | MatchOS: 10.14.4 | MatchBuild: All]
28:350  0:003   check MatchOS 10.14.4
28:354  0:003   ==> not allowed
28:357  0:003   - [02]: USB Port Limit Patch 2 ©PMHeart :: BinPatch :: [OS: 10.14.6 | MatchOS: 10.14.4 | MatchBuild: All]
28:361  0:003   check MatchOS 10.14.4
28:365  0:003   ==> not allowed
28:368  0:003   - [03]: USB Port Limit Patch 3 ©PMHeart :: BinPatch :: [OS: 10.14.6 | MatchOS: 10.14.4 | MatchBuild: All]
28:372  0:003   check MatchOS 10.14.4
28:376  0:003   ==> not allowed
28:380  0:003   - [04]: USB Port Limit Patch 1 ©PMHeart :: BinPatch :: [OS: 10.14.6 | MatchOS: 10.14.4 | MatchBuild: All]
28:386  0:006   check MatchOS 10.14.4
28:390  0:003   ==> not allowed
28:394  0:003   - [05]: USB Port Limit Patch 2 ©PMHeart :: BinPatch :: [OS: 10.14.6 | MatchOS: 10.14.4 | MatchBuild: All]
28:398  0:003   check MatchOS 10.14.4
28:401  0:003   ==> not allowed
28:405  0:003   - [06]: USB Port Limit Patch 3 ©PMHeart :: BinPatch :: [OS: 10.14.6 | MatchOS: 10.14.4 | MatchBuild: All]
28:409  0:003   check MatchOS 10.14.4
28:412  0:003   ==> not allowed
28:416  0:003   - [07]: USB Port Limit Patch 1 ©PMHeart :: BinPatch :: [OS: 10.14.6 | MatchOS: 10.14.4 | MatchBuild: All]
28:420  0:003   check MatchOS 10.14.4
28:424  0:003   ==> not allowed
28:427  0:003   - [08]: USB Port Limit Patch 2 ©PMHeart :: BinPatch :: [OS: 10.14.6 | MatchOS: 10.14.4 | MatchBuild: All]
28:431  0:003   check MatchOS 10.14.4
28:437  0:006   ==> not allowed
28:443  0:006   - [09]: USB Port Limit Patch 3 ©PMHeart :: BinPatch :: [OS: 10.14.6 | MatchOS: 10.14.4 | MatchBuild: All]
28:447  0:003   check MatchOS 10.14.4
28:451  0:003   ==> not allowed
28:455  0:003   - [10]: USB Port Limit Patch 1 ©PMHeart :: BinPatch :: [OS: 10.14.6 | MatchOS: 10.14.4 | MatchBuild: All]
28:459  0:003   check MatchOS 10.14.4
28:462  0:003   ==> not allowed
28:466  0:003   - [11]: USB Port Limit Patch 2 ©PMHeart :: BinPatch :: [OS: 10.14.6 | MatchOS: 10.14.4 | MatchBuild: All]
28:470  0:003   check MatchOS 10.14.4
28:473  0:003   ==> not allowed
28:480  0:006   - [12]: USB Port Limit Patch 3 ©PMHeart :: BinPatch :: [OS: 10.14.6 | MatchOS: 10.14.4 | MatchBuild: All]
28:486  0:006   check MatchOS 10.14.4
28:489  0:003   ==> not allowed
28:493  0:004   - [13]: USB Port Limit Patch 1 ©PMHeart :: BinPatch :: [OS: 10.14.6 | MatchOS: 10.14.4 | MatchBuild: All]
28:497  0:003   check MatchOS 10.14.4
28:503  0:005   ==> not allowed
28:506  0:003   - [14]: USB Port Limit Patch 2 ©PMHeart :: BinPatch :: [OS: 10.14.6 | MatchOS: 10.14.4 | MatchBuild: All]
28:510  0:003   check MatchOS 10.14.4
28:514  0:003   ==> not allowed
28:518  0:003   - [15]: USB Port Limit Patch 3 ©PMHeart :: BinPatch :: [OS: 10.14.6 | MatchOS: 10.14.4 | MatchBuild: All]
28:522  0:004   check MatchOS 10.14.4
28:525  0:003   ==> not allowed
28:529  0:003   - [16]: USB Port Limit Patch 1 ©PMHeart :: BinPatch :: [OS: 10.14.6 | MatchOS: 10.14.4 | MatchBuild: All]
28:533  0:003   check MatchOS 10.14.4
28:536  0:003   ==> not allowed
28:540  0:003   - [17]: USB Port Limit Patch 2 ©PMHeart :: BinPatch :: [OS: 10.14.6 | MatchOS: 10.14.4 | MatchBuild: All]
28:544  0:003   check MatchOS 10.14.4
28:547  0:003   ==> not allowed
28:551  0:003   - [18]: USB Port Limit Patch 3 ©PMHeart :: BinPatch :: [OS: 10.14.6 | MatchOS: 10.14.4 | MatchBuild: All]
28:555  0:004   check MatchOS 10.14.4
28:559  0:003   ==> not allowed
28:563  0:003   - [19]: USB Port Limit Patch 1 ©PMHeart :: BinPatch :: [OS: 10.14.6 | MatchOS: 10.14.4 | MatchBuild: All]
28:567  0:003   check MatchOS 10.14.4
28:570  0:003   ==> not allowed
28:574  0:003   - [20]: USB Port Limit Patch 2 ©PMHeart :: BinPatch :: [OS: 10.14.6 | MatchOS: 10.14.4 | MatchBuild: All]
28:578  0:003   check MatchOS 10.14.4
28:582  0:004   ==> not allowed
28:586  0:003   - [21]: USB Port Limit Patch 3 ©PMHeart :: BinPatch :: [OS: 10.14.6 | MatchOS: 10.14.4 | MatchBuild: All]
28:590  0:003   check MatchOS 10.14.4
28:594  0:003   ==> not allowed
28:597  0:003   - [22]: USB Port Limit Patch 1 ©PMHeart :: BinPatch :: [OS: 10.14.6 | MatchOS: 10.14.4 | MatchBuild: All]
28:601  0:003   check MatchOS 10.14.4
28:605  0:003   ==> not allowed
28:609  0:003   - [23]: USB Port Limit Patch 2 ©PMHeart :: BinPatch :: [OS: 10.14.6 | MatchOS: 10.14.4 | MatchBuild: All]
28:613  0:003   check MatchOS 10.14.4
28:617  0:003   ==> not allowed
28:620  0:003   - [24]: USB Port Limit Patch 3 ©PMHeart :: BinPatch :: [OS: 10.14.6 | MatchOS: 10.14.4 | MatchBuild: All]
28:624  0:003   check MatchOS 10.14.4
28:628  0:003   ==> not allowed
28:632  0:003   - [25]: USB port limit patch #1 10.14.x modify by DalianSky(credit ydeng) 10.14.x :: BinPatch :: [OS: 10.14.6 | MatchOS: 10.14.x | MatchBuild: All]
28:638  0:006   check MatchOS 10.14.x
28:645  0:006   ==> allowed
28:648  0:003   - [26]: USB port limit patch #2 10.14.x modify by DalianSky(credit PMHeart) 10.14.x :: BinPatch :: [OS: 10.14.6 | MatchOS: 10.14.x | MatchBuild: All]
28:652  0:003   check MatchOS 10.14.x
28:656  0:003   ==> allowed
28:660  0:003   - [27]: USB port limit patch #3 10.14.x modify by DalianSky(credit PMHeart) 10.14.x :: BinPatch :: [OS: 10.14.6 | MatchOS: 10.14.x | MatchBuild: All]
28:663  0:003   check MatchOS 10.14.x
28:667  0:003   ==> allowed
28:671  0:003   - [28]: USB port limit patch #4 10.14.x modify by DalianSky(credit PMHeart) 10.14.x :: BinPatch :: [OS: 10.14.6 | MatchOS: 10.14.x | MatchBuild: All]
28:675  0:003   check MatchOS 10.14.x
28:679  0:003   ==> allowed
28:682  0:003  Will not patch boot.efi
28:689  0:006  Using latest BiosVersion from config instead of default 'IM191.88Z.F000.B00.2302212211'
28:693  0:003  Using latest BiosReleaseDate from config instead of default '02/21/2023'
28:697  0:003  Using latest EfiVersion from config instead of default '1968.100.16.0.1'
28:701  0:004  BiosVersion: IM191.88Z.F000.B00.2308061817
28:705  0:003  BiosReleaseDate: 08/06/2023
28:709  0:003  EfiVersion: 2020.40.3.0.0
28:713  0:003  SMBIOS reloaded with model iMac19,1
28:716  0:003  Set FakeCPUID: 0x0
28:720  0:003  Bridge AppleAHCIPort patch to OC : External icons patch
28:724  0:003  Bridge com.apple.iokit.IOUSBHostFamily patch to OC : USB port limit patch #1 10.14.x modify by DalianSky(credit ydeng) 10.14.x
28:727  0:003  Bridge com.apple.iokit.IOUSBHostFamily patch to OC : USB port limit patch #2 10.14.x modify by DalianSky(credit PMHeart) 10.14.x
28:731  0:003  Bridge com.apple.driver.usb.AppleUSBXHCI patch to OC : USB port limit patch #3 10.14.x modify by DalianSky(credit PMHeart) 10.14.x
28:735  0:003  Bridge com.apple.driver.usb.AppleUSBXHCI patch to OC : USB port limit patch #4 10.14.x modify by DalianSky(credit PMHeart) 10.14.x
28:739  0:003  === [ PatchSmbios ] =============================
28:743  0:003  UpdateSmbiosString : BiosVersion=EfiVersion=2020.40.3.0.0
28:747  0:004  UpdateSmbiosString : ReleaseDate=08/06/2023
28:750  0:003  void PatchTableType1(const SmbiosInjectedSettings&) : UpdateSmbiosString ProductName=iMac19,1
28:754  0:003  void PatchTableType2(const SmbiosInjectedSettings&) : UpdateSmbiosString ProductName=BoardNumber=Mac-AA95B1DDAB278B95
28:758  0:003  void PatchTableType2(const SmbiosInjectedSettings&) : UpdateSmbiosString Version=BoardVersion=iMac19,1
28:762  0:003  insert table 9 for dev 0:0
28:766  0:003  insert table 9 for dev 0:1
28:770  0:003  insert table 9 for dev 1F:6
28:773  0:003  Table 11 present, but rewritten for us
28:778  0:005  Do not inject memory table
28:782  0:003  Trusting SMBIOS...
28:786  0:003  Channels: 1
28:789  0:003  Interleave: 0 1 2 3
28:812  0:022  trusted SMBIOS data, table index 0:
28:815  0:003    gRAM.SMBIOS[0]->ModuleSize = 8192
28:819  0:003    gRAM.SMBIOS[0]->Type = 0
28:823  0:003    gRAM.SMBIOS[0]->Frequency = 3200
28:826  0:003    gRAM.SMBIOS[0]->Vendor = Corsair
28:830  0:003    gRAM.SMBIOS[0]->PartNo = CMK16GX4M2K4266C19
28:834  0:003    gRAM.SMBIOS[0]->SerialNo = 00000000
28:838  0:003  SPD data in use:
28:842  0:003    gRAM.SPD[0]->ModuleSize = 8192
28:845  0:003    gRAM.SPD[0]->Type = 26
28:849  0:003    gRAM.SPD[0]->Frequency = 2132
28:853  0:003    gRAM.SPD[0]->Vendor = Corsair
28:856  0:003    gRAM.SPD[0]->SerialNo = 00000000
28:860  0:003    gRAM.SPD[0]->PartNo = CMK16GX4M2K4266C19
28:864  0:003    SMBIOS Type 17 Index = 0 => SMBIOSIndex=0 SPDIndex=0:
28:868  0:003  BANK 0 DIMM0 3200MHz 8192MB(Ext:0MB)
28:871  0:003  trusted SMBIOS data, table index 1:
28:875  0:003    gRAM.SMBIOS[1]->ModuleSize = 8192
28:879  0:003    gRAM.SMBIOS[1]->Type = 0
28:882  0:003    gRAM.SMBIOS[1]->Frequency = 3200
28:886  0:003    gRAM.SMBIOS[1]->Vendor = Corsair
28:890  0:003    gRAM.SMBIOS[1]->PartNo = CMK16GX4M2K4266C19
28:894  0:003    gRAM.SMBIOS[1]->SerialNo = 00000000
28:897  0:003  SPD data in use:
28:901  0:003    gRAM.SPD[1]->ModuleSize = 8192
28:905  0:003    gRAM.SPD[1]->Type = 26
28:908  0:003    gRAM.SPD[1]->Frequency = 2132
28:912  0:003    gRAM.SPD[1]->Vendor = Corsair
28:916  0:003    gRAM.SPD[1]->SerialNo = 00000000
28:919  0:003    gRAM.SPD[1]->PartNo = CMK16GX4M2K4266C19
28:923  0:003    SMBIOS Type 17 Index = 1 => SMBIOSIndex=1 SPDIndex=1:
28:927  0:003  BANK 0 DIMM1 3200MHz 8192MB(Ext:0MB)
28:930  0:003  !trusted SMBIOS data, Table index 2:!gRAM.SMBIOS.doesSlotForIndexExist(SMBIOSIndex) 
28:942  0:011    SMBIOS Type 17 Index = 2 => SMBIOSIndex=2 SPDIndex=2:
28:946  0:004  BANK 0 DIMM2 EMPTY
28:949  0:003  !trusted SMBIOS data, Table index 3:!gRAM.SMBIOS.doesSlotForIndexExist(SMBIOSIndex) 
28:960  0:010    SMBIOS Type 17 Index = 3 => SMBIOSIndex=3 SPDIndex=3:
28:964  0:003  BANK 0 DIMM3 EMPTY
28:968  0:003  mTotalSystemMemory = 16384
28:971  0:003  NumberOfMemoryDevices = 4
28:975  0:003  Type20[0]->End = 0x7FFFFF, Type17[0] = 2000
28:979  0:003  Type20[1]->End = 0xFFFFFF, Type17[1] = 6000
28:983  0:003  Table 131 is present, CPUType=14
28:987  0:004  Change to: 1005
28:990  0:003  === [ PatchACPI ] ===============================
28:994  0:003  OCABC: AllocPages 1 0x8EB45000 (1) - Success
28:998  0:003  Xsdt reallocation done
29:001  0:003  OCABC: AllocPages 1 0x8EB44000 (1) - Success
29:005  0:003  old FADT length=114
29:009  0:003   SignatureFixup: 0x32EC1BAD -> 0x0
29:013  0:003  OCABC: AllocPages 1 0x8EAF5000 (79) - Success
29:016  0:003  Apply DsdtFixMask=0x00000000
29:020  0:003  === [ FixBiosDsdt ] =============================
29:026  0:005  PreCleanup XSDT: count=24, length=228
29:029  0:003  PreCleanup XSDT, corrected XSDT: count=24, length=228
29:033  0:003  === [ ACPIDropTables ] ==========================
29:037  0:003  OCABC: AllocPages 1 0x8EAF3000 (2) - Success
29:040  0:003  OCABC: AllocPages 1 0x8EAF3000 (2) - Success
29:044  0:003  OCABC: AllocPages 1 0x8EAF3000 (2) - Success
29:048  0:003  OCABC: AllocPages 1 0x8EAF3000 (2) - Success
29:055  0:006  OCABC: AllocPages 1 0x8EAF3000 (2) - Success
29:062  0:006  OCABC: AllocPages 1 0x8EAF3000 (2) - Success
29:065  0:003  OCABC: AllocPages 1 0x8EAF0000 (3) - Success
29:069  0:003  Found OperationRegion(PNVS, SystemMemory, 8F5F3000, ...)
29:073  0:003  OCABC: AllocPages 1 0x8EAEB000 (5) - Success
29:077  0:003  Found OperationRegion(SANV, SystemMemory, 8EBD2118, ...)
29:080  0:003  OCABC: AllocPages 1 0x8EAE7000 (4) - Success
29:084  0:003  OCABC: AllocPages 1 0x8EAE5000 (2) - Success
29:088  0:003  OCABC: AllocPages 1 0x8EAE5000 (2) - Success
29:092  0:003  OCABC: AllocPages 1 0x8E966000 (4) - Success
29:095  0:003  OCABC: AllocPages 1 0x8EAE3000 (2) - Success
29:099  0:003  OCABC: AllocPages 1 0x8EAE3000 (2) - Success
29:103  0:003  OCABC: AllocPages 1 0x8E962000 (4) - Success
29:107  0:003  OCABC: AllocPages 1 0x8EAE3000 (2) - Success
29:110  0:003  OCABC: AllocPages 1 0x8E960000 (2) - Success
29:114  0:003  OCABC: AllocPages 1 0x8E960000 (2) - Success
29:118  0:003  OCABC: AllocPages 1 0x8E95F000 (3) - Success
29:122  0:003  OCABC: AllocPages 1 0x8E95D000 (2) - Success
29:125  0:003  Found OperationRegion(ADHD, SystemMemory, 8D4D0000, ...)
29:129  0:003  Found OperationRegion(ABLK, SystemMemory, 8D4D0020, ...)
29:133  0:003  OCABC: AllocPages 1 0x8E94D000 (16) - Success
29:137  0:003  OCABC: AllocPages 1 0x8E95B000 (2) - Success
29:141  0:003  OCABC: AllocPages 1 0x8E95B000 (2) - Success
29:144  0:003  ApicCPUNum=1
29:148  0:003  Cleanup XSDT: count=24, length=228
29:152  0:003  corrected XSDT count=24, length=228
29:155  0:003  === [ RestSetup macOS ] =========================
29:159  0:003  ATI injection not set
29:163  0:003   RCBA disabled; cannot use it
29:167  0:003   setting specified layout-id=1 (0x1)
29:171  0:003  stringlength = 458
29:174  0:003  OCABC: AllocPages 1 0x8E95C000 (1) - Success
29:178  0:003  CurrentMode: Width=1366 Height=768
29:182  0:003  SetNvramVariable (system-id, 4D1EDE05-38C7-4A6A-9CC6-4BCCA8B38C14, 0x2, 16): -> writing new (Success)
29:190  0:008  SetNvramVariable (MLB, 4D1EDE05-38C7-4A6A-9CC6-4BCCA8B38C14, 0x6, 17): -> writing new (Success)
29:198  0:008  SetNvramVariable (ROM, 4D1EDE05-38C7-4A6A-9CC6-4BCCA8B38C14, 0x6, 6): -> writing new (Success)
29:207  0:008  SetNvramVariable (FirmwareFeatures, 4D1EDE05-38C7-4A6A-9CC6-4BCCA8B38C14, 0x6, 4): -> writing new (Success)
29:215  0:008  SetNvramVariable (FirmwareFeaturesMask, 4D1EDE05-38C7-4A6A-9CC6-4BCCA8B38C14, 0x6, 4): -> writing new (Success)
29:223  0:008  SetNvramVariable (ExtendedFirmwareFeatures, 4D1EDE05-38C7-4A6A-9CC6-4BCCA8B38C14, 0x6, 8): -> writing new (Success)
29:231  0:008  SetNvramVariable (ExtendedFirmwareFeaturesMask, 4D1EDE05-38C7-4A6A-9CC6-4BCCA8B38C14, 0x6, 8): -> writing new (Success)
29:240  0:008  AddNvramVariable (HW_BID, 4D1EDE05-38C7-4A6A-9CC6-4BCCA8B38C14, 0x6, 20): -> writing new (Success)
29:248  0:008  AddNvramVariable (security-mode, 7C436110-AB2A-4BBB-A880-FE41995C9F82, 0x7, 5): -> already exists, abort
29:257  0:008  DeleteNvramVariable (DefaultBackgroundColor, 4D1EDE05-38C7-4A6A-9CC6-4BCCA8B38C14):
29:261  0:004  DeleteNvramVariable (UIScale, 4D1EDE05-38C7-4A6A-9CC6-4BCCA8B38C14):
29:266  0:004  DeleteNvramVariable (EFILoginHiDPI, 7C436110-AB2A-4BBB-A880-FE41995C9F82):
29:269  0:003  SetNvramVariable (flagstate, 7C436110-AB2A-4BBB-A880-FE41995C9F82, 0x7, 32): exists(0x7, 32), equal -> not writing again.
29:281  0:011  SetNvramVariable (csr-active-config, 7C436110-AB2A-4BBB-A880-FE41995C9F82, 0x7, 4): exists(0x7, 4), equal -> not writing again.
29:293  0:011  SetNvramVariable (BridgeOSHardwareModel, 4D1EDE05-38C7-4A6A-9CC6-4BCCA8B38C14, 0x7, 11): exists(0x7, 11), equal -> not writing again.
29:305  0:012  DeleteNvramVariable (bootercfg, 7C436110-AB2A-4BBB-A880-FE41995C9F82):
29:309  0:004  DeleteNvramVariable (nvda_drv, 7C436110-AB2A-4BBB-A880-FE41995C9F82):
29:314  0:004  DeleteNvramVariable (recovery-boot-mode, 7C436110-AB2A-4BBB-A880-FE41995C9F82):
29:318  0:003  AddNvramVariable (wake-failure, 7C436110-AB2A-4BBB-A880-FE41995C9F82, 0x7, 5): -> already exists, abort
29:326  0:008  DeleteNvramVariable (opencore-version, 7C436110-AB2A-4BBB-A880-FE41995C9F82):
29:331  0:004  DeleteNvramVariable (ApBoardID, 94B73556-2197-4702-82A8-3E1337DAFBFB):
29:335  0:004  DeleteNvramVariable (ApSecurityDomain, 94B73556-2197-4702-82A8-3E1337DAFBFB):
29:340  0:004  DeleteNvramVariable (ApProductionStatus, 94B73556-2197-4702-82A8-3E1337DAFBFB):
29:344  0:004  DeleteNvramVariable (ApSecurityMode, 94B73556-2197-4702-82A8-3E1337DAFBFB):
29:348  0:004  DeleteNvramVariable (EffectiveProductionStatus, 94B73556-2197-4702-82A8-3E1337DAFBFB):
29:353  0:004  DeleteNvramVariable (EffectiveSecurityMode, 94B73556-2197-4702-82A8-3E1337DAFBFB):
29:358  0:004  DeleteNvramVariable (CertificateEpoch, 94B73556-2197-4702-82A8-3E1337DAFBFB):
29:362  0:004  DeleteNvramVariable (MixNMatchPreventionStatus, 94B73556-2197-4702-82A8-3E1337DAFBFB):
29:366  0:004  DeleteNvramVariable (CryptoDigestMethod, 94B73556-2197-4702-82A8-3E1337DAFBFB):
29:371  0:004  DeleteNvramVariable (InternalUseOnlyUnit, 94B73556-2197-4702-82A8-3E1337DAFBFB):
29:375  0:004  DeleteNvramVariable (ApECID, 94B73556-2197-4702-82A8-3E1337DAFBFB):
29:380  0:004  DeleteNvramVariable (HardwareModel, 94B73556-2197-4702-82A8-3E1337DAFBFB):
29:384  0:003  Use origin smbios table type 1 guid.
29:407  0:022  DeleteNvramVariable (efi-boot-device, 7C436110-AB2A-4BBB-A880-FE41995C9F82):
29:411  0:004  DeleteNvramVariable (efi-boot-device-data, 7C436110-AB2A-4BBB-A880-FE41995C9F82):
29:415  0:004  DeleteNvramVariable (BootCampHD, 7C436110-AB2A-4BBB-A880-FE41995C9F82):
29:420  0:004  Custom boot screen not used because entry has unset use graphics
29:425  0:005  DeleteNvramVariable (IOHibernateRTCVariables, 7C436110-AB2A-4BBB-A880-FE41995C9F82):
29:429  0:004  DeleteNvramVariable (boot-image, 7C436110-AB2A-4BBB-A880-FE41995C9F82):
29:433  0:004  Kernel quirks
29:437  0:003  ACPCL 1 AXCL 1 AXEM 0 AXFB 0 CSG 0 DIM 0 DLJ 0 DRC 1 DPM 0 EBTFF 0 EDI 0 FAI 0 IPBS 0 LKP 0 PNKD 0 PTKP 0 TPD 0 XPL 0 PCC 0
29:441  0:003  Closing log
29:447  0:006  OCABC: AllocPages 2 0x91000 (14) - Success
29:454  0:006  OCABC: AllocPages 2 0x83FC8000 (14) - Success
29:461  0:007  OCABC: Found safe mode legacy p1 at off 67E6
29:465  0:003  OCABC: Trying safe mode next legacy match
29:469  0:003  OCABC: Found safe mode legacy p1 at off 6967
29:473  0:003  OCABC: Trying safe mode next legacy match
29:478  0:004  OCABC: Found safe mode legacy p1 at off 2589F
29:481  0:003  OCABC: Trying safe mode next legacy match
29:485  0:003  OCABC: Found safe mode legacy p1 at off 2590C
29:492  0:006  OCABC: Trying safe mode next legacy match
29:502  0:010  OCABC: Failed to find safe mode sequence
29:506  0:003  OCABC: AllocPages 2 0x8C05A000 (512) - Success
29:510  0:003  OCABC: AllocPages 2 0x8C059000 (1) - Success
29:513  0:003  OC: Supported boot capabilities 4
29:518  0:004  OCOS: OS set: <null> Mac OS X 10.12
29:521  0:003  OCOS: OS set: Apple Inc. Mac OS X 10.12
29:525  0:003  OCOS: Should use black background
29:529  0:004  OCABC: AllocPages 1 0x81B71000 (1) - Success
29:538  0:008  OC: Opening file System\Library\Kernels\kernel with 1 mode gave - Success
29:542  0:004  OC: Opening file \System\Library\CoreServices\com.apple.Boot.plist with 1 mode gave - Not Found
29:545  0:003  OC: Opening file Library\Preferences\SystemConfiguration\com.apple.Boot.plist with 1 mode gave - Success
29:551  0:005  OC: Opening file \System\Library\CoreServices\PlatformSupport.plist with 1 mode gave - Success
29:556  0:004  OCABC: AllocPages 2 0x6300000 (121199) - Success
29:561  0:005  OC: Opening file \System\Library\CoreServices\boot.efi with 1 mode gave - Success
29:571  0:010  OC: Opening file System\Library\PrelinkedKernels\prelinkedkernel.development with 1 mode gave - Not Found
29:577  0:005  OC: Opening file System\Library\PrelinkedKernels\prelinkedkernel with 1 mode gave - Success
29:581  0:003  OC: Load and reserve Kext Other\FakeSMC.kext
29:585  0:004  OC: Load and reserve Kext Other\USBMapDummy.kext
29:589  0:004  OC: Load and reserve Kext Other\RadeonMonitor.kext
29:594  0:004  OC: Load and reserve Kext Other\IntelCPUMonitor.kext
29:598  0:004  OC: Kext reservation size info 506000 exe 3B000
29:601  0:003  OC: Trying 64-bit XNU hook on System\Library\PrelinkedKernels\prelinkedkernel
30:041  0:439  OCAK: Compressed result has 7C433018 magic
30:045  0:003  OCAK: Found 64-bit Mach-O compressed 1 offset 28 size 85966848
30:049  0:003  OC: Result of 64-bit XNU hook on System\Library\PrelinkedKernels\prelinkedkernel (00000000) is Success
30:102  0:053  OCAK: Read kernel version 18.7.0 (180700)
30:107  0:005  OCAK: 64-bit patcher base 0xFFFFFF8000200000 kmod 0x0 file 0x0
30:113  0:005  OCAK: Zeroing _xcpm_core_scope_msrs 0xE2 applicable CPUs (76)
30:116  0:003  OCAK: Zeroing _xcpm_core_scope_msrs 0xE2 applicable CPUs (13200)
30:120  0:003  OCAK: Zeroing _xcpm_core_scope_msrs 0xE2 applicable CPUs (16384)
30:125  0:004  Replace B9E20000000F30 by B9E20000009090 at ofs:2F0
30:190  0:065  Replace B9E20000000F30 by B9E20000009090 at ofs:347
30:255  0:065  OCAK: 64-bit XcpmCfgLockRel replace count - 2
30:260  0:004  OCAK: [OK] Success XcpmCfgLock patch
30:304  0:044  OCAK: Reducing 64-bit prelink size from 51FC000 to 4F28000 via plist
30:308  0:003  OCAK: org.netkas.FakeSMC got KXLD 0 0
30:312  0:003  OCAK: Requesting __LINKEDIT for org.netkas.FakeSMC - 8135B398 at 4F28000
30:316  0:003  OCAK: Requesting SymbolTable for org.netkas.FakeSMC - 601
30:319  0:003  OCAK: Requesting __LINKEDIT for __kernel__ - 0 at 0
30:327  0:007  OCAK: Requesting SymbolTable for __kernel__ - 24450
30:349  0:022  OCAK: com.apple.iokit.IOACPIFamily got KXLD 0 0
30:352  0:003  OCAK: Requesting __LINKEDIT for com.apple.iokit.IOACPIFamily - 7DE3B398 at 1A08000
30:356  0:003  OCAK: Requesting SymbolTable for com.apple.iokit.IOACPIFamily - 167
30:360  0:003  OCAK: com.apple.kpi.unsupported got KXLD 0 0
30:363  0:003  OCAK: Requesting __LINKEDIT for com.apple.kpi.unsupported - 7D3E4038 at FB1000
30:367  0:003  OCAK: Requesting SymbolTable for com.apple.kpi.unsupported - 263
30:371  0:003  OCAK: com.apple.kpi.iokit got KXLD 0 0
30:375  0:004  OCAK: Requesting __LINKEDIT for com.apple.kpi.iokit - 7D37F038 at F4C000
30:379  0:003  OCAK: Requesting SymbolTable for com.apple.kpi.iokit - 2192
30:383  0:004  OCAK: com.apple.kpi.libkern got KXLD 0 0
30:387  0:003  OCAK: Requesting __LINKEDIT for com.apple.kpi.libkern - 7D35F038 at F2C000
30:390  0:003  OCAK: Requesting SymbolTable for com.apple.kpi.libkern - 905
30:394  0:003  OCAK: com.apple.kpi.private got KXLD 0 0
30:398  0:003  OCAK: Requesting __LINKEDIT for com.apple.kpi.private - 7D371038 at F3E000
30:402  0:003  OCAK: Requesting SymbolTable for com.apple.kpi.private - 977
30:407  0:004  OCAK: com.apple.kpi.mach got KXLD 0 0
30:410  0:003  OCAK: Requesting __LINKEDIT for com.apple.kpi.mach - 7D36D038 at F3A000
30:414  0:003  OCAK: Requesting SymbolTable for com.apple.kpi.mach - 70
30:429  0:014  OC: Prelinked injection Other\FakeSMC.kext () - Success
30:433  0:004  OC: Prelinked injection Other\USBMapDummy.kext () - Success
30:437  0:003  OCAK: org.slice.RadeonMonitor got KXLD 0 0
30:441  0:003  OCAK: Requesting __LINKEDIT for org.slice.RadeonMonitor - 81373398 at 4F40000
30:444  0:003  OCAK: Requesting SymbolTable for org.slice.RadeonMonitor - 372
30:448  0:003  OCAK: com.apple.iokit.IOPCIFamily got KXLD 0 0
30:452  0:003  OCAK: Requesting __LINKEDIT for com.apple.iokit.IOPCIFamily - 7D3EA3E8 at FB7000
30:456  0:003  OCAK: Requesting SymbolTable for com.apple.iokit.IOPCIFamily - 683
30:462  0:006  OCAK: Requesting SymbolTable for org.netkas.FakeSMC - 191
30:475  0:012  OC: Prelinked injection Other\RadeonMonitor.kext () - Success
30:479  0:003  OCAK: org.slice.IntelCPUMonitor got KXLD 0 0
30:482  0:003  OCAK: Requesting __LINKEDIT for org.slice.IntelCPUMonitor - 813843E8 at 4F51000
30:486  0:003  OCAK: Requesting SymbolTable for org.slice.IntelCPUMonitor - 363
30:496  0:010  OC: Prelinked injection Other\IntelCPUMonitor.kext () - Success
30:501  0:004  OC: Prelink size 83243008 kext offset 83001344 reserved 241664
30:523  0:021  OCAK: com.apple.driver.AppleIntelCPUPowerManagement got KXLD 0 0
30:527  0:003  OCAK: [OK] Success AppleCpuPmCfgLock patch
30:532  0:004  OCAK: com.apple.driver.AppleRTC got KXLD 0 0
30:536  0:003  Replace BE58000000/FFFEFFFFFF(BE58000000) by BEFFFF0000 at ofs:1BF8
30:637  0:101  Replace BE58000000/FFFEFFFFFF(BE59000000) by BEFFFF0000 at ofs:1C08
30:734  0:097  Replace BE58000000/FFFEFFFFFF(BE58000000) by BEFFFF0000 at ofs:1EB7
30:832  0:097  Replace BE58000000/FFFEFFFFFF(BE59000000) by BEFFFF0000 at ofs:1EC8
30:931  0:099  OCAK: 64-bit DisableRtcChecksum64 replace count - 4
30:935  0:003  OCAK: [OK] Patch success com.apple.driver.AppleRTC DisableRtcChecksum
30:939  0:003  OC: Prelinked patch [0] External icons patch
30:946  0:007  OCAK: Failed to pk find AppleAHCIPort - Not Found
30:949  0:003  OC: Prelinked patcher result 0 for AppleAHCIPort (External icons patch) - Not Found
30:953  0:003  OC: Prelinked patch [1] USB port limit patch #1 10.14.x modify by DalianSky(credit ydeng) 10.14.x
30:958  0:004  OCAK: com.apple.iokit.IOUSBHostFamily got KXLD 0 0
30:962  0:004  Replace 83FB0F0F by 83FB3F0F at ofs:14E0E
31:003  0:040  OCAK: 64-bit USB port limit patch #1 10.14.x modify by DalianSky(credit ydeng) 10.14.x replace count - 1
31:007  0:003  OC: Prelinked patcher result 1 for com.apple.iokit.IOUSBHostFamily (USB port limit patch #1 10.14.x modify by DalianSky(credit ydeng) 10.14.x) - Success
31:010  0:003  OC: Prelinked patch [2] USB port limit patch #2 10.14.x modify by DalianSky(credit PMHeart) 10.14.x
31:015  0:004  Replace 83E30FD3 by 83E33FD3 at ofs:15036
31:061  0:046  OCAK: 64-bit USB port limit patch #2 10.14.x modify by DalianSky(credit PMHeart) 10.14.x replace count - 1
31:064  0:003  OC: Prelinked patcher result 2 for com.apple.iokit.IOUSBHostFamily (USB port limit patch #2 10.14.x modify by DalianSky(credit PMHeart) 10.14.x) - Success
31:068  0:003  OC: Prelinked patch [3] USB port limit patch #3 10.14.x modify by DalianSky(credit PMHeart) 10.14.x
31:072  0:004  OCAK: com.apple.driver.usb.AppleUSBXHCI got KXLD 0 0
31:078  0:005  OCAK: 64-bit USB port limit patch #3 10.14.x modify by DalianSky(credit PMHeart) 10.14.x replace count - 0
31:082  0:003  OC: Prelinked patcher result 3 for com.apple.driver.usb.AppleUSBXHCI (USB port limit patch #3 10.14.x modify by DalianSky(credit PMHeart) 10.14.x) - Not Found
31:086  0:003  OC: Prelinked patch [4] USB port limit patch #4 10.14.x modify by DalianSky(credit PMHeart) 10.14.x
31:090  0:004  Replace 83FF0F0F by 83FF3F0F at ofs:126C0
31:133  0:043  OCAK: 64-bit USB port limit patch #4 10.14.x modify by DalianSky(credit PMHeart) 10.14.x replace count - 1
31:137  0:003  OC: Prelinked patcher result 4 for com.apple.driver.usb.AppleUSBXHCI (USB port limit patch #4 10.14.x modify by DalianSky(credit PMHeart) 10.14.x) - Success
31:273  0:136  OC: Prelinked status - Success
31:318  0:044  FixOwnership() -> begin
31:321  0:003  PCI Io found 17
31:325  0:003  USB XHCI reset for device A36D
31:328  0:003  ExtendCap=00008000
31:332  0:003    Value=02000802
31:335  0:003    Value=03011402
31:339  0:003    Value=005CFFC0
31:342  0:003    Value=00002201
