0:100  0:100  MemLog inited, TSC freq: 3600497400
0:100  0:000  CPU was calibrated with RTC
0:100  0:000  CloverX64 : Image base = 0x6D397000
0:100  0:000  Clover ImageHandle = 76245018
0:101  0:001  SelfDirPath = \EFI\CLOVER
0:103  0:001  === [ Starting Clover ] =========================
0:103  0:000  Now is 25.11.2024,  17:37:16 (GMT)
0:103  0:000  Starting Clover revision: 5160 (master, commit 7b08a616e) on American Megatrends EFI
0:103  0:000  Build id: 20240909210805-7b08a61-dirty
0:103  0:000  Build with: [Args: -D NO_GRUB_DRIVERS_EMBEDDED -D LESS_DEBUG -t GCC131 | --cmd-len=50000 -D NO_GRUB_DRIVERS_EMBEDDED -D LESS_DEBUG --conf=/Users/sergey/src/CloverBootloader/Conf -D USE_LOW_EBDA -a X64 -b RELEASE -t GCC131 -n 5 | OS: 15]
0:103  0:000  === [ Get Smbios ] ==============================
0:103  0:000  Type 16 Index = 0
0:103  0:000  Total Memory Slots Count = 4
0:103  0:000  Type 17 Index = 0
0:103  0:000  SmbiosTable.Type17->SlotIndex = 0
0:103  0:000  SmbiosTable.Type17->ModuleSize = 8192MB
0:103  0:000  SmbiosTable.Type17->Type = 0
0:103  0:000  SmbiosTable.Type17->Frequency = 3200MHz
0:103  0:000  SmbiosTable.Type17->Bank/Device = BANK 0 ChannelA-DIMM1
0:103  0:000  SmbiosTable.Type17->Vendor = Corsair
0:103  0:000  SmbiosTable.Type17->SerialNo = 00000000
0:103  0:000  SmbiosTable.Type17->PartNo = CMK16GX4M2K4266C19
0:103  0:000  Type 17 Index = 1
0:103  0:000  SmbiosTable.Type17->SlotIndex = 1
0:103  0:000  SmbiosTable.Type17->ModuleSize = 8192MB
0:103  0:000  SmbiosTable.Type17->Type = 0
0:103  0:000  SmbiosTable.Type17->Frequency = 3200MHz
0:103  0:000  SmbiosTable.Type17->Bank/Device = BANK 1 ChannelA-DIMM2
0:103  0:000  SmbiosTable.Type17->Vendor = Corsair
0:103  0:000  SmbiosTable.Type17->SerialNo = 00000000
0:103  0:000  SmbiosTable.Type17->PartNo = CMK16GX4M2K4266C19
0:103  0:000  Type 17 Index = 2
0:103  0:000  Ignoring insane frequency value 0MHz
0:103  0:000  Type 17 Index = 3
0:103  0:000  Ignoring insane frequency value 0MHz
0:103  0:000  Boot status=0
0:103  0:000  Running on: 'System Product Name' with board 'PRIME Z390-A'
0:103  0:000  === [ GetCPUProperties ] ========================
0:103  0:000  CPU Vendor = 756E6547 Model=906EC
0:103  0:000   The CPU supported SSE4.1
0:103  0:000   The CPU supported RDRAND
0:103  0:000  BrandString = Intel(R) Core(TM) i7-9700K CPU @ 3.60GHz
0:103  0:000   The CPU supported turbo
0:103  0:000   Energy PerfBias is  visible:
0:103  0:000  MSR 0x35               80008
0:103  0:000   TSC/CCC Information Leaf:
0:103  0:000    numerator     : 300
0:103  0:000    denominator   : 2
0:103  0:000   Calibrated ARTFrequency: 24003316
0:103  0:000   Rounded ARTFrequency: 24000000
0:103  0:000  MSR 0xE2 before patch 1E000000
0:103  0:000  MSR 0xCE              08080838_F1012400
0:103  0:000  corrected FLEX_RATIO = E0000
0:103  0:000  MSR 0x1B0             00000000
0:103  0:000  FSBFrequency = 108 MHz, DMI FSBFrequency = 100 MHz, Corrected FSBFrequency = 100 MHz
0:103  0:000  MaxDiv/MinDiv: 36.0/8
0:103  0:000  Turbo: 47/49/49/49
0:103  0:000  Features: 0x77FAFBFFBFEBFBFF
0:103  0:000  Threads: 8
0:103  0:000  Cores: 8
0:103  0:000  FSB: 100 MHz
0:103  0:000  CPU: 3861 MHz
0:103  0:000  TSC: 3861 MHz
0:103  0:000  PIS: 100 MHz
0:103  0:000  ExternalClock: 25 MHz
0:103  0:000  === [ GetDevices ] ==============================
0:103  0:000  GOP found at: PciRoot(0x0)/Pci(0x1,0x0)/Pci(0x0,0x0)/AcpiAdr(0x80010302)
0:103  0:000  PCI (00|00:00.00) : 8086 3E30 class=060000
0:103  0:000  PCI (00|00:01.00) : 8086 1901 class=060400
0:103  0:000  PCI (00|01:00.00) : 1002 67DF class=030000
0:103  0:000   - GFX: Model=AMD Radeon RX 480/570/580 (ATI/AMD)
0:103  0:000   - GOP: Provided by device
0:103  0:000  PCI (00|01:00.01) : 1002 AAF0 class=040300
0:103  0:000   - HDMI Audio: 
0:103  0:000  PCI (00|00:02.00) : 8086 3E98 class=038000
0:103  0:000   - GFX: Model=Intel UHD Graphics 630 (Intel)
0:103  0:000  PCI (00|00:14.00) : 8086 A36D class=0C0330
0:103  0:000  PCI (00|00:14.02) : 8086 A36F class=050000
0:104  0:000  PCI (00|00:16.00) : 8086 A360 class=078000
0:104  0:000  PCI (00|00:17.00) : 8086 A352 class=010601
0:104  0:000  PCI (00|00:1B.00) : 8086 A340 class=060400
0:104  0:000  PCI (00|00:1C.00) : 8086 A338 class=060400
0:104  0:000  PCI (00|00:1D.00) : 8086 A330 class=060400
0:104  0:000  PCI (00|04:00.00) : 144D A808 class=010802
0:104  0:000  PCI (00|00:1F.00) : 8086 A305 class=060100
0:104  0:000  PCI (00|00:1F.03) : 8086 A348 class=040300
0:104  0:000  PCI (00|00:1F.04) : 8086 A323 class=0C0500
0:104  0:000  PCI (00|00:1F.05) : 8086 A324 class=0C8000
0:104  0:000  PCI (00|00:1F.06) : 8086 15BC class=020000
0:104  0:000   - LAN: 1 Vendor=Intel
0:104  0:000  Legacy MAC address of LAN #0= 40:B0:76:DE:9E:93:
0:104  0:000  _checkOEMPath Look for oem dir at path '\EFI\CLOVER\OEM\System Product Name--40-B0-76-DE-9E-93'. Dir doesn't exist.
0:104  0:000  _checkOEMPath Look for oem dir at path '\EFI\CLOVER\OEM\PRIME Z390-A\UEFI'. Dir doesn't exist.
0:104  0:000  _checkOEMPath Look for oem dir at path '\EFI\CLOVER\OEM\System Product Name'. Dir doesn't exist.
0:104  0:000  _checkOEMPath Look for oem dir at path '\EFI\CLOVER\OEM\System Product Name-3861'. Dir doesn't exist.
0:104  0:000  _checkOEMPath Look for oem dir at path '\EFI\CLOVER\OEM\PRIME Z390-A'. Dir doesn't exist.
0:104  0:000  _checkOEMPath Look for oem dir at path '\EFI\CLOVER\OEM\PRIME Z390-A-3861'. Dir doesn't exist.
0:104  0:000  === [ GetUserSettings ] =========================
0:104  0:000  GetDefaultModel()=iMac18,3
0:104  0:000  === [ LoadUserSettings ] ========================
0:105  0:000  Using config.plist at path: \EFI\CLOVER
0:105  0:000  There is a problem in plist '\EFI\CLOVER\config.plist'
0:105  0:000  Warning: EfiVersion '1037.100.345.0.0' is older than default ('1968.100.16.0.1') -> ignored. Dict '/SMBIOS:296'.
0:105  0:000  Use CloverConfigPlistValidator or look in the log
3:105  2:999  === [ LoadUserSettings ] ========================
3:106  0:000  Cannot find smbios.plist at path '\EFI\CLOVER' : Not Found
3:106  0:000  '\EFI\CLOVER\smbios.plist' not loaded. Efi error Not Found
3:106  0:000  create SMBIOS list, found 27 dicts
3:106  0:000  ... ACPI
3:106  0:000  ... Boot
3:106  0:000  ... BootGraphics
3:106  0:000  ... Devices
3:106  0:000  ... DisableDrivers
3:106  0:000  ... GUI
3:106  0:000  ... Graphics
3:106  0:000  ... KernelAndKextPatches
3:106  0:000  ... SMBIOS
3:106  0:000  ... SystemParameters
3:106  0:000  ... RtVariables
3:106  0:000  ... Quirks
3:106  0:000  get model from config.plist
3:106  0:000  Using latest BiosVersion from config instead of default 'IM191.88Z.F000.B00.2302212211'
3:116  0:010  Using latest BiosReleaseDate from config instead of default '02/21/2023'
3:120  0:003  BiosVersion: IM191.88Z.F000.B00.2308061817
3:123  0:003  BiosReleaseDate: 08/06/2023
3:127  0:003  EfiVersion: 1968.100.16.0.1
3:131  0:003  Calibrated TSC Frequency = 3600497400 = 3600MHz
3:135  0:003  === [ GetListOfThemes ] =========================
3:138  0:003  - [00]: random
3:146  0:007  - [00]: embedded
3:153  0:007  === [ Found config plists ] =====================
3:157  0:003  - config.plist
3:161  0:003  - config-sample.plist
3:165  0:003  - config_old.plist
3:168  0:003  === [ LoadDrivers ] =============================
3:173  0:004  Loading NvmExpressDxe.efi status=Success
3:186  0:013   - driver needs connecting
3:190  0:003  Loading EnglishDxe.efi status=Success
3:203  0:013  Loading AppleKeyFeeder.efi status=Success
3:217  0:013  Loading VBoxHfs.efi status=Success
3:231  0:013   - driver needs connecting
3:235  0:003  Loading HashServiceFix.efi status=Success
3:248  0:013  Loading PartitionDxe.efi status=Success
3:261  0:013   - driver needs connecting
3:265  0:003  Loading ApfsDriverLoader.efi status=Success
3:278  0:013   - driver needs connecting
3:282  0:003  4 drivers needs connecting ...
3:282  0:000  PlatformDriverOverrideProtocol not found. Installing ... Success
3:283  0:000  Partition driver loaded: 
3:283  0:000  HFS+ driver loaded
3:283  0:000  APFS driver loaded
3:283  0:000  Searching for invalid DiskIo BY_DRIVER connects: not found, all ok
3:507  0:223  === [ InitScreen ] ==============================
3:511  0:003  Console modes reported: 4, available modes:
3:515  0:003   - [01]: 80x25 (current mode)
3:518  0:003   - [03]: 100x31
3:522  0:003   - [04]: 170x40
3:526  0:003  SetScreenResolution: 1920x1080 - not found!
3:533  0:007  SetMaxResolution: found best mode 0: 1366x768
3:541  0:007   - already set
3:545  0:004  Using embedded font
3:550  0:004  === [ ScanSPD ] =================================
3:554  0:003  SMBus device : 8086 A323 class=0C0500 status=Success
3:557  0:003  SMBus CmdReg: 0x3
3:561  0:003  Scanning SMBus [8086:A323], mmio: 0x12116004, ioport: 0xEFA0, hostc: 0x11
3:565  0:003  Slots to scan [8]...
3:569  0:004  SPD[0]: Got invalid type 0 @0x50. Will set page and retry.
3:574  0:004  SPD[0]: Type 12 @0x50
3:595  0:021  XMP Profile1: 4*125 -31 ns
3:599  0:003  Found module with XMP version 2.0
3:602  0:003  Using XMP Profile1 instead of standard frequency 2132MHz
3:606  0:003  DDR speed 4264MHz
3:610  0:003  Slot: 0 Type 26 8192MB 4264MHz Vendor=Corsair PartNo=CMK16GX4M2K4266C19 SerialNo=00000000
3:614  0:004  SPD[1]: Type 12 @0x51
3:635  0:021  XMP Profile1: 4*125 -31 ns
3:639  0:003  Found module with XMP version 2.0
3:643  0:003  Using XMP Profile1 instead of standard frequency 2132MHz
3:646  0:003  DDR speed 4264MHz
3:650  0:003  Slot: 1 Type 26 8192MB 4264MHz Vendor=Corsair PartNo=CMK16GX4M2K4266C19 SerialNo=00000000
3:655  0:004  === [ GetAcpiTablesList ] =======================
3:658  0:003  Get Acpi Tables List from RSDT: count=25
3:666  0:007   - [00]: FACP  A M I  len=132
3:669  0:003   - [01]: APIC  A M I  len=188
3:673  0:003   - [02]: FPDT  A M I  len=68
3:677  0:003   - [03]: FIDT  A M I len=156
3:681  0:003   - [04]: MCFG  A M I  len=60
3:684  0:003   - [05]: WSMT  A M I  len=40
3:688  0:003   - [06]: SSDT  SataTabl len=888
3:692  0:003   - [07]: SSDT  CpuSsdt len=6101
3:695  0:003   - [08]: SSDT  SaSsdt  len=12443
3:699  0:003   - [09]: SSDT  PegSsdt len=9048
3:703  0:003   - [10]: HPET  A M I  len=56
3:707  0:003   - [11]: SSDT  Ther_Rvp len=3998
3:710  0:003   - [12]: SSDT  xh_cfsd4 len=10579
3:714  0:003   - [13]: UEFI  A M I  len=72
3:718  0:003   - [14]: LPIT  A M I  len=92
3:721  0:003   - [15]: SSDT  PtidDevc len=10206
3:725  0:003   - [16]: SSDT  TbtTypeC len=4094
3:729  0:003   - [17]: DBGP  A M I  len=52
3:733  0:003   - [18]: DBG2  A M I  len=84
3:736  0:003   - [19]: SSDT  UsbCTabl len=6449
3:740  0:003   - [20]: SSDT  ADebTabl len=324
3:744  0:003   - [21]: VFCT  A M I  len=59524
3:747  0:003   - [22]: BGRT  A M I  len=56
3:751  0:003   - [23]: WPBT  A M I len=60
3:755  0:003   - [24]: TPM2  A M I  len=52
3:759  0:004   - [00]: Drop table : MATS,                0 :  no
3:766  0:007   - [01]: Drop table : DMAR,                0 :  no
3:774  0:007  Custom boot CUSTOM_BOOT_DISABLED (0x0)
3:777  0:003  Default theme: embedded
3:781  0:003  Set FakeCPUID: 0x0
3:786  0:004  === [ Found DSDT tables ] =======================
3:793  0:007  === [ InitKextList ] ============================
3:797  0:004  Added Kext=Other\USBMap.kext (1.0)
3:801  0:004  Added Kext=Other\FakeSMC.kext (3.5.6)
3:808  0:006  === [ ScanVolumes ] =============================
3:812  0:004  Found 12 volumes with blockIO
3:816  0:003  - [00]: Volume: PciRoot(0x0)\Pci(0x17,0x0)\Sata(0x0,0xFFFF,0x0)
3:824  0:007  - [01]: Volume: PciRoot(0x0)\Pci(0x17,0x0)\Sata(0x0,0xFFFF,0x0)\HD(1,GPT,38DCC513-D608-408E-9D2F-1469C8B906A0,0x28,0x64000)
3:832  0:008          Result of bootcode detection: bootable unknown (legacy)
3:836  0:004            label : EFI
3:840  0:003  - [02]: Volume: PciRoot(0x0)\Pci(0x17,0x0)\Sata(0x0,0xFFFF,0x0)\HD(2,GPT,C20AA839-E88E-4CED-8CAB-9480B290394C,0x64028,0x15D466360)
3:868  0:028            label : Dati
3:872  0:003  - [03]: Volume: PciRoot(0x0)\Pci(0x1D,0x0)\Pci(0x0,0x0)\NVMe(0x1,CA-8F-B2-81-58-38-25-00)
3:879  0:007  - [04]: Volume: PciRoot(0x0)\Pci(0x1D,0x0)\Pci(0x0,0x0)\NVMe(0x1,CA-8F-B2-81-58-38-25-00)\HD(1,GPT,6E40A227-DDED-4325-B7CE-3959620EB39E,0x28,0x64000)
3:887  0:007          Result of bootcode detection: bootable unknown (legacy)
3:891  0:004            label : EFI
3:895  0:003          This is SelfVolume !!
3:899  0:003  - [05]: Volume: PciRoot(0x0)\Pci(0x1D,0x0)\Pci(0x0,0x0)\NVMe(0x1,CA-8F-B2-81-58-38-25-00)\HD(2,GPT,9508A8C6-F9B9-4EDD-ABC7-C1C4A019C410,0x64028,0x3A321FE0)
3:906  0:007          Result of bootcode detection: bootable unknown (legacy)
3:910  0:003  - [06]: Volume: PciRoot(0x0)\Pci(0x1D,0x0)\Pci(0x0,0x0)\NVMe(0x1,CA-8F-B2-81-58-38-25-00)\HD(2,GPT,9508A8C6-F9B9-4EDD-ABC7-C1C4A019C410,0x64028,0x3A321FE0)\VenMedia(BE74FCF7-0B7C-49F3-9147-01F4042E6842,F2738F7DD5B89341BB89C99D72294438)
3:917  0:007            apfsFileSystemUUID=7D8F73F2-B8D5-4193-BB89-C99D72294438, ApfsContainerUUID=85F3C012-2D6D-4FA1-A77E-71D7470E7FA2, ApfsRole=0x10
3:921  0:003            label : Preboot
3:925  0:003  - [07]: Volume: PciRoot(0x0)\Pci(0x1D,0x0)\Pci(0x0,0x0)\NVMe(0x1,CA-8F-B2-81-58-38-25-00)\HD(2,GPT,9508A8C6-F9B9-4EDD-ABC7-C1C4A019C410,0x64028,0x3A321FE0)\VenMedia(BE74FCF7-0B7C-49F3-9147-01F4042E6842,5D6490A424B7BC4F9AC8F7A23B1C4935)
3:932  0:007            apfsFileSystemUUID=A490645D-B724-4FBC-9AC8-F7A23B1C4935, ApfsContainerUUID=85F3C012-2D6D-4FA1-A77E-71D7470E7FA2, ApfsRole=0x40
3:947  0:014            label : Macintosh HD - Dati
3:950  0:003  - [08]: Volume: PciRoot(0x0)\Pci(0x1D,0x0)\Pci(0x0,0x0)\NVMe(0x1,CA-8F-B2-81-58-38-25-00)\HD(2,GPT,9508A8C6-F9B9-4EDD-ABC7-C1C4A019C410,0x64028,0x3A321FE0)\VenMedia(BE74FCF7-0B7C-49F3-9147-01F4042E6842,B6D67091A529BA4BA6736F0E24A99093)
3:958  0:007            apfsFileSystemUUID=9170D6B6-29A5-4BBA-A673-6F0E24A99093, ApfsContainerUUID=85F3C012-2D6D-4FA1-A77E-71D7470E7FA2, ApfsRole=0x4
3:962  0:003            label : Recovery
3:965  0:003  - [09]: Volume: PciRoot(0x0)\Pci(0x1D,0x0)\Pci(0x0,0x0)\NVMe(0x1,CA-8F-B2-81-58-38-25-00)\HD(2,GPT,9508A8C6-F9B9-4EDD-ABC7-C1C4A019C410,0x64028,0x3A321FE0)\VenMedia(BE74FCF7-0B7C-49F3-9147-01F4042E6842,C30BF988C32C724BB297A45648EE79C3)
3:973  0:007            apfsFileSystemUUID=88F90BC3-2CC3-4B72-B297-A45648EE79C3, ApfsContainerUUID=85F3C012-2D6D-4FA1-A77E-71D7470E7FA2, ApfsRole=0x1
3:982  0:008            label : Macintosh HD
3:985  0:003  - [10]: Volume: PciRoot(0x0)\Pci(0x1D,0x0)\Pci(0x0,0x0)\NVMe(0x1,CA-8F-B2-81-58-38-25-00)\HD(2,GPT,9508A8C6-F9B9-4EDD-ABC7-C1C4A019C410,0x64028,0x3A321FE0)\VenMedia(BE74FCF7-0B7C-49F3-9147-01F4042E6842,982FC8B0B1F22A41B736D33F4320CF33)
3:993  0:007            apfsFileSystemUUID=B0C82F98-F2B1-412A-B736-D33F4320CF33, ApfsContainerUUID=85F3C012-2D6D-4FA1-A77E-71D7470E7FA2, ApfsRole=0xc0
3:997  0:003            label : Update
4:000  0:003  - [11]: Volume: PciRoot(0x0)\Pci(0x1D,0x0)\Pci(0x0,0x0)\NVMe(0x1,CA-8F-B2-81-58-38-25-00)\HD(2,GPT,9508A8C6-F9B9-4EDD-ABC7-C1C4A019C410,0x64028,0x3A321FE0)\VenMedia(BE74FCF7-0B7C-49F3-9147-01F4042E6842,D0BFA628AA2C7548AE15EA6E25144D32)
4:007  0:007            apfsFileSystemUUID=28A6BFD0-2CAA-4875-AE15-EA6E25144D32, ApfsContainerUUID=85F3C012-2D6D-4FA1-A77E-71D7470E7FA2, ApfsRole=0x8
4:011  0:003            label : VM
4:015  0:003  No AudioIoProtocols, status=Not Found
4:019  0:003  === [ InitXTheme ] ==============================
4:023  0:003  use Daylight theme
4:026  0:003   using embedded theme
4:039  0:012  Using embedded font
4:042  0:003  theme inited
4:046  0:003  Chosen embedded theme
4:050  0:003  found boot-args in NVRAM:keepsyms=1 alcid=11 shikigva=80, size=32
4:053  0:003  ...found arg:keepsyms=1
4:057  0:003  ...adding arg:keepsyms=1
4:061  0:003  ...found arg:alcid=11
4:064  0:003  ...adding arg:alcid=11
4:068  0:003  ...found arg:shikigva=80
4:071  0:003  ...adding arg:shikigva=80
4:075  0:003  after NVRAM boot-args=-v agdpmod=pikera keepsyms=1 alcid=11 shikigva=80 
4:079  0:003  Scanning legacy ...
4:083  0:003  === [ Dump SMC keys from NVRAM ] ================
4:089  0:006  found AppleSMC protocol
4:101  0:011     fakesmc-key-RVBF-ch8*:02 46 0F 00 00 12 
4:132  0:030     fakesmc-key-#KEY-ui32:00 00 00 11 
4:156  0:023     fakesmc-key-$Adr-ui32:00 00 03 00 
4:179  0:023     fakesmc-key-$Num-ui8:01 
4:191  0:012     fakesmc-key-RMde-char:41 
4:204  0:012     fakesmc-key-RBr -ch8*:6A 31 33 38 5F 39 00 00 
4:241  0:037     fakesmc-key-EPCI-ui32:09 D0 F0 00 
4:264  0:023     fakesmc-key-REV -ch8*:02 46 0F 00 00 12 
4:295  0:030     fakesmc-key-RPlt-ch8*:6A 31 33 38 00 00 00 00 
4:336  0:041     fakesmc-key-BEMB-flag:00 
4:349  0:012     fakesmc-key-BATP-flag:00 
4:363  0:013     fakesmc-key-BNum-ui8:00 
4:375  0:012     fakesmc-key-MSTc-ui8:00 
4:387  0:012     fakesmc-key-MSAc-ui16:00 00 
4:403  0:016     fakesmc-key-MSWr-ui8:00 
4:418  0:014     fakesmc-key-MSFW-ui8:01 00 
4:436  0:018     fakesmc-key-MSPS-ui16:00 03 
4:458  0:021  Registered 17 SMC keys
4:466  0:007  === [ ScanLoader ] ==============================
4:470  0:003  - [01]: 'EFI'
4:495  0:025  - [02]: 'Dati'
4:542  0:047  - [04]: 'EFI'
4:553  0:010        AddLoaderEntry for Volume Name=EFI, idx=0
4:557  0:004        OSVersion= 
4:561  0:003        IconName=unknown comma=-1 size=7
4:564  0:003        Full=unknown
4:568  0:003        Loader entry created for 'PciRoot(0x0)\Pci(0x1D,0x0)\Pci(0x0,0x0)\NVMe(0x1,CA-8F-B2-81-58-38-25-00)\HD(1,GPT,6E40A227-DDED-4325-B7CE-3959620EB39E,0x28,0x64000)\EFI\BOOT\BOOTX64.efi'
4:572  0:003       hiding entry: \EFI\BOOT\BOOTX64.efi
4:575  0:003        Menu entry added at index 0
4:579  0:003       hiding entry because DiskKind is DISK_KIND_INTERNAL: \EFI\BOOT\BOOTX64.efi
4:583  0:003  - [06]: 'Preboot'
4:590  0:007      ApfsContainerUUID=85F3C012-2D6D-4FA1-A77E-71D7470E7FA2
4:594  0:003      ApfsFileSystemUUID=7D8F73F2-B8D5-4193-BB89-C99D72294438
4:598  0:003      APFSTargetUUID=A490645D-B724-4FBC-9AC8-F7A23B1C4935
4:602  0:004        contentDetails name:Macintosh HD
4:606  0:003        AddLoaderEntry for Volume Name=Preboot, idx=1
4:609  0:003        OSVersion=14.4 
4:613  0:003        Check if volume Is Hibernated:
4:617  0:003        Check sleep image 'by signature':
4:621  0:003        using default sleep image name = \private\var\vm\sleepimage
4:624  0:003        cannot open sleepimage -> Not Found
4:628  0:003        hibernated: no - sign
4:632  0:003        IconName=sonoma,mac comma=6 size=10
4:635  0:003        first=os_sonoma
4:639  0:003        Second=os_mac
4:642  0:003        IconName=unknown comma=-1 size=7
4:646  0:003        Full=unknown
4:650  0:003        Loader entry created for 'PciRoot(0x0)\Pci(0x1D,0x0)\Pci(0x0,0x0)\NVMe(0x1,CA-8F-B2-81-58-38-25-00)\HD(2,GPT,9508A8C6-F9B9-4EDD-ABC7-C1C4A019C410,0x64028,0x3A321FE0)\VenMedia(BE74FCF7-0B7C-49F3-9147-01F4042E6842,F2738F7DD5B89341BB89C99D72294438)\A490645D-B724-4FBC-9AC8-F7A23B1C4935\System\Library\CoreServices\boot.efi'
4:654  0:004        Menu entry added at index 1
4:658  0:003  - [07]: 'Macintosh HD - Dati'
4:665  0:007      ApfsContainerUUID=85F3C012-2D6D-4FA1-A77E-71D7470E7FA2
4:669  0:003      ApfsFileSystemUUID=A490645D-B724-4FBC-9AC8-F7A23B1C4935
4:672  0:003  - [08]: 'Recovery'
4:680  0:007      ApfsContainerUUID=85F3C012-2D6D-4FA1-A77E-71D7470E7FA2
4:684  0:003      ApfsFileSystemUUID=9170D6B6-29A5-4BBA-A673-6F0E24A99093
4:687  0:003      APFSTargetUUID=A490645D-B724-4FBC-9AC8-F7A23B1C4935
4:691  0:003        contentDetails name:Macintosh HD
4:695  0:004        AddLoaderEntry for Volume Name=Recovery, idx=2
4:699  0:004        OSVersion=14.4 
4:703  0:003        IconName=sonoma,mac comma=6 size=10
4:707  0:003        first=os_sonoma
4:710  0:003        Second=os_mac
4:714  0:003        IconName=unknown comma=-1 size=7
4:718  0:003        Full=unknown
4:721  0:003        Loader entry created for 'PciRoot(0x0)\Pci(0x1D,0x0)\Pci(0x0,0x0)\NVMe(0x1,CA-8F-B2-81-58-38-25-00)\HD(2,GPT,9508A8C6-F9B9-4EDD-ABC7-C1C4A019C410,0x64028,0x3A321FE0)\VenMedia(BE74FCF7-0B7C-49F3-9147-01F4042E6842,B6D67091A529BA4BA6736F0E24A99093)\A490645D-B724-4FBC-9AC8-F7A23B1C4935\BaseSystem.dmg'
4:726  0:004        Menu entry added at index 2
4:730  0:003  - [09]: 'Macintosh HD'
4:737  0:007      ApfsContainerUUID=85F3C012-2D6D-4FA1-A77E-71D7470E7FA2
4:741  0:003      ApfsFileSystemUUID=88F90BC3-2CC3-4B72-B297-A45648EE79C3
4:748  0:007  - [10]: 'Update'
4:755  0:007      ApfsContainerUUID=85F3C012-2D6D-4FA1-A77E-71D7470E7FA2
4:759  0:003      ApfsFileSystemUUID=B0C82F98-F2B1-412A-B736-D33F4320CF33
4:763  0:003  - [11]: 'VM'
4:770  0:007      ApfsContainerUUID=85F3C012-2D6D-4FA1-A77E-71D7470E7FA2
4:773  0:003      ApfsFileSystemUUID=28A6BFD0-2CAA-4875-AE15-EA6E25144D32
4:777  0:003  Entries list before ordering
4:781  0:003      Entry 0 : Boot UEFI internal from EFI (hidden)
4:785  0:003      Entry 1 : Boot Mac OS from Macintosh HD via Preboot
4:788  0:003      Entry 2 : Boot Mac OS Recovery for Macintosh HD via Recovery
4:792  0:003  Entries list after ordering
4:795  0:003    Entry 0 : Boot UEFI internal from EFI (hidden)
4:799  0:003    Entry 1 : Boot Mac OS from Macintosh HD via Preboot
4:803  0:003    Entry 2 : Boot Mac OS Recovery for Macintosh HD via Recovery
4:807  0:003  === [ AddCustomTool ] ===========================
4:810  0:003  found tool \EFI\CLOVER\tools\Shell64U.efi
4:814  0:003  Checking EFI partition Volume 1 for Clover
4:819  0:005   Found Clover
4:823  0:003  === [ GetEfiBootDeviceFromNvram ] ===============
4:827  0:003   - [!] efi-boot-device-data not found
4:830  0:003  Default boot entry not found
4:834  0:003  BannerPlace at Clear Screen [619,68]
4:855  0:020  GUI ready
9:414  4:559  Boot option 0 has other volume name Macintosh HDboot.efi
9:418  0:003  === [ StartLoader ] =============================
9:422  0:003  Starting PciRoot(0x0)\Pci(0x1D,0x0)\Pci(0x0,0x0)\NVMe(0x1,CA-8F-B2-81-58-38-25-00)\HD(2,GPT,9508A8C6-F9B9-4EDD-ABC7-C1C4A019C410,0x64028,0x3A321FE0)\VenMedia(BE74FCF7-0B7C-49F3-9147-01F4042E6842,F2738F7DD5B89341BB89C99D72294438)\A490645D-B724-4FBC-9AC8-F7A23B1C4935\System\Library\CoreServices\boot.efi
9:425  0:003  Finally: ExternalClock=26MHz BusSpeed=100014kHz CPUFreq=3600MHz PIS: hw.busfrequency=104000000Hz
9:433  0:007  Beginning OC
9:437  0:004  OCST: Missing vault data, ignoring...
9:441  0:003  AddKextsInArray from Other
9:444  0:003  ->Extra kext: Other\USBMap.kext (v.1.0)
9:448  0:003  ->Extra kext: Other\FakeSMC.kext (v.3.5.6)
9:452  0:003  AddKextsInArray from Off
9:455  0:003  AddKextsInArray from 14
9:459  0:003  AddKextsInArray from 14_normal
9:463  0:003  AddKextsInArray from 14.4
9:466  0:003  AddKextsInArray from 14.4_normal
9:470  0:003  AddKextsInArray from 14.4.0
9:474  0:003  AddKextsInArray from 14.4.0_normal
9:478  0:003  Bridge kext to OC : Path=Other\FakeSMC.kext
9:482  0:004  Bridge kext to OC : Path=Other\USBMap.kext
9:489  0:006  Start 'OpenRuntime.efi' : Status Success
9:493  0:003  OC: config config.plist
9:496  0:003  OC: Got 0 drivers
9:500  0:003  OC: OpenCore DBG-102-2024-09-12 is loading in Optional mode (0/0)...
9:504  0:003  OC: StorageHandle 0 with  LauncherOption pointing to 
9:508  0:004  OcOSInfoInstallProtocol
9:512  0:003  OCRTC: OcAppleRtcRamInstallProtocol
9:516  0:003  OCRTC: Wake log is 0x00 0x00   0 0x00
9:519  0:003  OcAppleFbInfoInstallProtocol
9:523  0:003  OcAppleEg2InfoInstallProtocol
9:527  0:003  OCEG: Discovered rotate NVRAM override to 0
9:531  0:003  OC: Loading Apple Secure Boot with Disabled (level 0)
9:535  0:004  OCABC: ALRBL 0 RTDFRG 1 DEVMMIO 1 NOSU 0 NOVRWR 0 NOSB 0 FBSIG 0 NOHBMAP 0 SMSLIDE 1 WRUNPROT 1
9:539  0:003  OCABC: FEXITBS 0 PRMRG 0 CSLIDE 1 MSLIDE 0 PRSRV 1 RBMAP 1 VMAP 1 APPLOS 0 RTPERMS 1 ARBAR -1 RBIO 0
9:542  0:003  OCABC: Got rendezvous with OpenRuntime r12
9:546  0:003  OCABC: MAT support is 1
9:550  0:003  OC: RequestBootVarRouting 0
9:555  0:004  OCDM: Found 0x20046/0x2003C UEFI version (376 bytes, 0 rebuilding to 376) gST 7AB3B018 gBS 6D82E3A0 gBS->CreateEventEx 6D81C904 &gBS 6D5062C0
9:558  0:003  OC: Setting GPU BARs to 0
9:562  0:003  OCDM: RBAR using PciIo
9:565  0:003  OCDM: Setting RBAR to 0 inc 1 on 3/18
9:569  0:003  OCDM: Capability I/O error - Unsupported
9:573  0:003  OCDM: RBAR is unsupported by device - Device Error
9:577  0:004  OCDM: Setting RBAR to 0 inc 1 on 5/18
9:581  0:003  OCDM: Capability I/O error - Unsupported
9:585  0:003  OCDM: RBAR is unsupported by device - Device Error
9:589  0:004  OC: Got 0 drivers
9:593  0:003  OCC: Installing GOP (Unsupported) on ConsoleOutHandle...
9:597  0:003  OC: Requested resolution is 1920x1080@0 (max: 0, force: 0) from 1920x1080
9:601  0:003  OCC: Using builtin text renderer with 1 scale
9:605  0:003  OCC: Install console control (6D4F13D0/6D815D88/0), current - Success
9:608  0:003  OCC: Setup ASCII Output - Success
9:612  0:003  OC: Requested console mode is 0x0 (max: 0) from 
9:616  0:003  OC: Invalid HibernateMode: 
9:620  0:003  OC: Translated HibernateMode  to 0
9:623  0:003  OC: Hibernation activation - Invalid Parameter, hibernation wake - no
9:627  0:003  OC: Panic log does not exist
9:631  0:003  OCABC: IsEfiBootRt 0 (BP 1, Apple 0)
9:636  0:004  OCB: Arch filtering 72D0A018(723512)->72D0A018(723512) caps 0 - Success
9:646  0:010  ImageHandle = 730c9518
9:654  0:007  GetOSVersion: 14.4 (s)
9:662  0:007  Will not patch boot.efi
9:665  0:003  Using latest BiosVersion from config instead of default 'IM191.88Z.F000.B00.2302212211'
9:669  0:003  Using latest BiosReleaseDate from config instead of default '02/21/2023'
9:673  0:003  BiosVersion: IM191.88Z.F000.B00.2308061817
9:676  0:003  BiosReleaseDate: 08/06/2023
9:680  0:003  EfiVersion: 1968.100.16.0.1
9:684  0:003  SMBIOS reloaded with model iMac19,1
9:687  0:003  Set FakeCPUID: 0x0
9:691  0:003  === [ PatchSmbios ] =============================
9:695  0:003  UpdateSmbiosString : BiosVersion=EfiVersion=1968.100.16.0.1
9:698  0:003  UpdateSmbiosString : ReleaseDate=08/06/2023
9:702  0:003  void PatchTableType1(const SmbiosInjectedSettings&) : UpdateSmbiosString ProductName=iMac19,1
9:706  0:003  void PatchTableType2(const SmbiosInjectedSettings&) : UpdateSmbiosString ProductName=BoardNumber=Mac-AA95B1DDAB278B95
9:709  0:003  void PatchTableType2(const SmbiosInjectedSettings&) : UpdateSmbiosString Version=BoardVersion=iMac19,1
9:713  0:003  insert table 9 for dev 0:0
9:717  0:003  insert table 9 for dev 0:1
9:721  0:003  insert table 9 for dev 1F:6
9:725  0:003  Table 11 present, but rewritten for us
9:729  0:004  Do not inject memory table
9:733  0:003  Trusting SMBIOS...
9:737  0:003  Channels: 1
9:740  0:003  Interleave: 0 1 2 3
9:763  0:022  trusted SMBIOS data, table index 0:
9:767  0:003    gRAM.SMBIOS[0]->ModuleSize = 8192
9:770  0:003    gRAM.SMBIOS[0]->Type = 0
9:774  0:003    gRAM.SMBIOS[0]->Frequency = 3200
9:778  0:003    gRAM.SMBIOS[0]->Vendor = Corsair
9:781  0:003    gRAM.SMBIOS[0]->PartNo = CMK16GX4M2K4266C19
9:785  0:003    gRAM.SMBIOS[0]->SerialNo = 00000000
9:789  0:003  SPD data in use:
9:792  0:003    gRAM.SPD[0]->ModuleSize = 8192
9:796  0:003    gRAM.SPD[0]->Type = 26
9:800  0:003    gRAM.SPD[0]->Frequency = 4264
9:804  0:003    gRAM.SPD[0]->Vendor = Corsair
9:807  0:003    gRAM.SPD[0]->SerialNo = 00000000
9:811  0:003    gRAM.SPD[0]->PartNo = CMK16GX4M2K4266C19
9:815  0:003    SMBIOS Type 17 Index = 0 => SMBIOSIndex=0 SPDIndex=0:
9:818  0:003  BANK 0 DIMM0 4264MHz 8192MB(Ext:0MB)
9:822  0:003  trusted SMBIOS data, table index 1:
9:826  0:003    gRAM.SMBIOS[1]->ModuleSize = 8192
9:829  0:003    gRAM.SMBIOS[1]->Type = 0
9:833  0:003    gRAM.SMBIOS[1]->Frequency = 3200
9:837  0:003    gRAM.SMBIOS[1]->Vendor = Corsair
9:840  0:003    gRAM.SMBIOS[1]->PartNo = CMK16GX4M2K4266C19
9:844  0:003    gRAM.SMBIOS[1]->SerialNo = 00000000
9:848  0:003  SPD data in use:
9:851  0:003    gRAM.SPD[1]->ModuleSize = 8192
9:855  0:003    gRAM.SPD[1]->Type = 26
9:859  0:003    gRAM.SPD[1]->Frequency = 4264
9:863  0:003    gRAM.SPD[1]->Vendor = Corsair
9:866  0:003    gRAM.SPD[1]->SerialNo = 00000000
9:870  0:003    gRAM.SPD[1]->PartNo = CMK16GX4M2K4266C19
9:874  0:003    SMBIOS Type 17 Index = 1 => SMBIOSIndex=1 SPDIndex=1:
9:877  0:003  BANK 0 DIMM1 4264MHz 8192MB(Ext:0MB)
9:881  0:003  !trusted SMBIOS data, Table index 2:!gRAM.SMBIOS.doesSlotForIndexExist(SMBIOSIndex) 
9:892  0:011    SMBIOS Type 17 Index = 2 => SMBIOSIndex=2 SPDIndex=2:
9:896  0:003  BANK 0 DIMM2 EMPTY
9:899  0:003  !trusted SMBIOS data, Table index 3:!gRAM.SMBIOS.doesSlotForIndexExist(SMBIOSIndex) 
9:911  0:011    SMBIOS Type 17 Index = 3 => SMBIOSIndex=3 SPDIndex=3:
9:914  0:003  BANK 0 DIMM3 EMPTY
9:918  0:003  mTotalSystemMemory = 16384
9:922  0:003  NumberOfMemoryDevices = 4
9:925  0:003  Type20[0]->End = 0x7FFFFF, Type17[0] = 2000
9:929  0:003  Type20[1]->End = 0xFFFFFF, Type17[1] = 6000
9:933  0:003  Table 131 is present, CPUType=35
9:939  0:006  Change to: 1005
9:943  0:003  === [ PatchACPI ] ===============================
9:947  0:003  OCABC: AllocPages 1 0x7A308000 (1) - Success
9:950  0:003  Xsdt reallocation done
9:954  0:003  OCABC: AllocPages 1 0x7A307000 (1) - Success
9:958  0:003  old FADT length=114
9:961  0:003   SignatureFixup: 0x7173A1F4 -> 0x0
9:965  0:003  Found OperationRegion(GNVS, SystemMemory, 7A345000, ...)
9:969  0:003  Found OperationRegion(RAMW, SystemMemory, 7A349018, ...)
9:973  0:004  Found OperationRegion(RAMX, SystemMemory, 7A2A5018, ...)
9:977  0:003  Found OperationRegion(PNVA, SystemMemory, 7A3D1B98, ...)
9:980  0:003  Found OperationRegion(THBA, SystemMemory, FE200000, ...)
9:985  0:004  Found OperationRegion(BNVS, SystemMemory, 7A35A000, ...)
9:988  0:003  Found OperationRegion(SMBD, SystemMemory, E00FC004, ...)
9:992  0:003  Found OperationRegion(TMMB, SystemMemory, FED40000, ...)
9:996  0:003  Found OperationRegion(CRBD, SystemMemory, FED40000, ...)
10:000  0:003  Found OperationRegion(TPMR, SystemMemory, FED40040, ...)
10:003  0:003  Found OperationRegion(ATNV, SystemMemory, 7A3D1F98, ...)
10:007  0:003  Found OperationRegion(WPBR, SystemMemory, 7A333000, ...)
10:011  0:003  OCABC: AllocPages 1 0x7A2B8000 (79) - Success
10:015  0:003  Apply DsdtFixMask=0x10400000
10:018  0:003  === [ FixBiosDsdt ] =============================
10:022  0:003  Patching DSDT:
10:029  0:006   - [change EC0 to EC]: pattern 4543305F, patched at: [ (F96F) ]
10:050  0:021   - [change HECI to IMEI]: pattern 48454349, patched at: [ (18CAE) ]
10:072  0:022   deleting device CRT_
10:080  0:007   deleting device DVI_
10:091  0:010   deleting device SPKR
10:101  0:010   deleting device ECP_
10:109  0:007   deleting device LPT_
10:117  0:007   deleting device FDC0
10:125  0:007   deleting device ECP1
10:133  0:008   deleting device LPT1
10:141  0:007   deleting device FDC_
10:149  0:007    indirect name=RAMB
10:152  0:003    indirect name=RAMA
10:156  0:004    indirect name=PNVB
10:160  0:003  OperationRegion (THBA...) corrected from 0x0 to addr=0xFE200000
10:164  0:003    indirect name=TPMM
10:168  0:003    indirect name=FTPM
10:171  0:003    indirect name=PPIM
10:175  0:003  PreCleanup XSDT: count=25, length=236
10:179  0:003  PreCleanup XSDT, corrected XSDT: count=25, length=236
10:183  0:003  === [ ACPIPatchedAML ] ==========================
10:186  0:003  AutoMerge pass 1
10:190  0:003  Unsorted
10:194  0:003  Inserting SSDT-EC.aml from \EFI\CLOVER\ACPI\patched: ignore on pass 1
10:201  0:007  Inserting SSDT-PLUG-_SB.PR00.aml from \EFI\CLOVER\ACPI\patched: ignore on pass 1
10:209  0:007  Inserting SSDT-PM.aml from \EFI\CLOVER\ACPI\patched: ignore on pass 1
10:216  0:007  Inserting SSDT-PMC.aml from \EFI\CLOVER\ACPI\patched: ignore on pass 1
10:224  0:007  === [ ACPIDropTables ] ==========================
10:227  0:003  OCABC: AllocPages 1 0x7A2B6000 (2) - Success
10:231  0:003  OCABC: AllocPages 1 0x7A2B6000 (2) - Success
10:235  0:003  OCABC: AllocPages 1 0x7A2B6000 (2) - Success
10:239  0:003  OCABC: AllocPages 1 0x7A2B6000 (2) - Success
10:242  0:003  OCABC: AllocPages 1 0x7A2B6000 (2) - Success
10:246  0:003  OCABC: AllocPages 1 0x7A2B6000 (2) - Success
10:250  0:003  Patching SSDTs: 2 patches each
10:254  0:003   pattern 4543305F, bin not found / already patched!
10:261  0:007   pattern 48454349, bin not found / already patched!
10:268  0:007  OCABC: AllocPages 1 0x7A2B3000 (3) - Success
10:272  0:003  Patching SSDTs: 2 patches each
10:276  0:004   pattern 4543305F, bin not found / already patched!
10:284  0:007   pattern 48454349, bin not found / already patched!
10:291  0:007  Found OperationRegion(PNVS, SystemMemory, 7ADF2000, ...)
10:295  0:003  OCABC: AllocPages 1 0x7A2AE000 (5) - Success
10:298  0:003  Patching SSDTs: 2 patches each
10:302  0:003   pattern 4543305F, bin not found / already patched!
10:310  0:007   pattern 48454349, bin not found / already patched!
10:317  0:007  Found OperationRegion(SANV, SystemMemory, 7A3D1118, ...)
10:321  0:003  OCABC: AllocPages 1 0x7A2AA000 (4) - Success
10:325  0:003  Patching SSDTs: 2 patches each
10:329  0:003   pattern 4543305F, bin not found / already patched!
10:336  0:007   pattern 48454349, bin not found / already patched!
10:344  0:007  OCABC: AllocPages 1 0x7A2A8000 (2) - Success
10:347  0:003  OCABC: AllocPages 1 0x7A2A8000 (2) - Success
10:351  0:003  Patching SSDTs: 2 patches each
10:355  0:003   pattern 4543305F, bin not found / already patched!
10:362  0:007   pattern 48454349, bin not found / already patched!
10:370  0:007  OCABC: AllocPages 1 0x7A129000 (4) - Success
10:374  0:003  Patching SSDTs: 2 patches each
10:378  0:003   pattern 4543305F, bin not found / already patched!
10:385  0:007   pattern 48454349, bin not found / already patched!
10:392  0:007  OCABC: AllocPages 1 0x7A2A6000 (2) - Success
10:396  0:003  OCABC: AllocPages 1 0x7A2A6000 (2) - Success
10:400  0:003  OCABC: AllocPages 1 0x7A125000 (4) - Success
10:404  0:003  Patching SSDTs: 2 patches each
10:408  0:003   pattern 4543305F, bin not found / already patched!
10:415  0:007   pattern 48454349, bin not found / already patched!
10:423  0:007  OCABC: AllocPages 1 0x7A2A6000 (2) - Success
10:426  0:003  Patching SSDTs: 2 patches each
10:430  0:003   pattern 4543305F, bin not found / already patched!
10:437  0:007   pattern 48454349, bin not found / already patched!
10:445  0:007  OCABC: AllocPages 1 0x7A123000 (2) - Success
10:448  0:003  OCABC: AllocPages 1 0x7A123000 (2) - Success
10:452  0:003  OCABC: AllocPages 1 0x7A122000 (3) - Success
10:456  0:003  Patching SSDTs: 2 patches each
10:460  0:003   pattern 4543305F, bin not found / already patched!
10:467  0:007   pattern 48454349, bin not found / already patched!
10:475  0:007  OCABC: AllocPages 1 0x7A120000 (2) - Success
10:478  0:003  Patching SSDTs: 2 patches each
10:482  0:003   pattern 4543305F, bin not found / already patched!
10:489  0:007   pattern 48454349, bin not found / already patched!
10:497  0:007  Found OperationRegion(ADHD, SystemMemory, 78C93000, ...)
10:501  0:003  Found OperationRegion(ABLK, SystemMemory, 78C93020, ...)
10:504  0:003  OCABC: AllocPages 1 0x7A110000 (16) - Success
10:508  0:003  OCABC: AllocPages 1 0x7A11E000 (2) - Success
10:512  0:003  OCABC: AllocPages 1 0x7A11E000 (2) - Success
10:515  0:003  OCABC: AllocPages 1 0x7A11E000 (2) - Success
10:519  0:003  === [ ACPIPatchedAML ] ==========================
10:523  0:003  AutoMerge pass 2
10:526  0:003  Unsorted
10:530  0:003  Inserting SSDT-EC.aml from \EFI\CLOVER\ACPI\patched: size=91 OCABC: AllocPages 1 0x7A11F000 (1) - Success
... Success
10:545  0:015  Inserting SSDT-PLUG-_SB.PR00.aml from \EFI\CLOVER\ACPI\patched: size=166 OCABC: AllocPages 1 0x7A11E000 (1) - Success
... Success
10:560  0:015  Inserting SSDT-PM.aml from \EFI\CLOVER\ACPI\patched: size=198 OCABC: AllocPages 1 0x7A11D000 (1) - Success
... Success
10:575  0:014  Inserting SSDT-PMC.aml from \EFI\CLOVER\ACPI\patched: size=143 OCABC: AllocPages 1 0x7A11C000 (1) - Success
... Success
10:591  0:015  ApicCPUNum=1
10:594  0:003  Maximum control=0x24
10:598  0:003  Turbo control=0x31
10:602  0:003  P-States: min 0x8, max 0x31
10:605  0:003  SSDT with plugin-type without P-States is generated
10:609  0:003  OCABC: AllocPages 1 0x7A11B000 (1) - Success
10:612  0:003  Cleanup XSDT: count=30, length=276
10:616  0:003  corrected XSDT count=30, length=276
10:620  0:003  === [ RestSetup macOS ] =========================
10:624  0:003  ATI injection not set
10:627  0:003  Intel UHD Graphics 630 [8086:3E98] :: PciRoot(0x0)\Pci(0x2,0x0)
10:631  0:003    Intel: no default properties
10:634  0:003  Intel GFX revision  = 0x0
10:638  0:003   RCBA disabled; cannot use it
10:642  0:003   setting specified layout-id=1 (0x1)
10:646  0:003  stringlength = 458
10:649  0:003  OCABC: AllocPages 1 0x7A11A000 (1) - Success
10:653  0:003  CurrentMode: Width=1366 Height=768
10:657  0:003  SetNvramVariable (system-id, 4D1EDE05-38C7-4A6A-9CC6-4BCCA8B38C14, 0x2, 16): -> writing new (Success)
10:665  0:008  SetNvramVariable (MLB, 4D1EDE05-38C7-4A6A-9CC6-4BCCA8B38C14, 0x6, 17): -> writing new (Success)
10:673  0:008  SetNvramVariable (ROM, 4D1EDE05-38C7-4A6A-9CC6-4BCCA8B38C14, 0x6, 6): -> writing new (Success)
10:682  0:008  SetNvramVariable (FirmwareFeatures, 4D1EDE05-38C7-4A6A-9CC6-4BCCA8B38C14, 0x6, 4): -> writing new (Success)
10:690  0:008  SetNvramVariable (FirmwareFeaturesMask, 4D1EDE05-38C7-4A6A-9CC6-4BCCA8B38C14, 0x6, 4): -> writing new (Success)
10:698  0:008  SetNvramVariable (ExtendedFirmwareFeatures, 4D1EDE05-38C7-4A6A-9CC6-4BCCA8B38C14, 0x6, 8): -> writing new (Success)
10:706  0:008  SetNvramVariable (ExtendedFirmwareFeaturesMask, 4D1EDE05-38C7-4A6A-9CC6-4BCCA8B38C14, 0x6, 8): -> writing new (Success)
10:714  0:008  AddNvramVariable (HW_BID, 4D1EDE05-38C7-4A6A-9CC6-4BCCA8B38C14, 0x6, 20): -> writing new (Success)
10:723  0:008  AddNvramVariable (security-mode, 7C436110-AB2A-4BBB-A880-FE41995C9F82, 0x7, 5): -> already exists, abort
10:730  0:007  set DefaultBackgroundColor=0xfbfbfb
10:734  0:003  SetNvramVariable (DefaultBackgroundColor, 4D1EDE05-38C7-4A6A-9CC6-4BCCA8B38C14, 0x7, 4): -> writing new (Success)
10:745  0:011  SetNvramVariable (ActualDensity, 7C436110-AB2A-4BBB-A880-FE41995C9F82, 0x7, 2): exists(0x7, 2), equal -> not writing again.
10:756  0:011  SetNvramVariable (DensityThreshold, 7C436110-AB2A-4BBB-A880-FE41995C9F82, 0x7, 2): exists(0x7, 2), equal -> not writing again.
10:767  0:011  SetNvramVariable (gfx-saved-config-restore-status, 4D1EDE05-38C7-4A6A-9CC6-4BCCA8B38C14, 0x7, 8): exists(0x7, 8), equal -> not writing again.
10:786  0:018  DeleteNvramVariable (UIScale, 4D1EDE05-38C7-4A6A-9CC6-4BCCA8B38C14):
10:790  0:004  DeleteNvramVariable (EFILoginHiDPI, 7C436110-AB2A-4BBB-A880-FE41995C9F82):
10:794  0:003  SetNvramVariable (flagstate, 7C436110-AB2A-4BBB-A880-FE41995C9F82, 0x7, 32): exists(0x7, 32), equal -> not writing again.
10:805  0:011  SetNvramVariable (csr-active-config, 7C436110-AB2A-4BBB-A880-FE41995C9F82, 0x7, 4): exists(0x7, 4), equal -> not writing again.
10:817  0:011  DeleteNvramVariable (BridgeOSHardwareModel, 4D1EDE05-38C7-4A6A-9CC6-4BCCA8B38C14):
10:821  0:004  DeleteNvramVariable (bootercfg, 7C436110-AB2A-4BBB-A880-FE41995C9F82):
10:825  0:004  DeleteNvramVariable (nvda_drv, 7C436110-AB2A-4BBB-A880-FE41995C9F82):
10:830  0:004  DeleteNvramVariable (recovery-boot-mode, 7C436110-AB2A-4BBB-A880-FE41995C9F82):
10:834  0:003  AddNvramVariable (wake-failure, 7C436110-AB2A-4BBB-A880-FE41995C9F82, 0x7, 5): -> already exists, abort
10:842  0:008  DeleteNvramVariable (opencore-version, 7C436110-AB2A-4BBB-A880-FE41995C9F82):
10:847  0:004  DeleteNvramVariable (ApBoardID, 94B73556-2197-4702-82A8-3E1337DAFBFB):
10:851  0:004  DeleteNvramVariable (ApSecurityDomain, 94B73556-2197-4702-82A8-3E1337DAFBFB):
10:855  0:004  DeleteNvramVariable (ApProductionStatus, 94B73556-2197-4702-82A8-3E1337DAFBFB):
10:860  0:004  DeleteNvramVariable (ApSecurityMode, 94B73556-2197-4702-82A8-3E1337DAFBFB):
10:864  0:004  DeleteNvramVariable (EffectiveProductionStatus, 94B73556-2197-4702-82A8-3E1337DAFBFB):
10:869  0:004  DeleteNvramVariable (EffectiveSecurityMode, 94B73556-2197-4702-82A8-3E1337DAFBFB):
10:873  0:004  DeleteNvramVariable (CertificateEpoch, 94B73556-2197-4702-82A8-3E1337DAFBFB):
10:877  0:004  DeleteNvramVariable (MixNMatchPreventionStatus, 94B73556-2197-4702-82A8-3E1337DAFBFB):
10:882  0:004  DeleteNvramVariable (CryptoDigestMethod, 94B73556-2197-4702-82A8-3E1337DAFBFB):
10:886  0:004  DeleteNvramVariable (InternalUseOnlyUnit, 94B73556-2197-4702-82A8-3E1337DAFBFB):
10:891  0:004  DeleteNvramVariable (ApECID, 94B73556-2197-4702-82A8-3E1337DAFBFB):
10:895  0:004  DeleteNvramVariable (HardwareModel, 94B73556-2197-4702-82A8-3E1337DAFBFB):
10:899  0:003  Use origin smbios table type 1 guid.
10:921  0:022  DeleteNvramVariable (efi-boot-device, 7C436110-AB2A-4BBB-A880-FE41995C9F82):
10:926  0:004  DeleteNvramVariable (efi-boot-device-data, 7C436110-AB2A-4BBB-A880-FE41995C9F82):
10:930  0:004  DeleteNvramVariable (BootCampHD, 7C436110-AB2A-4BBB-A880-FE41995C9F82):
10:934  0:003  Custom boot screen not used because entry has unset use graphics
10:939  0:005  DeleteNvramVariable (IOHibernateRTCVariables, 7C436110-AB2A-4BBB-A880-FE41995C9F82):
10:944  0:004  DeleteNvramVariable (boot-image, 7C436110-AB2A-4BBB-A880-FE41995C9F82):
10:948  0:003  Kernel quirks
10:951  0:003  ACPCL 1 AXCL 1 AXEM 0 AXFB 0 CSG 0 DIM 0 DLJ 0 DRC 1 DPM 0 EBTFF 0 EDI 0 FAI 0 IPBS 0 LKP 0 PNKD 0 PTKP 0 TPD 0 XPL 0 PCC 0
10:955  0:003  Closing log
10:958  0:003  OCABC: AllocPages 2 0x91000 (14) - Success
10:962  0:003  OCABC: AllocPages 2 0x6F762000 (14) - Success
10:966  0:003  OCABC: Recovering trashed GetMemoryMap pointer
10:971  0:005  OCABC: Patching safe mode sur-2 at off ACF4
10:975  0:003  OCABC: AllocPages 2 0x777E6000 (512) - Success
10:979  0:003  OCABC: AllocPages 2 0x777E5000 (1) - Success
10:982  0:003  OC: Supported boot capabilities 4
10:986  0:003  OCABC: AllocPages 2 0x777E4000 (1) - Success
10:990  0:003  OCABC: MMIO devirt start
10:994  0:003  OCABC: MMIO devirt 0xE0000000 (0x10000 pages, 0x800000000000100D) skip 0
10:997  0:003  OCABC: MMIO devirt 0xFE000000 (0x11 pages, 0x8000000000000001) skip 0
11:001  0:003  OCABC: MMIO devirt 0xFEC00000 (0x1 pages, 0x800000000000100D) skip 0
11:005  0:003  OCABC: MMIO devirt 0xFED00000 (0x4 pages, 0x800000000000100D) skip 0
11:008  0:003  OCABC: MMIO devirt 0xFEE00000 (0x1 pages, 0x8000000000000001) skip 0
11:012  0:003  OCABC: MMIO devirt 0xFF000000 (0x1000 pages, 0x800000000000100D) skip 0
11:016  0:003  OCABC: MMIO devirt end, saved 278620 KB
11:020  0:003  OCABC: All slides are usable! You can disable ProvideCustomSlide!
11:025  0:005  OCOS: OS set: <null> macOS 11.0
11:029  0:003  OCOS: OS set: Apple Inc. macOS 11.0
11:033  0:003  OCOS: Should use black background
11:037  0:003  OCABC: AllocPages 1 0x6D2E4000 (1) - Success
11:052  0:015  OC: Opening file System\Library\Kernels\kernel with 1 mode gave - Not Found
11:056  0:003  OC: Opening file \A490645D-B724-4FBC-9AC8-F7A23B1C4935 with 1 mode gave - Success
11:060  0:004  OC: Opening file \A490645D-B724-4FBC-9AC8-F7A23B1C4935\System\Library\CoreServices\com.apple.Boot.plist with 1 mode gave - Not Found
11:064  0:004  OC: Opening file Library\Preferences\SystemConfiguration\com.apple.Boot.plist with 1 mode gave - Success
11:068  0:004  OC: Opening file \A490645D-B724-4FBC-9AC8-F7A23B1C4935\System\Library\CoreServices\PlatformSupport.plist with 1 mode gave - Success
11:073  0:004  OCABC: AllocPages 2 0xD00000 (51544) - Success
11:079  0:006  OC: Opening file System\Library\Caches\com.apple.corestorage\EncryptedRoot.plist.wipekey with 1 mode gave - Success
11:091  0:011  OC: Opening file \A490645D-B724-4FBC-9AC8-F7A23B1C4935\System\Library\CoreServices\boot.efi with 1 mode gave - Success
11:119  0:027  OC: Opening file boot\System\Library\KernelCollections\BootKernelExtensions.kc.development with 1 mode gave - Not Found
11:136  0:017  OC: Opening file boot\System\Library\KernelCollections\BootKernelExtensions.kc with 1 mode gave - Success
11:140  0:003  OC: Load and reserve Kext Other\FakeSMC.kext
11:144  0:004  OC: Load and reserve Kext Other\USBMap.kext
11:148  0:003  OC: Kext reservation size info 504000 exe 18000
11:151  0:003  OC: Trying 64-bit XNU hook on boot\System\Library\KernelCollections\BootKernelExtensions.kc
11:155  0:003  OCAK: Found 64-bit Mach-O compressed 0 offset 0 size 0
11:159  0:003  OCAK: Determined kernel size is 62734336 bytes
11:193  0:034  OC: Result of 64-bit XNU hook on boot\System\Library\KernelCollections\BootKernelExtensions.kc (00000000) is Success
11:239  0:046  OCAK: Read kernel version 23.4.0 (230400)
11:243  0:003  OCAK: 64-bit patcher base 0xFFFFFF8000200000 kmod 0x0 file 0x0
11:248  0:004  OCAK: Zeroing _xcpm_core_scope_msrs 0xE2 applicable CPUs (76)
11:252  0:003  OCAK: Zeroing _xcpm_core_scope_msrs 0xE2 applicable CPUs (406416)
11:255  0:003  OCAK: Zeroing _xcpm_core_scope_msrs 0xE2 applicable CPUs (16384)
11:260  0:004  Replace B9E20000000F30 by B9E20000009090 at ofs:30E
11:326  0:065  Replace B9E20000000F30 by B9E20000009090 at ofs:39B
11:390  0:063  OCAK: 64-bit XcpmCfgLockRel replace count - 2
11:393  0:003  OCAK: [OK] Success XcpmCfgLock patch
11:435  0:042  OCAK: org.netkas.FakeSMC got KXLD 0 0
11:439  0:003  OCAK: Requesting __LINKEDIT for org.netkas.FakeSMC - 6CDC8398 at 3BD5000
11:443  0:003  OCAK: Requesting SymbolTable for org.netkas.FakeSMC - 601
11:446  0:003  OCAK: Requesting __LINKEDIT for __kernel__ - 691FE688 at 0
11:450  0:003  OCAK: Requesting SymbolTable for __kernel__ - 22799
11:476  0:026  OCAK: Patching invalid size 2000 with 19DF000 for com.apple.iokit.IOACPIFamily
11:480  0:003  OCAK: com.apple.iokit.IOACPIFamily got KXLD 0 0
11:483  0:003  OCAK: Requesting __LINKEDIT for com.apple.iokit.IOACPIFamily - 6B3E9518 at 21F6000
11:487  0:003  OCAK: Requesting SymbolTable for com.apple.iokit.IOACPIFamily - 544
11:498  0:011  OCAK: Local relocs 1148 on FFFFFF8003CD5000
11:503  0:004  OC: Prelinked injection Other\FakeSMC.kext () - Success
11:507  0:004  OC: Prelinked injection Other\USBMap.kext () - Success
11:510  0:003  OC: Prelink size 62836736 kext offset 62738432 reserved 98304
11:514  0:003  OCAK: KC TEXT is 65536 bytes with 61800 Mach-O headers need 280
11:534  0:020  OCAK: Failed to pk find com.apple.driver.AppleIntelCPUPowerManagement - Not Found
11:537  0:003  OCAK: [OK] Skipping PatchAppleCpuPmCfgLock on NULL Patcher on kernel version 230400
11:542  0:004  OCAK: Patching invalid size 5FF4 with 2193000 for com.apple.driver.AppleRTC
11:546  0:003  OCAK: com.apple.driver.AppleRTC got KXLD 0 0
11:549  0:003  Replace BE58000000/FFFEFFFFFF(BE58000000) by BEFFFF0000 at ofs:1AED
11:644  0:094  Replace BE58000000/FFFEFFFFFF(BE59000000) by BEFFFF0000 at ofs:1AFE
11:744  0:100  Replace BE58000000/FFFEFFFFFF(BE58000000) by BEFFFF0000 at ofs:1DE3
11:839  0:094  Replace BE58000000/FFFEFFFFFF(BE59000000) by BEFFFF0000 at ofs:1DF3
11:935  0:095  OCAK: 64-bit DisableRtcChecksum64 replace count - 4
11:939  0:003  OCAK: [OK] Patch success com.apple.driver.AppleRTC DisableRtcChecksum
12:065  0:125  OC: Prelinked status - Success
12:108  0:043  OC: Opening file usr\standalone\OS.dmg.root_hash with 1 mode gave - Success
12:118  0:009  OC: Opening file usr\standalone\OS.dmg.root_hash.x86legacyap.im4m with 1 mode gave - Success
12:127  0:009  OCABC: AllocPages 0 0x73002000 (1) - Success
12:131  0:003  OCABC: AllocPages 0 0x73001000 (1) - Success
