0:100  0:100  MemLog inited, TSC freq: 3600488100
0:100  0:000  CPU was calibrated with RTC
0:100  0:000  CloverX64 : Image base = 0x6D404000
0:100  0:000  Clover ImageHandle = 75ee9b98
0:102  0:002  SelfDirPath = \EFI\CLOVER
0:104  0:001  === [ Starting Clover ] =========================
0:104  0:000  Now is 25.11.2024,  14:34:53 (GMT)
0:104  0:000  Starting Clover revision: 5160 (master, commit 7b08a616e) on American Megatrends EFI
0:104  0:000  Build id: 20240909210805-7b08a61-dirty
0:104  0:000  Build with: [Args: -D NO_GRUB_DRIVERS_EMBEDDED -D LESS_DEBUG -t GCC131 | --cmd-len=50000 -D NO_GRUB_DRIVERS_EMBEDDED -D LESS_DEBUG --conf=/Users/sergey/src/CloverBootloader/Conf -D USE_LOW_EBDA -a X64 -b RELEASE -t GCC131 -n 5 | OS: 15]
0:104  0:000  === [ Get Smbios ] ==============================
0:104  0:000  Type 16 Index = 0
0:104  0:000  Total Memory Slots Count = 4
0:104  0:000  Type 17 Index = 0
0:104  0:000  SmbiosTable.Type17->SlotIndex = 0
0:104  0:000  SmbiosTable.Type17->ModuleSize = 8192MB
0:104  0:000  SmbiosTable.Type17->Type = 0
0:104  0:000  SmbiosTable.Type17->Frequency = 3200MHz
0:104  0:000  SmbiosTable.Type17->Bank/Device = BANK 0 ChannelA-DIMM1
0:104  0:000  SmbiosTable.Type17->Vendor = Corsair
0:104  0:000  SmbiosTable.Type17->SerialNo = 00000000
0:104  0:000  SmbiosTable.Type17->PartNo = CMK16GX4M2K4266C19
0:104  0:000  Type 17 Index = 1
0:104  0:000  SmbiosTable.Type17->SlotIndex = 1
0:104  0:000  SmbiosTable.Type17->ModuleSize = 8192MB
0:104  0:000  SmbiosTable.Type17->Type = 0
0:104  0:000  SmbiosTable.Type17->Frequency = 3200MHz
0:104  0:000  SmbiosTable.Type17->Bank/Device = BANK 1 ChannelA-DIMM2
0:104  0:000  SmbiosTable.Type17->Vendor = Corsair
0:104  0:000  SmbiosTable.Type17->SerialNo = 00000000
0:104  0:000  SmbiosTable.Type17->PartNo = CMK16GX4M2K4266C19
0:104  0:000  Type 17 Index = 2
0:104  0:000  Ignoring insane frequency value 0MHz
0:104  0:000  Type 17 Index = 3
0:104  0:000  Ignoring insane frequency value 0MHz
0:104  0:000  Boot status=0
0:104  0:000  Running on: 'System Product Name' with board 'PRIME Z390-A'
0:104  0:000  === [ GetCPUProperties ] ========================
0:104  0:000  CPU Vendor = 756E6547 Model=906EC
0:104  0:000   The CPU supported SSE4.1
0:104  0:000   The CPU supported RDRAND
0:104  0:000  BrandString = Intel(R) Core(TM) i7-9700K CPU @ 3.60GHz
0:104  0:000   The CPU supported turbo
0:104  0:000   Energy PerfBias is  visible:
0:104  0:000  MSR 0x35               80008
0:104  0:000   TSC/CCC Information Leaf:
0:104  0:000    numerator     : 300
0:104  0:000    denominator   : 2
0:104  0:000   Calibrated ARTFrequency: 24003254
0:104  0:000   Rounded ARTFrequency: 24000000
0:104  0:000  MSR 0xE2 before patch 1E000000
0:104  0:000  MSR 0xCE              08080838_F1012400
0:104  0:000  corrected FLEX_RATIO = E0000
0:104  0:000  MSR 0x1B0             00000000
0:104  0:000  FSBFrequency = 108 MHz, DMI FSBFrequency = 100 MHz, Corrected FSBFrequency = 100 MHz
0:104  0:000  MaxDiv/MinDiv: 36.0/8
0:104  0:000  Turbo: 47/49/49/49
0:104  0:000  Features: 0x77FAFBFFBFEBFBFF
0:104  0:000  Threads: 8
0:104  0:000  Cores: 8
0:104  0:000  FSB: 100 MHz
0:104  0:000  CPU: 3861 MHz
0:104  0:000  TSC: 3861 MHz
0:104  0:000  PIS: 100 MHz
0:104  0:000  ExternalClock: 25 MHz
0:104  0:000  === [ GetDevices ] ==============================
0:104  0:000  GOP found at: PciRoot(0x0)/Pci(0x1,0x0)/Pci(0x0,0x0)/AcpiAdr(0x80010302)
0:104  0:000  PCI (00|00:00.00) : 8086 3E30 class=060000
0:104  0:000  PCI (00|00:01.00) : 8086 1901 class=060400
0:104  0:000  PCI (00|01:00.00) : 1002 67DF class=030000
0:104  0:000   - GFX: Model=AMD Radeon RX 480/570/580 (ATI/AMD)
0:104  0:000   - GOP: Provided by device
0:104  0:000  PCI (00|01:00.01) : 1002 AAF0 class=040300
0:104  0:000   - HDMI Audio: 
0:104  0:000  PCI (00|00:02.00) : 8086 3E98 class=038000
0:104  0:000   - GFX: Model=Intel UHD Graphics 630 (Intel)
0:104  0:000  PCI (00|00:14.00) : 8086 A36D class=0C0330
0:104  0:000  PCI (00|00:14.02) : 8086 A36F class=050000
0:104  0:000  PCI (00|00:16.00) : 8086 A360 class=078000
0:104  0:000  PCI (00|00:17.00) : 8086 A352 class=010601
0:104  0:000  PCI (00|00:1B.00) : 8086 A340 class=060400
0:104  0:000  PCI (00|00:1C.00) : 8086 A338 class=060400
0:104  0:000  PCI (00|00:1D.00) : 8086 A330 class=060400
0:104  0:000  PCI (00|04:00.00) : 144D A808 class=010802
0:104  0:000  PCI (00|00:1F.00) : 8086 A305 class=060100
0:105  0:000  PCI (00|00:1F.03) : 8086 A348 class=040300
0:105  0:000  PCI (00|00:1F.04) : 8086 A323 class=0C0500
0:105  0:000  PCI (00|00:1F.05) : 8086 A324 class=0C8000
0:105  0:000  PCI (00|00:1F.06) : 8086 15BC class=020000
0:105  0:000   - LAN: 1 Vendor=Intel
0:105  0:000  Legacy MAC address of LAN #0= 40:B0:76:DE:9E:93:
0:105  0:000  _checkOEMPath Look for oem dir at path '\EFI\CLOVER\OEM\System Product Name--40-B0-76-DE-9E-93'. Dir doesn't exist.
0:105  0:000  _checkOEMPath Look for oem dir at path '\EFI\CLOVER\OEM\PRIME Z390-A\UEFI'. Dir doesn't exist.
0:105  0:000  _checkOEMPath Look for oem dir at path '\EFI\CLOVER\OEM\System Product Name'. Dir doesn't exist.
0:105  0:000  _checkOEMPath Look for oem dir at path '\EFI\CLOVER\OEM\System Product Name-3861'. Dir doesn't exist.
0:105  0:000  _checkOEMPath Look for oem dir at path '\EFI\CLOVER\OEM\PRIME Z390-A'. Dir doesn't exist.
0:105  0:000  _checkOEMPath Look for oem dir at path '\EFI\CLOVER\OEM\PRIME Z390-A-3861'. Dir doesn't exist.
0:105  0:000  === [ GetUserSettings ] =========================
0:105  0:000  GetDefaultModel()=iMac18,3
0:105  0:000  === [ LoadUserSettings ] ========================
0:106  0:000  Using config.plist at path: \EFI\CLOVER
0:106  0:000  There is a problem in plist '\EFI\CLOVER\config.plist'
0:106  0:000  Warning: EfiVersion '1037.100.345.0.0' is older than default ('1968.100.16.0.1') -> ignored. Dict '/SMBIOS:282'.
0:106  0:000  Use CloverConfigPlistValidator or look in the log
3:106  2:999  === [ LoadUserSettings ] ========================
3:107  0:000  Cannot find smbios.plist at path '\EFI\CLOVER' : Not Found
3:107  0:000  '\EFI\CLOVER\smbios.plist' not loaded. Efi error Not Found
3:107  0:000  create SMBIOS list, found 27 dicts
3:107  0:000  ... ACPI
3:107  0:000  ... Boot
3:107  0:000  ... BootGraphics
3:107  0:000  ... Devices
3:107  0:000  ... DisableDrivers
3:107  0:000  ... GUI
3:107  0:000  ... Graphics
3:107  0:000  ... KernelAndKextPatches
3:107  0:000  ... SMBIOS
3:107  0:000  ... SystemParameters
3:107  0:000  ... RtVariables
3:107  0:000  ... Quirks
3:107  0:000  get model from config.plist
3:107  0:000  Using latest BiosVersion from config instead of default 'IM191.88Z.F000.B00.2302212211'
3:118  0:010  Using latest BiosReleaseDate from config instead of default '02/21/2023'
3:122  0:004  BiosVersion: IM191.88Z.F000.B00.2308061817
3:126  0:004  BiosReleaseDate: 08/06/2023
3:130  0:003  EfiVersion: 1968.100.16.0.1
3:134  0:004  Calibrated TSC Frequency = 3600488100 = 3600MHz
3:138  0:003  === [ GetListOfThemes ] =========================
3:142  0:004  - [00]: random
3:150  0:008  - [00]: embedded
3:159  0:008  === [ Found config plists ] =====================
3:163  0:003  - config.plist
3:166  0:003  - config-sample.plist
3:170  0:003  - config_old.plist
3:174  0:004  === [ LoadDrivers ] =============================
3:179  0:004  Loading NvmExpressDxe.efi status=Success
3:193  0:013   - driver needs connecting
3:197  0:004  Loading EnglishDxe.efi status=Success
3:210  0:013  Loading AppleKeyFeeder.efi status=Success
3:223  0:013  Loading VBoxHfs.efi status=Success
3:237  0:013   - driver needs connecting
3:241  0:004  Loading HashServiceFix.efi status=Success
3:254  0:013  Loading PartitionDxe.efi status=Success
3:267  0:013   - driver needs connecting
3:272  0:004  Loading ApfsDriverLoader.efi status=Success
3:284  0:012   - driver needs connecting
3:289  0:004  4 drivers needs connecting ...
3:289  0:000  PlatformDriverOverrideProtocol not found. Installing ... Success
3:289  0:000  Partition driver loaded: 
3:290  0:000  HFS+ driver loaded
3:290  0:000  APFS driver loaded
3:290  0:000  Searching for invalid DiskIo BY_DRIVER connects: not found, all ok
3:512  0:221  === [ InitScreen ] ==============================
3:516  0:004  Console modes reported: 4, available modes:
3:520  0:004   - [01]: 80x25 (current mode)
3:524  0:003   - [03]: 100x31
3:528  0:004   - [04]: 170x40
3:532  0:003  SetScreenResolution: 1920x1080 - not found!
3:540  0:007  SetMaxResolution: found best mode 0: 1366x768
3:548  0:008   - already set
3:553  0:004  Using embedded font
3:558  0:004  === [ ScanSPD ] =================================
3:562  0:004  SMBus device : 8086 A323 class=0C0500 status=Success
3:566  0:004  SMBus CmdReg: 0x3
3:570  0:004  Scanning SMBus [8086:A323], mmio: 0x12116004, ioport: 0xEFA0, hostc: 0x11
3:575  0:004  Slots to scan [8]...
3:579  0:004  SPD[0]: Got invalid type 0 @0x50. Will set page and retry.
3:584  0:004  SPD[0]: Type 12 @0x50
3:606  0:021  XMP Profile1: 4*125 -31 ns
3:610  0:004  Found module with XMP version 2.0
3:614  0:004  Using XMP Profile1 instead of standard frequency 2132MHz
3:618  0:004  DDR speed 4264MHz
3:622  0:004  Slot: 0 Type 26 8192MB 4264MHz Vendor=Corsair PartNo=CMK16GX4M2K4266C19 SerialNo=00000000
3:627  0:004  SPD[1]: Type 12 @0x51
3:648  0:021  XMP Profile1: 4*125 -31 ns
3:652  0:003  Found module with XMP version 2.0
3:656  0:004  Using XMP Profile1 instead of standard frequency 2132MHz
3:660  0:004  DDR speed 4264MHz
3:665  0:004  Slot: 1 Type 26 8192MB 4264MHz Vendor=Corsair PartNo=CMK16GX4M2K4266C19 SerialNo=00000000
3:670  0:005  === [ GetAcpiTablesList ] =======================
3:674  0:004  Get Acpi Tables List from RSDT: count=24
3:682  0:008   - [00]: FACP  A M I  len=132
3:686  0:003   - [01]: APIC  A M I  len=188
3:690  0:003   - [02]: FPDT  A M I  len=68
3:694  0:004   - [03]: FIDT  A M I len=156
3:698  0:003   - [04]: MCFG  A M I  len=60
3:702  0:004   - [05]: WSMT  A M I  len=40
3:706  0:004   - [06]: SSDT  SataTabl len=888
3:710  0:004   - [07]: SSDT  CpuSsdt len=6101
3:714  0:003   - [08]: SSDT  SaSsdt  len=12443
3:718  0:004   - [09]: SSDT  PegSsdt len=9048
3:723  0:004   - [10]: HPET  A M I  len=56
3:727  0:004   - [11]: SSDT  Ther_Rvp len=3998
3:730  0:003   - [12]: SSDT  xh_cfsd4 len=10579
3:735  0:004   - [13]: UEFI  A M I  len=72
3:740  0:005   - [14]: LPIT  A M I  len=92
3:744  0:003   - [15]: SSDT  PtidDevc len=10206
3:749  0:004   - [16]: SSDT  TbtTypeC len=4094
3:753  0:003   - [17]: DBGP  A M I  len=52
3:757  0:004   - [18]: DBG2  A M I  len=84
3:761  0:004   - [19]: SSDT  UsbCTabl len=6449
3:765  0:004   - [20]: SSDT  ADebTabl len=324
3:770  0:004   - [21]: VFCT  A M I  len=59524
3:774  0:003   - [22]: BGRT  A M I  len=56
3:778  0:004   - [23]: WPBT  A M I len=60
3:782  0:004   - [00]: Drop table : MATS,                0 :  no
3:791  0:008   - [01]: Drop table : DMAR,                0 :  no
3:799  0:008  Custom boot CUSTOM_BOOT_DISABLED (0x0)
3:803  0:004  Default theme: embedded
3:807  0:004  Set FakeCPUID: 0x0
3:812  0:004  === [ Found DSDT tables ] =======================
3:818  0:006  === [ InitKextList ] ============================
3:823  0:005  Added Kext=Other\USBMapDummy.kext (1.0)
3:828  0:004  Added Kext=Other\RadeonMonitor.kext (1.3.5)
3:832  0:004  Added Kext=Other\FakeSMC.kext (3.5.6)
3:837  0:004  Added Kext=Other\IntelCPUMonitor.kext (1.2.6)
3:843  0:005  === [ ScanVolumes ] =============================
3:847  0:004  Found 12 volumes with blockIO
3:851  0:003  - [00]: Volume: PciRoot(0x0)\Pci(0x17,0x0)\Sata(0x0,0xFFFF,0x0)
3:860  0:008  - [01]: Volume: PciRoot(0x0)\Pci(0x17,0x0)\Sata(0x0,0xFFFF,0x0)\HD(1,GPT,38DCC513-D608-408E-9D2F-1469C8B906A0,0x28,0x64000)
3:872  0:012          Result of bootcode detection: bootable unknown (legacy)
3:891  0:018            label : EFI
3:895  0:004  - [02]: Volume: PciRoot(0x0)\Pci(0x17,0x0)\Sata(0x0,0xFFFF,0x0)\HD(2,GPT,C20AA839-E88E-4CED-8CAB-9480B290394C,0x64028,0x15D466360)
3:920  0:025            label : Dati
3:925  0:004  - [03]: Volume: PciRoot(0x0)\Pci(0x1D,0x0)\Pci(0x0,0x0)\NVMe(0x1,CA-8F-B2-81-58-38-25-00)
3:933  0:007  - [04]: Volume: PciRoot(0x0)\Pci(0x1D,0x0)\Pci(0x0,0x0)\NVMe(0x1,CA-8F-B2-81-58-38-25-00)\HD(1,GPT,6E40A227-DDED-4325-B7CE-3959620EB39E,0x28,0x64000)
3:941  0:008          Result of bootcode detection: bootable unknown (legacy)
3:946  0:004            label : EFI
3:950  0:004          This is SelfVolume !!
3:954  0:003  - [05]: Volume: PciRoot(0x0)\Pci(0x1D,0x0)\Pci(0x0,0x0)\NVMe(0x1,CA-8F-B2-81-58-38-25-00)\HD(2,GPT,9508A8C6-F9B9-4EDD-ABC7-C1C4A019C410,0x64028,0x3A321FE0)
3:962  0:008          Result of bootcode detection: bootable unknown (legacy)
3:966  0:003  - [06]: Volume: PciRoot(0x0)\Pci(0x1D,0x0)\Pci(0x0,0x0)\NVMe(0x1,CA-8F-B2-81-58-38-25-00)\HD(2,GPT,9508A8C6-F9B9-4EDD-ABC7-C1C4A019C410,0x64028,0x3A321FE0)\VenMedia(BE74FCF7-0B7C-49F3-9147-01F4042E6842,F2738F7DD5B89341BB89C99D72294438)
3:974  0:007            apfsFileSystemUUID=7D8F73F2-B8D5-4193-BB89-C99D72294438, ApfsContainerUUID=85F3C012-2D6D-4FA1-A77E-71D7470E7FA2, ApfsRole=0x10
3:978  0:004            label : Preboot
3:985  0:007  - [07]: Volume: PciRoot(0x0)\Pci(0x1D,0x0)\Pci(0x0,0x0)\NVMe(0x1,CA-8F-B2-81-58-38-25-00)\HD(2,GPT,9508A8C6-F9B9-4EDD-ABC7-C1C4A019C410,0x64028,0x3A321FE0)\VenMedia(BE74FCF7-0B7C-49F3-9147-01F4042E6842,5D6490A424B7BC4F9AC8F7A23B1C4935)
3:996  0:010            apfsFileSystemUUID=A490645D-B724-4FBC-9AC8-F7A23B1C4935, ApfsContainerUUID=85F3C012-2D6D-4FA1-A77E-71D7470E7FA2, ApfsRole=0x40
4:011  0:015            label : Macintosh HD - Dati
4:016  0:004  - [08]: Volume: PciRoot(0x0)\Pci(0x1D,0x0)\Pci(0x0,0x0)\NVMe(0x1,CA-8F-B2-81-58-38-25-00)\HD(2,GPT,9508A8C6-F9B9-4EDD-ABC7-C1C4A019C410,0x64028,0x3A321FE0)\VenMedia(BE74FCF7-0B7C-49F3-9147-01F4042E6842,B6D67091A529BA4BA6736F0E24A99093)
4:027  0:011            apfsFileSystemUUID=9170D6B6-29A5-4BBA-A673-6F0E24A99093, ApfsContainerUUID=85F3C012-2D6D-4FA1-A77E-71D7470E7FA2, ApfsRole=0x4
4:033  0:006            label : Recovery
4:037  0:004  - [09]: Volume: PciRoot(0x0)\Pci(0x1D,0x0)\Pci(0x0,0x0)\NVMe(0x1,CA-8F-B2-81-58-38-25-00)\HD(2,GPT,9508A8C6-F9B9-4EDD-ABC7-C1C4A019C410,0x64028,0x3A321FE0)\VenMedia(BE74FCF7-0B7C-49F3-9147-01F4042E6842,C30BF988C32C724BB297A45648EE79C3)
4:046  0:008            apfsFileSystemUUID=88F90BC3-2CC3-4B72-B297-A45648EE79C3, ApfsContainerUUID=85F3C012-2D6D-4FA1-A77E-71D7470E7FA2, ApfsRole=0x1
4:052  0:006            label : Macintosh HD
4:056  0:004  - [10]: Volume: PciRoot(0x0)\Pci(0x1D,0x0)\Pci(0x0,0x0)\NVMe(0x1,CA-8F-B2-81-58-38-25-00)\HD(2,GPT,9508A8C6-F9B9-4EDD-ABC7-C1C4A019C410,0x64028,0x3A321FE0)\VenMedia(BE74FCF7-0B7C-49F3-9147-01F4042E6842,982FC8B0B1F22A41B736D33F4320CF33)
4:067  0:010            apfsFileSystemUUID=B0C82F98-F2B1-412A-B736-D33F4320CF33, ApfsContainerUUID=85F3C012-2D6D-4FA1-A77E-71D7470E7FA2, ApfsRole=0xc0
4:074  0:006            label : Update
4:080  0:006  - [11]: Volume: PciRoot(0x0)\Pci(0x1D,0x0)\Pci(0x0,0x0)\NVMe(0x1,CA-8F-B2-81-58-38-25-00)\HD(2,GPT,9508A8C6-F9B9-4EDD-ABC7-C1C4A019C410,0x64028,0x3A321FE0)\VenMedia(BE74FCF7-0B7C-49F3-9147-01F4042E6842,D0BFA628AA2C7548AE15EA6E25144D32)
4:088  0:008            apfsFileSystemUUID=28A6BFD0-2CAA-4875-AE15-EA6E25144D32, ApfsContainerUUID=85F3C012-2D6D-4FA1-A77E-71D7470E7FA2, ApfsRole=0x8
4:092  0:003            label : VM
4:096  0:004  No AudioIoProtocols, status=Not Found
4:101  0:004  === [ InitXTheme ] ==============================
4:105  0:004  use Daylight theme
4:109  0:003   using embedded theme
4:122  0:013  Using embedded font
4:126  0:004  theme inited
4:130  0:004  Chosen embedded theme
4:134  0:004  after NVRAM boot-args=dart=0 -v agdpmod=pikera
4:139  0:004  Scanning legacy ...
4:143  0:003  === [ Dump SMC keys from NVRAM ] ================
4:146  0:003  found AppleSMC protocol
4:159  0:012     fakesmc-key-RVBF-ch8*:02 46 0F 00 00 12 
4:193  0:034     fakesmc-key-#KEY-ui32:00 00 00 11 
4:219  0:026     fakesmc-key-$Adr-ui32:00 00 03 00 
4:245  0:026     fakesmc-key-$Num-ui8:01 
4:259  0:013     fakesmc-key-RMde-char:41 
4:272  0:013     fakesmc-key-RBr -ch8*:6A 31 33 38 5F 39 00 00 
4:314  0:042     fakesmc-key-EPCI-ui32:09 D0 F0 00 
4:341  0:026     fakesmc-key-REV -ch8*:02 46 0F 00 00 12 
4:375  0:034     fakesmc-key-RPlt-ch8*:6A 31 33 38 00 00 00 00 
4:417  0:041     fakesmc-key-BEMB-flag:00 
4:431  0:014     fakesmc-key-BATP-flag:00 
4:445  0:013     fakesmc-key-BNum-ui8:00 
4:459  0:014     fakesmc-key-MSTc-ui8:00 
4:473  0:013     fakesmc-key-MSAc-ui16:00 00 
4:490  0:017     fakesmc-key-MSWr-ui8:00 
4:504  0:013     fakesmc-key-MSFW-ui8:01 00 
4:522  0:018     fakesmc-key-MSPS-ui16:00 03 
4:546  0:024  Registered 17 SMC keys
4:554  0:008  === [ ScanLoader ] ==============================
4:559  0:004  - [01]: 'EFI'
4:586  0:027  - [02]: 'Dati'
4:628  0:042  - [04]: 'EFI'
4:641  0:012        AddLoaderEntry for Volume Name=EFI, idx=0
4:645  0:004        OSVersion= 
4:649  0:004        IconName=unknown comma=-1 size=7
4:653  0:004        Full=unknown
4:657  0:003        Loader entry created for 'PciRoot(0x0)\Pci(0x1D,0x0)\Pci(0x0,0x0)\NVMe(0x1,CA-8F-B2-81-58-38-25-00)\HD(1,GPT,6E40A227-DDED-4325-B7CE-3959620EB39E,0x28,0x64000)\EFI\BOOT\BOOTX64.efi'
4:661  0:004       hiding entry: \EFI\BOOT\BOOTX64.efi
4:665  0:004        Menu entry added at index 0
4:669  0:003       hiding entry because DiskKind is DISK_KIND_INTERNAL: \EFI\BOOT\BOOTX64.efi
4:673  0:004  - [06]: 'Preboot'
4:681  0:008      ApfsContainerUUID=85F3C012-2D6D-4FA1-A77E-71D7470E7FA2
4:685  0:004      ApfsFileSystemUUID=7D8F73F2-B8D5-4193-BB89-C99D72294438
4:690  0:004      APFSTargetUUID=A490645D-B724-4FBC-9AC8-F7A23B1C4935
4:694  0:004        contentDetails name:Macintosh HD
4:698  0:004        AddLoaderEntry for Volume Name=Preboot, idx=1
4:703  0:004        OSVersion=14.4 
4:707  0:003        Check if volume Is Hibernated:
4:710  0:003        Check sleep image 'by signature':
4:715  0:004        using default sleep image name = \private\var\vm\sleepimage
4:719  0:004        cannot open sleepimage -> Not Found
4:723  0:004        hibernated: no - sign
4:727  0:003        IconName=sonoma,mac comma=6 size=10
4:730  0:003        first=os_sonoma
4:735  0:004        Second=os_mac
4:740  0:005        IconName=unknown comma=-1 size=7
4:744  0:003        Full=unknown
4:748  0:003        Loader entry created for 'PciRoot(0x0)\Pci(0x1D,0x0)\Pci(0x0,0x0)\NVMe(0x1,CA-8F-B2-81-58-38-25-00)\HD(2,GPT,9508A8C6-F9B9-4EDD-ABC7-C1C4A019C410,0x64028,0x3A321FE0)\VenMedia(BE74FCF7-0B7C-49F3-9147-01F4042E6842,F2738F7DD5B89341BB89C99D72294438)\A490645D-B724-4FBC-9AC8-F7A23B1C4935\System\Library\CoreServices\boot.efi'
4:752  0:004        Menu entry added at index 1
4:757  0:004  - [07]: 'Macintosh HD - Dati'
4:765  0:007      ApfsContainerUUID=85F3C012-2D6D-4FA1-A77E-71D7470E7FA2
4:768  0:003      ApfsFileSystemUUID=A490645D-B724-4FBC-9AC8-F7A23B1C4935
4:773  0:004  - [08]: 'Recovery'
4:781  0:007      ApfsContainerUUID=85F3C012-2D6D-4FA1-A77E-71D7470E7FA2
4:784  0:003      ApfsFileSystemUUID=9170D6B6-29A5-4BBA-A673-6F0E24A99093
4:789  0:004      APFSTargetUUID=A490645D-B724-4FBC-9AC8-F7A23B1C4935
4:793  0:004        contentDetails name:Macintosh HD
4:798  0:004        AddLoaderEntry for Volume Name=Recovery, idx=2
4:802  0:004        OSVersion=14.4 
4:806  0:004        IconName=sonoma,mac comma=6 size=10
4:810  0:003        first=os_sonoma
4:814  0:003        Second=os_mac
4:818  0:004        IconName=unknown comma=-1 size=7
4:822  0:004        Full=unknown
4:826  0:003        Loader entry created for 'PciRoot(0x0)\Pci(0x1D,0x0)\Pci(0x0,0x0)\NVMe(0x1,CA-8F-B2-81-58-38-25-00)\HD(2,GPT,9508A8C6-F9B9-4EDD-ABC7-C1C4A019C410,0x64028,0x3A321FE0)\VenMedia(BE74FCF7-0B7C-49F3-9147-01F4042E6842,B6D67091A529BA4BA6736F0E24A99093)\A490645D-B724-4FBC-9AC8-F7A23B1C4935\BaseSystem.dmg'
4:831  0:004        Menu entry added at index 2
4:835  0:003  - [09]: 'Macintosh HD'
4:843  0:007      ApfsContainerUUID=85F3C012-2D6D-4FA1-A77E-71D7470E7FA2
4:847  0:004      ApfsFileSystemUUID=88F90BC3-2CC3-4B72-B297-A45648EE79C3
4:855  0:008  - [10]: 'Update'
4:863  0:007      ApfsContainerUUID=85F3C012-2D6D-4FA1-A77E-71D7470E7FA2
4:867  0:003      ApfsFileSystemUUID=B0C82F98-F2B1-412A-B736-D33F4320CF33
4:871  0:004  - [11]: 'VM'
4:879  0:007      ApfsContainerUUID=85F3C012-2D6D-4FA1-A77E-71D7470E7FA2
4:883  0:004      ApfsFileSystemUUID=28A6BFD0-2CAA-4875-AE15-EA6E25144D32
4:887  0:004  Entries list before ordering
4:891  0:004      Entry 0 : Boot UEFI internal from EFI (hidden)
4:895  0:003      Entry 1 : Boot Mac OS from Macintosh HD via Preboot
4:902  0:007      Entry 2 : Boot Mac OS Recovery for Macintosh HD via Recovery
4:909  0:006  Entries list after ordering
4:913  0:004    Entry 0 : Boot UEFI internal from EFI (hidden)
4:916  0:003    Entry 1 : Boot Mac OS from Macintosh HD via Preboot
4:920  0:004    Entry 2 : Boot Mac OS Recovery for Macintosh HD via Recovery
4:924  0:004  === [ AddCustomTool ] ===========================
4:929  0:004  found tool \EFI\CLOVER\tools\Shell64U.efi
4:933  0:004  Checking EFI partition Volume 1 for Clover
4:938  0:005   Found Clover
4:942  0:004  === [ GetEfiBootDeviceFromNvram ] ===============
4:947  0:004   - [!] efi-boot-device-data not found
4:951  0:004  Default boot entry not found
4:955  0:004  BannerPlace at Clear Screen [619,68]
4:973  0:018  GUI ready
13:907  8:934  EDITED: -v agdpmod=pikera
21:836  7:928  chosen SMBIOS of SMBIOS
30:454  8:617  ReinitRefitLib after theme change
30:454  0:000  === [ ScanVolumes ] =============================
30:458  0:003  Found 12 volumes with blockIO
30:462  0:004  - [00]: Volume: PciRoot(0x0)\Pci(0x17,0x0)\Sata(0x0,0xFFFF,0x0)
30:471  0:009  - [01]: Volume: PciRoot(0x0)\Pci(0x17,0x0)\Sata(0x0,0xFFFF,0x0)\HD(1,GPT,38DCC513-D608-408E-9D2F-1469C8B906A0,0x28,0x64000)
30:480  0:008          Result of bootcode detection: bootable unknown (legacy)
30:485  0:005            label : EFI
30:489  0:003  - [02]: Volume: PciRoot(0x0)\Pci(0x17,0x0)\Sata(0x0,0xFFFF,0x0)\HD(2,GPT,C20AA839-E88E-4CED-8CAB-9480B290394C,0x64028,0x15D466360)
30:498  0:008            label : Dati
30:502  0:003  - [03]: Volume: PciRoot(0x0)\Pci(0x1D,0x0)\Pci(0x0,0x0)\NVMe(0x1,CA-8F-B2-81-58-38-25-00)
30:510  0:008  - [04]: Volume: PciRoot(0x0)\Pci(0x1D,0x0)\Pci(0x0,0x0)\NVMe(0x1,CA-8F-B2-81-58-38-25-00)\HD(1,GPT,6E40A227-DDED-4325-B7CE-3959620EB39E,0x28,0x64000)
30:518  0:008          Result of bootcode detection: bootable unknown (legacy)
30:522  0:004            label : EFI
30:526  0:003          This is SelfVolume !!
30:530  0:004  - [05]: Volume: PciRoot(0x0)\Pci(0x1D,0x0)\Pci(0x0,0x0)\NVMe(0x1,CA-8F-B2-81-58-38-25-00)\HD(2,GPT,9508A8C6-F9B9-4EDD-ABC7-C1C4A019C410,0x64028,0x3A321FE0)
30:539  0:008          Result of bootcode detection: bootable unknown (legacy)
30:543  0:003  - [06]: Volume: PciRoot(0x0)\Pci(0x1D,0x0)\Pci(0x0,0x0)\NVMe(0x1,CA-8F-B2-81-58-38-25-00)\HD(2,GPT,9508A8C6-F9B9-4EDD-ABC7-C1C4A019C410,0x64028,0x3A321FE0)\VenMedia(BE74FCF7-0B7C-49F3-9147-01F4042E6842,F2738F7DD5B89341BB89C99D72294438)
30:551  0:008            apfsFileSystemUUID=7D8F73F2-B8D5-4193-BB89-C99D72294438, ApfsContainerUUID=85F3C012-2D6D-4FA1-A77E-71D7470E7FA2, ApfsRole=0x10
30:555  0:003            label : Preboot
30:559  0:004  - [07]: Volume: PciRoot(0x0)\Pci(0x1D,0x0)\Pci(0x0,0x0)\NVMe(0x1,CA-8F-B2-81-58-38-25-00)\HD(2,GPT,9508A8C6-F9B9-4EDD-ABC7-C1C4A019C410,0x64028,0x3A321FE0)\VenMedia(BE74FCF7-0B7C-49F3-9147-01F4042E6842,5D6490A424B7BC4F9AC8F7A23B1C4935)
30:567  0:007            apfsFileSystemUUID=A490645D-B724-4FBC-9AC8-F7A23B1C4935, ApfsContainerUUID=85F3C012-2D6D-4FA1-A77E-71D7470E7FA2, ApfsRole=0x40
30:571  0:004            label : Macintosh HD - Dati
30:575  0:003  - [08]: Volume: PciRoot(0x0)\Pci(0x1D,0x0)\Pci(0x0,0x0)\NVMe(0x1,CA-8F-B2-81-58-38-25-00)\HD(2,GPT,9508A8C6-F9B9-4EDD-ABC7-C1C4A019C410,0x64028,0x3A321FE0)\VenMedia(BE74FCF7-0B7C-49F3-9147-01F4042E6842,B6D67091A529BA4BA6736F0E24A99093)
30:584  0:008            apfsFileSystemUUID=9170D6B6-29A5-4BBA-A673-6F0E24A99093, ApfsContainerUUID=85F3C012-2D6D-4FA1-A77E-71D7470E7FA2, ApfsRole=0x4
30:588  0:004            label : Recovery
30:592  0:004  - [09]: Volume: PciRoot(0x0)\Pci(0x1D,0x0)\Pci(0x0,0x0)\NVMe(0x1,CA-8F-B2-81-58-38-25-00)\HD(2,GPT,9508A8C6-F9B9-4EDD-ABC7-C1C4A019C410,0x64028,0x3A321FE0)\VenMedia(BE74FCF7-0B7C-49F3-9147-01F4042E6842,C30BF988C32C724BB297A45648EE79C3)
30:601  0:008            apfsFileSystemUUID=88F90BC3-2CC3-4B72-B297-A45648EE79C3, ApfsContainerUUID=85F3C012-2D6D-4FA1-A77E-71D7470E7FA2, ApfsRole=0x1
30:605  0:004            label : Macintosh HD
30:609  0:004  - [10]: Volume: PciRoot(0x0)\Pci(0x1D,0x0)\Pci(0x0,0x0)\NVMe(0x1,CA-8F-B2-81-58-38-25-00)\HD(2,GPT,9508A8C6-F9B9-4EDD-ABC7-C1C4A019C410,0x64028,0x3A321FE0)\VenMedia(BE74FCF7-0B7C-49F3-9147-01F4042E6842,982FC8B0B1F22A41B736D33F4320CF33)
30:617  0:008            apfsFileSystemUUID=B0C82F98-F2B1-412A-B736-D33F4320CF33, ApfsContainerUUID=85F3C012-2D6D-4FA1-A77E-71D7470E7FA2, ApfsRole=0xc0
30:621  0:004            label : Update
30:625  0:003  - [11]: Volume: PciRoot(0x0)\Pci(0x1D,0x0)\Pci(0x0,0x0)\NVMe(0x1,CA-8F-B2-81-58-38-25-00)\HD(2,GPT,9508A8C6-F9B9-4EDD-ABC7-C1C4A019C410,0x64028,0x3A321FE0)\VenMedia(BE74FCF7-0B7C-49F3-9147-01F4042E6842,D0BFA628AA2C7548AE15EA6E25144D32)
30:634  0:008            apfsFileSystemUUID=28A6BFD0-2CAA-4875-AE15-EA6E25144D32, ApfsContainerUUID=85F3C012-2D6D-4FA1-A77E-71D7470E7FA2, ApfsRole=0x8
30:638  0:004            label : VM
30:642  0:004  No AudioIoProtocols, status=Not Found
30:646  0:004  theme inited
30:653  0:006  Chosen embedded theme
30:660  0:006  after NVRAM boot-args=-v agdpmod=pikera
30:664  0:004  Scanning legacy ...
30:668  0:004  === [ ScanLoader ] ==============================
30:672  0:004  - [01]: 'EFI'
30:698  0:025  - [02]: 'Dati'
30:706  0:007  - [04]: 'EFI'
30:717  0:010        AddLoaderEntry for Volume Name=EFI, idx=0
30:724  0:006        OSVersion= 
30:730  0:006        IconName=unknown comma=-1 size=7
30:734  0:003        Full=unknown
30:739  0:005        Loader entry created for 'PciRoot(0x0)\Pci(0x1D,0x0)\Pci(0x0,0x0)\NVMe(0x1,CA-8F-B2-81-58-38-25-00)\HD(1,GPT,6E40A227-DDED-4325-B7CE-3959620EB39E,0x28,0x64000)\EFI\BOOT\BOOTX64.efi'
30:743  0:004       hiding entry: \EFI\BOOT\BOOTX64.efi
30:754  0:010        Menu entry added at index 0
30:758  0:004       hiding entry because DiskKind is DISK_KIND_INTERNAL: \EFI\BOOT\BOOTX64.efi
30:762  0:004  - [06]: 'Preboot'
30:770  0:008      ApfsContainerUUID=85F3C012-2D6D-4FA1-A77E-71D7470E7FA2
30:774  0:004      ApfsFileSystemUUID=7D8F73F2-B8D5-4193-BB89-C99D72294438
30:778  0:003      APFSTargetUUID=A490645D-B724-4FBC-9AC8-F7A23B1C4935
30:782  0:004        contentDetails name:Macintosh HD
30:787  0:004        AddLoaderEntry for Volume Name=Preboot, idx=1
30:791  0:004        OSVersion=14.4 
30:795  0:003        Check if volume Is Hibernated:
30:799  0:004        Check sleep image 'by signature':
30:803  0:003        using default sleep image name = \private\var\vm\sleepimage
30:807  0:004        cannot open sleepimage -> Not Found
30:811  0:003        hibernated: no - sign
30:815  0:004        IconName=sonoma,mac comma=6 size=10
30:819  0:004        first=os_sonoma
30:823  0:003        Second=os_mac
30:827  0:004        IconName=unknown comma=-1 size=7
30:832  0:004        Full=unknown
30:836  0:004        Loader entry created for 'PciRoot(0x0)\Pci(0x1D,0x0)\Pci(0x0,0x0)\NVMe(0x1,CA-8F-B2-81-58-38-25-00)\HD(2,GPT,9508A8C6-F9B9-4EDD-ABC7-C1C4A019C410,0x64028,0x3A321FE0)\VenMedia(BE74FCF7-0B7C-49F3-9147-01F4042E6842,F2738F7DD5B89341BB89C99D72294438)\A490645D-B724-4FBC-9AC8-F7A23B1C4935\System\Library\CoreServices\boot.efi'
30:840  0:004        Menu entry added at index 1
30:845  0:004  - [07]: 'Macintosh HD - Dati'
30:853  0:008      ApfsContainerUUID=85F3C012-2D6D-4FA1-A77E-71D7470E7FA2
30:857  0:003      ApfsFileSystemUUID=A490645D-B724-4FBC-9AC8-F7A23B1C4935
30:861  0:003  - [08]: 'Recovery'
30:869  0:007      ApfsContainerUUID=85F3C012-2D6D-4FA1-A77E-71D7470E7FA2
30:873  0:004      ApfsFileSystemUUID=9170D6B6-29A5-4BBA-A673-6F0E24A99093
30:877  0:004      APFSTargetUUID=A490645D-B724-4FBC-9AC8-F7A23B1C4935
30:881  0:004        contentDetails name:Macintosh HD
30:885  0:004        AddLoaderEntry for Volume Name=Recovery, idx=2
30:890  0:004        OSVersion=14.4 
30:894  0:004        IconName=sonoma,mac comma=6 size=10
30:898  0:003        first=os_sonoma
30:902  0:004        Second=os_mac
30:906  0:004        IconName=unknown comma=-1 size=7
30:910  0:004        Full=unknown
30:914  0:004        Loader entry created for 'PciRoot(0x0)\Pci(0x1D,0x0)\Pci(0x0,0x0)\NVMe(0x1,CA-8F-B2-81-58-38-25-00)\HD(2,GPT,9508A8C6-F9B9-4EDD-ABC7-C1C4A019C410,0x64028,0x3A321FE0)\VenMedia(BE74FCF7-0B7C-49F3-9147-01F4042E6842,B6D67091A529BA4BA6736F0E24A99093)\A490645D-B724-4FBC-9AC8-F7A23B1C4935\BaseSystem.dmg'
30:919  0:005        Menu entry added at index 2
30:924  0:004  - [09]: 'Macintosh HD'
30:931  0:007      ApfsContainerUUID=85F3C012-2D6D-4FA1-A77E-71D7470E7FA2
30:935  0:004      ApfsFileSystemUUID=88F90BC3-2CC3-4B72-B297-A45648EE79C3
30:940  0:004  - [10]: 'Update'
30:948  0:008      ApfsContainerUUID=85F3C012-2D6D-4FA1-A77E-71D7470E7FA2
30:952  0:003      ApfsFileSystemUUID=B0C82F98-F2B1-412A-B736-D33F4320CF33
30:956  0:003  - [11]: 'VM'
30:964  0:008      ApfsContainerUUID=85F3C012-2D6D-4FA1-A77E-71D7470E7FA2
30:968  0:003      ApfsFileSystemUUID=28A6BFD0-2CAA-4875-AE15-EA6E25144D32
30:972  0:003  Entries list before ordering
30:976  0:004      Entry 0 : Boot UEFI internal from EFI (hidden)
30:980  0:003      Entry 1 : Boot Mac OS from Macintosh HD via Preboot
30:984  0:003      Entry 2 : Boot Mac OS Recovery for Macintosh HD via Recovery
30:988  0:004  Entries list after ordering
30:992  0:003    Entry 0 : Boot UEFI internal from EFI (hidden)
30:996  0:004    Entry 1 : Boot Mac OS from Macintosh HD via Preboot
31:000  0:004    Entry 2 : Boot Mac OS Recovery for Macintosh HD via Recovery
31:004  0:003  === [ AddCustomTool ] ===========================
31:008  0:004  found tool \EFI\CLOVER\tools\Shell64U.efi
31:012  0:003  Checking EFI partition Volume 1 for Clover
31:017  0:005   Found Clover
31:022  0:004  === [ GetEfiBootDeviceFromNvram ] ===============
31:026  0:004   - [!] efi-boot-device-data not found
31:030  0:004  Default boot entry not found
31:689  0:658  Boot option 0 has other volume name Macintosh HDboot.efi
31:693  0:004  === [ StartLoader ] =============================
31:696  0:003  Starting PciRoot(0x0)\Pci(0x1D,0x0)\Pci(0x0,0x0)\NVMe(0x1,CA-8F-B2-81-58-38-25-00)\HD(2,GPT,9508A8C6-F9B9-4EDD-ABC7-C1C4A019C410,0x64028,0x3A321FE0)\VenMedia(BE74FCF7-0B7C-49F3-9147-01F4042E6842,F2738F7DD5B89341BB89C99D72294438)\A490645D-B724-4FBC-9AC8-F7A23B1C4935\System\Library\CoreServices\boot.efi
31:701  0:004  Finally: ExternalClock=26MHz BusSpeed=100014kHz CPUFreq=3600MHz PIS: hw.busfrequency=104000000Hz
31:709  0:008  Beginning OC
31:713  0:004  OCST: Missing vault data, ignoring...
31:717  0:004  AddKextsInArray from Other
31:721  0:003  ->Extra kext: Other\USBMapDummy.kext (v.1.0)
31:725  0:003  ->Extra kext: Other\RadeonMonitor.kext (v.1.3.5)
31:729  0:004  ->Extra kext: Other\FakeSMC.kext (v.3.5.6)
31:733  0:004  ->Extra kext: Other\IntelCPUMonitor.kext (v.1.2.6)
31:739  0:005  AddKextsInArray from Off
31:743  0:004  AddKextsInArray from 14
31:747  0:003  AddKextsInArray from 14_normal
31:751  0:003  AddKextsInArray from 14.4
31:755  0:004  AddKextsInArray from 14.4_normal
31:759  0:004  AddKextsInArray from 14.4.0
31:763  0:004  AddKextsInArray from 14.4.0_normal
31:767  0:003  Bridge kext to OC : Path=Other\FakeSMC.kext
31:772  0:005  Bridge kext to OC : Path=Other\USBMapDummy.kext
31:777  0:004  Bridge kext to OC : Path=Other\RadeonMonitor.kext
31:782  0:004  Bridge kext to OC : Path=Other\IntelCPUMonitor.kext
31:788  0:006  Start 'OpenRuntime.efi' : Status Success
31:795  0:006  OC: config config.plist
31:802  0:007  OC: Got 0 drivers
31:809  0:006  OC: OpenCore DBG-102-2024-09-12 is loading in Optional mode (0/0)...
31:813  0:003  OC: StorageHandle 0 with  LauncherOption pointing to 
31:818  0:004  OcOSInfoInstallProtocol
31:822  0:003  OCRTC: OcAppleRtcRamInstallProtocol
31:826  0:004  OCRTC: Wake log is 0x00 0x00   0 0x00
31:830  0:004  OcAppleFbInfoInstallProtocol
31:834  0:003  OcAppleEg2InfoInstallProtocol
31:838  0:004  OC: Loading Apple Secure Boot with Disabled (level 0)
31:842  0:004  OCABC: ALRBL 0 RTDFRG 1 DEVMMIO 0 NOSU 0 NOVRWR 0 NOSB 0 FBSIG 0 NOHBMAP 0 SMSLIDE 1 WRUNPROT 1
31:847  0:004  OCABC: FEXITBS 0 PRMRG 0 CSLIDE 0 MSLIDE 0 PRSRV 0 RBMAP 0 VMAP 1 APPLOS 0 RTPERMS 1 ARBAR -1 RBIO 0
31:851  0:003  OCABC: Got rendezvous with OpenRuntime r12
31:855  0:004  OCABC: MAT support is 1
31:858  0:003  OC: RequestBootVarRouting 0
31:864  0:005  OCDM: Found 0x20046/0x2003C UEFI version (376 bytes, 0 rebuilding to 376) gST 7AB3C018 gBS 6D89B3A0 gBS->CreateEventEx 6D889904 &gBS 6D5732C0
31:868  0:004  OC: Setting GPU BARs to 0
31:872  0:004  OCDM: RBAR using PciIo
31:876  0:004  OCDM: Setting RBAR to 0 inc 1 on 3/18
31:880  0:004  OCDM: Capability I/O error - Unsupported
31:884  0:003  OCDM: RBAR is unsupported by device - Device Error
31:888  0:003  OCDM: Setting RBAR to 0 inc 1 on 5/18
31:892  0:004  OCDM: Capability I/O error - Unsupported
31:896  0:004  OCDM: RBAR is unsupported by device - Device Error
31:901  0:004  OC: Got 0 drivers
31:905  0:004  OCC: Installing GOP (Unsupported) on ConsoleOutHandle...
31:909  0:004  OC: Requested resolution is 1920x1080@0 (max: 0, force: 0) from 1920x1080
31:914  0:004  OCC: Using builtin text renderer with 1 scale
31:918  0:004  OCC: Install console control (6D55E3D0/6D882C88/0), current - Success
31:922  0:004  OCC: Setup ASCII Output - Success
31:926  0:004  OC: Requested console mode is 0x0 (max: 0) from 
31:930  0:004  OC: Invalid HibernateMode: 
31:934  0:003  OC: Translated HibernateMode  to 0
31:938  0:004  OC: Hibernation activation - Invalid Parameter, hibernation wake - no
31:948  0:010  OC: Saving 10973 byte panic log panic-2024-11-25-143525.txt - Success
31:952  0:004  OCABC: IsEfiBootRt 0 (BP 1, Apple 0)
31:958  0:005  OCB: Arch filtering 72DEB018(723512)->72DEB018(723512) caps 0 - Success
31:962  0:004  ImageHandle = 7307f398
31:970  0:007  GetOSVersion: 14.4 (s)
31:978  0:008  Will not patch boot.efi
31:982  0:003  Set FakeCPUID: 0x0
31:986  0:003  === [ PatchSmbios ] =============================
31:989  0:003  UpdateSmbiosString : BiosVersion=EfiVersion=1968.100.16.0.1
31:993  0:003  UpdateSmbiosString : ReleaseDate=08/06/2023
31:997  0:003  void PatchTableType1(const SmbiosInjectedSettings&) : UpdateSmbiosString ProductName=iMac19,1
32:000  0:003  void PatchTableType2(const SmbiosInjectedSettings&) : UpdateSmbiosString ProductName=BoardNumber=Mac-AA95B1DDAB278B95
32:005  0:004  void PatchTableType2(const SmbiosInjectedSettings&) : UpdateSmbiosString Version=BoardVersion=iMac19,1
32:008  0:003  insert table 9 for dev 0:0
32:012  0:003  insert table 9 for dev 0:1
32:016  0:003  insert table 9 for dev 1F:6
32:020  0:003  Table 11 present, but rewritten for us
32:024  0:004  Do not inject memory table
32:028  0:003  Trusting SMBIOS...
32:032  0:003  Channels: 1
32:035  0:003  Interleave: 0 1 2 3
32:058  0:022  trusted SMBIOS data, table index 0:
32:062  0:003    gRAM.SMBIOS[0]->ModuleSize = 8192
32:066  0:003    gRAM.SMBIOS[0]->Type = 0
32:070  0:003    gRAM.SMBIOS[0]->Frequency = 3200
32:074  0:003    gRAM.SMBIOS[0]->Vendor = Corsair
32:077  0:003    gRAM.SMBIOS[0]->PartNo = CMK16GX4M2K4266C19
32:081  0:003    gRAM.SMBIOS[0]->SerialNo = 00000000
32:085  0:003  SPD data in use:
32:089  0:003    gRAM.SPD[0]->ModuleSize = 8192
32:092  0:003    gRAM.SPD[0]->Type = 26
32:096  0:003    gRAM.SPD[0]->Frequency = 4264
32:100  0:003    gRAM.SPD[0]->Vendor = Corsair
32:104  0:003    gRAM.SPD[0]->SerialNo = 00000000
32:107  0:003    gRAM.SPD[0]->PartNo = CMK16GX4M2K4266C19
32:111  0:003    SMBIOS Type 17 Index = 0 => SMBIOSIndex=0 SPDIndex=0:
32:115  0:003  BANK 0 DIMM0 4264MHz 8192MB(Ext:0MB)
32:118  0:003  trusted SMBIOS data, table index 1:
32:122  0:003    gRAM.SMBIOS[1]->ModuleSize = 8192
32:126  0:003    gRAM.SMBIOS[1]->Type = 0
32:129  0:003    gRAM.SMBIOS[1]->Frequency = 3200
32:133  0:003    gRAM.SMBIOS[1]->Vendor = Corsair
32:137  0:003    gRAM.SMBIOS[1]->PartNo = CMK16GX4M2K4266C19
32:141  0:003    gRAM.SMBIOS[1]->SerialNo = 00000000
32:144  0:003  SPD data in use:
32:148  0:003    gRAM.SPD[1]->ModuleSize = 8192
32:152  0:003    gRAM.SPD[1]->Type = 26
32:155  0:003    gRAM.SPD[1]->Frequency = 4264
32:159  0:003    gRAM.SPD[1]->Vendor = Corsair
32:163  0:003    gRAM.SPD[1]->SerialNo = 00000000
32:167  0:003    gRAM.SPD[1]->PartNo = CMK16GX4M2K4266C19
32:170  0:003    SMBIOS Type 17 Index = 1 => SMBIOSIndex=1 SPDIndex=1:
32:174  0:003  BANK 0 DIMM1 4264MHz 8192MB(Ext:0MB)
32:178  0:003  !trusted SMBIOS data, Table index 2:!gRAM.SMBIOS.doesSlotForIndexExist(SMBIOSIndex) 
32:189  0:010    SMBIOS Type 17 Index = 2 => SMBIOSIndex=2 SPDIndex=2:
32:192  0:003  BANK 0 DIMM2 EMPTY
32:196  0:003  !trusted SMBIOS data, Table index 3:!gRAM.SMBIOS.doesSlotForIndexExist(SMBIOSIndex) 
32:207  0:011    SMBIOS Type 17 Index = 3 => SMBIOSIndex=3 SPDIndex=3:
32:211  0:003  BANK 0 DIMM3 EMPTY
32:214  0:003  mTotalSystemMemory = 16384
32:218  0:003  NumberOfMemoryDevices = 4
32:222  0:003  Type20[0]->End = 0x7FFFFF, Type17[0] = 2000
32:226  0:003  Type20[1]->End = 0xFFFFFF, Type17[1] = 6000
32:229  0:003  Table 131 is present, CPUType=35
32:233  0:003  Change to: 1005
32:237  0:003  === [ PatchACPI ] ===============================
32:240  0:003  OCABC: AllocPages 1 0x7A345000 (1) - Success
32:244  0:003  Xsdt reallocation done
32:248  0:003  OCABC: AllocPages 1 0x7A344000 (1) - Success
32:251  0:003  old FADT length=114
32:255  0:003   SignatureFixup: 0xD66BCDE8 -> 0x0
32:259  0:004  Found OperationRegion(GNVS, SystemMemory, 7A376000, ...)
32:263  0:003  Found OperationRegion(RAMW, SystemMemory, 7A37A018, ...)
32:267  0:004  Found OperationRegion(RAMX, SystemMemory, 7A2E2018, ...)
32:271  0:003  Found OperationRegion(PNVA, SystemMemory, 7A3D2B98, ...)
32:274  0:003  Found OperationRegion(THBA, SystemMemory, FE200000, ...)
32:279  0:004  Found OperationRegion(BNVS, SystemMemory, 7A38B000, ...)
32:282  0:003  Found OperationRegion(SMBD, SystemMemory, E00FC004, ...)
32:286  0:004  Found OperationRegion(TMMB, SystemMemory, FED40000, ...)
32:290  0:003  Found OperationRegion(CRBD, SystemMemory, FED40000, ...)
32:294  0:003  Found OperationRegion(TPMR, SystemMemory, FFFFFFFF, ...)
32:298  0:003  Found OperationRegion(ATNV, SystemMemory, FFFF0000, ...)
32:301  0:003  Found OperationRegion(WPBR, SystemMemory, 7A364000, ...)
32:305  0:003  OCABC: AllocPages 1 0x7A2F5000 (79) - Success
32:309  0:003  Apply DsdtFixMask=0x10400044
32:313  0:003  === [ FixBiosDsdt ] =============================
32:317  0:003  Patching DSDT:
32:320  0:003   - [change EC0 to EC]: pattern 4543305F, patched at: [ (F96F) ]
32:339  0:018   - [change HECI to IMEI]: pattern 48454349, patched at: [ (18CAE) ]
32:358  0:019  found PIC had IRQNoFlag will move -3 bytes
32:365  0:006   deleting device CRT_
32:376  0:010   deleting device DVI_
32:383  0:007   deleting device SPKR
32:391  0:007   deleting device ECP_
32:399  0:007   deleting device LPT_
32:407  0:008   deleting device FDC0
32:415  0:007   deleting device ECP1
32:423  0:007   deleting device LPT1
32:430  0:007   deleting device FDC_
32:438  0:007    indirect name=RAMB
32:442  0:003    indirect name=RAMA
32:446  0:003    indirect name=PNVB
32:449  0:003  OperationRegion (THBA...) corrected from 0x0 to addr=0xFE200000
32:453  0:003    indirect name=TPMM
32:457  0:003    indirect name=FTPM
32:461  0:003    indirect name=PPIM
32:467  0:006  PreCleanup XSDT: count=24, length=228
32:473  0:006  PreCleanup XSDT, corrected XSDT: count=24, length=228
32:477  0:003  === [ ACPIPatchedAML ] ==========================
32:481  0:003  AutoMerge pass 1
32:484  0:003  Unsorted
32:488  0:003  Inserting SSDT-EC.aml from \EFI\CLOVER\ACPI\patched: ignore on pass 1
32:495  0:007  Inserting SSDT-PLUG-_SB.PR00.aml from \EFI\CLOVER\ACPI\patched: ignore on pass 1
32:502  0:007  Inserting SSDT-PM.aml from \EFI\CLOVER\ACPI\patched: ignore on pass 1
32:510  0:007  Inserting SSDT-PMC.aml from \EFI\CLOVER\ACPI\patched: ignore on pass 1
32:520  0:010  === [ ACPIDropTables ] ==========================
32:524  0:003  OCABC: AllocPages 1 0x7A2F3000 (2) - Success
32:527  0:003  OCABC: AllocPages 1 0x7A2F3000 (2) - Success
32:531  0:003  OCABC: AllocPages 1 0x7A2F3000 (2) - Success
32:535  0:003  OCABC: AllocPages 1 0x7A2F3000 (2) - Success
32:538  0:003  OCABC: AllocPages 1 0x7A2F3000 (2) - Success
32:542  0:003  OCABC: AllocPages 1 0x7A2F3000 (2) - Success
32:546  0:003  Patching SSDTs: 2 patches each
32:550  0:004   pattern 4543305F, bin not found / already patched!
32:557  0:007   pattern 48454349, bin not found / already patched!
32:564  0:007  OCABC: AllocPages 1 0x7A2F0000 (3) - Success
32:568  0:003  Patching SSDTs: 2 patches each
32:572  0:003   pattern 4543305F, bin not found / already patched!
32:579  0:007   pattern 48454349, bin not found / already patched!
32:587  0:007  Found OperationRegion(PNVS, SystemMemory, 7ADF3000, ...)
32:590  0:003  OCABC: AllocPages 1 0x7A2EB000 (5) - Success
32:594  0:003  Patching SSDTs: 2 patches each
32:598  0:003   pattern 4543305F, bin not found / already patched!
32:605  0:007   pattern 48454349, bin not found / already patched!
32:613  0:007  Found OperationRegion(SANV, SystemMemory, 7A3D2118, ...)
32:616  0:003  OCABC: AllocPages 1 0x7A2E7000 (4) - Success
32:620  0:003  Patching SSDTs: 2 patches each
32:624  0:003   pattern 4543305F, bin not found / already patched!
32:631  0:007   pattern 48454349, bin not found / already patched!
32:639  0:007  OCABC: AllocPages 1 0x7A2E5000 (2) - Success
32:642  0:003  OCABC: AllocPages 1 0x7A2E5000 (2) - Success
32:646  0:003  Patching SSDTs: 2 patches each
32:650  0:003   pattern 4543305F, bin not found / already patched!
32:657  0:007   pattern 48454349, bin not found / already patched!
32:664  0:007  OCABC: AllocPages 1 0x7A166000 (4) - Success
32:668  0:003  Patching SSDTs: 2 patches each
32:672  0:003   pattern 4543305F, bin not found / already patched!
32:679  0:007   pattern 48454349, bin not found / already patched!
32:687  0:007  OCABC: AllocPages 1 0x7A2E3000 (2) - Success
32:690  0:003  OCABC: AllocPages 1 0x7A2E3000 (2) - Success
32:694  0:003  OCABC: AllocPages 1 0x7A162000 (4) - Success
32:698  0:003  Patching SSDTs: 2 patches each
32:702  0:003   pattern 4543305F, bin not found / already patched!
32:709  0:007   pattern 48454349, bin not found / already patched!
32:716  0:007  OCABC: AllocPages 1 0x7A2E3000 (2) - Success
32:720  0:003  Patching SSDTs: 2 patches each
32:724  0:003   pattern 4543305F, bin not found / already patched!
32:732  0:007   pattern 48454349, bin not found / already patched!
32:741  0:008  OCABC: AllocPages 1 0x7A160000 (2) - Success
32:744  0:003  OCABC: AllocPages 1 0x7A160000 (2) - Success
32:748  0:003  OCABC: AllocPages 1 0x7A15F000 (3) - Success
32:752  0:003  Patching SSDTs: 2 patches each
32:756  0:003   pattern 4543305F, bin not found / already patched!
32:763  0:007   pattern 48454349, bin not found / already patched!
32:770  0:007  OCABC: AllocPages 1 0x7A15D000 (2) - Success
32:774  0:003  Patching SSDTs: 2 patches each
32:778  0:003   pattern 4543305F, bin not found / already patched!
32:785  0:007   pattern 48454349, bin not found / already patched!
32:793  0:007  Found OperationRegion(ADHD, SystemMemory, 78CD0000, ...)
32:796  0:003  Found OperationRegion(ABLK, SystemMemory, 78CD0020, ...)
32:800  0:003  OCABC: AllocPages 1 0x7A14D000 (16) - Success
32:804  0:003  OCABC: AllocPages 1 0x7A15B000 (2) - Success
32:808  0:003  OCABC: AllocPages 1 0x7A15B000 (2) - Success
32:811  0:003  === [ ACPIPatchedAML ] ==========================
32:815  0:003  AutoMerge pass 2
32:819  0:003  Unsorted
32:822  0:003  Inserting SSDT-EC.aml from \EFI\CLOVER\ACPI\patched: size=91 OCABC: AllocPages 1 0x7A15C000 (1) - Success
... Success
32:838  0:015  Inserting SSDT-PLUG-_SB.PR00.aml from \EFI\CLOVER\ACPI\patched: size=166 OCABC: AllocPages 1 0x7A15B000 (1) - Success
... Success
32:853  0:015  Inserting SSDT-PM.aml from \EFI\CLOVER\ACPI\patched: size=198 OCABC: AllocPages 1 0x7A15A000 (1) - Success
... Success
32:869  0:015  Inserting SSDT-PMC.aml from \EFI\CLOVER\ACPI\patched: size=143 OCABC: AllocPages 1 0x7A159000 (1) - Success
... Success
32:884  0:014  ApicCPUNum=1
32:887  0:003  Maximum control=0x24
32:891  0:003  Turbo control=0x31
32:895  0:003  P-States: min 0x8, max 0x31
32:899  0:003  SSDT with plugin-type without P-States is generated
32:902  0:003  OCABC: AllocPages 1 0x7A158000 (1) - Success
32:906  0:003  Cleanup XSDT: count=29, length=268
32:910  0:003  corrected XSDT count=29, length=268
32:914  0:003  === [ RestSetup macOS ] =========================
32:917  0:003  ATI injection not set
32:921  0:003  Intel UHD Graphics 630 [8086:3E98] :: PciRoot(0x0)\Pci(0x2,0x0)
32:925  0:003    Intel: no default properties
32:928  0:003  Intel GFX revision  = 0x0
32:932  0:003   RCBA disabled; cannot use it
32:936  0:003   setting specified layout-id=1 (0x1)
32:940  0:003  stringlength = 458
32:943  0:003  OCABC: AllocPages 1 0x7A157000 (1) - Success
32:947  0:003  CurrentMode: Width=1366 Height=768
32:951  0:003  SetNvramVariable (system-id, 4D1EDE05-38C7-4A6A-9CC6-4BCCA8B38C14, 0x2, 16): -> writing new (Success)
32:959  0:008  SetNvramVariable (MLB, 4D1EDE05-38C7-4A6A-9CC6-4BCCA8B38C14, 0x6, 17): -> writing new (Success)
32:967  0:008  SetNvramVariable (ROM, 4D1EDE05-38C7-4A6A-9CC6-4BCCA8B38C14, 0x6, 6): -> writing new (Success)
32:976  0:008  SetNvramVariable (FirmwareFeatures, 4D1EDE05-38C7-4A6A-9CC6-4BCCA8B38C14, 0x6, 4): -> writing new (Success)
32:984  0:008  SetNvramVariable (FirmwareFeaturesMask, 4D1EDE05-38C7-4A6A-9CC6-4BCCA8B38C14, 0x6, 4): -> writing new (Success)
32:992  0:007  SetNvramVariable (ExtendedFirmwareFeatures, 4D1EDE05-38C7-4A6A-9CC6-4BCCA8B38C14, 0x6, 8): -> writing new (Success)
33:000  0:008  SetNvramVariable (ExtendedFirmwareFeaturesMask, 4D1EDE05-38C7-4A6A-9CC6-4BCCA8B38C14, 0x6, 8): -> writing new (Success)
33:008  0:008  AddNvramVariable (HW_BID, 4D1EDE05-38C7-4A6A-9CC6-4BCCA8B38C14, 0x6, 20): -> writing new (Success)
33:017  0:008  AddNvramVariable (security-mode, 7C436110-AB2A-4BBB-A880-FE41995C9F82, 0x7, 5): -> already exists, abort
33:024  0:007  set DefaultBackgroundColor=0xfbfbfb
33:028  0:003  SetNvramVariable (DefaultBackgroundColor, 4D1EDE05-38C7-4A6A-9CC6-4BCCA8B38C14, 0x7, 4): -> writing new (Success)
33:039  0:011  SetNvramVariable (ActualDensity, 7C436110-AB2A-4BBB-A880-FE41995C9F82, 0x7, 2): exists(0x7, 2), equal -> not writing again.
33:050  0:010  SetNvramVariable (DensityThreshold, 7C436110-AB2A-4BBB-A880-FE41995C9F82, 0x7, 2): exists(0x7, 2), equal -> not writing again.
33:061  0:011  SetNvramVariable (gfx-saved-config-restore-status, 4D1EDE05-38C7-4A6A-9CC6-4BCCA8B38C14, 0x7, 8): exists(0x7, 8), equal -> not writing again.
33:076  0:014  DeleteNvramVariable (UIScale, 4D1EDE05-38C7-4A6A-9CC6-4BCCA8B38C14):
33:080  0:004  DeleteNvramVariable (EFILoginHiDPI, 7C436110-AB2A-4BBB-A880-FE41995C9F82):
33:084  0:003  SetNvramVariable (flagstate, 7C436110-AB2A-4BBB-A880-FE41995C9F82, 0x7, 32): exists(0x7, 32), equal -> not writing again.
33:095  0:011  SetNvramVariable (csr-active-config, 7C436110-AB2A-4BBB-A880-FE41995C9F82, 0x7, 4): exists(0x7, 4), equal -> not writing again.
33:107  0:011  DeleteNvramVariable (BridgeOSHardwareModel, 4D1EDE05-38C7-4A6A-9CC6-4BCCA8B38C14):
33:112  0:004  DeleteNvramVariable (bootercfg, 7C436110-AB2A-4BBB-A880-FE41995C9F82):
33:116  0:004  DeleteNvramVariable (nvda_drv, 7C436110-AB2A-4BBB-A880-FE41995C9F82):
33:120  0:004  DeleteNvramVariable (recovery-boot-mode, 7C436110-AB2A-4BBB-A880-FE41995C9F82):
33:124  0:003  AddNvramVariable (wake-failure, 7C436110-AB2A-4BBB-A880-FE41995C9F82, 0x7, 5): -> already exists, abort
33:132  0:008  DeleteNvramVariable (opencore-version, 7C436110-AB2A-4BBB-A880-FE41995C9F82):
33:136  0:004  DeleteNvramVariable (ApBoardID, 94B73556-2197-4702-82A8-3E1337DAFBFB):
33:141  0:004  DeleteNvramVariable (ApSecurityDomain, 94B73556-2197-4702-82A8-3E1337DAFBFB):
33:145  0:004  DeleteNvramVariable (ApProductionStatus, 94B73556-2197-4702-82A8-3E1337DAFBFB):
33:150  0:004  DeleteNvramVariable (ApSecurityMode, 94B73556-2197-4702-82A8-3E1337DAFBFB):
33:154  0:004  DeleteNvramVariable (EffectiveProductionStatus, 94B73556-2197-4702-82A8-3E1337DAFBFB):
33:158  0:004  DeleteNvramVariable (EffectiveSecurityMode, 94B73556-2197-4702-82A8-3E1337DAFBFB):
33:163  0:004  DeleteNvramVariable (CertificateEpoch, 94B73556-2197-4702-82A8-3E1337DAFBFB):
33:167  0:004  DeleteNvramVariable (MixNMatchPreventionStatus, 94B73556-2197-4702-82A8-3E1337DAFBFB):
33:172  0:004  DeleteNvramVariable (CryptoDigestMethod, 94B73556-2197-4702-82A8-3E1337DAFBFB):
33:176  0:004  DeleteNvramVariable (InternalUseOnlyUnit, 94B73556-2197-4702-82A8-3E1337DAFBFB):
33:180  0:004  DeleteNvramVariable (ApECID, 94B73556-2197-4702-82A8-3E1337DAFBFB):
33:188  0:007  DeleteNvramVariable (HardwareModel, 94B73556-2197-4702-82A8-3E1337DAFBFB):
33:191  0:003  Use origin smbios table type 1 guid.
33:214  0:022  DeleteNvramVariable (efi-boot-device, 7C436110-AB2A-4BBB-A880-FE41995C9F82):
33:218  0:004  DeleteNvramVariable (efi-boot-device-data, 7C436110-AB2A-4BBB-A880-FE41995C9F82):
33:222  0:004  DeleteNvramVariable (BootCampHD, 7C436110-AB2A-4BBB-A880-FE41995C9F82):
33:226  0:003  Custom boot screen not used because entry has unset use graphics
33:232  0:005  DeleteNvramVariable (IOHibernateRTCVariables, 7C436110-AB2A-4BBB-A880-FE41995C9F82):
33:236  0:004  DeleteNvramVariable (boot-image, 7C436110-AB2A-4BBB-A880-FE41995C9F82):
33:240  0:003  Kernel quirks
33:244  0:003  ACPCL 1 AXCL 1 AXEM 0 AXFB 0 CSG 0 DIM 0 DLJ 0 DRC 1 DPM 0 EBTFF 0 EDI 0 FAI 0 IPBS 0 LKP 0 PNKD 0 PTKP 0 TPD 0 XPL 0 PCC 0
33:247  0:003  Closing log
33:251  0:003  OCABC: AllocPages 2 0x91000 (14) - Success
33:255  0:003  OCABC: AllocPages 2 0x6F7C8000 (14) - Success
33:260  0:005  OCABC: Patching safe mode sur-2 at off ACF4
33:264  0:003  OCABC: AllocPages 2 0x77844000 (512) - Success
33:268  0:003  OCABC: AllocPages 2 0x77843000 (1) - Success
33:272  0:003  OC: Supported boot capabilities 4
33:277  0:005  OCOS: OS set: <null> macOS 11.0
33:280  0:003  OCOS: OS set: Apple Inc. macOS 11.0
33:284  0:003  OCOS: Should use black background
33:288  0:004  OCABC: AllocPages 1 0x6D351000 (1) - Success
33:304  0:015  OC: Opening file System\Library\Kernels\kernel with 1 mode gave - Not Found
33:307  0:003  OC: Opening file \A490645D-B724-4FBC-9AC8-F7A23B1C4935 with 1 mode gave - Success
33:311  0:003  OC: Opening file \A490645D-B724-4FBC-9AC8-F7A23B1C4935\System\Library\CoreServices\com.apple.Boot.plist with 1 mode gave - Not Found
33:316  0:004  OC: Opening file Library\Preferences\SystemConfiguration\com.apple.Boot.plist with 1 mode gave - Success
33:320  0:004  OC: Opening file \A490645D-B724-4FBC-9AC8-F7A23B1C4935\System\Library\CoreServices\PlatformSupport.plist with 1 mode gave - Success
38:342  5:022  OCABC: AllocPages 2 0xCB00000 (121199) - Success
38:365  0:023  OC: Opening file System\Library\Caches\com.apple.corestorage\EncryptedRoot.plist.wipekey with 1 mode gave - Success
38:385  0:019  OC: Opening file \A490645D-B724-4FBC-9AC8-F7A23B1C4935\System\Library\CoreServices\boot.efi with 1 mode gave - Success
38:413  0:027  OC: Opening file boot\System\Library\KernelCollections\BootKernelExtensions.kc.development with 1 mode gave - Not Found
38:430  0:017  OC: Opening file boot\System\Library\KernelCollections\BootKernelExtensions.kc with 1 mode gave - Success
38:433  0:003  OC: Load and reserve Kext Other\FakeSMC.kext
38:438  0:004  OC: Load and reserve Kext Other\USBMapDummy.kext
38:442  0:004  OC: Load and reserve Kext Other\RadeonMonitor.kext
38:446  0:004  OC: Load and reserve Kext Other\IntelCPUMonitor.kext
38:450  0:003  OC: Kext reservation size info 506000 exe 3B000
38:453  0:003  OC: Trying 64-bit XNU hook on boot\System\Library\KernelCollections\BootKernelExtensions.kc
38:457  0:003  OCAK: Found 64-bit Mach-O compressed 0 offset 0 size 0
38:461  0:003  OCAK: Determined kernel size is 62734336 bytes
38:495  0:034  OC: Result of 64-bit XNU hook on boot\System\Library\KernelCollections\BootKernelExtensions.kc (00000000) is Success
38:542  0:046  OCAK: Read kernel version 23.4.0 (230400)
38:545  0:003  OCAK: 64-bit patcher base 0xFFFFFF8000200000 kmod 0x0 file 0x0
38:550  0:004  OCAK: Zeroing _xcpm_core_scope_msrs 0xE2 applicable CPUs (76)
38:554  0:003  OCAK: Zeroing _xcpm_core_scope_msrs 0xE2 applicable CPUs (406416)
38:557  0:003  OCAK: Zeroing _xcpm_core_scope_msrs 0xE2 applicable CPUs (16384)
38:562  0:004  Replace B9E20000000F30 by B9E20000009090 at ofs:30E
38:630  0:068  Replace B9E20000000F30 by B9E20000009090 at ofs:39B
38:700  0:069  OCAK: 64-bit XcpmCfgLockRel replace count - 2
38:704  0:003  OCAK: [OK] Success XcpmCfgLock patch
38:747  0:043  OCAK: org.netkas.FakeSMC got KXLD 0 0
38:751  0:003  OCAK: Requesting __LINKEDIT for org.netkas.FakeSMC - 6CE10398 at 3BD5000
38:755  0:003  OCAK: Requesting SymbolTable for org.netkas.FakeSMC - 601
38:759  0:003  OCAK: Requesting __LINKEDIT for __kernel__ - 69246688 at 0
38:762  0:003  OCAK: Requesting SymbolTable for __kernel__ - 22799
38:788  0:025  OCAK: Patching invalid size 2000 with 19DF000 for com.apple.iokit.IOACPIFamily
38:792  0:003  OCAK: com.apple.iokit.IOACPIFamily got KXLD 0 0
38:796  0:003  OCAK: Requesting __LINKEDIT for com.apple.iokit.IOACPIFamily - 6B431518 at 21F6000
38:799  0:003  OCAK: Requesting SymbolTable for com.apple.iokit.IOACPIFamily - 544
38:810  0:011  OCAK: Local relocs 1148 on FFFFFF8003CD5000
38:815  0:004  OC: Prelinked injection Other\FakeSMC.kext () - Success
38:819  0:004  OC: Prelinked injection Other\USBMapDummy.kext () - Success
38:823  0:003  OCAK: org.slice.RadeonMonitor got KXLD 0 0
38:827  0:003  OCAK: Requesting __LINKEDIT for org.slice.RadeonMonitor - 6CE28398 at 3BED000
38:830  0:003  OCAK: Requesting SymbolTable for org.slice.RadeonMonitor - 372
38:836  0:005  OCAK: Patching invalid size 32000 with 156F000 for com.apple.iokit.IOPCIFamily
38:839  0:003  OCAK: com.apple.iokit.IOPCIFamily got KXLD 0 0
38:843  0:003  OCAK: Requesting __LINKEDIT for com.apple.iokit.IOPCIFamily - 6B8A1518 at 2666000
38:847  0:003  OCAK: Requesting SymbolTable for com.apple.iokit.IOPCIFamily - 1531
38:855  0:007  OCAK: Requesting SymbolTable for org.netkas.FakeSMC - 191
38:864  0:009  OCAK: Local relocs 369 on FFFFFF8003CED000
38:868  0:004  OC: Prelinked injection Other\RadeonMonitor.kext () - Success
38:872  0:003  OCAK: org.slice.IntelCPUMonitor got KXLD 0 0
38:875  0:003  OCAK: Requesting __LINKEDIT for org.slice.IntelCPUMonitor - 6CE393E8 at 3BFE000
38:879  0:003  OCAK: Requesting SymbolTable for org.slice.IntelCPUMonitor - 363
38:887  0:007  OCAK: Local relocs 306 on FFFFFF8003CFE000
38:891  0:004  OC: Prelinked injection Other\IntelCPUMonitor.kext () - Success
38:894  0:003  OC: Prelink size 62980096 kext offset 62738432 reserved 241664
38:898  0:003  OCAK: KC TEXT is 65536 bytes with 61800 Mach-O headers need 400
38:917  0:018  OCAK: Failed to pk find com.apple.driver.AppleIntelCPUPowerManagement - Not Found
38:920  0:003  OCAK: [OK] Skipping PatchAppleCpuPmCfgLock on NULL Patcher on kernel version 230400
38:925  0:004  OCAK: Patching invalid size 5FF4 with 2193000 for com.apple.driver.AppleRTC
38:929  0:003  OCAK: com.apple.driver.AppleRTC got KXLD 0 0
38:932  0:003  Replace BE58000000/FFFEFFFFFF(BE58000000) by BEFFFF0000 at ofs:1AED
39:027  0:094  Replace BE58000000/FFFEFFFFFF(BE59000000) by BEFFFF0000 at ofs:1AFE
39:121  0:094  Replace BE58000000/FFFEFFFFFF(BE58000000) by BEFFFF0000 at ofs:1DE3
39:220  0:098  Replace BE58000000/FFFEFFFFFF(BE59000000) by BEFFFF0000 at ofs:1DF3
39:316  0:095  OCAK: 64-bit DisableRtcChecksum64 replace count - 4
39:319  0:003  OCAK: [OK] Patch success com.apple.driver.AppleRTC DisableRtcChecksum
39:440  0:120  OC: Prelinked status - Success
39:484  0:043  OC: Opening file usr\standalone\OS.dmg.root_hash with 1 mode gave - Success
39:494  0:009  OC: Opening file usr\standalone\OS.dmg.root_hash.x86legacyap.im4m with 1 mode gave - Success
39:503  0:009  OCABC: AllocPages 0 0x7308D000 (1) - Success
39:507  0:003  OCABC: AllocPages 0 0x7308A000 (1) - Success
39:531  0:023  FixOwnership() -> begin
39:534  0:003  PCI Io found 18
39:538  0:003  USB XHCI reset for device A36D
39:542  0:003  ExtendCap=00008000
39:545  0:003    Value=02000802
39:549  0:003    Value=03011402
39:555  0:006    Value=005CFFC0
39:558  0:003    Value=00002201
