0:100  0:100  MemLog inited, TSC freq: 3600482460
0:100  0:000  CPU was calibrated with RTC
0:100  0:000  CloverX64 : Image base = 0x6D404000
0:100  0:000  Clover ImageHandle = 75edb818
0:102  0:002  SelfDirPath = \EFI\CLOVER
0:104  0:001  === [ Starting Clover ] =========================
0:104  0:000  Now is 24.11.2024,  19:46:11 (GMT)
0:104  0:000  Starting Clover revision: 5160 (master, commit 7b08a616e) on American Megatrends EFI
0:104  0:000  Build id: 20240909210805-7b08a61-dirty
0:104  0:000  Build with: [Args: -D NO_GRUB_DRIVERS_EMBEDDED -D LESS_DEBUG -t GCC131 | --cmd-len=50000 -D NO_GRUB_DRIVERS_EMBEDDED -D LESS_DEBUG --conf=/Users/sergey/src/CloverBootloader/Conf -D USE_LOW_EBDA -a X64 -b RELEASE -t GCC131 -n 5 | OS: 15]
0:104  0:000  === [ Get Smbios ] ==============================
0:104  0:000  Type 16 Index = 0
0:104  0:000  Total Memory Slots Count = 4
0:104  0:000  Type 17 Index = 0
0:104  0:000  SmbiosTable.Type17->SlotIndex = 0
0:104  0:000  SmbiosTable.Type17->ModuleSize = 8192MB
0:104  0:000  SmbiosTable.Type17->Type = 0
0:104  0:000  SmbiosTable.Type17->Frequency = 3200MHz
0:104  0:000  SmbiosTable.Type17->Bank/Device = BANK 0 ChannelA-DIMM1
0:104  0:000  SmbiosTable.Type17->Vendor = Corsair
0:104  0:000  SmbiosTable.Type17->SerialNo = 00000000
0:104  0:000  SmbiosTable.Type17->PartNo = CMK16GX4M2K4266C19
0:104  0:000  Type 17 Index = 1
0:104  0:000  SmbiosTable.Type17->SlotIndex = 1
0:104  0:000  SmbiosTable.Type17->ModuleSize = 8192MB
0:104  0:000  SmbiosTable.Type17->Type = 0
0:104  0:000  SmbiosTable.Type17->Frequency = 3200MHz
0:104  0:000  SmbiosTable.Type17->Bank/Device = BANK 1 ChannelA-DIMM2
0:104  0:000  SmbiosTable.Type17->Vendor = Corsair
0:104  0:000  SmbiosTable.Type17->SerialNo = 00000000
0:104  0:000  SmbiosTable.Type17->PartNo = CMK16GX4M2K4266C19
0:104  0:000  Type 17 Index = 2
0:104  0:000  Ignoring insane frequency value 0MHz
0:104  0:000  Type 17 Index = 3
0:104  0:000  Ignoring insane frequency value 0MHz
0:104  0:000  Boot status=0
0:104  0:000  Running on: 'System Product Name' with board 'PRIME Z390-A'
0:104  0:000  === [ GetCPUProperties ] ========================
0:104  0:000  CPU Vendor = 756E6547 Model=906EC
0:104  0:000   The CPU supported SSE4.1
0:104  0:000   The CPU supported RDRAND
0:104  0:000  BrandString = Intel(R) Core(TM) i7-9700K CPU @ 3.60GHz
0:104  0:000   The CPU supported turbo
0:104  0:000   Energy PerfBias is  visible:
0:104  0:000  MSR 0x35               80008
0:104  0:000   TSC/CCC Information Leaf:
0:104  0:000    numerator     : 300
0:104  0:000    denominator   : 2
0:104  0:000   Calibrated ARTFrequency: 24003216
0:104  0:000   Rounded ARTFrequency: 24000000
0:104  0:000  MSR 0xE2 before patch 1E000000
0:104  0:000  MSR 0xCE              08080838_F1012400
0:104  0:000  corrected FLEX_RATIO = E0000
0:104  0:000  MSR 0x1B0             00000000
0:104  0:000  FSBFrequency = 108 MHz, DMI FSBFrequency = 100 MHz, Corrected FSBFrequency = 100 MHz
0:104  0:000  MaxDiv/MinDiv: 36.0/8
0:104  0:000  Turbo: 47/49/49/49
0:104  0:000  Features: 0x77FAFBFFBFEBFBFF
0:104  0:000  Threads: 8
0:104  0:000  Cores: 8
0:104  0:000  FSB: 100 MHz
0:104  0:000  CPU: 3861 MHz
0:104  0:000  TSC: 3861 MHz
0:104  0:000  PIS: 100 MHz
0:104  0:000  ExternalClock: 25 MHz
0:104  0:000  === [ GetDevices ] ==============================
0:104  0:000  GOP found at: PciRoot(0x0)/Pci(0x1,0x0)/Pci(0x0,0x0)/AcpiAdr(0x80010302)
0:104  0:000  PCI (00|00:00.00) : 8086 3E30 class=060000
0:104  0:000  PCI (00|00:01.00) : 8086 1901 class=060400
0:104  0:000  PCI (00|01:00.00) : 1002 67DF class=030000
0:104  0:000   - GFX: Model=AMD Radeon RX 480/570/580 (ATI/AMD)
0:104  0:000   - GOP: Provided by device
0:104  0:000  PCI (00|01:00.01) : 1002 AAF0 class=040300
0:104  0:000   - HDMI Audio: 
0:104  0:000  PCI (00|00:02.00) : 8086 3E98 class=038000
0:104  0:000   - GFX: Model=Intel UHD Graphics 630 (Intel)
0:104  0:000  PCI (00|00:14.00) : 8086 A36D class=0C0330
0:104  0:000  PCI (00|00:14.02) : 8086 A36F class=050000
0:104  0:000  PCI (00|00:16.00) : 8086 A360 class=078000
0:104  0:000  PCI (00|00:17.00) : 8086 A352 class=010601
0:104  0:000  PCI (00|00:1B.00) : 8086 A340 class=060400
0:104  0:000  PCI (00|00:1C.00) : 8086 A338 class=060400
0:104  0:000  PCI (00|00:1D.00) : 8086 A330 class=060400
0:104  0:000  PCI (00|04:00.00) : 144D A808 class=010802
0:104  0:000  PCI (00|00:1F.00) : 8086 A305 class=060100
0:104  0:000  PCI (00|00:1F.03) : 8086 A348 class=040300
0:104  0:000  PCI (00|00:1F.04) : 8086 A323 class=0C0500
0:104  0:000  PCI (00|00:1F.05) : 8086 A324 class=0C8000
0:104  0:000  PCI (00|00:1F.06) : 8086 15BC class=020000
0:104  0:000   - LAN: 1 Vendor=Intel
0:104  0:000  Legacy MAC address of LAN #0= 40:B0:76:DE:9E:93:
0:105  0:000  _checkOEMPath Look for oem dir at path '\EFI\CLOVER\OEM\System Product Name--40-B0-76-DE-9E-93'. Dir doesn't exist.
0:105  0:000  _checkOEMPath Look for oem dir at path '\EFI\CLOVER\OEM\PRIME Z390-A\UEFI'. Dir doesn't exist.
0:105  0:000  _checkOEMPath Look for oem dir at path '\EFI\CLOVER\OEM\System Product Name'. Dir doesn't exist.
0:105  0:000  _checkOEMPath Look for oem dir at path '\EFI\CLOVER\OEM\System Product Name-3861'. Dir doesn't exist.
0:105  0:000  _checkOEMPath Look for oem dir at path '\EFI\CLOVER\OEM\PRIME Z390-A'. Dir doesn't exist.
0:105  0:000  _checkOEMPath Look for oem dir at path '\EFI\CLOVER\OEM\PRIME Z390-A-3861'. Dir doesn't exist.
0:105  0:000  === [ GetUserSettings ] =========================
0:105  0:000  GetDefaultModel()=iMac18,3
0:105  0:000  === [ LoadUserSettings ] ========================
0:106  0:001  Using config.plist at path: \EFI\CLOVER
0:106  0:000  === [ LoadUserSettings ] ========================
0:107  0:000  Cannot find smbios.plist at path '\EFI\CLOVER' : Not Found
0:107  0:000  '\EFI\CLOVER\smbios.plist' not loaded. Efi error Not Found
0:107  0:000  create SMBIOS list, found 27 dicts
0:107  0:000  ... ACPI
0:107  0:000  ... Boot
0:107  0:000  ... BootGraphics
0:107  0:000  ... Devices
0:107  0:000  ... DisableDrivers
0:107  0:000  ... GUI
0:107  0:000  ... Graphics
0:107  0:000  ... KernelAndKextPatches
0:107  0:000  ... SMBIOS
0:107  0:000  ... SystemParameters
0:107  0:000  ... RtVariables
0:107  0:000  ... Quirks
0:107  0:000  get model from config.plist
0:107  0:000  Using latest BiosVersion from config instead of default 'IM191.88Z.F000.B00.2302212211'
0:122  0:015  Using latest BiosReleaseDate from config instead of default '02/21/2023'
0:126  0:003  Using latest EfiVersion from config instead of default '1968.100.16.0.1'
0:130  0:004  BiosVersion: IM191.88Z.F000.B00.2308061817
0:134  0:004  BiosReleaseDate: 08/06/2023
0:138  0:003  EfiVersion: 2020.40.3.0.0
0:143  0:004  Calibrated TSC Frequency = 3600482460 = 3600MHz
0:146  0:003  === [ GetListOfThemes ] =========================
0:150  0:004  - [00]: random
0:159  0:008  - [00]: embedded
0:167  0:008  === [ Found config plists ] =====================
0:171  0:004  - config.plist
0:175  0:003  - config-sample.plist
0:179  0:004  - config_old.plist
0:183  0:004  === [ LoadDrivers ] =============================
0:188  0:004  Loading NvmExpressDxe.efi status=Success
0:201  0:013   - driver needs connecting
0:206  0:004  Loading EnglishDxe.efi status=Success
0:218  0:012  Loading VBoxHfs.efi status=Success
0:232  0:013   - driver needs connecting
0:236  0:004  Loading PartitionDxe.efi status=Success
0:250  0:013   - driver needs connecting
0:254  0:003  Loading ApfsDriverLoader.efi status=Success
0:267  0:013   - driver needs connecting
0:272  0:004  4 drivers needs connecting ...
0:272  0:000  PlatformDriverOverrideProtocol not found. Installing ... Success
0:272  0:000  Partition driver loaded: 
0:273  0:000  HFS+ driver loaded
0:273  0:000  APFS driver loaded
0:273  0:000  Searching for invalid DiskIo BY_DRIVER connects: not found, all ok
0:501  0:228  === [ InitScreen ] ==============================
0:505  0:004  Console modes reported: 4, available modes:
0:509  0:003   - [01]: 80x25 (current mode)
0:513  0:003   - [03]: 100x31
0:519  0:005   - [04]: 170x40
0:523  0:003  SetScreenResolution: 1920x1080 - not found!
0:531  0:008  SetMaxResolution: found best mode 0: 1366x768
0:539  0:008   - already set
0:544  0:005  Using embedded font
0:549  0:004  === [ ScanSPD ] =================================
0:553  0:004  SMBus device : 8086 A323 class=0C0500 status=Success
0:557  0:004  SMBus CmdReg: 0x3
0:561  0:004  Scanning SMBus [8086:A323], mmio: 0x12116004, ioport: 0xEFA0, hostc: 0x11
0:565  0:004  Slots to scan [8]...
0:570  0:004  SPD[0]: Got invalid type 0 @0x50. Will set page and retry.
0:575  0:004  SPD[0]: Type 12 @0x50
0:599  0:024  XMP Profile1: 4*125 -31 ns
0:603  0:003  Found module with XMP version 2.0
0:607  0:004  Using XMP Profile1 instead of standard frequency 2132MHz
0:611  0:004  DDR speed 4264MHz
0:615  0:004  Slot: 0 Type 26 8192MB 4264MHz Vendor=Corsair PartNo=CMK16GX4M2K4266C19 SerialNo=00000000
0:620  0:004  SPD[1]: Type 12 @0x51
0:643  0:023  XMP Profile1: 4*125 -31 ns
0:647  0:004  Found module with XMP version 2.0
0:651  0:004  Using XMP Profile1 instead of standard frequency 2132MHz
0:656  0:004  DDR speed 4264MHz
0:660  0:004  Slot: 1 Type 26 8192MB 4264MHz Vendor=Corsair PartNo=CMK16GX4M2K4266C19 SerialNo=00000000
0:665  0:005  === [ GetAcpiTablesList ] =======================
0:669  0:004  Get Acpi Tables List from RSDT: count=24
0:677  0:008   - [00]: FACP  A M I  len=132
0:681  0:003   - [01]: APIC  A M I  len=188
0:685  0:004   - [02]: FPDT  A M I  len=68
0:689  0:003   - [03]: FIDT  A M I len=156
0:693  0:004   - [04]: MCFG  A M I  len=60
0:697  0:004   - [05]: WSMT  A M I  len=40
0:701  0:004   - [06]: SSDT  SataTabl len=888
0:705  0:004   - [07]: SSDT  CpuSsdt len=6101
0:712  0:007   - [08]: SSDT  SaSsdt  len=12443
0:716  0:004   - [09]: SSDT  PegSsdt len=9048
0:720  0:003   - [10]: HPET  A M I  len=56
0:725  0:004   - [11]: SSDT  Ther_Rvp len=3998
0:729  0:004   - [12]: SSDT  xh_cfsd4 len=10579
0:733  0:004   - [13]: UEFI  A M I  len=72
0:737  0:003   - [14]: LPIT  A M I  len=92
0:741  0:004   - [15]: SSDT  PtidDevc len=10206
0:745  0:003   - [16]: SSDT  TbtTypeC len=4094
0:749  0:004   - [17]: DBGP  A M I  len=52
0:753  0:004   - [18]: DBG2  A M I  len=84
0:757  0:003   - [19]: SSDT  UsbCTabl len=6449
0:761  0:003   - [20]: SSDT  ADebTabl len=324
0:765  0:003   - [21]: VFCT  A M I  len=59524
0:769  0:004   - [22]: BGRT  A M I  len=56
0:773  0:004   - [23]: WPBT  A M I len=60
0:777  0:004   - [00]: Drop table : MATS,                0 :  no
0:785  0:008   - [01]: Drop table : DMAR,                0 :  no
0:793  0:008  Custom boot CUSTOM_BOOT_DISABLED (0x0)
0:797  0:003  Default theme: embedded
0:801  0:004  Set FakeCPUID: 0x0
0:806  0:004  === [ Found DSDT tables ] =======================
0:811  0:004  === [ InitKextList ] ============================
0:816  0:004  Added Kext=Other\USBMapDummy.kext (1.0)
0:820  0:004  Added Kext=Other\RadeonMonitor.kext (1.3.5)
0:825  0:004  Added Kext=Other\FakeSMC.kext (3.5.6)
0:830  0:004  Added Kext=Other\IntelCPUMonitor.kext (1.2.6)
0:835  0:005  === [ ScanVolumes ] =============================
0:840  0:004  Found 12 volumes with blockIO
0:844  0:004  - [00]: Volume: PciRoot(0x0)\Pci(0x17,0x0)\Sata(0x0,0xFFFF,0x0)
0:853  0:008  - [01]: Volume: PciRoot(0x0)\Pci(0x17,0x0)\Sata(0x0,0xFFFF,0x0)\HD(1,GPT,38DCC513-D608-408E-9D2F-1469C8B906A0,0x28,0x64000)
0:861  0:008          Result of bootcode detection: bootable unknown (legacy)
0:880  0:018            label : EFI
0:884  0:003  - [02]: Volume: PciRoot(0x0)\Pci(0x17,0x0)\Sata(0x0,0xFFFF,0x0)\HD(2,GPT,C20AA839-E88E-4CED-8CAB-9480B290394C,0x64028,0x15D466360)
0:909  0:025            label : Dati
0:913  0:004  - [03]: Volume: PciRoot(0x0)\Pci(0x1D,0x0)\Pci(0x0,0x0)\NVMe(0x1,CA-8F-B2-81-58-38-25-00)
0:921  0:008  - [04]: Volume: PciRoot(0x0)\Pci(0x1D,0x0)\Pci(0x0,0x0)\NVMe(0x1,CA-8F-B2-81-58-38-25-00)\HD(1,GPT,6E40A227-DDED-4325-B7CE-3959620EB39E,0x28,0x64000)
0:929  0:007          Result of bootcode detection: bootable unknown (legacy)
0:934  0:004            label : EFI
0:938  0:004          This is SelfVolume !!
0:942  0:003  - [05]: Volume: PciRoot(0x0)\Pci(0x1D,0x0)\Pci(0x0,0x0)\NVMe(0x1,CA-8F-B2-81-58-38-25-00)\HD(2,GPT,9508A8C6-F9B9-4EDD-ABC7-C1C4A019C410,0x64028,0x3A321FE0)
0:950  0:007          Result of bootcode detection: bootable unknown (legacy)
0:954  0:003  - [06]: Volume: PciRoot(0x0)\Pci(0x1D,0x0)\Pci(0x0,0x0)\NVMe(0x1,CA-8F-B2-81-58-38-25-00)\HD(2,GPT,9508A8C6-F9B9-4EDD-ABC7-C1C4A019C410,0x64028,0x3A321FE0)\VenMedia(BE74FCF7-0B7C-49F3-9147-01F4042E6842,F2738F7DD5B89341BB89C99D72294438)
0:962  0:008            apfsFileSystemUUID=7D8F73F2-B8D5-4193-BB89-C99D72294438, ApfsContainerUUID=85F3C012-2D6D-4FA1-A77E-71D7470E7FA2, ApfsRole=0x10
0:966  0:004            label : Preboot
0:970  0:003  - [07]: Volume: PciRoot(0x0)\Pci(0x1D,0x0)\Pci(0x0,0x0)\NVMe(0x1,CA-8F-B2-81-58-38-25-00)\HD(2,GPT,9508A8C6-F9B9-4EDD-ABC7-C1C4A019C410,0x64028,0x3A321FE0)\VenMedia(BE74FCF7-0B7C-49F3-9147-01F4042E6842,5D6490A424B7BC4F9AC8F7A23B1C4935)
0:978  0:007            apfsFileSystemUUID=A490645D-B724-4FBC-9AC8-F7A23B1C4935, ApfsContainerUUID=85F3C012-2D6D-4FA1-A77E-71D7470E7FA2, ApfsRole=0x40
0:994  0:015            label : Macintosh HD - Dati
0:997  0:003  - [08]: Volume: PciRoot(0x0)\Pci(0x1D,0x0)\Pci(0x0,0x0)\NVMe(0x1,CA-8F-B2-81-58-38-25-00)\HD(2,GPT,9508A8C6-F9B9-4EDD-ABC7-C1C4A019C410,0x64028,0x3A321FE0)\VenMedia(BE74FCF7-0B7C-49F3-9147-01F4042E6842,B6D67091A529BA4BA6736F0E24A99093)
1:005  0:007            apfsFileSystemUUID=9170D6B6-29A5-4BBA-A673-6F0E24A99093, ApfsContainerUUID=85F3C012-2D6D-4FA1-A77E-71D7470E7FA2, ApfsRole=0x4
1:009  0:004            label : Recovery
1:013  0:003  - [09]: Volume: PciRoot(0x0)\Pci(0x1D,0x0)\Pci(0x0,0x0)\NVMe(0x1,CA-8F-B2-81-58-38-25-00)\HD(2,GPT,9508A8C6-F9B9-4EDD-ABC7-C1C4A019C410,0x64028,0x3A321FE0)\VenMedia(BE74FCF7-0B7C-49F3-9147-01F4042E6842,C30BF988C32C724BB297A45648EE79C3)
1:021  0:007            apfsFileSystemUUID=88F90BC3-2CC3-4B72-B297-A45648EE79C3, ApfsContainerUUID=85F3C012-2D6D-4FA1-A77E-71D7470E7FA2, ApfsRole=0x1
1:027  0:006            label : Macintosh HD
1:031  0:003  - [10]: Volume: PciRoot(0x0)\Pci(0x1D,0x0)\Pci(0x0,0x0)\NVMe(0x1,CA-8F-B2-81-58-38-25-00)\HD(2,GPT,9508A8C6-F9B9-4EDD-ABC7-C1C4A019C410,0x64028,0x3A321FE0)\VenMedia(BE74FCF7-0B7C-49F3-9147-01F4042E6842,982FC8B0B1F22A41B736D33F4320CF33)
1:039  0:008            apfsFileSystemUUID=B0C82F98-F2B1-412A-B736-D33F4320CF33, ApfsContainerUUID=85F3C012-2D6D-4FA1-A77E-71D7470E7FA2, ApfsRole=0xc0
1:044  0:004            label : Update
1:048  0:003  - [11]: Volume: PciRoot(0x0)\Pci(0x1D,0x0)\Pci(0x0,0x0)\NVMe(0x1,CA-8F-B2-81-58-38-25-00)\HD(2,GPT,9508A8C6-F9B9-4EDD-ABC7-C1C4A019C410,0x64028,0x3A321FE0)\VenMedia(BE74FCF7-0B7C-49F3-9147-01F4042E6842,D0BFA628AA2C7548AE15EA6E25144D32)
1:056  0:008            apfsFileSystemUUID=28A6BFD0-2CAA-4875-AE15-EA6E25144D32, ApfsContainerUUID=85F3C012-2D6D-4FA1-A77E-71D7470E7FA2, ApfsRole=0x8
1:060  0:004            label : VM
1:064  0:004  No AudioIoProtocols, status=Not Found
1:068  0:004  === [ InitXTheme ] ==============================
1:072  0:004  use Daylight theme
1:076  0:003   using embedded theme
1:089  0:013  Using embedded font
1:093  0:004  theme inited
1:097  0:003  Chosen embedded theme
1:102  0:004  after NVRAM boot-args=dart=0 -v
1:106  0:004  Scanning legacy ...
1:110  0:003  === [ Dump SMC keys from NVRAM ] ================
1:113  0:003  found AppleSMC protocol
1:126  0:012     fakesmc-key-RVBF-ch8*:02 46 0F 00 00 12 
1:159  0:033     fakesmc-key-#KEY-ui32:00 00 00 11 
1:190  0:031     fakesmc-key-$Adr-ui32:00 00 03 00 
1:216  0:025     fakesmc-key-$Num-ui8:01 
1:229  0:013     fakesmc-key-RMde-char:41 
1:243  0:013     fakesmc-key-RBr -ch8*:6A 31 33 38 5F 39 00 00 
1:284  0:041     fakesmc-key-EPCI-ui32:09 D0 F0 00 
1:309  0:025     fakesmc-key-REV -ch8*:02 46 0F 00 00 12 
1:342  0:032     fakesmc-key-RPlt-ch8*:6A 31 33 38 00 00 00 00 
1:384  0:041     fakesmc-key-BEMB-flag:00 
1:397  0:013     fakesmc-key-BATP-flag:00 
1:411  0:014     fakesmc-key-BNum-ui8:00 
1:425  0:013     fakesmc-key-MSTc-ui8:00 
1:438  0:013     fakesmc-key-MSAc-ui16:00 00 
1:456  0:017     fakesmc-key-MSWr-ui8:00 
1:469  0:013     fakesmc-key-MSFW-ui8:01 00 
1:486  0:017     fakesmc-key-MSPS-ui16:00 03 
1:510  0:023  Registered 17 SMC keys
1:519  0:008  === [ ScanLoader ] ==============================
1:523  0:003  - [01]: 'EFI'
1:552  0:029  - [02]: 'Dati'
1:592  0:039  - [04]: 'EFI'
1:606  0:014        AddLoaderEntry for Volume Name=EFI, idx=0
1:610  0:004        OSVersion= 
1:614  0:004        IconName=unknown comma=-1 size=7
1:618  0:004        Full=unknown
1:622  0:003        Loader entry created for 'PciRoot(0x0)\Pci(0x1D,0x0)\Pci(0x0,0x0)\NVMe(0x1,CA-8F-B2-81-58-38-25-00)\HD(1,GPT,6E40A227-DDED-4325-B7CE-3959620EB39E,0x28,0x64000)\EFI\BOOT\BOOTX64.efi'
1:626  0:004       hiding entry: \EFI\BOOT\BOOTX64.efi
1:630  0:004        Menu entry added at index 0
1:634  0:004       hiding entry because DiskKind is DISK_KIND_INTERNAL: \EFI\BOOT\BOOTX64.efi
1:638  0:003  - [06]: 'Preboot'
1:647  0:008      ApfsContainerUUID=85F3C012-2D6D-4FA1-A77E-71D7470E7FA2
1:651  0:003      ApfsFileSystemUUID=7D8F73F2-B8D5-4193-BB89-C99D72294438
1:655  0:003      APFSTargetUUID=A490645D-B724-4FBC-9AC8-F7A23B1C4935
1:659  0:004        contentDetails name:Macintosh HD
1:663  0:004        AddLoaderEntry for Volume Name=Preboot, idx=1
1:667  0:004        OSVersion=14.4 
1:671  0:003        Check if volume Is Hibernated:
1:675  0:003        Check sleep image 'by signature':
1:679  0:003        using default sleep image name = \private\var\vm\sleepimage
1:683  0:004        cannot open sleepimage -> Not Found
1:687  0:003        hibernated: no - sign
1:691  0:003        IconName=sonoma,mac comma=6 size=10
1:695  0:003        first=os_sonoma
1:699  0:003        Second=os_mac
1:703  0:003        IconName=unknown comma=-1 size=7
1:707  0:004        Full=unknown
1:711  0:003        Loader entry created for 'PciRoot(0x0)\Pci(0x1D,0x0)\Pci(0x0,0x0)\NVMe(0x1,CA-8F-B2-81-58-38-25-00)\HD(2,GPT,9508A8C6-F9B9-4EDD-ABC7-C1C4A019C410,0x64028,0x3A321FE0)\VenMedia(BE74FCF7-0B7C-49F3-9147-01F4042E6842,F2738F7DD5B89341BB89C99D72294438)\A490645D-B724-4FBC-9AC8-F7A23B1C4935\System\Library\CoreServices\boot.efi'
1:716  0:005        Menu entry added at index 1
1:720  0:003  - [07]: 'Macintosh HD - Dati'
1:728  0:008      ApfsContainerUUID=85F3C012-2D6D-4FA1-A77E-71D7470E7FA2
1:732  0:004      ApfsFileSystemUUID=A490645D-B724-4FBC-9AC8-F7A23B1C4935
1:736  0:004  - [08]: 'Recovery'
1:744  0:007      ApfsContainerUUID=85F3C012-2D6D-4FA1-A77E-71D7470E7FA2
1:748  0:004      ApfsFileSystemUUID=9170D6B6-29A5-4BBA-A673-6F0E24A99093
1:752  0:003      APFSTargetUUID=A490645D-B724-4FBC-9AC8-F7A23B1C4935
1:756  0:004        contentDetails name:Macintosh HD
1:761  0:004        AddLoaderEntry for Volume Name=Recovery, idx=2
1:765  0:004        OSVersion=14.4 
1:769  0:004        IconName=sonoma,mac comma=6 size=10
1:773  0:003        first=os_sonoma
1:777  0:003        Second=os_mac
1:781  0:003        IconName=unknown comma=-1 size=7
1:785  0:004        Full=unknown
1:789  0:004        Loader entry created for 'PciRoot(0x0)\Pci(0x1D,0x0)\Pci(0x0,0x0)\NVMe(0x1,CA-8F-B2-81-58-38-25-00)\HD(2,GPT,9508A8C6-F9B9-4EDD-ABC7-C1C4A019C410,0x64028,0x3A321FE0)\VenMedia(BE74FCF7-0B7C-49F3-9147-01F4042E6842,B6D67091A529BA4BA6736F0E24A99093)\A490645D-B724-4FBC-9AC8-F7A23B1C4935\BaseSystem.dmg'
1:794  0:004        Menu entry added at index 2
1:798  0:004  - [09]: 'Macintosh HD'
1:806  0:007      ApfsContainerUUID=85F3C012-2D6D-4FA1-A77E-71D7470E7FA2
1:810  0:004      ApfsFileSystemUUID=88F90BC3-2CC3-4B72-B297-A45648EE79C3
1:818  0:007  - [10]: 'Update'
1:826  0:008      ApfsContainerUUID=85F3C012-2D6D-4FA1-A77E-71D7470E7FA2
1:830  0:003      ApfsFileSystemUUID=B0C82F98-F2B1-412A-B736-D33F4320CF33
1:834  0:003  - [11]: 'VM'
1:841  0:007      ApfsContainerUUID=85F3C012-2D6D-4FA1-A77E-71D7470E7FA2
1:845  0:003      ApfsFileSystemUUID=28A6BFD0-2CAA-4875-AE15-EA6E25144D32
1:849  0:003  Entries list before ordering
1:853  0:003      Entry 0 : Boot UEFI internal from EFI (hidden)
1:858  0:004      Entry 1 : Boot Mac OS from Macintosh HD via Preboot
1:861  0:003      Entry 2 : Boot Mac OS Recovery for Macintosh HD via Recovery
1:865  0:003  Entries list after ordering
1:869  0:003    Entry 0 : Boot UEFI internal from EFI (hidden)
1:873  0:003    Entry 1 : Boot Mac OS from Macintosh HD via Preboot
1:877  0:003    Entry 2 : Boot Mac OS Recovery for Macintosh HD via Recovery
1:881  0:004  === [ AddCustomTool ] ===========================
1:886  0:004  found tool \EFI\CLOVER\tools\Shell64U.efi
1:890  0:003  Checking EFI partition Volume 1 for Clover
1:895  0:005   Found Clover
1:899  0:004  === [ GetEfiBootDeviceFromNvram ] ===============
1:903  0:003   - [!] efi-boot-device-data not found
1:907  0:004  Default boot entry not found
1:911  0:003  BannerPlace at Clear Screen [619,68]
1:929  0:018  GUI ready
3:994  2:065  Boot option 0 has other volume name Macintosh HDboot.efi
3:998  0:003  === [ StartLoader ] =============================
4:003  0:004  Starting PciRoot(0x0)\Pci(0x1D,0x0)\Pci(0x0,0x0)\NVMe(0x1,CA-8F-B2-81-58-38-25-00)\HD(2,GPT,9508A8C6-F9B9-4EDD-ABC7-C1C4A019C410,0x64028,0x3A321FE0)\VenMedia(BE74FCF7-0B7C-49F3-9147-01F4042E6842,F2738F7DD5B89341BB89C99D72294438)\A490645D-B724-4FBC-9AC8-F7A23B1C4935\System\Library\CoreServices\boot.efi
4:006  0:003  Finally: ExternalClock=26MHz BusSpeed=100014kHz CPUFreq=3600MHz PIS: hw.busfrequency=104000000Hz
4:014  0:007  Beginning OC
4:019  0:004  OCST: Missing vault data, ignoring...
4:023  0:004  AddKextsInArray from Other
4:026  0:003  ->Extra kext: Other\USBMapDummy.kext (v.1.0)
4:030  0:003  ->Extra kext: Other\RadeonMonitor.kext (v.1.3.5)
4:037  0:007  ->Extra kext: Other\FakeSMC.kext (v.3.5.6)
4:044  0:006  ->Extra kext: Other\IntelCPUMonitor.kext (v.1.2.6)
4:048  0:004  AddKextsInArray from Off
4:052  0:003  AddKextsInArray from 14
4:056  0:003  AddKextsInArray from 14_normal
4:060  0:003  AddKextsInArray from 14.4
4:064  0:004  AddKextsInArray from 14.4_normal
4:068  0:004  AddKextsInArray from 14.4.0
4:072  0:004  AddKextsInArray from 14.4.0_normal
4:076  0:003  Bridge kext to OC : Path=Other\FakeSMC.kext
4:082  0:005  Bridge kext to OC : Path=Other\USBMapDummy.kext
4:086  0:004  Bridge kext to OC : Path=Other\RadeonMonitor.kext
4:091  0:004  Bridge kext to OC : Path=Other\IntelCPUMonitor.kext
4:097  0:006  Start 'OpenRuntime.efi' : Status Success
4:101  0:004  OC: config config.plist
4:105  0:004  OC: Got 0 drivers
4:109  0:003  OC: OpenCore DBG-102-2024-09-12 is loading in Optional mode (0/0)...
4:113  0:004  OC: StorageHandle 0 with  LauncherOption pointing to 
4:118  0:004  OcOSInfoInstallProtocol
4:122  0:004  OCRTC: OcAppleRtcRamInstallProtocol
4:126  0:004  OCRTC: Wake log is 0x00 0x00   0 0x00
4:130  0:004  OcAppleFbInfoInstallProtocol
4:134  0:004  OcAppleEg2InfoInstallProtocol
4:138  0:004  OC: Loading Apple Secure Boot with Disabled (level 0)
4:143  0:004  OCABC: ALRBL 0 RTDFRG 1 DEVMMIO 0 NOSU 0 NOVRWR 0 NOSB 0 FBSIG 0 NOHBMAP 0 SMSLIDE 1 WRUNPROT 1
4:148  0:004  OCABC: FEXITBS 0 PRMRG 0 CSLIDE 0 MSLIDE 0 PRSRV 0 RBMAP 0 VMAP 1 APPLOS 0 RTPERMS 1 ARBAR -1 RBIO 0
4:151  0:003  OCABC: Got rendezvous with OpenRuntime r12
4:155  0:004  OCABC: MAT support is 1
4:159  0:004  OC: RequestBootVarRouting 0
4:164  0:004  OCDM: Found 0x20046/0x2003C UEFI version (376 bytes, 0 rebuilding to 376) gST 7AB3C018 gBS 6D89B3A0 gBS->CreateEventEx 6D889904 &gBS 6D5732C0
4:168  0:003  OC: Setting GPU BARs to 0
4:172  0:004  OCDM: RBAR using PciIo
4:176  0:004  OCDM: Setting RBAR to 0 inc 1 on 3/18
4:180  0:003  OCDM: Capability I/O error - Unsupported
4:184  0:003  OCDM: RBAR is unsupported by device - Device Error
4:188  0:003  OCDM: Setting RBAR to 0 inc 1 on 5/18
4:192  0:003  OCDM: Capability I/O error - Unsupported
4:196  0:004  OCDM: RBAR is unsupported by device - Device Error
4:201  0:004  OC: Got 0 drivers
4:205  0:003  OCC: Installing GOP (Unsupported) on ConsoleOutHandle...
4:209  0:004  OC: Requested resolution is 1920x1080@0 (max: 0, force: 0) from 1920x1080
4:213  0:004  OCC: Using builtin text renderer with 1 scale
4:217  0:004  OCC: Install console control (6D55E3D0/6D882C88/0), current - Success
4:221  0:004  OCC: Setup ASCII Output - Success
4:225  0:003  OC: Requested console mode is 0x0 (max: 0) from 
4:229  0:004  OC: Invalid HibernateMode: 
4:233  0:004  OC: Translated HibernateMode  to 0
4:237  0:004  OC: Hibernation activation - Invalid Parameter, hibernation wake - no
4:248  0:010  OC: Saving 10968 byte panic log panic-2024-11-24-194615.txt - Success
4:252  0:004  OCABC: IsEfiBootRt 0 (BP 1, Apple 0)
4:257  0:005  OCB: Arch filtering 72DEF018(723512)->72DEF018(723512) caps 0 - Success
4:261  0:004  ImageHandle = 73096898
4:269  0:007  GetOSVersion: 14.4 (s)
4:278  0:008  Will not patch boot.efi
4:282  0:004  Using latest BiosVersion from config instead of default 'IM191.88Z.F000.B00.2302212211'
4:286  0:004  Using latest BiosReleaseDate from config instead of default '02/21/2023'
4:290  0:004  Using latest EfiVersion from config instead of default '1968.100.16.0.1'
4:294  0:004  BiosVersion: IM191.88Z.F000.B00.2308061817
4:298  0:004  BiosReleaseDate: 08/06/2023
4:303  0:004  EfiVersion: 2020.40.3.0.0
4:306  0:003  SMBIOS reloaded with model iMac19,1
4:311  0:004  Set FakeCPUID: 0x0
4:315  0:004  === [ PatchSmbios ] =============================
4:319  0:004  UpdateSmbiosString : BiosVersion=EfiVersion=2020.40.3.0.0
4:323  0:003  UpdateSmbiosString : ReleaseDate=08/06/2023
4:327  0:004  void PatchTableType1(const SmbiosInjectedSettings&) : UpdateSmbiosString ProductName=iMac19,1
4:331  0:003  void PatchTableType2(const SmbiosInjectedSettings&) : UpdateSmbiosString ProductName=BoardNumber=Mac-AA95B1DDAB278B95
4:335  0:003  void PatchTableType2(const SmbiosInjectedSettings&) : UpdateSmbiosString Version=BoardVersion=iMac19,1
4:339  0:003  insert table 9 for dev 0:0
4:343  0:004  insert table 9 for dev 0:1
4:347  0:003  insert table 9 for dev 1F:6
4:351  0:003  Table 11 present, but rewritten for us
4:356  0:005  Do not inject memory table
4:360  0:004  Trusting SMBIOS...
4:364  0:004  Channels: 1
4:368  0:004  Interleave: 0 1 2 3
4:392  0:023  trusted SMBIOS data, table index 0:
4:396  0:004    gRAM.SMBIOS[0]->ModuleSize = 8192
4:400  0:004    gRAM.SMBIOS[0]->Type = 0
4:404  0:004    gRAM.SMBIOS[0]->Frequency = 3200
4:408  0:003    gRAM.SMBIOS[0]->Vendor = Corsair
4:412  0:003    gRAM.SMBIOS[0]->PartNo = CMK16GX4M2K4266C19
4:416  0:003    gRAM.SMBIOS[0]->SerialNo = 00000000
4:420  0:004  SPD data in use:
4:424  0:004    gRAM.SPD[0]->ModuleSize = 8192
4:428  0:004    gRAM.SPD[0]->Type = 26
4:432  0:004    gRAM.SPD[0]->Frequency = 4264
4:436  0:004    gRAM.SPD[0]->Vendor = Corsair
4:440  0:004    gRAM.SPD[0]->SerialNo = 00000000
4:444  0:003    gRAM.SPD[0]->PartNo = CMK16GX4M2K4266C19
4:448  0:003    SMBIOS Type 17 Index = 0 => SMBIOSIndex=0 SPDIndex=0:
4:452  0:003  BANK 0 DIMM0 4264MHz 8192MB(Ext:0MB)
4:456  0:004  trusted SMBIOS data, table index 1:
4:460  0:004    gRAM.SMBIOS[1]->ModuleSize = 8192
4:465  0:004    gRAM.SMBIOS[1]->Type = 0
4:469  0:003    gRAM.SMBIOS[1]->Frequency = 3200
4:472  0:003    gRAM.SMBIOS[1]->Vendor = Corsair
4:477  0:004    gRAM.SMBIOS[1]->PartNo = CMK16GX4M2K4266C19
4:481  0:004    gRAM.SMBIOS[1]->SerialNo = 00000000
4:485  0:004  SPD data in use:
4:489  0:003    gRAM.SPD[1]->ModuleSize = 8192
4:492  0:003    gRAM.SPD[1]->Type = 26
4:496  0:003    gRAM.SPD[1]->Frequency = 4264
4:500  0:003    gRAM.SPD[1]->Vendor = Corsair
4:504  0:003    gRAM.SPD[1]->SerialNo = 00000000
4:508  0:004    gRAM.SPD[1]->PartNo = CMK16GX4M2K4266C19
4:512  0:004    SMBIOS Type 17 Index = 1 => SMBIOSIndex=1 SPDIndex=1:
4:518  0:005  BANK 0 DIMM1 4264MHz 8192MB(Ext:0MB)
4:522  0:004  !trusted SMBIOS data, Table index 2:!gRAM.SMBIOS.doesSlotForIndexExist(SMBIOSIndex) 
4:534  0:012    SMBIOS Type 17 Index = 2 => SMBIOSIndex=2 SPDIndex=2:
4:538  0:004  BANK 0 DIMM2 EMPTY
4:542  0:003  !trusted SMBIOS data, Table index 3:!gRAM.SMBIOS.doesSlotForIndexExist(SMBIOSIndex) 
4:554  0:012    SMBIOS Type 17 Index = 3 => SMBIOSIndex=3 SPDIndex=3:
4:558  0:003  BANK 0 DIMM3 EMPTY
4:565  0:007  mTotalSystemMemory = 16384
4:569  0:003  NumberOfMemoryDevices = 4
4:573  0:003  Type20[0]->End = 0x7FFFFF, Type17[0] = 2000
4:577  0:003  Type20[1]->End = 0xFFFFFF, Type17[1] = 6000
4:581  0:004  Table 131 is present, CPUType=35
4:585  0:003  Change to: 1005
4:589  0:004  === [ PatchACPI ] ===============================
4:593  0:003  OCABC: AllocPages 1 0x7A345000 (1) - Success
4:597  0:004  Xsdt reallocation done
4:601  0:004  OCABC: AllocPages 1 0x7A344000 (1) - Success
4:605  0:003  old FADT length=114
4:609  0:003   SignatureFixup: 0xFA76D5ED -> 0x0
4:613  0:003  Found OperationRegion(GNVS, SystemMemory, 7A376000, ...)
4:617  0:004  Found OperationRegion(RAMW, SystemMemory, 7A37A018, ...)
4:621  0:004  Found OperationRegion(RAMX, SystemMemory, 7A2E2018, ...)
4:625  0:004  Found OperationRegion(PNVA, SystemMemory, 7A3D2B98, ...)
4:629  0:003  Found OperationRegion(THBA, SystemMemory, FE200000, ...)
4:634  0:004  Found OperationRegion(BNVS, SystemMemory, 7A38B000, ...)
4:638  0:004  Found OperationRegion(SMBD, SystemMemory, E00FC004, ...)
4:642  0:004  Found OperationRegion(TMMB, SystemMemory, FED40000, ...)
4:646  0:003  Found OperationRegion(CRBD, SystemMemory, FED40000, ...)
4:650  0:003  Found OperationRegion(TPMR, SystemMemory, FFFFFFFF, ...)
4:654  0:003  Found OperationRegion(ATNV, SystemMemory, FFFF0000, ...)
4:657  0:003  Found OperationRegion(WPBR, SystemMemory, 7A364000, ...)
4:662  0:004  OCABC: AllocPages 1 0x7A2F5000 (79) - Success
4:666  0:003  Apply DsdtFixMask=0x10400044
4:670  0:004  === [ FixBiosDsdt ] =============================
4:674  0:004  Patching DSDT:
4:679  0:004   - [change EC0 to EC]: pattern 4543305F, patched at: [ (F96F) ]
4:701  0:022   - [change HECI to IMEI]: pattern 48454349, patched at: [ (18CAE) ]
4:725  0:023  found PIC had IRQNoFlag will move -3 bytes
4:730  0:004   deleting device CRT_
4:738  0:008   deleting device DVI_
4:746  0:008   deleting device SPKR
4:754  0:008   deleting device ECP_
4:763  0:008   deleting device LPT_
4:770  0:007   deleting device FDC0
4:781  0:010   deleting device ECP1
4:789  0:008   deleting device LPT1
4:801  0:011   deleting device FDC_
4:812  0:011    indirect name=RAMB
4:816  0:004    indirect name=RAMA
4:820  0:003    indirect name=PNVB
4:824  0:003  OperationRegion (THBA...) corrected from 0x0 to addr=0xFE200000
4:828  0:004    indirect name=TPMM
4:832  0:004    indirect name=FTPM
4:836  0:004    indirect name=PPIM
4:841  0:004  PreCleanup XSDT: count=24, length=228
4:845  0:003  PreCleanup XSDT, corrected XSDT: count=24, length=228
4:849  0:003  === [ ACPIPatchedAML ] ==========================
4:853  0:004  AutoMerge pass 1
4:857  0:004  Unsorted
4:861  0:004  Inserting SSDT-EC.aml from \EFI\CLOVER\ACPI\patched: ignore on pass 1
4:869  0:008  Inserting SSDT-PLUG-_SB.PR00.aml from \EFI\CLOVER\ACPI\patched: ignore on pass 1
4:877  0:008  Inserting SSDT-PM.aml from \EFI\CLOVER\ACPI\patched: ignore on pass 1
4:885  0:008  Inserting SSDT-PMC.aml from \EFI\CLOVER\ACPI\patched: ignore on pass 1
4:894  0:008  === [ ACPIDropTables ] ==========================
4:898  0:003  OCABC: AllocPages 1 0x7A2F3000 (2) - Success
4:902  0:003  OCABC: AllocPages 1 0x7A2F3000 (2) - Success
4:905  0:003  OCABC: AllocPages 1 0x7A2F3000 (2) - Success
4:910  0:004  OCABC: AllocPages 1 0x7A2F3000 (2) - Success
4:913  0:003  OCABC: AllocPages 1 0x7A2F3000 (2) - Success
4:917  0:003  OCABC: AllocPages 1 0x7A2F3000 (2) - Success
4:922  0:004  Patching SSDTs: 2 patches each
4:926  0:004   pattern 4543305F, bin not found / already patched!
4:934  0:008   pattern 48454349, bin not found / already patched!
4:942  0:007  OCABC: AllocPages 1 0x7A2F0000 (3) - Success
4:946  0:004  Patching SSDTs: 2 patches each
4:950  0:004   pattern 4543305F, bin not found / already patched!
4:958  0:008   pattern 48454349, bin not found / already patched!
4:966  0:007  Found OperationRegion(PNVS, SystemMemory, 7ADF3000, ...)
4:970  0:004  OCABC: AllocPages 1 0x7A2EB000 (5) - Success
4:974  0:004  Patching SSDTs: 2 patches each
4:978  0:003   pattern 4543305F, bin not found / already patched!
4:986  0:008   pattern 48454349, bin not found / already patched!
4:994  0:008  Found OperationRegion(SANV, SystemMemory, 7A3D2118, ...)
4:999  0:004  OCABC: AllocPages 1 0x7A2E7000 (4) - Success
5:003  0:004  Patching SSDTs: 2 patches each
5:007  0:004   pattern 4543305F, bin not found / already patched!
5:015  0:008   pattern 48454349, bin not found / already patched!
5:023  0:008  OCABC: AllocPages 1 0x7A2E5000 (2) - Success
5:027  0:004  OCABC: AllocPages 1 0x7A2E5000 (2) - Success
5:031  0:004  Patching SSDTs: 2 patches each
5:036  0:004   pattern 4543305F, bin not found / already patched!
5:044  0:008   pattern 48454349, bin not found / already patched!
5:052  0:007  OCABC: AllocPages 1 0x7A166000 (4) - Success
5:056  0:004  Patching SSDTs: 2 patches each
5:060  0:004   pattern 4543305F, bin not found / already patched!
5:068  0:008   pattern 48454349, bin not found / already patched!
5:077  0:008  OCABC: AllocPages 1 0x7A2E3000 (2) - Success
5:081  0:003  OCABC: AllocPages 1 0x7A2E3000 (2) - Success
5:084  0:003  OCABC: AllocPages 1 0x7A162000 (4) - Success
5:088  0:003  Patching SSDTs: 2 patches each
5:092  0:004   pattern 4543305F, bin not found / already patched!
5:100  0:007   pattern 48454349, bin not found / already patched!
5:108  0:008  OCABC: AllocPages 1 0x7A2E3000 (2) - Success
5:113  0:004  Patching SSDTs: 2 patches each
5:117  0:003   pattern 4543305F, bin not found / already patched!
5:125  0:008   pattern 48454349, bin not found / already patched!
5:133  0:007  OCABC: AllocPages 1 0x7A160000 (2) - Success
5:137  0:003  OCABC: AllocPages 1 0x7A160000 (2) - Success
5:141  0:003  OCABC: AllocPages 1 0x7A15F000 (3) - Success
5:145  0:004  Patching SSDTs: 2 patches each
5:149  0:003   pattern 4543305F, bin not found / already patched!
5:156  0:007   pattern 48454349, bin not found / already patched!
5:165  0:008  OCABC: AllocPages 1 0x7A15D000 (2) - Success
5:169  0:004  Patching SSDTs: 2 patches each
5:173  0:003   pattern 4543305F, bin not found / already patched!
5:181  0:007   pattern 48454349, bin not found / already patched!
5:189  0:007  Found OperationRegion(ADHD, SystemMemory, 78CD0000, ...)
5:193  0:003  Found OperationRegion(ABLK, SystemMemory, 78CD0020, ...)
5:197  0:003  OCABC: AllocPages 1 0x7A14D000 (16) - Success
5:201  0:004  OCABC: AllocPages 1 0x7A15B000 (2) - Success
5:205  0:004  OCABC: AllocPages 1 0x7A15B000 (2) - Success
5:209  0:004  === [ ACPIPatchedAML ] ==========================
5:213  0:004  AutoMerge pass 2
5:217  0:004  Unsorted
5:221  0:003  Inserting SSDT-EC.aml from \EFI\CLOVER\ACPI\patched: size=91 OCABC: AllocPages 1 0x7A15C000 (1) - Success
... Success
5:237  0:016  Inserting SSDT-PLUG-_SB.PR00.aml from \EFI\CLOVER\ACPI\patched: size=166 OCABC: AllocPages 1 0x7A15B000 (1) - Success
... Success
5:254  0:016  Inserting SSDT-PM.aml from \EFI\CLOVER\ACPI\patched: size=198 OCABC: AllocPages 1 0x7A15A000 (1) - Success
... Success
5:271  0:016  Inserting SSDT-PMC.aml from \EFI\CLOVER\ACPI\patched: size=143 OCABC: AllocPages 1 0x7A159000 (1) - Success
... Success
5:287  0:016  ApicCPUNum=1
5:291  0:004  Maximum control=0x24
5:295  0:003  Turbo control=0x31
5:299  0:003  P-States: min 0x8, max 0x31
5:303  0:003  SSDT with plugin-type without P-States is generated
5:307  0:003  OCABC: AllocPages 1 0x7A158000 (1) - Success
5:311  0:003  Cleanup XSDT: count=29, length=268
5:315  0:003  corrected XSDT count=29, length=268
5:319  0:004  === [ RestSetup macOS ] =========================
5:323  0:004  ATI injection not set
5:327  0:003  Intel UHD Graphics 630 [8086:3E98] :: PciRoot(0x0)\Pci(0x2,0x0)
5:331  0:003    Intel: no default properties
5:335  0:003  Intel GFX revision  = 0x0
5:339  0:004   RCBA disabled; cannot use it
5:343  0:003   setting specified layout-id=1 (0x1)
5:347  0:003  stringlength = 458
5:351  0:004  OCABC: AllocPages 1 0x7A157000 (1) - Success
5:355  0:004  CurrentMode: Width=1366 Height=768
5:359  0:004  SetNvramVariable (system-id, 4D1EDE05-38C7-4A6A-9CC6-4BCCA8B38C14, 0x2, 16): -> writing new (Success)
5:368  0:008  SetNvramVariable (MLB, 4D1EDE05-38C7-4A6A-9CC6-4BCCA8B38C14, 0x6, 17): -> writing new (Success)
5:377  0:008  SetNvramVariable (ROM, 4D1EDE05-38C7-4A6A-9CC6-4BCCA8B38C14, 0x6, 6): -> writing new (Success)
5:385  0:008  SetNvramVariable (FirmwareFeatures, 4D1EDE05-38C7-4A6A-9CC6-4BCCA8B38C14, 0x6, 4): -> writing new (Success)
5:394  0:008  SetNvramVariable (FirmwareFeaturesMask, 4D1EDE05-38C7-4A6A-9CC6-4BCCA8B38C14, 0x6, 4): -> writing new (Success)
5:403  0:008  SetNvramVariable (ExtendedFirmwareFeatures, 4D1EDE05-38C7-4A6A-9CC6-4BCCA8B38C14, 0x6, 8): -> writing new (Success)
5:412  0:008  SetNvramVariable (ExtendedFirmwareFeaturesMask, 4D1EDE05-38C7-4A6A-9CC6-4BCCA8B38C14, 0x6, 8): -> writing new (Success)
5:420  0:008  AddNvramVariable (HW_BID, 4D1EDE05-38C7-4A6A-9CC6-4BCCA8B38C14, 0x6, 20): -> writing new (Success)
5:429  0:009  AddNvramVariable (security-mode, 7C436110-AB2A-4BBB-A880-FE41995C9F82, 0x7, 5): -> already exists, abort
5:438  0:008  set DefaultBackgroundColor=0xfbfbfb
5:442  0:003  SetNvramVariable (DefaultBackgroundColor, 4D1EDE05-38C7-4A6A-9CC6-4BCCA8B38C14, 0x7, 4): -> writing new (Success)
5:454  0:012  SetNvramVariable (ActualDensity, 7C436110-AB2A-4BBB-A880-FE41995C9F82, 0x7, 2): exists(0x7, 2), equal -> not writing again.
5:466  0:012  SetNvramVariable (DensityThreshold, 7C436110-AB2A-4BBB-A880-FE41995C9F82, 0x7, 2): exists(0x7, 2), equal -> not writing again.
5:478  0:012  SetNvramVariable (gfx-saved-config-restore-status, 4D1EDE05-38C7-4A6A-9CC6-4BCCA8B38C14, 0x7, 8): exists(0x7, 8), equal -> not writing again.
5:491  0:012  DeleteNvramVariable (UIScale, 4D1EDE05-38C7-4A6A-9CC6-4BCCA8B38C14):
5:495  0:004  DeleteNvramVariable (EFILoginHiDPI, 7C436110-AB2A-4BBB-A880-FE41995C9F82):
5:499  0:003  SetNvramVariable (flagstate, 7C436110-AB2A-4BBB-A880-FE41995C9F82, 0x7, 32): exists(0x7, 32), equal -> not writing again.
5:512  0:012  SetNvramVariable (csr-active-config, 7C436110-AB2A-4BBB-A880-FE41995C9F82, 0x7, 4): exists(0x7, 4), equal -> not writing again.
5:531  0:019  DeleteNvramVariable (BridgeOSHardwareModel, 4D1EDE05-38C7-4A6A-9CC6-4BCCA8B38C14):
5:536  0:004  DeleteNvramVariable (bootercfg, 7C436110-AB2A-4BBB-A880-FE41995C9F82):
5:540  0:004  DeleteNvramVariable (nvda_drv, 7C436110-AB2A-4BBB-A880-FE41995C9F82):
5:545  0:004  DeleteNvramVariable (recovery-boot-mode, 7C436110-AB2A-4BBB-A880-FE41995C9F82):
5:549  0:004  AddNvramVariable (wake-failure, 7C436110-AB2A-4BBB-A880-FE41995C9F82, 0x7, 5): -> already exists, abort
5:558  0:008  DeleteNvramVariable (opencore-version, 7C436110-AB2A-4BBB-A880-FE41995C9F82):
5:563  0:004  DeleteNvramVariable (ApBoardID, 94B73556-2197-4702-82A8-3E1337DAFBFB):
5:567  0:004  DeleteNvramVariable (ApSecurityDomain, 94B73556-2197-4702-82A8-3E1337DAFBFB):
5:572  0:004  DeleteNvramVariable (ApProductionStatus, 94B73556-2197-4702-82A8-3E1337DAFBFB):
5:577  0:004  DeleteNvramVariable (ApSecurityMode, 94B73556-2197-4702-82A8-3E1337DAFBFB):
5:582  0:004  DeleteNvramVariable (EffectiveProductionStatus, 94B73556-2197-4702-82A8-3E1337DAFBFB):
5:587  0:004  DeleteNvramVariable (EffectiveSecurityMode, 94B73556-2197-4702-82A8-3E1337DAFBFB):
5:591  0:004  DeleteNvramVariable (CertificateEpoch, 94B73556-2197-4702-82A8-3E1337DAFBFB):
5:596  0:004  DeleteNvramVariable (MixNMatchPreventionStatus, 94B73556-2197-4702-82A8-3E1337DAFBFB):
5:601  0:004  DeleteNvramVariable (CryptoDigestMethod, 94B73556-2197-4702-82A8-3E1337DAFBFB):
5:606  0:004  DeleteNvramVariable (InternalUseOnlyUnit, 94B73556-2197-4702-82A8-3E1337DAFBFB):
5:611  0:004  DeleteNvramVariable (ApECID, 94B73556-2197-4702-82A8-3E1337DAFBFB):
5:615  0:004  DeleteNvramVariable (HardwareModel, 94B73556-2197-4702-82A8-3E1337DAFBFB):
5:619  0:003  Use origin smbios table type 1 guid.
5:643  0:023  DeleteNvramVariable (efi-boot-device, 7C436110-AB2A-4BBB-A880-FE41995C9F82):
5:648  0:005  DeleteNvramVariable (efi-boot-device-data, 7C436110-AB2A-4BBB-A880-FE41995C9F82):
5:652  0:004  DeleteNvramVariable (BootCampHD, 7C436110-AB2A-4BBB-A880-FE41995C9F82):
5:656  0:004  Custom boot screen not used because entry has unset use graphics
5:662  0:005  DeleteNvramVariable (IOHibernateRTCVariables, 7C436110-AB2A-4BBB-A880-FE41995C9F82):
5:667  0:004  DeleteNvramVariable (boot-image, 7C436110-AB2A-4BBB-A880-FE41995C9F82):
5:671  0:004  Kernel quirks
5:675  0:004  ACPCL 1 AXCL 1 AXEM 0 AXFB 0 CSG 0 DIM 0 DLJ 0 DRC 1 DPM 0 EBTFF 0 EDI 0 FAI 0 IPBS 0 LKP 0 PNKD 0 PTKP 0 TPD 0 XPL 0 PCC 0
5:679  0:004  Closing log
5:684  0:004  OCABC: AllocPages 2 0x91000 (14) - Success
5:688  0:004  OCABC: AllocPages 2 0x6F7C8000 (14) - Success
5:693  0:005  OCABC: Patching safe mode sur-2 at off ACF4
5:697  0:004  OCABC: AllocPages 2 0x77848000 (512) - Success
5:701  0:004  OCABC: AllocPages 2 0x77847000 (1) - Success
5:705  0:004  OC: Supported boot capabilities 4
5:711  0:005  OCOS: OS set: <null> macOS 11.0
5:715  0:004  OCOS: OS set: Apple Inc. macOS 11.0
5:719  0:004  OCOS: Should use black background
5:723  0:004  OCABC: AllocPages 1 0x6D351000 (1) - Success
5:739  0:015  OC: Opening file System\Library\Kernels\kernel with 1 mode gave - Not Found
5:743  0:004  OC: Opening file \A490645D-B724-4FBC-9AC8-F7A23B1C4935 with 1 mode gave - Success
5:747  0:004  OC: Opening file \A490645D-B724-4FBC-9AC8-F7A23B1C4935\System\Library\CoreServices\com.apple.Boot.plist with 1 mode gave - Not Found
5:752  0:004  OC: Opening file Library\Preferences\SystemConfiguration\com.apple.Boot.plist with 1 mode gave - Success
5:756  0:004  OC: Opening file \A490645D-B724-4FBC-9AC8-F7A23B1C4935\System\Library\CoreServices\PlatformSupport.plist with 1 mode gave - Success
10:778  5:022  OCABC: AllocPages 2 0xD900000 (121199) - Success
10:802  0:023  OC: Opening file System\Library\Caches\com.apple.corestorage\EncryptedRoot.plist.wipekey with 1 mode gave - Success
10:822  0:020  OC: Opening file \A490645D-B724-4FBC-9AC8-F7A23B1C4935\System\Library\CoreServices\boot.efi with 1 mode gave - Success
10:855  0:032  OC: Opening file boot\System\Library\KernelCollections\BootKernelExtensions.kc.development with 1 mode gave - Not Found
10:873  0:017  OC: Opening file boot\System\Library\KernelCollections\BootKernelExtensions.kc with 1 mode gave - Success
10:877  0:004  OC: Load and reserve Kext Other\FakeSMC.kext
10:882  0:004  OC: Load and reserve Kext Other\USBMapDummy.kext
10:886  0:004  OC: Load and reserve Kext Other\RadeonMonitor.kext
10:891  0:004  OC: Load and reserve Kext Other\IntelCPUMonitor.kext
10:895  0:004  OC: Kext reservation size info 506000 exe 3B000
10:899  0:004  OC: Trying 64-bit XNU hook on boot\System\Library\KernelCollections\BootKernelExtensions.kc
10:904  0:004  OCAK: Found 64-bit Mach-O compressed 0 offset 0 size 0
10:908  0:004  OCAK: Determined kernel size is 62734336 bytes
10:942  0:034  OC: Result of 64-bit XNU hook on boot\System\Library\KernelCollections\BootKernelExtensions.kc (00000000) is Success
10:990  0:047  OCAK: Read kernel version 23.4.0 (230400)
10:994  0:004  OCAK: 64-bit patcher base 0xFFFFFF8000200000 kmod 0x0 file 0x0
10:999  0:005  OCAK: Zeroing _xcpm_core_scope_msrs 0xE2 applicable CPUs (76)
11:006  0:006  OCAK: Zeroing _xcpm_core_scope_msrs 0xE2 applicable CPUs (406416)
11:010  0:004  OCAK: Zeroing _xcpm_core_scope_msrs 0xE2 applicable CPUs (16384)
11:015  0:005  Replace B9E20000000F30 by B9E20000009090 at ofs:30E
11:086  0:071  Replace B9E20000000F30 by B9E20000009090 at ofs:39B
11:155  0:069  OCAK: 64-bit XcpmCfgLockRel replace count - 2
11:160  0:004  OCAK: [OK] Success XcpmCfgLock patch
11:203  0:043  OCAK: org.netkas.FakeSMC got KXLD 0 0
11:207  0:004  OCAK: Requesting __LINKEDIT for org.netkas.FakeSMC - 6CE10398 at 3BD5000
11:211  0:003  OCAK: Requesting SymbolTable for org.netkas.FakeSMC - 601
11:215  0:004  OCAK: Requesting __LINKEDIT for __kernel__ - 69246688 at 0
11:219  0:003  OCAK: Requesting SymbolTable for __kernel__ - 22799
11:246  0:027  OCAK: Patching invalid size 2000 with 19DF000 for com.apple.iokit.IOACPIFamily
11:250  0:003  OCAK: com.apple.iokit.IOACPIFamily got KXLD 0 0
11:254  0:003  OCAK: Requesting __LINKEDIT for com.apple.iokit.IOACPIFamily - 6B431518 at 21F6000
11:258  0:004  OCAK: Requesting SymbolTable for com.apple.iokit.IOACPIFamily - 544
11:269  0:011  OCAK: Local relocs 1148 on FFFFFF8003CD5000
11:274  0:005  OC: Prelinked injection Other\FakeSMC.kext () - Success
11:279  0:004  OC: Prelinked injection Other\USBMapDummy.kext () - Success
11:283  0:004  OCAK: org.slice.RadeonMonitor got KXLD 0 0
11:287  0:004  OCAK: Requesting __LINKEDIT for org.slice.RadeonMonitor - 6CE28398 at 3BED000
11:291  0:003  OCAK: Requesting SymbolTable for org.slice.RadeonMonitor - 372
11:297  0:005  OCAK: Patching invalid size 32000 with 156F000 for com.apple.iokit.IOPCIFamily
11:301  0:003  OCAK: com.apple.iokit.IOPCIFamily got KXLD 0 0
11:305  0:004  OCAK: Requesting __LINKEDIT for com.apple.iokit.IOPCIFamily - 6B8A1518 at 2666000
11:309  0:004  OCAK: Requesting SymbolTable for com.apple.iokit.IOPCIFamily - 1531
11:317  0:008  OCAK: Requesting SymbolTable for org.netkas.FakeSMC - 191
11:327  0:009  OCAK: Local relocs 369 on FFFFFF8003CED000
11:331  0:004  OC: Prelinked injection Other\RadeonMonitor.kext () - Success
11:335  0:003  OCAK: org.slice.IntelCPUMonitor got KXLD 0 0
11:339  0:003  OCAK: Requesting __LINKEDIT for org.slice.IntelCPUMonitor - 6CE393E8 at 3BFE000
11:343  0:004  OCAK: Requesting SymbolTable for org.slice.IntelCPUMonitor - 363
11:351  0:008  OCAK: Local relocs 306 on FFFFFF8003CFE000
11:356  0:004  OC: Prelinked injection Other\IntelCPUMonitor.kext () - Success
11:360  0:003  OC: Prelink size 62980096 kext offset 62738432 reserved 241664
11:364  0:003  OCAK: KC TEXT is 65536 bytes with 61800 Mach-O headers need 400
11:381  0:017  OCAK: Failed to pk find com.apple.driver.AppleIntelCPUPowerManagement - Not Found
11:385  0:003  OCAK: [OK] Skipping PatchAppleCpuPmCfgLock on NULL Patcher on kernel version 230400
11:390  0:004  OCAK: Patching invalid size 5FF4 with 2193000 for com.apple.driver.AppleRTC
11:394  0:004  OCAK: com.apple.driver.AppleRTC got KXLD 0 0
11:398  0:004  Replace BE58000000/FFFEFFFFFF(BE58000000) by BEFFFF0000 at ofs:1AED
11:501  0:102  Replace BE58000000/FFFEFFFFFF(BE59000000) by BEFFFF0000 at ofs:1AFE
11:610  0:109  Replace BE58000000/FFFEFFFFFF(BE58000000) by BEFFFF0000 at ofs:1DE3
11:718  0:107  Replace BE58000000/FFFEFFFFFF(BE59000000) by BEFFFF0000 at ofs:1DF3
11:823  0:104  OCAK: 64-bit DisableRtcChecksum64 replace count - 4
11:827  0:004  OCAK: [OK] Patch success com.apple.driver.AppleRTC DisableRtcChecksum
11:951  0:123  OC: Prelinked status - Success
11:995  0:044  OC: Opening file usr\standalone\OS.dmg.root_hash with 1 mode gave - Success
12:005  0:010  OC: Opening file usr\standalone\OS.dmg.root_hash.x86legacyap.im4m with 1 mode gave - Success
12:015  0:010  OCABC: AllocPages 0 0x7308E000 (1) - Success
12:019  0:003  OCABC: AllocPages 0 0x7308B000 (1) - Success
12:033  0:014  FixOwnership() -> begin
12:037  0:003  PCI Io found 18
12:040  0:003  USB XHCI reset for device A36D
12:044  0:003  ExtendCap=00008000
12:048  0:003    Value=02000802
12:051  0:003    Value=03011402
12:055  0:003    Value=005CFFC0
12:059  0:003    Value=00002201
