0:100  0:100  MemLog inited, TSC freq: 3600479500
0:100  0:000  CPU was calibrated with RTC
0:100  0:000  CloverX64 : Image base = 0x6D404000
0:100  0:000  Clover ImageHandle = 75ee9b98
0:102  0:002  SelfDirPath = \EFI\CLOVER
0:103  0:001  === [ Starting Clover ] =========================
0:103  0:000  Now is 25.11.2024,  14:50:39 (GMT)
0:103  0:000  Starting Clover revision: 5160 (master, commit 7b08a616e) on American Megatrends EFI
0:103  0:000  Build id: 20240909210805-7b08a61-dirty
0:103  0:000  Build with: [Args: -D NO_GRUB_DRIVERS_EMBEDDED -D LESS_DEBUG -t GCC131 | --cmd-len=50000 -D NO_GRUB_DRIVERS_EMBEDDED -D LESS_DEBUG --conf=/Users/sergey/src/CloverBootloader/Conf -D USE_LOW_EBDA -a X64 -b RELEASE -t GCC131 -n 5 | OS: 15]
0:103  0:000  === [ Get Smbios ] ==============================
0:103  0:000  Type 16 Index = 0
0:103  0:000  Total Memory Slots Count = 4
0:103  0:000  Type 17 Index = 0
0:103  0:000  SmbiosTable.Type17->SlotIndex = 0
0:103  0:000  SmbiosTable.Type17->ModuleSize = 8192MB
0:103  0:000  SmbiosTable.Type17->Type = 0
0:103  0:000  SmbiosTable.Type17->Frequency = 3200MHz
0:103  0:000  SmbiosTable.Type17->Bank/Device = BANK 0 ChannelA-DIMM1
0:103  0:000  SmbiosTable.Type17->Vendor = Corsair
0:103  0:000  SmbiosTable.Type17->SerialNo = 00000000
0:103  0:000  SmbiosTable.Type17->PartNo = CMK16GX4M2K4266C19
0:103  0:000  Type 17 Index = 1
0:103  0:000  SmbiosTable.Type17->SlotIndex = 1
0:103  0:000  SmbiosTable.Type17->ModuleSize = 8192MB
0:103  0:000  SmbiosTable.Type17->Type = 0
0:103  0:000  SmbiosTable.Type17->Frequency = 3200MHz
0:103  0:000  SmbiosTable.Type17->Bank/Device = BANK 1 ChannelA-DIMM2
0:103  0:000  SmbiosTable.Type17->Vendor = Corsair
0:103  0:000  SmbiosTable.Type17->SerialNo = 00000000
0:103  0:000  SmbiosTable.Type17->PartNo = CMK16GX4M2K4266C19
0:103  0:000  Type 17 Index = 2
0:103  0:000  Ignoring insane frequency value 0MHz
0:103  0:000  Type 17 Index = 3
0:103  0:000  Ignoring insane frequency value 0MHz
0:103  0:000  Boot status=0
0:103  0:000  Running on: 'System Product Name' with board 'PRIME Z390-A'
0:103  0:000  === [ GetCPUProperties ] ========================
0:103  0:000  CPU Vendor = 756E6547 Model=906EC
0:103  0:000   The CPU supported SSE4.1
0:103  0:000   The CPU supported RDRAND
0:103  0:000  BrandString = Intel(R) Core(TM) i7-9700K CPU @ 3.60GHz
0:103  0:000   The CPU supported turbo
0:103  0:000   Energy PerfBias is  visible:
0:103  0:000  MSR 0x35               80008
0:103  0:000   TSC/CCC Information Leaf:
0:103  0:000    numerator     : 300
0:103  0:000    denominator   : 2
0:103  0:000   Calibrated ARTFrequency: 24003196
0:103  0:000   Rounded ARTFrequency: 24000000
0:104  0:000  MSR 0xE2 before patch 1E000000
0:104  0:000  MSR 0xCE              08080838_F1012400
0:104  0:000  corrected FLEX_RATIO = E0000
0:104  0:000  MSR 0x1B0             00000000
0:104  0:000  FSBFrequency = 109 MHz, DMI FSBFrequency = 100 MHz, Corrected FSBFrequency = 100 MHz
0:104  0:000  MaxDiv/MinDiv: 36.0/8
0:104  0:000  Turbo: 47/49/49/49
0:104  0:000  Features: 0x77FAFBFFBFEBFBFF
0:104  0:000  Threads: 8
0:104  0:000  Cores: 8
0:104  0:000  FSB: 100 MHz
0:104  0:000  CPU: 3900 MHz
0:104  0:000  TSC: 3900 MHz
0:104  0:000  PIS: 100 MHz
0:104  0:000  ExternalClock: 25 MHz
0:104  0:000  === [ GetDevices ] ==============================
0:104  0:000  GOP found at: PciRoot(0x0)/Pci(0x1,0x0)/Pci(0x0,0x0)/AcpiAdr(0x80010302)
0:104  0:000  PCI (00|00:00.00) : 8086 3E30 class=060000
0:104  0:000  PCI (00|00:01.00) : 8086 1901 class=060400
0:104  0:000  PCI (00|01:00.00) : 1002 67DF class=030000
0:104  0:000   - GFX: Model=AMD Radeon RX 480/570/580 (ATI/AMD)
0:104  0:000   - GOP: Provided by device
0:104  0:000  PCI (00|01:00.01) : 1002 AAF0 class=040300
0:104  0:000   - HDMI Audio: 
0:104  0:000  PCI (00|00:02.00) : 8086 3E98 class=038000
0:104  0:000   - GFX: Model=Intel UHD Graphics 630 (Intel)
0:104  0:000  PCI (00|00:14.00) : 8086 A36D class=0C0330
0:104  0:000  PCI (00|00:14.02) : 8086 A36F class=050000
0:104  0:000  PCI (00|00:16.00) : 8086 A360 class=078000
0:104  0:000  PCI (00|00:17.00) : 8086 A352 class=010601
0:104  0:000  PCI (00|00:1B.00) : 8086 A340 class=060400
0:104  0:000  PCI (00|00:1C.00) : 8086 A338 class=060400
0:104  0:000  PCI (00|00:1D.00) : 8086 A330 class=060400
0:104  0:000  PCI (00|04:00.00) : 144D A808 class=010802
0:104  0:000  PCI (00|00:1F.00) : 8086 A305 class=060100
0:104  0:000  PCI (00|00:1F.03) : 8086 A348 class=040300
0:104  0:000  PCI (00|00:1F.04) : 8086 A323 class=0C0500
0:104  0:000  PCI (00|00:1F.05) : 8086 A324 class=0C8000
0:104  0:000  PCI (00|00:1F.06) : 8086 15BC class=020000
0:104  0:000   - LAN: 1 Vendor=Intel
0:104  0:000  Legacy MAC address of LAN #0= 40:B0:76:DE:9E:93:
0:104  0:000  _checkOEMPath Look for oem dir at path '\EFI\CLOVER\OEM\System Product Name--40-B0-76-DE-9E-93'. Dir doesn't exist.
0:104  0:000  _checkOEMPath Look for oem dir at path '\EFI\CLOVER\OEM\PRIME Z390-A\UEFI'. Dir doesn't exist.
0:104  0:000  _checkOEMPath Look for oem dir at path '\EFI\CLOVER\OEM\System Product Name'. Dir doesn't exist.
0:105  0:000  _checkOEMPath Look for oem dir at path '\EFI\CLOVER\OEM\System Product Name-3900'. Dir doesn't exist.
0:105  0:000  _checkOEMPath Look for oem dir at path '\EFI\CLOVER\OEM\PRIME Z390-A'. Dir doesn't exist.
0:105  0:000  _checkOEMPath Look for oem dir at path '\EFI\CLOVER\OEM\PRIME Z390-A-3900'. Dir doesn't exist.
0:105  0:000  === [ GetUserSettings ] =========================
0:105  0:000  GetDefaultModel()=iMac18,3
0:105  0:000  === [ LoadUserSettings ] ========================
0:105  0:000  Using config.plist at path: \EFI\CLOVER
0:105  0:000  There is a problem in plist '\EFI\CLOVER\config.plist'
0:105  0:000  Warning: EfiVersion '1037.100.345.0.0' is older than default ('1968.100.16.0.1') -> ignored. Dict '/SMBIOS:282'.
0:105  0:000  Use CloverConfigPlistValidator or look in the log
3:105  3:000  === [ LoadUserSettings ] ========================
3:106  0:000  Cannot find smbios.plist at path '\EFI\CLOVER' : Not Found
3:106  0:000  '\EFI\CLOVER\smbios.plist' not loaded. Efi error Not Found
3:106  0:000  create SMBIOS list, found 27 dicts
3:106  0:000  ... ACPI
3:106  0:000  ... Boot
3:106  0:000  ... BootGraphics
3:106  0:000  ... Devices
3:106  0:000  ... DisableDrivers
3:106  0:000  ... GUI
3:106  0:000  ... Graphics
3:106  0:000  ... KernelAndKextPatches
3:106  0:000  ... SMBIOS
3:106  0:000  ... SystemParameters
3:106  0:000  ... RtVariables
3:106  0:000  ... Quirks
3:106  0:000  get model from config.plist
3:106  0:000  Using latest BiosVersion from config instead of default 'IM191.88Z.F000.B00.2302212211'
3:116  0:010  Using latest BiosReleaseDate from config instead of default '02/21/2023'
3:120  0:003  BiosVersion: IM191.88Z.F000.B00.2308061817
3:124  0:003  BiosReleaseDate: 08/06/2023
3:128  0:003  EfiVersion: 1968.100.16.0.1
3:131  0:003  Calibrated TSC Frequency = 3600479500 = 3600MHz
3:135  0:003  === [ GetListOfThemes ] =========================
3:139  0:003  - [00]: random
3:146  0:007  - [00]: embedded
3:154  0:007  === [ Found config plists ] =====================
3:158  0:003  - config.plist
3:161  0:003  - config-sample.plist
3:165  0:003  - config_old.plist
3:169  0:003  === [ LoadDrivers ] =============================
3:173  0:004  Loading NvmExpressDxe.efi status=Success
3:185  0:012   - driver needs connecting
3:189  0:003  Loading EnglishDxe.efi status=Success
3:200  0:011  Loading AppleKeyFeeder.efi status=Success
3:213  0:012  Loading VBoxHfs.efi status=Success
3:225  0:012   - driver needs connecting
3:229  0:003  Loading HashServiceFix.efi status=Success
3:240  0:011  Loading PartitionDxe.efi status=Success
3:252  0:012   - driver needs connecting
3:256  0:003  Loading ApfsDriverLoader.efi status=Success
3:268  0:011   - driver needs connecting
3:272  0:003  4 drivers needs connecting ...
3:272  0:000  PlatformDriverOverrideProtocol not found. Installing ... Success
3:272  0:000  Partition driver loaded: 
3:273  0:000  HFS+ driver loaded
3:273  0:000  APFS driver loaded
3:273  0:000  Searching for invalid DiskIo BY_DRIVER connects: not found, all ok
3:483  0:209  === [ InitScreen ] ==============================
3:487  0:003  Console modes reported: 4, available modes:
3:490  0:003   - [01]: 80x25 (current mode)
3:494  0:003   - [03]: 100x31
3:498  0:003   - [04]: 170x40
3:501  0:003  SetScreenResolution: 1920x1080 - not found!
3:508  0:007  SetMaxResolution: found best mode 0: 1366x768
3:515  0:007   - already set
3:520  0:004  Using embedded font
3:524  0:004  === [ ScanSPD ] =================================
3:528  0:003  SMBus device : 8086 A323 class=0C0500 status=Success
3:532  0:003  SMBus CmdReg: 0x3
3:535  0:003  Scanning SMBus [8086:A323], mmio: 0x12116004, ioport: 0xEFA0, hostc: 0x11
3:539  0:003  Slots to scan [8]...
3:543  0:004  SPD[0]: Got invalid type 0 @0x50. Will set page and retry.
3:547  0:004  SPD[0]: Type 12 @0x50
3:569  0:021  XMP Profile1: 4*125 -31 ns
3:573  0:003  Found module with XMP version 2.0
3:576  0:003  Using XMP Profile1 instead of standard frequency 2132MHz
3:580  0:004  DDR speed 4264MHz
3:584  0:003  Slot: 0 Type 26 8192MB 4264MHz Vendor=Corsair PartNo=CMK16GX4M2K4266C19 SerialNo=00000000
3:588  0:004  SPD[1]: Type 12 @0x51
3:609  0:021  XMP Profile1: 4*125 -31 ns
3:613  0:003  Found module with XMP version 2.0
3:617  0:003  Using XMP Profile1 instead of standard frequency 2132MHz
3:620  0:003  DDR speed 4264MHz
3:624  0:003  Slot: 1 Type 26 8192MB 4264MHz Vendor=Corsair PartNo=CMK16GX4M2K4266C19 SerialNo=00000000
3:629  0:004  === [ GetAcpiTablesList ] =======================
3:632  0:003  Get Acpi Tables List from RSDT: count=24
3:642  0:010   - [00]: FACP  A M I  len=132
3:649  0:006   - [01]: APIC  A M I  len=188
3:652  0:003   - [02]: FPDT  A M I  len=68
3:656  0:003   - [03]: FIDT  A M I len=156
3:660  0:003   - [04]: MCFG  A M I  len=60
3:663  0:003   - [05]: WSMT  A M I  len=40
3:667  0:003   - [06]: SSDT  SataTabl len=888
3:670  0:003   - [07]: SSDT  CpuSsdt len=6101
3:674  0:003   - [08]: SSDT  SaSsdt  len=12443
3:678  0:004   - [09]: SSDT  PegSsdt len=9048
3:682  0:003   - [10]: HPET  A M I  len=56
3:685  0:003   - [11]: SSDT  Ther_Rvp len=3998
3:689  0:003   - [12]: SSDT  xh_cfsd4 len=10579
3:692  0:003   - [13]: UEFI  A M I  len=72
3:696  0:003   - [14]: LPIT  A M I  len=92
3:700  0:003   - [15]: SSDT  PtidDevc len=10206
3:703  0:003   - [16]: SSDT  TbtTypeC len=4094
3:710  0:006   - [17]: DBGP  A M I  len=52
3:714  0:003   - [18]: DBG2  A M I  len=84
3:717  0:003   - [19]: SSDT  UsbCTabl len=6449
3:721  0:004   - [20]: SSDT  ADebTabl len=324
3:725  0:003   - [21]: VFCT  A M I  len=59524
3:729  0:003   - [22]: BGRT  A M I  len=56
3:732  0:003   - [23]: WPBT  A M I len=60
3:736  0:004   - [00]: Drop table : MATS,                0 :  no
3:744  0:007   - [01]: Drop table : DMAR,                0 :  no
3:751  0:007  Custom boot CUSTOM_BOOT_DISABLED (0x0)
3:755  0:003  Default theme: embedded
3:759  0:003  Set FakeCPUID: 0x0
3:763  0:004  === [ Found DSDT tables ] =======================
3:767  0:004  === [ InitKextList ] ============================
3:772  0:004  Added Kext=Other\USBMapDummy.kext (1.0)
3:776  0:004  Added Kext=Other\RadeonMonitor.kext (1.3.5)
3:781  0:004  Added Kext=Other\FakeSMC.kext (3.5.6)
3:785  0:004  Added Kext=Other\IntelCPUMonitor.kext (1.2.6)
3:791  0:005  === [ ScanVolumes ] =============================
3:795  0:004  Found 12 volumes with blockIO
3:799  0:003  - [00]: Volume: PciRoot(0x0)\Pci(0x17,0x0)\Sata(0x0,0xFFFF,0x0)
3:807  0:007  - [01]: Volume: PciRoot(0x0)\Pci(0x17,0x0)\Sata(0x0,0xFFFF,0x0)\HD(1,GPT,38DCC513-D608-408E-9D2F-1469C8B906A0,0x28,0x64000)
3:815  0:008          Result of bootcode detection: bootable unknown (legacy)
3:838  0:023            label : EFI
3:842  0:003  - [02]: Volume: PciRoot(0x0)\Pci(0x17,0x0)\Sata(0x0,0xFFFF,0x0)\HD(2,GPT,C20AA839-E88E-4CED-8CAB-9480B290394C,0x64028,0x15D466360)
3:867  0:025            label : Dati
3:871  0:003  - [03]: Volume: PciRoot(0x0)\Pci(0x1D,0x0)\Pci(0x0,0x0)\NVMe(0x1,CA-8F-B2-81-58-38-25-00)
3:878  0:007  - [04]: Volume: PciRoot(0x0)\Pci(0x1D,0x0)\Pci(0x0,0x0)\NVMe(0x1,CA-8F-B2-81-58-38-25-00)\HD(1,GPT,6E40A227-DDED-4325-B7CE-3959620EB39E,0x28,0x64000)
3:886  0:007          Result of bootcode detection: bootable unknown (legacy)
3:892  0:005            label : EFI
3:896  0:003          This is SelfVolume !!
3:899  0:003  - [05]: Volume: PciRoot(0x0)\Pci(0x1D,0x0)\Pci(0x0,0x0)\NVMe(0x1,CA-8F-B2-81-58-38-25-00)\HD(2,GPT,9508A8C6-F9B9-4EDD-ABC7-C1C4A019C410,0x64028,0x3A321FE0)
3:907  0:007          Result of bootcode detection: bootable unknown (legacy)
3:910  0:003  - [06]: Volume: PciRoot(0x0)\Pci(0x1D,0x0)\Pci(0x0,0x0)\NVMe(0x1,CA-8F-B2-81-58-38-25-00)\HD(2,GPT,9508A8C6-F9B9-4EDD-ABC7-C1C4A019C410,0x64028,0x3A321FE0)\VenMedia(BE74FCF7-0B7C-49F3-9147-01F4042E6842,F2738F7DD5B89341BB89C99D72294438)
3:918  0:007            apfsFileSystemUUID=7D8F73F2-B8D5-4193-BB89-C99D72294438, ApfsContainerUUID=85F3C012-2D6D-4FA1-A77E-71D7470E7FA2, ApfsRole=0x10
3:922  0:004            label : Preboot
3:926  0:003  - [07]: Volume: PciRoot(0x0)\Pci(0x1D,0x0)\Pci(0x0,0x0)\NVMe(0x1,CA-8F-B2-81-58-38-25-00)\HD(2,GPT,9508A8C6-F9B9-4EDD-ABC7-C1C4A019C410,0x64028,0x3A321FE0)\VenMedia(BE74FCF7-0B7C-49F3-9147-01F4042E6842,5D6490A424B7BC4F9AC8F7A23B1C4935)
3:933  0:007            apfsFileSystemUUID=A490645D-B724-4FBC-9AC8-F7A23B1C4935, ApfsContainerUUID=85F3C012-2D6D-4FA1-A77E-71D7470E7FA2, ApfsRole=0x40
3:948  0:014            label : Macintosh HD - Dati
3:952  0:003  - [08]: Volume: PciRoot(0x0)\Pci(0x1D,0x0)\Pci(0x0,0x0)\NVMe(0x1,CA-8F-B2-81-58-38-25-00)\HD(2,GPT,9508A8C6-F9B9-4EDD-ABC7-C1C4A019C410,0x64028,0x3A321FE0)\VenMedia(BE74FCF7-0B7C-49F3-9147-01F4042E6842,B6D67091A529BA4BA6736F0E24A99093)
3:959  0:007            apfsFileSystemUUID=9170D6B6-29A5-4BBA-A673-6F0E24A99093, ApfsContainerUUID=85F3C012-2D6D-4FA1-A77E-71D7470E7FA2, ApfsRole=0x4
3:963  0:003            label : Recovery
3:967  0:003  - [09]: Volume: PciRoot(0x0)\Pci(0x1D,0x0)\Pci(0x0,0x0)\NVMe(0x1,CA-8F-B2-81-58-38-25-00)\HD(2,GPT,9508A8C6-F9B9-4EDD-ABC7-C1C4A019C410,0x64028,0x3A321FE0)\VenMedia(BE74FCF7-0B7C-49F3-9147-01F4042E6842,C30BF988C32C724BB297A45648EE79C3)
3:977  0:010            apfsFileSystemUUID=88F90BC3-2CC3-4B72-B297-A45648EE79C3, ApfsContainerUUID=85F3C012-2D6D-4FA1-A77E-71D7470E7FA2, ApfsRole=0x1
3:985  0:008            label : Macintosh HD
3:989  0:003  - [10]: Volume: PciRoot(0x0)\Pci(0x1D,0x0)\Pci(0x0,0x0)\NVMe(0x1,CA-8F-B2-81-58-38-25-00)\HD(2,GPT,9508A8C6-F9B9-4EDD-ABC7-C1C4A019C410,0x64028,0x3A321FE0)\VenMedia(BE74FCF7-0B7C-49F3-9147-01F4042E6842,982FC8B0B1F22A41B736D33F4320CF33)
3:997  0:007            apfsFileSystemUUID=B0C82F98-F2B1-412A-B736-D33F4320CF33, ApfsContainerUUID=85F3C012-2D6D-4FA1-A77E-71D7470E7FA2, ApfsRole=0xc0
4:001  0:004            label : Update
4:005  0:003  - [11]: Volume: PciRoot(0x0)\Pci(0x1D,0x0)\Pci(0x0,0x0)\NVMe(0x1,CA-8F-B2-81-58-38-25-00)\HD(2,GPT,9508A8C6-F9B9-4EDD-ABC7-C1C4A019C410,0x64028,0x3A321FE0)\VenMedia(BE74FCF7-0B7C-49F3-9147-01F4042E6842,D0BFA628AA2C7548AE15EA6E25144D32)
4:012  0:007            apfsFileSystemUUID=28A6BFD0-2CAA-4875-AE15-EA6E25144D32, ApfsContainerUUID=85F3C012-2D6D-4FA1-A77E-71D7470E7FA2, ApfsRole=0x8
4:016  0:003            label : VM
4:020  0:003  No AudioIoProtocols, status=Not Found
4:024  0:003  === [ InitXTheme ] ==============================
4:027  0:003  use Daylight theme
4:031  0:003   using embedded theme
4:044  0:012  Using embedded font
4:048  0:003  theme inited
4:051  0:003  Chosen embedded theme
4:055  0:003  after NVRAM boot-args=dart=0 -v agdpmod=pikera
4:062  0:006  Scanning legacy ...
4:065  0:003  === [ Dump SMC keys from NVRAM ] ================
4:069  0:003  found AppleSMC protocol
4:081  0:011     fakesmc-key-RVBF-ch8*:02 46 0F 00 00 12 
4:112  0:031     fakesmc-key-#KEY-ui32:00 00 00 11 
4:135  0:023     fakesmc-key-$Adr-ui32:00 00 03 00 
4:159  0:023     fakesmc-key-$Num-ui8:01 
4:171  0:012     fakesmc-key-RMde-char:41 
4:184  0:012     fakesmc-key-RBr -ch8*:6A 31 33 38 5F 39 00 00 
4:221  0:037     fakesmc-key-EPCI-ui32:09 D0 F0 00 
4:244  0:023     fakesmc-key-REV -ch8*:02 46 0F 00 00 12 
4:275  0:030     fakesmc-key-RPlt-ch8*:6A 31 33 38 00 00 00 00 
4:312  0:037     fakesmc-key-BEMB-flag:00 
4:324  0:012     fakesmc-key-BATP-flag:00 
4:336  0:012     fakesmc-key-BNum-ui8:00 
4:349  0:012     fakesmc-key-MSTc-ui8:00 
4:361  0:012     fakesmc-key-MSAc-ui16:00 00 
4:377  0:015     fakesmc-key-MSWr-ui8:00 
4:389  0:012     fakesmc-key-MSFW-ui8:01 00 
4:405  0:015     fakesmc-key-MSPS-ui16:00 03 
4:427  0:021  Registered 17 SMC keys
4:435  0:007  === [ ScanLoader ] ==============================
4:438  0:003  - [01]: 'EFI'
4:463  0:025  - [02]: 'Dati'
4:500  0:036  - [04]: 'EFI'
4:514  0:013        AddLoaderEntry for Volume Name=EFI, idx=0
4:521  0:006        OSVersion= 
4:524  0:003        IconName=unknown comma=-1 size=7
4:528  0:003        Full=unknown
4:532  0:003        Loader entry created for 'PciRoot(0x0)\Pci(0x1D,0x0)\Pci(0x0,0x0)\NVMe(0x1,CA-8F-B2-81-58-38-25-00)\HD(1,GPT,6E40A227-DDED-4325-B7CE-3959620EB39E,0x28,0x64000)\EFI\BOOT\BOOTX64.efi'
4:536  0:003       hiding entry: \EFI\BOOT\BOOTX64.efi
4:539  0:003        Menu entry added at index 0
4:543  0:003       hiding entry because DiskKind is DISK_KIND_INTERNAL: \EFI\BOOT\BOOTX64.efi
4:547  0:003  - [06]: 'Preboot'
4:554  0:007      ApfsContainerUUID=85F3C012-2D6D-4FA1-A77E-71D7470E7FA2
4:558  0:003      ApfsFileSystemUUID=7D8F73F2-B8D5-4193-BB89-C99D72294438
4:561  0:003      APFSTargetUUID=A490645D-B724-4FBC-9AC8-F7A23B1C4935
4:566  0:004        contentDetails name:Macintosh HD
4:570  0:003        AddLoaderEntry for Volume Name=Preboot, idx=1
4:574  0:003        OSVersion=14.4 
4:577  0:003        Check if volume Is Hibernated:
4:581  0:003        Check sleep image 'by signature':
4:585  0:003        using default sleep image name = \private\var\vm\sleepimage
4:588  0:003        cannot open sleepimage -> Not Found
4:592  0:003        hibernated: no - sign
4:596  0:003        IconName=sonoma,mac comma=6 size=10
4:600  0:003        first=os_sonoma
4:603  0:003        Second=os_mac
4:607  0:003        IconName=unknown comma=-1 size=7
4:611  0:003        Full=unknown
4:615  0:003        Loader entry created for 'PciRoot(0x0)\Pci(0x1D,0x0)\Pci(0x0,0x0)\NVMe(0x1,CA-8F-B2-81-58-38-25-00)\HD(2,GPT,9508A8C6-F9B9-4EDD-ABC7-C1C4A019C410,0x64028,0x3A321FE0)\VenMedia(BE74FCF7-0B7C-49F3-9147-01F4042E6842,F2738F7DD5B89341BB89C99D72294438)\A490645D-B724-4FBC-9AC8-F7A23B1C4935\System\Library\CoreServices\boot.efi'
4:619  0:004        Menu entry added at index 1
4:623  0:003  - [07]: 'Macintosh HD - Dati'
4:630  0:007      ApfsContainerUUID=85F3C012-2D6D-4FA1-A77E-71D7470E7FA2
4:634  0:003      ApfsFileSystemUUID=A490645D-B724-4FBC-9AC8-F7A23B1C4935
4:638  0:003  - [08]: 'Recovery'
4:645  0:007      ApfsContainerUUID=85F3C012-2D6D-4FA1-A77E-71D7470E7FA2
4:649  0:003      ApfsFileSystemUUID=9170D6B6-29A5-4BBA-A673-6F0E24A99093
4:652  0:003      APFSTargetUUID=A490645D-B724-4FBC-9AC8-F7A23B1C4935
4:656  0:003        contentDetails name:Macintosh HD
4:661  0:004        AddLoaderEntry for Volume Name=Recovery, idx=2
4:668  0:007        OSVersion=14.4 
4:672  0:003        IconName=sonoma,mac comma=6 size=10
4:675  0:003        first=os_sonoma
4:679  0:003        Second=os_mac
4:686  0:006        IconName=unknown comma=-1 size=7
4:689  0:003        Full=unknown
4:693  0:003        Loader entry created for 'PciRoot(0x0)\Pci(0x1D,0x0)\Pci(0x0,0x0)\NVMe(0x1,CA-8F-B2-81-58-38-25-00)\HD(2,GPT,9508A8C6-F9B9-4EDD-ABC7-C1C4A019C410,0x64028,0x3A321FE0)\VenMedia(BE74FCF7-0B7C-49F3-9147-01F4042E6842,B6D67091A529BA4BA6736F0E24A99093)\A490645D-B724-4FBC-9AC8-F7A23B1C4935\BaseSystem.dmg'
4:698  0:004        Menu entry added at index 2
4:702  0:003  - [09]: 'Macintosh HD'
4:709  0:007      ApfsContainerUUID=85F3C012-2D6D-4FA1-A77E-71D7470E7FA2
4:713  0:003      ApfsFileSystemUUID=88F90BC3-2CC3-4B72-B297-A45648EE79C3
4:721  0:007  - [10]: 'Update'
4:728  0:007      ApfsContainerUUID=85F3C012-2D6D-4FA1-A77E-71D7470E7FA2
4:732  0:003      ApfsFileSystemUUID=B0C82F98-F2B1-412A-B736-D33F4320CF33
4:736  0:003  - [11]: 'VM'
4:743  0:007      ApfsContainerUUID=85F3C012-2D6D-4FA1-A77E-71D7470E7FA2
4:747  0:003      ApfsFileSystemUUID=28A6BFD0-2CAA-4875-AE15-EA6E25144D32
4:751  0:003  Entries list before ordering
4:755  0:003      Entry 0 : Boot UEFI internal from EFI (hidden)
4:758  0:003      Entry 1 : Boot Mac OS from Macintosh HD via Preboot
4:762  0:003      Entry 2 : Boot Mac OS Recovery for Macintosh HD via Recovery
4:766  0:003  Entries list after ordering
4:772  0:006    Entry 0 : Boot UEFI internal from EFI (hidden)
4:776  0:003    Entry 1 : Boot Mac OS from Macintosh HD via Preboot
4:780  0:003    Entry 2 : Boot Mac OS Recovery for Macintosh HD via Recovery
4:783  0:003  === [ AddCustomTool ] ===========================
4:787  0:004  found tool \EFI\CLOVER\tools\Shell64U.efi
4:791  0:003  Checking EFI partition Volume 1 for Clover
4:796  0:004   Found Clover
4:800  0:003  === [ GetEfiBootDeviceFromNvram ] ===============
4:804  0:004   - [!] efi-boot-device-data not found
4:808  0:003  Default boot entry not found
4:811  0:003  BannerPlace at Clear Screen [619,68]
5:329  0:517  GUI ready
