0:100  0:100  MemLog inited, TSC freq: 3600494760
0:100  0:000  CPU was calibrated with RTC
0:100  0:000  CloverX64 : Image base = 0x6D404000
0:100  0:000  Clover ImageHandle = 75ee9b98
0:102  0:002  SelfDirPath = \EFI\CLOVER
0:103  0:001  === [ Starting Clover ] =========================
0:103  0:000  Now is 25.11.2024,  14:47:51 (GMT)
0:103  0:000  Starting Clover revision: 5160 (master, commit 7b08a616e) on American Megatrends EFI
0:103  0:000  Build id: 20240909210805-7b08a61-dirty
0:103  0:000  Build with: [Args: -D NO_GRUB_DRIVERS_EMBEDDED -D LESS_DEBUG -t GCC131 | --cmd-len=50000 -D NO_GRUB_DRIVERS_EMBEDDED -D LESS_DEBUG --conf=/Users/sergey/src/CloverBootloader/Conf -D USE_LOW_EBDA -a X64 -b RELEASE -t GCC131 -n 5 | OS: 15]
0:103  0:000  === [ Get Smbios ] ==============================
0:103  0:000  Type 16 Index = 0
0:103  0:000  Total Memory Slots Count = 4
0:103  0:000  Type 17 Index = 0
0:103  0:000  SmbiosTable.Type17->SlotIndex = 0
0:103  0:000  SmbiosTable.Type17->ModuleSize = 8192MB
0:103  0:000  SmbiosTable.Type17->Type = 0
0:103  0:000  SmbiosTable.Type17->Frequency = 3200MHz
0:103  0:000  SmbiosTable.Type17->Bank/Device = BANK 0 ChannelA-DIMM1
0:103  0:000  SmbiosTable.Type17->Vendor = Corsair
0:103  0:000  SmbiosTable.Type17->SerialNo = 00000000
0:103  0:000  SmbiosTable.Type17->PartNo = CMK16GX4M2K4266C19
0:103  0:000  Type 17 Index = 1
0:103  0:000  SmbiosTable.Type17->SlotIndex = 1
0:103  0:000  SmbiosTable.Type17->ModuleSize = 8192MB
0:103  0:000  SmbiosTable.Type17->Type = 0
0:103  0:000  SmbiosTable.Type17->Frequency = 3200MHz
0:103  0:000  SmbiosTable.Type17->Bank/Device = BANK 1 ChannelA-DIMM2
0:103  0:000  SmbiosTable.Type17->Vendor = Corsair
0:103  0:000  SmbiosTable.Type17->SerialNo = 00000000
0:103  0:000  SmbiosTable.Type17->PartNo = CMK16GX4M2K4266C19
0:103  0:000  Type 17 Index = 2
0:103  0:000  Ignoring insane frequency value 0MHz
0:103  0:000  Type 17 Index = 3
0:103  0:000  Ignoring insane frequency value 0MHz
0:103  0:000  Boot status=0
0:103  0:000  Running on: 'System Product Name' with board 'PRIME Z390-A'
0:103  0:000  === [ GetCPUProperties ] ========================
0:103  0:000  CPU Vendor = 756E6547 Model=906EC
0:103  0:000   The CPU supported SSE4.1
0:103  0:000   The CPU supported RDRAND
0:103  0:000  BrandString = Intel(R) Core(TM) i7-9700K CPU @ 3.60GHz
0:103  0:000   The CPU supported turbo
0:103  0:000   Energy PerfBias is  visible:
0:103  0:000  MSR 0x35               80008
0:103  0:000   TSC/CCC Information Leaf:
0:103  0:000    numerator     : 300
0:103  0:000    denominator   : 2
0:103  0:000   Calibrated ARTFrequency: 24003298
0:103  0:000   Rounded ARTFrequency: 24000000
0:103  0:000  MSR 0xE2 before patch 1E000000
0:103  0:000  MSR 0xCE              08080838_F1012400
0:103  0:000  corrected FLEX_RATIO = E0000
0:103  0:000  MSR 0x1B0             00000000
0:103  0:000  FSBFrequency = 108 MHz, DMI FSBFrequency = 100 MHz, Corrected FSBFrequency = 100 MHz
0:103  0:000  MaxDiv/MinDiv: 36.0/8
0:103  0:000  Turbo: 47/49/49/49
0:103  0:000  Features: 0x77FAFBFFBFEBFBFF
0:103  0:000  Threads: 8
0:103  0:000  Cores: 8
0:103  0:000  FSB: 100 MHz
0:103  0:000  CPU: 3861 MHz
0:103  0:000  TSC: 3861 MHz
0:103  0:000  PIS: 100 MHz
0:103  0:000  ExternalClock: 25 MHz
0:103  0:000  === [ GetDevices ] ==============================
0:103  0:000  GOP found at: PciRoot(0x0)/Pci(0x1,0x0)/Pci(0x0,0x0)/AcpiAdr(0x80010302)
0:103  0:000  PCI (00|00:00.00) : 8086 3E30 class=060000
0:103  0:000  PCI (00|00:01.00) : 8086 1901 class=060400
0:104  0:000  PCI (00|01:00.00) : 1002 67DF class=030000
0:104  0:000   - GFX: Model=AMD Radeon RX 480/570/580 (ATI/AMD)
0:104  0:000   - GOP: Provided by device
0:104  0:000  PCI (00|01:00.01) : 1002 AAF0 class=040300
0:104  0:000   - HDMI Audio: 
0:104  0:000  PCI (00|00:02.00) : 8086 3E98 class=038000
0:104  0:000   - GFX: Model=Intel UHD Graphics 630 (Intel)
0:104  0:000  PCI (00|00:14.00) : 8086 A36D class=0C0330
0:104  0:000  PCI (00|00:14.02) : 8086 A36F class=050000
0:104  0:000  PCI (00|00:16.00) : 8086 A360 class=078000
0:104  0:000  PCI (00|00:17.00) : 8086 A352 class=010601
0:104  0:000  PCI (00|00:1B.00) : 8086 A340 class=060400
0:104  0:000  PCI (00|00:1C.00) : 8086 A338 class=060400
0:104  0:000  PCI (00|00:1D.00) : 8086 A330 class=060400
0:104  0:000  PCI (00|04:00.00) : 144D A808 class=010802
0:104  0:000  PCI (00|00:1F.00) : 8086 A305 class=060100
0:104  0:000  PCI (00|00:1F.03) : 8086 A348 class=040300
0:104  0:000  PCI (00|00:1F.04) : 8086 A323 class=0C0500
0:104  0:000  PCI (00|00:1F.05) : 8086 A324 class=0C8000
0:104  0:000  PCI (00|00:1F.06) : 8086 15BC class=020000
0:104  0:000   - LAN: 1 Vendor=Intel
0:104  0:000  Legacy MAC address of LAN #0= 40:B0:76:DE:9E:93:
0:104  0:000  _checkOEMPath Look for oem dir at path '\EFI\CLOVER\OEM\System Product Name--40-B0-76-DE-9E-93'. Dir doesn't exist.
0:104  0:000  _checkOEMPath Look for oem dir at path '\EFI\CLOVER\OEM\PRIME Z390-A\UEFI'. Dir doesn't exist.
0:104  0:000  _checkOEMPath Look for oem dir at path '\EFI\CLOVER\OEM\System Product Name'. Dir doesn't exist.
0:105  0:000  _checkOEMPath Look for oem dir at path '\EFI\CLOVER\OEM\System Product Name-3861'. Dir doesn't exist.
0:105  0:000  _checkOEMPath Look for oem dir at path '\EFI\CLOVER\OEM\PRIME Z390-A'. Dir doesn't exist.
0:105  0:000  _checkOEMPath Look for oem dir at path '\EFI\CLOVER\OEM\PRIME Z390-A-3861'. Dir doesn't exist.
0:105  0:000  === [ GetUserSettings ] =========================
0:105  0:000  GetDefaultModel()=iMac18,3
0:105  0:000  === [ LoadUserSettings ] ========================
0:105  0:000  Using config.plist at path: \EFI\CLOVER
0:106  0:000  There is a problem in plist '\EFI\CLOVER\config.plist'
0:106  0:000  Warning: EfiVersion '1037.100.345.0.0' is older than default ('1968.100.16.0.1') -> ignored. Dict '/SMBIOS:282'.
0:106  0:000  Use CloverConfigPlistValidator or look in the log
3:105  2:999  === [ LoadUserSettings ] ========================
3:106  0:000  Cannot find smbios.plist at path '\EFI\CLOVER' : Not Found
3:106  0:000  '\EFI\CLOVER\smbios.plist' not loaded. Efi error Not Found
3:106  0:000  create SMBIOS list, found 27 dicts
3:106  0:000  ... ACPI
3:106  0:000  ... Boot
3:106  0:000  ... BootGraphics
3:106  0:000  ... Devices
3:106  0:000  ... DisableDrivers
3:106  0:000  ... GUI
3:106  0:000  ... Graphics
3:106  0:000  ... KernelAndKextPatches
3:106  0:000  ... SMBIOS
3:106  0:000  ... SystemParameters
3:106  0:000  ... RtVariables
3:106  0:000  ... Quirks
3:106  0:000  get model from config.plist
3:106  0:000  Using latest BiosVersion from config instead of default 'IM191.88Z.F000.B00.2302212211'
3:116  0:010  Using latest BiosReleaseDate from config instead of default '02/21/2023'
3:120  0:003  BiosVersion: IM191.88Z.F000.B00.2308061817
3:123  0:003  BiosReleaseDate: 08/06/2023
3:127  0:003  EfiVersion: 1968.100.16.0.1
3:131  0:003  Calibrated TSC Frequency = 3600494760 = 3600MHz
3:134  0:003  === [ GetListOfThemes ] =========================
3:138  0:003  - [00]: random
3:146  0:007  - [00]: embedded
3:153  0:007  === [ Found config plists ] =====================
3:157  0:003  - config.plist
3:160  0:003  - config-sample.plist
3:164  0:003  - config_old.plist
3:168  0:003  === [ LoadDrivers ] =============================
3:172  0:004  Loading NvmExpressDxe.efi status=Success
3:189  0:017   - driver needs connecting
3:193  0:003  Loading EnglishDxe.efi status=Success
3:204  0:011  Loading AppleKeyFeeder.efi status=Success
3:219  0:014  Loading VBoxHfs.efi status=Success
3:231  0:012   - driver needs connecting
3:235  0:003  Loading HashServiceFix.efi status=Success
3:247  0:011  Loading PartitionDxe.efi status=Success
3:259  0:011   - driver needs connecting
3:262  0:003  Loading ApfsDriverLoader.efi status=Success
3:274  0:011   - driver needs connecting
3:278  0:003  4 drivers needs connecting ...
3:278  0:000  PlatformDriverOverrideProtocol not found. Installing ... Success
3:279  0:000  Partition driver loaded: 
3:279  0:000  HFS+ driver loaded
3:279  0:000  APFS driver loaded
3:279  0:000  Searching for invalid DiskIo BY_DRIVER connects: not found, all ok
3:488  0:208  === [ InitScreen ] ==============================
3:492  0:003  Console modes reported: 4, available modes:
3:496  0:003   - [01]: 80x25 (current mode)
3:499  0:003   - [03]: 100x31
3:503  0:003   - [04]: 170x40
3:510  0:006  SetScreenResolution: 1920x1080 - not found!
3:520  0:009  SetMaxResolution: found best mode 0: 1366x768
3:527  0:007   - already set
3:531  0:004  Using embedded font
3:536  0:004  === [ ScanSPD ] =================================
3:540  0:003  SMBus device : 8086 A323 class=0C0500 status=Success
3:544  0:003  SMBus CmdReg: 0x3
3:547  0:003  Scanning SMBus [8086:A323], mmio: 0x12116004, ioport: 0xEFA0, hostc: 0x11
3:551  0:003  Slots to scan [8]...
3:555  0:004  SPD[0]: Got invalid type 0 @0x50. Will set page and retry.
3:560  0:004  SPD[0]: Type 12 @0x50
3:581  0:021  XMP Profile1: 4*125 -31 ns
3:585  0:003  Found module with XMP version 2.0
3:588  0:003  Using XMP Profile1 instead of standard frequency 2132MHz
3:592  0:003  DDR speed 4264MHz
3:596  0:003  Slot: 0 Type 26 8192MB 4264MHz Vendor=Corsair PartNo=CMK16GX4M2K4266C19 SerialNo=00000000
3:600  0:004  SPD[1]: Type 12 @0x51
3:621  0:021  XMP Profile1: 4*125 -31 ns
3:625  0:003  Found module with XMP version 2.0
3:629  0:003  Using XMP Profile1 instead of standard frequency 2132MHz
3:633  0:003  DDR speed 4264MHz
3:636  0:003  Slot: 1 Type 26 8192MB 4264MHz Vendor=Corsair PartNo=CMK16GX4M2K4266C19 SerialNo=00000000
3:641  0:004  === [ GetAcpiTablesList ] =======================
3:645  0:003  Get Acpi Tables List from RSDT: count=24
3:652  0:007   - [00]: FACP  A M I  len=132
3:656  0:003   - [01]: APIC  A M I  len=188
3:660  0:003   - [02]: FPDT  A M I  len=68
3:663  0:003   - [03]: FIDT  A M I len=156
3:670  0:006   - [04]: MCFG  A M I  len=60
3:673  0:003   - [05]: WSMT  A M I  len=40
3:677  0:003   - [06]: SSDT  SataTabl len=888
3:680  0:003   - [07]: SSDT  CpuSsdt len=6101
3:684  0:003   - [08]: SSDT  SaSsdt  len=12443
3:688  0:003   - [09]: SSDT  PegSsdt len=9048
3:692  0:003   - [10]: HPET  A M I  len=56
3:695  0:003   - [11]: SSDT  Ther_Rvp len=3998
3:699  0:003   - [12]: SSDT  xh_cfsd4 len=10579
3:703  0:003   - [13]: UEFI  A M I  len=72
3:706  0:003   - [14]: LPIT  A M I  len=92
3:710  0:003   - [15]: SSDT  PtidDevc len=10206
3:714  0:003   - [16]: SSDT  TbtTypeC len=4094
3:718  0:003   - [17]: DBGP  A M I  len=52
3:721  0:003   - [18]: DBG2  A M I  len=84
3:727  0:005   - [19]: SSDT  UsbCTabl len=6449
3:731  0:003   - [20]: SSDT  ADebTabl len=324
3:734  0:003   - [21]: VFCT  A M I  len=59524
3:738  0:003   - [22]: BGRT  A M I  len=56
3:742  0:003   - [23]: WPBT  A M I len=60
3:746  0:004   - [00]: Drop table : MATS,                0 :  no
3:756  0:010   - [01]: Drop table : DMAR,                0 :  no
3:764  0:007  Custom boot CUSTOM_BOOT_DISABLED (0x0)
3:767  0:003  Default theme: embedded
3:771  0:003  Set FakeCPUID: 0x0
3:776  0:004  === [ Found DSDT tables ] =======================
3:780  0:004  === [ InitKextList ] ============================
3:785  0:004  Added Kext=Other\USBMapDummy.kext (1.0)
3:790  0:004  Added Kext=Other\RadeonMonitor.kext (1.3.5)
3:794  0:004  Added Kext=Other\FakeSMC.kext (3.5.6)
3:799  0:004  Added Kext=Other\IntelCPUMonitor.kext (1.2.6)
3:805  0:005  === [ ScanVolumes ] =============================
3:809  0:004  Found 12 volumes with blockIO
3:813  0:003  - [00]: Volume: PciRoot(0x0)\Pci(0x17,0x0)\Sata(0x0,0xFFFF,0x0)
3:821  0:007  - [01]: Volume: PciRoot(0x0)\Pci(0x17,0x0)\Sata(0x0,0xFFFF,0x0)\HD(1,GPT,38DCC513-D608-408E-9D2F-1469C8B906A0,0x28,0x64000)
3:829  0:008          Result of bootcode detection: bootable unknown (legacy)
3:852  0:022            label : EFI
3:855  0:003  - [02]: Volume: PciRoot(0x0)\Pci(0x17,0x0)\Sata(0x0,0xFFFF,0x0)\HD(2,GPT,C20AA839-E88E-4CED-8CAB-9480B290394C,0x64028,0x15D466360)
3:881  0:025            label : Dati
3:884  0:003  - [03]: Volume: PciRoot(0x0)\Pci(0x1D,0x0)\Pci(0x0,0x0)\NVMe(0x1,CA-8F-B2-81-58-38-25-00)
3:892  0:007  - [04]: Volume: PciRoot(0x0)\Pci(0x1D,0x0)\Pci(0x0,0x0)\NVMe(0x1,CA-8F-B2-81-58-38-25-00)\HD(1,GPT,6E40A227-DDED-4325-B7CE-3959620EB39E,0x28,0x64000)
3:900  0:007          Result of bootcode detection: bootable unknown (legacy)
3:904  0:004            label : EFI
3:908  0:003          This is SelfVolume !!
3:912  0:003  - [05]: Volume: PciRoot(0x0)\Pci(0x1D,0x0)\Pci(0x0,0x0)\NVMe(0x1,CA-8F-B2-81-58-38-25-00)\HD(2,GPT,9508A8C6-F9B9-4EDD-ABC7-C1C4A019C410,0x64028,0x3A321FE0)
3:919  0:007          Result of bootcode detection: bootable unknown (legacy)
3:923  0:003  - [06]: Volume: PciRoot(0x0)\Pci(0x1D,0x0)\Pci(0x0,0x0)\NVMe(0x1,CA-8F-B2-81-58-38-25-00)\HD(2,GPT,9508A8C6-F9B9-4EDD-ABC7-C1C4A019C410,0x64028,0x3A321FE0)\VenMedia(BE74FCF7-0B7C-49F3-9147-01F4042E6842,F2738F7DD5B89341BB89C99D72294438)
3:931  0:007            apfsFileSystemUUID=7D8F73F2-B8D5-4193-BB89-C99D72294438, ApfsContainerUUID=85F3C012-2D6D-4FA1-A77E-71D7470E7FA2, ApfsRole=0x10
3:935  0:004            label : Preboot
3:939  0:003  - [07]: Volume: PciRoot(0x0)\Pci(0x1D,0x0)\Pci(0x0,0x0)\NVMe(0x1,CA-8F-B2-81-58-38-25-00)\HD(2,GPT,9508A8C6-F9B9-4EDD-ABC7-C1C4A019C410,0x64028,0x3A321FE0)\VenMedia(BE74FCF7-0B7C-49F3-9147-01F4042E6842,5D6490A424B7BC4F9AC8F7A23B1C4935)
3:946  0:007            apfsFileSystemUUID=A490645D-B724-4FBC-9AC8-F7A23B1C4935, ApfsContainerUUID=85F3C012-2D6D-4FA1-A77E-71D7470E7FA2, ApfsRole=0x40
3:961  0:014            label : Macintosh HD - Dati
3:965  0:003  - [08]: Volume: PciRoot(0x0)\Pci(0x1D,0x0)\Pci(0x0,0x0)\NVMe(0x1,CA-8F-B2-81-58-38-25-00)\HD(2,GPT,9508A8C6-F9B9-4EDD-ABC7-C1C4A019C410,0x64028,0x3A321FE0)\VenMedia(BE74FCF7-0B7C-49F3-9147-01F4042E6842,B6D67091A529BA4BA6736F0E24A99093)
3:972  0:007            apfsFileSystemUUID=9170D6B6-29A5-4BBA-A673-6F0E24A99093, ApfsContainerUUID=85F3C012-2D6D-4FA1-A77E-71D7470E7FA2, ApfsRole=0x4
3:976  0:003            label : Recovery
3:980  0:003  - [09]: Volume: PciRoot(0x0)\Pci(0x1D,0x0)\Pci(0x0,0x0)\NVMe(0x1,CA-8F-B2-81-58-38-25-00)\HD(2,GPT,9508A8C6-F9B9-4EDD-ABC7-C1C4A019C410,0x64028,0x3A321FE0)\VenMedia(BE74FCF7-0B7C-49F3-9147-01F4042E6842,C30BF988C32C724BB297A45648EE79C3)
3:987  0:007            apfsFileSystemUUID=88F90BC3-2CC3-4B72-B297-A45648EE79C3, ApfsContainerUUID=85F3C012-2D6D-4FA1-A77E-71D7470E7FA2, ApfsRole=0x1
3:993  0:005            label : Macintosh HD
3:997  0:003  - [10]: Volume: PciRoot(0x0)\Pci(0x1D,0x0)\Pci(0x0,0x0)\NVMe(0x1,CA-8F-B2-81-58-38-25-00)\HD(2,GPT,9508A8C6-F9B9-4EDD-ABC7-C1C4A019C410,0x64028,0x3A321FE0)\VenMedia(BE74FCF7-0B7C-49F3-9147-01F4042E6842,982FC8B0B1F22A41B736D33F4320CF33)
4:004  0:007            apfsFileSystemUUID=B0C82F98-F2B1-412A-B736-D33F4320CF33, ApfsContainerUUID=85F3C012-2D6D-4FA1-A77E-71D7470E7FA2, ApfsRole=0xc0
4:008  0:003            label : Update
4:012  0:003  - [11]: Volume: PciRoot(0x0)\Pci(0x1D,0x0)\Pci(0x0,0x0)\NVMe(0x1,CA-8F-B2-81-58-38-25-00)\HD(2,GPT,9508A8C6-F9B9-4EDD-ABC7-C1C4A019C410,0x64028,0x3A321FE0)\VenMedia(BE74FCF7-0B7C-49F3-9147-01F4042E6842,D0BFA628AA2C7548AE15EA6E25144D32)
4:019  0:007            apfsFileSystemUUID=28A6BFD0-2CAA-4875-AE15-EA6E25144D32, ApfsContainerUUID=85F3C012-2D6D-4FA1-A77E-71D7470E7FA2, ApfsRole=0x8
4:023  0:003            label : VM
4:026  0:003  No AudioIoProtocols, status=Not Found
4:030  0:003  === [ InitXTheme ] ==============================
4:034  0:003  use Daylight theme
4:038  0:003   using embedded theme
4:050  0:012  Using embedded font
4:054  0:003  theme inited
4:058  0:003  Chosen embedded theme
4:062  0:003  after NVRAM boot-args=dart=0 -v agdpmod=pikera
4:065  0:003  Scanning legacy ...
4:069  0:003  === [ Dump SMC keys from NVRAM ] ================
4:073  0:003  found AppleSMC protocol
4:084  0:011     fakesmc-key-RVBF-ch8*:02 46 0F 00 00 12 
4:115  0:031     fakesmc-key-#KEY-ui32:00 00 00 11 
4:139  0:023     fakesmc-key-$Adr-ui32:00 00 03 00 
4:162  0:023     fakesmc-key-$Num-ui8:01 
4:174  0:012     fakesmc-key-RMde-char:41 
4:187  0:012     fakesmc-key-RBr -ch8*:6A 31 33 38 5F 39 00 00 
4:225  0:037     fakesmc-key-EPCI-ui32:09 D0 F0 00 
4:248  0:023     fakesmc-key-REV -ch8*:02 46 0F 00 00 12 
4:278  0:029     fakesmc-key-RPlt-ch8*:6A 31 33 38 00 00 00 00 
4:322  0:043     fakesmc-key-BEMB-flag:00 
4:334  0:012     fakesmc-key-BATP-flag:00 
4:346  0:012     fakesmc-key-BNum-ui8:00 
4:359  0:012     fakesmc-key-MSTc-ui8:00 
4:371  0:012     fakesmc-key-MSAc-ui16:00 00 
4:387  0:015     fakesmc-key-MSWr-ui8:00 
4:399  0:012     fakesmc-key-MSFW-ui8:01 00 
4:415  0:015     fakesmc-key-MSPS-ui16:00 03 
4:437  0:022  Registered 17 SMC keys
4:445  0:007  === [ ScanLoader ] ==============================
4:449  0:003  - [01]: 'EFI'
4:475  0:025  - [02]: 'Dati'
4:514  0:039  - [04]: 'EFI'
4:525  0:011        AddLoaderEntry for Volume Name=EFI, idx=0
4:529  0:003        OSVersion= 
4:533  0:003        IconName=unknown comma=-1 size=7
4:536  0:003        Full=unknown
4:540  0:003        Loader entry created for 'PciRoot(0x0)\Pci(0x1D,0x0)\Pci(0x0,0x0)\NVMe(0x1,CA-8F-B2-81-58-38-25-00)\HD(1,GPT,6E40A227-DDED-4325-B7CE-3959620EB39E,0x28,0x64000)\EFI\BOOT\BOOTX64.efi'
4:544  0:003       hiding entry: \EFI\BOOT\BOOTX64.efi
4:548  0:003        Menu entry added at index 0
4:552  0:003       hiding entry because DiskKind is DISK_KIND_INTERNAL: \EFI\BOOT\BOOTX64.efi
4:556  0:003  - [06]: 'Preboot'
4:568  0:012      ApfsContainerUUID=85F3C012-2D6D-4FA1-A77E-71D7470E7FA2
4:572  0:003      ApfsFileSystemUUID=7D8F73F2-B8D5-4193-BB89-C99D72294438
4:576  0:003      APFSTargetUUID=A490645D-B724-4FBC-9AC8-F7A23B1C4935
4:580  0:004        contentDetails name:Macintosh HD
4:584  0:003        AddLoaderEntry for Volume Name=Preboot, idx=1
4:588  0:003        OSVersion=14.4 
4:592  0:003        Check if volume Is Hibernated:
4:595  0:003        Check sleep image 'by signature':
4:599  0:003        using default sleep image name = \private\var\vm\sleepimage
4:603  0:003        cannot open sleepimage -> Not Found
4:607  0:003        hibernated: no - sign
4:610  0:003        IconName=sonoma,mac comma=6 size=10
4:614  0:003        first=os_sonoma
4:618  0:003        Second=os_mac
4:621  0:003        IconName=unknown comma=-1 size=7
4:625  0:003        Full=unknown
4:629  0:003        Loader entry created for 'PciRoot(0x0)\Pci(0x1D,0x0)\Pci(0x0,0x0)\NVMe(0x1,CA-8F-B2-81-58-38-25-00)\HD(2,GPT,9508A8C6-F9B9-4EDD-ABC7-C1C4A019C410,0x64028,0x3A321FE0)\VenMedia(BE74FCF7-0B7C-49F3-9147-01F4042E6842,F2738F7DD5B89341BB89C99D72294438)\A490645D-B724-4FBC-9AC8-F7A23B1C4935\System\Library\CoreServices\boot.efi'
4:633  0:004        Menu entry added at index 1
4:637  0:004  - [07]: 'Macintosh HD - Dati'
4:645  0:007      ApfsContainerUUID=85F3C012-2D6D-4FA1-A77E-71D7470E7FA2
4:648  0:003      ApfsFileSystemUUID=A490645D-B724-4FBC-9AC8-F7A23B1C4935
4:652  0:003  - [08]: 'Recovery'
4:660  0:007      ApfsContainerUUID=85F3C012-2D6D-4FA1-A77E-71D7470E7FA2
4:663  0:003      ApfsFileSystemUUID=9170D6B6-29A5-4BBA-A673-6F0E24A99093
4:667  0:003      APFSTargetUUID=A490645D-B724-4FBC-9AC8-F7A23B1C4935
4:671  0:003        contentDetails name:Macintosh HD
4:675  0:004        AddLoaderEntry for Volume Name=Recovery, idx=2
4:680  0:004        OSVersion=14.4 
4:683  0:003        IconName=sonoma,mac comma=6 size=10
4:687  0:003        first=os_sonoma
4:691  0:003        Second=os_mac
4:694  0:003        IconName=unknown comma=-1 size=7
4:698  0:003        Full=unknown
4:702  0:003        Loader entry created for 'PciRoot(0x0)\Pci(0x1D,0x0)\Pci(0x0,0x0)\NVMe(0x1,CA-8F-B2-81-58-38-25-00)\HD(2,GPT,9508A8C6-F9B9-4EDD-ABC7-C1C4A019C410,0x64028,0x3A321FE0)\VenMedia(BE74FCF7-0B7C-49F3-9147-01F4042E6842,B6D67091A529BA4BA6736F0E24A99093)\A490645D-B724-4FBC-9AC8-F7A23B1C4935\BaseSystem.dmg'
4:707  0:004        Menu entry added at index 2
4:710  0:003  - [09]: 'Macintosh HD'
4:718  0:007      ApfsContainerUUID=85F3C012-2D6D-4FA1-A77E-71D7470E7FA2
4:721  0:003      ApfsFileSystemUUID=88F90BC3-2CC3-4B72-B297-A45648EE79C3
4:731  0:009  - [10]: 'Update'
4:738  0:007      ApfsContainerUUID=85F3C012-2D6D-4FA1-A77E-71D7470E7FA2
4:742  0:003      ApfsFileSystemUUID=B0C82F98-F2B1-412A-B736-D33F4320CF33
4:746  0:004  - [11]: 'VM'
4:756  0:010      ApfsContainerUUID=85F3C012-2D6D-4FA1-A77E-71D7470E7FA2
4:760  0:003      ApfsFileSystemUUID=28A6BFD0-2CAA-4875-AE15-EA6E25144D32
4:763  0:003  Entries list before ordering
4:767  0:003      Entry 0 : Boot UEFI internal from EFI (hidden)
4:770  0:003      Entry 1 : Boot Mac OS from Macintosh HD via Preboot
4:774  0:003      Entry 2 : Boot Mac OS Recovery for Macintosh HD via Recovery
4:778  0:003  Entries list after ordering
4:782  0:003    Entry 0 : Boot UEFI internal from EFI (hidden)
4:785  0:003    Entry 1 : Boot Mac OS from Macintosh HD via Preboot
4:789  0:003    Entry 2 : Boot Mac OS Recovery for Macintosh HD via Recovery
4:793  0:003  === [ AddCustomTool ] ===========================
4:797  0:004  found tool \EFI\CLOVER\tools\Shell64U.efi
4:800  0:003  Checking EFI partition Volume 1 for Clover
4:805  0:004   Found Clover
4:809  0:003  === [ GetEfiBootDeviceFromNvram ] ===============
4:816  0:006   - [!] efi-boot-device-data not found
4:819  0:003  Default boot entry not found
4:823  0:003  BannerPlace at Clear Screen [619,68]
4:841  0:017  GUI ready
12:567  7:725  EDITED: -v agdpmod=pikera
31:827  19:260  ReinitRefitLib after theme change
31:827  0:000  === [ ScanVolumes ] =============================
31:831  0:003  Found 12 volumes with blockIO
31:835  0:003  - [00]: Volume: PciRoot(0x0)\Pci(0x17,0x0)\Sata(0x0,0xFFFF,0x0)
31:843  0:008  - [01]: Volume: PciRoot(0x0)\Pci(0x17,0x0)\Sata(0x0,0xFFFF,0x0)\HD(1,GPT,38DCC513-D608-408E-9D2F-1469C8B906A0,0x28,0x64000)
31:851  0:007          Result of bootcode detection: bootable unknown (legacy)
31:855  0:004            label : EFI
31:859  0:003  - [02]: Volume: PciRoot(0x0)\Pci(0x17,0x0)\Sata(0x0,0xFFFF,0x0)\HD(2,GPT,C20AA839-E88E-4CED-8CAB-9480B290394C,0x64028,0x15D466360)
31:867  0:007            label : Dati
31:870  0:003  - [03]: Volume: PciRoot(0x0)\Pci(0x1D,0x0)\Pci(0x0,0x0)\NVMe(0x1,CA-8F-B2-81-58-38-25-00)
31:883  0:012  - [04]: Volume: PciRoot(0x0)\Pci(0x1D,0x0)\Pci(0x0,0x0)\NVMe(0x1,CA-8F-B2-81-58-38-25-00)\HD(1,GPT,6E40A227-DDED-4325-B7CE-3959620EB39E,0x28,0x64000)
31:891  0:007          Result of bootcode detection: bootable unknown (legacy)
31:895  0:003            label : EFI
31:898  0:003          This is SelfVolume !!
31:902  0:003  - [05]: Volume: PciRoot(0x0)\Pci(0x1D,0x0)\Pci(0x0,0x0)\NVMe(0x1,CA-8F-B2-81-58-38-25-00)\HD(2,GPT,9508A8C6-F9B9-4EDD-ABC7-C1C4A019C410,0x64028,0x3A321FE0)
31:909  0:007          Result of bootcode detection: bootable unknown (legacy)
31:913  0:003  - [06]: Volume: PciRoot(0x0)\Pci(0x1D,0x0)\Pci(0x0,0x0)\NVMe(0x1,CA-8F-B2-81-58-38-25-00)\HD(2,GPT,9508A8C6-F9B9-4EDD-ABC7-C1C4A019C410,0x64028,0x3A321FE0)\VenMedia(BE74FCF7-0B7C-49F3-9147-01F4042E6842,F2738F7DD5B89341BB89C99D72294438)
31:920  0:007            apfsFileSystemUUID=7D8F73F2-B8D5-4193-BB89-C99D72294438, ApfsContainerUUID=85F3C012-2D6D-4FA1-A77E-71D7470E7FA2, ApfsRole=0x10
31:924  0:003            label : Preboot
31:928  0:003  - [07]: Volume: PciRoot(0x0)\Pci(0x1D,0x0)\Pci(0x0,0x0)\NVMe(0x1,CA-8F-B2-81-58-38-25-00)\HD(2,GPT,9508A8C6-F9B9-4EDD-ABC7-C1C4A019C410,0x64028,0x3A321FE0)\VenMedia(BE74FCF7-0B7C-49F3-9147-01F4042E6842,5D6490A424B7BC4F9AC8F7A23B1C4935)
31:935  0:007            apfsFileSystemUUID=A490645D-B724-4FBC-9AC8-F7A23B1C4935, ApfsContainerUUID=85F3C012-2D6D-4FA1-A77E-71D7470E7FA2, ApfsRole=0x40
31:939  0:003            label : Macintosh HD - Dati
31:943  0:003  - [08]: Volume: PciRoot(0x0)\Pci(0x1D,0x0)\Pci(0x0,0x0)\NVMe(0x1,CA-8F-B2-81-58-38-25-00)\HD(2,GPT,9508A8C6-F9B9-4EDD-ABC7-C1C4A019C410,0x64028,0x3A321FE0)\VenMedia(BE74FCF7-0B7C-49F3-9147-01F4042E6842,B6D67091A529BA4BA6736F0E24A99093)
31:950  0:007            apfsFileSystemUUID=9170D6B6-29A5-4BBA-A673-6F0E24A99093, ApfsContainerUUID=85F3C012-2D6D-4FA1-A77E-71D7470E7FA2, ApfsRole=0x4
31:954  0:003            label : Recovery
31:957  0:003  - [09]: Volume: PciRoot(0x0)\Pci(0x1D,0x0)\Pci(0x0,0x0)\NVMe(0x1,CA-8F-B2-81-58-38-25-00)\HD(2,GPT,9508A8C6-F9B9-4EDD-ABC7-C1C4A019C410,0x64028,0x3A321FE0)\VenMedia(BE74FCF7-0B7C-49F3-9147-01F4042E6842,C30BF988C32C724BB297A45648EE79C3)
31:965  0:007            apfsFileSystemUUID=88F90BC3-2CC3-4B72-B297-A45648EE79C3, ApfsContainerUUID=85F3C012-2D6D-4FA1-A77E-71D7470E7FA2, ApfsRole=0x1
31:969  0:003            label : Macintosh HD
31:973  0:003  - [10]: Volume: PciRoot(0x0)\Pci(0x1D,0x0)\Pci(0x0,0x0)\NVMe(0x1,CA-8F-B2-81-58-38-25-00)\HD(2,GPT,9508A8C6-F9B9-4EDD-ABC7-C1C4A019C410,0x64028,0x3A321FE0)\VenMedia(BE74FCF7-0B7C-49F3-9147-01F4042E6842,982FC8B0B1F22A41B736D33F4320CF33)
31:980  0:007            apfsFileSystemUUID=B0C82F98-F2B1-412A-B736-D33F4320CF33, ApfsContainerUUID=85F3C012-2D6D-4FA1-A77E-71D7470E7FA2, ApfsRole=0xc0
31:984  0:003            label : Update
31:988  0:003  - [11]: Volume: PciRoot(0x0)\Pci(0x1D,0x0)\Pci(0x0,0x0)\NVMe(0x1,CA-8F-B2-81-58-38-25-00)\HD(2,GPT,9508A8C6-F9B9-4EDD-ABC7-C1C4A019C410,0x64028,0x3A321FE0)\VenMedia(BE74FCF7-0B7C-49F3-9147-01F4042E6842,D0BFA628AA2C7548AE15EA6E25144D32)
31:995  0:007            apfsFileSystemUUID=28A6BFD0-2CAA-4875-AE15-EA6E25144D32, ApfsContainerUUID=85F3C012-2D6D-4FA1-A77E-71D7470E7FA2, ApfsRole=0x8
31:999  0:003            label : VM
32:002  0:003  No AudioIoProtocols, status=Not Found
32:006  0:003  theme inited
32:010  0:003  Chosen embedded theme
32:013  0:003  after NVRAM boot-args=-v agdpmod=pikera
32:017  0:003  Scanning legacy ...
32:024  0:006  === [ ScanLoader ] ==============================
32:030  0:006  - [01]: 'EFI'
32:055  0:025  - [02]: 'Dati'
32:063  0:007  - [04]: 'EFI'
32:073  0:010        AddLoaderEntry for Volume Name=EFI, idx=0
32:077  0:003        OSVersion= 
32:080  0:003        IconName=unknown comma=-1 size=7
32:084  0:003        Full=unknown
32:088  0:003        Loader entry created for 'PciRoot(0x0)\Pci(0x1D,0x0)\Pci(0x0,0x0)\NVMe(0x1,CA-8F-B2-81-58-38-25-00)\HD(1,GPT,6E40A227-DDED-4325-B7CE-3959620EB39E,0x28,0x64000)\EFI\BOOT\BOOTX64.efi'
32:091  0:003       hiding entry: \EFI\BOOT\BOOTX64.efi
32:095  0:003        Menu entry added at index 0
32:099  0:003       hiding entry because DiskKind is DISK_KIND_INTERNAL: \EFI\BOOT\BOOTX64.efi
32:103  0:003  - [06]: 'Preboot'
32:111  0:007      ApfsContainerUUID=85F3C012-2D6D-4FA1-A77E-71D7470E7FA2
32:114  0:003      ApfsFileSystemUUID=7D8F73F2-B8D5-4193-BB89-C99D72294438
32:118  0:003      APFSTargetUUID=A490645D-B724-4FBC-9AC8-F7A23B1C4935
32:122  0:003        contentDetails name:Macintosh HD
32:125  0:003        AddLoaderEntry for Volume Name=Preboot, idx=1
32:129  0:003        OSVersion=14.4 
32:133  0:003        Check if volume Is Hibernated:
32:137  0:003        Check sleep image 'by signature':
32:140  0:003        using default sleep image name = \private\var\vm\sleepimage
32:144  0:003        cannot open sleepimage -> Not Found
32:148  0:003        hibernated: no - sign
32:151  0:003        IconName=sonoma,mac comma=6 size=10
32:155  0:003        first=os_sonoma
32:159  0:003        Second=os_mac
32:162  0:003        IconName=unknown comma=-1 size=7
32:166  0:003        Full=unknown
32:170  0:003        Loader entry created for 'PciRoot(0x0)\Pci(0x1D,0x0)\Pci(0x0,0x0)\NVMe(0x1,CA-8F-B2-81-58-38-25-00)\HD(2,GPT,9508A8C6-F9B9-4EDD-ABC7-C1C4A019C410,0x64028,0x3A321FE0)\VenMedia(BE74FCF7-0B7C-49F3-9147-01F4042E6842,F2738F7DD5B89341BB89C99D72294438)\A490645D-B724-4FBC-9AC8-F7A23B1C4935\System\Library\CoreServices\boot.efi'
32:174  0:004        Menu entry added at index 1
32:178  0:003  - [07]: 'Macintosh HD - Dati'
32:185  0:007      ApfsContainerUUID=85F3C012-2D6D-4FA1-A77E-71D7470E7FA2
32:189  0:003      ApfsFileSystemUUID=A490645D-B724-4FBC-9AC8-F7A23B1C4935
32:193  0:003  - [08]: 'Recovery'
32:200  0:007      ApfsContainerUUID=85F3C012-2D6D-4FA1-A77E-71D7470E7FA2
32:204  0:003      ApfsFileSystemUUID=9170D6B6-29A5-4BBA-A673-6F0E24A99093
32:207  0:003      APFSTargetUUID=A490645D-B724-4FBC-9AC8-F7A23B1C4935
32:211  0:003        contentDetails name:Macintosh HD
32:215  0:003        AddLoaderEntry for Volume Name=Recovery, idx=2
32:219  0:003        OSVersion=14.4 
32:223  0:004        IconName=sonoma,mac comma=6 size=10
32:226  0:003        first=os_sonoma
32:230  0:003        Second=os_mac
32:234  0:003        IconName=unknown comma=-1 size=7
32:238  0:003        Full=unknown
32:241  0:003        Loader entry created for 'PciRoot(0x0)\Pci(0x1D,0x0)\Pci(0x0,0x0)\NVMe(0x1,CA-8F-B2-81-58-38-25-00)\HD(2,GPT,9508A8C6-F9B9-4EDD-ABC7-C1C4A019C410,0x64028,0x3A321FE0)\VenMedia(BE74FCF7-0B7C-49F3-9147-01F4042E6842,B6D67091A529BA4BA6736F0E24A99093)\A490645D-B724-4FBC-9AC8-F7A23B1C4935\BaseSystem.dmg'
32:246  0:004        Menu entry added at index 2
32:250  0:003  - [09]: 'Macintosh HD'
32:257  0:007      ApfsContainerUUID=85F3C012-2D6D-4FA1-A77E-71D7470E7FA2
32:261  0:003      ApfsFileSystemUUID=88F90BC3-2CC3-4B72-B297-A45648EE79C3
32:265  0:003  - [10]: 'Update'
32:272  0:007      ApfsContainerUUID=85F3C012-2D6D-4FA1-A77E-71D7470E7FA2
32:276  0:003      ApfsFileSystemUUID=B0C82F98-F2B1-412A-B736-D33F4320CF33
32:280  0:003  - [11]: 'VM'
32:287  0:007      ApfsContainerUUID=85F3C012-2D6D-4FA1-A77E-71D7470E7FA2
32:291  0:003      ApfsFileSystemUUID=28A6BFD0-2CAA-4875-AE15-EA6E25144D32
32:295  0:003  Entries list before ordering
32:299  0:003      Entry 0 : Boot UEFI internal from EFI (hidden)
32:302  0:003      Entry 1 : Boot Mac OS from Macintosh HD via Preboot
32:306  0:003      Entry 2 : Boot Mac OS Recovery for Macintosh HD via Recovery
32:310  0:003  Entries list after ordering
32:313  0:003    Entry 0 : Boot UEFI internal from EFI (hidden)
32:317  0:003    Entry 1 : Boot Mac OS from Macintosh HD via Preboot
32:321  0:003    Entry 2 : Boot Mac OS Recovery for Macintosh HD via Recovery
32:325  0:003  === [ AddCustomTool ] ===========================
32:328  0:003  found tool \EFI\CLOVER\tools\Shell64U.efi
32:332  0:003  Checking EFI partition Volume 1 for Clover
32:337  0:005   Found Clover
32:341  0:004  === [ GetEfiBootDeviceFromNvram ] ===============
32:345  0:003   - [!] efi-boot-device-data not found
32:349  0:003  Default boot entry not found
32:880  0:531  Boot option 0 has other volume name Macintosh HDboot.efi
32:884  0:003  === [ StartLoader ] =============================
32:888  0:003  Starting PciRoot(0x0)\Pci(0x1D,0x0)\Pci(0x0,0x0)\NVMe(0x1,CA-8F-B2-81-58-38-25-00)\HD(2,GPT,9508A8C6-F9B9-4EDD-ABC7-C1C4A019C410,0x64028,0x3A321FE0)\VenMedia(BE74FCF7-0B7C-49F3-9147-01F4042E6842,F2738F7DD5B89341BB89C99D72294438)\A490645D-B724-4FBC-9AC8-F7A23B1C4935\System\Library\CoreServices\boot.efi
32:891  0:003  Finally: ExternalClock=26MHz BusSpeed=100014kHz CPUFreq=3600MHz PIS: hw.busfrequency=104000000Hz
32:899  0:007  Beginning OC
32:903  0:004  OCST: Missing vault data, ignoring...
32:907  0:003  AddKextsInArray from Other
32:910  0:003  ->Extra kext: Other\USBMapDummy.kext (v.1.0)
32:914  0:003  ->Extra kext: Other\RadeonMonitor.kext (v.1.3.5)
32:918  0:003  ->Extra kext: Other\FakeSMC.kext (v.3.5.6)
32:921  0:003  ->Extra kext: Other\IntelCPUMonitor.kext (v.1.2.6)
32:925  0:004  AddKextsInArray from Off
32:929  0:003  AddKextsInArray from 14
32:933  0:003  AddKextsInArray from 14_normal
32:937  0:003  AddKextsInArray from 14.4
32:940  0:003  AddKextsInArray from 14.4_normal
32:944  0:003  AddKextsInArray from 14.4.0
32:948  0:003  AddKextsInArray from 14.4.0_normal
32:951  0:003  Bridge kext to OC : Path=Other\FakeSMC.kext
32:957  0:005  Bridge kext to OC : Path=Other\USBMapDummy.kext
32:961  0:004  Bridge kext to OC : Path=Other\RadeonMonitor.kext
32:965  0:004  Bridge kext to OC : Path=Other\IntelCPUMonitor.kext
32:972  0:006  Start 'OpenRuntime.efi' : Status Success
32:975  0:003  OC: config config.plist
32:979  0:003  OC: Got 0 drivers
32:983  0:003  OC: OpenCore DBG-102-2024-09-12 is loading in Optional mode (0/0)...
32:986  0:003  OC: StorageHandle 0 with  LauncherOption pointing to 
32:991  0:004  OcOSInfoInstallProtocol
32:994  0:003  OCRTC: OcAppleRtcRamInstallProtocol
32:998  0:003  OCRTC: Wake log is 0x00 0x00   0 0x00
33:002  0:003  OcAppleFbInfoInstallProtocol
33:005  0:003  OcAppleEg2InfoInstallProtocol
33:009  0:003  OC: Loading Apple Secure Boot with Disabled (level 0)
33:014  0:004  OCABC: ALRBL 0 RTDFRG 1 DEVMMIO 0 NOSU 0 NOVRWR 0 NOSB 0 FBSIG 0 NOHBMAP 0 SMSLIDE 1 WRUNPROT 1
33:017  0:003  OCABC: FEXITBS 0 PRMRG 0 CSLIDE 0 MSLIDE 0 PRSRV 0 RBMAP 0 VMAP 1 APPLOS 0 RTPERMS 1 ARBAR -1 RBIO 0
33:021  0:003  OCABC: Got rendezvous with OpenRuntime r12
33:025  0:003  OCABC: MAT support is 1
33:028  0:003  OC: RequestBootVarRouting 0
33:033  0:004  OCDM: Found 0x20046/0x2003C UEFI version (376 bytes, 0 rebuilding to 376) gST 7AB3C018 gBS 6D89B3A0 gBS->CreateEventEx 6D889904 &gBS 6D5732C0
33:037  0:004  OC: Setting GPU BARs to 0
33:040  0:003  OCDM: RBAR using PciIo
33:044  0:003  OCDM: Setting RBAR to 0 inc 1 on 3/18
33:047  0:003  OCDM: Capability I/O error - Unsupported
33:051  0:003  OCDM: RBAR is unsupported by device - Device Error
33:055  0:003  OCDM: Setting RBAR to 0 inc 1 on 5/18
33:058  0:003  OCDM: Capability I/O error - Unsupported
33:062  0:003  OCDM: RBAR is unsupported by device - Device Error
33:067  0:004  OC: Got 0 drivers
33:073  0:006  OCC: Installing GOP (Unsupported) on ConsoleOutHandle...
33:079  0:006  OC: Requested resolution is 1920x1080@0 (max: 0, force: 0) from 1920x1080
33:083  0:003  OCC: Using builtin text renderer with 1 scale
33:086  0:003  OCC: Install console control (6D55E3D0/6D882C88/0), current - Success
33:090  0:003  OCC: Setup ASCII Output - Success
33:094  0:003  OC: Requested console mode is 0x0 (max: 0) from 
33:097  0:003  OC: Invalid HibernateMode: 
33:101  0:003  OC: Translated HibernateMode  to 0
33:105  0:003  OC: Hibernation activation - Invalid Parameter, hibernation wake - no
33:114  0:009  OC: Saving 8343 byte panic log panic-2024-11-25-144824.txt - Success
33:118  0:003  OCABC: IsEfiBootRt 0 (BP 1, Apple 0)
33:123  0:004  OCB: Arch filtering 72DD3018(723512)->72DD3018(723512) caps 0 - Success
33:127  0:003  ImageHandle = 73320098
33:134  0:007  GetOSVersion: 14.4 (s)
33:141  0:007  Will not patch boot.efi
33:145  0:003  Using latest BiosVersion from config instead of default 'IM191.88Z.F000.B00.2302212211'
33:149  0:003  Using latest BiosReleaseDate from config instead of default '02/21/2023'
33:152  0:003  BiosVersion: IM191.88Z.F000.B00.2308061817
33:156  0:003  BiosReleaseDate: 08/06/2023
33:160  0:003  EfiVersion: 1968.100.16.0.1
33:163  0:003  SMBIOS reloaded with model iMac19,1
33:167  0:003  Set FakeCPUID: 0x0
33:171  0:003  === [ PatchSmbios ] =============================
33:175  0:003  UpdateSmbiosString : BiosVersion=EfiVersion=1968.100.16.0.1
33:179  0:004  UpdateSmbiosString : ReleaseDate=08/06/2023
33:182  0:003  void PatchTableType1(const SmbiosInjectedSettings&) : UpdateSmbiosString ProductName=iMac19,1
33:186  0:003  void PatchTableType2(const SmbiosInjectedSettings&) : UpdateSmbiosString ProductName=BoardNumber=Mac-AA95B1DDAB278B95
33:190  0:003  void PatchTableType2(const SmbiosInjectedSettings&) : UpdateSmbiosString Version=BoardVersion=iMac19,1
33:193  0:003  insert table 9 for dev 0:0
33:197  0:003  insert table 9 for dev 0:1
33:201  0:003  insert table 9 for dev 1F:6
33:205  0:003  Table 11 present, but rewritten for us
33:209  0:004  Do not inject memory table
33:213  0:003  Trusting SMBIOS...
33:216  0:003  Channels: 1
33:220  0:003  Interleave: 0 1 2 3
33:248  0:027  trusted SMBIOS data, table index 0:
33:251  0:003    gRAM.SMBIOS[0]->ModuleSize = 8192
33:255  0:003    gRAM.SMBIOS[0]->Type = 0
33:259  0:003    gRAM.SMBIOS[0]->Frequency = 3200
33:266  0:007    gRAM.SMBIOS[0]->Vendor = Corsair
33:270  0:003    gRAM.SMBIOS[0]->PartNo = CMK16GX4M2K4266C19
33:273  0:003    gRAM.SMBIOS[0]->SerialNo = 00000000
33:277  0:003  SPD data in use:
33:281  0:003    gRAM.SPD[0]->ModuleSize = 8192
33:284  0:003    gRAM.SPD[0]->Type = 26
33:288  0:003    gRAM.SPD[0]->Frequency = 4264
33:292  0:003    gRAM.SPD[0]->Vendor = Corsair
33:295  0:003    gRAM.SPD[0]->SerialNo = 00000000
33:299  0:003    gRAM.SPD[0]->PartNo = CMK16GX4M2K4266C19
33:303  0:003    SMBIOS Type 17 Index = 0 => SMBIOSIndex=0 SPDIndex=0:
33:307  0:003  BANK 0 DIMM0 4264MHz 8192MB(Ext:0MB)
33:310  0:003  trusted SMBIOS data, table index 1:
33:314  0:003    gRAM.SMBIOS[1]->ModuleSize = 8192
33:318  0:003    gRAM.SMBIOS[1]->Type = 0
33:322  0:003    gRAM.SMBIOS[1]->Frequency = 3200
33:325  0:003    gRAM.SMBIOS[1]->Vendor = Corsair
33:329  0:003    gRAM.SMBIOS[1]->PartNo = CMK16GX4M2K4266C19
33:333  0:003    gRAM.SMBIOS[1]->SerialNo = 00000000
33:336  0:003  SPD data in use:
33:340  0:003    gRAM.SPD[1]->ModuleSize = 8192
33:344  0:003    gRAM.SPD[1]->Type = 26
33:348  0:003    gRAM.SPD[1]->Frequency = 4264
33:351  0:003    gRAM.SPD[1]->Vendor = Corsair
33:357  0:006    gRAM.SPD[1]->SerialNo = 00000000
33:361  0:003    gRAM.SPD[1]->PartNo = CMK16GX4M2K4266C19
33:365  0:003    SMBIOS Type 17 Index = 1 => SMBIOSIndex=1 SPDIndex=1:
33:369  0:003  BANK 0 DIMM1 4264MHz 8192MB(Ext:0MB)
33:372  0:003  !trusted SMBIOS data, Table index 2:!gRAM.SMBIOS.doesSlotForIndexExist(SMBIOSIndex) 
33:383  0:010    SMBIOS Type 17 Index = 2 => SMBIOSIndex=2 SPDIndex=2:
33:387  0:003  BANK 0 DIMM2 EMPTY
33:391  0:003  !trusted SMBIOS data, Table index 3:!gRAM.SMBIOS.doesSlotForIndexExist(SMBIOSIndex) 
33:407  0:016    SMBIOS Type 17 Index = 3 => SMBIOSIndex=3 SPDIndex=3:
33:410  0:003  BANK 0 DIMM3 EMPTY
33:414  0:003  mTotalSystemMemory = 16384
33:418  0:003  NumberOfMemoryDevices = 4
33:421  0:003  Type20[0]->End = 0x7FFFFF, Type17[0] = 2000
33:425  0:003  Type20[1]->End = 0xFFFFFF, Type17[1] = 6000
33:429  0:003  Table 131 is present, CPUType=35
33:433  0:003  Change to: 1005
33:437  0:003  === [ PatchACPI ] ===============================
33:441  0:003  OCABC: AllocPages 1 0x7A345000 (1) - Success
33:444  0:003  Xsdt reallocation done
33:448  0:003  OCABC: AllocPages 1 0x7A344000 (1) - Success
33:452  0:003  old FADT length=114
33:456  0:003   SignatureFixup: 0xD66BCDE8 -> 0x0
33:459  0:003  Found OperationRegion(GNVS, SystemMemory, 7A376000, ...)
33:463  0:003  Found OperationRegion(RAMW, SystemMemory, 7A37A018, ...)
33:468  0:004  Found OperationRegion(RAMX, SystemMemory, 7A2E2018, ...)
33:471  0:003  Found OperationRegion(PNVA, SystemMemory, 7A3D2B98, ...)
33:475  0:003  Found OperationRegion(THBA, SystemMemory, FE200000, ...)
33:480  0:004  Found OperationRegion(BNVS, SystemMemory, 7A38B000, ...)
33:483  0:003  Found OperationRegion(SMBD, SystemMemory, E00FC004, ...)
33:487  0:003  Found OperationRegion(TMMB, SystemMemory, FED40000, ...)
33:491  0:003  Found OperationRegion(CRBD, SystemMemory, FED40000, ...)
33:495  0:003  Found OperationRegion(TPMR, SystemMemory, FFFFFFFF, ...)
33:499  0:003  Found OperationRegion(ATNV, SystemMemory, FFFF0000, ...)
33:503  0:003  Found OperationRegion(WPBR, SystemMemory, 7A364000, ...)
33:507  0:004  OCABC: AllocPages 1 0x7A2F5000 (79) - Success
33:511  0:003  Apply DsdtFixMask=0x10400044
33:515  0:003  === [ FixBiosDsdt ] =============================
33:519  0:003  Patching DSDT:
33:522  0:003   - [change EC0 to EC]: pattern 4543305F, patched at: [ (F96F) ]
33:541  0:018   - [change HECI to IMEI]: pattern 48454349, patched at: [ (18CAE) ]
33:561  0:020  found PIC had IRQNoFlag will move -3 bytes
33:566  0:004   deleting device CRT_
33:574  0:007   deleting device DVI_
33:582  0:007   deleting device SPKR
33:589  0:007   deleting device ECP_
33:597  0:007   deleting device LPT_
33:605  0:007   deleting device FDC0
33:613  0:007   deleting device ECP1
33:621  0:007   deleting device LPT1
33:629  0:007   deleting device FDC_
33:637  0:007    indirect name=RAMB
33:641  0:004    indirect name=RAMA
33:645  0:003    indirect name=PNVB
33:648  0:003  OperationRegion (THBA...) corrected from 0x0 to addr=0xFE200000
33:652  0:003    indirect name=TPMM
33:656  0:003    indirect name=FTPM
33:660  0:003    indirect name=PPIM
33:664  0:004  PreCleanup XSDT: count=24, length=228
33:667  0:003  PreCleanup XSDT, corrected XSDT: count=24, length=228
33:671  0:003  === [ ACPIPatchedAML ] ==========================
33:675  0:003  AutoMerge pass 1
33:679  0:003  Unsorted
33:683  0:003  Inserting SSDT-EC.aml from \EFI\CLOVER\ACPI\patched: ignore on pass 1
33:690  0:007  Inserting SSDT-PLUG-_SB.PR00.aml from \EFI\CLOVER\ACPI\patched: ignore on pass 1
33:698  0:007  Inserting SSDT-PM.aml from \EFI\CLOVER\ACPI\patched: ignore on pass 1
33:705  0:007  Inserting SSDT-PMC.aml from \EFI\CLOVER\ACPI\patched: ignore on pass 1
33:712  0:007  === [ ACPIDropTables ] ==========================
33:716  0:003  OCABC: AllocPages 1 0x7A2F3000 (2) - Success
33:720  0:004  OCABC: AllocPages 1 0x7A2F3000 (2) - Success
33:725  0:004  OCABC: AllocPages 1 0x7A2F3000 (2) - Success
33:729  0:003  OCABC: AllocPages 1 0x7A2F3000 (2) - Success
33:732  0:003  OCABC: AllocPages 1 0x7A2F3000 (2) - Success
33:736  0:003  OCABC: AllocPages 1 0x7A2F3000 (2) - Success
33:740  0:003  Patching SSDTs: 2 patches each
33:744  0:003   pattern 4543305F, bin not found / already patched!
33:751  0:007   pattern 48454349, bin not found / already patched!
33:758  0:007  OCABC: AllocPages 1 0x7A2F0000 (3) - Success
33:762  0:003  Patching SSDTs: 2 patches each
33:766  0:003   pattern 4543305F, bin not found / already patched!
33:773  0:007   pattern 48454349, bin not found / already patched!
33:780  0:007  Found OperationRegion(PNVS, SystemMemory, 7ADF3000, ...)
33:784  0:003  OCABC: AllocPages 1 0x7A2EB000 (5) - Success
33:788  0:003  Patching SSDTs: 2 patches each
33:791  0:003   pattern 4543305F, bin not found / already patched!
33:799  0:007   pattern 48454349, bin not found / already patched!
33:806  0:007  Found OperationRegion(SANV, SystemMemory, 7A3D2118, ...)
33:810  0:003  OCABC: AllocPages 1 0x7A2E7000 (4) - Success
33:814  0:003  Patching SSDTs: 2 patches each
33:817  0:003   pattern 4543305F, bin not found / already patched!
33:825  0:007   pattern 48454349, bin not found / already patched!
33:832  0:007  OCABC: AllocPages 1 0x7A2E5000 (2) - Success
33:836  0:003  OCABC: AllocPages 1 0x7A2E5000 (2) - Success
33:839  0:003  Patching SSDTs: 2 patches each
33:843  0:003   pattern 4543305F, bin not found / already patched!
33:850  0:007   pattern 48454349, bin not found / already patched!
33:858  0:007  OCABC: AllocPages 1 0x7A166000 (4) - Success
33:861  0:003  Patching SSDTs: 2 patches each
33:865  0:003   pattern 4543305F, bin not found / already patched!
33:872  0:007   pattern 48454349, bin not found / already patched!
33:880  0:007  OCABC: AllocPages 1 0x7A2E3000 (2) - Success
33:883  0:003  OCABC: AllocPages 1 0x7A2E3000 (2) - Success
33:887  0:003  OCABC: AllocPages 1 0x7A162000 (4) - Success
33:891  0:003  Patching SSDTs: 2 patches each
33:895  0:003   pattern 4543305F, bin not found / already patched!
33:902  0:007   pattern 48454349, bin not found / already patched!
33:909  0:007  OCABC: AllocPages 1 0x7A2E3000 (2) - Success
33:913  0:003  Patching SSDTs: 2 patches each
33:917  0:003   pattern 4543305F, bin not found / already patched!
33:927  0:010   pattern 48454349, bin not found / already patched!
33:934  0:007  OCABC: AllocPages 1 0x7A160000 (2) - Success
33:938  0:003  OCABC: AllocPages 1 0x7A160000 (2) - Success
33:948  0:009  OCABC: AllocPages 1 0x7A15F000 (3) - Success
33:952  0:003  Patching SSDTs: 2 patches each
33:955  0:003   pattern 4543305F, bin not found / already patched!
33:963  0:007   pattern 48454349, bin not found / already patched!
33:970  0:007  OCABC: AllocPages 1 0x7A15D000 (2) - Success
33:974  0:003  Patching SSDTs: 2 patches each
33:977  0:003   pattern 4543305F, bin not found / already patched!
33:985  0:007   pattern 48454349, bin not found / already patched!
33:993  0:007  Found OperationRegion(ADHD, SystemMemory, 78CD0000, ...)
33:996  0:003  Found OperationRegion(ABLK, SystemMemory, 78CD0020, ...)
34:000  0:003  OCABC: AllocPages 1 0x7A14D000 (16) - Success
34:004  0:003  OCABC: AllocPages 1 0x7A15B000 (2) - Success
34:008  0:003  OCABC: AllocPages 1 0x7A15B000 (2) - Success
34:011  0:003  === [ ACPIPatchedAML ] ==========================
34:015  0:003  AutoMerge pass 2
34:019  0:003  Unsorted
34:023  0:003  Inserting SSDT-EC.aml from \EFI\CLOVER\ACPI\patched: size=91 OCABC: AllocPages 1 0x7A15C000 (1) - Success
... Success
34:038  0:015  Inserting SSDT-PLUG-_SB.PR00.aml from \EFI\CLOVER\ACPI\patched: size=166 OCABC: AllocPages 1 0x7A15B000 (1) - Success
... Success
34:053  0:015  Inserting SSDT-PM.aml from \EFI\CLOVER\ACPI\patched: size=198 OCABC: AllocPages 1 0x7A15A000 (1) - Success
... Success
34:069  0:015  Inserting SSDT-PMC.aml from \EFI\CLOVER\ACPI\patched: size=143 OCABC: AllocPages 1 0x7A159000 (1) - Success
... Success
34:087  0:018  ApicCPUNum=1
34:093  0:006  Maximum control=0x24
34:096  0:003  Turbo control=0x31
34:100  0:003  P-States: min 0x8, max 0x31
34:104  0:003  SSDT with plugin-type without P-States is generated
34:107  0:003  OCABC: AllocPages 1 0x7A158000 (1) - Success
34:111  0:003  Cleanup XSDT: count=29, length=268
34:115  0:003  corrected XSDT count=29, length=268
34:118  0:003  === [ RestSetup macOS ] =========================
34:122  0:003  ATI injection not set
34:126  0:003  Intel UHD Graphics 630 [8086:3E98] :: PciRoot(0x0)\Pci(0x2,0x0)
34:130  0:003    Intel: no default properties
34:134  0:003  Intel GFX revision  = 0x0
34:138  0:003   RCBA disabled; cannot use it
34:141  0:003   setting specified layout-id=1 (0x1)
34:145  0:003  stringlength = 458
34:149  0:003  OCABC: AllocPages 1 0x7A157000 (1) - Success
34:153  0:003  CurrentMode: Width=1366 Height=768
34:156  0:003  SetNvramVariable (system-id, 4D1EDE05-38C7-4A6A-9CC6-4BCCA8B38C14, 0x2, 16): -> writing new (Success)
34:165  0:008  SetNvramVariable (MLB, 4D1EDE05-38C7-4A6A-9CC6-4BCCA8B38C14, 0x6, 17): -> writing new (Success)
34:173  0:008  SetNvramVariable (ROM, 4D1EDE05-38C7-4A6A-9CC6-4BCCA8B38C14, 0x6, 6): -> writing new (Success)
34:181  0:008  SetNvramVariable (FirmwareFeatures, 4D1EDE05-38C7-4A6A-9CC6-4BCCA8B38C14, 0x6, 4): -> writing new (Success)
34:190  0:008  SetNvramVariable (FirmwareFeaturesMask, 4D1EDE05-38C7-4A6A-9CC6-4BCCA8B38C14, 0x6, 4): -> writing new (Success)
34:198  0:008  SetNvramVariable (ExtendedFirmwareFeatures, 4D1EDE05-38C7-4A6A-9CC6-4BCCA8B38C14, 0x6, 8): -> writing new (Success)
34:206  0:008  SetNvramVariable (ExtendedFirmwareFeaturesMask, 4D1EDE05-38C7-4A6A-9CC6-4BCCA8B38C14, 0x6, 8): -> writing new (Success)
34:214  0:008  AddNvramVariable (HW_BID, 4D1EDE05-38C7-4A6A-9CC6-4BCCA8B38C14, 0x6, 20): -> writing new (Success)
34:223  0:008  AddNvramVariable (security-mode, 7C436110-AB2A-4BBB-A880-FE41995C9F82, 0x7, 5): -> already exists, abort
34:230  0:007  set DefaultBackgroundColor=0xfbfbfb
34:234  0:003  SetNvramVariable (DefaultBackgroundColor, 4D1EDE05-38C7-4A6A-9CC6-4BCCA8B38C14, 0x7, 4): -> writing new (Success)
34:246  0:012  SetNvramVariable (ActualDensity, 7C436110-AB2A-4BBB-A880-FE41995C9F82, 0x7, 2): exists(0x7, 2), equal -> not writing again.
34:257  0:011  SetNvramVariable (DensityThreshold, 7C436110-AB2A-4BBB-A880-FE41995C9F82, 0x7, 2): exists(0x7, 2), equal -> not writing again.
34:269  0:011  SetNvramVariable (gfx-saved-config-restore-status, 4D1EDE05-38C7-4A6A-9CC6-4BCCA8B38C14, 0x7, 8): exists(0x7, 8), equal -> not writing again.
34:281  0:011  DeleteNvramVariable (UIScale, 4D1EDE05-38C7-4A6A-9CC6-4BCCA8B38C14):
34:285  0:004  DeleteNvramVariable (EFILoginHiDPI, 7C436110-AB2A-4BBB-A880-FE41995C9F82):
34:289  0:003  SetNvramVariable (flagstate, 7C436110-AB2A-4BBB-A880-FE41995C9F82, 0x7, 32): exists(0x7, 32), equal -> not writing again.
34:300  0:011  SetNvramVariable (csr-active-config, 7C436110-AB2A-4BBB-A880-FE41995C9F82, 0x7, 4): exists(0x7, 4), equal -> not writing again.
34:312  0:012  DeleteNvramVariable (BridgeOSHardwareModel, 4D1EDE05-38C7-4A6A-9CC6-4BCCA8B38C14):
34:317  0:004  DeleteNvramVariable (bootercfg, 7C436110-AB2A-4BBB-A880-FE41995C9F82):
34:321  0:004  DeleteNvramVariable (nvda_drv, 7C436110-AB2A-4BBB-A880-FE41995C9F82):
34:326  0:004  DeleteNvramVariable (recovery-boot-mode, 7C436110-AB2A-4BBB-A880-FE41995C9F82):
34:329  0:003  AddNvramVariable (wake-failure, 7C436110-AB2A-4BBB-A880-FE41995C9F82, 0x7, 5): -> already exists, abort
34:338  0:008  DeleteNvramVariable (opencore-version, 7C436110-AB2A-4BBB-A880-FE41995C9F82):
34:342  0:004  DeleteNvramVariable (ApBoardID, 94B73556-2197-4702-82A8-3E1337DAFBFB):
34:347  0:004  DeleteNvramVariable (ApSecurityDomain, 94B73556-2197-4702-82A8-3E1337DAFBFB):
34:351  0:004  DeleteNvramVariable (ApProductionStatus, 94B73556-2197-4702-82A8-3E1337DAFBFB):
34:355  0:004  DeleteNvramVariable (ApSecurityMode, 94B73556-2197-4702-82A8-3E1337DAFBFB):
34:360  0:004  DeleteNvramVariable (EffectiveProductionStatus, 94B73556-2197-4702-82A8-3E1337DAFBFB):
34:364  0:004  DeleteNvramVariable (EffectiveSecurityMode, 94B73556-2197-4702-82A8-3E1337DAFBFB):
34:369  0:004  DeleteNvramVariable (CertificateEpoch, 94B73556-2197-4702-82A8-3E1337DAFBFB):
34:373  0:004  DeleteNvramVariable (MixNMatchPreventionStatus, 94B73556-2197-4702-82A8-3E1337DAFBFB):
34:378  0:004  DeleteNvramVariable (CryptoDigestMethod, 94B73556-2197-4702-82A8-3E1337DAFBFB):
34:382  0:004  DeleteNvramVariable (InternalUseOnlyUnit, 94B73556-2197-4702-82A8-3E1337DAFBFB):
34:386  0:004  DeleteNvramVariable (ApECID, 94B73556-2197-4702-82A8-3E1337DAFBFB):
34:391  0:004  DeleteNvramVariable (HardwareModel, 94B73556-2197-4702-82A8-3E1337DAFBFB):
34:394  0:003  Use origin smbios table type 1 guid.
34:417  0:022  DeleteNvramVariable (efi-boot-device, 7C436110-AB2A-4BBB-A880-FE41995C9F82):
34:424  0:006  DeleteNvramVariable (efi-boot-device-data, 7C436110-AB2A-4BBB-A880-FE41995C9F82):
34:428  0:004  DeleteNvramVariable (BootCampHD, 7C436110-AB2A-4BBB-A880-FE41995C9F82):
34:432  0:003  Custom boot screen not used because entry has unset use graphics
34:437  0:005  DeleteNvramVariable (IOHibernateRTCVariables, 7C436110-AB2A-4BBB-A880-FE41995C9F82):
34:442  0:004  DeleteNvramVariable (boot-image, 7C436110-AB2A-4BBB-A880-FE41995C9F82):
34:448  0:006  Kernel quirks
34:452  0:003  ACPCL 1 AXCL 1 AXEM 0 AXFB 0 CSG 0 DIM 0 DLJ 0 DRC 1 DPM 0 EBTFF 0 EDI 0 FAI 0 IPBS 0 LKP 0 PNKD 0 PTKP 0 TPD 0 XPL 0 PCC 0
34:455  0:003  Closing log
34:460  0:004  OCABC: AllocPages 2 0x91000 (14) - Success
34:463  0:003  OCABC: AllocPages 2 0x6F7C8000 (14) - Success
34:469  0:005  OCABC: Patching safe mode sur-2 at off ACF4
34:472  0:003  OCABC: AllocPages 2 0x77844000 (512) - Success
34:476  0:003  OCABC: AllocPages 2 0x77843000 (1) - Success
34:480  0:003  OC: Supported boot capabilities 4
34:485  0:004  OCOS: OS set: <null> macOS 11.0
34:488  0:003  OCOS: OS set: Apple Inc. macOS 11.0
34:492  0:003  OCOS: Should use black background
34:496  0:004  OCABC: AllocPages 1 0x6D351000 (1) - Success
34:512  0:015  OC: Opening file System\Library\Kernels\kernel with 1 mode gave - Not Found
34:515  0:003  OC: Opening file \A490645D-B724-4FBC-9AC8-F7A23B1C4935 with 1 mode gave - Success
34:519  0:003  OC: Opening file \A490645D-B724-4FBC-9AC8-F7A23B1C4935\System\Library\CoreServices\com.apple.Boot.plist with 1 mode gave - Not Found
34:523  0:004  OC: Opening file Library\Preferences\SystemConfiguration\com.apple.Boot.plist with 1 mode gave - Success
34:528  0:004  OC: Opening file \A490645D-B724-4FBC-9AC8-F7A23B1C4935\System\Library\CoreServices\PlatformSupport.plist with 1 mode gave - Success
39:550  5:022  OCABC: AllocPages 2 0x5100000 (121199) - Success
39:573  0:023  OC: Opening file System\Library\Caches\com.apple.corestorage\EncryptedRoot.plist.wipekey with 1 mode gave - Success
39:593  0:019  OC: Opening file \A490645D-B724-4FBC-9AC8-F7A23B1C4935\System\Library\CoreServices\boot.efi with 1 mode gave - Success
39:620  0:027  OC: Opening file boot\System\Library\KernelCollections\BootKernelExtensions.kc.development with 1 mode gave - Not Found
39:637  0:017  OC: Opening file boot\System\Library\KernelCollections\BootKernelExtensions.kc with 1 mode gave - Success
39:641  0:003  OC: Load and reserve Kext Other\FakeSMC.kext
39:645  0:004  OC: Load and reserve Kext Other\USBMapDummy.kext
39:649  0:004  OC: Load and reserve Kext Other\RadeonMonitor.kext
39:653  0:004  OC: Load and reserve Kext Other\IntelCPUMonitor.kext
39:658  0:004  OC: Kext reservation size info 506000 exe 3B000
39:662  0:003  OC: Trying 64-bit XNU hook on boot\System\Library\KernelCollections\BootKernelExtensions.kc
39:665  0:003  OCAK: Found 64-bit Mach-O compressed 0 offset 0 size 0
39:669  0:003  OCAK: Determined kernel size is 62734336 bytes
39:704  0:034  OC: Result of 64-bit XNU hook on boot\System\Library\KernelCollections\BootKernelExtensions.kc (00000000) is Success
39:751  0:047  OCAK: Read kernel version 23.4.0 (230400)
39:755  0:003  OCAK: 64-bit patcher base 0xFFFFFF8000200000 kmod 0x0 file 0x0
39:760  0:004  OCAK: Zeroing _xcpm_core_scope_msrs 0xE2 applicable CPUs (76)
39:763  0:003  OCAK: Zeroing _xcpm_core_scope_msrs 0xE2 applicable CPUs (406416)
39:767  0:003  OCAK: Zeroing _xcpm_core_scope_msrs 0xE2 applicable CPUs (16384)
39:772  0:004  Replace B9E20000000F30 by B9E20000009090 at ofs:30E
39:839  0:067  Replace B9E20000000F30 by B9E20000009090 at ofs:39B
39:902  0:063  OCAK: 64-bit XcpmCfgLockRel replace count - 2
39:906  0:003  OCAK: [OK] Success XcpmCfgLock patch
39:949  0:042  OCAK: org.netkas.FakeSMC got KXLD 0 0
39:953  0:003  OCAK: Requesting __LINKEDIT for org.netkas.FakeSMC - 6CE10398 at 3BD5000
39:956  0:003  OCAK: Requesting SymbolTable for org.netkas.FakeSMC - 601
39:960  0:003  OCAK: Requesting __LINKEDIT for __kernel__ - 69246688 at 0
39:964  0:003  OCAK: Requesting SymbolTable for __kernel__ - 22799
39:990  0:025  OCAK: Patching invalid size 2000 with 19DF000 for com.apple.iokit.IOACPIFamily
39:993  0:003  OCAK: com.apple.iokit.IOACPIFamily got KXLD 0 0
39:997  0:004  OCAK: Requesting __LINKEDIT for com.apple.iokit.IOACPIFamily - 6B431518 at 21F6000
40:001  0:003  OCAK: Requesting SymbolTable for com.apple.iokit.IOACPIFamily - 544
40:012  0:011  OCAK: Local relocs 1148 on FFFFFF8003CD5000
40:017  0:004  OC: Prelinked injection Other\FakeSMC.kext () - Success
40:021  0:004  OC: Prelinked injection Other\USBMapDummy.kext () - Success
40:024  0:003  OCAK: org.slice.RadeonMonitor got KXLD 0 0
40:028  0:003  OCAK: Requesting __LINKEDIT for org.slice.RadeonMonitor - 6CE28398 at 3BED000
40:032  0:003  OCAK: Requesting SymbolTable for org.slice.RadeonMonitor - 372
40:037  0:005  OCAK: Patching invalid size 32000 with 156F000 for com.apple.iokit.IOPCIFamily
40:041  0:003  OCAK: com.apple.iokit.IOPCIFamily got KXLD 0 0
40:044  0:003  OCAK: Requesting __LINKEDIT for com.apple.iokit.IOPCIFamily - 6B8A1518 at 2666000
40:048  0:003  OCAK: Requesting SymbolTable for com.apple.iokit.IOPCIFamily - 1531
40:056  0:007  OCAK: Requesting SymbolTable for org.netkas.FakeSMC - 191
40:065  0:009  OCAK: Local relocs 369 on FFFFFF8003CED000
40:069  0:003  OC: Prelinked injection Other\RadeonMonitor.kext () - Success
40:072  0:003  OCAK: org.slice.IntelCPUMonitor got KXLD 0 0
40:076  0:003  OCAK: Requesting __LINKEDIT for org.slice.IntelCPUMonitor - 6CE393E8 at 3BFE000
40:080  0:003  OCAK: Requesting SymbolTable for org.slice.IntelCPUMonitor - 363
40:088  0:007  OCAK: Local relocs 306 on FFFFFF8003CFE000
40:092  0:004  OC: Prelinked injection Other\IntelCPUMonitor.kext () - Success
40:096  0:004  OC: Prelink size 62980096 kext offset 62738432 reserved 241664
40:099  0:003  OCAK: KC TEXT is 65536 bytes with 61800 Mach-O headers need 400
40:117  0:017  OCAK: Failed to pk find com.apple.driver.AppleIntelCPUPowerManagement - Not Found
40:120  0:003  OCAK: [OK] Skipping PatchAppleCpuPmCfgLock on NULL Patcher on kernel version 230400
40:125  0:004  OCAK: Patching invalid size 5FF4 with 2193000 for com.apple.driver.AppleRTC
40:128  0:003  OCAK: com.apple.driver.AppleRTC got KXLD 0 0
40:132  0:003  Replace BE58000000/FFFEFFFFFF(BE58000000) by BEFFFF0000 at ofs:1AED
40:231  0:098  Replace BE58000000/FFFEFFFFFF(BE59000000) by BEFFFF0000 at ofs:1AFE
40:327  0:096  Replace BE58000000/FFFEFFFFFF(BE58000000) by BEFFFF0000 at ofs:1DE3
40:427  0:100  Replace BE58000000/FFFEFFFFFF(BE59000000) by BEFFFF0000 at ofs:1DF3
40:522  0:094  OCAK: 64-bit DisableRtcChecksum64 replace count - 4
40:525  0:003  OCAK: [OK] Patch success com.apple.driver.AppleRTC DisableRtcChecksum
40:646  0:121  OC: Prelinked status - Success
40:690  0:043  OC: Opening file usr\standalone\OS.dmg.root_hash with 1 mode gave - Success
40:700  0:009  OC: Opening file usr\standalone\OS.dmg.root_hash.x86legacyap.im4m with 1 mode gave - Success
40:709  0:009  OCABC: AllocPages 0 0x7308C000 (1) - Success
40:713  0:003  OCABC: AllocPages 0 0x73089000 (1) - Success
40:727  0:013  FixOwnership() -> begin
40:730  0:003  PCI Io found 18
40:734  0:003  USB XHCI reset for device A36D
40:737  0:003  ExtendCap=00008000
40:741  0:003    Value=02000802
40:744  0:003    Value=03011402
40:747  0:003    Value=005CFFC0
40:754  0:006    Value=00002201
