0:100  0:100  MemLog inited, TSC freq: 3600514200
0:100  0:000  CPU was calibrated with RTC
0:100  0:000  CloverX64 : Image base = 0x81C19000
0:100  0:000  Clover ImageHandle = 8a88cb18
0:102  0:002  SelfDirPath = \EFI\CLOVER
0:103  0:001  === [ Starting Clover ] =========================
0:103  0:000  Now is 21.11.2024,  20:39:10 (GMT)
0:103  0:000  Starting Clover revision: 5160 (master, commit 7b08a616e) on American Megatrends EFI
0:103  0:000  Build id: 20240909210805-7b08a61-dirty
0:103  0:000  Build with: [Args: -D NO_GRUB_DRIVERS_EMBEDDED -D LESS_DEBUG -t GCC131 | --cmd-len=50000 -D NO_GRUB_DRIVERS_EMBEDDED -D LESS_DEBUG --conf=/Users/sergey/src/CloverBootloader/Conf -D USE_LOW_EBDA -a X64 -b RELEASE -t GCC131 -n 5 | OS: 15]
0:103  0:000  === [ Get Smbios ] ==============================
0:103  0:000  Type 16 Index = 0
0:103  0:000  Total Memory Slots Count = 4
0:103  0:000  Type 17 Index = 0
0:103  0:000  SmbiosTable.Type17->SlotIndex = 0
0:103  0:000  SmbiosTable.Type17->ModuleSize = 8192MB
0:103  0:000  SmbiosTable.Type17->Type = 0
0:103  0:000  SmbiosTable.Type17->Frequency = 3200MHz
0:103  0:000  SmbiosTable.Type17->Bank/Device = BANK 0 ChannelA-DIMM1
0:103  0:000  SmbiosTable.Type17->Vendor = Corsair
0:103  0:000  SmbiosTable.Type17->SerialNo = 00000000
0:103  0:000  SmbiosTable.Type17->PartNo = CMK16GX4M2K4266C19
0:103  0:000  Type 17 Index = 1
0:103  0:000  SmbiosTable.Type17->SlotIndex = 1
0:103  0:000  SmbiosTable.Type17->ModuleSize = 8192MB
0:103  0:000  SmbiosTable.Type17->Type = 0
0:103  0:000  SmbiosTable.Type17->Frequency = 3200MHz
0:103  0:000  SmbiosTable.Type17->Bank/Device = BANK 1 ChannelA-DIMM2
0:103  0:000  SmbiosTable.Type17->Vendor = Corsair
0:103  0:000  SmbiosTable.Type17->SerialNo = 00000000
0:103  0:000  SmbiosTable.Type17->PartNo = CMK16GX4M2K4266C19
0:103  0:000  Type 17 Index = 2
0:103  0:000  Ignoring insane frequency value 0MHz
0:103  0:000  Type 17 Index = 3
0:103  0:000  Ignoring insane frequency value 0MHz
0:103  0:000  Boot status=0
0:103  0:000  Running on: 'System Product Name' with board 'PRIME Z390-A'
0:103  0:000  === [ GetCPUProperties ] ========================
0:103  0:000  CPU Vendor = 756E6547 Model=906EC
0:103  0:000   The CPU supported SSE4.1
0:103  0:000   The CPU supported RDRAND
0:103  0:000  BrandString = Intel(R) Core(TM) i7-9700K CPU @ 3.60GHz
0:103  0:000   The CPU supported turbo
0:103  0:000   Energy PerfBias is  visible:
0:103  0:000  MSR 0x35               80008
0:103  0:000   TSC/CCC Information Leaf:
0:103  0:000    numerator     : 300
0:103  0:000    denominator   : 2
0:103  0:000   Calibrated ARTFrequency: 24003428
0:103  0:000   Rounded ARTFrequency: 24000000
0:103  0:000  MSR 0xE2 before patch 1E000000
0:103  0:000  MSR 0xCE              08080838_F1012400
0:103  0:000  corrected FLEX_RATIO = E0000
0:103  0:000  MSR 0x1B0             00000000
0:103  0:000  FSBFrequency = 100 MHz, DMI FSBFrequency = 100 MHz, Corrected FSBFrequency = 100 MHz
0:103  0:000  MaxDiv/MinDiv: 36.0/8
0:103  0:000  Turbo: 47/49/49/49
0:103  0:000  Features: 0x77FAFBFFBFEBFBFF
0:103  0:000  Threads: 8
0:103  0:000  Cores: 8
0:103  0:000  FSB: 100 MHz
0:103  0:000  CPU: 3600 MHz
0:103  0:000  TSC: 3600 MHz
0:103  0:000  PIS: 100 MHz
0:103  0:000  ExternalClock: 25 MHz
0:103  0:000  === [ GetDevices ] ==============================
0:103  0:000  GOP found at: PciRoot(0x0)/Pci(0x1,0x0)/Pci(0x0,0x0)/AcpiAdr(0x80010302)
0:103  0:000  PCI (00|00:00.00) : 8086 3E30 class=060000
0:103  0:000  PCI (00|00:01.00) : 8086 1901 class=060400
0:103  0:000  PCI (00|01:00.00) : 1002 67DF class=030000
0:103  0:000   - GFX: Model=AMD Radeon RX 480/570/580 (ATI/AMD)
0:104  0:000   - GOP: Provided by device
0:104  0:000  PCI (00|01:00.01) : 1002 AAF0 class=040300
0:104  0:000   - HDMI Audio: 
0:104  0:000  PCI (00|00:14.00) : 8086 A36D class=0C0330
0:104  0:000  PCI (00|00:14.02) : 8086 A36F class=050000
0:104  0:000  PCI (00|00:16.00) : 8086 A360 class=078000
0:104  0:000  PCI (00|00:17.00) : 8086 A352 class=010601
0:104  0:000  PCI (00|00:1B.00) : 8086 A340 class=060400
0:104  0:000  PCI (00|00:1C.00) : 8086 A338 class=060400
0:104  0:000  PCI (00|00:1D.00) : 8086 A330 class=060400
0:104  0:000  PCI (00|04:00.00) : 144D A808 class=010802
0:104  0:000  PCI (00|00:1F.00) : 8086 A305 class=060100
0:104  0:000  PCI (00|00:1F.03) : 8086 A348 class=040300
0:104  0:000  PCI (00|00:1F.04) : 8086 A323 class=0C0500
0:104  0:000  PCI (00|00:1F.05) : 8086 A324 class=0C8000
0:104  0:000  PCI (00|00:1F.06) : 8086 15BC class=020000
0:104  0:000   - LAN: 1 Vendor=Intel
0:104  0:000  Legacy MAC address of LAN #0= 40:B0:76:DE:9E:93:
0:104  0:000  _checkOEMPath Look for oem dir at path '\EFI\CLOVER\OEM\System Product Name--40-B0-76-DE-9E-93'. Dir doesn't exist.
0:104  0:000  _checkOEMPath Look for oem dir at path '\EFI\CLOVER\OEM\PRIME Z390-A\UEFI'. Dir doesn't exist.
0:104  0:000  _checkOEMPath Look for oem dir at path '\EFI\CLOVER\OEM\System Product Name'. Dir doesn't exist.
0:104  0:000  _checkOEMPath Look for oem dir at path '\EFI\CLOVER\OEM\System Product Name-3600'. Dir doesn't exist.
0:104  0:000  _checkOEMPath Look for oem dir at path '\EFI\CLOVER\OEM\PRIME Z390-A'. Dir doesn't exist.
0:104  0:000  _checkOEMPath Look for oem dir at path '\EFI\CLOVER\OEM\PRIME Z390-A-3600'. Dir doesn't exist.
0:104  0:000  === [ GetUserSettings ] =========================
0:104  0:000  GetDefaultModel()=iMac18,3
0:104  0:000  === [ LoadUserSettings ] ========================
0:105  0:000  Using config.plist at path: \EFI\CLOVER
0:106  0:000  There are problems in plist '\EFI\CLOVER\config.plist'
0:106  0:000  Warning: Unknown key '/KernelAndKextPatches/KernelCpu:241'. Skipped.
0:106  0:000  Warning: Boolean value contained in a string. Please use <true/> instead of <string>yes</string> for tag '/SystemParameters/InjectKexts:836'
0:106  0:000  Use CloverConfigPlistValidator or look in the log
3:106  2:999  === [ LoadUserSettings ] ========================
3:106  0:000  Cannot find smbios.plist at path '\EFI\CLOVER' : Not Found
3:106  0:000  '\EFI\CLOVER\smbios.plist' not loaded. Efi error Not Found
3:106  0:000  create SMBIOS list, found 27 dicts
3:106  0:000  ... ACPI
3:106  0:000  ... Boot
3:106  0:000  ... Devices
3:106  0:000  ... DisableDrivers
3:106  0:000  ... GUI
3:106  0:000  ... Graphics
3:106  0:000  ... KernelAndKextPatches
3:106  0:000  ... SMBIOS
3:106  0:000  ... SystemParameters
3:106  0:000  ... RtVariables
3:106  0:000  get model from config.plist
3:107  0:000  Using latest BiosVersion from config instead of default 'IM191.88Z.F000.B00.2302212211'
3:115  0:008  BiosVersion: IM192.88Z.F000.B00.1902181222
3:119  0:004  BiosReleaseDate: 02/21/2023
3:123  0:004  EfiVersion: 1968.100.16.0.1
3:128  0:004  got BE smUUID as:BA91F74F-5CE7-463F-E89D-40B076DE9E93
3:132  0:004  Calibrated TSC Frequency = 3600514200 = 3600MHz
3:136  0:004  === [ GetListOfThemes ] =========================
3:141  0:004  - [00]: random
3:150  0:009  - [00]: embedded
3:159  0:009  === [ Found config plists ] =====================
3:164  0:004  - config-sample.plist
3:168  0:003  - config.plist
3:172  0:004  === [ LoadDrivers ] =============================
3:178  0:005  Loading OsxAptioFix3Drv-64.efi status=Success
3:191  0:013  Loading PartitionDxe-64.efi status=Success
3:205  0:013   - driver needs connecting
3:209  0:004  Loading DataHubDxe-64.efi status=Success
3:225  0:015  Loading EnglishDxe.efi status=Success
3:238  0:013  Loading VBoxHfs-64.efi status=Success
3:252  0:013   - driver needs connecting
3:256  0:004  Loading FSInject-64.efi status=Success
3:270  0:013  Loading ApfsDriverLoader-64.efi status=Success
3:284  0:013   - driver needs connecting
3:288  0:004  Loading EmuVariableUefi-64.efi status=Success
3:301  0:013  EmuVariableUefi Initialize: VariableCommonInitialize = Success, orig services stored, install gEmuVariableControlProtocolGuid = Success
3:303  0:001  Loading SMCHelper-64.efi status=Success
3:316  0:013  Loading AudioDxe-64.efi status=Success
3:330  0:013   - driver needs connecting
3:334  0:004  4 drivers needs connecting ...
3:334  0:000  PlatformDriverOverrideProtocol not found. Installing ... Success
3:335  0:000  Partition driver loaded: 
3:335  0:000  HFS+ driver loaded
3:335  0:000  APFS driver loaded
3:336  0:000  Searching for invalid DiskIo BY_DRIVER connects: not found, all ok
8:434  5:098  EmuVariable InstallEmulation: orig vars copied, emu.var.services installed, CreateEvent VirtualAddressChange = Success, CreateEvent ExitBootServices = Success, set Status=Success
8:485  0:050  === [ InitScreen ] ==============================
8:489  0:003  Console modes reported: 4, available modes:
8:492  0:003   - [01]: 80x25 (current mode)
8:499  0:006   - [03]: 100x31
8:502  0:003   - [04]: 170x40
8:505  0:003  SetScreenResolution: 1920x1080 - not found!
8:512  0:006  SetMaxResolution: found best mode 0: 1366x768
8:519  0:006   - already set
8:524  0:004  Using embedded font
8:528  0:004  === [ ScanSPD ] =================================
8:531  0:003  SMBus device : 8086 A323 class=0C0500 status=Success
8:535  0:003  SMBus CmdReg: 0x3
8:538  0:003  Scanning SMBus [8086:A323], mmio: 0xA0538004, ioport: 0xEFA0, hostc: 0x11
8:542  0:003  Slots to scan [8]...
8:545  0:003  SPD[0]: Got invalid type 0 @0x50. Will set page and retry.
8:549  0:004  SPD[0]: Type 12 @0x50
8:570  0:020  XMP Profile1: 4*125 -31 ns
8:574  0:003  Found module with XMP version 2.0
8:577  0:003  XMPDetection deactivated in config.plist
8:581  0:003  DDR speed 2132MHz
8:584  0:003  Slot: 0 Type 26 8192MB 2132MHz Vendor=Corsair PartNo=CMK16GX4M2K4266C19 SerialNo=00000000
8:588  0:004  SPD[1]: Type 12 @0x51
8:609  0:020  XMP Profile1: 4*125 -31 ns
8:612  0:003  Found module with XMP version 2.0
8:616  0:003  XMPDetection deactivated in config.plist
8:619  0:003  DDR speed 2132MHz
8:622  0:003  Slot: 1 Type 26 8192MB 2132MHz Vendor=Corsair PartNo=CMK16GX4M2K4266C19 SerialNo=00000000
8:626  0:004  === [ GetAcpiTablesList ] =======================
8:630  0:003  Get Acpi Tables List from RSDT: count=24
8:643  0:012   - [00]: FACP  A M I  len=132
8:646  0:003   - [01]: APIC  A M I  len=188
8:649  0:003   - [02]: FPDT  A M I  len=68
8:652  0:003   - [03]: FIDT  A M I len=156
8:656  0:003   - [04]: MCFG  A M I  len=60
8:659  0:003   - [05]: WSMT  A M I  len=40
8:662  0:003   - [06]: SSDT  SataTabl len=888
8:666  0:003   - [07]: SSDT  CpuSsdt len=6101
8:669  0:003   - [08]: SSDT  SaSsdt  len=12443
8:673  0:003   - [09]: SSDT  PegSsdt len=9048
8:676  0:003   - [10]: HPET  A M I  len=56
8:680  0:003   - [11]: SSDT  Ther_Rvp len=3998
8:683  0:003   - [12]: SSDT  xh_cfsd4 len=10579
8:687  0:003   - [13]: UEFI  A M I  len=72
8:690  0:003   - [14]: LPIT  A M I  len=92
8:694  0:003   - [15]: SSDT  PtidDevc len=10206
8:697  0:003   - [16]: SSDT  TbtTypeC len=4094
8:701  0:003   - [17]: DBGP  A M I  len=52
8:704  0:003   - [18]: DBG2  A M I  len=84
8:708  0:003   - [19]: SSDT  UsbCTabl len=6449
8:711  0:003   - [20]: SSDT  ADebTabl len=324
8:715  0:003   - [21]: VFCT  A M I  len=59524
8:718  0:003   - [22]: BGRT  A M I  len=56
8:722  0:003   - [23]: WPBT  A M I len=60
8:726  0:004   - [00]: Drop table : MATS,                0 :  no
8:732  0:006  Custom boot CUSTOM_BOOT_DISABLED (0x0)
8:736  0:003  Default theme: tonymacx86
8:739  0:003  Set FakeCPUID: 0x0
8:743  0:004  === [ Found DSDT tables ] =======================
8:747  0:003  === [ InitKextList ] ============================
8:751  0:004  Added Kext=Other\FakeSMC.kext (1465)
8:760  0:008  ---| added plugin=LPCSensors.kext (1465)
8:765  0:004  ---| added plugin=GPUSensors.kext (1465)
8:768  0:003  ---| added plugin=CPUSensors.kext (1465)
8:773  0:004  ---| added plugin=ACPISensors.kext (1465)
8:777  0:004  === [ ScanVolumes ] =============================
8:781  0:003  Found 10 volumes with blockIO
8:784  0:003  - [00]: Volume: PciRoot(0x0)\Pci(0x17,0x0)\Sata(0x0,0xFFFF,0x0)
8:791  0:007  - [01]: Volume: PciRoot(0x0)\Pci(0x17,0x0)\Sata(0x0,0xFFFF,0x0)\HD(1,GPT,38DCC513-D608-408E-9D2F-1469C8B906A0,0x28,0x64000)
8:799  0:007          Result of bootcode detection: bootable unknown (legacy)
8:824  0:024            label : EFI
8:827  0:003  - [02]: Volume: PciRoot(0x0)\Pci(0x17,0x0)\Sata(0x0,0xFFFF,0x0)\HD(2,GPT,C20AA839-E88E-4CED-8CAB-9480B290394C,0x64028,0x15D466360)
8:852  0:024            label : Dati
8:855  0:003  - [03]: Volume: PciRoot(0x0)\Pci(0x1D,0x0)\Pci(0x0,0x0)\NVMe(0x1,CA-8F-B2-81-58-38-25-00)
8:862  0:006  - [04]: Volume: PciRoot(0x0)\Pci(0x1D,0x0)\Pci(0x0,0x0)\NVMe(0x1,CA-8F-B2-81-58-38-25-00)\HD(1,GPT,6E40A227-DDED-4325-B7CE-3959620EB39E,0x28,0x64000)
8:869  0:007          Result of bootcode detection: bootable unknown (legacy)
8:873  0:003            label : EFI
8:877  0:003          This is SelfVolume !!
8:880  0:003  - [05]: Volume: PciRoot(0x0)\Pci(0x1D,0x0)\Pci(0x0,0x0)\NVMe(0x1,CA-8F-B2-81-58-38-25-00)\HD(2,GPT,9508A8C6-F9B9-4EDD-ABC7-C1C4A019C410,0x64028,0x3A321FE0)
8:887  0:006          Result of bootcode detection: bootable unknown (legacy)
8:891  0:003  - [06]: Volume: PciRoot(0x0)\Pci(0x1D,0x0)\Pci(0x0,0x0)\NVMe(0x1,CA-8F-B2-81-58-38-25-00)\HD(2,GPT,9508A8C6-F9B9-4EDD-ABC7-C1C4A019C410,0x64028,0x3A321FE0)\VenMedia(BE74FCF7-0B7C-49F3-9147-01F4042E6842,F2738F7DD5B89341BB89C99D72294438)
8:898  0:007            apfsFileSystemUUID=7D8F73F2-B8D5-4193-BB89-C99D72294438, ApfsContainerUUID=85F3C012-2D6D-4FA1-A77E-71D7470E7FA2, ApfsRole=0x10
8:902  0:003            label : Preboot
8:905  0:003  - [07]: Volume: PciRoot(0x0)\Pci(0x1D,0x0)\Pci(0x0,0x0)\NVMe(0x1,CA-8F-B2-81-58-38-25-00)\HD(2,GPT,9508A8C6-F9B9-4EDD-ABC7-C1C4A019C410,0x64028,0x3A321FE0)\VenMedia(BE74FCF7-0B7C-49F3-9147-01F4042E6842,5D6490A424B7BC4F9AC8F7A23B1C4935)
8:913  0:007            apfsFileSystemUUID=A490645D-B724-4FBC-9AC8-F7A23B1C4935, ApfsContainerUUID=85F3C012-2D6D-4FA1-A77E-71D7470E7FA2, ApfsRole=0x0
8:929  0:016            label : Macintosh HD
8:933  0:003  - [08]: Volume: PciRoot(0x0)\Pci(0x1D,0x0)\Pci(0x0,0x0)\NVMe(0x1,CA-8F-B2-81-58-38-25-00)\HD(2,GPT,9508A8C6-F9B9-4EDD-ABC7-C1C4A019C410,0x64028,0x3A321FE0)\VenMedia(BE74FCF7-0B7C-49F3-9147-01F4042E6842,B6D67091A529BA4BA6736F0E24A99093)
8:940  0:007            apfsFileSystemUUID=9170D6B6-29A5-4BBA-A673-6F0E24A99093, ApfsContainerUUID=85F3C012-2D6D-4FA1-A77E-71D7470E7FA2, ApfsRole=0x4
8:943  0:003            label : Recovery
8:947  0:003  - [09]: Volume: PciRoot(0x0)\Pci(0x1D,0x0)\Pci(0x0,0x0)\NVMe(0x1,CA-8F-B2-81-58-38-25-00)\HD(2,GPT,9508A8C6-F9B9-4EDD-ABC7-C1C4A019C410,0x64028,0x3A321FE0)\VenMedia(BE74FCF7-0B7C-49F3-9147-01F4042E6842,55B78B2757452849A2D432E0BB550617)
8:954  0:006            apfsFileSystemUUID=278BB755-4557-4928-A2D4-32E0BB550617, ApfsContainerUUID=85F3C012-2D6D-4FA1-A77E-71D7470E7FA2, ApfsRole=0x8
8:957  0:003            label : VM
8:961  0:003  Searching volumes for latest nvram.plist ...
8:969  0:007   - [0] no nvram.plist
8:972  0:003   Modified = 2024-11-21 20:38:46 (4016810326000 ms)
8:979  0:006   - newer - will use this one
8:982  0:003  Loading nvram.plist from EFI index 1  begin load gNvramDict=0x0
8:989  0:007   loaded, size=3239
8:993  0:003  LoadLatestNvramPlist loaded Status=Success
8:997  0:003  === [ PutNvramPlistToRtVars ] ===================
9:000  0:003  dict count = 30
9:004  0:003   Adding Key: EFILoginHiDPI: Size = 4, Data: 00 00 00 00 
9:027  0:023  SetNvramVariable (EFILoginHiDPI, 7C436110-AB2A-4BBB-A880-FE41995C9F82, 0x6, 4): exists(0x7, 4)DeleteNvramVariable (EFILoginHiDPI, 7C436110-AB2A-4BBB-A880-FE41995C9F82):
9:038  0:010  , diff. attr: deleting old (Success) -> writing new (Success)
9:044  0:006   Skipping EmuVariableUefiPresent
9:048  0:003   Adding Key: SystemAudioVolume: Size = 1, Data: 80 
9:062  0:013  SetNvramVariable (SystemAudioVolume, 7C436110-AB2A-4BBB-A880-FE41995C9F82, 0x6, 1): -> writing new (Success)
9:069  0:006   Adding Key: SystemAudioVolumeDB: Size = 1, Data: F0 
9:087  0:018  SetNvramVariable (SystemAudioVolumeDB, 7C436110-AB2A-4BBB-A880-FE41995C9F82, 0x6, 1): -> writing new (Success)
9:094  0:007   Adding Key: csr-active-config: Size = 4, Data: 67 00 00 00 
9:118  0:023  SetNvramVariable (csr-active-config, 7C436110-AB2A-4BBB-A880-FE41995C9F82, 0x6, 4): exists(0x7, 4)DeleteNvramVariable (csr-active-config, 7C436110-AB2A-4BBB-A880-FE41995C9F82):
9:129  0:010  , diff. attr: deleting old (Success) -> writing new (Success)
9:135  0:006   Adding Key: efi-backup-boot-device: Size = 442, Data: 3C 61 72 72 61 79 3E 3C 64 69 63 74 3E 3C 6B 65 79 3E 49 4F 4D 61 74 63 68 3C 2F 6B 65 79 3E 3C 64 69 63 74 3E 3C 6B 65 79 3E 49 4F 50 72 6F 76 69 64 65 72 43 6C 61 73 73 3C 2F 6B 65 79 3E 3C 73 74 72 69 6E 67 3E 49 4F 4D 65 64 69 61 3C 2F 73 74 72 69 6E 67 3E 3C 6B 65 79 3E 49 4F 50 72 6F 70 65 72 74 79 4D 61 74 63 68 3C 2F 6B 65 79 3E 3C 64 69 63 74 3E 3C 6B 65 79 3E 55 55 49 44 3C 2F 6B 65 79 3E 3C 73 74 72 69 6E 67 3E 37 44 38 46 37 33 46 32 2D 42 38 44 35 2D 34 31 39 33 2D 42 42 38 39 2D 43 39 39 44 37 32 32 39 34 34 33 38 3C 2F 73 74 72 69 6E 67 3E 3C 2F 64 69 63 74 3E 3C 2F 64 69 63 74 3E 3C 6B 65 79 3E 42 4C 4C 61 73 74 42 53 44 4E 61 6D 65 3C 2F 6B 65 79 3E 3C 73 74 72 69 6E 67 3E 64 69 73 6B 32 73 32 3C 2F 73 74 72 69 6E 67 3E 3C 2F 64 69 63 74 3E 3C 64 69 63 74 3E 3C 6B 65 79 3E 49 4F 45 46 49 44 65 76 69 63 65 50 61 74 68 54 79 70 65 3C 2F 6B 65 79 3E 3C 73 74 72 69 6E 67 3E 4D 65 64 69 61 46 69 6C 65 50 61 74 68 3C 2F 73 74 72 69 6E 67 3E 3C 6B 65 79 3E 50 61 74 68 3C 2F 6B 65 79 3E 3C 73 74 72 69 6E 67 3E 5C 41 34 39 30 36 34 35 44 2D 42 37 32 34 2D 34 46 42 43 2D 39 41 43 38 2D 46 37 41 32 33 42 31 43 34 39 33 35 5C 53 79 73 74 65 6D 5C 4C 69 62 72 61 72 79 5C 43 6F 72 65 53 65 72 76 69 63 65 73 08 6F 6F 74 2E 65 66 69 3C 2F 73 74 72 69 6E 67 3E 3C 2F 64 69 63 74 3E 3C 2F 61 72 72 61 79 3E 
10:666  1:530  SetNvramVariable (efi-backup-boot-device, 7C436110-AB2A-4BBB-A880-FE41995C9F82, 0x6, 442): -> writing new (Success)
10:673  0:006   Adding Key: efi-backup-boot-device-data: Size = 276, Data: 02 01 0C 00 D0 41 03 0A 00 00 00 00 01 01 06 00 00 1D 01 01 06 00 00 00 03 16 10 00 01 00 00 00 00 25 38 58 81 B2 8F CA 04 01 2A 00 02 00 00 00 28 40 06 00 00 00 00 00 E0 1F 32 3A 00 00 00 00 C6 A8 08 95 B9 F9 DD 4E AB C7 C1 C4 A0 19 C4 10 02 02 04 03 24 00 F7 FC 74 BE 7C 0B F3 49 91 47 01 F4 04 2E 68 42 F2 73 8F 7D D5 B8 93 41 BB 89 C9 9D 72 29 44 38 04 04 9A 00 5C 00 41 00 34 00 39 00 30 00 36 00 34 00 35 00 44 00 2D 00 42 00 37 00 32 00 34 00 2D 00 34 00 46 00 42 00 43 00 2D 00 39 00 41 00 43 00 38 00 2D 00 46 00 37 00 41 00 32 00 33 00 42 00 31 00 43 00 34 00 39 00 33 00 35 00 5C 00 53 00 79 00 73 00 74 00 65 00 6D 00 5C 00 4C 00 69 00 62 00 72 00 61 00 72 00 79 00 5C 00 43 00 6F 00 72 00 65 00 53 00 65 00 72 00 76 00 69 00 63 00 65 00 73 00 5C 00 62 00 6F 00 6F 00 74 00 2E 00 65 00 66 00 69 00 00 00 7F FF 04 00 
11:639  0:966  SetNvramVariable (efi-backup-boot-device-data, 7C436110-AB2A-4BBB-A880-FE41995C9F82, 0x6, 276): -> writing new (Success)
11:646  0:006   Adding Key: fakesmc-key-#KEY-ui32: Size = 4, Data: 00 00 00 00 
11:669  0:023  SetNvramVariable (fakesmc-key-#KEY-ui32, 7C436110-AB2A-4BBB-A880-FE41995C9F82, 0x6, 4): exists(0x7, 4)DeleteNvramVariable (fakesmc-key-#KEY-ui32, 7C436110-AB2A-4BBB-A880-FE41995C9F82):
11:680  0:010  , diff. attr: deleting old (Success) -> writing new (Success)
11:687  0:006   Adding Key: fakesmc-key-$Adr-ui32: Size = 4, Data: 00 00 03 00 
11:710  0:023  SetNvramVariable (fakesmc-key-$Adr-ui32, 7C436110-AB2A-4BBB-A880-FE41995C9F82, 0x6, 4): exists(0x7, 4)DeleteNvramVariable (fakesmc-key-$Adr-ui32, 7C436110-AB2A-4BBB-A880-FE41995C9F82):
11:721  0:010  , diff. attr: deleting old (Success) -> writing new (Success)
11:728  0:006   Adding Key: fakesmc-key-$Num-ui8: Size = 1, Data: 01 
11:744  0:016  SetNvramVariable (fakesmc-key-$Num-ui8, 7C436110-AB2A-4BBB-A880-FE41995C9F82, 0x6, 1): exists(0x7, 1)DeleteNvramVariable (fakesmc-key-$Num-ui8, 7C436110-AB2A-4BBB-A880-FE41995C9F82):
11:755  0:010  , diff. attr: deleting old (Success) -> writing new (Success)
11:762  0:007   Adding Key: fakesmc-key-BATP-flag: Size = 1, Data: 00 
11:776  0:013  SetNvramVariable (fakesmc-key-BATP-flag, 7C436110-AB2A-4BBB-A880-FE41995C9F82, 0x6, 1): exists(0x7, 1)DeleteNvramVariable (fakesmc-key-BATP-flag, 7C436110-AB2A-4BBB-A880-FE41995C9F82):
11:787  0:010  , diff. attr: deleting old (Success) -> writing new (Success)
11:793  0:006   Adding Key: fakesmc-key-BEMB-flag: Size = 1, Data: 00 
11:807  0:013  SetNvramVariable (fakesmc-key-BEMB-flag, 7C436110-AB2A-4BBB-A880-FE41995C9F82, 0x6, 1): exists(0x7, 1)DeleteNvramVariable (fakesmc-key-BEMB-flag, 7C436110-AB2A-4BBB-A880-FE41995C9F82):
11:820  0:012  , diff. attr: deleting old (Success) -> writing new (Success)
11:827  0:007   Adding Key: fakesmc-key-BNum-ui8: Size = 1, Data: 00 
11:841  0:014  SetNvramVariable (fakesmc-key-BNum-ui8, 7C436110-AB2A-4BBB-A880-FE41995C9F82, 0x6, 1): exists(0x7, 1)DeleteNvramVariable (fakesmc-key-BNum-ui8, 7C436110-AB2A-4BBB-A880-FE41995C9F82):
11:851  0:010  , diff. attr: deleting old (Success) -> writing new (Success)
11:858  0:006   Adding Key: fakesmc-key-EPCI-ui32: Size = 4, Data: 09 D0 F0 00 
11:882  0:023  SetNvramVariable (fakesmc-key-EPCI-ui32, 7C436110-AB2A-4BBB-A880-FE41995C9F82, 0x6, 4): exists(0x7, 4)DeleteNvramVariable (fakesmc-key-EPCI-ui32, 7C436110-AB2A-4BBB-A880-FE41995C9F82):
11:895  0:013  , diff. attr: deleting old (Success) -> writing new (Success)
11:902  0:006   Adding Key: fakesmc-key-MSAc-ui16: Size = 2, Data: 00 00 
11:921  0:018  SetNvramVariable (fakesmc-key-MSAc-ui16, 7C436110-AB2A-4BBB-A880-FE41995C9F82, 0x6, 2): exists(0x7, 2)DeleteNvramVariable (fakesmc-key-MSAc-ui16, 7C436110-AB2A-4BBB-A880-FE41995C9F82):
11:931  0:010  , diff. attr: deleting old (Success) -> writing new (Success)
11:938  0:007   Adding Key: fakesmc-key-MSFW-ui8: Size = 2, Data: 01 00 
11:958  0:020  SetNvramVariable (fakesmc-key-MSFW-ui8, 7C436110-AB2A-4BBB-A880-FE41995C9F82, 0x6, 2): exists(0x7, 2)DeleteNvramVariable (fakesmc-key-MSFW-ui8, 7C436110-AB2A-4BBB-A880-FE41995C9F82):
11:968  0:010  , diff. attr: deleting old (Success) -> writing new (Success)
11:975  0:006   Adding Key: fakesmc-key-MSPS-ui16: Size = 2, Data: 00 03 
11:992  0:017  SetNvramVariable (fakesmc-key-MSPS-ui16, 7C436110-AB2A-4BBB-A880-FE41995C9F82, 0x6, 2): exists(0x7, 2)DeleteNvramVariable (fakesmc-key-MSPS-ui16, 7C436110-AB2A-4BBB-A880-FE41995C9F82):
12:002  0:010  , diff. attr: deleting old (Success) -> writing new (Success)
12:009  0:006   Adding Key: fakesmc-key-MSTc-ui8: Size = 1, Data: 00 
12:022  0:013  SetNvramVariable (fakesmc-key-MSTc-ui8, 7C436110-AB2A-4BBB-A880-FE41995C9F82, 0x6, 1): exists(0x7, 1)DeleteNvramVariable (fakesmc-key-MSTc-ui8, 7C436110-AB2A-4BBB-A880-FE41995C9F82):
12:032  0:009  , diff. attr: deleting old (Success) -> writing new (Success)
12:039  0:007   Adding Key: fakesmc-key-MSWr-ui8: Size = 1, Data: 00 
12:056  0:016  SetNvramVariable (fakesmc-key-MSWr-ui8, 7C436110-AB2A-4BBB-A880-FE41995C9F82, 0x6, 1): exists(0x7, 1)DeleteNvramVariable (fakesmc-key-MSWr-ui8, 7C436110-AB2A-4BBB-A880-FE41995C9F82):
12:066  0:009  , diff. attr: deleting old (Success) -> writing new (Success)
12:073  0:006   Adding Key: fakesmc-key-RBr -ch8*: Size = 8, Data: 6A 31 33 38 5F 39 00 00 
12:110  0:036  SetNvramVariable (fakesmc-key-RBr -ch8*, 7C436110-AB2A-4BBB-A880-FE41995C9F82, 0x6, 8): exists(0x7, 8)DeleteNvramVariable (fakesmc-key-RBr -ch8*, 7C436110-AB2A-4BBB-A880-FE41995C9F82):
12:120  0:010  , diff. attr: deleting old (Success) -> writing new (Success)
12:127  0:006   Adding Key: fakesmc-key-REV -ch8*: Size = 6, Data: 02 46 0F 00 00 12 
12:157  0:030  SetNvramVariable (fakesmc-key-REV -ch8*, 7C436110-AB2A-4BBB-A880-FE41995C9F82, 0x6, 6): exists(0x7, 6)DeleteNvramVariable (fakesmc-key-REV -ch8*, 7C436110-AB2A-4BBB-A880-FE41995C9F82):
12:167  0:010  , diff. attr: deleting old (Success) -> writing new (Success)
12:174  0:006   Adding Key: fakesmc-key-RMde-char: Size = 1, Data: 41 
12:187  0:013  SetNvramVariable (fakesmc-key-RMde-char, 7C436110-AB2A-4BBB-A880-FE41995C9F82, 0x6, 1): exists(0x7, 1)DeleteNvramVariable (fakesmc-key-RMde-char, 7C436110-AB2A-4BBB-A880-FE41995C9F82):
12:197  0:010  , diff. attr: deleting old (Success) -> writing new (Success)
12:204  0:006   Adding Key: fakesmc-key-RPlt-ch8*: Size = 8, Data: 6A 31 33 38 00 00 00 00 
12:247  0:043  SetNvramVariable (fakesmc-key-RPlt-ch8*, 7C436110-AB2A-4BBB-A880-FE41995C9F82, 0x6, 8): exists(0x7, 8)DeleteNvramVariable (fakesmc-key-RPlt-ch8*, 7C436110-AB2A-4BBB-A880-FE41995C9F82):
12:257  0:010  , diff. attr: deleting old (Success) -> writing new (Success)
12:264  0:006   Adding Key: flagstate: Size = 32, Data: 00 00 00 00 00 00 00 00 00 00 00 00 00 00 00 00 00 00 00 00 00 00 00 00 00 00 00 00 00 00 00 00 
12:383  0:118  SetNvramVariable (flagstate, 7C436110-AB2A-4BBB-A880-FE41995C9F82, 0x6, 32): exists(0x7, 32)DeleteNvramVariable (flagstate, 7C436110-AB2A-4BBB-A880-FE41995C9F82):
12:393  0:010  , diff. attr: deleting old (Success) -> writing new (Success)
12:400  0:006   Adding Key: fmm-computer-name: Size = 20, Data: 4D 61 63 42 6F 6F 6B 20 50 72 6F 20 64 69 20 50 65 70 70 65 
12:479  0:079  SetNvramVariable (fmm-computer-name, 7C436110-AB2A-4BBB-A880-FE41995C9F82, 0x6, 20): -> writing new (Success)
12:486  0:007   Adding Key: msu-product-url: Size = 77, Data: 6D 73 75 2D 70 72 6F 64 75 63 74 2D 75 72 6C 3A 2F 2F 41 34 39 30 36 34 35 44 2D 42 37 32 34 2D 34 46 42 43 2D 39 41 43 38 2D 46 37 41 32 33 42 31 43 34 39 33 35 2F 6D 61 63 4F 53 25 32 30 49 6E 73 74 61 6C 6C 25 32 30 44 61 74 61 
12:762  0:275  SetNvramVariable (msu-product-url, 7C436110-AB2A-4BBB-A880-FE41995C9F82, 0x6, 77): -> writing new (Success)
12:768  0:006   Adding Key: prev-lang:kbd: Size = 9, Data: 69 74 2D 49 54 3A 32 32 33 
12:811  0:042  SetNvramVariable (prev-lang:kbd, 7C436110-AB2A-4BBB-A880-FE41995C9F82, 0x6, 9): -> writing new (Success)
12:818  0:007   Adding Key: previous-system-uuid: Size = 36, Data: 41 34 39 30 36 34 35 44 2D 42 37 32 34 2D 34 46 42 43 2D 39 41 43 38 2D 46 37 41 32 33 42 31 43 34 39 33 35 
12:953  0:134  SetNvramVariable (previous-system-uuid, 7C436110-AB2A-4BBB-A880-FE41995C9F82, 0x6, 36): -> writing new (Success)
12:959  0:006   Adding Key: security-mode: String: Size = 4, Val = 'none'
12:966  0:006  SetNvramVariable (security-mode, 7C436110-AB2A-4BBB-A880-FE41995C9F82, 0x6, 4): exists(0x7, 5)DeleteNvramVariable (security-mode, 7C436110-AB2A-4BBB-A880-FE41995C9F82):
12:976  0:010  , diff. attr: deleting old (Success) -> writing new (Success)
12:983  0:006   Adding Key: specialbootdevice: Size = 122, Data: 02 01 0C 00 D0 41 03 0A 00 00 00 00 01 01 06 00 00 1D 01 01 06 00 00 00 03 17 10 00 01 00 00 00 00 25 38 58 81 B2 8F CA 04 01 2A 00 02 00 00 00 28 40 06 00 00 00 00 00 E0 1F 32 3A 00 00 00 00 C6 A8 08 95 B9 F9 DD 4E AB C7 C1 C4 A0 19 C4 10 02 02 04 03 24 00 F7 FC 74 BE 7C 0B F3 49 91 47 01 F4 04 2E 68 42 5D 64 90 A4 24 B7 BC 4F 9A C8 F7 A2 3B 1C 49 35 7F FF 04 00 
13:407  0:424  SetNvramVariable (specialbootdevice, 7C436110-AB2A-4BBB-A880-FE41995C9F82, 0x6, 122): exists(0x7, 122)DeleteNvramVariable (specialbootdevice, 7C436110-AB2A-4BBB-A880-FE41995C9F82):
13:418  0:010  , diff. attr: deleting old (Success) -> writing new (Success)
13:425  0:006  found 2 handles with audio
13:428  0:003  No AudioIoDevice stored
13:431  0:003  no stored audio parameters
13:435  0:003  Found Audio Device AMD (Unknown) (HDMI) at index 0
13:438  0:003  Found Audio Device AMD (Unknown) (HDMI) at index 1
13:442  0:003  Found Audio Device AMD (Unknown) (HDMI) at index 2
13:445  0:003  Found Audio Device AMD (Unknown) (HDMI) at index 3
13:448  0:003  Found Audio Device AMD (Unknown) (HDMI) at index 4
13:452  0:003  Found Audio Device AMD (Unknown) (HDMI) at index 5
13:455  0:003  Found Audio Device Realtek (Unknown) (LineOut) at index 6
13:458  0:003  Found Audio Device Realtek (Unknown) (LineOut) at index 7
13:462  0:003  Found Audio Device Realtek (Unknown) (LineOut) at index 8
13:465  0:003  Found Audio Device Realtek (Unknown) (Headphones) at index 9
13:468  0:003  Found Audio Device Realtek (Unknown) (SPDIF) at index 10
13:472  0:003  === [ InitXTheme ] ==============================
13:475  0:003  use Daylight theme
13:478  0:003   using embedded theme
13:494  0:015  Using embedded font
13:501  0:006  theme inited
13:504  0:003  Chosen embedded theme
13:507  0:003  after NVRAM boot-args=dart=0
13:511  0:003  Scanning legacy ...
13:517  0:006  === [ Dump SMC keys from NVRAM ] ================
13:523  0:006  found AppleSMC protocol
13:526  0:003     fakesmc-key-#KEY-ui32:00 00 00 00 
13:546  0:019     fakesmc-key-$Adr-ui32:00 00 03 00 
13:566  0:019     fakesmc-key-$Num-ui8:01 
13:576  0:010     fakesmc-key-BATP-flag:00 
13:586  0:009     fakesmc-key-BEMB-flag:00 
13:599  0:012     fakesmc-key-BNum-ui8:00 
13:609  0:010     fakesmc-key-EPCI-ui32:09 D0 F0 00 
13:630  0:020     fakesmc-key-MSAc-ui16:00 00 
13:643  0:013     fakesmc-key-MSFW-ui8:01 00 
13:656  0:013     fakesmc-key-MSPS-ui16:00 03 
13:678  0:022     fakesmc-key-MSTc-ui8:00 
13:688  0:010     fakesmc-key-MSWr-ui8:00 
13:698  0:009     fakesmc-key-RBr -ch8*:6A 31 33 38 5F 39 00 00 
13:732  0:034     fakesmc-key-REV -ch8*:02 46 0F 00 00 12 
13:760  0:027     fakesmc-key-RMde-char:41 
13:770  0:010     fakesmc-key-RPlt-ch8*:6A 31 33 38 00 00 00 00 
13:804  0:034  Registered 16 SMC keys
13:808  0:003  === [ ScanLoader ] ==============================
13:811  0:003  - [01]: 'EFI'
13:835  0:023  - [02]: 'Dati'
13:867  0:032  - [04]: 'EFI'
13:877  0:009        AddLoaderEntry for Volume Name=EFI, idx=0
13:880  0:003        OSVersion= 
13:884  0:003        IconName=unknown comma=-1 size=7
13:887  0:003        Full=unknown
13:891  0:003        Loader entry created for 'PciRoot(0x0)\Pci(0x1D,0x0)\Pci(0x0,0x0)\NVMe(0x1,CA-8F-B2-81-58-38-25-00)\HD(1,GPT,6E40A227-DDED-4325-B7CE-3959620EB39E,0x28,0x64000)\EFI\BOOT\BOOTX64.efi'
13:894  0:003       hiding entry: \EFI\BOOT\BOOTX64.efi
13:898  0:003        Menu entry added at index 0
13:901  0:003       hiding entry because DiskKind is DISK_KIND_INTERNAL: \EFI\BOOT\BOOTX64.efi
13:905  0:003  - [06]: 'Preboot'
13:912  0:006      ApfsContainerUUID=85F3C012-2D6D-4FA1-A77E-71D7470E7FA2
13:916  0:004      ApfsFileSystemUUID=7D8F73F2-B8D5-4193-BB89-C99D72294438
13:920  0:003      APFSTargetUUID=A490645D-B724-4FBC-9AC8-F7A23B1C4935
13:924  0:003        AddLoaderEntry for Volume Name=Preboot, idx=1
13:928  0:004        OSVersion=10.14.6 
13:931  0:003        Check if volume Is Hibernated:
13:935  0:003        Check sleep image 'by signature':
13:939  0:003        using default sleep image name = \private\var\vm\sleepimage
13:942  0:003        cannot open sleepimage -> Not Found
13:945  0:003        hibernated: no - sign
13:949  0:003        IconName=moja,mac comma=4 size=8
13:952  0:003        first=os_moja
13:956  0:003        Second=os_mac
13:959  0:003        IconName=unknown comma=-1 size=7
13:963  0:003        Full=unknown
13:966  0:003        Loader entry created for 'PciRoot(0x0)\Pci(0x1D,0x0)\Pci(0x0,0x0)\NVMe(0x1,CA-8F-B2-81-58-38-25-00)\HD(2,GPT,9508A8C6-F9B9-4EDD-ABC7-C1C4A019C410,0x64028,0x3A321FE0)\VenMedia(BE74FCF7-0B7C-49F3-9147-01F4042E6842,F2738F7DD5B89341BB89C99D72294438)\A490645D-B724-4FBC-9AC8-F7A23B1C4935\System\Library\CoreServices\boot.efi'
13:971  0:004        Menu entry added at index 1
13:975  0:003      Dead installer entry found (installer dmg boot file not found : '\macOS Install Data\BaseSystem.dmg')
13:978  0:003  - [07]: 'Macintosh HD'
13:985  0:006      ApfsContainerUUID=85F3C012-2D6D-4FA1-A77E-71D7470E7FA2
13:989  0:003      ApfsFileSystemUUID=A490645D-B724-4FBC-9AC8-F7A23B1C4935
13:995  0:005        AddLoaderEntry for Volume Name=Macintosh HD, idx=2
13:999  0:004        OSVersion=10.14.6 
14:002  0:003        Check if volume Is Hibernated:
14:006  0:003        Check sleep image 'by signature':
14:011  0:005        read prefs \Library\Preferences\com.apple.PowerManagement.plist status=Success
14:014  0:003        using default sleep image name = \private\var\vm\sleepimage
14:018  0:003        cannot open sleepimage -> Not Found
14:021  0:003        hibernated: no - sign
14:025  0:003        IconName=moja,mac comma=4 size=8
14:029  0:003        first=os_moja
14:032  0:003        Second=os_mac
14:036  0:003        IconName=unknown comma=-1 size=7
14:039  0:003        Full=unknown
14:043  0:003        Loader entry created for 'PciRoot(0x0)\Pci(0x1D,0x0)\Pci(0x0,0x0)\NVMe(0x1,CA-8F-B2-81-58-38-25-00)\HD(2,GPT,9508A8C6-F9B9-4EDD-ABC7-C1C4A019C410,0x64028,0x3A321FE0)\VenMedia(BE74FCF7-0B7C-49F3-9147-01F4042E6842,5D6490A424B7BC4F9AC8F7A23B1C4935)\System\Library\CoreServices\boot.efi'
14:047  0:004        Menu entry added at index 2
14:050  0:003  - [08]: 'Recovery'
14:057  0:006      ApfsContainerUUID=85F3C012-2D6D-4FA1-A77E-71D7470E7FA2
14:061  0:003      ApfsFileSystemUUID=9170D6B6-29A5-4BBA-A673-6F0E24A99093
14:064  0:003      APFSTargetUUID=A490645D-B724-4FBC-9AC8-F7A23B1C4935
14:068  0:003        AddLoaderEntry for Volume Name=Recovery, idx=3
14:071  0:003        OSVersion=10.14.6 
14:075  0:003        IconName=moja,mac comma=4 size=8
14:078  0:003        first=os_moja
14:082  0:003        Second=os_mac
14:085  0:003        IconName=unknown comma=-1 size=7
14:088  0:003        Full=unknown
14:092  0:003        Loader entry created for 'PciRoot(0x0)\Pci(0x1D,0x0)\Pci(0x0,0x0)\NVMe(0x1,CA-8F-B2-81-58-38-25-00)\HD(2,GPT,9508A8C6-F9B9-4EDD-ABC7-C1C4A019C410,0x64028,0x3A321FE0)\VenMedia(BE74FCF7-0B7C-49F3-9147-01F4042E6842,B6D67091A529BA4BA6736F0E24A99093)\A490645D-B724-4FBC-9AC8-F7A23B1C4935\boot.efi'
14:096  0:004        Menu entry added at index 3
14:100  0:003  - [09]: 'VM'
14:107  0:007      ApfsContainerUUID=85F3C012-2D6D-4FA1-A77E-71D7470E7FA2
14:110  0:003      ApfsFileSystemUUID=278BB755-4557-4928-A2D4-32E0BB550617
14:114  0:003  Entries list before ordering
14:117  0:003      Entry 0 : Boot UEFI internal from EFI (hidden)
14:121  0:003      Entry 1 : Boot Mac OS from Macintosh HD via Preboot
14:124  0:003      Entry 2 : Boot macOS from Macintosh HD
14:127  0:003      Entry 3 : Boot Mac OS Recovery for Macintosh HD via Recovery
14:131  0:003  Hiding entry 1 because of entry 2
14:134  0:003  Entries list after ordering
14:138  0:003    Entry 0 : Boot UEFI internal from EFI (hidden)
14:141  0:003    Entry 1 : Boot Mac OS from Macintosh HD via Preboot (hidden)
14:144  0:003    Entry 2 : Boot macOS from Macintosh HD
14:148  0:003    Entry 3 : Boot Mac OS Recovery for Macintosh HD via Recovery
14:151  0:003  === [ AddCustomTool ] ===========================
14:155  0:003  found tool \EFI\CLOVER\tools\Shell64U.efi
14:158  0:003  Checking EFI partition Volume 1 for Clover
14:163  0:004   Found Clover
14:166  0:003  EmuVariable UninstallEmulation: CloseEvent = Success, original var services restored
14:177  0:010  EmuVariable InstallEmulation: orig vars copied, emu.var.services installed, CreateEvent VirtualAddressChange = Success, CreateEvent ExitBootServices = Success, set Status=Success
14:228  0:050  === [ GetEfiBootDeviceFromNvram ] ===============
14:231  0:003   - [!] efi-boot-device-data not found
14:234  0:003   - found entry 0. 'Boot macOS from Macintosh HD', Volume 'Macintosh HD', DevicePath 'PciRoot(0x0)\Pci(0x1D,0x0)\Pci(0x0,0x0)\NVMe(0x1,CA-8F-B2-81-58-38-25-00)\HD(2,GPT,9508A8C6-F9B9-4EDD-ABC7-C1C4A019C410,0x64028,0x3A321FE0)\VenMedia(BE74FCF7-0B7C-49F3-9147-01F4042E6842,5D6490A424B7BC4F9AC8F7A23B1C4935)\System\Library\CoreServices\boot.efi'
14:238  0:003  EmuVariable UninstallEmulation: CloseEvent = Success, original var services restored
14:249  0:010  BannerPlace at Clear Screen [619,68]
14:270  0:020  GUI ready
17:365  3:095  Boot option Boot0000 not found
17:369  0:004  === [ StartLoader ] =============================
17:373  0:004  Starting PciRoot(0x0)\Pci(0x1D,0x0)\Pci(0x0,0x0)\NVMe(0x1,CA-8F-B2-81-58-38-25-00)\HD(2,GPT,9508A8C6-F9B9-4EDD-ABC7-C1C4A019C410,0x64028,0x3A321FE0)\VenMedia(BE74FCF7-0B7C-49F3-9147-01F4042E6842,5D6490A424B7BC4F9AC8F7A23B1C4935)\System\Library\CoreServices\boot.efi
17:378  0:004  Finally: ExternalClock=26MHz BusSpeed=100015kHz CPUFreq=3601MHz PIS: hw.busfrequency=104000000Hz
17:386  0:008  Beginning OC
17:391  0:004  OCST: Missing vault data, ignoring...
17:395  0:004  AddKextsInArray from Other
17:399  0:004  ->Extra kext: Other\FakeSMC.kext (v.1465)
17:403  0:004      |-- PlugIn kext: Other\FakeSMC.kext\Contents\PlugIns\LPCSensors.kext (v.1465)
17:408  0:004      |-- PlugIn kext: Other\FakeSMC.kext\Contents\PlugIns\GPUSensors.kext (v.1465)
17:412  0:004      |-- PlugIn kext: Other\FakeSMC.kext\Contents\PlugIns\CPUSensors.kext (v.1465)
17:416  0:004      |-- PlugIn kext: Other\FakeSMC.kext\Contents\PlugIns\ACPISensors.kext (v.1465)
17:420  0:004  AddKextsInArray from Off
17:424  0:004  AddKextsInArray from 10
17:429  0:004  AddKextsInArray from 10_normal
17:433  0:004  AddKextsInArray from 10.14
17:437  0:004  AddKextsInArray from 10.14_normal
17:442  0:004  AddKextsInArray from 10.14.6
17:446  0:004  AddKextsInArray from 10.14.6_normal
17:450  0:004  Bridge kext to OC : Path=Other\FakeSMC.kext
17:455  0:005  Bridge kext to OC : Path=Other\FakeSMC.kext\Contents\PlugIns\LPCSensors.kext
17:467  0:011  Bridge kext to OC : Path=Other\FakeSMC.kext\Contents\PlugIns\GPUSensors.kext
17:472  0:005  Bridge kext to OC : Path=Other\FakeSMC.kext\Contents\PlugIns\CPUSensors.kext
17:477  0:004  Bridge kext to OC : Path=Other\FakeSMC.kext\Contents\PlugIns\ACPISensors.kext
17:482  0:005  No OpenRuntime driver. This is wrong, OpenRuntime is mandatory.
17:486  0:004  OC: config config.plist
17:491  0:004  OC: Got 0 drivers
17:495  0:004  OC: OpenCore DBG-102-2024-09-12 is loading in Optional mode (0/0)...
17:499  0:004  OC: StorageHandle 0 with  LauncherOption pointing to 
17:504  0:005  OcOSInfoInstallProtocol
17:508  0:004  OCRTC: OcAppleRtcRamInstallProtocol
17:512  0:004  OCRTC: Wake log is 0x00 0x00   0 0x00
17:517  0:004  OcAppleFbInfoInstallProtocol
17:521  0:004  OcAppleEg2InfoInstallProtocol
17:525  0:004  OC: Loading Apple Secure Boot with Disabled (level 0)
17:530  0:004  OCABC: ALRBL 0 RTDFRG 0 DEVMMIO 0 NOSU 0 NOVRWR 0 NOSB 0 FBSIG 0 NOHBMAP 0 SMSLIDE 0 WRUNPROT 0
17:534  0:004  OCABC: FEXITBS 0 PRMRG 0 CSLIDE 0 MSLIDE 0 PRSRV 0 RBMAP 0 VMAP 0 APPLOS 0 RTPERMS 0 ARBAR -1 RBIO 0
17:538  0:004  OCABC: Awaiting rendezvous with OpenRuntime r12
17:543  0:004  OC: RequestBootVarRouting 0
17:548  0:004  OCDM: Found 0x20046/0x2003C UEFI version (376 bytes, 0 rebuilding to 376) gST 8F33C018 gBS 820B03A0 gBS->CreateEventEx 8209E904 &gBS 81D882C0
17:552  0:004  OC: Setting GPU BARs to 0
17:556  0:004  OCDM: RBAR using PciIo
17:561  0:004  OCDM: Setting RBAR to 0 inc 1 on 3/17
17:565  0:004  OCDM: Capability I/O error - Unsupported
17:569  0:004  OCDM: RBAR is unsupported by device - Device Error
17:574  0:004  OC: Got 0 drivers
17:578  0:004  OCC: Installing GOP (Unsupported) on ConsoleOutHandle...
17:583  0:004  OC: Requested resolution is 1920x1080@0 (max: 0, force: 0) from 1920x1080
17:587  0:004  OCC: Using builtin text renderer with 1 scale
17:591  0:004  OCC: Install console control (81D733D0/82097C88/0), current - Success
17:596  0:004  OCC: Setup ASCII Output - Success
17:600  0:004  OC: Requested console mode is 0x0 (max: 0) from 
17:604  0:004  OC: Invalid HibernateMode: 
17:608  0:004  OC: Translated HibernateMode  to 0
17:612  0:004  OC: Hibernation activation - Invalid Parameter, hibernation wake - no
17:620  0:007  OC: Panic log does not exist
17:627  0:007  OCABC: IsEfiBootRt 0 (BP 1, Apple 0)
17:632  0:005  OCB: Arch filtering 86A18018(592440)->86A18018(592440) caps 0 - Success
17:637  0:004  ImageHandle = 86d77d98
17:645  0:008  GetOSVersion: 10.14.6 (B)
17:654  0:008  Filtering KextPatches:
17:658  0:004   - [00]: External icons patch :: BinPatch :: [OS: 10.14.6 | MatchOS: All | MatchBuild: All] ==> allowed
17:666  0:008   - [01]: USB Port Limit Patch 1 ©PMHeart :: BinPatch :: [OS: 10.14.6 | MatchOS: 10.14.4 | MatchBuild: All]
17:671  0:004   check MatchOS 10.14.4
17:675  0:004   ==> not allowed
17:679  0:004   - [02]: USB Port Limit Patch 2 ©PMHeart :: BinPatch :: [OS: 10.14.6 | MatchOS: 10.14.4 | MatchBuild: All]
17:686  0:006   check MatchOS 10.14.4
17:690  0:004   ==> not allowed
17:694  0:004   - [03]: USB Port Limit Patch 3 ©PMHeart :: BinPatch :: [OS: 10.14.6 | MatchOS: 10.14.4 | MatchBuild: All]
17:698  0:004   check MatchOS 10.14.4
17:703  0:004   ==> not allowed
17:707  0:004   - [04]: USB Port Limit Patch 1 ©PMHeart :: BinPatch :: [OS: 10.14.6 | MatchOS: 10.14.4 | MatchBuild: All]
17:712  0:004   check MatchOS 10.14.4
17:716  0:004   ==> not allowed
17:720  0:004   - [05]: USB Port Limit Patch 2 ©PMHeart :: BinPatch :: [OS: 10.14.6 | MatchOS: 10.14.4 | MatchBuild: All]
17:724  0:004   check MatchOS 10.14.4
17:728  0:004   ==> not allowed
17:733  0:004   - [06]: USB Port Limit Patch 3 ©PMHeart :: BinPatch :: [OS: 10.14.6 | MatchOS: 10.14.4 | MatchBuild: All]
17:738  0:004   check MatchOS 10.14.4
17:742  0:004   ==> not allowed
17:746  0:004   - [07]: USB Port Limit Patch 1 ©PMHeart :: BinPatch :: [OS: 10.14.6 | MatchOS: 10.14.4 | MatchBuild: All]
17:750  0:004   check MatchOS 10.14.4
17:754  0:004   ==> not allowed
17:759  0:004   - [08]: USB Port Limit Patch 2 ©PMHeart :: BinPatch :: [OS: 10.14.6 | MatchOS: 10.14.4 | MatchBuild: All]
17:763  0:004   check MatchOS 10.14.4
17:767  0:004   ==> not allowed
17:771  0:004   - [09]: USB Port Limit Patch 3 ©PMHeart :: BinPatch :: [OS: 10.14.6 | MatchOS: 10.14.4 | MatchBuild: All]
17:776  0:004   check MatchOS 10.14.4
17:783  0:006   ==> not allowed
17:787  0:004   - [10]: USB Port Limit Patch 1 ©PMHeart :: BinPatch :: [OS: 10.14.6 | MatchOS: 10.14.4 | MatchBuild: All]
17:791  0:004   check MatchOS 10.14.4
17:796  0:004   ==> not allowed
17:800  0:004   - [11]: USB Port Limit Patch 2 ©PMHeart :: BinPatch :: [OS: 10.14.6 | MatchOS: 10.14.4 | MatchBuild: All]
17:804  0:004   check MatchOS 10.14.4
17:809  0:004   ==> not allowed
17:813  0:004   - [12]: USB Port Limit Patch 3 ©PMHeart :: BinPatch :: [OS: 10.14.6 | MatchOS: 10.14.4 | MatchBuild: All]
17:817  0:004   check MatchOS 10.14.4
17:821  0:004   ==> not allowed
17:826  0:004   - [13]: USB Port Limit Patch 1 ©PMHeart :: BinPatch :: [OS: 10.14.6 | MatchOS: 10.14.4 | MatchBuild: All]
17:830  0:004   check MatchOS 10.14.4
17:834  0:004   ==> not allowed
17:838  0:004   - [14]: USB Port Limit Patch 2 ©PMHeart :: BinPatch :: [OS: 10.14.6 | MatchOS: 10.14.4 | MatchBuild: All]
17:843  0:004   check MatchOS 10.14.4
17:847  0:004   ==> not allowed
17:852  0:004   - [15]: USB Port Limit Patch 3 ©PMHeart :: BinPatch :: [OS: 10.14.6 | MatchOS: 10.14.4 | MatchBuild: All]
17:856  0:004   check MatchOS 10.14.4
17:860  0:004   ==> not allowed
17:865  0:004   - [16]: USB Port Limit Patch 1 ©PMHeart :: BinPatch :: [OS: 10.14.6 | MatchOS: 10.14.4 | MatchBuild: All]
17:869  0:004   check MatchOS 10.14.4
17:873  0:004   ==> not allowed
17:877  0:004   - [17]: USB Port Limit Patch 2 ©PMHeart :: BinPatch :: [OS: 10.14.6 | MatchOS: 10.14.4 | MatchBuild: All]
17:885  0:007   check MatchOS 10.14.4
17:889  0:004   ==> not allowed
17:893  0:004   - [18]: USB Port Limit Patch 3 ©PMHeart :: BinPatch :: [OS: 10.14.6 | MatchOS: 10.14.4 | MatchBuild: All]
17:897  0:004   check MatchOS 10.14.4
17:902  0:004   ==> not allowed
17:906  0:004   - [19]: USB Port Limit Patch 1 ©PMHeart :: BinPatch :: [OS: 10.14.6 | MatchOS: 10.14.4 | MatchBuild: All]
17:910  0:004   check MatchOS 10.14.4
17:916  0:005   ==> not allowed
17:920  0:004   - [20]: USB Port Limit Patch 2 ©PMHeart :: BinPatch :: [OS: 10.14.6 | MatchOS: 10.14.4 | MatchBuild: All]
17:925  0:004   check MatchOS 10.14.4
17:929  0:004   ==> not allowed
17:933  0:004   - [21]: USB Port Limit Patch 3 ©PMHeart :: BinPatch :: [OS: 10.14.6 | MatchOS: 10.14.4 | MatchBuild: All]
17:937  0:004   check MatchOS 10.14.4
17:942  0:004   ==> not allowed
17:946  0:004   - [22]: USB Port Limit Patch 1 ©PMHeart :: BinPatch :: [OS: 10.14.6 | MatchOS: 10.14.4 | MatchBuild: All]
17:951  0:004   check MatchOS 10.14.4
17:955  0:004   ==> not allowed
17:959  0:004   - [23]: USB Port Limit Patch 2 ©PMHeart :: BinPatch :: [OS: 10.14.6 | MatchOS: 10.14.4 | MatchBuild: All]
17:963  0:004   check MatchOS 10.14.4
17:968  0:004   ==> not allowed
17:972  0:004   - [24]: USB Port Limit Patch 3 ©PMHeart :: BinPatch :: [OS: 10.14.6 | MatchOS: 10.14.4 | MatchBuild: All]
17:976  0:004   check MatchOS 10.14.4
17:980  0:004   ==> not allowed
17:985  0:004   - [25]: USB port limit patch #1 10.14.x modify by DalianSky(credit ydeng) 10.14.x :: BinPatch :: [OS: 10.14.6 | MatchOS: 10.14.x | MatchBuild: All]
17:989  0:004   check MatchOS 10.14.x
17:993  0:004   ==> allowed
17:997  0:004   - [26]: USB port limit patch #2 10.14.x modify by DalianSky(credit PMHeart) 10.14.x :: BinPatch :: [OS: 10.14.6 | MatchOS: 10.14.x | MatchBuild: All]
18:002  0:004   check MatchOS 10.14.x
18:006  0:004   ==> allowed
18:010  0:004   - [27]: USB port limit patch #3 10.14.x modify by DalianSky(credit PMHeart) 10.14.x :: BinPatch :: [OS: 10.14.6 | MatchOS: 10.14.x | MatchBuild: All]
18:015  0:004   check MatchOS 10.14.x
18:019  0:004   ==> allowed
18:024  0:004   - [28]: USB port limit patch #4 10.14.x modify by DalianSky(credit PMHeart) 10.14.x
18:024  0:000   :: BinPatch :: [OS: 10.14.6 | MatchOS: 10.14.x | MatchBuild: All]
18:028  0:004   check MatchOS 10.14.x
18:032  0:004   ==> allowed
18:037  0:004  Will not patch boot.efi
18:041  0:004  Using latest BiosVersion from config instead of default 'IM191.88Z.F000.B00.2302212211'
18:046  0:004  BiosVersion: IM192.88Z.F000.B00.1902181222
18:050  0:004  BiosReleaseDate: 02/21/2023
18:055  0:004  EfiVersion: 1968.100.16.0.1
18:059  0:004  SMBIOS reloaded with model iMac19,2
18:063  0:004  Set FakeCPUID: 0x0
18:067  0:004  Bridge AppleAHCIPort patch to OC : External icons patch
18:071  0:004  Bridge com.apple.iokit.IOUSBHostFamily patch to OC : USB port limit patch #1 10.14.x modify by DalianSky(credit ydeng) 10.14.x
18:076  0:004  Bridge com.apple.iokit.IOUSBHostFamily patch to OC : USB port limit patch #2 10.14.x modify by DalianSky(credit PMHeart) 10.14.x
18:080  0:004  Bridge com.apple.driver.usb.AppleUSBXHCI patch to OC : USB port limit patch #3 10.14.x modify by DalianSky(credit PMHeart) 10.14.x
18:085  0:004  Bridge com.apple.driver.usb.AppleUSBXHCI patch to OC : USB port limit patch #4 10.14.x modify by DalianSky(credit PMHeart) 10.14.x
18:085  0:000  
18:089  0:004  === [ PatchSmbios ] =============================
18:093  0:004  UpdateSmbiosString : BiosVersion=EfiVersion=1968.100.16.0.1
18:097  0:004  UpdateSmbiosString : ReleaseDate=02/21/2023
18:102  0:004  void PatchTableType1(const SmbiosInjectedSettings&) : UpdateSmbiosString ProductName=iMac19,2
18:106  0:004  void PatchTableType2(const SmbiosInjectedSettings&) : UpdateSmbiosString ProductName=BoardNumber=Mac-63001698E7A34814
18:110  0:004  void PatchTableType2(const SmbiosInjectedSettings&) : UpdateSmbiosString Version=BoardVersion=iMac19,2
18:115  0:004  insert table 9 for dev 0:0
18:119  0:004  insert table 9 for dev 0:1
18:123  0:004  insert table 9 for dev 1F:6
18:127  0:003  Table 11 present, but rewritten for us
18:133  0:005  Do not inject memory table
18:137  0:004  Channels: 1
18:141  0:004  Interleave: 0 1 2 3
18:166  0:025  !trusted SMBIOS data, Table index 0:!trustSMBIOS 
18:179  0:012  SPD data in use:
18:183  0:004    gRAM.SPD[0]->ModuleSize = 8192
18:187  0:004    gRAM.SPD[0]->Type = 26
18:192  0:004    gRAM.SPD[0]->Frequency = 2132
18:196  0:004    gRAM.SPD[0]->Vendor = Corsair
18:200  0:004    gRAM.SPD[0]->SerialNo = 00000000
18:204  0:004    gRAM.SPD[0]->PartNo = CMK16GX4M2K4266C19
18:208  0:004    SMBIOS Type 17 Index = 0 => SMBIOSIndex=0 SPDIndex=0:
18:213  0:004  BANK 0 DIMM0 3200MHz 8192MB(Ext:0MB)
18:217  0:004  !trusted SMBIOS data, Table index 1:!trustSMBIOS 
18:233  0:015  SPD data in use:
18:237  0:004    gRAM.SPD[1]->ModuleSize = 8192
18:241  0:004    gRAM.SPD[1]->Type = 26
18:245  0:004    gRAM.SPD[1]->Frequency = 2132
18:249  0:004    gRAM.SPD[1]->Vendor = Corsair
18:254  0:004    gRAM.SPD[1]->SerialNo = 00000000
18:258  0:004    gRAM.SPD[1]->PartNo = CMK16GX4M2K4266C19
18:262  0:004    SMBIOS Type 17 Index = 1 => SMBIOSIndex=1 SPDIndex=1:
18:266  0:004  BANK 0 DIMM1 3200MHz 8192MB(Ext:0MB)
18:270  0:004  !trusted SMBIOS data, Table index 2:!trustSMBIOS !gRAM.SMBIOS.doesSlotForIndexExist(SMBIOSIndex) 
18:287  0:016    SMBIOS Type 17 Index = 2 => SMBIOSIndex=2 SPDIndex=2:
18:292  0:004  BANK 0 DIMM2 EMPTY
18:296  0:004  !trusted SMBIOS data, Table index 3:!trustSMBIOS !gRAM.SMBIOS.doesSlotForIndexExist(SMBIOSIndex) 
18:313  0:016    SMBIOS Type 17 Index = 3 => SMBIOSIndex=3 SPDIndex=3:
18:317  0:004  BANK 0 DIMM3 EMPTY
18:321  0:004  mTotalSystemMemory = 16384
18:325  0:004  NumberOfMemoryDevices = 4
18:329  0:004  Type20[0]->End = 0x7FFFFF, Type17[0] = 2000
18:334  0:004  Type20[1]->End = 0xFFFFFF, Type17[1] = 6000
18:338  0:004  Table 131 is present, CPUType=14
18:342  0:004  Change to: 1005
18:346  0:004  === [ PatchACPI ] ===============================
18:351  0:004  OCABC: AllocPages 1 0x8EB45000 (1) - Success
18:355  0:004  Xsdt reallocation done
18:359  0:004  OCABC: AllocPages 1 0x8EB44000 (1) - Success
18:363  0:004  old FADT length=114
18:368  0:004   SignatureFixup: 0xD14FEDCE -> 0x0
18:372  0:004  OCABC: AllocPages 1 0x8EAF5000 (79) - Success
18:376  0:004  Apply DsdtFixMask=0x00000000
18:381  0:004  === [ FixBiosDsdt ] =============================
18:387  0:006  PreCleanup XSDT: count=24, length=228
18:391  0:004  PreCleanup XSDT, corrected XSDT: count=24, length=228
18:395  0:004  === [ ACPIDropTables ] ==========================
18:399  0:004  OCABC: AllocPages 1 0x8EAF3000 (2) - Success
18:404  0:004  OCABC: AllocPages 1 0x8EAF3000 (2) - Success
18:408  0:004  OCABC: AllocPages 1 0x8EAF3000 (2) - Success
18:412  0:004  OCABC: AllocPages 1 0x8EAF3000 (2) - Success
18:416  0:004  OCABC: AllocPages 1 0x8EAF3000 (2) - Success
18:421  0:004  OCABC: AllocPages 1 0x8EAF3000 (2) - Success
18:425  0:004  OCABC: AllocPages 1 0x8EAF0000 (3) - Success
18:430  0:004  Found OperationRegion(PNVS, SystemMemory, 8F5F3000, ...)
18:434  0:004  OCABC: AllocPages 1 0x8EAEB000 (5) - Success
18:438  0:004  Found OperationRegion(SANV, SystemMemory, 8EBD2118, ...)
18:442  0:004  OCABC: AllocPages 1 0x8EAE7000 (4) - Success
18:446  0:004  OCABC: AllocPages 1 0x8EAE5000 (2) - Success
18:451  0:004  OCABC: AllocPages 1 0x8EAE5000 (2) - Success
18:455  0:004  OCABC: AllocPages 1 0x8E966000 (4) - Success
18:459  0:004  OCABC: AllocPages 1 0x8EAE3000 (2) - Success
18:464  0:004  OCABC: AllocPages 1 0x8EAE3000 (2) - Success
18:468  0:004  OCABC: AllocPages 1 0x8E962000 (4) - Success
18:472  0:004  OCABC: AllocPages 1 0x8EAE3000 (2) - Success
18:476  0:004  OCABC: AllocPages 1 0x8E960000 (2) - Success
18:480  0:004  OCABC: AllocPages 1 0x8E960000 (2) - Success
18:484  0:004  OCABC: AllocPages 1 0x8E95F000 (3) - Success
18:489  0:004  OCABC: AllocPages 1 0x8E95D000 (2) - Success
18:493  0:004  Found OperationRegion(ADHD, SystemMemory, 8D4D0000, ...)
18:497  0:004  Found OperationRegion(ABLK, SystemMemory, 8D4D0020, ...)
18:501  0:004  OCABC: AllocPages 1 0x8E94D000 (16) - Success
18:509  0:007  OCABC: AllocPages 1 0x8E95B000 (2) - Success
18:513  0:004  OCABC: AllocPages 1 0x8E95B000 (2) - Success
18:517  0:004  ApicCPUNum=1
18:521  0:004  Cleanup XSDT: count=24, length=228
18:525  0:004  corrected XSDT count=24, length=228
18:530  0:004  === [ RestSetup macOS ] =========================
18:534  0:004  ATI injection not set
18:538  0:004   RCBA disabled; cannot use it
18:543  0:004   setting specified layout-id=1 (0x1)
18:547  0:004  stringlength = 960
18:551  0:004  OCABC: AllocPages 1 0x8E95C000 (1) - Success
18:555  0:004  CurrentMode: Width=1366 Height=768
18:560  0:004  SetNvramVariable (system-id, 4D1EDE05-38C7-4A6A-9CC6-4BCCA8B38C14, 0x2, 16): -> writing new (Success)
18:569  0:009  SetNvramVariable (MLB, 4D1EDE05-38C7-4A6A-9CC6-4BCCA8B38C14, 0x6, 17): -> writing new (Success)
18:579  0:009  SetNvramVariable (ROM, 4D1EDE05-38C7-4A6A-9CC6-4BCCA8B38C14, 0x6, 6): -> writing new (Success)
18:588  0:009  SetNvramVariable (FirmwareFeatures, 4D1EDE05-38C7-4A6A-9CC6-4BCCA8B38C14, 0x6, 4): -> writing new (Success)
18:598  0:009  SetNvramVariable (FirmwareFeaturesMask, 4D1EDE05-38C7-4A6A-9CC6-4BCCA8B38C14, 0x6, 4): -> writing new (Success)
18:607  0:009  SetNvramVariable (ExtendedFirmwareFeatures, 4D1EDE05-38C7-4A6A-9CC6-4BCCA8B38C14, 0x6, 8): -> writing new (Success)
18:617  0:009  SetNvramVariable (ExtendedFirmwareFeaturesMask, 4D1EDE05-38C7-4A6A-9CC6-4BCCA8B38C14, 0x6, 8): -> writing new (Success)
18:626  0:009  AddNvramVariable (HW_BID, 4D1EDE05-38C7-4A6A-9CC6-4BCCA8B38C14, 0x6, 20): -> writing new (Success)
18:635  0:009  AddNvramVariable (security-mode, 7C436110-AB2A-4BBB-A880-FE41995C9F82, 0x7, 5): -> already exists, abort
18:645  0:009  DeleteNvramVariable (DefaultBackgroundColor, 4D1EDE05-38C7-4A6A-9CC6-4BCCA8B38C14):
18:651  0:005  DeleteNvramVariable (UIScale, 4D1EDE05-38C7-4A6A-9CC6-4BCCA8B38C14):
18:656  0:005  DeleteNvramVariable (EFILoginHiDPI, 7C436110-AB2A-4BBB-A880-FE41995C9F82):
18:661  0:004  SetNvramVariable (flagstate, 7C436110-AB2A-4BBB-A880-FE41995C9F82, 0x7, 32): exists(0x7, 32), equal -> not writing again.
18:673  0:012  SetNvramVariable (csr-active-config, 7C436110-AB2A-4BBB-A880-FE41995C9F82, 0x7, 4): exists(0x7, 4), not equal -> writing new (Success)
18:692  0:018  SetNvramVariable (BridgeOSHardwareModel, 4D1EDE05-38C7-4A6A-9CC6-4BCCA8B38C14, 0x7, 11): -> writing new (Success)
18:706  0:013  DeleteNvramVariable (bootercfg, 7C436110-AB2A-4BBB-A880-FE41995C9F82):
18:711  0:004  DeleteNvramVariable (nvda_drv, 7C436110-AB2A-4BBB-A880-FE41995C9F82):
18:715  0:004  DeleteNvramVariable (recovery-boot-mode, 7C436110-AB2A-4BBB-A880-FE41995C9F82):
18:720  0:004  AddNvramVariable (wake-failure, 7C436110-AB2A-4BBB-A880-FE41995C9F82, 0x7, 5): -> writing new (Success)
18:732  0:012  DeleteNvramVariable (opencore-version, 7C436110-AB2A-4BBB-A880-FE41995C9F82):
18:737  0:005  DeleteNvramVariable (ApBoardID, 94B73556-2197-4702-82A8-3E1337DAFBFB):
18:742  0:004  DeleteNvramVariable (ApSecurityDomain, 94B73556-2197-4702-82A8-3E1337DAFBFB):
18:747  0:004  DeleteNvramVariable (ApProductionStatus, 94B73556-2197-4702-82A8-3E1337DAFBFB):
18:752  0:004  DeleteNvramVariable (ApSecurityMode, 94B73556-2197-4702-82A8-3E1337DAFBFB):
18:757  0:004  DeleteNvramVariable (EffectiveProductionStatus, 94B73556-2197-4702-82A8-3E1337DAFBFB):
18:762  0:005  DeleteNvramVariable (EffectiveSecurityMode, 94B73556-2197-4702-82A8-3E1337DAFBFB):
18:767  0:004  DeleteNvramVariable (CertificateEpoch, 94B73556-2197-4702-82A8-3E1337DAFBFB):
18:772  0:004  DeleteNvramVariable (MixNMatchPreventionStatus, 94B73556-2197-4702-82A8-3E1337DAFBFB):
18:776  0:004  DeleteNvramVariable (CryptoDigestMethod, 94B73556-2197-4702-82A8-3E1337DAFBFB):
18:781  0:004  DeleteNvramVariable (InternalUseOnlyUnit, 94B73556-2197-4702-82A8-3E1337DAFBFB):
18:786  0:004  DeleteNvramVariable (ApECID, 94B73556-2197-4702-82A8-3E1337DAFBFB):
18:791  0:004  DeleteNvramVariable (HardwareModel, 94B73556-2197-4702-82A8-3E1337DAFBFB):
18:795  0:003  Use origin smbios table type 1 guid.
18:823  0:028  DeleteNvramVariable (efi-boot-device, 7C436110-AB2A-4BBB-A880-FE41995C9F82):
18:831  0:007  DeleteNvramVariable (efi-boot-device-data, 7C436110-AB2A-4BBB-A880-FE41995C9F82):
18:835  0:004  DeleteNvramVariable (BootCampHD, 7C436110-AB2A-4BBB-A880-FE41995C9F82):
18:842  0:006  Custom boot is disabled
18:848  0:006  DeleteNvramVariable (IOHibernateRTCVariables, 7C436110-AB2A-4BBB-A880-FE41995C9F82):
18:852  0:004  DeleteNvramVariable (boot-image, 7C436110-AB2A-4BBB-A880-FE41995C9F82):
18:857  0:004  Kernel quirks
18:860  0:003  ACPCL 1 AXCL 1 AXEM 0 AXFB 0 CSG 0 DIM 0 DLJ 0 DRC 1 DPM 0 EBTFF 0 EDI 0 FAI 0 IPBS 0 LKP 0 PNKD 0 PTKP 0 TPD 0 XPL 0 PCC 0
18:864  0:003  Closing log
18:868  0:003  OCABC: AllocPages 2 0x91000 (14) - Success
18:872  0:003  OCABC: AllocPages 2 0x83FDD000 (14) - Success
18:876  0:004  OC: Supported boot capabilities 4
18:881  0:004  OCABC: AllocPages 2 0x8C23F000 (1) - Success
18:885  0:003  OCABC: AllocPages 2 0x8C23E000 (1) - Success
18:889  0:003  OCABC: AllocPages 2 0x8C03E000 (512) - Success
18:893  0:004  OCOS: OS set: <null> Mac OS X 10.12
18:897  0:003  OCOS: OS set: Apple Inc. Mac OS X 10.12
18:901  0:003  OCOS: Should use black background
18:905  0:004  OCABC: AllocPages 1 0x81B86000 (1) - Success
18:912  0:006  OC: Opening file System\Library\Kernels\kernel with 1 mode gave - Success
18:917  0:005  OC: Opening file \System\Library\CoreServices\com.apple.Boot.plist with 1 mode gave - Not Found
18:921  0:003  OC: Opening file Library\Preferences\SystemConfiguration\com.apple.Boot.plist with 1 mode gave - Success
18:926  0:005  OC: Opening file \System\Library\CoreServices\PlatformSupport.plist with 1 mode gave - Success
18:931  0:004  OCABC: AllocPages 2 0xFF00000 (121199) - Success
18:939  0:008  OC: Opening file \System\Library\CoreServices\boot.efi with 1 mode gave - Success
18:953  0:013  OC: Opening file System\Library\PrelinkedKernels\prelinkedkernel.development with 1 mode gave - Not Found
18:959  0:006  OC: Opening file System\Library\PrelinkedKernels\prelinkedkernel with 1 mode gave - Success
18:963  0:003  OC: Load and reserve Kext Other\FakeSMC.kext
18:968  0:004  OC: Load and reserve Kext Other\FakeSMC.kext\Contents\PlugIns\LPCSensors.kext
18:972  0:004  OC: Load and reserve Kext Other\FakeSMC.kext\Contents\PlugIns\GPUSensors.kext
18:981  0:008  OC: Load and reserve Kext Other\FakeSMC.kext\Contents\PlugIns\CPUSensors.kext
18:985  0:004  OC: Load and reserve Kext Other\FakeSMC.kext\Contents\PlugIns\ACPISensors.kext
18:989  0:004  OC: Kext reservation size info 527000 exe 90000
18:993  0:004  OC: Trying 64-bit XNU hook on System\Library\PrelinkedKernels\prelinkedkernel
19:426  0:432  OCAK: Compressed result has 7C3D2018 magic
19:430  0:003  OCAK: Found 64-bit Mach-O compressed 1 offset 28 size 85966848
19:434  0:003  OC: Result of 64-bit XNU hook on System\Library\PrelinkedKernels\prelinkedkernel (00000000) is Success
19:487  0:053  OCAK: Read kernel version 18.7.0 (180700)
19:492  0:005  OCAK: 64-bit patcher base 0xFFFFFF8000200000 kmod 0x0 file 0x0
19:498  0:005  OCAK: Zeroing _xcpm_core_scope_msrs 0xE2 applicable CPUs (76)
19:502  0:003  OCAK: Zeroing _xcpm_core_scope_msrs 0xE2 applicable CPUs (13200)
19:505  0:003  OCAK: Zeroing _xcpm_core_scope_msrs 0xE2 applicable CPUs (16384)
19:511  0:005  Replace B9E20000000F30 by B9E20000009090 at ofs:2F0
19:580  0:069  Replace B9E20000000F30 by B9E20000009090 at ofs:347
19:645  0:065  OCAK: 64-bit XcpmCfgLockRel replace count - 2
19:649  0:003  OCAK: [OK] Success XcpmCfgLock patch
19:684  0:035  OCAK: Reducing 64-bit prelink size from 51FC000 to 4F28000 via plist
19:688  0:004  OCAK: org.netkas.driver.FakeSMC got KXLD 0 0
19:692  0:003  OCAK: Requesting __LINKEDIT for org.netkas.driver.FakeSMC - 812FA3E8 at 4F28000
19:696  0:003  OCAK: Requesting SymbolTable for org.netkas.driver.FakeSMC - 1872
19:700  0:004  OCAK: Requesting __LINKEDIT for __kernel__ - 0 at 0
19:704  0:003  OCAK: Requesting SymbolTable for __kernel__ - 24450
19:723  0:019  OCAK: com.apple.iokit.IOACPIFamily got KXLD 0 0
19:727  0:003  OCAK: Requesting __LINKEDIT for com.apple.iokit.IOACPIFamily - 7DDDA398 at 1A08000
19:731  0:003  OCAK: Requesting SymbolTable for com.apple.iokit.IOACPIFamily - 167
19:735  0:003  OCAK: com.apple.kpi.unsupported got KXLD 0 0
19:739  0:003  OCAK: Requesting __LINKEDIT for com.apple.kpi.unsupported - 7D383038 at FB1000
19:743  0:004  OCAK: Requesting SymbolTable for com.apple.kpi.unsupported - 263
19:747  0:004  OCAK: com.apple.kpi.iokit got KXLD 0 0
19:751  0:003  OCAK: Requesting __LINKEDIT for com.apple.kpi.iokit - 7D31E038 at F4C000
19:755  0:003  OCAK: Requesting SymbolTable for com.apple.kpi.iokit - 2192
19:759  0:003  OCAK: com.apple.kpi.libkern got KXLD 0 0
19:763  0:003  OCAK: Requesting __LINKEDIT for com.apple.kpi.libkern - 7D2FE038 at F2C000
19:767  0:004  OCAK: Requesting SymbolTable for com.apple.kpi.libkern - 905
19:771  0:003  OCAK: com.apple.kpi.private got KXLD 0 0
19:775  0:003  OCAK: Requesting __LINKEDIT for com.apple.kpi.private - 7D310038 at F3E000
19:779  0:003  OCAK: Requesting SymbolTable for com.apple.kpi.private - 977
19:784  0:004  OCAK: com.apple.kpi.bsd got KXLD 0 0
19:787  0:003  OCAK: Requesting __LINKEDIT for com.apple.kpi.bsd - 7D2F4038 at F22000
19:791  0:003  OCAK: Requesting SymbolTable for com.apple.kpi.bsd - 833
19:796  0:004  OCAK: com.apple.kpi.mach got KXLD 0 0
19:799  0:003  OCAK: Requesting __LINKEDIT for com.apple.kpi.mach - 7D30C038 at F3A000
19:803  0:003  OCAK: Requesting SymbolTable for com.apple.kpi.mach - 70
19:821  0:018  OC: Prelinked injection Other\FakeSMC.kext () - Success
19:827  0:005  OCAK: org.hwsensors.driver.LPCSensors got KXLD 0 0
19:831  0:003  OCAK: Requesting __LINKEDIT for org.hwsensors.driver.LPCSensors - 8131F398 at 4F4D000
19:835  0:003  OCAK: Requesting SymbolTable for org.hwsensors.driver.LPCSensors - 1346
19:839  0:004  OCAK: com.apple.iokit.IOPCIFamily got KXLD 0 0
19:843  0:003  OCAK: Requesting __LINKEDIT for com.apple.iokit.IOPCIFamily - 7D3893E8 at FB7000
19:847  0:003  OCAK: Requesting SymbolTable for com.apple.iokit.IOPCIFamily - 683
19:854  0:007  OCAK: Requesting SymbolTable for org.netkas.driver.FakeSMC - 1405
19:873  0:019  OC: Prelinked injection Other\FakeSMC.kext\Contents\PlugIns\LPCSensors.kext () - Success
19:877  0:004  OCAK: org.hwsensors.driver.GPUSensors got KXLD 0 0
19:882  0:004  OCAK: Requesting __LINKEDIT for org.hwsensors.driver.GPUSensors - 8133B3E8 at 4F69000
19:886  0:004  OCAK: Requesting SymbolTable for org.hwsensors.driver.GPUSensors - 2073
19:900  0:013  OC: Prelinked injection Other\FakeSMC.kext\Contents\PlugIns\GPUSensors.kext () - Success
19:903  0:003  OCAK: org.hwsensors.driver.CPUSensors got KXLD 0 0
19:907  0:003  OCAK: Requesting __LINKEDIT for org.hwsensors.driver.CPUSensors - 813673E8 at 4F95000
19:911  0:003  OCAK: Requesting SymbolTable for org.hwsensors.driver.CPUSensors - 549
19:924  0:012  OC: Prelinked injection Other\FakeSMC.kext\Contents\PlugIns\CPUSensors.kext () - Success
19:927  0:003  OCAK: org.hwsensors.driver.ACPISensors got KXLD 0 0
19:931  0:004  OCAK: Requesting __LINKEDIT for org.hwsensors.driver.ACPISensors - 813743E8 at 4FA2000
19:935  0:003  OCAK: Requesting SymbolTable for org.hwsensors.driver.ACPISensors - 998
19:950  0:014  OC: Prelinked injection Other\FakeSMC.kext\Contents\PlugIns\ACPISensors.kext () - Success
19:955  0:004  OC: Prelink size 83591168 kext offset 83001344 reserved 589824
19:975  0:020  OCAK: com.apple.driver.AppleIntelCPUPowerManagement got KXLD 0 0
19:979  0:003  OCAK: [OK] Success AppleCpuPmCfgLock patch
19:984  0:005  OCAK: com.apple.driver.AppleRTC got KXLD 0 0
19:988  0:003  Replace BE58000000/FFFEFFFFFF(BE58000000) by BEFFFF0000 at ofs:1BF8
20:093  0:104  Replace BE58000000/FFFEFFFFFF(BE59000000) by BEFFFF0000 at ofs:1C08
20:193  0:100  Replace BE58000000/FFFEFFFFFF(BE58000000) by BEFFFF0000 at ofs:1EB7
20:296  0:102  Replace BE58000000/FFFEFFFFFF(BE59000000) by BEFFFF0000 at ofs:1EC8
20:397  0:100  OCAK: 64-bit DisableRtcChecksum64 replace count - 4
20:401  0:003  OCAK: [OK] Patch success com.apple.driver.AppleRTC DisableRtcChecksum
20:405  0:003  OC: Prelinked patch [0] External icons patch
20:412  0:007  OCAK: Failed to pk find AppleAHCIPort - Not Found
20:416  0:003  OC: Prelinked patcher result 0 for AppleAHCIPort (External icons patch) - Not Found
20:420  0:003  OC: Prelinked patch [1] USB port limit patch #1 10.14.x modify by DalianSky(credit ydeng) 10.14.x
20:425  0:004  OCAK: com.apple.iokit.IOUSBHostFamily got KXLD 0 0
20:429  0:004  Replace 83FB0F0F by 83FB3F0F at ofs:14E0E
20:472  0:042  OCAK: 64-bit USB port limit patch #1 10.14.x modify by DalianSky(credit ydeng) 10.14.x replace count - 1
20:475  0:003  OC: Prelinked patcher result 1 for com.apple.iokit.IOUSBHostFamily (USB port limit patch #1 10.14.x modify by DalianSky(credit ydeng) 10.14.x) - Success
20:480  0:004  OC: Prelinked patch [2] USB port limit patch #2 10.14.x modify by DalianSky(credit PMHeart) 10.14.x
20:484  0:004  Replace 83E30FD3 by 83E33FD3 at ofs:15036
20:532  0:047  OCAK: 64-bit USB port limit patch #2 10.14.x modify by DalianSky(credit PMHeart) 10.14.x replace count - 1
20:535  0:003  OC: Prelinked patcher result 2 for com.apple.iokit.IOUSBHostFamily (USB port limit patch #2 10.14.x modify by DalianSky(credit PMHeart) 10.14.x) - Success
20:539  0:003  OC: Prelinked patch [3] USB port limit patch #3 10.14.x modify by DalianSky(credit PMHeart) 10.14.x
20:544  0:004  OCAK: com.apple.driver.usb.AppleUSBXHCI got KXLD 0 0
20:550  0:005  OCAK: 64-bit USB port limit patch #3 10.14.x modify by DalianSky(credit PMHeart) 10.14.x replace count - 0
20:554  0:003  OC: Prelinked patcher result 3 for com.apple.driver.usb.AppleUSBXHCI (USB port limit patch #3 10.14.x modify by DalianSky(credit PMHeart) 10.14.x) - Not Found
20:558  0:003  OC: Prelinked patch [4] USB port limit patch #4 10.14.x modify by DalianSky(credit PMHeart) 10.14.x

20:562  0:004  Replace 83FF0F0F by 83FF3F0F at ofs:126C0
20:608  0:045  OCAK: 64-bit USB port limit patch #4 10.14.x modify by DalianSky(credit PMHeart) 10.14.x
 replace count - 1
20:612  0:003  OC: Prelinked patcher result 4 for com.apple.driver.usb.AppleUSBXHCI (USB port limit patch #4 10.14.x modify by DalianSky(credit PMHeart) 10.14.x
) - Success
20:629  0:017  OC: Prelinked status - Success
20:662  0:033  FixOwnership() -> begin
20:666  0:003  PCI Io found 17
20:670  0:003  USB XHCI reset for device A36D
20:673  0:003  ExtendCap=00008000
20:677  0:003    Value=02000802
20:680  0:003    Value=03011402
20:684  0:003    Value=005CFFC0
20:687  0:003    Value=00002201
