0:100  0:100  MemLog inited, TSC freq: 3600490440
0:100  0:000  CPU was calibrated with RTC
0:100  0:000  CloverX64 : Image base = 0x6D404000
0:100  0:000  Clover ImageHandle = 75edb818
0:102  0:002  SelfDirPath = \EFI\CLOVER
0:104  0:001  === [ Starting Clover ] =========================
0:104  0:000  Now is 24.11.2024,  18:49:48 (GMT)
0:104  0:000  Starting Clover revision: 5160 (master, commit 7b08a616e) on American Megatrends EFI
0:104  0:000  Build id: 20240909210805-7b08a61-dirty
0:104  0:000  Build with: [Args: -D NO_GRUB_DRIVERS_EMBEDDED -D LESS_DEBUG -t GCC131 | --cmd-len=50000 -D NO_GRUB_DRIVERS_EMBEDDED -D LESS_DEBUG --conf=/Users/sergey/src/CloverBootloader/Conf -D USE_LOW_EBDA -a X64 -b RELEASE -t GCC131 -n 5 | OS: 15]
0:104  0:000  === [ Get Smbios ] ==============================
0:104  0:000  Type 16 Index = 0
0:104  0:000  Total Memory Slots Count = 4
0:104  0:000  Type 17 Index = 0
0:104  0:000  SmbiosTable.Type17->SlotIndex = 0
0:104  0:000  SmbiosTable.Type17->ModuleSize = 8192MB
0:104  0:000  SmbiosTable.Type17->Type = 0
0:104  0:000  SmbiosTable.Type17->Frequency = 3200MHz
0:104  0:000  SmbiosTable.Type17->Bank/Device = BANK 0 ChannelA-DIMM1
0:104  0:000  SmbiosTable.Type17->Vendor = Corsair
0:104  0:000  SmbiosTable.Type17->SerialNo = 00000000
0:104  0:000  SmbiosTable.Type17->PartNo = CMK16GX4M2K4266C19
0:104  0:000  Type 17 Index = 1
0:104  0:000  SmbiosTable.Type17->SlotIndex = 1
0:104  0:000  SmbiosTable.Type17->ModuleSize = 8192MB
0:104  0:000  SmbiosTable.Type17->Type = 0
0:104  0:000  SmbiosTable.Type17->Frequency = 3200MHz
0:104  0:000  SmbiosTable.Type17->Bank/Device = BANK 1 ChannelA-DIMM2
0:104  0:000  SmbiosTable.Type17->Vendor = Corsair
0:104  0:000  SmbiosTable.Type17->SerialNo = 00000000
0:104  0:000  SmbiosTable.Type17->PartNo = CMK16GX4M2K4266C19
0:104  0:000  Type 17 Index = 2
0:104  0:000  Ignoring insane frequency value 0MHz
0:104  0:000  Type 17 Index = 3
0:104  0:000  Ignoring insane frequency value 0MHz
0:104  0:000  Boot status=0
0:104  0:000  Running on: 'System Product Name' with board 'PRIME Z390-A'
0:104  0:000  === [ GetCPUProperties ] ========================
0:104  0:000  CPU Vendor = 756E6547 Model=906EC
0:104  0:000   The CPU supported SSE4.1
0:104  0:000   The CPU supported RDRAND
0:104  0:000  BrandString = Intel(R) Core(TM) i7-9700K CPU @ 3.60GHz
0:104  0:000   The CPU supported turbo
0:104  0:000   Energy PerfBias is  visible:
0:104  0:000  MSR 0x35               80008
0:104  0:000   TSC/CCC Information Leaf:
0:104  0:000    numerator     : 300
0:104  0:000    denominator   : 2
0:104  0:000   Calibrated ARTFrequency: 24003269
0:104  0:000   Rounded ARTFrequency: 24000000
0:104  0:000  MSR 0xE2 before patch 1E000000
0:104  0:000  MSR 0xCE              08080838_F1012400
0:104  0:000  corrected FLEX_RATIO = E0000
0:104  0:000  MSR 0x1B0             00000000
0:104  0:000  FSBFrequency = 108 MHz, DMI FSBFrequency = 100 MHz, Corrected FSBFrequency = 100 MHz
0:104  0:000  MaxDiv/MinDiv: 36.0/8
0:104  0:000  Turbo: 47/49/49/49
0:104  0:000  Features: 0x77FAFBFFBFEBFBFF
0:104  0:000  Threads: 8
0:104  0:000  Cores: 8
0:104  0:000  FSB: 100 MHz
0:104  0:000  CPU: 3861 MHz
0:104  0:000  TSC: 3861 MHz
0:104  0:000  PIS: 100 MHz
0:104  0:000  ExternalClock: 25 MHz
0:104  0:000  === [ GetDevices ] ==============================
0:104  0:000  GOP found at: PciRoot(0x0)/Pci(0x1,0x0)/Pci(0x0,0x0)/AcpiAdr(0x80010302)
0:104  0:000  PCI (00|00:00.00) : 8086 3E30 class=060000
0:104  0:000  PCI (00|00:01.00) : 8086 1901 class=060400
0:104  0:000  PCI (00|01:00.00) : 1002 67DF class=030000
0:104  0:000   - GFX: Model=AMD Radeon RX 480/570/580 (ATI/AMD)
0:104  0:000   - GOP: Provided by device
0:104  0:000  PCI (00|01:00.01) : 1002 AAF0 class=040300
0:104  0:000   - HDMI Audio: 
0:104  0:000  PCI (00|00:02.00) : 8086 3E98 class=038000
0:104  0:000   - GFX: Model=Intel UHD Graphics 630 (Intel)
0:104  0:000  PCI (00|00:14.00) : 8086 A36D class=0C0330
0:104  0:000  PCI (00|00:14.02) : 8086 A36F class=050000
0:104  0:000  PCI (00|00:16.00) : 8086 A360 class=078000
0:104  0:000  PCI (00|00:17.00) : 8086 A352 class=010601
0:104  0:000  PCI (00|00:1B.00) : 8086 A340 class=060400
0:104  0:000  PCI (00|00:1C.00) : 8086 A338 class=060400
0:104  0:000  PCI (00|00:1D.00) : 8086 A330 class=060400
0:104  0:000  PCI (00|04:00.00) : 144D A808 class=010802
0:104  0:000  PCI (00|00:1F.00) : 8086 A305 class=060100
0:104  0:000  PCI (00|00:1F.03) : 8086 A348 class=040300
0:104  0:000  PCI (00|00:1F.04) : 8086 A323 class=0C0500
0:104  0:000  PCI (00|00:1F.05) : 8086 A324 class=0C8000
0:104  0:000  PCI (00|00:1F.06) : 8086 15BC class=020000
0:104  0:000   - LAN: 1 Vendor=Intel
0:104  0:000  Legacy MAC address of LAN #0= 40:B0:76:DE:9E:93:
0:105  0:000  _checkOEMPath Look for oem dir at path '\EFI\CLOVER\OEM\System Product Name--40-B0-76-DE-9E-93'. Dir doesn't exist.
0:105  0:000  _checkOEMPath Look for oem dir at path '\EFI\CLOVER\OEM\PRIME Z390-A\UEFI'. Dir doesn't exist.
0:105  0:000  _checkOEMPath Look for oem dir at path '\EFI\CLOVER\OEM\System Product Name'. Dir doesn't exist.
0:105  0:000  _checkOEMPath Look for oem dir at path '\EFI\CLOVER\OEM\System Product Name-3861'. Dir doesn't exist.
0:105  0:000  _checkOEMPath Look for oem dir at path '\EFI\CLOVER\OEM\PRIME Z390-A'. Dir doesn't exist.
0:105  0:000  _checkOEMPath Look for oem dir at path '\EFI\CLOVER\OEM\PRIME Z390-A-3861'. Dir doesn't exist.
0:105  0:000  === [ GetUserSettings ] =========================
0:105  0:000  GetDefaultModel()=iMac18,3
0:105  0:000  === [ LoadUserSettings ] ========================
0:106  0:000  Using config.plist at path: \EFI\CLOVER
0:106  0:000  === [ LoadUserSettings ] ========================
0:106  0:000  Cannot find smbios.plist at path '\EFI\CLOVER' : Not Found
0:106  0:000  '\EFI\CLOVER\smbios.plist' not loaded. Efi error Not Found
0:106  0:000  create SMBIOS list, found 27 dicts
0:106  0:000  ... ACPI
0:106  0:000  ... Boot
0:106  0:000  ... BootGraphics
0:106  0:000  ... Devices
0:106  0:000  ... DisableDrivers
0:106  0:000  ... GUI
0:106  0:000  ... Graphics
0:106  0:000  ... KernelAndKextPatches
0:106  0:000  ... SMBIOS
0:106  0:000  ... SystemParameters
0:106  0:000  ... RtVariables
0:106  0:000  ... Quirks
0:106  0:000  get model from config.plist
0:106  0:000  Using latest BiosVersion from config instead of default 'IM191.88Z.F000.B00.2302212211'
0:116  0:009  Using latest BiosReleaseDate from config instead of default '02/21/2023'
0:120  0:004  Using latest EfiVersion from config instead of default '1968.100.16.0.1'
0:124  0:004  BiosVersion: IM191.88Z.F000.B00.2308061817
0:128  0:004  BiosReleaseDate: 08/06/2023
0:132  0:003  EfiVersion: 2020.40.3.0.0
0:136  0:004  Calibrated TSC Frequency = 3600490440 = 3600MHz
0:140  0:004  === [ GetListOfThemes ] =========================
0:144  0:004  - [00]: random
0:152  0:008  - [00]: embedded
0:160  0:008  === [ Found config plists ] =====================
0:164  0:004  - config.plist
0:168  0:003  - config-sample.plist
0:172  0:003  - config_2.plist
0:176  0:004  === [ LoadDrivers ] =============================
0:181  0:004  Loading NvmExpressDxe.efi status=Success
0:194  0:013   - driver needs connecting
0:198  0:003  Loading EnglishDxe.efi status=Success
0:211  0:012  Loading VBoxHfs.efi status=Success
0:224  0:013   - driver needs connecting
0:228  0:004  Loading PartitionDxe.efi status=Success
0:241  0:013   - driver needs connecting
0:245  0:003  Loading ApfsDriverLoader.efi status=Success
0:258  0:012   - driver needs connecting
0:268  0:010  4 drivers needs connecting ...
0:268  0:000  PlatformDriverOverrideProtocol not found. Installing ... Success
0:269  0:000  Partition driver loaded: 
0:269  0:000  HFS+ driver loaded
0:269  0:000  APFS driver loaded
0:270  0:000  Searching for invalid DiskIo BY_DRIVER connects: not found, all ok
0:481  0:211  === [ InitScreen ] ==============================
0:485  0:003  Console modes reported: 4, available modes:
0:489  0:003   - [01]: 80x25 (current mode)
0:493  0:003   - [03]: 100x31
0:497  0:004   - [04]: 170x40
0:501  0:003  SetScreenResolution: 1920x1080 - not found!
0:509  0:007  SetMaxResolution: found best mode 0: 1366x768
0:516  0:007   - already set
0:521  0:004  Using embedded font
0:526  0:004  === [ ScanSPD ] =================================
0:530  0:003  SMBus device : 8086 A323 class=0C0500 status=Success
0:534  0:003  SMBus CmdReg: 0x3
0:538  0:004  Scanning SMBus [8086:A323], mmio: 0x12116004, ioport: 0xEFA0, hostc: 0x11
0:542  0:003  Slots to scan [8]...
0:546  0:004  SPD[0]: Got invalid type 0 @0x50. Will set page and retry.
0:551  0:004  SPD[0]: Type 12 @0x50
0:573  0:021  XMP Profile1: 4*125 -31 ns
0:576  0:003  Found module with XMP version 2.0
0:580  0:003  Using XMP Profile1 instead of standard frequency 2132MHz
0:584  0:003  DDR speed 4264MHz
0:588  0:003  Slot: 0 Type 26 8192MB 4264MHz Vendor=Corsair PartNo=CMK16GX4M2K4266C19 SerialNo=00000000
0:593  0:004  SPD[1]: Type 12 @0x51
0:614  0:021  XMP Profile1: 4*125 -31 ns
0:618  0:003  Found module with XMP version 2.0
0:622  0:004  Using XMP Profile1 instead of standard frequency 2132MHz
0:626  0:004  DDR speed 4264MHz
0:630  0:004  Slot: 1 Type 26 8192MB 4264MHz Vendor=Corsair PartNo=CMK16GX4M2K4266C19 SerialNo=00000000
0:635  0:005  === [ GetAcpiTablesList ] =======================
0:639  0:004  Get Acpi Tables List from RSDT: count=24
0:647  0:008   - [00]: FACP  A M I  len=132
0:651  0:004   - [01]: APIC  A M I  len=188
0:655  0:003   - [02]: FPDT  A M I  len=68
0:659  0:003   - [03]: FIDT  A M I len=156
0:664  0:004   - [04]: MCFG  A M I  len=60
0:668  0:004   - [05]: WSMT  A M I  len=40
0:672  0:004   - [06]: SSDT  SataTabl len=888
0:676  0:004   - [07]: SSDT  CpuSsdt len=6101
0:680  0:004   - [08]: SSDT  SaSsdt  len=12443
0:684  0:003   - [09]: SSDT  PegSsdt len=9048
0:688  0:003   - [10]: HPET  A M I  len=56
0:692  0:003   - [11]: SSDT  Ther_Rvp len=3998
0:696  0:003   - [12]: SSDT  xh_cfsd4 len=10579
0:700  0:003   - [13]: UEFI  A M I  len=72
0:704  0:003   - [14]: LPIT  A M I  len=92
0:708  0:004   - [15]: SSDT  PtidDevc len=10206
0:712  0:003   - [16]: SSDT  TbtTypeC len=4094
0:716  0:003   - [17]: DBGP  A M I  len=52
0:723  0:007   - [18]: DBG2  A M I  len=84
0:730  0:007   - [19]: SSDT  UsbCTabl len=6449
0:737  0:006   - [20]: SSDT  ADebTabl len=324
0:744  0:007   - [21]: VFCT  A M I  len=59524
0:748  0:004   - [22]: BGRT  A M I  len=56
0:752  0:003   - [23]: WPBT  A M I len=60
0:756  0:004   - [00]: Drop table : MATS,                0 :  no
0:764  0:007  Custom boot CUSTOM_BOOT_DISABLED (0x0)
0:768  0:004  Default theme: embedded
0:772  0:004  Set FakeCPUID: 0x0
0:777  0:004  === [ Found DSDT tables ] =======================
0:782  0:004  === [ InitKextList ] ============================
0:787  0:005  Added Kext=Other\USBMapDummy.kext (1.0)
0:791  0:004  Added Kext=Other\RadeonMonitor.kext (1.3.5)
0:796  0:004  Added Kext=Other\FakeSMC.kext (3.5.6)
0:801  0:004  Added Kext=Other\IntelCPUMonitor.kext (1.2.6)
0:807  0:006  === [ ScanVolumes ] =============================
0:811  0:004  Found 10 volumes with blockIO
0:815  0:003  - [00]: Volume: PciRoot(0x0)\Pci(0x17,0x0)\Sata(0x0,0xFFFF,0x0)
0:824  0:008  - [01]: Volume: PciRoot(0x0)\Pci(0x17,0x0)\Sata(0x0,0xFFFF,0x0)\HD(1,GPT,38DCC513-D608-408E-9D2F-1469C8B906A0,0x28,0x64000)
0:833  0:008          Result of bootcode detection: bootable unknown (legacy)
0:857  0:024            label : EFI
0:861  0:003  - [02]: Volume: PciRoot(0x0)\Pci(0x17,0x0)\Sata(0x0,0xFFFF,0x0)\HD(2,GPT,C20AA839-E88E-4CED-8CAB-9480B290394C,0x64028,0x15D466360)
0:887  0:025            label : Dati
0:891  0:004  - [03]: Volume: PciRoot(0x0)\Pci(0x1D,0x0)\Pci(0x0,0x0)\NVMe(0x1,CA-8F-B2-81-58-38-25-00)
0:899  0:008  - [04]: Volume: PciRoot(0x0)\Pci(0x1D,0x0)\Pci(0x0,0x0)\NVMe(0x1,CA-8F-B2-81-58-38-25-00)\HD(1,GPT,6E40A227-DDED-4325-B7CE-3959620EB39E,0x28,0x64000)
0:907  0:008          Result of bootcode detection: bootable unknown (legacy)
0:911  0:004            label : EFI
0:915  0:003          This is SelfVolume !!
0:919  0:003  - [05]: Volume: PciRoot(0x0)\Pci(0x1D,0x0)\Pci(0x0,0x0)\NVMe(0x1,CA-8F-B2-81-58-38-25-00)\HD(2,GPT,9508A8C6-F9B9-4EDD-ABC7-C1C4A019C410,0x64028,0x3A321FE0)
0:927  0:008          Result of bootcode detection: bootable unknown (legacy)
0:931  0:003  - [06]: Volume: PciRoot(0x0)\Pci(0x1D,0x0)\Pci(0x0,0x0)\NVMe(0x1,CA-8F-B2-81-58-38-25-00)\HD(2,GPT,9508A8C6-F9B9-4EDD-ABC7-C1C4A019C410,0x64028,0x3A321FE0)\VenMedia(BE74FCF7-0B7C-49F3-9147-01F4042E6842,F2738F7DD5B89341BB89C99D72294438)
0:939  0:007            apfsFileSystemUUID=7D8F73F2-B8D5-4193-BB89-C99D72294438, ApfsContainerUUID=85F3C012-2D6D-4FA1-A77E-71D7470E7FA2, ApfsRole=0x10
0:944  0:004            label : Preboot
0:947  0:003  - [07]: Volume: PciRoot(0x0)\Pci(0x1D,0x0)\Pci(0x0,0x0)\NVMe(0x1,CA-8F-B2-81-58-38-25-00)\HD(2,GPT,9508A8C6-F9B9-4EDD-ABC7-C1C4A019C410,0x64028,0x3A321FE0)\VenMedia(BE74FCF7-0B7C-49F3-9147-01F4042E6842,5D6490A424B7BC4F9AC8F7A23B1C4935)
0:955  0:007            apfsFileSystemUUID=A490645D-B724-4FBC-9AC8-F7A23B1C4935, ApfsContainerUUID=85F3C012-2D6D-4FA1-A77E-71D7470E7FA2, ApfsRole=0x0
0:973  0:017            label : Macintosh HD
0:977  0:004  - [08]: Volume: PciRoot(0x0)\Pci(0x1D,0x0)\Pci(0x0,0x0)\NVMe(0x1,CA-8F-B2-81-58-38-25-00)\HD(2,GPT,9508A8C6-F9B9-4EDD-ABC7-C1C4A019C410,0x64028,0x3A321FE0)\VenMedia(BE74FCF7-0B7C-49F3-9147-01F4042E6842,B6D67091A529BA4BA6736F0E24A99093)
0:985  0:008            apfsFileSystemUUID=9170D6B6-29A5-4BBA-A673-6F0E24A99093, ApfsContainerUUID=85F3C012-2D6D-4FA1-A77E-71D7470E7FA2, ApfsRole=0x4
0:990  0:004            label : Recovery
0:994  0:004  - [09]: Volume: PciRoot(0x0)\Pci(0x1D,0x0)\Pci(0x0,0x0)\NVMe(0x1,CA-8F-B2-81-58-38-25-00)\HD(2,GPT,9508A8C6-F9B9-4EDD-ABC7-C1C4A019C410,0x64028,0x3A321FE0)\VenMedia(BE74FCF7-0B7C-49F3-9147-01F4042E6842,55B78B2757452849A2D432E0BB550617)
1:002  0:008            apfsFileSystemUUID=278BB755-4557-4928-A2D4-32E0BB550617, ApfsContainerUUID=85F3C012-2D6D-4FA1-A77E-71D7470E7FA2, ApfsRole=0x8
1:006  0:003            label : VM
1:010  0:003  No AudioIoProtocols, status=Not Found
1:014  0:004  === [ InitXTheme ] ==============================
1:018  0:003  use Daylight theme
1:022  0:004   using embedded theme
1:035  0:013  Using embedded font
1:040  0:004  theme inited
1:044  0:004  Chosen embedded theme
1:048  0:004  after NVRAM boot-args=dart=0 -v
1:052  0:004  Scanning legacy ...
1:056  0:003  === [ Dump SMC keys from NVRAM ] ================
1:060  0:004  found AppleSMC protocol
1:072  0:012     fakesmc-key-RVBF-ch8*:02 46 0F 00 00 12 
1:106  0:033     fakesmc-key-#KEY-ui32:00 00 00 11 
1:132  0:025     fakesmc-key-$Adr-ui32:00 00 03 00 
1:157  0:025     fakesmc-key-$Num-ui8:01 
1:170  0:013     fakesmc-key-RMde-char:41 
1:183  0:013     fakesmc-key-RBr -ch8*:6A 31 33 38 5F 39 00 00 
1:229  0:046     fakesmc-key-EPCI-ui32:09 D0 F0 00 
1:254  0:024     fakesmc-key-REV -ch8*:02 46 0F 00 00 12 
1:287  0:032     fakesmc-key-RPlt-ch8*:6A 31 33 38 00 00 00 00 
1:328  0:041     fakesmc-key-BEMB-flag:00 
1:341  0:013     fakesmc-key-BATP-flag:00 
1:355  0:013     fakesmc-key-BNum-ui8:00 
1:368  0:012     fakesmc-key-MSTc-ui8:00 
1:381  0:013     fakesmc-key-MSAc-ui16:00 00 
1:398  0:017     fakesmc-key-MSWr-ui8:00 
1:411  0:013     fakesmc-key-MSFW-ui8:01 00 
1:428  0:016     fakesmc-key-MSPS-ui16:00 03 
1:450  0:021  Registered 17 SMC keys
1:458  0:008  === [ ScanLoader ] ==============================
1:462  0:003  - [01]: 'EFI'
1:489  0:026  - [02]: 'Dati'
1:519  0:030  - [04]: 'EFI'
1:531  0:011        AddLoaderEntry for Volume Name=EFI, idx=0
1:535  0:004        OSVersion= 
1:539  0:003        IconName=unknown comma=-1 size=7
1:543  0:003        Full=unknown
1:547  0:003        Loader entry created for 'PciRoot(0x0)\Pci(0x1D,0x0)\Pci(0x0,0x0)\NVMe(0x1,CA-8F-B2-81-58-38-25-00)\HD(1,GPT,6E40A227-DDED-4325-B7CE-3959620EB39E,0x28,0x64000)\EFI\BOOT\BOOTX64.efi'
1:551  0:003       hiding entry: \EFI\BOOT\BOOTX64.efi
1:555  0:004        Menu entry added at index 0
1:559  0:003       hiding entry because DiskKind is DISK_KIND_INTERNAL: \EFI\BOOT\BOOTX64.efi
1:563  0:004  - [06]: 'Preboot'
1:571  0:007      ApfsContainerUUID=85F3C012-2D6D-4FA1-A77E-71D7470E7FA2
1:575  0:003      ApfsFileSystemUUID=7D8F73F2-B8D5-4193-BB89-C99D72294438
1:579  0:004      APFSTargetUUID=A490645D-B724-4FBC-9AC8-F7A23B1C4935
1:586  0:007        AddLoaderEntry for Volume Name=Preboot, idx=1
1:590  0:004        OSVersion=10.14.6 
1:594  0:003        Check if volume Is Hibernated:
1:598  0:003        Check sleep image 'by signature':
1:602  0:003        using default sleep image name = \private\var\vm\sleepimage
1:606  0:004        cannot open sleepimage -> Not Found
1:610  0:003        hibernated: no - sign
1:614  0:003        IconName=moja,mac comma=4 size=8
1:618  0:003        first=os_moja
1:622  0:003        Second=os_mac
1:626  0:004        IconName=unknown comma=-1 size=7
1:630  0:004        Full=unknown
1:634  0:004        Loader entry created for 'PciRoot(0x0)\Pci(0x1D,0x0)\Pci(0x0,0x0)\NVMe(0x1,CA-8F-B2-81-58-38-25-00)\HD(2,GPT,9508A8C6-F9B9-4EDD-ABC7-C1C4A019C410,0x64028,0x3A321FE0)\VenMedia(BE74FCF7-0B7C-49F3-9147-01F4042E6842,F2738F7DD5B89341BB89C99D72294438)\A490645D-B724-4FBC-9AC8-F7A23B1C4935\System\Library\CoreServices\boot.efi'
1:639  0:004        Menu entry added at index 1
1:643  0:004      Dead installer entry found (installer dmg boot file not found : '\macOS Install Data\BaseSystem.dmg')
1:647  0:004  - [07]: 'Macintosh HD'
1:655  0:008      ApfsContainerUUID=85F3C012-2D6D-4FA1-A77E-71D7470E7FA2
1:660  0:004      ApfsFileSystemUUID=A490645D-B724-4FBC-9AC8-F7A23B1C4935
1:666  0:006        AddLoaderEntry for Volume Name=Macintosh HD, idx=2
1:671  0:004        OSVersion=10.14.6 
1:675  0:003        Check if volume Is Hibernated:
1:679  0:004        Check sleep image 'by signature':
1:684  0:005        read prefs \Library\Preferences\com.apple.PowerManagement.plist status=Success
1:688  0:004        using default sleep image name = \private\var\vm\sleepimage
1:693  0:004        cannot open sleepimage -> Not Found
1:697  0:003        hibernated: no - sign
1:701  0:004        IconName=moja,mac comma=4 size=8
1:707  0:006        first=os_moja
1:711  0:003        Second=os_mac
1:715  0:003        IconName=unknown comma=-1 size=7
1:719  0:003        Full=unknown
1:723  0:003        Loader entry created for 'PciRoot(0x0)\Pci(0x1D,0x0)\Pci(0x0,0x0)\NVMe(0x1,CA-8F-B2-81-58-38-25-00)\HD(2,GPT,9508A8C6-F9B9-4EDD-ABC7-C1C4A019C410,0x64028,0x3A321FE0)\VenMedia(BE74FCF7-0B7C-49F3-9147-01F4042E6842,5D6490A424B7BC4F9AC8F7A23B1C4935)\System\Library\CoreServices\boot.efi'
1:728  0:004        Menu entry added at index 2
1:732  0:003  - [08]: 'Recovery'
1:740  0:007      ApfsContainerUUID=85F3C012-2D6D-4FA1-A77E-71D7470E7FA2
1:744  0:003      ApfsFileSystemUUID=9170D6B6-29A5-4BBA-A673-6F0E24A99093
1:748  0:003      APFSTargetUUID=A490645D-B724-4FBC-9AC8-F7A23B1C4935
1:752  0:003        AddLoaderEntry for Volume Name=Recovery, idx=3
1:756  0:004        OSVersion=10.14.6 
1:760  0:003        IconName=moja,mac comma=4 size=8
1:764  0:004        first=os_moja
1:768  0:004        Second=os_mac
1:772  0:004        IconName=unknown comma=-1 size=7
1:776  0:004        Full=unknown
1:780  0:004        Loader entry created for 'PciRoot(0x0)\Pci(0x1D,0x0)\Pci(0x0,0x0)\NVMe(0x1,CA-8F-B2-81-58-38-25-00)\HD(2,GPT,9508A8C6-F9B9-4EDD-ABC7-C1C4A019C410,0x64028,0x3A321FE0)\VenMedia(BE74FCF7-0B7C-49F3-9147-01F4042E6842,B6D67091A529BA4BA6736F0E24A99093)\A490645D-B724-4FBC-9AC8-F7A23B1C4935\boot.efi'
1:785  0:005        Menu entry added at index 3
1:789  0:004  - [09]: 'VM'
1:798  0:008      ApfsContainerUUID=85F3C012-2D6D-4FA1-A77E-71D7470E7FA2
1:802  0:004      ApfsFileSystemUUID=278BB755-4557-4928-A2D4-32E0BB550617
1:806  0:003  Entries list before ordering
1:810  0:004      Entry 0 : Boot UEFI internal from EFI (hidden)
1:814  0:004      Entry 1 : Boot Mac OS from Macintosh HD via Preboot
1:818  0:004      Entry 2 : Boot macOS from Macintosh HD
1:822  0:004      Entry 3 : Boot Mac OS Recovery for Macintosh HD via Recovery
1:826  0:003  Hiding entry 1 because of entry 2
1:830  0:004  Entries list after ordering
1:834  0:004    Entry 0 : Boot UEFI internal from EFI (hidden)
1:838  0:004    Entry 1 : Boot Mac OS from Macintosh HD via Preboot (hidden)
1:842  0:003    Entry 2 : Boot macOS from Macintosh HD
1:846  0:004    Entry 3 : Boot Mac OS Recovery for Macintosh HD via Recovery
1:850  0:003  === [ AddCustomTool ] ===========================
1:855  0:004  found tool \EFI\CLOVER\tools\Shell64U.efi
1:859  0:003  Checking EFI partition Volume 1 for Clover
1:864  0:005   Found Clover
1:868  0:004  === [ GetEfiBootDeviceFromNvram ] ===============
1:873  0:004   - [!] efi-boot-device-data not found
1:876  0:003   - found entry 0. 'Boot macOS from Macintosh HD', Volume 'Macintosh HD', DevicePath 'PciRoot(0x0)\Pci(0x1D,0x0)\Pci(0x0,0x0)\NVMe(0x1,CA-8F-B2-81-58-38-25-00)\HD(2,GPT,9508A8C6-F9B9-4EDD-ABC7-C1C4A019C410,0x64028,0x3A321FE0)\VenMedia(BE74FCF7-0B7C-49F3-9147-01F4042E6842,5D6490A424B7BC4F9AC8F7A23B1C4935)\System\Library\CoreServices\boot.efi'
1:881  0:004  BannerPlace at Clear Screen [619,68]
1:901  0:019  GUI ready
5:843  3:942  === [ GetUserSettings ] =========================
5:847  0:004  GetDefaultModel()=iMac18,3
5:851  0:003  === [ LoadUserSettings ] ========================
5:855  0:004  Using config_2.plist at path: \EFI\CLOVER
5:859  0:004  === [ LoadUserSettings ] ========================
5:863  0:004  Cannot find smbios.plist at path '\EFI\CLOVER' : Not Found
5:868  0:004  '\EFI\CLOVER\smbios.plist' not loaded. Efi error Not Found
5:872  0:004  create SMBIOS list, found 27 dicts
5:878  0:006  ... ACPI
5:885  0:006  ... Boot
5:889  0:004  ... BootGraphics
5:892  0:003  ... Devices
5:896  0:003  ... DisableDrivers
5:900  0:004  ... GUI
5:904  0:004  ... Graphics
5:908  0:003  ... KernelAndKextPatches
5:912  0:003  ... SMBIOS
5:916  0:003  ... SystemParameters
5:920  0:004  ... RtVariables
5:924  0:004  ... Quirks
5:928  0:003  get model from config.plist
5:932  0:003  Using latest BiosVersion from config instead of default 'IM191.88Z.F000.B00.2302212211'
5:936  0:004  Using latest BiosReleaseDate from config instead of default '02/21/2023'
5:940  0:004  Using latest EfiVersion from config instead of default '1968.100.16.0.1'
5:944  0:003  BiosVersion: IM191.88Z.F000.B00.2308061817
5:948  0:003  BiosReleaseDate: 08/06/2023
5:952  0:004  EfiVersion: 2020.40.3.0.0
5:956  0:004  Calibrated TSC Frequency = 3600490440 = 3600MHz
8:470  2:514  ReinitRefitLib after theme change
8:471  0:000  === [ Found DSDT tables ] =======================
8:476  0:005  === [ ScanVolumes ] =============================
8:480  0:004  Found 10 volumes with blockIO
8:484  0:004  - [00]: Volume: PciRoot(0x0)\Pci(0x17,0x0)\Sata(0x0,0xFFFF,0x0)
8:493  0:008  - [01]: Volume: PciRoot(0x0)\Pci(0x17,0x0)\Sata(0x0,0xFFFF,0x0)\HD(1,GPT,38DCC513-D608-408E-9D2F-1469C8B906A0,0x28,0x64000)
8:502  0:008          Result of bootcode detection: bootable unknown (legacy)
8:507  0:005            label : EFI
8:511  0:003  - [02]: Volume: PciRoot(0x0)\Pci(0x17,0x0)\Sata(0x0,0xFFFF,0x0)\HD(2,GPT,C20AA839-E88E-4CED-8CAB-9480B290394C,0x64028,0x15D466360)
8:520  0:008            label : Dati
8:523  0:003  - [03]: Volume: PciRoot(0x0)\Pci(0x1D,0x0)\Pci(0x0,0x0)\NVMe(0x1,CA-8F-B2-81-58-38-25-00)
8:531  0:007  - [04]: Volume: PciRoot(0x0)\Pci(0x1D,0x0)\Pci(0x0,0x0)\NVMe(0x1,CA-8F-B2-81-58-38-25-00)\HD(1,GPT,6E40A227-DDED-4325-B7CE-3959620EB39E,0x28,0x64000)
8:539  0:007          Result of bootcode detection: bootable unknown (legacy)
8:544  0:004            label : EFI
8:548  0:004          This is SelfVolume !!
8:552  0:004  - [05]: Volume: PciRoot(0x0)\Pci(0x1D,0x0)\Pci(0x0,0x0)\NVMe(0x1,CA-8F-B2-81-58-38-25-00)\HD(2,GPT,9508A8C6-F9B9-4EDD-ABC7-C1C4A019C410,0x64028,0x3A321FE0)
8:560  0:007          Result of bootcode detection: bootable unknown (legacy)
8:564  0:003  - [06]: Volume: PciRoot(0x0)\Pci(0x1D,0x0)\Pci(0x0,0x0)\NVMe(0x1,CA-8F-B2-81-58-38-25-00)\HD(2,GPT,9508A8C6-F9B9-4EDD-ABC7-C1C4A019C410,0x64028,0x3A321FE0)\VenMedia(BE74FCF7-0B7C-49F3-9147-01F4042E6842,F2738F7DD5B89341BB89C99D72294438)
8:572  0:008            apfsFileSystemUUID=7D8F73F2-B8D5-4193-BB89-C99D72294438, ApfsContainerUUID=85F3C012-2D6D-4FA1-A77E-71D7470E7FA2, ApfsRole=0x10
8:576  0:003            label : Preboot
8:580  0:003  - [07]: Volume: PciRoot(0x0)\Pci(0x1D,0x0)\Pci(0x0,0x0)\NVMe(0x1,CA-8F-B2-81-58-38-25-00)\HD(2,GPT,9508A8C6-F9B9-4EDD-ABC7-C1C4A019C410,0x64028,0x3A321FE0)\VenMedia(BE74FCF7-0B7C-49F3-9147-01F4042E6842,5D6490A424B7BC4F9AC8F7A23B1C4935)
8:587  0:007            apfsFileSystemUUID=A490645D-B724-4FBC-9AC8-F7A23B1C4935, ApfsContainerUUID=85F3C012-2D6D-4FA1-A77E-71D7470E7FA2, ApfsRole=0x0
8:592  0:004            label : Macintosh HD
8:595  0:003  - [08]: Volume: PciRoot(0x0)\Pci(0x1D,0x0)\Pci(0x0,0x0)\NVMe(0x1,CA-8F-B2-81-58-38-25-00)\HD(2,GPT,9508A8C6-F9B9-4EDD-ABC7-C1C4A019C410,0x64028,0x3A321FE0)\VenMedia(BE74FCF7-0B7C-49F3-9147-01F4042E6842,B6D67091A529BA4BA6736F0E24A99093)
8:603  0:007            apfsFileSystemUUID=9170D6B6-29A5-4BBA-A673-6F0E24A99093, ApfsContainerUUID=85F3C012-2D6D-4FA1-A77E-71D7470E7FA2, ApfsRole=0x4
8:607  0:003            label : Recovery
8:611  0:004  - [09]: Volume: PciRoot(0x0)\Pci(0x1D,0x0)\Pci(0x0,0x0)\NVMe(0x1,CA-8F-B2-81-58-38-25-00)\HD(2,GPT,9508A8C6-F9B9-4EDD-ABC7-C1C4A019C410,0x64028,0x3A321FE0)\VenMedia(BE74FCF7-0B7C-49F3-9147-01F4042E6842,55B78B2757452849A2D432E0BB550617)
8:619  0:007            apfsFileSystemUUID=278BB755-4557-4928-A2D4-32E0BB550617, ApfsContainerUUID=85F3C012-2D6D-4FA1-A77E-71D7470E7FA2, ApfsRole=0x8
8:623  0:004            label : VM
8:627  0:003  No AudioIoProtocols, status=Not Found
8:631  0:003  change theme
8:635  0:004  === [ InitXTheme ] ==============================
8:639  0:003  use Daylight theme
8:643  0:004   using embedded theme
8:656  0:012  Using embedded font
8:660  0:004  theme inited
8:664  0:003  Chosen embedded theme
8:668  0:004  after NVRAM boot-args=dart=0 -v
8:672  0:003  Scanning legacy ...
8:676  0:003  === [ ScanLoader ] ==============================
8:680  0:004  - [01]: 'EFI'
8:706  0:025  - [02]: 'Dati'
8:714  0:008  - [04]: 'EFI'
8:724  0:010        AddLoaderEntry for Volume Name=EFI, idx=0
8:728  0:003        OSVersion= 
8:732  0:003        IconName=unknown comma=-1 size=7
8:736  0:004        Full=unknown
8:740  0:003        Loader entry created for 'PciRoot(0x0)\Pci(0x1D,0x0)\Pci(0x0,0x0)\NVMe(0x1,CA-8F-B2-81-58-38-25-00)\HD(1,GPT,6E40A227-DDED-4325-B7CE-3959620EB39E,0x28,0x64000)\EFI\BOOT\BOOTX64.efi'
8:744  0:004       hiding entry: \EFI\BOOT\BOOTX64.efi
8:748  0:004        Menu entry added at index 0
8:752  0:003       hiding entry because DiskKind is DISK_KIND_INTERNAL: \EFI\BOOT\BOOTX64.efi
8:756  0:003  - [06]: 'Preboot'
8:764  0:007      ApfsContainerUUID=85F3C012-2D6D-4FA1-A77E-71D7470E7FA2
8:768  0:003      ApfsFileSystemUUID=7D8F73F2-B8D5-4193-BB89-C99D72294438
8:772  0:003      APFSTargetUUID=A490645D-B724-4FBC-9AC8-F7A23B1C4935
8:776  0:003        AddLoaderEntry for Volume Name=Preboot, idx=1
8:780  0:003        OSVersion=10.14.6 
8:784  0:004        Check if volume Is Hibernated:
8:787  0:003        Check sleep image 'by signature':
8:791  0:003        using default sleep image name = \private\var\vm\sleepimage
8:798  0:007        cannot open sleepimage -> Not Found
8:802  0:003        hibernated: no - sign
8:806  0:003        IconName=moja,mac comma=4 size=8
8:810  0:003        first=os_moja
8:814  0:003        Second=os_mac
8:818  0:003        IconName=unknown comma=-1 size=7
8:824  0:006        Full=unknown
8:831  0:006        Loader entry created for 'PciRoot(0x0)\Pci(0x1D,0x0)\Pci(0x0,0x0)\NVMe(0x1,CA-8F-B2-81-58-38-25-00)\HD(2,GPT,9508A8C6-F9B9-4EDD-ABC7-C1C4A019C410,0x64028,0x3A321FE0)\VenMedia(BE74FCF7-0B7C-49F3-9147-01F4042E6842,F2738F7DD5B89341BB89C99D72294438)\A490645D-B724-4FBC-9AC8-F7A23B1C4935\System\Library\CoreServices\boot.efi'
8:835  0:004        Menu entry added at index 1
8:840  0:004      Dead installer entry found (installer dmg boot file not found : '\macOS Install Data\BaseSystem.dmg')
8:844  0:004  - [07]: 'Macintosh HD'
8:852  0:008      ApfsContainerUUID=85F3C012-2D6D-4FA1-A77E-71D7470E7FA2
8:856  0:004      ApfsFileSystemUUID=A490645D-B724-4FBC-9AC8-F7A23B1C4935
8:860  0:004        AddLoaderEntry for Volume Name=Macintosh HD, idx=2
8:864  0:003        OSVersion=10.14.6 
8:868  0:004        Check if volume Is Hibernated:
8:872  0:004        Check sleep image 'by signature':
8:876  0:004        read prefs \Library\Preferences\com.apple.PowerManagement.plist status=Success
8:884  0:007        using default sleep image name = \private\var\vm\sleepimage
8:888  0:004        cannot open sleepimage -> Not Found
8:892  0:004        hibernated: no - sign
8:896  0:003        IconName=moja,mac comma=4 size=8
8:900  0:003        first=os_moja
8:904  0:003        Second=os_mac
8:908  0:003        IconName=unknown comma=-1 size=7
8:911  0:003        Full=unknown
8:915  0:003        Loader entry created for 'PciRoot(0x0)\Pci(0x1D,0x0)\Pci(0x0,0x0)\NVMe(0x1,CA-8F-B2-81-58-38-25-00)\HD(2,GPT,9508A8C6-F9B9-4EDD-ABC7-C1C4A019C410,0x64028,0x3A321FE0)\VenMedia(BE74FCF7-0B7C-49F3-9147-01F4042E6842,5D6490A424B7BC4F9AC8F7A23B1C4935)\System\Library\CoreServices\boot.efi'
8:920  0:005        Menu entry added at index 2
8:924  0:003  - [08]: 'Recovery'
8:932  0:007      ApfsContainerUUID=85F3C012-2D6D-4FA1-A77E-71D7470E7FA2
8:936  0:003      ApfsFileSystemUUID=9170D6B6-29A5-4BBA-A673-6F0E24A99093
8:940  0:003      APFSTargetUUID=A490645D-B724-4FBC-9AC8-F7A23B1C4935
8:944  0:003        AddLoaderEntry for Volume Name=Recovery, idx=3
8:948  0:004        OSVersion=10.14.6 
8:952  0:003        IconName=moja,mac comma=4 size=8
8:956  0:003        first=os_moja
8:960  0:003        Second=os_mac
8:964  0:003        IconName=unknown comma=-1 size=7
8:969  0:005        Full=unknown
8:973  0:003        Loader entry created for 'PciRoot(0x0)\Pci(0x1D,0x0)\Pci(0x0,0x0)\NVMe(0x1,CA-8F-B2-81-58-38-25-00)\HD(2,GPT,9508A8C6-F9B9-4EDD-ABC7-C1C4A019C410,0x64028,0x3A321FE0)\VenMedia(BE74FCF7-0B7C-49F3-9147-01F4042E6842,B6D67091A529BA4BA6736F0E24A99093)\A490645D-B724-4FBC-9AC8-F7A23B1C4935\boot.efi'
8:978  0:004        Menu entry added at index 3
8:982  0:004  - [09]: 'VM'
8:990  0:008      ApfsContainerUUID=85F3C012-2D6D-4FA1-A77E-71D7470E7FA2
8:994  0:004      ApfsFileSystemUUID=278BB755-4557-4928-A2D4-32E0BB550617
8:998  0:003  Entries list before ordering
9:002  0:003      Entry 0 : Boot UEFI internal from EFI (hidden)
9:006  0:003      Entry 1 : Boot Mac OS from Macintosh HD via Preboot
9:010  0:003      Entry 2 : Boot macOS from Macintosh HD
9:014  0:004      Entry 3 : Boot Mac OS Recovery for Macintosh HD via Recovery
9:018  0:004  Hiding entry 1 because of entry 2
9:023  0:004  Entries list after ordering
9:027  0:004    Entry 0 : Boot UEFI internal from EFI (hidden)
9:031  0:004    Entry 1 : Boot Mac OS from Macintosh HD via Preboot (hidden)
9:035  0:003    Entry 2 : Boot macOS from Macintosh HD
9:039  0:003    Entry 3 : Boot Mac OS Recovery for Macintosh HD via Recovery
9:043  0:004  === [ AddCustomTool ] ===========================
9:047  0:004  found tool \EFI\CLOVER\tools\Shell64U.efi
9:051  0:004  Checking EFI partition Volume 1 for Clover
9:057  0:005   Found Clover
9:061  0:004  === [ GetEfiBootDeviceFromNvram ] ===============
9:065  0:004   - [!] efi-boot-device-data not found
9:069  0:004   - found entry 0. 'Boot macOS from Macintosh HD', Volume 'Macintosh HD', DevicePath 'PciRoot(0x0)\Pci(0x1D,0x0)\Pci(0x0,0x0)\NVMe(0x1,CA-8F-B2-81-58-38-25-00)\HD(2,GPT,9508A8C6-F9B9-4EDD-ABC7-C1C4A019C410,0x64028,0x3A321FE0)\VenMedia(BE74FCF7-0B7C-49F3-9147-01F4042E6842,5D6490A424B7BC4F9AC8F7A23B1C4935)\System\Library\CoreServices\boot.efi'
9:073  0:004  BannerPlace at Clear Screen [619,68]
9:683  0:609  Boot option 0 has other volume name Macintosh HDboot.efi
9:687  0:003  === [ StartLoader ] =============================
9:690  0:003  Starting PciRoot(0x0)\Pci(0x1D,0x0)\Pci(0x0,0x0)\NVMe(0x1,CA-8F-B2-81-58-38-25-00)\HD(2,GPT,9508A8C6-F9B9-4EDD-ABC7-C1C4A019C410,0x64028,0x3A321FE0)\VenMedia(BE74FCF7-0B7C-49F3-9147-01F4042E6842,5D6490A424B7BC4F9AC8F7A23B1C4935)\System\Library\CoreServices\boot.efi
9:694  0:004  Finally: ExternalClock=26MHz BusSpeed=100014kHz CPUFreq=3600MHz PIS: hw.busfrequency=104000000Hz
9:702  0:008  Beginning OC
9:707  0:004  OCST: Missing vault data, ignoring...
9:711  0:004  AddKextsInArray from Other
9:715  0:004  ->Extra kext: Other\USBMapDummy.kext (v.1.0)
9:719  0:004  ->Extra kext: Other\RadeonMonitor.kext (v.1.3.5)
9:723  0:004  ->Extra kext: Other\FakeSMC.kext (v.3.5.6)
9:727  0:004  ->Extra kext: Other\IntelCPUMonitor.kext (v.1.2.6)
9:732  0:004  AddKextsInArray from Off
9:736  0:003  AddKextsInArray from 10
9:739  0:003  AddKextsInArray from 10_normal
9:744  0:004  AddKextsInArray from 10.14
9:748  0:004  AddKextsInArray from 10.14_normal
9:752  0:003  AddKextsInArray from 10.14.6
9:756  0:004  AddKextsInArray from 10.14.6_normal
9:760  0:004  Bridge kext to OC : Path=Other\FakeSMC.kext
9:765  0:005  Bridge kext to OC : Path=Other\USBMapDummy.kext
9:769  0:004  Bridge kext to OC : Path=Other\RadeonMonitor.kext
9:774  0:004  Bridge kext to OC : Path=Other\IntelCPUMonitor.kext
9:780  0:005  Start 'OpenRuntime.efi' : Status Success
9:784  0:003  OC: config config.plist
9:788  0:003  OC: Got 0 drivers
9:792  0:004  OC: OpenCore DBG-102-2024-09-12 is loading in Optional mode (0/0)...
9:796  0:004  OC: StorageHandle 0 with  LauncherOption pointing to 
9:801  0:004  OcOSInfoInstallProtocol
9:805  0:003  OCRTC: OcAppleRtcRamInstallProtocol
9:809  0:004  OCRTC: Wake log is 0x00 0x00   0 0x00
9:813  0:003  OcAppleFbInfoInstallProtocol
9:817  0:004  OcAppleEg2InfoInstallProtocol
9:821  0:004  OC: Loading Apple Secure Boot with Disabled (level 0)
9:826  0:004  OCABC: ALRBL 0 RTDFRG 1 DEVMMIO 0 NOSU 0 NOVRWR 0 NOSB 0 FBSIG 0 NOHBMAP 0 SMSLIDE 1 WRUNPROT 1
9:830  0:004  OCABC: FEXITBS 0 PRMRG 0 CSLIDE 0 MSLIDE 0 PRSRV 0 RBMAP 0 VMAP 1 APPLOS 0 RTPERMS 1 ARBAR -1 RBIO 0
9:834  0:003  OCABC: Got rendezvous with OpenRuntime r12
9:840  0:006  OCABC: MAT support is 1
9:847  0:006  OC: RequestBootVarRouting 0
9:852  0:004  OCDM: Found 0x20046/0x2003C UEFI version (376 bytes, 0 rebuilding to 376) gST 7AB3C018 gBS 6D89B3A0 gBS->CreateEventEx 6D889904 &gBS 6D5732C0
9:855  0:003  OC: Setting GPU BARs to 0
9:859  0:004  OCDM: RBAR using PciIo
9:864  0:004  OCDM: Setting RBAR to 0 inc 1 on 3/18
9:868  0:004  OCDM: Capability I/O error - Unsupported
9:872  0:004  OCDM: RBAR is unsupported by device - Device Error
9:876  0:003  OCDM: Setting RBAR to 0 inc 1 on 5/18
9:880  0:004  OCDM: Capability I/O error - Unsupported
9:884  0:003  OCDM: RBAR is unsupported by device - Device Error
9:888  0:004  OC: Got 0 drivers
9:893  0:004  OCC: Installing GOP (Unsupported) on ConsoleOutHandle...
9:897  0:004  OC: Requested resolution is 1920x1080@0 (max: 0, force: 0) from 1920x1080
9:901  0:004  OCC: Using builtin text renderer with 1 scale
9:905  0:004  OCC: Install console control (6D55E3D0/6D882C88/0), current - Success
9:909  0:003  OCC: Setup ASCII Output - Success
9:913  0:003  OC: Requested console mode is 0x0 (max: 0) from 
9:917  0:004  OC: Invalid HibernateMode: 
9:921  0:003  OC: Translated HibernateMode  to 0
9:925  0:004  OC: Hibernation activation - Invalid Parameter, hibernation wake - no
9:929  0:004  OC: Panic log does not exist
9:933  0:003  OCABC: IsEfiBootRt 0 (BP 1, Apple 0)
9:938  0:005  OCB: Arch filtering 72E28018(592440)->72E28018(592440) caps 0 - Success
9:942  0:004  ImageHandle = 72df0898
9:950  0:007  GetOSVersion: 10.14.6 (B)
9:958  0:008  Will not patch boot.efi
9:962  0:004  Using latest BiosVersion from config instead of default 'IM191.88Z.F000.B00.2302212211'
9:966  0:003  Using latest BiosReleaseDate from config instead of default '02/21/2023'
9:972  0:005  Using latest EfiVersion from config instead of default '1968.100.16.0.1'
9:976  0:003  BiosVersion: IM191.88Z.F000.B00.2308061817
9:979  0:003  BiosReleaseDate: 08/06/2023
9:983  0:003  EfiVersion: 2020.40.3.0.0
9:987  0:003  SMBIOS reloaded with model iMac19,1
9:991  0:004  Set FakeCPUID: 0x0
9:995  0:003  === [ PatchSmbios ] =============================
9:999  0:004  UpdateSmbiosString : BiosVersion=EfiVersion=2020.40.3.0.0
10:003  0:003  UpdateSmbiosString : ReleaseDate=08/06/2023
10:007  0:003  void PatchTableType1(const SmbiosInjectedSettings&) : UpdateSmbiosString ProductName=iMac19,1
10:011  0:003  void PatchTableType2(const SmbiosInjectedSettings&) : UpdateSmbiosString ProductName=BoardNumber=Mac-AA95B1DDAB278B95
10:015  0:003  void PatchTableType2(const SmbiosInjectedSettings&) : UpdateSmbiosString Version=BoardVersion=iMac19,1
10:019  0:004  insert table 9 for dev 0:0
10:023  0:003  insert table 9 for dev 0:1
10:027  0:003  insert table 9 for dev 1F:6
10:031  0:003  Table 11 present, but rewritten for us
10:036  0:004  Do not inject memory table
10:040  0:003  Trusting SMBIOS...
10:044  0:004  Channels: 1
10:047  0:003  Interleave: 0 1 2 3
10:074  0:026  trusted SMBIOS data, table index 0:
10:077  0:003    gRAM.SMBIOS[0]->ModuleSize = 8192
10:081  0:003    gRAM.SMBIOS[0]->Type = 0
10:085  0:003    gRAM.SMBIOS[0]->Frequency = 3200
10:089  0:003    gRAM.SMBIOS[0]->Vendor = Corsair
10:093  0:003    gRAM.SMBIOS[0]->PartNo = CMK16GX4M2K4266C19
10:097  0:003    gRAM.SMBIOS[0]->SerialNo = 00000000
10:101  0:003  SPD data in use:
10:105  0:003    gRAM.SPD[0]->ModuleSize = 8192
10:109  0:003    gRAM.SPD[0]->Type = 26
10:113  0:004    gRAM.SPD[0]->Frequency = 4264
10:117  0:003    gRAM.SPD[0]->Vendor = Corsair
10:121  0:003    gRAM.SPD[0]->SerialNo = 00000000
10:128  0:007    gRAM.SPD[0]->PartNo = CMK16GX4M2K4266C19
10:132  0:004    SMBIOS Type 17 Index = 0 => SMBIOSIndex=0 SPDIndex=0:
10:136  0:003  BANK 0 DIMM0 4264MHz 8192MB(Ext:0MB)
10:140  0:003  trusted SMBIOS data, table index 1:
10:143  0:003    gRAM.SMBIOS[1]->ModuleSize = 8192
10:147  0:003    gRAM.SMBIOS[1]->Type = 0
10:151  0:003    gRAM.SMBIOS[1]->Frequency = 3200
10:155  0:003    gRAM.SMBIOS[1]->Vendor = Corsair
10:159  0:004    gRAM.SMBIOS[1]->PartNo = CMK16GX4M2K4266C19
10:163  0:004    gRAM.SMBIOS[1]->SerialNo = 00000000
10:168  0:004  SPD data in use:
10:172  0:004    gRAM.SPD[1]->ModuleSize = 8192
10:176  0:004    gRAM.SPD[1]->Type = 26
10:180  0:003    gRAM.SPD[1]->Frequency = 4264
10:183  0:003    gRAM.SPD[1]->Vendor = Corsair
10:188  0:004    gRAM.SPD[1]->SerialNo = 00000000
10:192  0:003    gRAM.SPD[1]->PartNo = CMK16GX4M2K4266C19
10:195  0:003    SMBIOS Type 17 Index = 1 => SMBIOSIndex=1 SPDIndex=1:
10:199  0:004  BANK 0 DIMM1 4264MHz 8192MB(Ext:0MB)
10:204  0:004  !trusted SMBIOS data, Table index 2:!gRAM.SMBIOS.doesSlotForIndexExist(SMBIOSIndex) 
10:216  0:011    SMBIOS Type 17 Index = 2 => SMBIOSIndex=2 SPDIndex=2:
10:220  0:004  BANK 0 DIMM2 EMPTY
10:224  0:004  !trusted SMBIOS data, Table index 3:!gRAM.SMBIOS.doesSlotForIndexExist(SMBIOSIndex) 
10:235  0:011    SMBIOS Type 17 Index = 3 => SMBIOSIndex=3 SPDIndex=3:
10:239  0:003  BANK 0 DIMM3 EMPTY
10:243  0:003  mTotalSystemMemory = 16384
10:247  0:004  NumberOfMemoryDevices = 4
10:251  0:003  Type20[0]->End = 0x7FFFFF, Type17[0] = 2000
10:255  0:004  Type20[1]->End = 0xFFFFFF, Type17[1] = 6000
10:259  0:004  Table 131 is present, CPUType=35
10:263  0:003  Change to: 1005
10:267  0:003  === [ PatchACPI ] ===============================
10:271  0:003  OCABC: AllocPages 1 0x7A345000 (1) - Success
10:275  0:003  Xsdt reallocation done
10:279  0:003  OCABC: AllocPages 1 0x7A344000 (1) - Success
10:283  0:003  old FADT length=114
10:287  0:003   SignatureFixup: 0xFA76D5ED -> 0x0
10:291  0:004  OCABC: AllocPages 1 0x7A2F5000 (79) - Success
10:295  0:004  Apply DsdtFixMask=0x00000004
10:299  0:004  === [ FixBiosDsdt ] =============================
10:304  0:004  Patching DSDT:
10:308  0:003   - [change EC0 to EC]: pattern 4543305F, patched at: [ (F96F) ]
10:328  0:020   - [change HECI to IMEI]: pattern 48454349, patched at: [ (18CAE) ]
10:350  0:021  PreCleanup XSDT: count=24, length=228
10:354  0:004  PreCleanup XSDT, corrected XSDT: count=24, length=228
10:358  0:003  === [ ACPIPatchedAML ] ==========================
10:362  0:004  AutoMerge pass 1
10:366  0:003  Unsorted
10:370  0:004  Inserting SSDT-EC.aml from \EFI\CLOVER\ACPI\patched: ignore on pass 1
10:378  0:008  Inserting SSDT-PLUG-_SB.PR00.aml from \EFI\CLOVER\ACPI\patched: ignore on pass 1
10:386  0:008  Inserting SSDT-PM.aml from \EFI\CLOVER\ACPI\patched: ignore on pass 1
10:394  0:007  Inserting SSDT-PMC.aml from \EFI\CLOVER\ACPI\patched: ignore on pass 1
10:402  0:007  === [ ACPIDropTables ] ==========================
10:407  0:004  OCABC: AllocPages 1 0x7A2F3000 (2) - Success
10:410  0:003  OCABC: AllocPages 1 0x7A2F3000 (2) - Success
10:414  0:003  OCABC: AllocPages 1 0x7A2F3000 (2) - Success
10:418  0:004  OCABC: AllocPages 1 0x7A2F3000 (2) - Success
10:422  0:003  OCABC: AllocPages 1 0x7A2F3000 (2) - Success
10:426  0:004  OCABC: AllocPages 1 0x7A2F3000 (2) - Success
10:430  0:004  Patching SSDTs: 2 patches each
10:434  0:004   pattern 4543305F, bin not found / already patched!
10:442  0:007   pattern 48454349, bin not found / already patched!
10:451  0:008  OCABC: AllocPages 1 0x7A2F0000 (3) - Success
10:455  0:004  Patching SSDTs: 2 patches each
10:459  0:004   pattern 4543305F, bin not found / already patched!
10:467  0:007   pattern 48454349, bin not found / already patched!
10:475  0:008  Found OperationRegion(PNVS, SystemMemory, 7ADF3000, ...)
10:482  0:006  OCABC: AllocPages 1 0x7A2EB000 (5) - Success
10:486  0:003  Patching SSDTs: 2 patches each
10:490  0:004   pattern 4543305F, bin not found / already patched!
10:501  0:010   pattern 48454349, bin not found / already patched!
10:509  0:008  Found OperationRegion(SANV, SystemMemory, 7A3D2118, ...)
10:513  0:004  OCABC: AllocPages 1 0x7A2E7000 (4) - Success
10:517  0:004  Patching SSDTs: 2 patches each
10:521  0:003   pattern 4543305F, bin not found / already patched!
10:529  0:008   pattern 48454349, bin not found / already patched!
10:537  0:008  OCABC: AllocPages 1 0x7A2E5000 (2) - Success
10:541  0:004  OCABC: AllocPages 1 0x7A2E5000 (2) - Success
10:546  0:004  Patching SSDTs: 2 patches each
10:550  0:003   pattern 4543305F, bin not found / already patched!
10:557  0:007   pattern 48454349, bin not found / already patched!
10:566  0:008  OCABC: AllocPages 1 0x7A166000 (4) - Success
10:570  0:004  Patching SSDTs: 2 patches each
10:574  0:003   pattern 4543305F, bin not found / already patched!
10:582  0:007   pattern 48454349, bin not found / already patched!
10:590  0:007  OCABC: AllocPages 1 0x7A2E3000 (2) - Success
10:594  0:004  OCABC: AllocPages 1 0x7A2E3000 (2) - Success
10:598  0:004  OCABC: AllocPages 1 0x7A162000 (4) - Success
10:602  0:003  Patching SSDTs: 2 patches each
10:606  0:004   pattern 4543305F, bin not found / already patched!
10:614  0:008   pattern 48454349, bin not found / already patched!
10:622  0:007  OCABC: AllocPages 1 0x7A2E3000 (2) - Success
10:626  0:004  Patching SSDTs: 2 patches each
10:630  0:004   pattern 4543305F, bin not found / already patched!
10:638  0:007   pattern 48454349, bin not found / already patched!
10:646  0:008  OCABC: AllocPages 1 0x7A160000 (2) - Success
10:650  0:003  OCABC: AllocPages 1 0x7A160000 (2) - Success
10:654  0:003  OCABC: AllocPages 1 0x7A15F000 (3) - Success
10:658  0:004  Patching SSDTs: 2 patches each
10:662  0:003   pattern 4543305F, bin not found / already patched!
10:670  0:007   pattern 48454349, bin not found / already patched!
10:678  0:007  OCABC: AllocPages 1 0x7A15D000 (2) - Success
10:682  0:003  Patching SSDTs: 2 patches each
10:686  0:004   pattern 4543305F, bin not found / already patched!
10:694  0:008   pattern 48454349, bin not found / already patched!
10:702  0:008  Found OperationRegion(ADHD, SystemMemory, 78CD0000, ...)
10:706  0:003  Found OperationRegion(ABLK, SystemMemory, 78CD0020, ...)
10:710  0:003  OCABC: AllocPages 1 0x7A14D000 (16) - Success
10:714  0:004  OCABC: AllocPages 1 0x7A15B000 (2) - Success
10:718  0:004  OCABC: AllocPages 1 0x7A15B000 (2) - Success
10:722  0:004  === [ ACPIPatchedAML ] ==========================
10:726  0:004  AutoMerge pass 2
10:730  0:004  Unsorted
10:734  0:003  Inserting SSDT-EC.aml from \EFI\CLOVER\ACPI\patched: size=91 OCABC: AllocPages 1 0x7A15C000 (1) - Success
... Success
10:751  0:016  Inserting SSDT-PLUG-_SB.PR00.aml from \EFI\CLOVER\ACPI\patched: size=166 OCABC: AllocPages 1 0x7A15B000 (1) - Success
... Success
10:767  0:016  Inserting SSDT-PM.aml from \EFI\CLOVER\ACPI\patched: size=198 OCABC: AllocPages 1 0x7A15A000 (1) - Success
... Success
10:784  0:016  Inserting SSDT-PMC.aml from \EFI\CLOVER\ACPI\patched: size=143 OCABC: AllocPages 1 0x7A159000 (1) - Success
... Success
10:804  0:019  ApicCPUNum=1
10:807  0:003  Maximum control=0x24
10:811  0:003  Turbo control=0x31
10:815  0:004  P-States: min 0x8, max 0x31
10:820  0:004  SSDT with plugin-type without P-States is generated
10:827  0:007  OCABC: AllocPages 1 0x7A158000 (1) - Success
10:834  0:007  Cleanup XSDT: count=29, length=268
10:838  0:003  corrected XSDT count=29, length=268
10:842  0:003  === [ RestSetup macOS ] =========================
10:846  0:004  ATI injection not set
10:850  0:004  Intel UHD Graphics 630 [8086:3E98] :: PciRoot(0x0)\Pci(0x2,0x0)
10:854  0:004    Intel: no default properties
10:858  0:003  Intel GFX revision  = 0x0
10:862  0:004   RCBA disabled; cannot use it
10:866  0:004   setting specified layout-id=1 (0x1)
10:870  0:004  stringlength = 458
10:874  0:003  OCABC: AllocPages 1 0x7A157000 (1) - Success
10:878  0:004  CurrentMode: Width=1366 Height=768
10:885  0:006  SetNvramVariable (system-id, 4D1EDE05-38C7-4A6A-9CC6-4BCCA8B38C14, 0x2, 16): -> writing new (Success)
10:897  0:011  SetNvramVariable (MLB, 4D1EDE05-38C7-4A6A-9CC6-4BCCA8B38C14, 0x6, 17): -> writing new (Success)
10:906  0:008  SetNvramVariable (ROM, 4D1EDE05-38C7-4A6A-9CC6-4BCCA8B38C14, 0x6, 6): -> writing new (Success)
10:915  0:008  SetNvramVariable (FirmwareFeatures, 4D1EDE05-38C7-4A6A-9CC6-4BCCA8B38C14, 0x6, 4): -> writing new (Success)
10:923  0:008  SetNvramVariable (FirmwareFeaturesMask, 4D1EDE05-38C7-4A6A-9CC6-4BCCA8B38C14, 0x6, 4): -> writing new (Success)
10:932  0:008  SetNvramVariable (ExtendedFirmwareFeatures, 4D1EDE05-38C7-4A6A-9CC6-4BCCA8B38C14, 0x6, 8): -> writing new (Success)
10:941  0:008  SetNvramVariable (ExtendedFirmwareFeaturesMask, 4D1EDE05-38C7-4A6A-9CC6-4BCCA8B38C14, 0x6, 8): -> writing new (Success)
10:950  0:008  AddNvramVariable (HW_BID, 4D1EDE05-38C7-4A6A-9CC6-4BCCA8B38C14, 0x6, 20): -> writing new (Success)
10:959  0:009  AddNvramVariable (security-mode, 7C436110-AB2A-4BBB-A880-FE41995C9F82, 0x7, 5): -> already exists, abort
10:967  0:008  set DefaultBackgroundColor=0xfbfbfb
10:972  0:005  SetNvramVariable (DefaultBackgroundColor, 4D1EDE05-38C7-4A6A-9CC6-4BCCA8B38C14, 0x7, 4): -> writing new (Success)
10:985  0:012  SetNvramVariable (ActualDensity, 7C436110-AB2A-4BBB-A880-FE41995C9F82, 0x7, 2): exists(0x7, 2), equal -> not writing again.
10:997  0:012  SetNvramVariable (DensityThreshold, 7C436110-AB2A-4BBB-A880-FE41995C9F82, 0x7, 2): exists(0x7, 2), equal -> not writing again.
11:009  0:012  SetNvramVariable (gfx-saved-config-restore-status, 4D1EDE05-38C7-4A6A-9CC6-4BCCA8B38C14, 0x7, 8): exists(0x7, 8), equal -> not writing again.
11:022  0:012  DeleteNvramVariable (UIScale, 4D1EDE05-38C7-4A6A-9CC6-4BCCA8B38C14):
11:027  0:004  DeleteNvramVariable (EFILoginHiDPI, 7C436110-AB2A-4BBB-A880-FE41995C9F82):
11:031  0:003  SetNvramVariable (flagstate, 7C436110-AB2A-4BBB-A880-FE41995C9F82, 0x7, 32): exists(0x7, 32), equal -> not writing again.
11:043  0:012  SetNvramVariable (csr-active-config, 7C436110-AB2A-4BBB-A880-FE41995C9F82, 0x7, 4): exists(0x7, 4), equal -> not writing again.
11:056  0:012  SetNvramVariable (BridgeOSHardwareModel, 4D1EDE05-38C7-4A6A-9CC6-4BCCA8B38C14, 0x7, 11): exists(0x7, 11), equal -> not writing again.
11:069  0:012  DeleteNvramVariable (bootercfg, 7C436110-AB2A-4BBB-A880-FE41995C9F82):
11:073  0:004  DeleteNvramVariable (nvda_drv, 7C436110-AB2A-4BBB-A880-FE41995C9F82):
11:078  0:004  DeleteNvramVariable (recovery-boot-mode, 7C436110-AB2A-4BBB-A880-FE41995C9F82):
11:083  0:004  AddNvramVariable (wake-failure, 7C436110-AB2A-4BBB-A880-FE41995C9F82, 0x7, 5): -> already exists, abort
11:092  0:009  DeleteNvramVariable (opencore-version, 7C436110-AB2A-4BBB-A880-FE41995C9F82):
11:097  0:005  DeleteNvramVariable (ApBoardID, 94B73556-2197-4702-82A8-3E1337DAFBFB):
11:101  0:004  DeleteNvramVariable (ApSecurityDomain, 94B73556-2197-4702-82A8-3E1337DAFBFB):
11:106  0:004  DeleteNvramVariable (ApProductionStatus, 94B73556-2197-4702-82A8-3E1337DAFBFB):
11:111  0:005  DeleteNvramVariable (ApSecurityMode, 94B73556-2197-4702-82A8-3E1337DAFBFB):
11:116  0:004  DeleteNvramVariable (EffectiveProductionStatus, 94B73556-2197-4702-82A8-3E1337DAFBFB):
11:121  0:004  DeleteNvramVariable (EffectiveSecurityMode, 94B73556-2197-4702-82A8-3E1337DAFBFB):
11:128  0:007  DeleteNvramVariable (CertificateEpoch, 94B73556-2197-4702-82A8-3E1337DAFBFB):
11:135  0:007  DeleteNvramVariable (MixNMatchPreventionStatus, 94B73556-2197-4702-82A8-3E1337DAFBFB):
11:140  0:004  DeleteNvramVariable (CryptoDigestMethod, 94B73556-2197-4702-82A8-3E1337DAFBFB):
11:148  0:007  DeleteNvramVariable (InternalUseOnlyUnit, 94B73556-2197-4702-82A8-3E1337DAFBFB):
11:153  0:004  DeleteNvramVariable (ApECID, 94B73556-2197-4702-82A8-3E1337DAFBFB):
11:158  0:004  DeleteNvramVariable (HardwareModel, 94B73556-2197-4702-82A8-3E1337DAFBFB):
11:162  0:003  Use origin smbios table type 1 guid.
11:184  0:022  DeleteNvramVariable (efi-boot-device, 7C436110-AB2A-4BBB-A880-FE41995C9F82):
11:189  0:004  DeleteNvramVariable (efi-boot-device-data, 7C436110-AB2A-4BBB-A880-FE41995C9F82):
11:194  0:004  DeleteNvramVariable (BootCampHD, 7C436110-AB2A-4BBB-A880-FE41995C9F82):
11:198  0:003  Custom boot screen not used because entry has unset use graphics
11:204  0:005  DeleteNvramVariable (IOHibernateRTCVariables, 7C436110-AB2A-4BBB-A880-FE41995C9F82):
11:208  0:004  DeleteNvramVariable (boot-image, 7C436110-AB2A-4BBB-A880-FE41995C9F82):
11:213  0:004  Kernel quirks
11:217  0:004  ACPCL 1 AXCL 1 AXEM 0 AXFB 0 CSG 0 DIM 0 DLJ 0 DRC 1 DPM 0 EBTFF 0 EDI 0 FAI 0 IPBS 0 LKP 0 PNKD 0 PTKP 0 TPD 0 XPL 0 PCC 0
11:221  0:004  Closing log
11:225  0:004  OCABC: AllocPages 2 0x91000 (14) - Success
11:229  0:004  OCABC: AllocPages 2 0x6F7C8000 (14) - Success
11:236  0:006  OCABC: Found safe mode legacy p1 at off 67E6
11:240  0:003  OCABC: Trying safe mode next legacy match
11:244  0:004  OCABC: Found safe mode legacy p1 at off 6967
11:248  0:004  OCABC: Trying safe mode next legacy match
11:253  0:004  OCABC: Found safe mode legacy p1 at off 2589F
11:257  0:004  OCABC: Trying safe mode next legacy match
11:261  0:003  OCABC: Found safe mode legacy p1 at off 2590C
11:265  0:004  OCABC: Trying safe mode next legacy match
11:272  0:006  OCABC: Failed to find safe mode sequence
11:276  0:003  OCABC: AllocPages 2 0x77848000 (512) - Success
11:280  0:004  OCABC: AllocPages 2 0x77847000 (1) - Success
11:284  0:003  OC: Supported boot capabilities 4
11:289  0:004  OCOS: OS set: <null> Mac OS X 10.12
11:292  0:003  OCOS: OS set: Apple Inc. Mac OS X 10.12
11:297  0:004  OCOS: Should use black background
11:301  0:004  OCABC: AllocPages 1 0x6D371000 (1) - Success
11:309  0:008  OC: Opening file System\Library\Kernels\kernel with 1 mode gave - Success
11:313  0:004  OC: Opening file \System\Library\CoreServices\com.apple.Boot.plist with 1 mode gave - Not Found
11:317  0:004  OC: Opening file Library\Preferences\SystemConfiguration\com.apple.Boot.plist with 1 mode gave - Success
11:324  0:006  OC: Opening file \System\Library\CoreServices\PlatformSupport.plist with 1 mode gave - Success
11:328  0:004  OCABC: AllocPages 2 0x1C100000 (121199) - Success
11:334  0:005  OC: Opening file \System\Library\CoreServices\boot.efi with 1 mode gave - Success
11:343  0:009  OC: Opening file System\Library\PrelinkedKernels\prelinkedkernel.development with 1 mode gave - Not Found
11:350  0:006  OC: Opening file System\Library\PrelinkedKernels\prelinkedkernel with 1 mode gave - Success
11:354  0:004  OC: Load and reserve Kext Other\FakeSMC.kext
11:358  0:004  OC: Load and reserve Kext Other\USBMapDummy.kext
11:363  0:004  OC: Load and reserve Kext Other\RadeonMonitor.kext
11:367  0:004  OC: Load and reserve Kext Other\IntelCPUMonitor.kext
11:371  0:004  OC: Kext reservation size info 506000 exe 3B000
11:375  0:004  OC: Trying 64-bit XNU hook on System\Library\PrelinkedKernels\prelinkedkernel
11:734  0:358  OCAK: Compressed result has 678B4018 magic
11:738  0:003  OCAK: Found 64-bit Mach-O compressed 1 offset 28 size 89632768
11:742  0:004  OC: Result of 64-bit XNU hook on System\Library\PrelinkedKernels\prelinkedkernel (00000000) is Success
11:784  0:042  OCAK: Read kernel version 18.7.0 (180700)
11:790  0:005  OCAK: 64-bit patcher base 0xFFFFFF8000200000 kmod 0x0 file 0x0
11:795  0:004  OCAK: Zeroing _xcpm_core_scope_msrs 0xE2 applicable CPUs (76)
11:798  0:003  OCAK: Zeroing _xcpm_core_scope_msrs 0xE2 applicable CPUs (13200)
11:802  0:003  OCAK: Zeroing _xcpm_core_scope_msrs 0xE2 applicable CPUs (16384)
11:807  0:004  Replace B9E20000000F30 by B9E20000009090 at ofs:2F0
11:874  0:067  Replace B9E20000000F30 by B9E20000009090 at ofs:347
11:941  0:067  OCAK: 64-bit XcpmCfgLockRel replace count - 2
11:945  0:003  OCAK: [OK] Success XcpmCfgLock patch
11:982  0:036  OCAK: Reducing 64-bit prelink size from 557B000 to 52A6000 via plist
11:986  0:004  OCAK: org.netkas.FakeSMC got KXLD 0 0
11:991  0:004  OCAK: Requesting __LINKEDIT for org.netkas.FakeSMC - 6CB5A398 at 52A6000
11:995  0:003  OCAK: Requesting SymbolTable for org.netkas.FakeSMC - 601
11:999  0:004  OCAK: Requesting __LINKEDIT for __kernel__ - 0 at 0
12:003  0:003  OCAK: Requesting SymbolTable for __kernel__ - 24450
12:019  0:016  OCAK: com.apple.iokit.IOACPIFamily got KXLD 0 0
12:023  0:003  OCAK: Requesting __LINKEDIT for com.apple.iokit.IOACPIFamily - 692BC398 at 1A08000
12:027  0:003  OCAK: Requesting SymbolTable for com.apple.iokit.IOACPIFamily - 167
12:031  0:003  OCAK: com.apple.kpi.unsupported got KXLD 0 0
12:035  0:003  OCAK: Requesting __LINKEDIT for com.apple.kpi.unsupported - 68865038 at FB1000
12:039  0:004  OCAK: Requesting SymbolTable for com.apple.kpi.unsupported - 263
12:043  0:003  OCAK: com.apple.kpi.iokit got KXLD 0 0
12:047  0:004  OCAK: Requesting __LINKEDIT for com.apple.kpi.iokit - 68800038 at F4C000
12:054  0:006  OCAK: Requesting SymbolTable for com.apple.kpi.iokit - 2192
12:058  0:004  OCAK: com.apple.kpi.libkern got KXLD 0 0
12:062  0:003  OCAK: Requesting __LINKEDIT for com.apple.kpi.libkern - 687E0038 at F2C000
12:066  0:004  OCAK: Requesting SymbolTable for com.apple.kpi.libkern - 905
12:070  0:004  OCAK: com.apple.kpi.private got KXLD 0 0
12:076  0:006  OCAK: Requesting __LINKEDIT for com.apple.kpi.private - 687F2038 at F3E000
12:080  0:003  OCAK: Requesting SymbolTable for com.apple.kpi.private - 977
12:085  0:004  OCAK: com.apple.kpi.mach got KXLD 0 0
12:089  0:003  OCAK: Requesting __LINKEDIT for com.apple.kpi.mach - 687EE038 at F3A000
12:093  0:004  OCAK: Requesting SymbolTable for com.apple.kpi.mach - 70
12:106  0:012  OC: Prelinked injection Other\FakeSMC.kext () - Success
12:110  0:004  OC: Prelinked injection Other\USBMapDummy.kext () - Success
12:114  0:004  OCAK: org.slice.RadeonMonitor got KXLD 0 0
12:118  0:004  OCAK: Requesting __LINKEDIT for org.slice.RadeonMonitor - 6CB72398 at 52BE000
12:122  0:003  OCAK: Requesting SymbolTable for org.slice.RadeonMonitor - 372
12:126  0:003  OCAK: com.apple.iokit.IOPCIFamily got KXLD 0 0
12:130  0:003  OCAK: Requesting __LINKEDIT for com.apple.iokit.IOPCIFamily - 6886B3E8 at FB7000
12:134  0:004  OCAK: Requesting SymbolTable for com.apple.iokit.IOPCIFamily - 683
12:141  0:006  OCAK: Requesting SymbolTable for org.netkas.FakeSMC - 191
12:151  0:010  OC: Prelinked injection Other\RadeonMonitor.kext () - Success
12:155  0:004  OCAK: org.slice.IntelCPUMonitor got KXLD 0 0
12:159  0:003  OCAK: Requesting __LINKEDIT for org.slice.IntelCPUMonitor - 6CB833E8 at 52CF000
12:163  0:004  OCAK: Requesting SymbolTable for org.slice.IntelCPUMonitor - 363
12:172  0:009  OC: Prelinked injection Other\IntelCPUMonitor.kext () - Success
12:177  0:004  OC: Prelink size 86904832 kext offset 86663168 reserved 241664
12:193  0:016  OCAK: com.apple.driver.AppleIntelCPUPowerManagement got KXLD 0 0
12:197  0:004  OCAK: [OK] Success AppleCpuPmCfgLock patch
12:202  0:004  OCAK: com.apple.driver.AppleRTC got KXLD 0 0
12:206  0:004  Replace BE58000000/FFFEFFFFFF(BE58000000) by BEFFFF0000 at ofs:1BF8
12:310  0:103  Replace BE58000000/FFFEFFFFFF(BE59000000) by BEFFFF0000 at ofs:1C08
12:414  0:104  Replace BE58000000/FFFEFFFFFF(BE58000000) by BEFFFF0000 at ofs:1EB7
12:522  0:107  Replace BE58000000/FFFEFFFFFF(BE59000000) by BEFFFF0000 at ofs:1EC8
12:624  0:101  OCAK: 64-bit DisableRtcChecksum64 replace count - 4
12:627  0:003  OCAK: [OK] Patch success com.apple.driver.AppleRTC DisableRtcChecksum
12:733  0:106  OC: Prelinked status - Success
12:778  0:044  FixOwnership() -> begin
12:782  0:003  PCI Io found 18
12:786  0:003  USB XHCI reset for device A36D
12:789  0:003  ExtendCap=00008000
12:793  0:003    Value=02000802
12:797  0:003    Value=03011402
12:800  0:003    Value=005CFFC0
12:804  0:003    Value=00002201
