0:100  0:100  MemLog inited, TSC freq: 3604605660
0:100  0:000  CPU was calibrated with RTC
0:100  0:000  CloverX64 : Image base = 0x6D397000
0:100  0:000  Clover ImageHandle = 76245098
0:101  0:001  SelfDirPath = \EFI\CLOVER
0:103  0:001  === [ Starting Clover ] =========================
0:103  0:000  Now is 25.11.2024,  18:48:18 (GMT)
0:103  0:000  Starting Clover revision: 5160 (master, commit 7b08a616e) on American Megatrends EFI
0:103  0:000  Build id: 20240909210805-7b08a61-dirty
0:103  0:000  Build with: [Args: -D NO_GRUB_DRIVERS_EMBEDDED -D LESS_DEBUG -t GCC131 | --cmd-len=50000 -D NO_GRUB_DRIVERS_EMBEDDED -D LESS_DEBUG --conf=/Users/sergey/src/CloverBootloader/Conf -D USE_LOW_EBDA -a X64 -b RELEASE -t GCC131 -n 5 | OS: 15]
0:103  0:000  === [ Get Smbios ] ==============================
0:103  0:000  Type 16 Index = 0
0:103  0:000  Total Memory Slots Count = 4
0:103  0:000  Type 17 Index = 0
0:103  0:000  SmbiosTable.Type17->SlotIndex = 0
0:103  0:000  SmbiosTable.Type17->ModuleSize = 8192MB
0:103  0:000  SmbiosTable.Type17->Type = 0
0:103  0:000  SmbiosTable.Type17->Frequency = 3200MHz
0:103  0:000  SmbiosTable.Type17->Bank/Device = BANK 0 ChannelA-DIMM1
0:103  0:000  SmbiosTable.Type17->Vendor = Corsair
0:103  0:000  SmbiosTable.Type17->SerialNo = 00000000
0:103  0:000  SmbiosTable.Type17->PartNo = CMK16GX4M2K4266C19
0:103  0:000  Type 17 Index = 1
0:103  0:000  SmbiosTable.Type17->SlotIndex = 1
0:103  0:000  SmbiosTable.Type17->ModuleSize = 8192MB
0:103  0:000  SmbiosTable.Type17->Type = 0
0:103  0:000  SmbiosTable.Type17->Frequency = 3200MHz
0:103  0:000  SmbiosTable.Type17->Bank/Device = BANK 1 ChannelA-DIMM2
0:103  0:000  SmbiosTable.Type17->Vendor = Corsair
0:103  0:000  SmbiosTable.Type17->SerialNo = 00000000
0:103  0:000  SmbiosTable.Type17->PartNo = CMK16GX4M2K4266C19
0:103  0:000  Type 17 Index = 2
0:103  0:000  Ignoring insane frequency value 0MHz
0:103  0:000  Type 17 Index = 3
0:103  0:000  Ignoring insane frequency value 0MHz
0:103  0:000  Boot status=0
0:103  0:000  Running on: 'System Product Name' with board 'PRIME Z390-A'
0:103  0:000  === [ GetCPUProperties ] ========================
0:103  0:000  CPU Vendor = 756E6547 Model=906EC
0:103  0:000   The CPU supported SSE4.1
0:103  0:000   The CPU supported RDRAND
0:103  0:000  BrandString = Intel(R) Core(TM) i7-9700K CPU @ 3.60GHz
0:103  0:000   The CPU supported turbo
0:103  0:000   Energy PerfBias is  visible:
0:103  0:000  MSR 0x35               80008
0:103  0:000   TSC/CCC Information Leaf:
0:103  0:000    numerator     : 300
0:103  0:000    denominator   : 2
0:103  0:000   Calibrated ARTFrequency: 24030704
0:103  0:000   Rounded ARTFrequency: 24000000
0:103  0:000  MSR 0xE2 before patch 1E000000
0:103  0:000  MSR 0xCE              08080838_F1012400
0:103  0:000  corrected FLEX_RATIO = E0000
0:103  0:000  MSR 0x1B0             00000000
0:103  0:000  FSBFrequency = 108 MHz, DMI FSBFrequency = 100 MHz, Corrected FSBFrequency = 100 MHz
0:103  0:000  MaxDiv/MinDiv: 36.0/8
0:103  0:000  Turbo: 47/49/49/49
0:103  0:000  Features: 0x77FAFBFFBFEBFBFF
0:103  0:000  Threads: 8
0:103  0:000  Cores: 8
0:103  0:000  FSB: 100 MHz
0:103  0:000  CPU: 3861 MHz
0:103  0:000  TSC: 3861 MHz
0:103  0:000  PIS: 100 MHz
0:103  0:000  ExternalClock: 25 MHz
0:103  0:000  === [ GetDevices ] ==============================
0:103  0:000  GOP found at: PciRoot(0x0)/Pci(0x1,0x0)/Pci(0x0,0x0)/AcpiAdr(0x80010302)
0:103  0:000  PCI (00|00:00.00) : 8086 3E30 class=060000
0:103  0:000  PCI (00|00:01.00) : 8086 1901 class=060400
0:103  0:000  PCI (00|01:00.00) : 1002 67DF class=030000
0:103  0:000   - GFX: Model=AMD Radeon RX 480/570/580 (ATI/AMD)
0:103  0:000   - GOP: Provided by device
0:103  0:000  PCI (00|01:00.01) : 1002 AAF0 class=040300
0:103  0:000   - HDMI Audio: 
0:103  0:000  PCI (00|00:02.00) : 8086 3E98 class=038000
0:103  0:000   - GFX: Model=Intel UHD Graphics 630 (Intel)
0:103  0:000  PCI (00|00:14.00) : 8086 A36D class=0C0330
0:103  0:000  PCI (00|00:14.02) : 8086 A36F class=050000
0:103  0:000  PCI (00|00:16.00) : 8086 A360 class=078000
0:104  0:000  PCI (00|00:17.00) : 8086 A352 class=010601
0:104  0:000  PCI (00|00:1B.00) : 8086 A340 class=060400
0:104  0:000  PCI (00|00:1C.00) : 8086 A338 class=060400
0:104  0:000  PCI (00|00:1D.00) : 8086 A330 class=060400
0:104  0:000  PCI (00|04:00.00) : 144D A808 class=010802
0:104  0:000  PCI (00|00:1F.00) : 8086 A305 class=060100
0:104  0:000  PCI (00|00:1F.03) : 8086 A348 class=040300
0:104  0:000  PCI (00|00:1F.04) : 8086 A323 class=0C0500
0:104  0:000  PCI (00|00:1F.05) : 8086 A324 class=0C8000
0:104  0:000  PCI (00|00:1F.06) : 8086 15BC class=020000
0:104  0:000   - LAN: 1 Vendor=Intel
0:104  0:000  Legacy MAC address of LAN #0= 40:B0:76:DE:9E:93:
0:104  0:000  _checkOEMPath Look for oem dir at path '\EFI\CLOVER\OEM\System Product Name--40-B0-76-DE-9E-93'. Dir doesn't exist.
0:104  0:000  _checkOEMPath Look for oem dir at path '\EFI\CLOVER\OEM\PRIME Z390-A\UEFI'. Dir doesn't exist.
0:104  0:000  _checkOEMPath Look for oem dir at path '\EFI\CLOVER\OEM\System Product Name'. Dir doesn't exist.
0:104  0:000  _checkOEMPath Look for oem dir at path '\EFI\CLOVER\OEM\System Product Name-3861'. Dir doesn't exist.
0:104  0:000  _checkOEMPath Look for oem dir at path '\EFI\CLOVER\OEM\PRIME Z390-A'. Dir doesn't exist.
0:104  0:000  _checkOEMPath Look for oem dir at path '\EFI\CLOVER\OEM\PRIME Z390-A-3861'. Dir doesn't exist.
0:104  0:000  === [ GetUserSettings ] =========================
0:104  0:000  GetDefaultModel()=iMac18,3
0:104  0:000  === [ LoadUserSettings ] ========================
0:105  0:000  Using config.plist at path: \EFI\CLOVER
0:105  0:000  There is a problem in plist '\EFI\CLOVER\config.plist'
0:105  0:000  Warning: EfiVersion '1037.100.345.0.0' is older than default ('1968.100.16.0.1') -> ignored. Dict '/SMBIOS:296'.
0:105  0:000  Use CloverConfigPlistValidator or look in the log
3:102  2:996  === [ LoadUserSettings ] ========================
3:102  0:000  Cannot find smbios.plist at path '\EFI\CLOVER' : Not Found
3:102  0:000  '\EFI\CLOVER\smbios.plist' not loaded. Efi error Not Found
3:102  0:000  create SMBIOS list, found 27 dicts
3:102  0:000  ... ACPI
3:102  0:000  ... Boot
3:102  0:000  ... BootGraphics
3:102  0:000  ... Devices
3:102  0:000  ... DisableDrivers
3:102  0:000  ... GUI
3:102  0:000  ... Graphics
3:102  0:000  ... KernelAndKextPatches
3:102  0:000  ... SMBIOS
3:102  0:000  ... SystemParameters
3:102  0:000  ... RtVariables
3:102  0:000  ... Quirks
3:102  0:000  get model from config.plist
3:102  0:000  Using latest BiosVersion from config instead of default 'IM191.88Z.F000.B00.2302212211'
3:116  0:013  Using latest BiosReleaseDate from config instead of default '02/21/2023'
3:120  0:004  BiosVersion: IM191.88Z.F000.B00.2308061817
3:124  0:004  BiosReleaseDate: 08/06/2023
3:128  0:003  EfiVersion: 1968.100.16.0.1
3:131  0:003  Calibrated TSC Frequency = 3604605660 = 3604MHz
3:135  0:004  === [ GetListOfThemes ] =========================
3:139  0:004  - [00]: random
3:148  0:008  - [00]: embedded
3:156  0:008  === [ Found config plists ] =====================
3:160  0:004  - config.plist
3:164  0:003  - config-sample.plist
3:168  0:004  - config_old.plist
3:172  0:004  === [ LoadDrivers ] =============================
3:177  0:004  Loading NvmExpressDxe.efi status=Success
3:191  0:014   - driver needs connecting
3:196  0:004  Loading EnglishDxe.efi status=Success
3:210  0:014  Loading AppleKeyFeeder.efi status=Success
3:224  0:014  Loading VBoxHfs.efi status=Success
3:239  0:014   - driver needs connecting
3:243  0:004  Loading HashServiceFix.efi status=Success
3:257  0:014  Loading PartitionDxe.efi status=Success
3:271  0:014   - driver needs connecting
3:275  0:003  Loading ApfsDriverLoader.efi status=Success
3:289  0:014   - driver needs connecting
3:294  0:004  4 drivers needs connecting ...
3:294  0:000  PlatformDriverOverrideProtocol not found. Installing ... Success
3:294  0:000  Partition driver loaded: 
3:295  0:000  HFS+ driver loaded
3:295  0:000  APFS driver loaded
3:295  0:000  Searching for invalid DiskIo BY_DRIVER connects: not found, all ok
3:534  0:238  === [ InitScreen ] ==============================
3:538  0:004  Console modes reported: 4, available modes:
3:542  0:003   - [01]: 80x25 (current mode)
3:546  0:004   - [03]: 100x31
3:550  0:004   - [04]: 170x40
3:554  0:004  SetScreenResolution: 1920x1080 - not found!
3:562  0:007  SetMaxResolution: found best mode 0: 1366x768
3:570  0:008   - already set
3:575  0:005  Using embedded font
3:580  0:004  === [ ScanSPD ] =================================
3:584  0:004  SMBus device : 8086 A323 class=0C0500 status=Success
3:589  0:004  SMBus CmdReg: 0x3
3:593  0:004  Scanning SMBus [8086:A323], mmio: 0x12116004, ioport: 0xEFA0, hostc: 0x11
3:597  0:004  Slots to scan [8]...
3:601  0:004  SPD[0]: Got invalid type 0 @0x50. Will set page and retry.
3:606  0:004  SPD[0]: Type 12 @0x50
3:628  0:021  XMP Profile1: 4*125 -31 ns
3:632  0:004  Found module with XMP version 2.0
3:636  0:004  Using XMP Profile1 instead of standard frequency 2132MHz
3:640  0:004  DDR speed 4264MHz
3:644  0:003  Slot: 0 Type 26 8192MB 4264MHz Vendor=Corsair PartNo=CMK16GX4M2K4266C19 SerialNo=00000000
3:648  0:004  SPD[1]: Type 12 @0x51
3:670  0:021  XMP Profile1: 4*125 -31 ns
3:674  0:004  Found module with XMP version 2.0
3:678  0:004  Using XMP Profile1 instead of standard frequency 2132MHz
3:682  0:003  DDR speed 4264MHz
3:686  0:003  Slot: 1 Type 26 8192MB 4264MHz Vendor=Corsair PartNo=CMK16GX4M2K4266C19 SerialNo=00000000
3:691  0:005  === [ GetAcpiTablesList ] =======================
3:695  0:003  Get Acpi Tables List from RSDT: count=25
3:703  0:008   - [00]: FACP  A M I  len=132
3:707  0:003   - [01]: APIC  A M I  len=188
3:711  0:003   - [02]: FPDT  A M I  len=68
3:715  0:004   - [03]: FIDT  A M I len=156
3:719  0:004   - [04]: MCFG  A M I  len=60
3:723  0:004   - [05]: WSMT  A M I  len=40
3:727  0:003   - [06]: SSDT  SataTabl len=888
3:731  0:003   - [07]: SSDT  CpuSsdt len=6101
3:736  0:005   - [08]: SSDT  SaSsdt  len=12443
3:740  0:004   - [09]: SSDT  PegSsdt len=9048
3:745  0:004   - [10]: HPET  A M I  len=56
3:749  0:004   - [11]: SSDT  Ther_Rvp len=3998
3:753  0:004   - [12]: SSDT  xh_cfsd4 len=10579
3:757  0:003   - [13]: UEFI  A M I  len=72
3:760  0:003   - [14]: LPIT  A M I  len=92
3:764  0:003   - [15]: SSDT  PtidDevc len=10206
3:768  0:003   - [16]: SSDT  TbtTypeC len=4094
3:772  0:003   - [17]: DBGP  A M I  len=52
3:776  0:004   - [18]: DBG2  A M I  len=84
3:780  0:004   - [19]: SSDT  UsbCTabl len=6449
3:785  0:004   - [20]: SSDT  ADebTabl len=324
3:789  0:003   - [21]: VFCT  A M I  len=59524
3:793  0:004   - [22]: BGRT  A M I  len=56
3:797  0:003   - [23]: WPBT  A M I len=60
3:801  0:003   - [24]: TPM2  A M I  len=52
3:805  0:004   - [00]: Drop table : MATS,                0 :  no
3:813  0:007   - [01]: Drop table : DMAR,                0 :  no
3:821  0:008  Custom boot CUSTOM_BOOT_DISABLED (0x0)
3:825  0:003  Default theme: embedded
3:829  0:004  Set FakeCPUID: 0x0
3:834  0:004  === [ Found DSDT tables ] =======================
3:839  0:004  === [ InitKextList ] ============================
3:844  0:004  Added Kext=Other\USBMap.kext (1.0)
3:848  0:004  Added Kext=Other\FakeSMC.kext (3.5.6)
3:853  0:004  Added Kext=Other\NVMeFix.kext (1.1.0)
3:860  0:006  === [ ScanVolumes ] =============================
3:865  0:005  Found 12 volumes with blockIO
3:869  0:003  - [00]: Volume: PciRoot(0x0)\Pci(0x17,0x0)\Sata(0x0,0xFFFF,0x0)
3:877  0:008  - [01]: Volume: PciRoot(0x0)\Pci(0x17,0x0)\Sata(0x0,0xFFFF,0x0)\HD(1,GPT,38DCC513-D608-408E-9D2F-1469C8B906A0,0x28,0x64000)
3:886  0:008          Result of bootcode detection: bootable unknown (legacy)
3:891  0:005            label : EFI
3:895  0:004  - [02]: Volume: PciRoot(0x0)\Pci(0x17,0x0)\Sata(0x0,0xFFFF,0x0)\HD(2,GPT,C20AA839-E88E-4CED-8CAB-9480B290394C,0x64028,0x15D466360)
3:919  0:023            label : Dati
3:923  0:003  - [03]: Volume: PciRoot(0x0)\Pci(0x1D,0x0)\Pci(0x0,0x0)\NVMe(0x1,CA-8F-B2-81-58-38-25-00)
3:931  0:008  - [04]: Volume: PciRoot(0x0)\Pci(0x1D,0x0)\Pci(0x0,0x0)\NVMe(0x1,CA-8F-B2-81-58-38-25-00)\HD(1,GPT,6E40A227-DDED-4325-B7CE-3959620EB39E,0x28,0x64000)
3:939  0:007          Result of bootcode detection: bootable unknown (legacy)
3:944  0:005            label : EFI
3:948  0:004          This is SelfVolume !!
3:952  0:003  - [05]: Volume: PciRoot(0x0)\Pci(0x1D,0x0)\Pci(0x0,0x0)\NVMe(0x1,CA-8F-B2-81-58-38-25-00)\HD(2,GPT,9508A8C6-F9B9-4EDD-ABC7-C1C4A019C410,0x64028,0x3A321FE0)
3:960  0:007          Result of bootcode detection: bootable unknown (legacy)
3:963  0:003  - [06]: Volume: PciRoot(0x0)\Pci(0x1D,0x0)\Pci(0x0,0x0)\NVMe(0x1,CA-8F-B2-81-58-38-25-00)\HD(2,GPT,9508A8C6-F9B9-4EDD-ABC7-C1C4A019C410,0x64028,0x3A321FE0)\VenMedia(BE74FCF7-0B7C-49F3-9147-01F4042E6842,F2738F7DD5B89341BB89C99D72294438)
3:971  0:007            apfsFileSystemUUID=7D8F73F2-B8D5-4193-BB89-C99D72294438, ApfsContainerUUID=85F3C012-2D6D-4FA1-A77E-71D7470E7FA2, ApfsRole=0x10
3:976  0:004            label : Preboot
3:980  0:003  - [07]: Volume: PciRoot(0x0)\Pci(0x1D,0x0)\Pci(0x0,0x0)\NVMe(0x1,CA-8F-B2-81-58-38-25-00)\HD(2,GPT,9508A8C6-F9B9-4EDD-ABC7-C1C4A019C410,0x64028,0x3A321FE0)\VenMedia(BE74FCF7-0B7C-49F3-9147-01F4042E6842,5D6490A424B7BC4F9AC8F7A23B1C4935)
3:991  0:011            apfsFileSystemUUID=A490645D-B724-4FBC-9AC8-F7A23B1C4935, ApfsContainerUUID=85F3C012-2D6D-4FA1-A77E-71D7470E7FA2, ApfsRole=0x40
4:009  0:018            label : Macintosh HD - Dati
4:014  0:004  - [08]: Volume: PciRoot(0x0)\Pci(0x1D,0x0)\Pci(0x0,0x0)\NVMe(0x1,CA-8F-B2-81-58-38-25-00)\HD(2,GPT,9508A8C6-F9B9-4EDD-ABC7-C1C4A019C410,0x64028,0x3A321FE0)\VenMedia(BE74FCF7-0B7C-49F3-9147-01F4042E6842,B6D67091A529BA4BA6736F0E24A99093)
4:021  0:007            apfsFileSystemUUID=9170D6B6-29A5-4BBA-A673-6F0E24A99093, ApfsContainerUUID=85F3C012-2D6D-4FA1-A77E-71D7470E7FA2, ApfsRole=0x4
4:025  0:003            label : Recovery
4:029  0:003  - [09]: Volume: PciRoot(0x0)\Pci(0x1D,0x0)\Pci(0x0,0x0)\NVMe(0x1,CA-8F-B2-81-58-38-25-00)\HD(2,GPT,9508A8C6-F9B9-4EDD-ABC7-C1C4A019C410,0x64028,0x3A321FE0)\VenMedia(BE74FCF7-0B7C-49F3-9147-01F4042E6842,C30BF988C32C724BB297A45648EE79C3)
4:037  0:008            apfsFileSystemUUID=88F90BC3-2CC3-4B72-B297-A45648EE79C3, ApfsContainerUUID=85F3C012-2D6D-4FA1-A77E-71D7470E7FA2, ApfsRole=0x1
4:043  0:005            label : Macintosh HD
4:047  0:003  - [10]: Volume: PciRoot(0x0)\Pci(0x1D,0x0)\Pci(0x0,0x0)\NVMe(0x1,CA-8F-B2-81-58-38-25-00)\HD(2,GPT,9508A8C6-F9B9-4EDD-ABC7-C1C4A019C410,0x64028,0x3A321FE0)\VenMedia(BE74FCF7-0B7C-49F3-9147-01F4042E6842,982FC8B0B1F22A41B736D33F4320CF33)
4:056  0:008            apfsFileSystemUUID=B0C82F98-F2B1-412A-B736-D33F4320CF33, ApfsContainerUUID=85F3C012-2D6D-4FA1-A77E-71D7470E7FA2, ApfsRole=0xc0
4:060  0:004            label : Update
4:064  0:003  - [11]: Volume: PciRoot(0x0)\Pci(0x1D,0x0)\Pci(0x0,0x0)\NVMe(0x1,CA-8F-B2-81-58-38-25-00)\HD(2,GPT,9508A8C6-F9B9-4EDD-ABC7-C1C4A019C410,0x64028,0x3A321FE0)\VenMedia(BE74FCF7-0B7C-49F3-9147-01F4042E6842,D0BFA628AA2C7548AE15EA6E25144D32)
4:072  0:007            apfsFileSystemUUID=28A6BFD0-2CAA-4875-AE15-EA6E25144D32, ApfsContainerUUID=85F3C012-2D6D-4FA1-A77E-71D7470E7FA2, ApfsRole=0x8
4:076  0:003            label : VM
4:080  0:004  No AudioIoProtocols, status=Not Found
4:084  0:004  === [ InitXTheme ] ==============================
4:088  0:004  use Daylight theme
4:092  0:003   using embedded theme
4:105  0:012  Using embedded font
4:109  0:004  theme inited
4:113  0:003  Chosen embedded theme
4:117  0:004  found boot-args in NVRAM:keepsyms=1 alcid=11 shikigva=80, size=32
4:121  0:004  ...found arg:keepsyms=1
4:125  0:004  ...adding arg:keepsyms=1
4:129  0:003  ...found arg:alcid=11
4:133  0:003  ...adding arg:alcid=11
4:137  0:003  ...found arg:shikigva=80
4:140  0:003  ...adding arg:shikigva=80
4:144  0:003  after NVRAM boot-args=-v agdpmod=pikera keepsyms=1 alcid=11 shikigva=80 
4:148  0:004  Scanning legacy ...
4:158  0:009  === [ Dump SMC keys from NVRAM ] ================
4:162  0:003  found AppleSMC protocol
4:174  0:011     fakesmc-key-RVBF-ch8*:02 46 0F 00 00 12 
4:208  0:033     fakesmc-key-#KEY-ui32:00 00 00 11 
4:233  0:025     fakesmc-key-$Adr-ui32:00 00 03 00 
4:257  0:024     fakesmc-key-$Num-ui8:01 
4:271  0:013     fakesmc-key-RMde-char:41 
4:284  0:013     fakesmc-key-RBr -ch8*:6A 31 33 38 5F 39 00 00 
4:325  0:041     fakesmc-key-EPCI-ui32:09 D0 F0 00 
4:350  0:025     fakesmc-key-REV -ch8*:02 46 0F 00 00 12 
4:384  0:033     fakesmc-key-RPlt-ch8*:6A 31 33 38 00 00 00 00 
4:426  0:041     fakesmc-key-BEMB-flag:00 
4:439  0:013     fakesmc-key-BATP-flag:00 
4:453  0:013     fakesmc-key-BNum-ui8:00 
4:466  0:013     fakesmc-key-MSTc-ui8:00 
4:479  0:013     fakesmc-key-MSAc-ui16:00 00 
4:496  0:017     fakesmc-key-MSWr-ui8:00 
4:514  0:018     fakesmc-key-MSFW-ui8:01 00 
4:534  0:019     fakesmc-key-MSPS-ui16:00 03 
4:558  0:023  Registered 17 SMC keys
4:566  0:008  === [ ScanLoader ] ==============================
4:570  0:004  - [01]: 'EFI'
4:596  0:025  - [02]: 'Dati'
4:626  0:029  - [04]: 'EFI'
4:637  0:011        AddLoaderEntry for Volume Name=EFI, idx=0
4:642  0:004        OSVersion= 
4:646  0:003        IconName=unknown comma=-1 size=7
4:650  0:003        Full=unknown
4:654  0:003        Loader entry created for 'PciRoot(0x0)\Pci(0x1D,0x0)\Pci(0x0,0x0)\NVMe(0x1,CA-8F-B2-81-58-38-25-00)\HD(1,GPT,6E40A227-DDED-4325-B7CE-3959620EB39E,0x28,0x64000)\EFI\BOOT\BOOTX64.efi'
4:658  0:004       hiding entry: \EFI\BOOT\BOOTX64.efi
4:662  0:004        Menu entry added at index 0
4:666  0:003       hiding entry because DiskKind is DISK_KIND_INTERNAL: \EFI\BOOT\BOOTX64.efi
4:670  0:004  - [06]: 'Preboot'
4:677  0:007      ApfsContainerUUID=85F3C012-2D6D-4FA1-A77E-71D7470E7FA2
4:681  0:003      ApfsFileSystemUUID=7D8F73F2-B8D5-4193-BB89-C99D72294438
4:685  0:003      APFSTargetUUID=A490645D-B724-4FBC-9AC8-F7A23B1C4935
4:690  0:004        contentDetails name:Macintosh HD
4:694  0:004        AddLoaderEntry for Volume Name=Preboot, idx=1
4:698  0:003        OSVersion=14.4 
4:702  0:003        Check if volume Is Hibernated:
4:706  0:004        Check sleep image 'by signature':
4:710  0:004        using default sleep image name = \private\var\vm\sleepimage
4:714  0:003        cannot open sleepimage -> Not Found
4:718  0:004        hibernated: no - sign
4:722  0:003        IconName=sonoma,mac comma=6 size=10
4:726  0:003        first=os_sonoma
4:730  0:003        Second=os_mac
4:735  0:005        IconName=unknown comma=-1 size=7
4:739  0:003        Full=unknown
4:743  0:003        Loader entry created for 'PciRoot(0x0)\Pci(0x1D,0x0)\Pci(0x0,0x0)\NVMe(0x1,CA-8F-B2-81-58-38-25-00)\HD(2,GPT,9508A8C6-F9B9-4EDD-ABC7-C1C4A019C410,0x64028,0x3A321FE0)\VenMedia(BE74FCF7-0B7C-49F3-9147-01F4042E6842,F2738F7DD5B89341BB89C99D72294438)\A490645D-B724-4FBC-9AC8-F7A23B1C4935\System\Library\CoreServices\boot.efi'
4:748  0:004        Menu entry added at index 1
4:751  0:003  - [07]: 'Macintosh HD - Dati'
4:759  0:007      ApfsContainerUUID=85F3C012-2D6D-4FA1-A77E-71D7470E7FA2
4:763  0:003      ApfsFileSystemUUID=A490645D-B724-4FBC-9AC8-F7A23B1C4935
4:767  0:004  - [08]: 'Recovery'
4:775  0:007      ApfsContainerUUID=85F3C012-2D6D-4FA1-A77E-71D7470E7FA2
4:779  0:003      ApfsFileSystemUUID=9170D6B6-29A5-4BBA-A673-6F0E24A99093
4:783  0:003      APFSTargetUUID=A490645D-B724-4FBC-9AC8-F7A23B1C4935
4:787  0:003        contentDetails name:Macintosh HD
4:791  0:004        AddLoaderEntry for Volume Name=Recovery, idx=2
4:796  0:004        OSVersion=14.4 
4:800  0:003        IconName=sonoma,mac comma=6 size=10
4:804  0:003        first=os_sonoma
4:808  0:003        Second=os_mac
4:812  0:003        IconName=unknown comma=-1 size=7
4:818  0:006        Full=unknown
4:822  0:003        Loader entry created for 'PciRoot(0x0)\Pci(0x1D,0x0)\Pci(0x0,0x0)\NVMe(0x1,CA-8F-B2-81-58-38-25-00)\HD(2,GPT,9508A8C6-F9B9-4EDD-ABC7-C1C4A019C410,0x64028,0x3A321FE0)\VenMedia(BE74FCF7-0B7C-49F3-9147-01F4042E6842,B6D67091A529BA4BA6736F0E24A99093)\A490645D-B724-4FBC-9AC8-F7A23B1C4935\BaseSystem.dmg'
4:827  0:004        Menu entry added at index 2
4:831  0:004  - [09]: 'Macintosh HD'
4:839  0:007      ApfsContainerUUID=85F3C012-2D6D-4FA1-A77E-71D7470E7FA2
4:843  0:003      ApfsFileSystemUUID=88F90BC3-2CC3-4B72-B297-A45648EE79C3
4:851  0:007  - [10]: 'Update'
4:859  0:007      ApfsContainerUUID=85F3C012-2D6D-4FA1-A77E-71D7470E7FA2
4:862  0:003      ApfsFileSystemUUID=B0C82F98-F2B1-412A-B736-D33F4320CF33
4:866  0:003  - [11]: 'VM'
4:874  0:007      ApfsContainerUUID=85F3C012-2D6D-4FA1-A77E-71D7470E7FA2
4:878  0:003      ApfsFileSystemUUID=28A6BFD0-2CAA-4875-AE15-EA6E25144D32
4:882  0:004  Entries list before ordering
4:886  0:004      Entry 0 : Boot UEFI internal from EFI (hidden)
4:890  0:003      Entry 1 : Boot Mac OS from Macintosh HD via Preboot
4:894  0:003      Entry 2 : Boot Mac OS Recovery for Macintosh HD via Recovery
4:898  0:003  Entries list after ordering
4:902  0:003    Entry 0 : Boot UEFI internal from EFI (hidden)
4:906  0:003    Entry 1 : Boot Mac OS from Macintosh HD via Preboot
4:910  0:004    Entry 2 : Boot Mac OS Recovery for Macintosh HD via Recovery
4:914  0:004  === [ AddCustomTool ] ===========================
4:918  0:004  found tool \EFI\CLOVER\tools\Shell64U.efi
4:922  0:003  Checking EFI partition Volume 1 for Clover
4:928  0:005   Found Clover
4:932  0:004  === [ GetEfiBootDeviceFromNvram ] ===============
4:936  0:004   - [!] efi-boot-device-data not found
4:940  0:003  Default boot entry not found
4:946  0:006  BannerPlace at Clear Screen [619,68]
4:965  0:018  GUI ready
5:916  0:950  Boot option 0 has other volume name Macintosh HDboot.efi
5:920  0:004  === [ StartLoader ] =============================
5:923  0:003  Starting PciRoot(0x0)\Pci(0x1D,0x0)\Pci(0x0,0x0)\NVMe(0x1,CA-8F-B2-81-58-38-25-00)\HD(2,GPT,9508A8C6-F9B9-4EDD-ABC7-C1C4A019C410,0x64028,0x3A321FE0)\VenMedia(BE74FCF7-0B7C-49F3-9147-01F4042E6842,F2738F7DD5B89341BB89C99D72294438)\A490645D-B724-4FBC-9AC8-F7A23B1C4935\System\Library\CoreServices\boot.efi
5:927  0:003  Finally: ExternalClock=26MHz BusSpeed=100128kHz CPUFreq=3605MHz PIS: hw.busfrequency=104000000Hz
5:936  0:008  Beginning OC
5:940  0:004  OCST: Missing vault data, ignoring...
5:944  0:004  AddKextsInArray from Other
5:948  0:003  ->Extra kext: Other\USBMap.kext (v.1.0)
5:952  0:004  ->Extra kext: Other\FakeSMC.kext (v.3.5.6)
5:956  0:004  ->Extra kext: Other\NVMeFix.kext (v.1.1.0)
5:960  0:004  AddKextsInArray from Off
5:964  0:003  AddKextsInArray from 14
5:968  0:003  AddKextsInArray from 14_normal
5:972  0:004  AddKextsInArray from 14.4
5:976  0:004  AddKextsInArray from 14.4_normal
5:980  0:004  AddKextsInArray from 14.4.0
5:984  0:004  AddKextsInArray from 14.4.0_normal
5:988  0:003  Bridge kext to OC : Path=Other\FakeSMC.kext
5:993  0:004  Bridge kext to OC : Path=Other\USBMap.kext
5:997  0:004  Bridge kext to OC : Path=Other\NVMeFix.kext
6:005  0:007  Start 'OpenRuntime.efi' : Status Success
6:009  0:004  OC: config config.plist
6:013  0:004  OC: Got 0 drivers
6:017  0:004  OC: OpenCore DBG-102-2024-09-12 is loading in Optional mode (0/0)...
6:021  0:004  OC: StorageHandle 0 with  LauncherOption pointing to 
6:026  0:004  OcOSInfoInstallProtocol
6:030  0:004  OCRTC: OcAppleRtcRamInstallProtocol
6:034  0:003  OCRTC: Wake log is 0x00 0x00   0 0x00
6:038  0:003  OcAppleFbInfoInstallProtocol
6:042  0:004  OcAppleEg2InfoInstallProtocol
6:046  0:004  OCEG: Discovered rotate NVRAM override to 0
6:050  0:003  OC: Loading Apple Secure Boot with Disabled (level 0)
6:055  0:004  OCABC: ALRBL 0 RTDFRG 1 DEVMMIO 1 NOSU 0 NOVRWR 0 NOSB 0 FBSIG 0 NOHBMAP 0 SMSLIDE 1 WRUNPROT 1
6:059  0:004  OCABC: FEXITBS 0 PRMRG 0 CSLIDE 1 MSLIDE 0 PRSRV 1 RBMAP 1 VMAP 1 APPLOS 0 RTPERMS 1 ARBAR -1 RBIO 0
6:063  0:003  OCABC: Got rendezvous with OpenRuntime r12
6:070  0:006  OCABC: MAT support is 1
6:074  0:003  OC: RequestBootVarRouting 0
6:079  0:004  OCDM: Found 0x20046/0x2003C UEFI version (376 bytes, 0 rebuilding to 376) gST 7AB3B018 gBS 6D82E3A0 gBS->CreateEventEx 6D81C904 &gBS 6D5062C0
6:083  0:004  OC: Setting GPU BARs to 0
6:087  0:004  OCDM: RBAR using PciIo
6:091  0:004  OCDM: Setting RBAR to 0 inc 1 on 3/18
6:095  0:004  OCDM: Capability I/O error - Unsupported
6:099  0:004  OCDM: RBAR is unsupported by device - Device Error
6:103  0:004  OCDM: Setting RBAR to 0 inc 1 on 5/18
6:108  0:004  OCDM: Capability I/O error - Unsupported
6:112  0:004  OCDM: RBAR is unsupported by device - Device Error
6:116  0:004  OC: Got 0 drivers
6:120  0:004  OCC: Installing GOP (Unsupported) on ConsoleOutHandle...
6:125  0:004  OC: Requested resolution is 1920x1080@0 (max: 0, force: 0) from 1920x1080
6:129  0:004  OCC: Using builtin text renderer with 1 scale
6:133  0:003  OCC: Install console control (6D4F13D0/6D815D88/0), current - Success
6:137  0:004  OCC: Setup ASCII Output - Success
6:141  0:004  OC: Requested console mode is 0x0 (max: 0) from 
6:145  0:004  OC: Invalid HibernateMode: 
6:150  0:004  OC: Translated HibernateMode  to 0
6:154  0:004  OC: Hibernation activation - Invalid Parameter, hibernation wake - no
6:164  0:009  OC: Saving 10424 byte panic log panic-2024-11-25-184824.txt - Success
6:168  0:004  OCABC: IsEfiBootRt 0 (BP 1, Apple 0)
6:173  0:005  OCB: Arch filtering 72D59018(723512)->72D59018(723512) caps 0 - Success
6:183  0:010  ImageHandle = 72fff818
6:191  0:007  GetOSVersion: 14.4 (s)
6:199  0:008  Will not patch boot.efi
6:203  0:004  Using latest BiosVersion from config instead of default 'IM191.88Z.F000.B00.2302212211'
6:207  0:004  Using latest BiosReleaseDate from config instead of default '02/21/2023'
6:211  0:004  BiosVersion: IM191.88Z.F000.B00.2308061817
6:215  0:004  BiosReleaseDate: 08/06/2023
6:219  0:003  EfiVersion: 1968.100.16.0.1
6:223  0:003  SMBIOS reloaded with model iMac19,1
6:227  0:003  Set FakeCPUID: 0x0
6:231  0:003  === [ PatchSmbios ] =============================
6:235  0:003  UpdateSmbiosString : BiosVersion=EfiVersion=1968.100.16.0.1
6:239  0:004  UpdateSmbiosString : ReleaseDate=08/06/2023
6:243  0:004  void PatchTableType1(const SmbiosInjectedSettings&) : UpdateSmbiosString ProductName=iMac19,1
6:247  0:004  void PatchTableType2(const SmbiosInjectedSettings&) : UpdateSmbiosString ProductName=BoardNumber=Mac-AA95B1DDAB278B95
6:251  0:003  void PatchTableType2(const SmbiosInjectedSettings&) : UpdateSmbiosString Version=BoardVersion=iMac19,1
6:255  0:004  insert table 9 for dev 0:0
6:260  0:004  insert table 9 for dev 0:1
6:264  0:004  insert table 9 for dev 1F:6
6:268  0:004  Table 11 present, but rewritten for us
6:273  0:004  Do not inject memory table
6:277  0:003  Trusting SMBIOS...
6:281  0:004  Channels: 1
6:285  0:004  Interleave: 0 1 2 3
6:309  0:023  trusted SMBIOS data, table index 0:
6:313  0:003    gRAM.SMBIOS[0]->ModuleSize = 8192
6:317  0:003    gRAM.SMBIOS[0]->Type = 0
6:321  0:004    gRAM.SMBIOS[0]->Frequency = 3200
6:325  0:003    gRAM.SMBIOS[0]->Vendor = Corsair
6:329  0:004    gRAM.SMBIOS[0]->PartNo = CMK16GX4M2K4266C19
6:333  0:004    gRAM.SMBIOS[0]->SerialNo = 00000000
6:337  0:004  SPD data in use:
6:341  0:004    gRAM.SPD[0]->ModuleSize = 8192
6:345  0:004    gRAM.SPD[0]->Type = 26
6:349  0:004    gRAM.SPD[0]->Frequency = 4264
6:353  0:003    gRAM.SPD[0]->Vendor = Corsair
6:357  0:003    gRAM.SPD[0]->SerialNo = 00000000
6:361  0:003    gRAM.SPD[0]->PartNo = CMK16GX4M2K4266C19
6:365  0:004    SMBIOS Type 17 Index = 0 => SMBIOSIndex=0 SPDIndex=0:
6:369  0:004  BANK 0 DIMM0 4264MHz 8192MB(Ext:0MB)
6:373  0:003  trusted SMBIOS data, table index 1:
6:377  0:004    gRAM.SMBIOS[1]->ModuleSize = 8192
6:381  0:004    gRAM.SMBIOS[1]->Type = 0
6:385  0:004    gRAM.SMBIOS[1]->Frequency = 3200
6:389  0:004    gRAM.SMBIOS[1]->Vendor = Corsair
6:393  0:003    gRAM.SMBIOS[1]->PartNo = CMK16GX4M2K4266C19
6:397  0:003    gRAM.SMBIOS[1]->SerialNo = 00000000
6:401  0:004  SPD data in use:
6:405  0:004    gRAM.SPD[1]->ModuleSize = 8192
6:409  0:003    gRAM.SPD[1]->Type = 26
6:413  0:004    gRAM.SPD[1]->Frequency = 4264
6:417  0:003    gRAM.SPD[1]->Vendor = Corsair
6:421  0:004    gRAM.SPD[1]->SerialNo = 00000000
6:425  0:003    gRAM.SPD[1]->PartNo = CMK16GX4M2K4266C19
6:429  0:004    SMBIOS Type 17 Index = 1 => SMBIOSIndex=1 SPDIndex=1:
6:433  0:003  BANK 0 DIMM1 4264MHz 8192MB(Ext:0MB)
6:437  0:004  !trusted SMBIOS data, Table index 2:!gRAM.SMBIOS.doesSlotForIndexExist(SMBIOSIndex) 
6:449  0:011    SMBIOS Type 17 Index = 2 => SMBIOSIndex=2 SPDIndex=2:
6:453  0:004  BANK 0 DIMM2 EMPTY
6:457  0:003  !trusted SMBIOS data, Table index 3:!gRAM.SMBIOS.doesSlotForIndexExist(SMBIOSIndex) 
6:469  0:011    SMBIOS Type 17 Index = 3 => SMBIOSIndex=3 SPDIndex=3:
6:473  0:004  BANK 0 DIMM3 EMPTY
6:477  0:004  mTotalSystemMemory = 16384
6:481  0:003  NumberOfMemoryDevices = 4
6:485  0:003  Type20[0]->End = 0x7FFFFF, Type17[0] = 2000
6:489  0:003  Type20[1]->End = 0xFFFFFF, Type17[1] = 6000
6:493  0:003  Table 131 is present, CPUType=35
6:497  0:003  Change to: 1005
6:501  0:004  === [ PatchACPI ] ===============================
6:505  0:004  OCABC: AllocPages 1 0x7A308000 (1) - Success
6:509  0:004  Xsdt reallocation done
6:513  0:003  OCABC: AllocPages 1 0x7A307000 (1) - Success
6:517  0:004  old FADT length=114
6:521  0:003   SignatureFixup: 0x7173A1F4 -> 0x0
6:525  0:004  Found OperationRegion(GNVS, SystemMemory, 7A345000, ...)
6:529  0:004  Found OperationRegion(RAMW, SystemMemory, 7A349018, ...)
6:533  0:004  Found OperationRegion(RAMX, SystemMemory, 7A2A5018, ...)
6:537  0:004  Found OperationRegion(PNVA, SystemMemory, 7A3D1B98, ...)
6:542  0:004  Found OperationRegion(THBA, SystemMemory, FE200000, ...)
6:546  0:004  Found OperationRegion(BNVS, SystemMemory, 7A35A000, ...)
6:550  0:004  Found OperationRegion(SMBD, SystemMemory, E00FC004, ...)
6:554  0:004  Found OperationRegion(TMMB, SystemMemory, FED40000, ...)
6:558  0:003  Found OperationRegion(CRBD, SystemMemory, FED40000, ...)
6:562  0:004  Found OperationRegion(TPMR, SystemMemory, FED40040, ...)
6:566  0:003  Found OperationRegion(ATNV, SystemMemory, 7A3D1F98, ...)
6:570  0:003  Found OperationRegion(WPBR, SystemMemory, 7A333000, ...)
6:577  0:007  OCABC: AllocPages 1 0x7A2B8000 (79) - Success
6:584  0:006  Apply DsdtFixMask=0x10400000
6:588  0:004  === [ FixBiosDsdt ] =============================
6:592  0:004  Patching DSDT:
6:596  0:003   - [change EC0 to EC]: pattern 4543305F, patched at: [ (F96F) ]
6:616  0:019   - [change HECI to IMEI]: pattern 48454349, patched at: [ (18CAE) ]
6:645  0:029   deleting device CRT_
6:653  0:008   deleting device DVI_
6:661  0:008   deleting device SPKR
6:669  0:008   deleting device ECP_
6:677  0:007   deleting device LPT_
6:685  0:008   deleting device FDC0
6:694  0:008   deleting device ECP1
6:702  0:008   deleting device LPT1
6:710  0:008   deleting device FDC_
6:718  0:008    indirect name=RAMB
6:722  0:004    indirect name=RAMA
6:726  0:004    indirect name=PNVB
6:731  0:005  OperationRegion (THBA...) corrected from 0x0 to addr=0xFE200000
6:736  0:004    indirect name=TPMM
6:740  0:004    indirect name=FTPM
6:744  0:004    indirect name=PPIM
6:748  0:004  PreCleanup XSDT: count=25, length=236
6:752  0:004  PreCleanup XSDT, corrected XSDT: count=25, length=236
6:756  0:004  === [ ACPIPatchedAML ] ==========================
6:760  0:003  AutoMerge pass 1
6:764  0:003  Unsorted
6:768  0:004  Inserting SSDT-AWAC.aml from \EFI\CLOVER\ACPI\patched: ignore on pass 1
6:776  0:007  Inserting SSDT-EC-USBX.aml from \EFI\CLOVER\ACPI\patched: ignore on pass 1
6:784  0:008  Inserting SSDT-PLUG.aml from \EFI\CLOVER\ACPI\patched: ignore on pass 1
6:792  0:007  Inserting SSDT-PMC.aml from \EFI\CLOVER\ACPI\patched: ignore on pass 1
6:800  0:008  Inserting SSDT-UIAC.aml from \EFI\CLOVER\ACPI\patched: ignore on pass 1
6:808  0:007  === [ ACPIDropTables ] ==========================
6:812  0:003  OCABC: AllocPages 1 0x7A2B6000 (2) - Success
6:816  0:003  OCABC: AllocPages 1 0x7A2B6000 (2) - Success
6:819  0:003  OCABC: AllocPages 1 0x7A2B6000 (2) - Success
6:823  0:003  OCABC: AllocPages 1 0x7A2B6000 (2) - Success
6:827  0:004  OCABC: AllocPages 1 0x7A2B6000 (2) - Success
6:832  0:004  OCABC: AllocPages 1 0x7A2B6000 (2) - Success
6:836  0:004  Patching SSDTs: 2 patches each
6:839  0:003   pattern 4543305F, bin not found / already patched!
6:847  0:007   pattern 48454349, bin not found / already patched!
6:855  0:008  OCABC: AllocPages 1 0x7A2B3000 (3) - Success
6:860  0:004  Patching SSDTs: 2 patches each
6:864  0:004   pattern 4543305F, bin not found / already patched!
6:872  0:008   pattern 48454349, bin not found / already patched!
6:880  0:008  Found OperationRegion(PNVS, SystemMemory, 7ADF2000, ...)
6:884  0:004  OCABC: AllocPages 1 0x7A2AE000 (5) - Success
6:889  0:004  Patching SSDTs: 2 patches each
6:893  0:004   pattern 4543305F, bin not found / already patched!
6:901  0:008   pattern 48454349, bin not found / already patched!
6:909  0:007  Found OperationRegion(SANV, SystemMemory, 7A3D1118, ...)
6:913  0:004  OCABC: AllocPages 1 0x7A2AA000 (4) - Success
6:917  0:004  Patching SSDTs: 2 patches each
6:921  0:004   pattern 4543305F, bin not found / already patched!
6:929  0:008   pattern 48454349, bin not found / already patched!
6:938  0:008  OCABC: AllocPages 1 0x7A2A8000 (2) - Success
6:942  0:003  OCABC: AllocPages 1 0x7A2A8000 (2) - Success
6:945  0:003  Patching SSDTs: 2 patches each
6:949  0:003   pattern 4543305F, bin not found / already patched!
6:957  0:007   pattern 48454349, bin not found / already patched!
6:965  0:007  OCABC: AllocPages 1 0x7A129000 (4) - Success
6:969  0:003  Patching SSDTs: 2 patches each
6:973  0:003   pattern 4543305F, bin not found / already patched!
6:981  0:007   pattern 48454349, bin not found / already patched!
6:989  0:008  OCABC: AllocPages 1 0x7A2A6000 (2) - Success
6:993  0:004  OCABC: AllocPages 1 0x7A2A6000 (2) - Success
6:997  0:003  OCABC: AllocPages 1 0x7A125000 (4) - Success
7:001  0:003  Patching SSDTs: 2 patches each
7:005  0:003   pattern 4543305F, bin not found / already patched!
7:013  0:008   pattern 48454349, bin not found / already patched!
7:021  0:008  OCABC: AllocPages 1 0x7A2A6000 (2) - Success
7:025  0:003  Patching SSDTs: 2 patches each
7:029  0:004   pattern 4543305F, bin not found / already patched!
7:037  0:008   pattern 48454349, bin not found / already patched!
7:045  0:007  OCABC: AllocPages 1 0x7A123000 (2) - Success
7:050  0:004  OCABC: AllocPages 1 0x7A123000 (2) - Success
7:054  0:004  OCABC: AllocPages 1 0x7A122000 (3) - Success
7:058  0:004  Patching SSDTs: 2 patches each
7:062  0:004   pattern 4543305F, bin not found / already patched!
7:070  0:007   pattern 48454349, bin not found / already patched!
7:077  0:007  OCABC: AllocPages 1 0x7A120000 (2) - Success
7:081  0:003  Patching SSDTs: 2 patches each
7:085  0:004   pattern 4543305F, bin not found / already patched!
7:094  0:008   pattern 48454349, bin not found / already patched!
7:102  0:008  Found OperationRegion(ADHD, SystemMemory, 78C93000, ...)
7:106  0:003  Found OperationRegion(ABLK, SystemMemory, 78C93020, ...)
7:110  0:004  OCABC: AllocPages 1 0x7A110000 (16) - Success
7:114  0:004  OCABC: AllocPages 1 0x7A11E000 (2) - Success
7:118  0:003  OCABC: AllocPages 1 0x7A11E000 (2) - Success
7:122  0:004  OCABC: AllocPages 1 0x7A11E000 (2) - Success
7:126  0:003  === [ ACPIPatchedAML ] ==========================
7:130  0:003  AutoMerge pass 2
7:133  0:003  Unsorted
7:137  0:003  Inserting SSDT-AWAC.aml from \EFI\CLOVER\ACPI\patched: size=73 OCABC: AllocPages 1 0x7A11F000 (1) - Success
... Success
7:154  0:016  Inserting SSDT-EC-USBX.aml from \EFI\CLOVER\ACPI\patched: size=7341 OCABC: AllocPages 1 0x7A11D000 (2) - Success
... Success
7:170  0:015  Inserting SSDT-PLUG.aml from \EFI\CLOVER\ACPI\patched: size=693 OCABC: AllocPages 1 0x7A11C000 (1) - Success
... Success
7:185  0:015  Inserting SSDT-PMC.aml from \EFI\CLOVER\ACPI\patched: size=414 OCABC: AllocPages 1 0x7A11B000 (1) - Success
... Success
7:201  0:015  Inserting SSDT-UIAC.aml from \EFI\CLOVER\ACPI\patched: size=693 OCABC: AllocPages 1 0x7A11A000 (1) - Success
... Success
7:217  0:015  ApicCPUNum=1
7:221  0:003  Maximum control=0x24
7:225  0:003  Turbo control=0x31
7:229  0:004  P-States: min 0x8, max 0x31
7:233  0:004  SSDT with plugin-type without P-States is generated
7:237  0:004  OCABC: AllocPages 1 0x7A119000 (1) - Success
7:241  0:003  Cleanup XSDT: count=31, length=284
7:245  0:004  corrected XSDT count=31, length=284
7:249  0:003  === [ RestSetup macOS ] =========================
7:253  0:004  ATI injection not set
7:257  0:003  Intel GFX injection not set
7:261  0:004   RCBA disabled; cannot use it
7:265  0:003   setting specified layout-id=1 (0x1)
7:269  0:004  stringlength = 458
7:273  0:004  OCABC: AllocPages 1 0x7A118000 (1) - Success
7:277  0:003  CurrentMode: Width=1366 Height=768
7:281  0:003  SetNvramVariable (system-id, 4D1EDE05-38C7-4A6A-9CC6-4BCCA8B38C14, 0x2, 16): -> writing new (Success)
7:290  0:008  SetNvramVariable (MLB, 4D1EDE05-38C7-4A6A-9CC6-4BCCA8B38C14, 0x6, 17): -> writing new (Success)
7:298  0:008  SetNvramVariable (ROM, 4D1EDE05-38C7-4A6A-9CC6-4BCCA8B38C14, 0x6, 6): -> writing new (Success)
7:307  0:008  SetNvramVariable (FirmwareFeatures, 4D1EDE05-38C7-4A6A-9CC6-4BCCA8B38C14, 0x6, 4): -> writing new (Success)
7:316  0:008  SetNvramVariable (FirmwareFeaturesMask, 4D1EDE05-38C7-4A6A-9CC6-4BCCA8B38C14, 0x6, 4): -> writing new (Success)
7:325  0:008  SetNvramVariable (ExtendedFirmwareFeatures, 4D1EDE05-38C7-4A6A-9CC6-4BCCA8B38C14, 0x6, 8): -> writing new (Success)
7:333  0:008  SetNvramVariable (ExtendedFirmwareFeaturesMask, 4D1EDE05-38C7-4A6A-9CC6-4BCCA8B38C14, 0x6, 8): -> writing new (Success)
7:342  0:008  AddNvramVariable (HW_BID, 4D1EDE05-38C7-4A6A-9CC6-4BCCA8B38C14, 0x6, 20): -> writing new (Success)
7:351  0:008  AddNvramVariable (security-mode, 7C436110-AB2A-4BBB-A880-FE41995C9F82, 0x7, 5): -> already exists, abort
7:359  0:007  set DefaultBackgroundColor=0xfbfbfb
7:363  0:003  SetNvramVariable (DefaultBackgroundColor, 4D1EDE05-38C7-4A6A-9CC6-4BCCA8B38C14, 0x7, 4): -> writing new (Success)
7:378  0:015  SetNvramVariable (ActualDensity, 7C436110-AB2A-4BBB-A880-FE41995C9F82, 0x7, 2): exists(0x7, 2), equal -> not writing again.
7:393  0:014  SetNvramVariable (DensityThreshold, 7C436110-AB2A-4BBB-A880-FE41995C9F82, 0x7, 2): exists(0x7, 2), equal -> not writing again.
7:405  0:012  SetNvramVariable (gfx-saved-config-restore-status, 4D1EDE05-38C7-4A6A-9CC6-4BCCA8B38C14, 0x7, 8): exists(0x7, 8), equal -> not writing again.
7:418  0:012  DeleteNvramVariable (UIScale, 4D1EDE05-38C7-4A6A-9CC6-4BCCA8B38C14):
7:422  0:004  DeleteNvramVariable (EFILoginHiDPI, 7C436110-AB2A-4BBB-A880-FE41995C9F82):
7:426  0:004  SetNvramVariable (flagstate, 7C436110-AB2A-4BBB-A880-FE41995C9F82, 0x7, 32): exists(0x7, 32), equal -> not writing again.
7:439  0:012  SetNvramVariable (csr-active-config, 7C436110-AB2A-4BBB-A880-FE41995C9F82, 0x7, 4): exists(0x7, 4), not equal -> writing new (Success)
7:458  0:018  DeleteNvramVariable (BridgeOSHardwareModel, 4D1EDE05-38C7-4A6A-9CC6-4BCCA8B38C14):
7:462  0:004  DeleteNvramVariable (bootercfg, 7C436110-AB2A-4BBB-A880-FE41995C9F82):
7:467  0:004  DeleteNvramVariable (nvda_drv, 7C436110-AB2A-4BBB-A880-FE41995C9F82):
7:472  0:004  DeleteNvramVariable (recovery-boot-mode, 7C436110-AB2A-4BBB-A880-FE41995C9F82):
7:476  0:003  AddNvramVariable (wake-failure, 7C436110-AB2A-4BBB-A880-FE41995C9F82, 0x7, 5): -> already exists, abort
7:485  0:008  DeleteNvramVariable (opencore-version, 7C436110-AB2A-4BBB-A880-FE41995C9F82):
7:489  0:004  DeleteNvramVariable (ApBoardID, 94B73556-2197-4702-82A8-3E1337DAFBFB):
7:494  0:004  DeleteNvramVariable (ApSecurityDomain, 94B73556-2197-4702-82A8-3E1337DAFBFB):
7:499  0:004  DeleteNvramVariable (ApProductionStatus, 94B73556-2197-4702-82A8-3E1337DAFBFB):
7:504  0:005  DeleteNvramVariable (ApSecurityMode, 94B73556-2197-4702-82A8-3E1337DAFBFB):
7:508  0:004  DeleteNvramVariable (EffectiveProductionStatus, 94B73556-2197-4702-82A8-3E1337DAFBFB):
7:513  0:004  DeleteNvramVariable (EffectiveSecurityMode, 94B73556-2197-4702-82A8-3E1337DAFBFB):
7:517  0:004  DeleteNvramVariable (CertificateEpoch, 94B73556-2197-4702-82A8-3E1337DAFBFB):
7:522  0:004  DeleteNvramVariable (MixNMatchPreventionStatus, 94B73556-2197-4702-82A8-3E1337DAFBFB):
7:527  0:004  DeleteNvramVariable (CryptoDigestMethod, 94B73556-2197-4702-82A8-3E1337DAFBFB):
7:532  0:004  DeleteNvramVariable (InternalUseOnlyUnit, 94B73556-2197-4702-82A8-3E1337DAFBFB):
7:536  0:004  DeleteNvramVariable (ApECID, 94B73556-2197-4702-82A8-3E1337DAFBFB):
7:541  0:004  DeleteNvramVariable (HardwareModel, 94B73556-2197-4702-82A8-3E1337DAFBFB):
7:545  0:004  Use origin smbios table type 1 guid.
7:567  0:022  DeleteNvramVariable (efi-boot-device, 7C436110-AB2A-4BBB-A880-FE41995C9F82):
7:572  0:004  DeleteNvramVariable (efi-boot-device-data, 7C436110-AB2A-4BBB-A880-FE41995C9F82):
7:577  0:004  DeleteNvramVariable (BootCampHD, 7C436110-AB2A-4BBB-A880-FE41995C9F82):
7:581  0:003  Custom boot screen not used because entry has unset use graphics
7:587  0:005  DeleteNvramVariable (IOHibernateRTCVariables, 7C436110-AB2A-4BBB-A880-FE41995C9F82):
7:591  0:004  DeleteNvramVariable (boot-image, 7C436110-AB2A-4BBB-A880-FE41995C9F82):
7:596  0:004  Kernel quirks
7:600  0:004  ACPCL 1 AXCL 1 AXEM 0 AXFB 0 CSG 0 DIM 0 DLJ 0 DRC 1 DPM 0 EBTFF 0 EDI 0 FAI 0 IPBS 0 LKP 0 PNKD 0 PTKP 0 TPD 0 XPL 0 PCC 0
7:604  0:004  Closing log
7:608  0:004  OCABC: AllocPages 2 0x91000 (14) - Success
7:612  0:004  OCABC: AllocPages 2 0x6F762000 (14) - Success
7:616  0:003  OCABC: Recovering trashed GetMemoryMap pointer
7:622  0:005  OCABC: Patching safe mode sur-2 at off ACF4
7:626  0:004  OCABC: AllocPages 2 0x777E6000 (512) - Success
7:630  0:004  OCABC: AllocPages 2 0x777E5000 (1) - Success
7:634  0:004  OC: Supported boot capabilities 4
7:639  0:004  OCABC: AllocPages 2 0x777E4000 (1) - Success
7:643  0:004  OCABC: MMIO devirt start
7:647  0:004  OCABC: MMIO devirt 0xE0000000 (0x10000 pages, 0x800000000000100D) skip 0
7:651  0:003  OCABC: MMIO devirt 0xFE000000 (0x11 pages, 0x8000000000000001) skip 0
7:655  0:003  OCABC: MMIO devirt 0xFEC00000 (0x1 pages, 0x800000000000100D) skip 0
7:659  0:004  OCABC: MMIO devirt 0xFED00000 (0x4 pages, 0x800000000000100D) skip 0
7:663  0:004  OCABC: MMIO devirt 0xFEE00000 (0x1 pages, 0x8000000000000001) skip 0
7:667  0:004  OCABC: MMIO devirt 0xFF000000 (0x1000 pages, 0x800000000000100D) skip 0
7:671  0:004  OCABC: MMIO devirt end, saved 278620 KB
7:675  0:004  OCABC: All slides are usable! You can disable ProvideCustomSlide!
7:681  0:005  OCOS: OS set: <null> macOS 11.0
7:685  0:003  OCOS: OS set: Apple Inc. macOS 11.0
7:691  0:006  OCOS: Should use black background
7:698  0:006  OCABC: AllocPages 1 0x6D2E4000 (1) - Success
7:714  0:016  OC: Opening file System\Library\Kernels\kernel with 1 mode gave - Not Found
7:718  0:004  OC: Opening file \A490645D-B724-4FBC-9AC8-F7A23B1C4935 with 1 mode gave - Success
7:723  0:004  OC: Opening file \A490645D-B724-4FBC-9AC8-F7A23B1C4935\System\Library\CoreServices\com.apple.Boot.plist with 1 mode gave - Not Found
7:727  0:004  OC: Opening file Library\Preferences\SystemConfiguration\com.apple.Boot.plist with 1 mode gave - Success
7:732  0:004  OC: Opening file \A490645D-B724-4FBC-9AC8-F7A23B1C4935\System\Library\CoreServices\PlatformSupport.plist with 1 mode gave - Success
7:738  0:006  OCABC: AllocPages 2 0x6D00000 (51544) - Success
7:743  0:004  OC: Opening file System\Library\Caches\com.apple.corestorage\EncryptedRoot.plist.wipekey with 1 mode gave - Success
7:752  0:009  OC: Opening file \A490645D-B724-4FBC-9AC8-F7A23B1C4935\System\Library\CoreServices\boot.efi with 1 mode gave - Success
7:780  0:027  OC: Opening file boot\System\Library\KernelCollections\BootKernelExtensions.kc.development with 1 mode gave - Not Found
7:797  0:017  OC: Opening file boot\System\Library\KernelCollections\BootKernelExtensions.kc with 1 mode gave - Success
7:801  0:004  OC: Load and reserve Kext Other\FakeSMC.kext
7:806  0:004  OC: Load and reserve Kext Other\USBMap.kext
7:810  0:004  OC: Load and reserve Kext Other\NVMeFix.kext
7:815  0:004  OC: Kext reservation size info 505000 exe 25000
7:819  0:004  OC: Trying 64-bit XNU hook on boot\System\Library\KernelCollections\BootKernelExtensions.kc
7:826  0:006  OCAK: Found 64-bit Mach-O compressed 0 offset 0 size 0
7:829  0:003  OCAK: Determined kernel size is 62734336 bytes
7:864  0:034  OC: Result of 64-bit XNU hook on boot\System\Library\KernelCollections\BootKernelExtensions.kc (00000000) is Success
7:911  0:046  OCAK: Read kernel version 23.4.0 (230400)
7:915  0:004  OCAK: 64-bit patcher base 0xFFFFFF8000200000 kmod 0x0 file 0x0
7:920  0:004  OCAK: Zeroing _xcpm_core_scope_msrs 0xE2 applicable CPUs (76)
7:924  0:003  OCAK: Zeroing _xcpm_core_scope_msrs 0xE2 applicable CPUs (406416)
7:928  0:004  OCAK: Zeroing _xcpm_core_scope_msrs 0xE2 applicable CPUs (16384)
7:933  0:005  Replace B9E20000000F30 by B9E20000009090 at ofs:30E
8:001  0:068  Replace B9E20000000F30 by B9E20000009090 at ofs:39B
8:069  0:067  OCAK: 64-bit XcpmCfgLockRel replace count - 2
8:073  0:003  OCAK: [OK] Success XcpmCfgLock patch
8:115  0:042  OCAK: org.netkas.FakeSMC got KXLD 0 0
8:119  0:004  OCAK: Requesting __LINKEDIT for org.netkas.FakeSMC - 6CDBA398 at 3BD5000
8:123  0:004  OCAK: Requesting SymbolTable for org.netkas.FakeSMC - 601
8:127  0:003  OCAK: Requesting __LINKEDIT for __kernel__ - 691F0688 at 0
8:131  0:004  OCAK: Requesting SymbolTable for __kernel__ - 22799
8:157  0:025  OCAK: Patching invalid size 2000 with 19DF000 for com.apple.iokit.IOACPIFamily
8:161  0:004  OCAK: com.apple.iokit.IOACPIFamily got KXLD 0 0
8:165  0:004  OCAK: Requesting __LINKEDIT for com.apple.iokit.IOACPIFamily - 6B3DB518 at 21F6000
8:169  0:003  OCAK: Requesting SymbolTable for com.apple.iokit.IOACPIFamily - 544
8:181  0:011  OCAK: Local relocs 1148 on FFFFFF8003CD5000
8:185  0:004  OC: Prelinked injection Other\FakeSMC.kext () - Success
8:189  0:004  OC: Prelinked injection Other\USBMap.kext () - Success
8:194  0:004  OCAK: org.acidanthera.NVMeFix got KXLD 0 0
8:197  0:003  OCAK: Requesting __LINKEDIT for org.acidanthera.NVMeFix - 6CDD2438 at 3BED000
8:201  0:003  OCAK: Requesting SymbolTable for org.acidanthera.NVMeFix - 363
8:212  0:010  OCAK: Symbol __ZN18EfiRuntimeServices14LiluVendorGuidE has 0-value
8:217  0:004  OCAK: Symbol _lilu has 0-value
8:221  0:003  OCAK: Symbol __ZN12Disassembler9hdeDisasmEyP6hde64s has 0-value
8:225  0:004  OC: Prelinked injection Other\NVMeFix.kext () - Invalid Parameter
8:229  0:004  OC: Prelink size 62836736 kext offset 62738432 reserved 151552
8:233  0:003  OCAK: KC TEXT is 65536 bytes with 61800 Mach-O headers need 280
8:252  0:018  OCAK: Failed to pk find com.apple.driver.AppleIntelCPUPowerManagement - Not Found
8:256  0:003  OCAK: [OK] Skipping PatchAppleCpuPmCfgLock on NULL Patcher on kernel version 230400
8:261  0:004  OCAK: Patching invalid size 5FF4 with 2193000 for com.apple.driver.AppleRTC
8:265  0:003  OCAK: com.apple.driver.AppleRTC got KXLD 0 0
8:269  0:004  Replace BE58000000/FFFEFFFFFF(BE58000000) by BEFFFF0000 at ofs:1AED
8:377  0:108  Replace BE58000000/FFFEFFFFFF(BE59000000) by BEFFFF0000 at ofs:1AFE
8:479  0:102  Replace BE58000000/FFFEFFFFFF(BE58000000) by BEFFFF0000 at ofs:1DE3
8:583  0:103  Replace BE58000000/FFFEFFFFFF(BE59000000) by BEFFFF0000 at ofs:1DF3
8:686  0:103  OCAK: 64-bit DisableRtcChecksum64 replace count - 4
8:690  0:003  OCAK: [OK] Patch success com.apple.driver.AppleRTC DisableRtcChecksum
8:812  0:122  OC: Prelinked status - Success
8:856  0:043  OC: Opening file usr\standalone\OS.dmg.root_hash with 1 mode gave - Success
8:866  0:009  OC: Opening file usr\standalone\OS.dmg.root_hash.x86legacyap.im4m with 1 mode gave - Success
8:875  0:009  OCABC: AllocPages 0 0x72FF1000 (1) - Success
8:880  0:004  OCABC: AllocPages 0 0x72FEB000 (1) - Success
