0:100  0:100  MemLog inited, TSC freq: 3600486320
0:100  0:000  CPU was calibrated with RTC
0:100  0:000  CloverX64 : Image base = 0x6D397000
0:100  0:000  Clover ImageHandle = 76245018
0:101  0:001  SelfDirPath = \EFI\CLOVER
0:103  0:001  === [ Starting Clover ] =========================
0:103  0:000  Now is 25.11.2024,  18:43:48 (GMT)
0:103  0:000  Starting Clover revision: 5160 (master, commit 7b08a616e) on American Megatrends EFI
0:103  0:000  Build id: 20240909210805-7b08a61-dirty
0:103  0:000  Build with: [Args: -D NO_GRUB_DRIVERS_EMBEDDED -D LESS_DEBUG -t GCC131 | --cmd-len=50000 -D NO_GRUB_DRIVERS_EMBEDDED -D LESS_DEBUG --conf=/Users/sergey/src/CloverBootloader/Conf -D USE_LOW_EBDA -a X64 -b RELEASE -t GCC131 -n 5 | OS: 15]
0:103  0:000  === [ Get Smbios ] ==============================
0:103  0:000  Type 16 Index = 0
0:103  0:000  Total Memory Slots Count = 4
0:103  0:000  Type 17 Index = 0
0:103  0:000  SmbiosTable.Type17->SlotIndex = 0
0:103  0:000  SmbiosTable.Type17->ModuleSize = 8192MB
0:103  0:000  SmbiosTable.Type17->Type = 0
0:103  0:000  SmbiosTable.Type17->Frequency = 3200MHz
0:103  0:000  SmbiosTable.Type17->Bank/Device = BANK 0 ChannelA-DIMM1
0:103  0:000  SmbiosTable.Type17->Vendor = Corsair
0:103  0:000  SmbiosTable.Type17->SerialNo = 00000000
0:103  0:000  SmbiosTable.Type17->PartNo = CMK16GX4M2K4266C19
0:103  0:000  Type 17 Index = 1
0:103  0:000  SmbiosTable.Type17->SlotIndex = 1
0:103  0:000  SmbiosTable.Type17->ModuleSize = 8192MB
0:103  0:000  SmbiosTable.Type17->Type = 0
0:103  0:000  SmbiosTable.Type17->Frequency = 3200MHz
0:103  0:000  SmbiosTable.Type17->Bank/Device = BANK 1 ChannelA-DIMM2
0:103  0:000  SmbiosTable.Type17->Vendor = Corsair
0:103  0:000  SmbiosTable.Type17->SerialNo = 00000000
0:103  0:000  SmbiosTable.Type17->PartNo = CMK16GX4M2K4266C19
0:103  0:000  Type 17 Index = 2
0:103  0:000  Ignoring insane frequency value 0MHz
0:103  0:000  Type 17 Index = 3
0:103  0:000  Ignoring insane frequency value 0MHz
0:103  0:000  Boot status=0
0:103  0:000  Running on: 'System Product Name' with board 'PRIME Z390-A'
0:103  0:000  === [ GetCPUProperties ] ========================
0:103  0:000  CPU Vendor = 756E6547 Model=906EC
0:103  0:000   The CPU supported SSE4.1
0:103  0:000   The CPU supported RDRAND
0:103  0:000  BrandString = Intel(R) Core(TM) i7-9700K CPU @ 3.60GHz
0:103  0:000   The CPU supported turbo
0:103  0:000   Energy PerfBias is  visible:
0:103  0:000  MSR 0x35               80008
0:103  0:000   TSC/CCC Information Leaf:
0:103  0:000    numerator     : 300
0:103  0:000    denominator   : 2
0:103  0:000   Calibrated ARTFrequency: 24003242
0:103  0:000   Rounded ARTFrequency: 24000000
0:103  0:000  MSR 0xE2 before patch 1E000000
0:103  0:000  MSR 0xCE              08080838_F1012400
0:103  0:000  corrected FLEX_RATIO = E0000
0:103  0:000  MSR 0x1B0             00000000
0:103  0:000  FSBFrequency = 109 MHz, DMI FSBFrequency = 100 MHz, Corrected FSBFrequency = 100 MHz
0:103  0:000  MaxDiv/MinDiv: 36.0/8
0:103  0:000  Turbo: 47/49/49/49
0:103  0:000  Features: 0x77FAFBFFBFEBFBFF
0:103  0:000  Threads: 8
0:103  0:000  Cores: 8
0:103  0:000  FSB: 100 MHz
0:103  0:000  CPU: 3900 MHz
0:103  0:000  TSC: 3900 MHz
0:103  0:000  PIS: 100 MHz
0:103  0:000  ExternalClock: 25 MHz
0:103  0:000  === [ GetDevices ] ==============================
0:103  0:000  GOP found at: PciRoot(0x0)/Pci(0x1,0x0)/Pci(0x0,0x0)/AcpiAdr(0x80010302)
0:103  0:000  PCI (00|00:00.00) : 8086 3E30 class=060000
0:103  0:000  PCI (00|00:01.00) : 8086 1901 class=060400
0:103  0:000  PCI (00|01:00.00) : 1002 67DF class=030000
0:103  0:000   - GFX: Model=AMD Radeon RX 480/570/580 (ATI/AMD)
0:103  0:000   - GOP: Provided by device
0:103  0:000  PCI (00|01:00.01) : 1002 AAF0 class=040300
0:103  0:000   - HDMI Audio: 
0:104  0:000  PCI (00|00:02.00) : 8086 3E98 class=038000
0:104  0:000   - GFX: Model=Intel UHD Graphics 630 (Intel)
0:104  0:000  PCI (00|00:14.00) : 8086 A36D class=0C0330
0:104  0:000  PCI (00|00:14.02) : 8086 A36F class=050000
0:104  0:000  PCI (00|00:16.00) : 8086 A360 class=078000
0:104  0:000  PCI (00|00:17.00) : 8086 A352 class=010601
0:104  0:000  PCI (00|00:1B.00) : 8086 A340 class=060400
0:104  0:000  PCI (00|00:1C.00) : 8086 A338 class=060400
0:104  0:000  PCI (00|00:1D.00) : 8086 A330 class=060400
0:104  0:000  PCI (00|04:00.00) : 144D A808 class=010802
0:104  0:000  PCI (00|00:1F.00) : 8086 A305 class=060100
0:104  0:000  PCI (00|00:1F.03) : 8086 A348 class=040300
0:104  0:000  PCI (00|00:1F.04) : 8086 A323 class=0C0500
0:104  0:000  PCI (00|00:1F.05) : 8086 A324 class=0C8000
0:104  0:000  PCI (00|00:1F.06) : 8086 15BC class=020000
0:104  0:000   - LAN: 1 Vendor=Intel
0:104  0:000  Legacy MAC address of LAN #0= 40:B0:76:DE:9E:93:
0:104  0:000  _checkOEMPath Look for oem dir at path '\EFI\CLOVER\OEM\System Product Name--40-B0-76-DE-9E-93'. Dir doesn't exist.
0:104  0:000  _checkOEMPath Look for oem dir at path '\EFI\CLOVER\OEM\PRIME Z390-A\UEFI'. Dir doesn't exist.
0:104  0:000  _checkOEMPath Look for oem dir at path '\EFI\CLOVER\OEM\System Product Name'. Dir doesn't exist.
0:104  0:000  _checkOEMPath Look for oem dir at path '\EFI\CLOVER\OEM\System Product Name-3900'. Dir doesn't exist.
0:104  0:000  _checkOEMPath Look for oem dir at path '\EFI\CLOVER\OEM\PRIME Z390-A'. Dir doesn't exist.
0:104  0:000  _checkOEMPath Look for oem dir at path '\EFI\CLOVER\OEM\PRIME Z390-A-3900'. Dir doesn't exist.
0:104  0:000  === [ GetUserSettings ] =========================
0:104  0:000  GetDefaultModel()=iMac18,3
0:104  0:000  === [ LoadUserSettings ] ========================
0:105  0:000  Using config.plist at path: \EFI\CLOVER
0:105  0:000  There is a problem in plist '\EFI\CLOVER\config.plist'
0:105  0:000  Warning: EfiVersion '1037.100.345.0.0' is older than default ('1968.100.16.0.1') -> ignored. Dict '/SMBIOS:296'.
0:105  0:000  Use CloverConfigPlistValidator or look in the log
3:105  2:999  === [ LoadUserSettings ] ========================
3:106  0:000  Cannot find smbios.plist at path '\EFI\CLOVER' : Not Found
3:106  0:000  '\EFI\CLOVER\smbios.plist' not loaded. Efi error Not Found
3:106  0:000  create SMBIOS list, found 27 dicts
3:106  0:000  ... ACPI
3:106  0:000  ... Boot
3:106  0:000  ... BootGraphics
3:106  0:000  ... Devices
3:106  0:000  ... DisableDrivers
3:106  0:000  ... GUI
3:106  0:000  ... Graphics
3:106  0:000  ... KernelAndKextPatches
3:106  0:000  ... SMBIOS
3:106  0:000  ... SystemParameters
3:106  0:000  ... RtVariables
3:106  0:000  ... Quirks
3:106  0:000  get model from config.plist
3:106  0:000  Using latest BiosVersion from config instead of default 'IM191.88Z.F000.B00.2302212211'
3:119  0:013  Using latest BiosReleaseDate from config instead of default '02/21/2023'
3:123  0:004  BiosVersion: IM191.88Z.F000.B00.2308061817
3:127  0:003  BiosReleaseDate: 08/06/2023
3:131  0:003  EfiVersion: 1968.100.16.0.1
3:135  0:003  Calibrated TSC Frequency = 3600486320 = 3600MHz
3:139  0:004  === [ GetListOfThemes ] =========================
3:143  0:004  - [00]: random
3:152  0:008  - [00]: embedded
3:160  0:008  === [ Found config plists ] =====================
3:164  0:004  - config.plist
3:168  0:003  - config-sample.plist
3:172  0:004  - config_old.plist
3:176  0:004  === [ LoadDrivers ] =============================
3:181  0:004  Loading NvmExpressDxe.efi status=Success
3:196  0:014   - driver needs connecting
3:200  0:004  Loading EnglishDxe.efi status=Success
3:214  0:014  Loading AppleKeyFeeder.efi status=Success
3:229  0:014  Loading VBoxHfs.efi status=Success
3:243  0:014   - driver needs connecting
3:248  0:004  Loading HashServiceFix.efi status=Success
3:262  0:014  Loading PartitionDxe.efi status=Success
3:276  0:014   - driver needs connecting
3:280  0:003  Loading ApfsDriverLoader.efi status=Success
3:294  0:014   - driver needs connecting
3:298  0:004  4 drivers needs connecting ...
3:299  0:000  PlatformDriverOverrideProtocol not found. Installing ... Success
3:299  0:000  Partition driver loaded: 
3:299  0:000  HFS+ driver loaded
3:300  0:000  APFS driver loaded
3:300  0:000  Searching for invalid DiskIo BY_DRIVER connects: not found, all ok
3:528  0:228  === [ InitScreen ] ==============================
3:532  0:004  Console modes reported: 4, available modes:
3:536  0:003   - [01]: 80x25 (current mode)
3:541  0:004   - [03]: 100x31
3:545  0:004   - [04]: 170x40
3:549  0:004  SetScreenResolution: 1920x1080 - not found!
3:557  0:008  SetMaxResolution: found best mode 0: 1366x768
3:565  0:007   - already set
3:570  0:005  Using embedded font
3:575  0:004  === [ ScanSPD ] =================================
3:579  0:004  SMBus device : 8086 A323 class=0C0500 status=Success
3:583  0:003  SMBus CmdReg: 0x3
3:587  0:004  Scanning SMBus [8086:A323], mmio: 0x12116004, ioport: 0xEFA0, hostc: 0x11
3:591  0:004  Slots to scan [8]...
3:596  0:004  SPD[0]: Got invalid type 0 @0x50. Will set page and retry.
3:600  0:004  SPD[0]: Type 12 @0x50
3:622  0:021  XMP Profile1: 4*125 -31 ns
3:626  0:004  Found module with XMP version 2.0
3:630  0:004  Using XMP Profile1 instead of standard frequency 2132MHz
3:634  0:004  DDR speed 4264MHz
3:638  0:003  Slot: 0 Type 26 8192MB 4264MHz Vendor=Corsair PartNo=CMK16GX4M2K4266C19 SerialNo=00000000
3:643  0:004  SPD[1]: Type 12 @0x51
3:664  0:021  XMP Profile1: 4*125 -31 ns
3:668  0:003  Found module with XMP version 2.0
3:672  0:004  Using XMP Profile1 instead of standard frequency 2132MHz
3:676  0:004  DDR speed 4264MHz
3:681  0:004  Slot: 1 Type 26 8192MB 4264MHz Vendor=Corsair PartNo=CMK16GX4M2K4266C19 SerialNo=00000000
3:686  0:005  === [ GetAcpiTablesList ] =======================
3:690  0:004  Get Acpi Tables List from RSDT: count=25
3:698  0:008   - [00]: FACP  A M I  len=132
3:702  0:003   - [01]: APIC  A M I  len=188
3:706  0:004   - [02]: FPDT  A M I  len=68
3:710  0:004   - [03]: FIDT  A M I len=156
3:714  0:004   - [04]: MCFG  A M I  len=60
3:718  0:004   - [05]: WSMT  A M I  len=40
3:722  0:004   - [06]: SSDT  SataTabl len=888
3:726  0:003   - [07]: SSDT  CpuSsdt len=6101
3:730  0:003   - [08]: SSDT  SaSsdt  len=12443
3:735  0:004   - [09]: SSDT  PegSsdt len=9048
3:739  0:004   - [10]: HPET  A M I  len=56
3:743  0:004   - [11]: SSDT  Ther_Rvp len=3998
3:747  0:004   - [12]: SSDT  xh_cfsd4 len=10579
3:751  0:004   - [13]: UEFI  A M I  len=72
3:755  0:004   - [14]: LPIT  A M I  len=92
3:759  0:003   - [15]: SSDT  PtidDevc len=10206
3:763  0:003   - [16]: SSDT  TbtTypeC len=4094
3:767  0:004   - [17]: DBGP  A M I  len=52
3:771  0:004   - [18]: DBG2  A M I  len=84
3:775  0:004   - [19]: SSDT  UsbCTabl len=6449
3:780  0:004   - [20]: SSDT  ADebTabl len=324
3:783  0:003   - [21]: VFCT  A M I  len=59524
3:787  0:003   - [22]: BGRT  A M I  len=56
3:791  0:004   - [23]: WPBT  A M I len=60
3:796  0:004   - [24]: TPM2  A M I  len=52
3:802  0:006   - [00]: Drop table : MATS,                0 :  no
3:810  0:007   - [01]: Drop table : DMAR,                0 :  no
3:818  0:008  Custom boot CUSTOM_BOOT_DISABLED (0x0)
3:822  0:004  Default theme: embedded
3:826  0:004  Set FakeCPUID: 0x0
3:831  0:004  === [ Found DSDT tables ] =======================
3:836  0:004  === [ InitKextList ] ============================
3:840  0:004  Added Kext=Other\USBMap.kext (1.0)
3:845  0:004  Added Kext=Other\FakeSMC.kext (3.5.6)
3:850  0:004  Added Kext=Other\NVMeFix.kext (1.1.0)
3:856  0:006  === [ ScanVolumes ] =============================
3:862  0:005  Found 12 volumes with blockIO
3:866  0:004  - [00]: Volume: PciRoot(0x0)\Pci(0x17,0x0)\Sata(0x0,0xFFFF,0x0)
3:875  0:008  - [01]: Volume: PciRoot(0x0)\Pci(0x17,0x0)\Sata(0x0,0xFFFF,0x0)\HD(1,GPT,38DCC513-D608-408E-9D2F-1469C8B906A0,0x28,0x64000)
3:884  0:009          Result of bootcode detection: bootable unknown (legacy)
3:889  0:005            label : EFI
3:893  0:003  - [02]: Volume: PciRoot(0x0)\Pci(0x17,0x0)\Sata(0x0,0xFFFF,0x0)\HD(2,GPT,C20AA839-E88E-4CED-8CAB-9480B290394C,0x64028,0x15D466360)
3:922  0:028            label : Dati
3:926  0:004  - [03]: Volume: PciRoot(0x0)\Pci(0x1D,0x0)\Pci(0x0,0x0)\NVMe(0x1,CA-8F-B2-81-58-38-25-00)
3:934  0:008  - [04]: Volume: PciRoot(0x0)\Pci(0x1D,0x0)\Pci(0x0,0x0)\NVMe(0x1,CA-8F-B2-81-58-38-25-00)\HD(1,GPT,6E40A227-DDED-4325-B7CE-3959620EB39E,0x28,0x64000)
3:943  0:008          Result of bootcode detection: bootable unknown (legacy)
3:948  0:005            label : EFI
3:952  0:004          This is SelfVolume !!
3:956  0:004  - [05]: Volume: PciRoot(0x0)\Pci(0x1D,0x0)\Pci(0x0,0x0)\NVMe(0x1,CA-8F-B2-81-58-38-25-00)\HD(2,GPT,9508A8C6-F9B9-4EDD-ABC7-C1C4A019C410,0x64028,0x3A321FE0)
3:964  0:008          Result of bootcode detection: bootable unknown (legacy)
3:968  0:004  - [06]: Volume: PciRoot(0x0)\Pci(0x1D,0x0)\Pci(0x0,0x0)\NVMe(0x1,CA-8F-B2-81-58-38-25-00)\HD(2,GPT,9508A8C6-F9B9-4EDD-ABC7-C1C4A019C410,0x64028,0x3A321FE0)\VenMedia(BE74FCF7-0B7C-49F3-9147-01F4042E6842,F2738F7DD5B89341BB89C99D72294438)
3:976  0:007            apfsFileSystemUUID=7D8F73F2-B8D5-4193-BB89-C99D72294438, ApfsContainerUUID=85F3C012-2D6D-4FA1-A77E-71D7470E7FA2, ApfsRole=0x10
3:980  0:004            label : Preboot
3:984  0:004  - [07]: Volume: PciRoot(0x0)\Pci(0x1D,0x0)\Pci(0x0,0x0)\NVMe(0x1,CA-8F-B2-81-58-38-25-00)\HD(2,GPT,9508A8C6-F9B9-4EDD-ABC7-C1C4A019C410,0x64028,0x3A321FE0)\VenMedia(BE74FCF7-0B7C-49F3-9147-01F4042E6842,5D6490A424B7BC4F9AC8F7A23B1C4935)
3:992  0:008            apfsFileSystemUUID=A490645D-B724-4FBC-9AC8-F7A23B1C4935, ApfsContainerUUID=85F3C012-2D6D-4FA1-A77E-71D7470E7FA2, ApfsRole=0x40
4:008  0:015            label : Macintosh HD - Dati
4:012  0:004  - [08]: Volume: PciRoot(0x0)\Pci(0x1D,0x0)\Pci(0x0,0x0)\NVMe(0x1,CA-8F-B2-81-58-38-25-00)\HD(2,GPT,9508A8C6-F9B9-4EDD-ABC7-C1C4A019C410,0x64028,0x3A321FE0)\VenMedia(BE74FCF7-0B7C-49F3-9147-01F4042E6842,B6D67091A529BA4BA6736F0E24A99093)
4:020  0:007            apfsFileSystemUUID=9170D6B6-29A5-4BBA-A673-6F0E24A99093, ApfsContainerUUID=85F3C012-2D6D-4FA1-A77E-71D7470E7FA2, ApfsRole=0x4
4:024  0:004            label : Recovery
4:028  0:003  - [09]: Volume: PciRoot(0x0)\Pci(0x1D,0x0)\Pci(0x0,0x0)\NVMe(0x1,CA-8F-B2-81-58-38-25-00)\HD(2,GPT,9508A8C6-F9B9-4EDD-ABC7-C1C4A019C410,0x64028,0x3A321FE0)\VenMedia(BE74FCF7-0B7C-49F3-9147-01F4042E6842,C30BF988C32C724BB297A45648EE79C3)
4:036  0:008            apfsFileSystemUUID=88F90BC3-2CC3-4B72-B297-A45648EE79C3, ApfsContainerUUID=85F3C012-2D6D-4FA1-A77E-71D7470E7FA2, ApfsRole=0x1
4:042  0:005            label : Macintosh HD
4:046  0:004  - [10]: Volume: PciRoot(0x0)\Pci(0x1D,0x0)\Pci(0x0,0x0)\NVMe(0x1,CA-8F-B2-81-58-38-25-00)\HD(2,GPT,9508A8C6-F9B9-4EDD-ABC7-C1C4A019C410,0x64028,0x3A321FE0)\VenMedia(BE74FCF7-0B7C-49F3-9147-01F4042E6842,982FC8B0B1F22A41B736D33F4320CF33)
4:055  0:008            apfsFileSystemUUID=B0C82F98-F2B1-412A-B736-D33F4320CF33, ApfsContainerUUID=85F3C012-2D6D-4FA1-A77E-71D7470E7FA2, ApfsRole=0xc0
4:059  0:004            label : Update
4:063  0:003  - [11]: Volume: PciRoot(0x0)\Pci(0x1D,0x0)\Pci(0x0,0x0)\NVMe(0x1,CA-8F-B2-81-58-38-25-00)\HD(2,GPT,9508A8C6-F9B9-4EDD-ABC7-C1C4A019C410,0x64028,0x3A321FE0)\VenMedia(BE74FCF7-0B7C-49F3-9147-01F4042E6842,D0BFA628AA2C7548AE15EA6E25144D32)
4:071  0:008            apfsFileSystemUUID=28A6BFD0-2CAA-4875-AE15-EA6E25144D32, ApfsContainerUUID=85F3C012-2D6D-4FA1-A77E-71D7470E7FA2, ApfsRole=0x8
4:075  0:004            label : VM
4:079  0:003  No AudioIoProtocols, status=Not Found
4:084  0:004  === [ InitXTheme ] ==============================
4:088  0:004  use Daylight theme
4:092  0:004   using embedded theme
4:105  0:012  Using embedded font
4:109  0:004  theme inited
4:113  0:003  Chosen embedded theme
4:117  0:004  found boot-args in NVRAM:keepsyms=1 alcid=11 shikigva=80, size=32
4:121  0:004  ...found arg:keepsyms=1
4:125  0:004  ...adding arg:keepsyms=1
4:129  0:003  ...found arg:alcid=11
4:133  0:003  ...adding arg:alcid=11
4:137  0:004  ...found arg:shikigva=80
4:141  0:003  ...adding arg:shikigva=80
4:145  0:003  after NVRAM boot-args=-v agdpmod=pikera keepsyms=1 alcid=11 shikigva=80 
4:149  0:004  Scanning legacy ...
4:156  0:007  === [ Dump SMC keys from NVRAM ] ================
4:163  0:006  found AppleSMC protocol
4:175  0:012     fakesmc-key-RVBF-ch8*:02 46 0F 00 00 12 
4:208  0:033     fakesmc-key-#KEY-ui32:00 00 00 11 
4:233  0:025     fakesmc-key-$Adr-ui32:00 00 03 00 
4:259  0:025     fakesmc-key-$Num-ui8:01 
4:272  0:013     fakesmc-key-RMde-char:41 
4:285  0:013     fakesmc-key-RBr -ch8*:6A 31 33 38 5F 39 00 00 
4:327  0:041     fakesmc-key-EPCI-ui32:09 D0 F0 00 
4:352  0:025     fakesmc-key-REV -ch8*:02 46 0F 00 00 12 
4:386  0:033     fakesmc-key-RPlt-ch8*:6A 31 33 38 00 00 00 00 
4:428  0:042     fakesmc-key-BEMB-flag:00 
4:442  0:013     fakesmc-key-BATP-flag:00 
4:455  0:013     fakesmc-key-BNum-ui8:00 
4:468  0:013     fakesmc-key-MSTc-ui8:00 
4:482  0:013     fakesmc-key-MSAc-ui16:00 00 
4:499  0:017     fakesmc-key-MSWr-ui8:00 
4:518  0:018     fakesmc-key-MSFW-ui8:01 00 
4:538  0:019     fakesmc-key-MSPS-ui16:00 03 
4:562  0:024  Registered 17 SMC keys
4:570  0:008  === [ ScanLoader ] ==============================
4:574  0:004  - [01]: 'EFI'
4:601  0:026  - [02]: 'Dati'
4:646  0:045  - [04]: 'EFI'
4:658  0:011        AddLoaderEntry for Volume Name=EFI, idx=0
4:662  0:004        OSVersion= 
4:666  0:003        IconName=unknown comma=-1 size=7
4:670  0:004        Full=unknown
4:674  0:004        Loader entry created for 'PciRoot(0x0)\Pci(0x1D,0x0)\Pci(0x0,0x0)\NVMe(0x1,CA-8F-B2-81-58-38-25-00)\HD(1,GPT,6E40A227-DDED-4325-B7CE-3959620EB39E,0x28,0x64000)\EFI\BOOT\BOOTX64.efi'
4:678  0:003       hiding entry: \EFI\BOOT\BOOTX64.efi
4:682  0:004        Menu entry added at index 0
4:686  0:003       hiding entry because DiskKind is DISK_KIND_INTERNAL: \EFI\BOOT\BOOTX64.efi
4:691  0:004  - [06]: 'Preboot'
4:698  0:007      ApfsContainerUUID=85F3C012-2D6D-4FA1-A77E-71D7470E7FA2
4:702  0:004      ApfsFileSystemUUID=7D8F73F2-B8D5-4193-BB89-C99D72294438
4:706  0:004      APFSTargetUUID=A490645D-B724-4FBC-9AC8-F7A23B1C4935
4:711  0:004        contentDetails name:Macintosh HD
4:715  0:004        AddLoaderEntry for Volume Name=Preboot, idx=1
4:719  0:004        OSVersion=14.4 
4:723  0:003        Check if volume Is Hibernated:
4:727  0:003        Check sleep image 'by signature':
4:731  0:004        using default sleep image name = \private\var\vm\sleepimage
4:735  0:003        cannot open sleepimage -> Not Found
4:739  0:003        hibernated: no - sign
4:743  0:004        IconName=sonoma,mac comma=6 size=10
4:747  0:003        first=os_sonoma
4:751  0:003        Second=os_mac
4:755  0:003        IconName=unknown comma=-1 size=7
4:759  0:003        Full=unknown
4:762  0:003        Loader entry created for 'PciRoot(0x0)\Pci(0x1D,0x0)\Pci(0x0,0x0)\NVMe(0x1,CA-8F-B2-81-58-38-25-00)\HD(2,GPT,9508A8C6-F9B9-4EDD-ABC7-C1C4A019C410,0x64028,0x3A321FE0)\VenMedia(BE74FCF7-0B7C-49F3-9147-01F4042E6842,F2738F7DD5B89341BB89C99D72294438)\A490645D-B724-4FBC-9AC8-F7A23B1C4935\System\Library\CoreServices\boot.efi'
4:767  0:004        Menu entry added at index 1
4:771  0:003  - [07]: 'Macintosh HD - Dati'
4:779  0:007      ApfsContainerUUID=85F3C012-2D6D-4FA1-A77E-71D7470E7FA2
4:783  0:003      ApfsFileSystemUUID=A490645D-B724-4FBC-9AC8-F7A23B1C4935
4:787  0:003  - [08]: 'Recovery'
4:795  0:007      ApfsContainerUUID=85F3C012-2D6D-4FA1-A77E-71D7470E7FA2
4:800  0:005      ApfsFileSystemUUID=9170D6B6-29A5-4BBA-A673-6F0E24A99093
4:804  0:003      APFSTargetUUID=A490645D-B724-4FBC-9AC8-F7A23B1C4935
4:808  0:003        contentDetails name:Macintosh HD
4:812  0:004        AddLoaderEntry for Volume Name=Recovery, idx=2
4:817  0:004        OSVersion=14.4 
4:821  0:004        IconName=sonoma,mac comma=6 size=10
4:825  0:003        first=os_sonoma
4:829  0:004        Second=os_mac
4:833  0:003        IconName=unknown comma=-1 size=7
4:837  0:003        Full=unknown
4:841  0:003        Loader entry created for 'PciRoot(0x0)\Pci(0x1D,0x0)\Pci(0x0,0x0)\NVMe(0x1,CA-8F-B2-81-58-38-25-00)\HD(2,GPT,9508A8C6-F9B9-4EDD-ABC7-C1C4A019C410,0x64028,0x3A321FE0)\VenMedia(BE74FCF7-0B7C-49F3-9147-01F4042E6842,B6D67091A529BA4BA6736F0E24A99093)\A490645D-B724-4FBC-9AC8-F7A23B1C4935\BaseSystem.dmg'
4:845  0:004        Menu entry added at index 2
4:850  0:004  - [09]: 'Macintosh HD'
4:858  0:007      ApfsContainerUUID=85F3C012-2D6D-4FA1-A77E-71D7470E7FA2
4:861  0:003      ApfsFileSystemUUID=88F90BC3-2CC3-4B72-B297-A45648EE79C3
4:869  0:007  - [10]: 'Update'
4:877  0:007      ApfsContainerUUID=85F3C012-2D6D-4FA1-A77E-71D7470E7FA2
4:881  0:003      ApfsFileSystemUUID=B0C82F98-F2B1-412A-B736-D33F4320CF33
4:885  0:003  - [11]: 'VM'
4:893  0:007      ApfsContainerUUID=85F3C012-2D6D-4FA1-A77E-71D7470E7FA2
4:897  0:003      ApfsFileSystemUUID=28A6BFD0-2CAA-4875-AE15-EA6E25144D32
4:901  0:004  Entries list before ordering
4:905  0:003      Entry 0 : Boot UEFI internal from EFI (hidden)
4:909  0:003      Entry 1 : Boot Mac OS from Macintosh HD via Preboot
4:913  0:003      Entry 2 : Boot Mac OS Recovery for Macintosh HD via Recovery
4:916  0:003  Entries list after ordering
4:920  0:003    Entry 0 : Boot UEFI internal from EFI (hidden)
4:924  0:003    Entry 1 : Boot Mac OS from Macintosh HD via Preboot
4:928  0:003    Entry 2 : Boot Mac OS Recovery for Macintosh HD via Recovery
4:932  0:004  === [ AddCustomTool ] ===========================
4:937  0:004  found tool \EFI\CLOVER\tools\Shell64U.efi
4:940  0:003  Checking EFI partition Volume 1 for Clover
4:946  0:005   Found Clover
4:950  0:004  === [ GetEfiBootDeviceFromNvram ] ===============
4:954  0:004   - [!] efi-boot-device-data not found
4:958  0:003  Default boot entry not found
4:962  0:003  BannerPlace at Clear Screen [619,68]
4:983  0:021  GUI ready
10:535  5:551  Boot option 0 has other volume name Macintosh HDboot.efi
10:539  0:004  === [ StartLoader ] =============================
10:543  0:003  Starting PciRoot(0x0)\Pci(0x1D,0x0)\Pci(0x0,0x0)\NVMe(0x1,CA-8F-B2-81-58-38-25-00)\HD(2,GPT,9508A8C6-F9B9-4EDD-ABC7-C1C4A019C410,0x64028,0x3A321FE0)\VenMedia(BE74FCF7-0B7C-49F3-9147-01F4042E6842,F2738F7DD5B89341BB89C99D72294438)\A490645D-B724-4FBC-9AC8-F7A23B1C4935\System\Library\CoreServices\boot.efi
10:547  0:003  Finally: ExternalClock=26MHz BusSpeed=100014kHz CPUFreq=3600MHz PIS: hw.busfrequency=104000000Hz
10:555  0:008  Beginning OC
10:559  0:004  OCST: Missing vault data, ignoring...
10:563  0:004  AddKextsInArray from Other
10:567  0:004  ->Extra kext: Other\USBMap.kext (v.1.0)
10:571  0:004  ->Extra kext: Other\FakeSMC.kext (v.3.5.6)
10:575  0:003  ->Extra kext: Other\NVMeFix.kext (v.1.1.0)
10:579  0:004  AddKextsInArray from Off
10:583  0:003  AddKextsInArray from 14
10:587  0:004  AddKextsInArray from 14_normal
10:591  0:003  AddKextsInArray from 14.4
10:595  0:004  AddKextsInArray from 14.4_normal
10:599  0:003  AddKextsInArray from 14.4.0
10:603  0:003  AddKextsInArray from 14.4.0_normal
10:607  0:004  Bridge kext to OC : Path=Other\FakeSMC.kext
10:612  0:004  Bridge kext to OC : Path=Other\USBMap.kext
10:616  0:004  Bridge kext to OC : Path=Other\NVMeFix.kext
10:623  0:007  Start 'OpenRuntime.efi' : Status Success
10:627  0:004  OC: config config.plist
10:631  0:003  OC: Got 0 drivers
10:635  0:003  OC: OpenCore DBG-102-2024-09-12 is loading in Optional mode (0/0)...
10:639  0:004  OC: StorageHandle 0 with  LauncherOption pointing to 
10:644  0:004  OcOSInfoInstallProtocol
10:648  0:004  OCRTC: OcAppleRtcRamInstallProtocol
10:652  0:004  OCRTC: Wake log is 0x00 0x00   0 0x00
10:656  0:004  OcAppleFbInfoInstallProtocol
10:660  0:003  OcAppleEg2InfoInstallProtocol
10:664  0:003  OCEG: Discovered rotate NVRAM override to 0
10:668  0:003  OC: Loading Apple Secure Boot with Disabled (level 0)
10:673  0:004  OCABC: ALRBL 0 RTDFRG 1 DEVMMIO 1 NOSU 0 NOVRWR 0 NOSB 0 FBSIG 0 NOHBMAP 0 SMSLIDE 1 WRUNPROT 1
10:677  0:004  OCABC: FEXITBS 0 PRMRG 0 CSLIDE 1 MSLIDE 0 PRSRV 1 RBMAP 1 VMAP 1 APPLOS 0 RTPERMS 1 ARBAR -1 RBIO 0
10:681  0:003  OCABC: Got rendezvous with OpenRuntime r12
10:685  0:003  OCABC: MAT support is 1
10:688  0:003  OC: RequestBootVarRouting 0
10:693  0:004  OCDM: Found 0x20046/0x2003C UEFI version (376 bytes, 0 rebuilding to 376) gST 7AB3B018 gBS 6D82E3A0 gBS->CreateEventEx 6D81C904 &gBS 6D5062C0
10:697  0:003  OC: Setting GPU BARs to 0
10:701  0:004  OCDM: RBAR using PciIo
10:705  0:004  OCDM: Setting RBAR to 0 inc 1 on 3/18
10:709  0:004  OCDM: Capability I/O error - Unsupported
10:713  0:004  OCDM: RBAR is unsupported by device - Device Error
10:717  0:003  OCDM: Setting RBAR to 0 inc 1 on 5/18
10:721  0:004  OCDM: Capability I/O error - Unsupported
10:725  0:003  OCDM: RBAR is unsupported by device - Device Error
10:730  0:004  OC: Got 0 drivers
10:734  0:004  OCC: Installing GOP (Unsupported) on ConsoleOutHandle...
10:739  0:004  OC: Requested resolution is 1920x1080@0 (max: 0, force: 0) from 1920x1080
10:743  0:004  OCC: Using builtin text renderer with 1 scale
10:747  0:004  OCC: Install console control (6D4F13D0/6D815D88/0), current - Success
10:751  0:004  OCC: Setup ASCII Output - Success
10:755  0:003  OC: Requested console mode is 0x0 (max: 0) from 
10:759  0:004  OC: Invalid HibernateMode: 
10:763  0:004  OC: Translated HibernateMode  to 0
10:767  0:004  OC: Hibernation activation - Invalid Parameter, hibernation wake - no
10:778  0:010  OC: Saving 10424 byte panic log panic-2024-11-25-184358.txt - Success
10:782  0:004  OCABC: IsEfiBootRt 0 (BP 1, Apple 0)
10:787  0:005  OCB: Arch filtering 72D5A018(723512)->72D5A018(723512) caps 0 - Success
10:798  0:010  ImageHandle = 72ffb718
10:806  0:008  GetOSVersion: 14.4 (s)
10:814  0:007  Will not patch boot.efi
10:818  0:003  Using latest BiosVersion from config instead of default 'IM191.88Z.F000.B00.2302212211'
10:822  0:004  Using latest BiosReleaseDate from config instead of default '02/21/2023'
10:826  0:004  BiosVersion: IM191.88Z.F000.B00.2308061817
10:830  0:003  BiosReleaseDate: 08/06/2023
10:834  0:003  EfiVersion: 1968.100.16.0.1
10:838  0:004  SMBIOS reloaded with model iMac19,1
10:842  0:004  Set FakeCPUID: 0x0
10:846  0:003  === [ PatchSmbios ] =============================
10:850  0:004  UpdateSmbiosString : BiosVersion=EfiVersion=1968.100.16.0.1
10:854  0:004  UpdateSmbiosString : ReleaseDate=08/06/2023
10:858  0:004  void PatchTableType1(const SmbiosInjectedSettings&) : UpdateSmbiosString ProductName=iMac19,1
10:862  0:004  void PatchTableType2(const SmbiosInjectedSettings&) : UpdateSmbiosString ProductName=BoardNumber=Mac-AA95B1DDAB278B95
10:866  0:003  void PatchTableType2(const SmbiosInjectedSettings&) : UpdateSmbiosString Version=BoardVersion=iMac19,1
10:871  0:004  insert table 9 for dev 0:0
10:875  0:003  insert table 9 for dev 0:1
10:878  0:003  insert table 9 for dev 1F:6
10:883  0:004  Table 11 present, but rewritten for us
10:888  0:005  Do not inject memory table
10:892  0:004  Trusting SMBIOS...
10:896  0:004  Channels: 1
10:900  0:004  Interleave: 0 1 2 3
10:924  0:023  trusted SMBIOS data, table index 0:
10:928  0:004    gRAM.SMBIOS[0]->ModuleSize = 8192
10:932  0:004    gRAM.SMBIOS[0]->Type = 0
10:936  0:004    gRAM.SMBIOS[0]->Frequency = 3200
10:940  0:003    gRAM.SMBIOS[0]->Vendor = Corsair
10:944  0:003    gRAM.SMBIOS[0]->PartNo = CMK16GX4M2K4266C19
10:948  0:004    gRAM.SMBIOS[0]->SerialNo = 00000000
10:952  0:004  SPD data in use:
10:956  0:003    gRAM.SPD[0]->ModuleSize = 8192
10:960  0:003    gRAM.SPD[0]->Type = 26
10:964  0:004    gRAM.SPD[0]->Frequency = 4264
10:968  0:004    gRAM.SPD[0]->Vendor = Corsair
10:972  0:003    gRAM.SPD[0]->SerialNo = 00000000
10:976  0:003    gRAM.SPD[0]->PartNo = CMK16GX4M2K4266C19
10:980  0:004    SMBIOS Type 17 Index = 0 => SMBIOSIndex=0 SPDIndex=0:
10:984  0:003  BANK 0 DIMM0 4264MHz 8192MB(Ext:0MB)
10:988  0:003  trusted SMBIOS data, table index 1:
10:992  0:004    gRAM.SMBIOS[1]->ModuleSize = 8192
10:996  0:003    gRAM.SMBIOS[1]->Type = 0
11:000  0:004    gRAM.SMBIOS[1]->Frequency = 3200
11:004  0:004    gRAM.SMBIOS[1]->Vendor = Corsair
11:008  0:004    gRAM.SMBIOS[1]->PartNo = CMK16GX4M2K4266C19
11:012  0:003    gRAM.SMBIOS[1]->SerialNo = 00000000
11:016  0:004  SPD data in use:
11:020  0:004    gRAM.SPD[1]->ModuleSize = 8192
11:024  0:003    gRAM.SPD[1]->Type = 26
11:028  0:003    gRAM.SPD[1]->Frequency = 4264
11:032  0:004    gRAM.SPD[1]->Vendor = Corsair
11:036  0:004    gRAM.SPD[1]->SerialNo = 00000000
11:040  0:004    gRAM.SPD[1]->PartNo = CMK16GX4M2K4266C19
11:044  0:003    SMBIOS Type 17 Index = 1 => SMBIOSIndex=1 SPDIndex=1:
11:048  0:003  BANK 0 DIMM1 4264MHz 8192MB(Ext:0MB)
11:052  0:003  !trusted SMBIOS data, Table index 2:!gRAM.SMBIOS.doesSlotForIndexExist(SMBIOSIndex) 
11:063  0:011    SMBIOS Type 17 Index = 2 => SMBIOSIndex=2 SPDIndex=2:
11:067  0:003  BANK 0 DIMM2 EMPTY
11:071  0:003  !trusted SMBIOS data, Table index 3:!gRAM.SMBIOS.doesSlotForIndexExist(SMBIOSIndex) 
11:083  0:011    SMBIOS Type 17 Index = 3 => SMBIOSIndex=3 SPDIndex=3:
11:087  0:003  BANK 0 DIMM3 EMPTY
11:091  0:003  mTotalSystemMemory = 16384
11:095  0:003  NumberOfMemoryDevices = 4
11:099  0:003  Type20[0]->End = 0x7FFFFF, Type17[0] = 2000
11:103  0:003  Type20[1]->End = 0xFFFFFF, Type17[1] = 6000
11:107  0:003  Table 131 is present, CPUType=35
11:110  0:003  Change to: 1005
11:114  0:003  === [ PatchACPI ] ===============================
11:118  0:004  OCABC: AllocPages 1 0x7A308000 (1) - Success
11:122  0:003  Xsdt reallocation done
11:126  0:003  OCABC: AllocPages 1 0x7A307000 (1) - Success
11:130  0:003  old FADT length=114
11:134  0:003   SignatureFixup: 0x7173A1F4 -> 0x0
11:138  0:003  Found OperationRegion(GNVS, SystemMemory, 7A345000, ...)
11:142  0:003  Found OperationRegion(RAMW, SystemMemory, 7A349018, ...)
11:146  0:004  Found OperationRegion(RAMX, SystemMemory, 7A2A5018, ...)
11:150  0:003  Found OperationRegion(PNVA, SystemMemory, 7A3D1B98, ...)
11:154  0:004  Found OperationRegion(THBA, SystemMemory, FE200000, ...)
11:159  0:004  Found OperationRegion(BNVS, SystemMemory, 7A35A000, ...)
11:163  0:003  Found OperationRegion(SMBD, SystemMemory, E00FC004, ...)
11:167  0:004  Found OperationRegion(TMMB, SystemMemory, FED40000, ...)
11:171  0:003  Found OperationRegion(CRBD, SystemMemory, FED40000, ...)
11:175  0:003  Found OperationRegion(TPMR, SystemMemory, FED40040, ...)
11:179  0:003  Found OperationRegion(ATNV, SystemMemory, 7A3D1F98, ...)
11:186  0:006  Found OperationRegion(WPBR, SystemMemory, 7A333000, ...)
11:190  0:004  OCABC: AllocPages 1 0x7A2B8000 (79) - Success
11:194  0:004  Apply DsdtFixMask=0x10400000
11:198  0:003  === [ FixBiosDsdt ] =============================
11:203  0:004  Patching DSDT:
11:207  0:003   - [change EC0 to EC]: pattern 4543305F, patched at: [ (F96F) ]
11:226  0:019   - [change HECI to IMEI]: pattern 48454349, patched at: [ (18CAE) ]
11:256  0:030   deleting device CRT_
11:265  0:008   deleting device DVI_
11:273  0:007   deleting device SPKR
11:281  0:008   deleting device ECP_
11:289  0:008   deleting device LPT_
11:297  0:008   deleting device FDC0
11:305  0:008   deleting device ECP1
11:313  0:008   deleting device LPT1
11:322  0:008   deleting device FDC_
11:330  0:008    indirect name=RAMB
11:334  0:004    indirect name=RAMA
11:338  0:004    indirect name=PNVB
11:342  0:004  OperationRegion (THBA...) corrected from 0x0 to addr=0xFE200000
11:346  0:004    indirect name=TPMM
11:350  0:004    indirect name=FTPM
11:354  0:004    indirect name=PPIM
11:358  0:003  PreCleanup XSDT: count=25, length=236
11:362  0:004  PreCleanup XSDT, corrected XSDT: count=25, length=236
11:366  0:003  === [ ACPIDropTables ] ==========================
11:371  0:004  OCABC: AllocPages 1 0x7A2B6000 (2) - Success
11:375  0:004  OCABC: AllocPages 1 0x7A2B6000 (2) - Success
11:379  0:004  OCABC: AllocPages 1 0x7A2B6000 (2) - Success
11:383  0:003  OCABC: AllocPages 1 0x7A2B6000 (2) - Success
11:387  0:003  OCABC: AllocPages 1 0x7A2B6000 (2) - Success
11:391  0:004  OCABC: AllocPages 1 0x7A2B6000 (2) - Success
11:395  0:003  Patching SSDTs: 2 patches each
11:399  0:003   pattern 4543305F, bin not found / already patched!
11:406  0:007   pattern 48454349, bin not found / already patched!
11:414  0:007  OCABC: AllocPages 1 0x7A2B3000 (3) - Success
11:418  0:003  Patching SSDTs: 2 patches each
11:422  0:003   pattern 4543305F, bin not found / already patched!
11:430  0:008   pattern 48454349, bin not found / already patched!
11:438  0:008  Found OperationRegion(PNVS, SystemMemory, 7ADF2000, ...)
11:442  0:003  OCABC: AllocPages 1 0x7A2AE000 (5) - Success
11:446  0:003  Patching SSDTs: 2 patches each
11:450  0:003   pattern 4543305F, bin not found / already patched!
11:458  0:007   pattern 48454349, bin not found / already patched!
11:466  0:008  Found OperationRegion(SANV, SystemMemory, 7A3D1118, ...)
11:470  0:004  OCABC: AllocPages 1 0x7A2AA000 (4) - Success
11:474  0:004  Patching SSDTs: 2 patches each
11:478  0:004   pattern 4543305F, bin not found / already patched!
11:487  0:008   pattern 48454349, bin not found / already patched!
11:495  0:007  OCABC: AllocPages 1 0x7A2A8000 (2) - Success
11:499  0:004  OCABC: AllocPages 1 0x7A2A8000 (2) - Success
11:503  0:004  Patching SSDTs: 2 patches each
11:507  0:004   pattern 4543305F, bin not found / already patched!
11:515  0:008   pattern 48454349, bin not found / already patched!
11:523  0:007  OCABC: AllocPages 1 0x7A129000 (4) - Success
11:527  0:004  Patching SSDTs: 2 patches each
11:531  0:004   pattern 4543305F, bin not found / already patched!
11:540  0:008   pattern 48454349, bin not found / already patched!
11:548  0:008  OCABC: AllocPages 1 0x7A2A6000 (2) - Success
11:552  0:003  OCABC: AllocPages 1 0x7A2A6000 (2) - Success
11:556  0:003  OCABC: AllocPages 1 0x7A125000 (4) - Success
11:560  0:004  Patching SSDTs: 2 patches each
11:564  0:004   pattern 4543305F, bin not found / already patched!
11:572  0:008   pattern 48454349, bin not found / already patched!
11:580  0:008  OCABC: AllocPages 1 0x7A2A6000 (2) - Success
11:584  0:003  Patching SSDTs: 2 patches each
11:588  0:003   pattern 4543305F, bin not found / already patched!
11:596  0:008   pattern 48454349, bin not found / already patched!
11:604  0:008  OCABC: AllocPages 1 0x7A123000 (2) - Success
11:608  0:003  OCABC: AllocPages 1 0x7A123000 (2) - Success
11:612  0:004  OCABC: AllocPages 1 0x7A122000 (3) - Success
11:616  0:004  Patching SSDTs: 2 patches each
11:621  0:004   pattern 4543305F, bin not found / already patched!
11:629  0:008   pattern 48454349, bin not found / already patched!
11:637  0:008  OCABC: AllocPages 1 0x7A120000 (2) - Success
11:641  0:003  Patching SSDTs: 2 patches each
11:645  0:003   pattern 4543305F, bin not found / already patched!
11:653  0:007   pattern 48454349, bin not found / already patched!
11:661  0:007  Found OperationRegion(ADHD, SystemMemory, 78C93000, ...)
11:665  0:004  Found OperationRegion(ABLK, SystemMemory, 78C93020, ...)
11:669  0:004  OCABC: AllocPages 1 0x7A110000 (16) - Success
11:673  0:004  OCABC: AllocPages 1 0x7A11E000 (2) - Success
11:677  0:004  OCABC: AllocPages 1 0x7A11E000 (2) - Success
11:681  0:004  OCABC: AllocPages 1 0x7A11E000 (2) - Success
11:685  0:003  ApicCPUNum=1
11:689  0:004  Maximum control=0x24
11:693  0:004  Turbo control=0x31
11:698  0:004  P-States: min 0x8, max 0x31
11:702  0:004  SSDT with plugin-type without P-States is generated
11:705  0:003  OCABC: AllocPages 1 0x7A11F000 (1) - Success
11:709  0:004  Cleanup XSDT: count=26, length=244
11:713  0:003  corrected XSDT count=26, length=244
11:718  0:004  === [ RestSetup macOS ] =========================
11:722  0:004  ATI injection not set
11:726  0:003  Intel GFX injection not set
11:730  0:003   RCBA disabled; cannot use it
11:734  0:004   setting specified layout-id=1 (0x1)
11:738  0:004  stringlength = 458
11:742  0:003  OCABC: AllocPages 1 0x7A11E000 (1) - Success
11:746  0:003  CurrentMode: Width=1366 Height=768
11:750  0:004  SetNvramVariable (system-id, 4D1EDE05-38C7-4A6A-9CC6-4BCCA8B38C14, 0x2, 16): -> writing new (Success)
11:759  0:008  SetNvramVariable (MLB, 4D1EDE05-38C7-4A6A-9CC6-4BCCA8B38C14, 0x6, 17): -> writing new (Success)
11:768  0:008  SetNvramVariable (ROM, 4D1EDE05-38C7-4A6A-9CC6-4BCCA8B38C14, 0x6, 6): -> writing new (Success)
11:776  0:008  SetNvramVariable (FirmwareFeatures, 4D1EDE05-38C7-4A6A-9CC6-4BCCA8B38C14, 0x6, 4): -> writing new (Success)
11:785  0:008  SetNvramVariable (FirmwareFeaturesMask, 4D1EDE05-38C7-4A6A-9CC6-4BCCA8B38C14, 0x6, 4): -> writing new (Success)
11:794  0:008  SetNvramVariable (ExtendedFirmwareFeatures, 4D1EDE05-38C7-4A6A-9CC6-4BCCA8B38C14, 0x6, 8): -> writing new (Success)
11:803  0:008  SetNvramVariable (ExtendedFirmwareFeaturesMask, 4D1EDE05-38C7-4A6A-9CC6-4BCCA8B38C14, 0x6, 8): -> writing new (Success)
11:811  0:008  AddNvramVariable (HW_BID, 4D1EDE05-38C7-4A6A-9CC6-4BCCA8B38C14, 0x6, 20): -> writing new (Success)
11:820  0:008  AddNvramVariable (security-mode, 7C436110-AB2A-4BBB-A880-FE41995C9F82, 0x7, 5): -> already exists, abort
11:828  0:008  set DefaultBackgroundColor=0xfbfbfb
11:832  0:003  SetNvramVariable (DefaultBackgroundColor, 4D1EDE05-38C7-4A6A-9CC6-4BCCA8B38C14, 0x7, 4): -> writing new (Success)
11:845  0:012  SetNvramVariable (ActualDensity, 7C436110-AB2A-4BBB-A880-FE41995C9F82, 0x7, 2): exists(0x7, 2), equal -> not writing again.
11:856  0:011  SetNvramVariable (DensityThreshold, 7C436110-AB2A-4BBB-A880-FE41995C9F82, 0x7, 2): exists(0x7, 2), equal -> not writing again.
11:869  0:012  SetNvramVariable (gfx-saved-config-restore-status, 4D1EDE05-38C7-4A6A-9CC6-4BCCA8B38C14, 0x7, 8): exists(0x7, 8), equal -> not writing again.
11:881  0:012  DeleteNvramVariable (UIScale, 4D1EDE05-38C7-4A6A-9CC6-4BCCA8B38C14):
11:886  0:004  DeleteNvramVariable (EFILoginHiDPI, 7C436110-AB2A-4BBB-A880-FE41995C9F82):
11:890  0:003  SetNvramVariable (flagstate, 7C436110-AB2A-4BBB-A880-FE41995C9F82, 0x7, 32): exists(0x7, 32), equal -> not writing again.
11:902  0:012  SetNvramVariable (csr-active-config, 7C436110-AB2A-4BBB-A880-FE41995C9F82, 0x7, 4): exists(0x7, 4), equal -> not writing again.
11:914  0:012  DeleteNvramVariable (BridgeOSHardwareModel, 4D1EDE05-38C7-4A6A-9CC6-4BCCA8B38C14):
11:919  0:004  DeleteNvramVariable (bootercfg, 7C436110-AB2A-4BBB-A880-FE41995C9F82):
11:924  0:004  DeleteNvramVariable (nvda_drv, 7C436110-AB2A-4BBB-A880-FE41995C9F82):
11:928  0:004  DeleteNvramVariable (recovery-boot-mode, 7C436110-AB2A-4BBB-A880-FE41995C9F82):
11:933  0:004  AddNvramVariable (wake-failure, 7C436110-AB2A-4BBB-A880-FE41995C9F82, 0x7, 5): -> already exists, abort
11:941  0:008  DeleteNvramVariable (opencore-version, 7C436110-AB2A-4BBB-A880-FE41995C9F82):
11:946  0:004  DeleteNvramVariable (ApBoardID, 94B73556-2197-4702-82A8-3E1337DAFBFB):
11:951  0:004  DeleteNvramVariable (ApSecurityDomain, 94B73556-2197-4702-82A8-3E1337DAFBFB):
11:956  0:004  DeleteNvramVariable (ApProductionStatus, 94B73556-2197-4702-82A8-3E1337DAFBFB):
11:960  0:004  DeleteNvramVariable (ApSecurityMode, 94B73556-2197-4702-82A8-3E1337DAFBFB):
11:965  0:004  DeleteNvramVariable (EffectiveProductionStatus, 94B73556-2197-4702-82A8-3E1337DAFBFB):
11:970  0:004  DeleteNvramVariable (EffectiveSecurityMode, 94B73556-2197-4702-82A8-3E1337DAFBFB):
11:974  0:004  DeleteNvramVariable (CertificateEpoch, 94B73556-2197-4702-82A8-3E1337DAFBFB):
11:979  0:004  DeleteNvramVariable (MixNMatchPreventionStatus, 94B73556-2197-4702-82A8-3E1337DAFBFB):
11:984  0:004  DeleteNvramVariable (CryptoDigestMethod, 94B73556-2197-4702-82A8-3E1337DAFBFB):
11:988  0:004  DeleteNvramVariable (InternalUseOnlyUnit, 94B73556-2197-4702-82A8-3E1337DAFBFB):
11:993  0:004  DeleteNvramVariable (ApECID, 94B73556-2197-4702-82A8-3E1337DAFBFB):
11:998  0:004  DeleteNvramVariable (HardwareModel, 94B73556-2197-4702-82A8-3E1337DAFBFB):
12:005  0:007  Use origin smbios table type 1 guid.
12:030  0:025  DeleteNvramVariable (efi-boot-device, 7C436110-AB2A-4BBB-A880-FE41995C9F82):
12:035  0:004  DeleteNvramVariable (efi-boot-device-data, 7C436110-AB2A-4BBB-A880-FE41995C9F82):
12:040  0:004  DeleteNvramVariable (BootCampHD, 7C436110-AB2A-4BBB-A880-FE41995C9F82):
12:044  0:004  Custom boot screen not used because entry has unset use graphics
12:050  0:005  DeleteNvramVariable (IOHibernateRTCVariables, 7C436110-AB2A-4BBB-A880-FE41995C9F82):
12:054  0:004  DeleteNvramVariable (boot-image, 7C436110-AB2A-4BBB-A880-FE41995C9F82):
12:058  0:004  Kernel quirks
12:062  0:003  ACPCL 1 AXCL 1 AXEM 0 AXFB 0 CSG 0 DIM 0 DLJ 0 DRC 1 DPM 0 EBTFF 0 EDI 0 FAI 0 IPBS 0 LKP 0 PNKD 0 PTKP 0 TPD 0 XPL 0 PCC 0
12:067  0:004  Closing log
12:071  0:004  OCABC: AllocPages 2 0x91000 (14) - Success
12:075  0:004  OCABC: AllocPages 2 0x6F762000 (14) - Success
12:079  0:004  OCABC: Recovering trashed GetMemoryMap pointer
12:084  0:005  OCABC: Patching safe mode sur-2 at off ACF4
12:088  0:004  OCABC: AllocPages 2 0x777E6000 (512) - Success
12:092  0:003  OCABC: AllocPages 2 0x777E5000 (1) - Success
12:096  0:004  OC: Supported boot capabilities 4
12:100  0:004  OCABC: AllocPages 2 0x777E4000 (1) - Success
12:104  0:003  OCABC: MMIO devirt start
12:109  0:004  OCABC: MMIO devirt 0xE0000000 (0x10000 pages, 0x800000000000100D) skip 0
12:113  0:004  OCABC: MMIO devirt 0xFE000000 (0x11 pages, 0x8000000000000001) skip 0
12:117  0:003  OCABC: MMIO devirt 0xFEC00000 (0x1 pages, 0x800000000000100D) skip 0
12:123  0:006  OCABC: MMIO devirt 0xFED00000 (0x4 pages, 0x800000000000100D) skip 0
12:128  0:004  OCABC: MMIO devirt 0xFEE00000 (0x1 pages, 0x8000000000000001) skip 0
12:132  0:004  OCABC: MMIO devirt 0xFF000000 (0x1000 pages, 0x800000000000100D) skip 0
12:136  0:004  OCABC: MMIO devirt end, saved 278620 KB
12:140  0:003  OCABC: All slides are usable! You can disable ProvideCustomSlide!
12:145  0:005  OCOS: OS set: <null> macOS 11.0
12:149  0:004  OCOS: OS set: Apple Inc. macOS 11.0
12:153  0:004  OCOS: Should use black background
12:157  0:004  OCABC: AllocPages 1 0x6D2E4000 (1) - Success
12:173  0:015  OC: Opening file System\Library\Kernels\kernel with 1 mode gave - Not Found
12:177  0:004  OC: Opening file \A490645D-B724-4FBC-9AC8-F7A23B1C4935 with 1 mode gave - Success
12:181  0:004  OC: Opening file \A490645D-B724-4FBC-9AC8-F7A23B1C4935\System\Library\CoreServices\com.apple.Boot.plist with 1 mode gave - Not Found
12:186  0:004  OC: Opening file Library\Preferences\SystemConfiguration\com.apple.Boot.plist with 1 mode gave - Success
12:190  0:004  OC: Opening file \A490645D-B724-4FBC-9AC8-F7A23B1C4935\System\Library\CoreServices\PlatformSupport.plist with 1 mode gave - Success
17:218  5:027  OCABC: AllocPages 2 0x12B00000 (51544) - Success
17:249  0:031  OC: Opening file System\Library\Caches\com.apple.corestorage\EncryptedRoot.plist.wipekey with 1 mode gave - Success
17:270  0:020  OC: Opening file \A490645D-B724-4FBC-9AC8-F7A23B1C4935\System\Library\CoreServices\boot.efi with 1 mode gave - Success
17:298  0:028  OC: Opening file boot\System\Library\KernelCollections\BootKernelExtensions.kc.development with 1 mode gave - Not Found
17:315  0:017  OC: Opening file boot\System\Library\KernelCollections\BootKernelExtensions.kc with 1 mode gave - Success
17:319  0:004  OC: Load and reserve Kext Other\FakeSMC.kext
17:324  0:004  OC: Load and reserve Kext Other\USBMap.kext
17:328  0:004  OC: Load and reserve Kext Other\NVMeFix.kext
17:333  0:004  OC: Kext reservation size info 505000 exe 25000
17:337  0:004  OC: Trying 64-bit XNU hook on boot\System\Library\KernelCollections\BootKernelExtensions.kc
17:341  0:004  OCAK: Found 64-bit Mach-O compressed 0 offset 0 size 0
17:345  0:004  OCAK: Determined kernel size is 62734336 bytes
17:380  0:034  OC: Result of 64-bit XNU hook on boot\System\Library\KernelCollections\BootKernelExtensions.kc (00000000) is Success
17:428  0:047  OCAK: Read kernel version 23.4.0 (230400)
17:432  0:004  OCAK: 64-bit patcher base 0xFFFFFF8000200000 kmod 0x0 file 0x0
17:437  0:005  OCAK: Zeroing _xcpm_core_scope_msrs 0xE2 applicable CPUs (76)
17:441  0:004  OCAK: Zeroing _xcpm_core_scope_msrs 0xE2 applicable CPUs (406416)
17:445  0:004  OCAK: Zeroing _xcpm_core_scope_msrs 0xE2 applicable CPUs (16384)
17:450  0:005  Replace B9E20000000F30 by B9E20000009090 at ofs:30E
17:525  0:074  Replace B9E20000000F30 by B9E20000009090 at ofs:39B
17:621  0:096  OCAK: 64-bit XcpmCfgLockRel replace count - 2
17:625  0:004  OCAK: [OK] Success XcpmCfgLock patch
17:670  0:044  OCAK: org.netkas.FakeSMC got KXLD 0 0
17:675  0:005  OCAK: Requesting __LINKEDIT for org.netkas.FakeSMC - 6CDBA398 at 3BD5000
17:681  0:006  OCAK: Requesting SymbolTable for org.netkas.FakeSMC - 601
17:686  0:004  OCAK: Requesting __LINKEDIT for __kernel__ - 691F0688 at 0
17:691  0:004  OCAK: Requesting SymbolTable for __kernel__ - 22799
17:718  0:027  OCAK: Patching invalid size 2000 with 19DF000 for com.apple.iokit.IOACPIFamily
17:724  0:005  OCAK: com.apple.iokit.IOACPIFamily got KXLD 0 0
17:729  0:005  OCAK: Requesting __LINKEDIT for com.apple.iokit.IOACPIFamily - 6B3DB518 at 21F6000
17:734  0:004  OCAK: Requesting SymbolTable for com.apple.iokit.IOACPIFamily - 544
17:747  0:012  OCAK: Local relocs 1148 on FFFFFF8003CD5000
17:753  0:005  OC: Prelinked injection Other\FakeSMC.kext () - Success
17:758  0:005  OC: Prelinked injection Other\USBMap.kext () - Success
17:763  0:004  OCAK: org.acidanthera.NVMeFix got KXLD 0 0
17:768  0:004  OCAK: Requesting __LINKEDIT for org.acidanthera.NVMeFix - 6CDD2438 at 3BED000
17:775  0:007  OCAK: Requesting SymbolTable for org.acidanthera.NVMeFix - 363
17:787  0:012  OCAK: Symbol __ZN18EfiRuntimeServices14LiluVendorGuidE has 0-value
17:793  0:005  OCAK: Symbol _lilu has 0-value
17:799  0:006  OCAK: Symbol __ZN12Disassembler9hdeDisasmEyP6hde64s has 0-value
17:805  0:005  OC: Prelinked injection Other\NVMeFix.kext () - Invalid Parameter
17:809  0:004  OC: Prelink size 62836736 kext offset 62738432 reserved 151552
17:814  0:004  OCAK: KC TEXT is 65536 bytes with 61800 Mach-O headers need 280
17:835  0:020  OCAK: Failed to pk find com.apple.driver.AppleIntelCPUPowerManagement - Not Found
17:841  0:005  OCAK: [OK] Skipping PatchAppleCpuPmCfgLock on NULL Patcher on kernel version 230400
17:846  0:005  OCAK: Patching invalid size 5FF4 with 2193000 for com.apple.driver.AppleRTC
17:851  0:004  OCAK: com.apple.driver.AppleRTC got KXLD 0 0
17:856  0:005  Replace BE58000000/FFFEFFFFFF(BE58000000) by BEFFFF0000 at ofs:1AED
17:986  0:129  Replace BE58000000/FFFEFFFFFF(BE59000000) by BEFFFF0000 at ofs:1AFE
18:117  0:131  Replace BE58000000/FFFEFFFFFF(BE58000000) by BEFFFF0000 at ofs:1DE3
18:249  0:131  Replace BE58000000/FFFEFFFFFF(BE59000000) by BEFFFF0000 at ofs:1DF3
18:379  0:129  OCAK: 64-bit DisableRtcChecksum64 replace count - 4
18:383  0:004  OCAK: [OK] Patch success com.apple.driver.AppleRTC DisableRtcChecksum
18:508  0:124  OC: Prelinked status - Success
18:553  0:045  OC: Opening file usr\standalone\OS.dmg.root_hash with 1 mode gave - Success
18:568  0:014  OC: Opening file usr\standalone\OS.dmg.root_hash.x86legacyap.im4m with 1 mode gave - Success
18:578  0:010  OCABC: AllocPages 0 0x73000000 (1) - Success
18:583  0:005  OCABC: AllocPages 0 0x72FFF000 (1) - Success
