0:100  0:100  MemLog inited, TSC freq: 3600482920
0:100  0:000  CPU was calibrated with RTC
0:100  0:000  CloverX64 : Image base = 0x6D404000
0:100  0:000  Clover ImageHandle = 75edb818
0:102  0:002  SelfDirPath = \EFI\CLOVER
0:103  0:001  === [ Starting Clover ] =========================
0:103  0:000  Now is 24.11.2024,  19:18:37 (GMT)
0:103  0:000  Starting Clover revision: 5160 (master, commit 7b08a616e) on American Megatrends EFI
0:103  0:000  Build id: 20240909210805-7b08a61-dirty
0:103  0:000  Build with: [Args: -D NO_GRUB_DRIVERS_EMBEDDED -D LESS_DEBUG -t GCC131 | --cmd-len=50000 -D NO_GRUB_DRIVERS_EMBEDDED -D LESS_DEBUG --conf=/Users/sergey/src/CloverBootloader/Conf -D USE_LOW_EBDA -a X64 -b RELEASE -t GCC131 -n 5 | OS: 15]
0:103  0:000  === [ Get Smbios ] ==============================
0:103  0:000  Type 16 Index = 0
0:103  0:000  Total Memory Slots Count = 4
0:103  0:000  Type 17 Index = 0
0:103  0:000  SmbiosTable.Type17->SlotIndex = 0
0:103  0:000  SmbiosTable.Type17->ModuleSize = 8192MB
0:103  0:000  SmbiosTable.Type17->Type = 0
0:104  0:000  SmbiosTable.Type17->Frequency = 3200MHz
0:104  0:000  SmbiosTable.Type17->Bank/Device = BANK 0 ChannelA-DIMM1
0:104  0:000  SmbiosTable.Type17->Vendor = Corsair
0:104  0:000  SmbiosTable.Type17->SerialNo = 00000000
0:104  0:000  SmbiosTable.Type17->PartNo = CMK16GX4M2K4266C19
0:104  0:000  Type 17 Index = 1
0:104  0:000  SmbiosTable.Type17->SlotIndex = 1
0:104  0:000  SmbiosTable.Type17->ModuleSize = 8192MB
0:104  0:000  SmbiosTable.Type17->Type = 0
0:104  0:000  SmbiosTable.Type17->Frequency = 3200MHz
0:104  0:000  SmbiosTable.Type17->Bank/Device = BANK 1 ChannelA-DIMM2
0:104  0:000  SmbiosTable.Type17->Vendor = Corsair
0:104  0:000  SmbiosTable.Type17->SerialNo = 00000000
0:104  0:000  SmbiosTable.Type17->PartNo = CMK16GX4M2K4266C19
0:104  0:000  Type 17 Index = 2
0:104  0:000  Ignoring insane frequency value 0MHz
0:104  0:000  Type 17 Index = 3
0:104  0:000  Ignoring insane frequency value 0MHz
0:104  0:000  Boot status=0
0:104  0:000  Running on: 'System Product Name' with board 'PRIME Z390-A'
0:104  0:000  === [ GetCPUProperties ] ========================
0:104  0:000  CPU Vendor = 756E6547 Model=906EC
0:104  0:000   The CPU supported SSE4.1
0:104  0:000   The CPU supported RDRAND
0:104  0:000  BrandString = Intel(R) Core(TM) i7-9700K CPU @ 3.60GHz
0:104  0:000   The CPU supported turbo
0:104  0:000   Energy PerfBias is  visible:
0:104  0:000  MSR 0x35               80008
0:104  0:000   TSC/CCC Information Leaf:
0:104  0:000    numerator     : 300
0:104  0:000    denominator   : 2
0:104  0:000   Calibrated ARTFrequency: 24003219
0:104  0:000   Rounded ARTFrequency: 24000000
0:104  0:000  MSR 0xE2 before patch 1E000000
0:104  0:000  MSR 0xCE              08080838_F1012400
0:104  0:000  corrected FLEX_RATIO = E0000
0:104  0:000  MSR 0x1B0             00000000
0:104  0:000  FSBFrequency = 109 MHz, DMI FSBFrequency = 100 MHz, Corrected FSBFrequency = 100 MHz
0:104  0:000  MaxDiv/MinDiv: 36.0/8
0:104  0:000  Turbo: 47/49/49/49
0:104  0:000  Features: 0x77FAFBFFBFEBFBFF
0:104  0:000  Threads: 8
0:104  0:000  Cores: 8
0:104  0:000  FSB: 100 MHz
0:104  0:000  CPU: 3900 MHz
0:104  0:000  TSC: 3900 MHz
0:104  0:000  PIS: 100 MHz
0:104  0:000  ExternalClock: 25 MHz
0:104  0:000  === [ GetDevices ] ==============================
0:104  0:000  GOP found at: PciRoot(0x0)/Pci(0x1,0x0)/Pci(0x0,0x0)/AcpiAdr(0x80010302)
0:104  0:000  PCI (00|00:00.00) : 8086 3E30 class=060000
0:104  0:000  PCI (00|00:01.00) : 8086 1901 class=060400
0:104  0:000  PCI (00|01:00.00) : 1002 67DF class=030000
0:104  0:000   - GFX: Model=AMD Radeon RX 480/570/580 (ATI/AMD)
0:104  0:000   - GOP: Provided by device
0:104  0:000  PCI (00|01:00.01) : 1002 AAF0 class=040300
0:104  0:000   - HDMI Audio: 
0:104  0:000  PCI (00|00:02.00) : 8086 3E98 class=038000
0:104  0:000   - GFX: Model=Intel UHD Graphics 630 (Intel)
0:104  0:000  PCI (00|00:14.00) : 8086 A36D class=0C0330
0:104  0:000  PCI (00|00:14.02) : 8086 A36F class=050000
0:104  0:000  PCI (00|00:16.00) : 8086 A360 class=078000
0:104  0:000  PCI (00|00:17.00) : 8086 A352 class=010601
0:104  0:000  PCI (00|00:1B.00) : 8086 A340 class=060400
0:104  0:000  PCI (00|00:1C.00) : 8086 A338 class=060400
0:104  0:000  PCI (00|00:1D.00) : 8086 A330 class=060400
0:104  0:000  PCI (00|04:00.00) : 144D A808 class=010802
0:104  0:000  PCI (00|00:1F.00) : 8086 A305 class=060100
0:104  0:000  PCI (00|00:1F.03) : 8086 A348 class=040300
0:104  0:000  PCI (00|00:1F.04) : 8086 A323 class=0C0500
0:104  0:000  PCI (00|00:1F.05) : 8086 A324 class=0C8000
0:104  0:000  PCI (00|00:1F.06) : 8086 15BC class=020000
0:104  0:000   - LAN: 1 Vendor=Intel
0:104  0:000  Legacy MAC address of LAN #0= 40:B0:76:DE:9E:93:
0:104  0:000  _checkOEMPath Look for oem dir at path '\EFI\CLOVER\OEM\System Product Name--40-B0-76-DE-9E-93'. Dir doesn't exist.
0:104  0:000  _checkOEMPath Look for oem dir at path '\EFI\CLOVER\OEM\PRIME Z390-A\UEFI'. Dir doesn't exist.
0:105  0:000  _checkOEMPath Look for oem dir at path '\EFI\CLOVER\OEM\System Product Name'. Dir doesn't exist.
0:105  0:000  _checkOEMPath Look for oem dir at path '\EFI\CLOVER\OEM\System Product Name-3900'. Dir doesn't exist.
0:105  0:000  _checkOEMPath Look for oem dir at path '\EFI\CLOVER\OEM\PRIME Z390-A'. Dir doesn't exist.
0:105  0:000  _checkOEMPath Look for oem dir at path '\EFI\CLOVER\OEM\PRIME Z390-A-3900'. Dir doesn't exist.
0:105  0:000  === [ GetUserSettings ] =========================
0:105  0:000  GetDefaultModel()=iMac18,3
0:105  0:000  === [ LoadUserSettings ] ========================
0:106  0:001  Using config.plist at path: \EFI\CLOVER
0:106  0:000  === [ LoadUserSettings ] ========================
0:106  0:000  Cannot find smbios.plist at path '\EFI\CLOVER' : Not Found
0:106  0:000  '\EFI\CLOVER\smbios.plist' not loaded. Efi error Not Found
0:106  0:000  create SMBIOS list, found 27 dicts
0:106  0:000  ... ACPI
0:106  0:000  ... Boot
0:106  0:000  ... BootGraphics
0:106  0:000  ... Devices
0:106  0:000  ... DisableDrivers
0:106  0:000  ... GUI
0:106  0:000  ... Graphics
0:106  0:000  ... KernelAndKextPatches
0:106  0:000  ... SMBIOS
0:106  0:000  ... SystemParameters
0:106  0:000  ... RtVariables
0:106  0:000  ... Quirks
0:106  0:000  get model from config.plist
0:106  0:000  Using latest BiosVersion from config instead of default 'IM191.88Z.F000.B00.2302212211'
0:115  0:009  Using latest BiosReleaseDate from config instead of default '02/21/2023'
0:120  0:004  Using latest EfiVersion from config instead of default '1968.100.16.0.1'
0:124  0:004  BiosVersion: IM191.88Z.F000.B00.2308061817
0:128  0:004  BiosReleaseDate: 08/06/2023
0:132  0:003  EfiVersion: 2020.40.3.0.0
0:136  0:004  Calibrated TSC Frequency = 3600482920 = 3600MHz
0:140  0:003  === [ GetListOfThemes ] =========================
0:144  0:003  - [00]: random
0:152  0:008  - [00]: embedded
0:160  0:007  === [ Found config plists ] =====================
0:164  0:004  - config.plist
0:168  0:003  - config-sample.plist
0:172  0:003  - config_old.plist
0:176  0:004  === [ LoadDrivers ] =============================
0:181  0:004  Loading NvmExpressDxe.efi status=Success
0:194  0:012   - driver needs connecting
0:197  0:003  Loading EnglishDxe.efi status=Success
0:213  0:015  Loading VBoxHfs.efi status=Success
0:226  0:012   - driver needs connecting
0:230  0:003  Loading PartitionDxe.efi status=Success
0:243  0:012   - driver needs connecting
0:246  0:003  Loading ApfsDriverLoader.efi status=Success
0:259  0:012   - driver needs connecting
0:264  0:004  4 drivers needs connecting ...
0:264  0:000  PlatformDriverOverrideProtocol not found. Installing ... Success
0:264  0:000  Partition driver loaded: 
0:264  0:000  HFS+ driver loaded
0:265  0:000  APFS driver loaded
0:265  0:000  Searching for invalid DiskIo BY_DRIVER connects: not found, all ok
0:481  0:215  === [ InitScreen ] ==============================
0:485  0:003  Console modes reported: 4, available modes:
0:489  0:004   - [01]: 80x25 (current mode)
0:493  0:003   - [03]: 100x31
0:497  0:004   - [04]: 170x40
0:501  0:004  SetScreenResolution: 1920x1080 - not found!
0:509  0:007  SetMaxResolution: found best mode 0: 1366x768
0:517  0:007   - already set
0:522  0:004  Using embedded font
0:526  0:004  === [ ScanSPD ] =================================
0:531  0:004  SMBus device : 8086 A323 class=0C0500 status=Success
0:534  0:003  SMBus CmdReg: 0x3
0:538  0:004  Scanning SMBus [8086:A323], mmio: 0x12116004, ioport: 0xEFA0, hostc: 0x11
0:542  0:003  Slots to scan [8]...
0:547  0:004  SPD[0]: Got invalid type 0 @0x50. Will set page and retry.
0:552  0:004  SPD[0]: Type 12 @0x50
0:573  0:021  XMP Profile1: 4*125 -31 ns
0:577  0:003  Found module with XMP version 2.0
0:581  0:004  Using XMP Profile1 instead of standard frequency 2132MHz
0:585  0:003  DDR speed 4264MHz
0:589  0:003  Slot: 0 Type 26 8192MB 4264MHz Vendor=Corsair PartNo=CMK16GX4M2K4266C19 SerialNo=00000000
0:593  0:004  SPD[1]: Type 12 @0x51
0:615  0:021  XMP Profile1: 4*125 -31 ns
0:619  0:003  Found module with XMP version 2.0
0:623  0:003  Using XMP Profile1 instead of standard frequency 2132MHz
0:626  0:003  DDR speed 4264MHz
0:630  0:003  Slot: 1 Type 26 8192MB 4264MHz Vendor=Corsair PartNo=CMK16GX4M2K4266C19 SerialNo=00000000
0:635  0:004  === [ GetAcpiTablesList ] =======================
0:639  0:004  Get Acpi Tables List from RSDT: count=24
0:647  0:008   - [00]: FACP  A M I  len=132
0:651  0:003   - [01]: APIC  A M I  len=188
0:655  0:004   - [02]: FPDT  A M I  len=68
0:659  0:004   - [03]: FIDT  A M I len=156
0:663  0:004   - [04]: MCFG  A M I  len=60
0:667  0:004   - [05]: WSMT  A M I  len=40
0:671  0:003   - [06]: SSDT  SataTabl len=888
0:675  0:004   - [07]: SSDT  CpuSsdt len=6101
0:679  0:004   - [08]: SSDT  SaSsdt  len=12443
0:684  0:004   - [09]: SSDT  PegSsdt len=9048
0:688  0:003   - [10]: HPET  A M I  len=56
0:691  0:003   - [11]: SSDT  Ther_Rvp len=3998
0:695  0:003   - [12]: SSDT  xh_cfsd4 len=10579
0:699  0:004   - [13]: UEFI  A M I  len=72
0:703  0:003   - [14]: LPIT  A M I  len=92
0:708  0:004   - [15]: SSDT  PtidDevc len=10206
0:712  0:003   - [16]: SSDT  TbtTypeC len=4094
0:716  0:004   - [17]: DBGP  A M I  len=52
0:720  0:004   - [18]: DBG2  A M I  len=84
0:724  0:003   - [19]: SSDT  UsbCTabl len=6449
0:727  0:003   - [20]: SSDT  ADebTabl len=324
0:732  0:004   - [21]: VFCT  A M I  len=59524
0:736  0:004   - [22]: BGRT  A M I  len=56
0:739  0:003   - [23]: WPBT  A M I len=60
0:744  0:004   - [00]: Drop table : MATS,                0 :  no
0:752  0:007   - [01]: Drop table : DMAR,                0 :  no
0:760  0:008  Custom boot CUSTOM_BOOT_DISABLED (0x0)
0:764  0:003  Default theme: embedded
0:768  0:004  Set FakeCPUID: 0x0
0:773  0:004  === [ Found DSDT tables ] =======================
0:777  0:004  === [ InitKextList ] ============================
0:782  0:005  Added Kext=Other\USBMapDummy.kext (1.0)
0:787  0:004  Added Kext=Other\RadeonMonitor.kext (1.3.5)
0:792  0:004  Added Kext=Other\FakeSMC.kext (3.5.6)
0:796  0:004  Added Kext=Other\IntelCPUMonitor.kext (1.2.6)
0:802  0:006  === [ ScanVolumes ] =============================
0:807  0:004  Found 12 volumes with blockIO
0:810  0:003  - [00]: Volume: PciRoot(0x0)\Pci(0x17,0x0)\Sata(0x0,0xFFFF,0x0)
0:819  0:008  - [01]: Volume: PciRoot(0x0)\Pci(0x17,0x0)\Sata(0x0,0xFFFF,0x0)\HD(1,GPT,38DCC513-D608-408E-9D2F-1469C8B906A0,0x28,0x64000)
0:828  0:008          Result of bootcode detection: bootable unknown (legacy)
0:845  0:017            label : EFI
0:849  0:003  - [02]: Volume: PciRoot(0x0)\Pci(0x17,0x0)\Sata(0x0,0xFFFF,0x0)\HD(2,GPT,C20AA839-E88E-4CED-8CAB-9480B290394C,0x64028,0x15D466360)
0:875  0:025            label : Dati
0:879  0:003  - [03]: Volume: PciRoot(0x0)\Pci(0x1D,0x0)\Pci(0x0,0x0)\NVMe(0x1,CA-8F-B2-81-58-38-25-00)
0:887  0:008  - [04]: Volume: PciRoot(0x0)\Pci(0x1D,0x0)\Pci(0x0,0x0)\NVMe(0x1,CA-8F-B2-81-58-38-25-00)\HD(1,GPT,6E40A227-DDED-4325-B7CE-3959620EB39E,0x28,0x64000)
0:895  0:007          Result of bootcode detection: bootable unknown (legacy)
0:900  0:004            label : EFI
0:904  0:004          This is SelfVolume !!
0:908  0:003  - [05]: Volume: PciRoot(0x0)\Pci(0x1D,0x0)\Pci(0x0,0x0)\NVMe(0x1,CA-8F-B2-81-58-38-25-00)\HD(2,GPT,9508A8C6-F9B9-4EDD-ABC7-C1C4A019C410,0x64028,0x3A321FE0)
0:916  0:008          Result of bootcode detection: bootable unknown (legacy)
0:920  0:004  - [06]: Volume: PciRoot(0x0)\Pci(0x1D,0x0)\Pci(0x0,0x0)\NVMe(0x1,CA-8F-B2-81-58-38-25-00)\HD(2,GPT,9508A8C6-F9B9-4EDD-ABC7-C1C4A019C410,0x64028,0x3A321FE0)\VenMedia(BE74FCF7-0B7C-49F3-9147-01F4042E6842,F2738F7DD5B89341BB89C99D72294438)
0:928  0:008            apfsFileSystemUUID=7D8F73F2-B8D5-4193-BB89-C99D72294438, ApfsContainerUUID=85F3C012-2D6D-4FA1-A77E-71D7470E7FA2, ApfsRole=0x10
0:932  0:004            label : Preboot
0:936  0:003  - [07]: Volume: PciRoot(0x0)\Pci(0x1D,0x0)\Pci(0x0,0x0)\NVMe(0x1,CA-8F-B2-81-58-38-25-00)\HD(2,GPT,9508A8C6-F9B9-4EDD-ABC7-C1C4A019C410,0x64028,0x3A321FE0)\VenMedia(BE74FCF7-0B7C-49F3-9147-01F4042E6842,5D6490A424B7BC4F9AC8F7A23B1C4935)
0:944  0:007            apfsFileSystemUUID=A490645D-B724-4FBC-9AC8-F7A23B1C4935, ApfsContainerUUID=85F3C012-2D6D-4FA1-A77E-71D7470E7FA2, ApfsRole=0x40
0:959  0:014            label : Macintosh HD - Dati
0:963  0:004  - [08]: Volume: PciRoot(0x0)\Pci(0x1D,0x0)\Pci(0x0,0x0)\NVMe(0x1,CA-8F-B2-81-58-38-25-00)\HD(2,GPT,9508A8C6-F9B9-4EDD-ABC7-C1C4A019C410,0x64028,0x3A321FE0)\VenMedia(BE74FCF7-0B7C-49F3-9147-01F4042E6842,B6D67091A529BA4BA6736F0E24A99093)
0:971  0:007            apfsFileSystemUUID=9170D6B6-29A5-4BBA-A673-6F0E24A99093, ApfsContainerUUID=85F3C012-2D6D-4FA1-A77E-71D7470E7FA2, ApfsRole=0x4
0:978  0:006            label : Recovery
0:984  0:006  - [09]: Volume: PciRoot(0x0)\Pci(0x1D,0x0)\Pci(0x0,0x0)\NVMe(0x1,CA-8F-B2-81-58-38-25-00)\HD(2,GPT,9508A8C6-F9B9-4EDD-ABC7-C1C4A019C410,0x64028,0x3A321FE0)\VenMedia(BE74FCF7-0B7C-49F3-9147-01F4042E6842,C30BF988C32C724BB297A45648EE79C3)
0:995  0:010            apfsFileSystemUUID=88F90BC3-2CC3-4B72-B297-A45648EE79C3, ApfsContainerUUID=85F3C012-2D6D-4FA1-A77E-71D7470E7FA2, ApfsRole=0x1
1:001  0:006            label : Macintosh HD
1:005  0:003  - [10]: Volume: PciRoot(0x0)\Pci(0x1D,0x0)\Pci(0x0,0x0)\NVMe(0x1,CA-8F-B2-81-58-38-25-00)\HD(2,GPT,9508A8C6-F9B9-4EDD-ABC7-C1C4A019C410,0x64028,0x3A321FE0)\VenMedia(BE74FCF7-0B7C-49F3-9147-01F4042E6842,982FC8B0B1F22A41B736D33F4320CF33)
1:014  0:009            apfsFileSystemUUID=B0C82F98-F2B1-412A-B736-D33F4320CF33, ApfsContainerUUID=85F3C012-2D6D-4FA1-A77E-71D7470E7FA2, ApfsRole=0xc0
1:018  0:004            label : Update
1:022  0:003  - [11]: Volume: PciRoot(0x0)\Pci(0x1D,0x0)\Pci(0x0,0x0)\NVMe(0x1,CA-8F-B2-81-58-38-25-00)\HD(2,GPT,9508A8C6-F9B9-4EDD-ABC7-C1C4A019C410,0x64028,0x3A321FE0)\VenMedia(BE74FCF7-0B7C-49F3-9147-01F4042E6842,D0BFA628AA2C7548AE15EA6E25144D32)
1:031  0:008            apfsFileSystemUUID=28A6BFD0-2CAA-4875-AE15-EA6E25144D32, ApfsContainerUUID=85F3C012-2D6D-4FA1-A77E-71D7470E7FA2, ApfsRole=0x8
1:034  0:003            label : VM
1:038  0:003  No AudioIoProtocols, status=Not Found
1:043  0:004  === [ InitXTheme ] ==============================
1:047  0:003  use Daylight theme
1:051  0:003   using embedded theme
1:063  0:012  Using embedded font
1:068  0:004  theme inited
1:072  0:003  Chosen embedded theme
1:076  0:003  after NVRAM boot-args=dart=0 -v
1:079  0:003  Scanning legacy ...
1:083  0:003  === [ Dump SMC keys from NVRAM ] ================
1:087  0:003  found AppleSMC protocol
1:099  0:011     fakesmc-key-RVBF-ch8*:02 46 0F 00 00 12 
1:132  0:033     fakesmc-key-#KEY-ui32:00 00 00 11 
1:157  0:024     fakesmc-key-$Adr-ui32:00 00 03 00 
1:182  0:025     fakesmc-key-$Num-ui8:01 
1:195  0:013     fakesmc-key-RMde-char:41 
1:208  0:013     fakesmc-key-RBr -ch8*:6A 31 33 38 5F 39 00 00 
1:252  0:043     fakesmc-key-EPCI-ui32:09 D0 F0 00 
1:277  0:024     fakesmc-key-REV -ch8*:02 46 0F 00 00 12 
1:310  0:033     fakesmc-key-RPlt-ch8*:6A 31 33 38 00 00 00 00 
1:353  0:043     fakesmc-key-BEMB-flag:00 
1:367  0:013     fakesmc-key-BATP-flag:00 
1:380  0:012     fakesmc-key-BNum-ui8:00 
1:393  0:013     fakesmc-key-MSTc-ui8:00 
1:406  0:013     fakesmc-key-MSAc-ui16:00 00 
1:423  0:016     fakesmc-key-MSWr-ui8:00 
1:440  0:016     fakesmc-key-MSFW-ui8:01 00 
1:457  0:017     fakesmc-key-MSPS-ui16:00 03 
1:480  0:023  Registered 17 SMC keys
1:489  0:008  === [ ScanLoader ] ==============================
1:493  0:004  - [01]: 'EFI'
1:551  0:057  - [02]: 'Dati'
1:608  0:057  - [04]: 'EFI'
1:619  0:011        AddLoaderEntry for Volume Name=EFI, idx=0
1:623  0:003        OSVersion= 
1:627  0:004        IconName=unknown comma=-1 size=7
1:631  0:004        Full=unknown
1:635  0:003        Loader entry created for 'PciRoot(0x0)\Pci(0x1D,0x0)\Pci(0x0,0x0)\NVMe(0x1,CA-8F-B2-81-58-38-25-00)\HD(1,GPT,6E40A227-DDED-4325-B7CE-3959620EB39E,0x28,0x64000)\EFI\BOOT\BOOTX64.efi'
1:639  0:003       hiding entry: \EFI\BOOT\BOOTX64.efi
1:643  0:004        Menu entry added at index 0
1:647  0:003       hiding entry because DiskKind is DISK_KIND_INTERNAL: \EFI\BOOT\BOOTX64.efi
1:651  0:004  - [06]: 'Preboot'
1:659  0:008      ApfsContainerUUID=85F3C012-2D6D-4FA1-A77E-71D7470E7FA2
1:663  0:003      ApfsFileSystemUUID=7D8F73F2-B8D5-4193-BB89-C99D72294438
1:667  0:003      APFSTargetUUID=A490645D-B724-4FBC-9AC8-F7A23B1C4935
1:672  0:004        contentDetails name:Macintosh HD
1:676  0:004        AddLoaderEntry for Volume Name=Preboot, idx=1
1:680  0:004        OSVersion=14.4 
1:684  0:003        Check if volume Is Hibernated:
1:688  0:003        Check sleep image 'by signature':
1:692  0:003        using default sleep image name = \private\var\vm\sleepimage
1:696  0:004        cannot open sleepimage -> Not Found
1:700  0:003        hibernated: no - sign
1:704  0:003        IconName=sonoma,mac comma=6 size=10
1:708  0:003        first=os_sonoma
1:712  0:003        Second=os_mac
1:716  0:003        IconName=unknown comma=-1 size=7
1:720  0:004        Full=unknown
1:724  0:003        Loader entry created for 'PciRoot(0x0)\Pci(0x1D,0x0)\Pci(0x0,0x0)\NVMe(0x1,CA-8F-B2-81-58-38-25-00)\HD(2,GPT,9508A8C6-F9B9-4EDD-ABC7-C1C4A019C410,0x64028,0x3A321FE0)\VenMedia(BE74FCF7-0B7C-49F3-9147-01F4042E6842,F2738F7DD5B89341BB89C99D72294438)\A490645D-B724-4FBC-9AC8-F7A23B1C4935\System\Library\CoreServices\boot.efi'
1:729  0:004        Menu entry added at index 1
1:733  0:003  - [07]: 'Macintosh HD - Dati'
1:741  0:007      ApfsContainerUUID=85F3C012-2D6D-4FA1-A77E-71D7470E7FA2
1:745  0:003      ApfsFileSystemUUID=A490645D-B724-4FBC-9AC8-F7A23B1C4935
1:749  0:004  - [08]: 'Recovery'
1:756  0:007      ApfsContainerUUID=85F3C012-2D6D-4FA1-A77E-71D7470E7FA2
1:761  0:004      ApfsFileSystemUUID=9170D6B6-29A5-4BBA-A673-6F0E24A99093
1:765  0:003      APFSTargetUUID=A490645D-B724-4FBC-9AC8-F7A23B1C4935
1:769  0:004        contentDetails name:Macintosh HD
1:773  0:004        AddLoaderEntry for Volume Name=Recovery, idx=2
1:778  0:004        OSVersion=14.4 
1:782  0:003        IconName=sonoma,mac comma=6 size=10
1:786  0:003        first=os_sonoma
1:790  0:003        Second=os_mac
1:794  0:003        IconName=unknown comma=-1 size=7
1:797  0:003        Full=unknown
1:802  0:004        Loader entry created for 'PciRoot(0x0)\Pci(0x1D,0x0)\Pci(0x0,0x0)\NVMe(0x1,CA-8F-B2-81-58-38-25-00)\HD(2,GPT,9508A8C6-F9B9-4EDD-ABC7-C1C4A019C410,0x64028,0x3A321FE0)\VenMedia(BE74FCF7-0B7C-49F3-9147-01F4042E6842,B6D67091A529BA4BA6736F0E24A99093)\A490645D-B724-4FBC-9AC8-F7A23B1C4935\BaseSystem.dmg'
1:807  0:004        Menu entry added at index 2
1:811  0:004  - [09]: 'Macintosh HD'
1:819  0:007      ApfsContainerUUID=85F3C012-2D6D-4FA1-A77E-71D7470E7FA2
1:823  0:004      ApfsFileSystemUUID=88F90BC3-2CC3-4B72-B297-A45648EE79C3
1:831  0:007  - [10]: 'Update'
1:838  0:007      ApfsContainerUUID=85F3C012-2D6D-4FA1-A77E-71D7470E7FA2
1:843  0:004      ApfsFileSystemUUID=B0C82F98-F2B1-412A-B736-D33F4320CF33
1:847  0:003  - [11]: 'VM'
1:854  0:007      ApfsContainerUUID=85F3C012-2D6D-4FA1-A77E-71D7470E7FA2
1:858  0:003      ApfsFileSystemUUID=28A6BFD0-2CAA-4875-AE15-EA6E25144D32
1:862  0:003  Entries list before ordering
1:866  0:003      Entry 0 : Boot UEFI internal from EFI (hidden)
1:871  0:004      Entry 1 : Boot Mac OS from Macintosh HD via Preboot
1:874  0:003      Entry 2 : Boot Mac OS Recovery for Macintosh HD via Recovery
1:878  0:003  Entries list after ordering
1:882  0:003    Entry 0 : Boot UEFI internal from EFI (hidden)
1:886  0:003    Entry 1 : Boot Mac OS from Macintosh HD via Preboot
1:890  0:003    Entry 2 : Boot Mac OS Recovery for Macintosh HD via Recovery
1:894  0:003  === [ AddCustomTool ] ===========================
1:898  0:004  found tool \EFI\CLOVER\tools\Shell64U.efi
1:902  0:004  Checking EFI partition Volume 1 for Clover
1:908  0:005   Found Clover
1:912  0:004  === [ GetEfiBootDeviceFromNvram ] ===============
1:916  0:004   - [!] efi-boot-device-data not found
1:920  0:003  Default boot entry not found
1:924  0:003  BannerPlace at Clear Screen [619,68]
1:942  0:018  GUI ready
8:835  6:893  Boot option 0 has other volume name Macintosh HDboot.efi
8:839  0:003  === [ StartLoader ] =============================
8:843  0:004  Starting PciRoot(0x0)\Pci(0x1D,0x0)\Pci(0x0,0x0)\NVMe(0x1,CA-8F-B2-81-58-38-25-00)\HD(2,GPT,9508A8C6-F9B9-4EDD-ABC7-C1C4A019C410,0x64028,0x3A321FE0)\VenMedia(BE74FCF7-0B7C-49F3-9147-01F4042E6842,F2738F7DD5B89341BB89C99D72294438)\A490645D-B724-4FBC-9AC8-F7A23B1C4935\System\Library\CoreServices\boot.efi
8:847  0:003  Finally: ExternalClock=26MHz BusSpeed=100014kHz CPUFreq=3600MHz PIS: hw.busfrequency=104000000Hz
8:855  0:008  Beginning OC
8:859  0:004  OCST: Missing vault data, ignoring...
8:863  0:003  AddKextsInArray from Other
8:867  0:003  ->Extra kext: Other\USBMapDummy.kext (v.1.0)
8:871  0:003  ->Extra kext: Other\RadeonMonitor.kext (v.1.3.5)
8:875  0:003  ->Extra kext: Other\FakeSMC.kext (v.3.5.6)
8:879  0:003  ->Extra kext: Other\IntelCPUMonitor.kext (v.1.2.6)
8:883  0:004  AddKextsInArray from Off
8:887  0:004  AddKextsInArray from 14
8:891  0:003  AddKextsInArray from 14_normal
8:895  0:003  AddKextsInArray from 14.4
8:899  0:003  AddKextsInArray from 14.4_normal
8:903  0:003  AddKextsInArray from 14.4.0
8:906  0:003  AddKextsInArray from 14.4.0_normal
8:910  0:003  Bridge kext to OC : Path=Other\FakeSMC.kext
8:915  0:005  Bridge kext to OC : Path=Other\USBMapDummy.kext
8:920  0:004  Bridge kext to OC : Path=Other\RadeonMonitor.kext
8:924  0:004  Bridge kext to OC : Path=Other\IntelCPUMonitor.kext
8:930  0:005  Start 'OpenRuntime.efi' : Status Success
8:934  0:003  OC: config config.plist
8:938  0:003  OC: Got 0 drivers
8:942  0:003  OC: OpenCore DBG-102-2024-09-12 is loading in Optional mode (0/0)...
8:946  0:004  OC: StorageHandle 0 with  LauncherOption pointing to 
8:951  0:004  OcOSInfoInstallProtocol
8:955  0:003  OCRTC: OcAppleRtcRamInstallProtocol
8:959  0:003  OCRTC: Wake log is 0x00 0x00   0 0x00
8:963  0:003  OcAppleFbInfoInstallProtocol
8:966  0:003  OcAppleEg2InfoInstallProtocol
8:970  0:003  OC: Loading Apple Secure Boot with Disabled (level 0)
8:975  0:004  OCABC: ALRBL 0 RTDFRG 1 DEVMMIO 0 NOSU 0 NOVRWR 0 NOSB 0 FBSIG 0 NOHBMAP 0 SMSLIDE 1 WRUNPROT 1
8:985  0:010  OCABC: FEXITBS 0 PRMRG 0 CSLIDE 0 MSLIDE 0 PRSRV 0 RBMAP 0 VMAP 1 APPLOS 0 RTPERMS 1 ARBAR -1 RBIO 0
8:989  0:003  OCABC: Got rendezvous with OpenRuntime r12
8:993  0:003  OCABC: MAT support is 1
8:997  0:003  OC: RequestBootVarRouting 0
9:001  0:004  OCDM: Found 0x20046/0x2003C UEFI version (376 bytes, 0 rebuilding to 376) gST 7AB3C018 gBS 6D89B3A0 gBS->CreateEventEx 6D889904 &gBS 6D5732C0
9:006  0:004  OC: Setting GPU BARs to 0
9:009  0:003  OCDM: RBAR using PciIo
9:014  0:004  OCDM: Setting RBAR to 0 inc 1 on 3/18
9:018  0:004  OCDM: Capability I/O error - Unsupported
9:022  0:003  OCDM: RBAR is unsupported by device - Device Error
9:026  0:003  OCDM: Setting RBAR to 0 inc 1 on 5/18
9:030  0:004  OCDM: Capability I/O error - Unsupported
9:034  0:004  OCDM: RBAR is unsupported by device - Device Error
9:039  0:004  OC: Got 0 drivers
9:043  0:003  OCC: Installing GOP (Unsupported) on ConsoleOutHandle...
9:046  0:003  OC: Requested resolution is 1920x1080@0 (max: 0, force: 0) from 1920x1080
9:051  0:004  OCC: Using builtin text renderer with 1 scale
9:055  0:003  OCC: Install console control (6D55E3D0/6D882C88/0), current - Success
9:059  0:004  OCC: Setup ASCII Output - Success
9:063  0:003  OC: Requested console mode is 0x0 (max: 0) from 
9:067  0:003  OC: Invalid HibernateMode: 
9:071  0:003  OC: Translated HibernateMode  to 0
9:077  0:006  OC: Hibernation activation - Invalid Parameter, hibernation wake - no
9:087  0:009  OC: Saving 9797 byte panic log panic-2024-11-24-191846.txt - Success
9:091  0:004  OCABC: IsEfiBootRt 0 (BP 1, Apple 0)
9:096  0:005  OCB: Arch filtering 72DF6018(723512)->72DF6018(723512) caps 0 - Success
9:100  0:003  ImageHandle = 73167a98
9:109  0:008  GetOSVersion: 14.4 (s)
9:119  0:010  Will not patch boot.efi
9:123  0:003  Using latest BiosVersion from config instead of default 'IM191.88Z.F000.B00.2302212211'
9:127  0:003  Using latest BiosReleaseDate from config instead of default '02/21/2023'
9:131  0:003  Using latest EfiVersion from config instead of default '1968.100.16.0.1'
9:135  0:004  BiosVersion: IM191.88Z.F000.B00.2308061817
9:139  0:003  BiosReleaseDate: 08/06/2023
9:143  0:004  EfiVersion: 2020.40.3.0.0
9:147  0:003  SMBIOS reloaded with model iMac19,1
9:151  0:003  Set FakeCPUID: 0x0
9:154  0:003  === [ PatchSmbios ] =============================
9:158  0:003  UpdateSmbiosString : BiosVersion=EfiVersion=2020.40.3.0.0
9:162  0:003  UpdateSmbiosString : ReleaseDate=08/06/2023
9:166  0:004  void PatchTableType1(const SmbiosInjectedSettings&) : UpdateSmbiosString ProductName=iMac19,1
9:170  0:004  void PatchTableType2(const SmbiosInjectedSettings&) : UpdateSmbiosString ProductName=BoardNumber=Mac-AA95B1DDAB278B95
9:174  0:003  void PatchTableType2(const SmbiosInjectedSettings&) : UpdateSmbiosString Version=BoardVersion=iMac19,1
9:178  0:004  insert table 9 for dev 0:0
9:182  0:004  insert table 9 for dev 0:1
9:187  0:004  insert table 9 for dev 1F:6
9:191  0:003  Table 11 present, but rewritten for us
9:195  0:004  Do not inject memory table
9:200  0:004  Trusting SMBIOS...
9:204  0:004  Channels: 1
9:208  0:004  Interleave: 0 1 2 3
9:232  0:024  trusted SMBIOS data, table index 0:
9:236  0:003    gRAM.SMBIOS[0]->ModuleSize = 8192
9:239  0:003    gRAM.SMBIOS[0]->Type = 0
9:243  0:004    gRAM.SMBIOS[0]->Frequency = 3200
9:248  0:004    gRAM.SMBIOS[0]->Vendor = Corsair
9:251  0:003    gRAM.SMBIOS[0]->PartNo = CMK16GX4M2K4266C19
9:256  0:004    gRAM.SMBIOS[0]->SerialNo = 00000000
9:260  0:004  SPD data in use:
9:264  0:004    gRAM.SPD[0]->ModuleSize = 8192
9:268  0:003    gRAM.SPD[0]->Type = 26
9:272  0:003    gRAM.SPD[0]->Frequency = 4264
9:276  0:004    gRAM.SPD[0]->Vendor = Corsair
9:280  0:004    gRAM.SPD[0]->SerialNo = 00000000
9:284  0:003    gRAM.SPD[0]->PartNo = CMK16GX4M2K4266C19
9:288  0:003    SMBIOS Type 17 Index = 0 => SMBIOSIndex=0 SPDIndex=0:
9:292  0:003  BANK 0 DIMM0 4264MHz 8192MB(Ext:0MB)
9:296  0:004  trusted SMBIOS data, table index 1:
9:300  0:003    gRAM.SMBIOS[1]->ModuleSize = 8192
9:303  0:003    gRAM.SMBIOS[1]->Type = 0
9:307  0:004    gRAM.SMBIOS[1]->Frequency = 3200
9:312  0:004    gRAM.SMBIOS[1]->Vendor = Corsair
9:316  0:004    gRAM.SMBIOS[1]->PartNo = CMK16GX4M2K4266C19
9:320  0:003    gRAM.SMBIOS[1]->SerialNo = 00000000
9:323  0:003  SPD data in use:
9:328  0:004    gRAM.SPD[1]->ModuleSize = 8192
9:332  0:003    gRAM.SPD[1]->Type = 26
9:336  0:004    gRAM.SPD[1]->Frequency = 4264
9:340  0:003    gRAM.SPD[1]->Vendor = Corsair
9:344  0:003    gRAM.SPD[1]->SerialNo = 00000000
9:348  0:004    gRAM.SPD[1]->PartNo = CMK16GX4M2K4266C19
9:352  0:004    SMBIOS Type 17 Index = 1 => SMBIOSIndex=1 SPDIndex=1:
9:356  0:004  BANK 0 DIMM1 4264MHz 8192MB(Ext:0MB)
9:360  0:003  !trusted SMBIOS data, Table index 2:!gRAM.SMBIOS.doesSlotForIndexExist(SMBIOSIndex) 
9:372  0:012    SMBIOS Type 17 Index = 2 => SMBIOSIndex=2 SPDIndex=2:
9:376  0:004  BANK 0 DIMM2 EMPTY
9:380  0:004  !trusted SMBIOS data, Table index 3:!gRAM.SMBIOS.doesSlotForIndexExist(SMBIOSIndex) 
9:392  0:012    SMBIOS Type 17 Index = 3 => SMBIOSIndex=3 SPDIndex=3:
9:396  0:003  BANK 0 DIMM3 EMPTY
9:400  0:003  mTotalSystemMemory = 16384
9:406  0:006  NumberOfMemoryDevices = 4
9:413  0:006  Type20[0]->End = 0x7FFFFF, Type17[0] = 2000
9:417  0:004  Type20[1]->End = 0xFFFFFF, Type17[1] = 6000
9:424  0:006  Table 131 is present, CPUType=35
9:428  0:004  Change to: 1005
9:432  0:004  === [ PatchACPI ] ===============================
9:436  0:003  OCABC: AllocPages 1 0x7A345000 (1) - Success
9:440  0:004  Xsdt reallocation done
9:444  0:003  OCABC: AllocPages 1 0x7A344000 (1) - Success
9:448  0:004  old FADT length=114
9:452  0:004   SignatureFixup: 0xFA76D5ED -> 0x0
9:456  0:004  Found OperationRegion(GNVS, SystemMemory, 7A376000, ...)
9:460  0:004  Found OperationRegion(RAMW, SystemMemory, 7A37A018, ...)
9:465  0:004  Found OperationRegion(RAMX, SystemMemory, 7A2E2018, ...)
9:469  0:003  Found OperationRegion(PNVA, SystemMemory, 7A3D2B98, ...)
9:472  0:003  Found OperationRegion(THBA, SystemMemory, FE200000, ...)
9:477  0:005  Found OperationRegion(BNVS, SystemMemory, 7A38B000, ...)
9:482  0:004  Found OperationRegion(SMBD, SystemMemory, E00FC004, ...)
9:486  0:004  Found OperationRegion(TMMB, SystemMemory, FED40000, ...)
9:490  0:004  Found OperationRegion(CRBD, SystemMemory, FED40000, ...)
9:494  0:003  Found OperationRegion(TPMR, SystemMemory, FFFFFFFF, ...)
9:498  0:003  Found OperationRegion(ATNV, SystemMemory, FFFF0000, ...)
9:502  0:004  Found OperationRegion(WPBR, SystemMemory, 7A364000, ...)
9:506  0:004  OCABC: AllocPages 1 0x7A2F5000 (79) - Success
9:510  0:004  Apply DsdtFixMask=0x10400044
9:514  0:003  === [ FixBiosDsdt ] =============================
9:518  0:004  Patching DSDT:
9:522  0:003   - [change EC0 to EC]: pattern 4543305F, patched at: [ (F96F) ]
9:542  0:019   - [change HECI to IMEI]: pattern 48454349, patched at: [ (18CAE) ]
9:564  0:021  found PIC had IRQNoFlag will move -3 bytes
9:568  0:004   deleting device CRT_
9:576  0:008   deleting device DVI_
9:585  0:008   deleting device SPKR
9:593  0:008   deleting device ECP_
9:601  0:007   deleting device LPT_
9:609  0:008   deleting device FDC0
9:617  0:008   deleting device ECP1
9:625  0:008   deleting device LPT1
9:633  0:008   deleting device FDC_
9:642  0:008    indirect name=RAMB
9:646  0:004    indirect name=RAMA
9:650  0:003    indirect name=PNVB
9:654  0:004  OperationRegion (THBA...) corrected from 0x0 to addr=0xFE200000
9:658  0:004    indirect name=TPMM
9:662  0:004    indirect name=FTPM
9:666  0:004    indirect name=PPIM
9:670  0:004  PreCleanup XSDT: count=24, length=228
9:674  0:004  PreCleanup XSDT, corrected XSDT: count=24, length=228
9:678  0:004  === [ ACPIPatchedAML ] ==========================
9:682  0:003  AutoMerge pass 1
9:686  0:003  Unsorted
9:690  0:004  Inserting SSDT-EC.aml from \EFI\CLOVER\ACPI\patched: ignore on pass 1
9:698  0:007  Inserting SSDT-PLUG-_SB.PR00.aml from \EFI\CLOVER\ACPI\patched: ignore on pass 1
9:706  0:008  Inserting SSDT-PM.aml from \EFI\CLOVER\ACPI\patched: ignore on pass 1
9:715  0:008  Inserting SSDT-PMC.aml from \EFI\CLOVER\ACPI\patched: ignore on pass 1
9:723  0:008  === [ ACPIDropTables ] ==========================
9:727  0:004  OCABC: AllocPages 1 0x7A2F3000 (2) - Success
9:731  0:004  OCABC: AllocPages 1 0x7A2F3000 (2) - Success
9:735  0:004  OCABC: AllocPages 1 0x7A2F3000 (2) - Success
9:742  0:007  OCABC: AllocPages 1 0x7A2F3000 (2) - Success
9:747  0:004  OCABC: AllocPages 1 0x7A2F3000 (2) - Success
9:751  0:003  OCABC: AllocPages 1 0x7A2F3000 (2) - Success
9:755  0:004  Patching SSDTs: 2 patches each
9:759  0:003   pattern 4543305F, bin not found / already patched!
9:766  0:007   pattern 48454349, bin not found / already patched!
9:775  0:008  OCABC: AllocPages 1 0x7A2F0000 (3) - Success
9:779  0:004  Patching SSDTs: 2 patches each
9:783  0:004   pattern 4543305F, bin not found / already patched!
9:791  0:008   pattern 48454349, bin not found / already patched!
9:799  0:008  Found OperationRegion(PNVS, SystemMemory, 7ADF3000, ...)
9:803  0:004  OCABC: AllocPages 1 0x7A2EB000 (5) - Success
9:807  0:003  Patching SSDTs: 2 patches each
9:811  0:003   pattern 4543305F, bin not found / already patched!
9:819  0:008   pattern 48454349, bin not found / already patched!
9:828  0:008  Found OperationRegion(SANV, SystemMemory, 7A3D2118, ...)
9:832  0:004  OCABC: AllocPages 1 0x7A2E7000 (4) - Success
9:836  0:003  Patching SSDTs: 2 patches each
9:839  0:003   pattern 4543305F, bin not found / already patched!
9:847  0:008   pattern 48454349, bin not found / already patched!
9:856  0:008  OCABC: AllocPages 1 0x7A2E5000 (2) - Success
9:860  0:004  OCABC: AllocPages 1 0x7A2E5000 (2) - Success
9:864  0:003  Patching SSDTs: 2 patches each
9:868  0:004   pattern 4543305F, bin not found / already patched!
9:876  0:007   pattern 48454349, bin not found / already patched!
9:884  0:008  OCABC: AllocPages 1 0x7A166000 (4) - Success
9:888  0:004  Patching SSDTs: 2 patches each
9:892  0:003   pattern 4543305F, bin not found / already patched!
9:900  0:008   pattern 48454349, bin not found / already patched!
9:908  0:008  OCABC: AllocPages 1 0x7A2E3000 (2) - Success
9:912  0:003  OCABC: AllocPages 1 0x7A2E3000 (2) - Success
9:916  0:003  OCABC: AllocPages 1 0x7A162000 (4) - Success
9:920  0:004  Patching SSDTs: 2 patches each
9:924  0:004   pattern 4543305F, bin not found / already patched!
9:932  0:008   pattern 48454349, bin not found / already patched!
9:940  0:008  OCABC: AllocPages 1 0x7A2E3000 (2) - Success
9:945  0:004  Patching SSDTs: 2 patches each
9:949  0:004   pattern 4543305F, bin not found / already patched!
9:957  0:008   pattern 48454349, bin not found / already patched!
9:965  0:008  OCABC: AllocPages 1 0x7A160000 (2) - Success
9:970  0:004  OCABC: AllocPages 1 0x7A160000 (2) - Success
9:974  0:004  OCABC: AllocPages 1 0x7A15F000 (3) - Success
9:978  0:004  Patching SSDTs: 2 patches each
9:982  0:004   pattern 4543305F, bin not found / already patched!
9:990  0:008   pattern 48454349, bin not found / already patched!
9:998  0:008  OCABC: AllocPages 1 0x7A15D000 (2) - Success
10:002  0:003  Patching SSDTs: 2 patches each
10:008  0:005   pattern 4543305F, bin not found / already patched!
10:016  0:008   pattern 48454349, bin not found / already patched!
10:024  0:007  Found OperationRegion(ADHD, SystemMemory, 78CD0000, ...)
10:028  0:003  Found OperationRegion(ABLK, SystemMemory, 78CD0020, ...)
10:032  0:003  OCABC: AllocPages 1 0x7A14D000 (16) - Success
10:036  0:003  OCABC: AllocPages 1 0x7A15B000 (2) - Success
10:040  0:004  OCABC: AllocPages 1 0x7A15B000 (2) - Success
10:044  0:003  === [ ACPIPatchedAML ] ==========================
10:048  0:004  AutoMerge pass 2
10:052  0:003  Unsorted
10:056  0:004  Inserting SSDT-EC.aml from \EFI\CLOVER\ACPI\patched: size=91 OCABC: AllocPages 1 0x7A15C000 (1) - Success
... Success
10:072  0:016  Inserting SSDT-PLUG-_SB.PR00.aml from \EFI\CLOVER\ACPI\patched: size=166 OCABC: AllocPages 1 0x7A15B000 (1) - Success
... Success
10:089  0:016  Inserting SSDT-PM.aml from \EFI\CLOVER\ACPI\patched: size=198 OCABC: AllocPages 1 0x7A15A000 (1) - Success
... Success
10:106  0:016  Inserting SSDT-PMC.aml from \EFI\CLOVER\ACPI\patched: size=143 OCABC: AllocPages 1 0x7A159000 (1) - Success
... Success
10:122  0:016  ApicCPUNum=1
10:126  0:004  Maximum control=0x24
10:130  0:003  Turbo control=0x31
10:134  0:003  P-States: min 0x8, max 0x31
10:138  0:003  SSDT with plugin-type without P-States is generated
10:142  0:003  OCABC: AllocPages 1 0x7A158000 (1) - Success
10:146  0:004  Cleanup XSDT: count=29, length=268
10:152  0:006  corrected XSDT count=29, length=268
10:156  0:004  === [ RestSetup macOS ] =========================
10:160  0:003  ATI injection not set
10:164  0:004  Intel UHD Graphics 630 [8086:3E98] :: PciRoot(0x0)\Pci(0x2,0x0)
10:168  0:004    Intel: no default properties
10:172  0:004  Intel GFX revision  = 0x0
10:176  0:004   RCBA disabled; cannot use it
10:180  0:003   setting specified layout-id=1 (0x1)
10:184  0:004  stringlength = 458
10:189  0:004  OCABC: AllocPages 1 0x7A157000 (1) - Success
10:193  0:004  CurrentMode: Width=1366 Height=768
10:197  0:003  SetNvramVariable (system-id, 4D1EDE05-38C7-4A6A-9CC6-4BCCA8B38C14, 0x2, 16): -> writing new (Success)
10:208  0:011  SetNvramVariable (MLB, 4D1EDE05-38C7-4A6A-9CC6-4BCCA8B38C14, 0x6, 17): -> writing new (Success)
10:216  0:008  SetNvramVariable (ROM, 4D1EDE05-38C7-4A6A-9CC6-4BCCA8B38C14, 0x6, 6): -> writing new (Success)
10:226  0:009  SetNvramVariable (FirmwareFeatures, 4D1EDE05-38C7-4A6A-9CC6-4BCCA8B38C14, 0x6, 4): -> writing new (Success)
10:234  0:008  SetNvramVariable (FirmwareFeaturesMask, 4D1EDE05-38C7-4A6A-9CC6-4BCCA8B38C14, 0x6, 4): -> writing new (Success)
10:243  0:008  SetNvramVariable (ExtendedFirmwareFeatures, 4D1EDE05-38C7-4A6A-9CC6-4BCCA8B38C14, 0x6, 8): -> writing new (Success)
10:252  0:008  SetNvramVariable (ExtendedFirmwareFeaturesMask, 4D1EDE05-38C7-4A6A-9CC6-4BCCA8B38C14, 0x6, 8): -> writing new (Success)
10:261  0:008  AddNvramVariable (HW_BID, 4D1EDE05-38C7-4A6A-9CC6-4BCCA8B38C14, 0x6, 20): -> writing new (Success)
10:269  0:008  AddNvramVariable (security-mode, 7C436110-AB2A-4BBB-A880-FE41995C9F82, 0x7, 5): -> already exists, abort
10:277  0:008  set DefaultBackgroundColor=0xfbfbfb
10:281  0:003  SetNvramVariable (DefaultBackgroundColor, 4D1EDE05-38C7-4A6A-9CC6-4BCCA8B38C14, 0x7, 4): -> writing new (Success)
10:293  0:012  SetNvramVariable (ActualDensity, 7C436110-AB2A-4BBB-A880-FE41995C9F82, 0x7, 2): exists(0x7, 2), equal -> not writing again.
10:305  0:012  SetNvramVariable (DensityThreshold, 7C436110-AB2A-4BBB-A880-FE41995C9F82, 0x7, 2): exists(0x7, 2), equal -> not writing again.
10:317  0:011  SetNvramVariable (gfx-saved-config-restore-status, 4D1EDE05-38C7-4A6A-9CC6-4BCCA8B38C14, 0x7, 8): exists(0x7, 8), equal -> not writing again.
10:333  0:015  DeleteNvramVariable (UIScale, 4D1EDE05-38C7-4A6A-9CC6-4BCCA8B38C14):
10:337  0:004  DeleteNvramVariable (EFILoginHiDPI, 7C436110-AB2A-4BBB-A880-FE41995C9F82):
10:341  0:003  SetNvramVariable (flagstate, 7C436110-AB2A-4BBB-A880-FE41995C9F82, 0x7, 32): exists(0x7, 32), equal -> not writing again.
10:353  0:012  SetNvramVariable (csr-active-config, 7C436110-AB2A-4BBB-A880-FE41995C9F82, 0x7, 4): exists(0x7, 4), equal -> not writing again.
10:366  0:012  DeleteNvramVariable (BridgeOSHardwareModel, 4D1EDE05-38C7-4A6A-9CC6-4BCCA8B38C14):
10:371  0:004  DeleteNvramVariable (bootercfg, 7C436110-AB2A-4BBB-A880-FE41995C9F82):
10:375  0:004  DeleteNvramVariable (nvda_drv, 7C436110-AB2A-4BBB-A880-FE41995C9F82):
10:380  0:004  DeleteNvramVariable (recovery-boot-mode, 7C436110-AB2A-4BBB-A880-FE41995C9F82):
10:384  0:003  AddNvramVariable (wake-failure, 7C436110-AB2A-4BBB-A880-FE41995C9F82, 0x7, 5): -> already exists, abort
10:393  0:008  DeleteNvramVariable (opencore-version, 7C436110-AB2A-4BBB-A880-FE41995C9F82):
10:398  0:004  DeleteNvramVariable (ApBoardID, 94B73556-2197-4702-82A8-3E1337DAFBFB):
10:402  0:004  DeleteNvramVariable (ApSecurityDomain, 94B73556-2197-4702-82A8-3E1337DAFBFB):
10:407  0:004  DeleteNvramVariable (ApProductionStatus, 94B73556-2197-4702-82A8-3E1337DAFBFB):
10:412  0:004  DeleteNvramVariable (ApSecurityMode, 94B73556-2197-4702-82A8-3E1337DAFBFB):
10:417  0:004  DeleteNvramVariable (EffectiveProductionStatus, 94B73556-2197-4702-82A8-3E1337DAFBFB):
10:421  0:004  DeleteNvramVariable (EffectiveSecurityMode, 94B73556-2197-4702-82A8-3E1337DAFBFB):
10:426  0:004  DeleteNvramVariable (CertificateEpoch, 94B73556-2197-4702-82A8-3E1337DAFBFB):
10:431  0:004  DeleteNvramVariable (MixNMatchPreventionStatus, 94B73556-2197-4702-82A8-3E1337DAFBFB):
10:435  0:004  DeleteNvramVariable (CryptoDigestMethod, 94B73556-2197-4702-82A8-3E1337DAFBFB):
10:440  0:004  DeleteNvramVariable (InternalUseOnlyUnit, 94B73556-2197-4702-82A8-3E1337DAFBFB):
10:444  0:004  DeleteNvramVariable (ApECID, 94B73556-2197-4702-82A8-3E1337DAFBFB):
10:449  0:004  DeleteNvramVariable (HardwareModel, 94B73556-2197-4702-82A8-3E1337DAFBFB):
10:453  0:003  Use origin smbios table type 1 guid.
10:476  0:022  DeleteNvramVariable (efi-boot-device, 7C436110-AB2A-4BBB-A880-FE41995C9F82):
10:480  0:004  DeleteNvramVariable (efi-boot-device-data, 7C436110-AB2A-4BBB-A880-FE41995C9F82):
10:488  0:007  DeleteNvramVariable (BootCampHD, 7C436110-AB2A-4BBB-A880-FE41995C9F82):
10:492  0:004  Custom boot screen not used because entry has unset use graphics
10:498  0:005  DeleteNvramVariable (IOHibernateRTCVariables, 7C436110-AB2A-4BBB-A880-FE41995C9F82):
10:503  0:004  DeleteNvramVariable (boot-image, 7C436110-AB2A-4BBB-A880-FE41995C9F82):
10:507  0:004  Kernel quirks
10:511  0:003  ACPCL 1 AXCL 1 AXEM 0 AXFB 0 CSG 0 DIM 0 DLJ 0 DRC 1 DPM 0 EBTFF 0 EDI 0 FAI 0 IPBS 0 LKP 0 PNKD 0 PTKP 0 TPD 0 XPL 0 PCC 0
10:515  0:003  Closing log
10:519  0:003  OCABC: AllocPages 2 0x91000 (14) - Success
10:523  0:004  OCABC: AllocPages 2 0x6F7C8000 (14) - Success
10:531  0:008  OCABC: Patching safe mode sur-2 at off ACF4
10:537  0:006  OCABC: AllocPages 2 0x77848000 (512) - Success
10:541  0:003  OCABC: AllocPages 2 0x77847000 (1) - Success
10:545  0:004  OC: Supported boot capabilities 4
10:551  0:005  OCOS: OS set: <null> macOS 11.0
10:555  0:003  OCOS: OS set: Apple Inc. macOS 11.0
10:559  0:004  OCOS: Should use black background
10:563  0:004  OCABC: AllocPages 1 0x6D351000 (1) - Success
10:579  0:015  OC: Opening file System\Library\Kernels\kernel with 1 mode gave - Not Found
10:583  0:004  OC: Opening file \A490645D-B724-4FBC-9AC8-F7A23B1C4935 with 1 mode gave - Success
10:587  0:004  OC: Opening file \A490645D-B724-4FBC-9AC8-F7A23B1C4935\System\Library\CoreServices\com.apple.Boot.plist with 1 mode gave - Not Found
10:591  0:004  OC: Opening file Library\Preferences\SystemConfiguration\com.apple.Boot.plist with 1 mode gave - Success
10:595  0:004  OC: Opening file \A490645D-B724-4FBC-9AC8-F7A23B1C4935\System\Library\CoreServices\PlatformSupport.plist with 1 mode gave - Success
15:617  5:021  OCABC: AllocPages 2 0x14500000 (121199) - Success
15:641  0:023  OC: Opening file System\Library\Caches\com.apple.corestorage\EncryptedRoot.plist.wipekey with 1 mode gave - Success
15:661  0:020  OC: Opening file \A490645D-B724-4FBC-9AC8-F7A23B1C4935\System\Library\CoreServices\boot.efi with 1 mode gave - Success
15:690  0:028  OC: Opening file boot\System\Library\KernelCollections\BootKernelExtensions.kc.development with 1 mode gave - Not Found
15:707  0:017  OC: Opening file boot\System\Library\KernelCollections\BootKernelExtensions.kc with 1 mode gave - Success
15:711  0:004  OC: Load and reserve Kext Other\FakeSMC.kext
15:716  0:004  OC: Load and reserve Kext Other\USBMapDummy.kext
15:721  0:004  OC: Load and reserve Kext Other\RadeonMonitor.kext
15:725  0:004  OC: Load and reserve Kext Other\IntelCPUMonitor.kext
15:729  0:004  OC: Kext reservation size info 506000 exe 3B000
15:733  0:003  OC: Trying 64-bit XNU hook on boot\System\Library\KernelCollections\BootKernelExtensions.kc
15:737  0:003  OCAK: Found 64-bit Mach-O compressed 0 offset 0 size 0
15:741  0:003  OCAK: Determined kernel size is 62734336 bytes
15:775  0:034  OC: Result of 64-bit XNU hook on boot\System\Library\KernelCollections\BootKernelExtensions.kc (00000000) is Success
15:822  0:046  OCAK: Read kernel version 23.4.0 (230400)
15:826  0:003  OCAK: 64-bit patcher base 0xFFFFFF8000200000 kmod 0x0 file 0x0
15:831  0:004  OCAK: Zeroing _xcpm_core_scope_msrs 0xE2 applicable CPUs (76)
15:835  0:003  OCAK: Zeroing _xcpm_core_scope_msrs 0xE2 applicable CPUs (406416)
15:839  0:003  OCAK: Zeroing _xcpm_core_scope_msrs 0xE2 applicable CPUs (16384)
15:843  0:004  Replace B9E20000000F30 by B9E20000009090 at ofs:30E
15:912  0:068  Replace B9E20000000F30 by B9E20000009090 at ofs:39B
15:980  0:067  OCAK: 64-bit XcpmCfgLockRel replace count - 2
15:984  0:004  OCAK: [OK] Success XcpmCfgLock patch
16:028  0:043  OCAK: org.netkas.FakeSMC got KXLD 0 0
16:032  0:004  OCAK: Requesting __LINKEDIT for org.netkas.FakeSMC - 6CE10398 at 3BD5000
16:036  0:003  OCAK: Requesting SymbolTable for org.netkas.FakeSMC - 601
16:040  0:003  OCAK: Requesting __LINKEDIT for __kernel__ - 69246688 at 0
16:044  0:004  OCAK: Requesting SymbolTable for __kernel__ - 22799
16:071  0:026  OCAK: Patching invalid size 2000 with 19DF000 for com.apple.iokit.IOACPIFamily
16:074  0:003  OCAK: com.apple.iokit.IOACPIFamily got KXLD 0 0
16:078  0:003  OCAK: Requesting __LINKEDIT for com.apple.iokit.IOACPIFamily - 6B431518 at 21F6000
16:082  0:003  OCAK: Requesting SymbolTable for com.apple.iokit.IOACPIFamily - 544
16:094  0:011  OCAK: Local relocs 1148 on FFFFFF8003CD5000
16:099  0:004  OC: Prelinked injection Other\FakeSMC.kext () - Success
16:103  0:004  OC: Prelinked injection Other\USBMapDummy.kext () - Success
16:107  0:003  OCAK: org.slice.RadeonMonitor got KXLD 0 0
16:111  0:003  OCAK: Requesting __LINKEDIT for org.slice.RadeonMonitor - 6CE28398 at 3BED000
16:115  0:004  OCAK: Requesting SymbolTable for org.slice.RadeonMonitor - 372
16:121  0:005  OCAK: Patching invalid size 32000 with 156F000 for com.apple.iokit.IOPCIFamily
16:125  0:004  OCAK: com.apple.iokit.IOPCIFamily got KXLD 0 0
16:129  0:004  OCAK: Requesting __LINKEDIT for com.apple.iokit.IOPCIFamily - 6B8A1518 at 2666000
16:133  0:004  OCAK: Requesting SymbolTable for com.apple.iokit.IOPCIFamily - 1531
16:141  0:008  OCAK: Requesting SymbolTable for org.netkas.FakeSMC - 191
16:151  0:009  OCAK: Local relocs 369 on FFFFFF8003CED000
16:155  0:004  OC: Prelinked injection Other\RadeonMonitor.kext () - Success
16:159  0:003  OCAK: org.slice.IntelCPUMonitor got KXLD 0 0
16:163  0:003  OCAK: Requesting __LINKEDIT for org.slice.IntelCPUMonitor - 6CE393E8 at 3BFE000
16:167  0:004  OCAK: Requesting SymbolTable for org.slice.IntelCPUMonitor - 363
16:175  0:007  OCAK: Local relocs 306 on FFFFFF8003CFE000
16:179  0:004  OC: Prelinked injection Other\IntelCPUMonitor.kext () - Success
16:183  0:003  OC: Prelink size 62980096 kext offset 62738432 reserved 241664
16:187  0:003  OCAK: KC TEXT is 65536 bytes with 61800 Mach-O headers need 400
16:204  0:017  OCAK: Failed to pk find com.apple.driver.AppleIntelCPUPowerManagement - Not Found
16:208  0:004  OCAK: [OK] Skipping PatchAppleCpuPmCfgLock on NULL Patcher on kernel version 230400
16:213  0:004  OCAK: Patching invalid size 5FF4 with 2193000 for com.apple.driver.AppleRTC
16:217  0:003  OCAK: com.apple.driver.AppleRTC got KXLD 0 0
16:221  0:003  Replace BE58000000/FFFEFFFFFF(BE58000000) by BEFFFF0000 at ofs:1AED
16:326  0:104  Replace BE58000000/FFFEFFFFFF(BE59000000) by BEFFFF0000 at ofs:1AFE
16:427  0:101  Replace BE58000000/FFFEFFFFFF(BE58000000) by BEFFFF0000 at ofs:1DE3
16:536  0:108  Replace BE58000000/FFFEFFFFFF(BE59000000) by BEFFFF0000 at ofs:1DF3
16:641  0:105  OCAK: 64-bit DisableRtcChecksum64 replace count - 4
16:646  0:004  OCAK: [OK] Patch success com.apple.driver.AppleRTC DisableRtcChecksum
16:767  0:121  OC: Prelinked status - Success
16:810  0:043  OC: Opening file usr\standalone\OS.dmg.root_hash with 1 mode gave - Success
16:820  0:009  OC: Opening file usr\standalone\OS.dmg.root_hash.x86legacyap.im4m with 1 mode gave - Success
16:830  0:010  OCABC: AllocPages 0 0x7308E000 (1) - Success
16:834  0:004  OCABC: AllocPages 0 0x7308B000 (1) - Success
16:848  0:013  FixOwnership() -> begin
16:852  0:003  PCI Io found 18
16:855  0:003  USB XHCI reset for device A36D
16:859  0:003  ExtendCap=00008000
16:863  0:003    Value=02000802
16:867  0:003    Value=03011402
16:870  0:003    Value=005CFFC0
16:874  0:003    Value=00002201
