0:100  0:100  MemLog inited, TSC freq: 3600503240
0:100  0:000  CPU was calibrated with RTC
0:100  0:000  CloverX64 : Image base = 0x6D404000
0:100  0:000  Clover ImageHandle = 75edbd18
0:102  0:002  SelfDirPath = \EFI\CLOVER
0:103  0:001  === [ Starting Clover ] =========================
0:103  0:000  Now is 24.11.2024,  18:23:52 (GMT)
0:103  0:000  Starting Clover revision: 5160 (master, commit 7b08a616e) on American Megatrends EFI
0:103  0:000  Build id: 20240909210805-7b08a61-dirty
0:103  0:000  Build with: [Args: -D NO_GRUB_DRIVERS_EMBEDDED -D LESS_DEBUG -t GCC131 | --cmd-len=50000 -D NO_GRUB_DRIVERS_EMBEDDED -D LESS_DEBUG --conf=/Users/sergey/src/CloverBootloader/Conf -D USE_LOW_EBDA -a X64 -b RELEASE -t GCC131 -n 5 | OS: 15]
0:103  0:000  === [ Get Smbios ] ==============================
0:103  0:000  Type 16 Index = 0
0:103  0:000  Total Memory Slots Count = 4
0:103  0:000  Type 17 Index = 0
0:103  0:000  SmbiosTable.Type17->SlotIndex = 0
0:103  0:000  SmbiosTable.Type17->ModuleSize = 8192MB
0:103  0:000  SmbiosTable.Type17->Type = 0
0:103  0:000  SmbiosTable.Type17->Frequency = 3200MHz
0:103  0:000  SmbiosTable.Type17->Bank/Device = BANK 0 ChannelA-DIMM1
0:103  0:000  SmbiosTable.Type17->Vendor = Corsair
0:103  0:000  SmbiosTable.Type17->SerialNo = 00000000
0:103  0:000  SmbiosTable.Type17->PartNo = CMK16GX4M2K4266C19
0:103  0:000  Type 17 Index = 1
0:103  0:000  SmbiosTable.Type17->SlotIndex = 1
0:103  0:000  SmbiosTable.Type17->ModuleSize = 8192MB
0:103  0:000  SmbiosTable.Type17->Type = 0
0:103  0:000  SmbiosTable.Type17->Frequency = 3200MHz
0:103  0:000  SmbiosTable.Type17->Bank/Device = BANK 1 ChannelA-DIMM2
0:103  0:000  SmbiosTable.Type17->Vendor = Corsair
0:103  0:000  SmbiosTable.Type17->SerialNo = 00000000
0:103  0:000  SmbiosTable.Type17->PartNo = CMK16GX4M2K4266C19
0:103  0:000  Type 17 Index = 2
0:103  0:000  Ignoring insane frequency value 0MHz
0:103  0:000  Type 17 Index = 3
0:103  0:000  Ignoring insane frequency value 0MHz
0:103  0:000  Boot status=0
0:103  0:000  Running on: 'System Product Name' with board 'PRIME Z390-A'
0:103  0:000  === [ GetCPUProperties ] ========================
0:103  0:000  CPU Vendor = 756E6547 Model=906EC
0:103  0:000   The CPU supported SSE4.1
0:103  0:000   The CPU supported RDRAND
0:103  0:000  BrandString = Intel(R) Core(TM) i7-9700K CPU @ 3.60GHz
0:103  0:000   The CPU supported turbo
0:103  0:000   Energy PerfBias is  visible:
0:103  0:000  MSR 0x35               80008
0:103  0:000   TSC/CCC Information Leaf:
0:103  0:000    numerator     : 300
0:103  0:000    denominator   : 2
0:103  0:000   Calibrated ARTFrequency: 24003354
0:103  0:000   Rounded ARTFrequency: 24000000
0:103  0:000  MSR 0xE2 before patch 1E000000
0:103  0:000  MSR 0xCE              08080838_F1012400
0:103  0:000  corrected FLEX_RATIO = E0000
0:103  0:000  MSR 0x1B0             00000000
0:103  0:000  FSBFrequency = 109 MHz, DMI FSBFrequency = 100 MHz, Corrected FSBFrequency = 100 MHz
0:103  0:000  MaxDiv/MinDiv: 36.0/8
0:103  0:000  Turbo: 47/49/49/49
0:103  0:000  Features: 0x77FAFBFFBFEBFBFF
0:103  0:000  Threads: 8
0:103  0:000  Cores: 8
0:103  0:000  FSB: 100 MHz
0:103  0:000  CPU: 3900 MHz
0:103  0:000  TSC: 3900 MHz
0:103  0:000  PIS: 100 MHz
0:103  0:000  ExternalClock: 25 MHz
0:103  0:000  === [ GetDevices ] ==============================
0:103  0:000  GOP found at: PciRoot(0x0)/Pci(0x1,0x0)/Pci(0x0,0x0)/AcpiAdr(0x80010302)
0:103  0:000  PCI (00|00:00.00) : 8086 3E30 class=060000
0:103  0:000  PCI (00|00:01.00) : 8086 1901 class=060400
0:103  0:000  PCI (00|01:00.00) : 1002 67DF class=030000
0:103  0:000   - GFX: Model=AMD Radeon RX 480/570/580 (ATI/AMD)
0:104  0:000   - GOP: Provided by device
0:104  0:000  PCI (00|01:00.01) : 1002 AAF0 class=040300
0:104  0:000   - HDMI Audio: 
0:104  0:000  PCI (00|00:02.00) : 8086 3E98 class=038000
0:104  0:000   - GFX: Model=Intel UHD Graphics 630 (Intel)
0:104  0:000  PCI (00|00:14.00) : 8086 A36D class=0C0330
0:104  0:000  PCI (00|00:14.02) : 8086 A36F class=050000
0:104  0:000  PCI (00|00:16.00) : 8086 A360 class=078000
0:104  0:000  PCI (00|00:17.00) : 8086 A352 class=010601
0:104  0:000  PCI (00|00:1B.00) : 8086 A340 class=060400
0:104  0:000  PCI (00|00:1C.00) : 8086 A338 class=060400
0:104  0:000  PCI (00|00:1D.00) : 8086 A330 class=060400
0:104  0:000  PCI (00|04:00.00) : 144D A808 class=010802
0:104  0:000  PCI (00|00:1F.00) : 8086 A305 class=060100
0:104  0:000  PCI (00|00:1F.03) : 8086 A348 class=040300
0:104  0:000  PCI (00|00:1F.04) : 8086 A323 class=0C0500
0:104  0:000  PCI (00|00:1F.05) : 8086 A324 class=0C8000
0:104  0:000  PCI (00|00:1F.06) : 8086 15BC class=020000
0:104  0:000   - LAN: 1 Vendor=Intel
0:104  0:000  Legacy MAC address of LAN #0= 40:B0:76:DE:9E:93:
0:104  0:000  _checkOEMPath Look for oem dir at path '\EFI\CLOVER\OEM\System Product Name--40-B0-76-DE-9E-93'. Dir doesn't exist.
0:104  0:000  _checkOEMPath Look for oem dir at path '\EFI\CLOVER\OEM\PRIME Z390-A\UEFI'. Dir doesn't exist.
0:104  0:000  _checkOEMPath Look for oem dir at path '\EFI\CLOVER\OEM\System Product Name'. Dir doesn't exist.
0:104  0:000  _checkOEMPath Look for oem dir at path '\EFI\CLOVER\OEM\System Product Name-3900'. Dir doesn't exist.
0:104  0:000  _checkOEMPath Look for oem dir at path '\EFI\CLOVER\OEM\PRIME Z390-A'. Dir doesn't exist.
0:104  0:000  _checkOEMPath Look for oem dir at path '\EFI\CLOVER\OEM\PRIME Z390-A-3900'. Dir doesn't exist.
0:105  0:000  === [ GetUserSettings ] =========================
0:105  0:000  GetDefaultModel()=iMac18,3
0:105  0:000  === [ LoadUserSettings ] ========================
0:105  0:000  Using config.plist at path: \EFI\CLOVER
0:106  0:000  === [ LoadUserSettings ] ========================
0:106  0:000  Cannot find smbios.plist at path '\EFI\CLOVER' : Not Found
0:106  0:000  '\EFI\CLOVER\smbios.plist' not loaded. Efi error Not Found
0:106  0:000  create SMBIOS list, found 27 dicts
0:106  0:000  ... ACPI
0:106  0:000  ... Boot
0:106  0:000  ... BootGraphics
0:106  0:000  ... Devices
0:106  0:000  ... DisableDrivers
0:106  0:000  ... GUI
0:106  0:000  ... Graphics
0:106  0:000  ... KernelAndKextPatches
0:106  0:000  ... SMBIOS
0:106  0:000  ... SystemParameters
0:106  0:000  ... RtVariables
0:106  0:000  ... Quirks
0:106  0:000  get model from config.plist
0:106  0:000  Using latest BiosVersion from config instead of default 'IM191.88Z.F000.B00.2302212211'
0:120  0:014  Using latest BiosReleaseDate from config instead of default '02/21/2023'
0:124  0:003  Using latest EfiVersion from config instead of default '1968.100.16.0.1'
0:128  0:003  BiosVersion: IM191.88Z.F000.B00.2308061817
0:132  0:003  BiosReleaseDate: 08/06/2023
0:136  0:003  EfiVersion: 2020.40.3.0.0
0:140  0:003  Calibrated TSC Frequency = 3600503240 = 3600MHz
0:144  0:003  === [ GetListOfThemes ] =========================
0:148  0:003  - [00]: random
0:156  0:008  - [00]: embedded
0:164  0:008  === [ Found config plists ] =====================
0:168  0:004  - config.plist
0:172  0:003  - config-sample.plist
0:176  0:004  === [ LoadDrivers ] =============================
0:181  0:004  Loading NvmExpressDxe.efi status=Success
0:194  0:012   - driver needs connecting
0:198  0:003  Loading EnglishDxe.efi status=Success
0:210  0:012  Loading VBoxHfs.efi status=Success
0:223  0:012   - driver needs connecting
0:230  0:006  Loading PartitionDxe.efi status=Success
0:250  0:020   - driver needs connecting
0:254  0:004  Loading ApfsDriverLoader.efi status=Success
0:266  0:012   - driver needs connecting
0:271  0:004  4 drivers needs connecting ...
0:271  0:000  PlatformDriverOverrideProtocol not found. Installing ... Success
0:271  0:000  Partition driver loaded: 
0:272  0:000  HFS+ driver loaded
0:272  0:000  APFS driver loaded
0:272  0:000  Searching for invalid DiskIo BY_DRIVER connects: not found, all ok
0:479  0:207  === [ InitScreen ] ==============================
0:483  0:004  Console modes reported: 4, available modes:
0:487  0:004   - [01]: 80x25 (current mode)
0:491  0:003   - [03]: 100x31
0:495  0:003   - [04]: 170x40
0:499  0:004  SetScreenResolution: 1920x1080 - not found!
0:507  0:007  SetMaxResolution: found best mode 0: 1366x768
0:515  0:007   - already set
0:520  0:005  Using embedded font
0:525  0:004  === [ ScanSPD ] =================================
0:529  0:004  SMBus device : 8086 A323 class=0C0500 status=Success
0:533  0:003  SMBus CmdReg: 0x3
0:537  0:004  Scanning SMBus [8086:A323], mmio: 0x12116004, ioport: 0xEFA0, hostc: 0x11
0:541  0:003  Slots to scan [8]...
0:545  0:004  SPD[0]: Got invalid type 0 @0x50. Will set page and retry.
0:550  0:004  SPD[0]: Type 12 @0x50
0:572  0:021  XMP Profile1: 4*125 -31 ns
0:576  0:003  Found module with XMP version 2.0
0:580  0:004  Using XMP Profile1 instead of standard frequency 2132MHz
0:584  0:004  DDR speed 4264MHz
0:588  0:004  Slot: 0 Type 26 8192MB 4264MHz Vendor=Corsair PartNo=CMK16GX4M2K4266C19 SerialNo=00000000
0:592  0:004  SPD[1]: Type 12 @0x51
0:614  0:021  XMP Profile1: 4*125 -31 ns
0:618  0:003  Found module with XMP version 2.0
0:622  0:003  Using XMP Profile1 instead of standard frequency 2132MHz
0:626  0:004  DDR speed 4264MHz
0:630  0:003  Slot: 1 Type 26 8192MB 4264MHz Vendor=Corsair PartNo=CMK16GX4M2K4266C19 SerialNo=00000000
0:635  0:005  === [ GetAcpiTablesList ] =======================
0:639  0:003  Get Acpi Tables List from RSDT: count=24
0:647  0:007   - [00]: FACP  A M I  len=132
0:651  0:003   - [01]: APIC  A M I  len=188
0:655  0:003   - [02]: FPDT  A M I  len=68
0:659  0:003   - [03]: FIDT  A M I len=156
0:663  0:003   - [04]: MCFG  A M I  len=60
0:667  0:003   - [05]: WSMT  A M I  len=40
0:671  0:003   - [06]: SSDT  SataTabl len=888
0:675  0:003   - [07]: SSDT  CpuSsdt len=6101
0:679  0:003   - [08]: SSDT  SaSsdt  len=12443
0:686  0:007   - [09]: SSDT  PegSsdt len=9048
0:690  0:004   - [10]: HPET  A M I  len=56
0:694  0:004   - [11]: SSDT  Ther_Rvp len=3998
0:698  0:003   - [12]: SSDT  xh_cfsd4 len=10579
0:702  0:003   - [13]: UEFI  A M I  len=72
0:706  0:003   - [14]: LPIT  A M I  len=92
0:710  0:003   - [15]: SSDT  PtidDevc len=10206
0:714  0:004   - [16]: SSDT  TbtTypeC len=4094
0:718  0:003   - [17]: DBGP  A M I  len=52
0:722  0:003   - [18]: DBG2  A M I  len=84
0:726  0:004   - [19]: SSDT  UsbCTabl len=6449
0:730  0:003   - [20]: SSDT  ADebTabl len=324
0:734  0:003   - [21]: VFCT  A M I  len=59524
0:737  0:003   - [22]: BGRT  A M I  len=56
0:741  0:003   - [23]: WPBT  A M I len=60
0:746  0:004   - [00]: Drop table : MATS,                0 :  no
0:753  0:007  Custom boot CUSTOM_BOOT_DISABLED (0x0)
0:759  0:005  Default theme: embedded
0:763  0:004  Set FakeCPUID: 0x0
0:768  0:004  === [ Found DSDT tables ] =======================
0:772  0:004  === [ InitKextList ] ============================
0:777  0:004  Added Kext=Other\USBMapDummy.kext (1.0)
0:781  0:004  Added Kext=Other\RadeonMonitor.kext (1.3.5)
0:786  0:004  Added Kext=Other\FakeSMC.kext (3.5.6)
0:790  0:004  Added Kext=Other\IntelCPUMonitor.kext (1.2.6)
0:796  0:005  === [ ScanVolumes ] =============================
0:801  0:004  Found 10 volumes with blockIO
0:805  0:004  - [00]: Volume: PciRoot(0x0)\Pci(0x17,0x0)\Sata(0x0,0xFFFF,0x0)
0:813  0:008  - [01]: Volume: PciRoot(0x0)\Pci(0x17,0x0)\Sata(0x0,0xFFFF,0x0)\HD(1,GPT,38DCC513-D608-408E-9D2F-1469C8B906A0,0x28,0x64000)
0:822  0:008          Result of bootcode detection: bootable unknown (legacy)
0:839  0:017            label : EFI
0:843  0:003  - [02]: Volume: PciRoot(0x0)\Pci(0x17,0x0)\Sata(0x0,0xFFFF,0x0)\HD(2,GPT,C20AA839-E88E-4CED-8CAB-9480B290394C,0x64028,0x15D466360)
0:869  0:025            label : Dati
0:872  0:003  - [03]: Volume: PciRoot(0x0)\Pci(0x1D,0x0)\Pci(0x0,0x0)\NVMe(0x1,CA-8F-B2-81-58-38-25-00)
0:880  0:007  - [04]: Volume: PciRoot(0x0)\Pci(0x1D,0x0)\Pci(0x0,0x0)\NVMe(0x1,CA-8F-B2-81-58-38-25-00)\HD(1,GPT,6E40A227-DDED-4325-B7CE-3959620EB39E,0x28,0x64000)
0:891  0:010          Result of bootcode detection: bootable unknown (legacy)
0:897  0:006            label : EFI
0:901  0:003          This is SelfVolume !!
0:905  0:003  - [05]: Volume: PciRoot(0x0)\Pci(0x1D,0x0)\Pci(0x0,0x0)\NVMe(0x1,CA-8F-B2-81-58-38-25-00)\HD(2,GPT,9508A8C6-F9B9-4EDD-ABC7-C1C4A019C410,0x64028,0x3A321FE0)
0:913  0:008          Result of bootcode detection: bootable unknown (legacy)
0:917  0:003  - [06]: Volume: PciRoot(0x0)\Pci(0x1D,0x0)\Pci(0x0,0x0)\NVMe(0x1,CA-8F-B2-81-58-38-25-00)\HD(2,GPT,9508A8C6-F9B9-4EDD-ABC7-C1C4A019C410,0x64028,0x3A321FE0)\VenMedia(BE74FCF7-0B7C-49F3-9147-01F4042E6842,F2738F7DD5B89341BB89C99D72294438)
0:925  0:007            apfsFileSystemUUID=7D8F73F2-B8D5-4193-BB89-C99D72294438, ApfsContainerUUID=85F3C012-2D6D-4FA1-A77E-71D7470E7FA2, ApfsRole=0x10
0:929  0:004            label : Preboot
0:933  0:004  - [07]: Volume: PciRoot(0x0)\Pci(0x1D,0x0)\Pci(0x0,0x0)\NVMe(0x1,CA-8F-B2-81-58-38-25-00)\HD(2,GPT,9508A8C6-F9B9-4EDD-ABC7-C1C4A019C410,0x64028,0x3A321FE0)\VenMedia(BE74FCF7-0B7C-49F3-9147-01F4042E6842,5D6490A424B7BC4F9AC8F7A23B1C4935)
0:941  0:007            apfsFileSystemUUID=A490645D-B724-4FBC-9AC8-F7A23B1C4935, ApfsContainerUUID=85F3C012-2D6D-4FA1-A77E-71D7470E7FA2, ApfsRole=0x0
0:958  0:017            label : Macintosh HD
0:962  0:004  - [08]: Volume: PciRoot(0x0)\Pci(0x1D,0x0)\Pci(0x0,0x0)\NVMe(0x1,CA-8F-B2-81-58-38-25-00)\HD(2,GPT,9508A8C6-F9B9-4EDD-ABC7-C1C4A019C410,0x64028,0x3A321FE0)\VenMedia(BE74FCF7-0B7C-49F3-9147-01F4042E6842,B6D67091A529BA4BA6736F0E24A99093)
0:970  0:007            apfsFileSystemUUID=9170D6B6-29A5-4BBA-A673-6F0E24A99093, ApfsContainerUUID=85F3C012-2D6D-4FA1-A77E-71D7470E7FA2, ApfsRole=0x4
0:974  0:003            label : Recovery
0:978  0:004  - [09]: Volume: PciRoot(0x0)\Pci(0x1D,0x0)\Pci(0x0,0x0)\NVMe(0x1,CA-8F-B2-81-58-38-25-00)\HD(2,GPT,9508A8C6-F9B9-4EDD-ABC7-C1C4A019C410,0x64028,0x3A321FE0)\VenMedia(BE74FCF7-0B7C-49F3-9147-01F4042E6842,55B78B2757452849A2D432E0BB550617)
0:986  0:007            apfsFileSystemUUID=278BB755-4557-4928-A2D4-32E0BB550617, ApfsContainerUUID=85F3C012-2D6D-4FA1-A77E-71D7470E7FA2, ApfsRole=0x8
0:990  0:003            label : VM
0:994  0:003  No AudioIoProtocols, status=Not Found
0:998  0:004  === [ InitXTheme ] ==============================
1:002  0:004  use Daylight theme
1:006  0:003   using embedded theme
1:019  0:012  Using embedded font
1:023  0:004  theme inited
1:027  0:003  Chosen embedded theme
1:031  0:003  after NVRAM boot-args=dart=0 -v
1:035  0:003  Scanning legacy ...
1:039  0:003  === [ Dump SMC keys from NVRAM ] ================
1:043  0:003  found AppleSMC protocol
1:055  0:011     fakesmc-key-RVBF-ch8*:02 46 0F 00 00 12 
1:088  0:033     fakesmc-key-#KEY-ui32:00 00 00 11 
1:113  0:024     fakesmc-key-$Adr-ui32:00 00 03 00 
1:137  0:024     fakesmc-key-$Num-ui8:01 
1:154  0:016     fakesmc-key-RMde-char:41 
1:167  0:013     fakesmc-key-RBr -ch8*:6A 31 33 38 5F 39 00 00 
1:211  0:043     fakesmc-key-EPCI-ui32:09 D0 F0 00 
1:236  0:025     fakesmc-key-REV -ch8*:02 46 0F 00 00 12 
1:269  0:032     fakesmc-key-RPlt-ch8*:6A 31 33 38 00 00 00 00 
1:309  0:040     fakesmc-key-BEMB-flag:00 
1:322  0:012     fakesmc-key-BATP-flag:00 
1:335  0:013     fakesmc-key-BNum-ui8:00 
1:348  0:013     fakesmc-key-MSTc-ui8:00 
1:362  0:013     fakesmc-key-MSAc-ui16:00 00 
1:379  0:017     fakesmc-key-MSWr-ui8:00 
1:393  0:013     fakesmc-key-MSFW-ui8:01 00 
1:410  0:017     fakesmc-key-MSPS-ui16:00 03 
1:432  0:021  Registered 17 SMC keys
1:440  0:008  === [ ScanLoader ] ==============================
1:444  0:003  - [01]: 'EFI'
1:471  0:026  - [02]: 'Dati'
1:510  0:038  - [04]: 'EFI'
1:521  0:011        AddLoaderEntry for Volume Name=EFI, idx=0
1:525  0:003        OSVersion= 
1:529  0:003        IconName=unknown comma=-1 size=7
1:533  0:004        Full=unknown
1:537  0:004        Loader entry created for 'PciRoot(0x0)\Pci(0x1D,0x0)\Pci(0x0,0x0)\NVMe(0x1,CA-8F-B2-81-58-38-25-00)\HD(1,GPT,6E40A227-DDED-4325-B7CE-3959620EB39E,0x28,0x64000)\EFI\BOOT\BOOTX64.efi'
1:541  0:004       hiding entry: \EFI\BOOT\BOOTX64.efi
1:545  0:004        Menu entry added at index 0
1:549  0:003       hiding entry because DiskKind is DISK_KIND_INTERNAL: \EFI\BOOT\BOOTX64.efi
1:553  0:003  - [06]: 'Preboot'
1:561  0:008      ApfsContainerUUID=85F3C012-2D6D-4FA1-A77E-71D7470E7FA2
1:565  0:004      ApfsFileSystemUUID=7D8F73F2-B8D5-4193-BB89-C99D72294438
1:569  0:004      APFSTargetUUID=A490645D-B724-4FBC-9AC8-F7A23B1C4935
1:574  0:004        AddLoaderEntry for Volume Name=Preboot, idx=1
1:578  0:004        OSVersion=10.14.6 
1:582  0:003        Check if volume Is Hibernated:
1:585  0:003        Check sleep image 'by signature':
1:589  0:003        using default sleep image name = \private\var\vm\sleepimage
1:593  0:004        cannot open sleepimage -> Not Found
1:597  0:003        hibernated: no - sign
1:602  0:004        IconName=moja,mac comma=4 size=8
1:606  0:004        first=os_moja
1:609  0:003        Second=os_mac
1:613  0:003        IconName=unknown comma=-1 size=7
1:617  0:003        Full=unknown
1:621  0:003        Loader entry created for 'PciRoot(0x0)\Pci(0x1D,0x0)\Pci(0x0,0x0)\NVMe(0x1,CA-8F-B2-81-58-38-25-00)\HD(2,GPT,9508A8C6-F9B9-4EDD-ABC7-C1C4A019C410,0x64028,0x3A321FE0)\VenMedia(BE74FCF7-0B7C-49F3-9147-01F4042E6842,F2738F7DD5B89341BB89C99D72294438)\A490645D-B724-4FBC-9AC8-F7A23B1C4935\System\Library\CoreServices\boot.efi'
1:626  0:004        Menu entry added at index 1
1:631  0:004      Dead installer entry found (installer dmg boot file not found : '\macOS Install Data\BaseSystem.dmg')
1:634  0:003  - [07]: 'Macintosh HD'
1:642  0:007      ApfsContainerUUID=85F3C012-2D6D-4FA1-A77E-71D7470E7FA2
1:646  0:003      ApfsFileSystemUUID=A490645D-B724-4FBC-9AC8-F7A23B1C4935
1:653  0:006        AddLoaderEntry for Volume Name=Macintosh HD, idx=2
1:660  0:007        OSVersion=10.14.6 
1:666  0:006        Check if volume Is Hibernated:
1:670  0:003        Check sleep image 'by signature':
1:678  0:008        read prefs \Library\Preferences\com.apple.PowerManagement.plist status=Success
1:682  0:003        using default sleep image name = \private\var\vm\sleepimage
1:687  0:004        cannot open sleepimage -> Not Found
1:690  0:003        hibernated: no - sign
1:694  0:003        IconName=moja,mac comma=4 size=8
1:698  0:003        first=os_moja
1:702  0:003        Second=os_mac
1:706  0:004        IconName=unknown comma=-1 size=7
1:710  0:003        Full=unknown
1:714  0:003        Loader entry created for 'PciRoot(0x0)\Pci(0x1D,0x0)\Pci(0x0,0x0)\NVMe(0x1,CA-8F-B2-81-58-38-25-00)\HD(2,GPT,9508A8C6-F9B9-4EDD-ABC7-C1C4A019C410,0x64028,0x3A321FE0)\VenMedia(BE74FCF7-0B7C-49F3-9147-01F4042E6842,5D6490A424B7BC4F9AC8F7A23B1C4935)\System\Library\CoreServices\boot.efi'
1:719  0:005        Menu entry added at index 2
1:723  0:003  - [08]: 'Recovery'
1:731  0:007      ApfsContainerUUID=85F3C012-2D6D-4FA1-A77E-71D7470E7FA2
1:735  0:003      ApfsFileSystemUUID=9170D6B6-29A5-4BBA-A673-6F0E24A99093
1:739  0:004      APFSTargetUUID=A490645D-B724-4FBC-9AC8-F7A23B1C4935
1:743  0:004        AddLoaderEntry for Volume Name=Recovery, idx=3
1:747  0:004        OSVersion=10.14.6 
1:751  0:003        IconName=moja,mac comma=4 size=8
1:755  0:004        first=os_moja
1:759  0:004        Second=os_mac
1:763  0:003        IconName=unknown comma=-1 size=7
1:767  0:004        Full=unknown
1:771  0:004        Loader entry created for 'PciRoot(0x0)\Pci(0x1D,0x0)\Pci(0x0,0x0)\NVMe(0x1,CA-8F-B2-81-58-38-25-00)\HD(2,GPT,9508A8C6-F9B9-4EDD-ABC7-C1C4A019C410,0x64028,0x3A321FE0)\VenMedia(BE74FCF7-0B7C-49F3-9147-01F4042E6842,B6D67091A529BA4BA6736F0E24A99093)\A490645D-B724-4FBC-9AC8-F7A23B1C4935\boot.efi'
1:776  0:004        Menu entry added at index 3
1:780  0:003  - [09]: 'VM'
1:788  0:008      ApfsContainerUUID=85F3C012-2D6D-4FA1-A77E-71D7470E7FA2
1:792  0:003      ApfsFileSystemUUID=278BB755-4557-4928-A2D4-32E0BB550617
1:796  0:004  Entries list before ordering
1:800  0:003      Entry 0 : Boot UEFI internal from EFI (hidden)
1:804  0:003      Entry 1 : Boot Mac OS from Macintosh HD via Preboot
1:808  0:004      Entry 2 : Boot macOS from Macintosh HD
1:812  0:003      Entry 3 : Boot Mac OS Recovery for Macintosh HD via Recovery
1:815  0:003  Hiding entry 1 because of entry 2
1:819  0:003  Entries list after ordering
1:824  0:004    Entry 0 : Boot UEFI internal from EFI (hidden)
1:828  0:004    Entry 1 : Boot Mac OS from Macintosh HD via Preboot (hidden)
1:832  0:004    Entry 2 : Boot macOS from Macintosh HD
1:836  0:004    Entry 3 : Boot Mac OS Recovery for Macintosh HD via Recovery
1:839  0:003  === [ AddCustomTool ] ===========================
1:844  0:004  found tool \EFI\CLOVER\tools\Shell64U.efi
1:848  0:003  Checking EFI partition Volume 1 for Clover
1:853  0:005   Found Clover
1:860  0:007  === [ GetEfiBootDeviceFromNvram ] ===============
1:865  0:004   - [!] efi-boot-device-data not found
1:869  0:004   - found entry 0. 'Boot macOS from Macintosh HD', Volume 'Macintosh HD', DevicePath 'PciRoot(0x0)\Pci(0x1D,0x0)\Pci(0x0,0x0)\NVMe(0x1,CA-8F-B2-81-58-38-25-00)\HD(2,GPT,9508A8C6-F9B9-4EDD-ABC7-C1C4A019C410,0x64028,0x3A321FE0)\VenMedia(BE74FCF7-0B7C-49F3-9147-01F4042E6842,5D6490A424B7BC4F9AC8F7A23B1C4935)\System\Library\CoreServices\boot.efi'
1:873  0:003  BannerPlace at Clear Screen [619,68]
1:892  0:019  GUI ready
9:759  7:866  Boot option 0 has other volume name Macintosh HDboot.efi
9:763  0:003  === [ StartLoader ] =============================
9:766  0:003  Starting PciRoot(0x0)\Pci(0x1D,0x0)\Pci(0x0,0x0)\NVMe(0x1,CA-8F-B2-81-58-38-25-00)\HD(2,GPT,9508A8C6-F9B9-4EDD-ABC7-C1C4A019C410,0x64028,0x3A321FE0)\VenMedia(BE74FCF7-0B7C-49F3-9147-01F4042E6842,5D6490A424B7BC4F9AC8F7A23B1C4935)\System\Library\CoreServices\boot.efi
9:770  0:003  Finally: ExternalClock=26MHz BusSpeed=100014kHz CPUFreq=3601MHz PIS: hw.busfrequency=104000000Hz
9:779  0:008  Beginning OC
9:783  0:004  OCST: Missing vault data, ignoring...
9:787  0:004  AddKextsInArray from Other
9:791  0:003  ->Extra kext: Other\USBMapDummy.kext (v.1.0)
9:795  0:003  ->Extra kext: Other\RadeonMonitor.kext (v.1.3.5)
9:799  0:003  ->Extra kext: Other\FakeSMC.kext (v.3.5.6)
9:802  0:003  ->Extra kext: Other\IntelCPUMonitor.kext (v.1.2.6)
9:807  0:004  AddKextsInArray from Off
9:814  0:007  AddKextsInArray from 10
9:820  0:006  AddKextsInArray from 10_normal
9:824  0:003  AddKextsInArray from 10.14
9:828  0:004  AddKextsInArray from 10.14_normal
9:832  0:003  AddKextsInArray from 10.14.6
9:836  0:003  AddKextsInArray from 10.14.6_normal
9:840  0:003  Bridge kext to OC : Path=Other\FakeSMC.kext
9:845  0:005  Bridge kext to OC : Path=Other\USBMapDummy.kext
9:850  0:004  Bridge kext to OC : Path=Other\RadeonMonitor.kext
9:854  0:004  Bridge kext to OC : Path=Other\IntelCPUMonitor.kext
9:860  0:005  Start 'OpenRuntime.efi' : Status Success
9:864  0:003  OC: config config.plist
9:868  0:003  OC: Got 0 drivers
9:872  0:004  OC: OpenCore DBG-102-2024-09-12 is loading in Optional mode (0/0)...
9:876  0:003  OC: StorageHandle 0 with  LauncherOption pointing to 
9:881  0:004  OcOSInfoInstallProtocol
9:884  0:003  OCRTC: OcAppleRtcRamInstallProtocol
9:888  0:004  OCRTC: Wake log is 0xE2 0x8F  183 0xB6
9:893  0:004  OcAppleFbInfoInstallProtocol
9:897  0:004  OcAppleEg2InfoInstallProtocol
9:901  0:004  OC: Loading Apple Secure Boot with Disabled (level 0)
9:906  0:004  OCABC: ALRBL 0 RTDFRG 1 DEVMMIO 0 NOSU 0 NOVRWR 0 NOSB 0 FBSIG 0 NOHBMAP 0 SMSLIDE 1 WRUNPROT 1
9:909  0:003  OCABC: FEXITBS 0 PRMRG 0 CSLIDE 0 MSLIDE 0 PRSRV 0 RBMAP 0 VMAP 1 APPLOS 0 RTPERMS 1 ARBAR -1 RBIO 0
9:914  0:004  OCABC: Got rendezvous with OpenRuntime r12
9:918  0:004  OCABC: MAT support is 1
9:922  0:004  OC: RequestBootVarRouting 0
9:926  0:004  OCDM: Found 0x20046/0x2003C UEFI version (376 bytes, 0 rebuilding to 376) gST 7AB3C018 gBS 6D89B3A0 gBS->CreateEventEx 6D889904 &gBS 6D5732C0
9:930  0:004  OC: Setting GPU BARs to 0
9:934  0:003  OCDM: RBAR using PciIo
9:939  0:004  OCDM: Setting RBAR to 0 inc 1 on 3/18
9:943  0:004  OCDM: Capability I/O error - Unsupported
9:949  0:006  OCDM: RBAR is unsupported by device - Device Error
9:953  0:003  OCDM: Setting RBAR to 0 inc 1 on 5/18
9:957  0:004  OCDM: Capability I/O error - Unsupported
9:961  0:004  OCDM: RBAR is unsupported by device - Device Error
9:966  0:004  OC: Got 0 drivers
9:970  0:004  OCC: Installing GOP (Unsupported) on ConsoleOutHandle...
9:974  0:004  OC: Requested resolution is 1920x1080@0 (max: 0, force: 0) from 1920x1080
9:978  0:003  OCC: Using builtin text renderer with 1 scale
9:982  0:004  OCC: Install console control (6D55E3D0/6D882C88/0), current - Success
9:986  0:004  OCC: Setup ASCII Output - Success
9:991  0:004  OC: Requested console mode is 0x0 (max: 0) from 
9:995  0:004  OC: Invalid HibernateMode: 
9:999  0:003  OC: Translated HibernateMode  to 0
10:003  0:004  OC: Hibernation activation - Invalid Parameter, hibernation wake - no
10:007  0:004  OC: Panic log does not exist
10:011  0:004  OCABC: IsEfiBootRt 0 (BP 1, Apple 0)
10:016  0:005  OCB: Arch filtering 72E35018(592440)->72E35018(592440) caps 0 - Success
10:021  0:004  ImageHandle = 72aa2f18
10:029  0:008  GetOSVersion: 10.14.6 (B)
10:037  0:008  Filtering KextPatches:
10:041  0:004   - [00]: External icons patch :: BinPatch :: [OS: 10.14.6 | MatchOS: All | MatchBuild: All] ==> allowed
10:050  0:008   - [01]: USB Port Limit Patch 1 ©PMHeart :: BinPatch :: [OS: 10.14.6 | MatchOS: 10.14.4 | MatchBuild: All]
10:054  0:004   check MatchOS 10.14.4
10:058  0:004   ==> not allowed
10:062  0:004   - [02]: USB Port Limit Patch 2 ©PMHeart :: BinPatch :: [OS: 10.14.6 | MatchOS: 10.14.4 | MatchBuild: All]
10:066  0:004   check MatchOS 10.14.4
10:070  0:003   ==> not allowed
10:074  0:004   - [03]: USB Port Limit Patch 3 ©PMHeart :: BinPatch :: [OS: 10.14.6 | MatchOS: 10.14.4 | MatchBuild: All]
10:078  0:004   check MatchOS 10.14.4
10:082  0:004   ==> not allowed
10:086  0:004   - [04]: USB Port Limit Patch 1 ©PMHeart :: BinPatch :: [OS: 10.14.6 | MatchOS: 10.14.4 | MatchBuild: All]
10:090  0:004   check MatchOS 10.14.4
10:094  0:003   ==> not allowed
10:098  0:003   - [05]: USB Port Limit Patch 2 ©PMHeart :: BinPatch :: [OS: 10.14.6 | MatchOS: 10.14.4 | MatchBuild: All]
10:102  0:004   check MatchOS 10.14.4
10:106  0:003   ==> not allowed
10:110  0:003   - [06]: USB Port Limit Patch 3 ©PMHeart :: BinPatch :: [OS: 10.14.6 | MatchOS: 10.14.4 | MatchBuild: All]
10:114  0:004   check MatchOS 10.14.4
10:119  0:004   ==> not allowed
10:123  0:003   - [07]: USB Port Limit Patch 1 ©PMHeart :: BinPatch :: [OS: 10.14.6 | MatchOS: 10.14.4 | MatchBuild: All]
10:127  0:004   check MatchOS 10.14.4
10:131  0:003   ==> not allowed
10:135  0:003   - [08]: USB Port Limit Patch 2 ©PMHeart :: BinPatch :: [OS: 10.14.6 | MatchOS: 10.14.4 | MatchBuild: All]
10:139  0:003   check MatchOS 10.14.4
10:143  0:004   ==> not allowed
10:147  0:004   - [09]: USB Port Limit Patch 3 ©PMHeart :: BinPatch :: [OS: 10.14.6 | MatchOS: 10.14.4 | MatchBuild: All]
10:151  0:004   check MatchOS 10.14.4
10:155  0:003   ==> not allowed
10:159  0:003   - [10]: USB Port Limit Patch 1 ©PMHeart :: BinPatch :: [OS: 10.14.6 | MatchOS: 10.14.4 | MatchBuild: All]
10:163  0:004   check MatchOS 10.14.4
10:167  0:004   ==> not allowed
10:171  0:004   - [11]: USB Port Limit Patch 2 ©PMHeart :: BinPatch :: [OS: 10.14.6 | MatchOS: 10.14.4 | MatchBuild: All]
10:176  0:004   check MatchOS 10.14.4
10:180  0:004   ==> not allowed
10:184  0:003   - [12]: USB Port Limit Patch 3 ©PMHeart :: BinPatch :: [OS: 10.14.6 | MatchOS: 10.14.4 | MatchBuild: All]
10:188  0:003   check MatchOS 10.14.4
10:192  0:004   ==> not allowed
10:196  0:004   - [13]: USB Port Limit Patch 1 ©PMHeart :: BinPatch :: [OS: 10.14.6 | MatchOS: 10.14.4 | MatchBuild: All]
10:200  0:004   check MatchOS 10.14.4
10:204  0:004   ==> not allowed
10:208  0:004   - [14]: USB Port Limit Patch 2 ©PMHeart :: BinPatch :: [OS: 10.14.6 | MatchOS: 10.14.4 | MatchBuild: All]
10:212  0:004   check MatchOS 10.14.4
10:216  0:003   ==> not allowed
10:220  0:003   - [15]: USB Port Limit Patch 3 ©PMHeart :: BinPatch :: [OS: 10.14.6 | MatchOS: 10.14.4 | MatchBuild: All]
10:224  0:003   check MatchOS 10.14.4
10:228  0:003   ==> not allowed
10:232  0:003   - [16]: USB Port Limit Patch 1 ©PMHeart :: BinPatch :: [OS: 10.14.6 | MatchOS: 10.14.4 | MatchBuild: All]
10:236  0:004   check MatchOS 10.14.4
10:240  0:003   ==> not allowed
10:244  0:003   - [17]: USB Port Limit Patch 2 ©PMHeart :: BinPatch :: [OS: 10.14.6 | MatchOS: 10.14.4 | MatchBuild: All]
10:248  0:003   check MatchOS 10.14.4
10:252  0:003   ==> not allowed
10:256  0:003   - [18]: USB Port Limit Patch 3 ©PMHeart :: BinPatch :: [OS: 10.14.6 | MatchOS: 10.14.4 | MatchBuild: All]
10:260  0:003   check MatchOS 10.14.4
10:264  0:003   ==> not allowed
10:268  0:004   - [19]: USB Port Limit Patch 1 ©PMHeart :: BinPatch :: [OS: 10.14.6 | MatchOS: 10.14.4 | MatchBuild: All]
10:272  0:004   check MatchOS 10.14.4
10:276  0:004   ==> not allowed
10:280  0:003   - [20]: USB Port Limit Patch 2 ©PMHeart :: BinPatch :: [OS: 10.14.6 | MatchOS: 10.14.4 | MatchBuild: All]
10:284  0:003   check MatchOS 10.14.4
10:288  0:003   ==> not allowed
10:292  0:004   - [21]: USB Port Limit Patch 3 ©PMHeart :: BinPatch :: [OS: 10.14.6 | MatchOS: 10.14.4 | MatchBuild: All]
10:296  0:003   check MatchOS 10.14.4
10:300  0:003   ==> not allowed
10:304  0:004   - [22]: USB Port Limit Patch 1 ©PMHeart :: BinPatch :: [OS: 10.14.6 | MatchOS: 10.14.4 | MatchBuild: All]
10:308  0:004   check MatchOS 10.14.4
10:312  0:003   ==> not allowed
10:316  0:003   - [23]: USB Port Limit Patch 2 ©PMHeart :: BinPatch :: [OS: 10.14.6 | MatchOS: 10.14.4 | MatchBuild: All]
10:319  0:003   check MatchOS 10.14.4
10:323  0:003   ==> not allowed
10:327  0:003   - [24]: USB Port Limit Patch 3 ©PMHeart :: BinPatch :: [OS: 10.14.6 | MatchOS: 10.14.4 | MatchBuild: All]
10:331  0:004   check MatchOS 10.14.4
10:335  0:003   ==> not allowed
10:339  0:003   - [25]: USB port limit patch #1 10.14.x modify by DalianSky(credit ydeng) 10.14.x :: BinPatch :: [OS: 10.14.6 | MatchOS: 10.14.x | MatchBuild: All]
10:343  0:003   check MatchOS 10.14.x
10:347  0:003   ==> allowed
10:351  0:003   - [26]: USB port limit patch #2 10.14.x modify by DalianSky(credit PMHeart) 10.14.x :: BinPatch :: [OS: 10.14.6 | MatchOS: 10.14.x | MatchBuild: All]
10:355  0:004   check MatchOS 10.14.x
10:359  0:003   ==> allowed
10:363  0:003   - [27]: USB port limit patch #3 10.14.x modify by DalianSky(credit PMHeart) 10.14.x :: BinPatch :: [OS: 10.14.6 | MatchOS: 10.14.x | MatchBuild: All]
10:367  0:003   check MatchOS 10.14.x
10:371  0:003   ==> allowed
10:374  0:003   - [28]: USB port limit patch #4 10.14.x modify by DalianSky(credit PMHeart) 10.14.x :: BinPatch :: [OS: 10.14.6 | MatchOS: 10.14.x | MatchBuild: All]
10:378  0:003   check MatchOS 10.14.x
10:382  0:004   ==> allowed
10:386  0:003  Will not patch boot.efi
10:390  0:003  Using latest BiosVersion from config instead of default 'IM191.88Z.F000.B00.2302212211'
10:394  0:003  Using latest BiosReleaseDate from config instead of default '02/21/2023'
10:398  0:003  Using latest EfiVersion from config instead of default '1968.100.16.0.1'
10:402  0:003  BiosVersion: IM191.88Z.F000.B00.2308061817
10:406  0:003  BiosReleaseDate: 08/06/2023
10:410  0:003  EfiVersion: 2020.40.3.0.0
10:414  0:003  SMBIOS reloaded with model iMac19,1
10:418  0:004  Set FakeCPUID: 0x0
10:422  0:003  Bridge AppleAHCIPort patch to OC : External icons patch
10:426  0:003  Bridge com.apple.iokit.IOUSBHostFamily patch to OC : USB port limit patch #1 10.14.x modify by DalianSky(credit ydeng) 10.14.x
10:430  0:004  Bridge com.apple.iokit.IOUSBHostFamily patch to OC : USB port limit patch #2 10.14.x modify by DalianSky(credit PMHeart) 10.14.x
10:434  0:003  Bridge com.apple.driver.usb.AppleUSBXHCI patch to OC : USB port limit patch #3 10.14.x modify by DalianSky(credit PMHeart) 10.14.x
10:437  0:003  Bridge com.apple.driver.usb.AppleUSBXHCI patch to OC : USB port limit patch #4 10.14.x modify by DalianSky(credit PMHeart) 10.14.x
10:441  0:003  === [ PatchSmbios ] =============================
10:445  0:003  UpdateSmbiosString : BiosVersion=EfiVersion=2020.40.3.0.0
10:449  0:003  UpdateSmbiosString : ReleaseDate=08/06/2023
10:453  0:003  void PatchTableType1(const SmbiosInjectedSettings&) : UpdateSmbiosString ProductName=iMac19,1
10:457  0:004  void PatchTableType2(const SmbiosInjectedSettings&) : UpdateSmbiosString ProductName=BoardNumber=Mac-AA95B1DDAB278B95
10:462  0:004  void PatchTableType2(const SmbiosInjectedSettings&) : UpdateSmbiosString Version=BoardVersion=iMac19,1
10:465  0:003  insert table 9 for dev 0:0
10:469  0:003  insert table 9 for dev 0:1
10:473  0:004  insert table 9 for dev 1F:6
10:477  0:003  Table 11 present, but rewritten for us
10:482  0:004  Do not inject memory table
10:486  0:003  Trusting SMBIOS...
10:490  0:004  Channels: 1
10:494  0:003  Interleave: 0 1 2 3
10:521  0:026  trusted SMBIOS data, table index 0:
10:528  0:006    gRAM.SMBIOS[0]->ModuleSize = 8192
10:532  0:004    gRAM.SMBIOS[0]->Type = 0
10:536  0:003    gRAM.SMBIOS[0]->Frequency = 3200
10:540  0:003    gRAM.SMBIOS[0]->Vendor = Corsair
10:543  0:003    gRAM.SMBIOS[0]->PartNo = CMK16GX4M2K4266C19
10:547  0:003    gRAM.SMBIOS[0]->SerialNo = 00000000
10:551  0:003  SPD data in use:
10:555  0:003    gRAM.SPD[0]->ModuleSize = 8192
10:559  0:003    gRAM.SPD[0]->Type = 26
10:563  0:004    gRAM.SPD[0]->Frequency = 4264
10:567  0:004    gRAM.SPD[0]->Vendor = Corsair
10:571  0:004    gRAM.SPD[0]->SerialNo = 00000000
10:578  0:006    gRAM.SPD[0]->PartNo = CMK16GX4M2K4266C19
10:584  0:006    SMBIOS Type 17 Index = 0 => SMBIOSIndex=0 SPDIndex=0:
10:588  0:003  BANK 0 DIMM0 4264MHz 8192MB(Ext:0MB)
10:595  0:006  trusted SMBIOS data, table index 1:
10:602  0:006    gRAM.SMBIOS[1]->ModuleSize = 8192
10:606  0:003    gRAM.SMBIOS[1]->Type = 0
10:609  0:003    gRAM.SMBIOS[1]->Frequency = 3200
10:614  0:004    gRAM.SMBIOS[1]->Vendor = Corsair
10:618  0:004    gRAM.SMBIOS[1]->PartNo = CMK16GX4M2K4266C19
10:621  0:003    gRAM.SMBIOS[1]->SerialNo = 00000000
10:625  0:003  SPD data in use:
10:629  0:003    gRAM.SPD[1]->ModuleSize = 8192
10:633  0:003    gRAM.SPD[1]->Type = 26
10:637  0:003    gRAM.SPD[1]->Frequency = 4264
10:641  0:004    gRAM.SPD[1]->Vendor = Corsair
10:645  0:004    gRAM.SPD[1]->SerialNo = 00000000
10:649  0:004    gRAM.SPD[1]->PartNo = CMK16GX4M2K4266C19
10:654  0:004    SMBIOS Type 17 Index = 1 => SMBIOSIndex=1 SPDIndex=1:
10:657  0:003  BANK 0 DIMM1 4264MHz 8192MB(Ext:0MB)
10:661  0:003  !trusted SMBIOS data, Table index 2:!gRAM.SMBIOS.doesSlotForIndexExist(SMBIOSIndex) 
10:673  0:012    SMBIOS Type 17 Index = 2 => SMBIOSIndex=2 SPDIndex=2:
10:678  0:004  BANK 0 DIMM2 EMPTY
10:681  0:003  !trusted SMBIOS data, Table index 3:!gRAM.SMBIOS.doesSlotForIndexExist(SMBIOSIndex) 
10:693  0:011    SMBIOS Type 17 Index = 3 => SMBIOSIndex=3 SPDIndex=3:
10:697  0:004  BANK 0 DIMM3 EMPTY
10:702  0:004  mTotalSystemMemory = 16384
10:706  0:003  NumberOfMemoryDevices = 4
10:710  0:004  Type20[0]->End = 0x7FFFFF, Type17[0] = 2000
10:714  0:004  Type20[1]->End = 0xFFFFFF, Type17[1] = 6000
10:718  0:004  Table 131 is present, CPUType=35
10:722  0:004  Change to: 1005
10:726  0:004  === [ PatchACPI ] ===============================
10:730  0:003  OCABC: AllocPages 1 0x7A345000 (1) - Success
10:734  0:003  Xsdt reallocation done
10:739  0:004  OCABC: AllocPages 1 0x7A344000 (1) - Success
10:743  0:004  old FADT length=114
10:747  0:004   SignatureFixup: 0xFA76D5ED -> 0x0
10:751  0:004  OCABC: AllocPages 1 0x7A2F5000 (79) - Success
10:756  0:005  Apply DsdtFixMask=0x00000004
10:760  0:004  === [ FixBiosDsdt ] =============================
10:766  0:005  PreCleanup XSDT: count=24, length=228
10:770  0:003  PreCleanup XSDT, corrected XSDT: count=24, length=228
10:774  0:004  === [ ACPIDropTables ] ==========================
10:779  0:004  OCABC: AllocPages 1 0x7A2F3000 (2) - Success
10:783  0:004  OCABC: AllocPages 1 0x7A2F3000 (2) - Success
10:787  0:004  OCABC: AllocPages 1 0x7A2F3000 (2) - Success
10:791  0:004  OCABC: AllocPages 1 0x7A2F3000 (2) - Success
10:795  0:003  OCABC: AllocPages 1 0x7A2F3000 (2) - Success
10:799  0:003  OCABC: AllocPages 1 0x7A2F3000 (2) - Success
10:803  0:003  OCABC: AllocPages 1 0x7A2F0000 (3) - Success
10:807  0:003  Found OperationRegion(PNVS, SystemMemory, 7ADF3000, ...)
10:811  0:004  OCABC: AllocPages 1 0x7A2EB000 (5) - Success
10:816  0:004  Found OperationRegion(SANV, SystemMemory, 7A3D2118, ...)
10:820  0:004  OCABC: AllocPages 1 0x7A2E7000 (4) - Success
10:824  0:004  OCABC: AllocPages 1 0x7A2E5000 (2) - Success
10:829  0:004  OCABC: AllocPages 1 0x7A2E5000 (2) - Success
10:833  0:004  OCABC: AllocPages 1 0x7A166000 (4) - Success
10:837  0:004  OCABC: AllocPages 1 0x7A2E3000 (2) - Success
10:842  0:004  OCABC: AllocPages 1 0x7A2E3000 (2) - Success
10:846  0:004  OCABC: AllocPages 1 0x7A162000 (4) - Success
10:851  0:004  OCABC: AllocPages 1 0x7A2E3000 (2) - Success
10:855  0:004  OCABC: AllocPages 1 0x7A160000 (2) - Success
10:860  0:004  OCABC: AllocPages 1 0x7A160000 (2) - Success
10:864  0:004  OCABC: AllocPages 1 0x7A15F000 (3) - Success
10:869  0:004  OCABC: AllocPages 1 0x7A15D000 (2) - Success
10:873  0:004  Found OperationRegion(ADHD, SystemMemory, 78CD0000, ...)
10:877  0:004  Found OperationRegion(ABLK, SystemMemory, 78CD0020, ...)
10:882  0:004  OCABC: AllocPages 1 0x7A14D000 (16) - Success
10:886  0:004  OCABC: AllocPages 1 0x7A15B000 (2) - Success
10:890  0:004  OCABC: AllocPages 1 0x7A15B000 (2) - Success
10:895  0:004  ApicCPUNum=1
10:899  0:004  Cleanup XSDT: count=24, length=228
10:903  0:004  corrected XSDT count=24, length=228
10:908  0:004  === [ RestSetup macOS ] =========================
10:912  0:004  ATI injection not set
10:916  0:004  Intel UHD Graphics 630 [8086:3E98] :: PciRoot(0x0)\Pci(0x2,0x0)
10:921  0:004    Intel: no default properties
10:926  0:004  Intel GFX revision  = 0x0
10:930  0:004   RCBA disabled; cannot use it
10:934  0:004   setting specified layout-id=1 (0x1)
10:939  0:004  stringlength = 458
10:943  0:004  OCABC: AllocPages 1 0x7A15C000 (1) - Success
10:947  0:004  CurrentMode: Width=1366 Height=768
10:952  0:004  SetNvramVariable (system-id, 4D1EDE05-38C7-4A6A-9CC6-4BCCA8B38C14, 0x2, 16): -> writing new (Success)
10:961  0:009  SetNvramVariable (MLB, 4D1EDE05-38C7-4A6A-9CC6-4BCCA8B38C14, 0x6, 17): -> writing new (Success)
10:971  0:009  SetNvramVariable (ROM, 4D1EDE05-38C7-4A6A-9CC6-4BCCA8B38C14, 0x6, 6): -> writing new (Success)
10:980  0:009  SetNvramVariable (FirmwareFeatures, 4D1EDE05-38C7-4A6A-9CC6-4BCCA8B38C14, 0x6, 4): -> writing new (Success)
10:989  0:009  SetNvramVariable (FirmwareFeaturesMask, 4D1EDE05-38C7-4A6A-9CC6-4BCCA8B38C14, 0x6, 4): -> writing new (Success)
10:999  0:009  SetNvramVariable (ExtendedFirmwareFeatures, 4D1EDE05-38C7-4A6A-9CC6-4BCCA8B38C14, 0x6, 8): -> writing new (Success)
11:008  0:009  SetNvramVariable (ExtendedFirmwareFeaturesMask, 4D1EDE05-38C7-4A6A-9CC6-4BCCA8B38C14, 0x6, 8): -> writing new (Success)
11:018  0:009  AddNvramVariable (HW_BID, 4D1EDE05-38C7-4A6A-9CC6-4BCCA8B38C14, 0x6, 20): -> writing new (Success)
11:030  0:012  AddNvramVariable (security-mode, 7C436110-AB2A-4BBB-A880-FE41995C9F82, 0x7, 5): -> already exists, abort
11:039  0:008  set DefaultBackgroundColor=0xfbfbfb
11:043  0:004  SetNvramVariable (DefaultBackgroundColor, 4D1EDE05-38C7-4A6A-9CC6-4BCCA8B38C14, 0x7, 4): -> writing new (Success)
11:056  0:012  SetNvramVariable (ActualDensity, 7C436110-AB2A-4BBB-A880-FE41995C9F82, 0x7, 2): exists(0x7, 2), equal -> not writing again.
11:069  0:013  SetNvramVariable (DensityThreshold, 7C436110-AB2A-4BBB-A880-FE41995C9F82, 0x7, 2): exists(0x7, 2), equal -> not writing again.
11:083  0:013  SetNvramVariable (gfx-saved-config-restore-status, 4D1EDE05-38C7-4A6A-9CC6-4BCCA8B38C14, 0x7, 8): exists(0x7, 8), equal -> not writing again.
11:097  0:013  DeleteNvramVariable (UIScale, 4D1EDE05-38C7-4A6A-9CC6-4BCCA8B38C14):
11:102  0:004  DeleteNvramVariable (EFILoginHiDPI, 7C436110-AB2A-4BBB-A880-FE41995C9F82):
11:106  0:004  SetNvramVariable (flagstate, 7C436110-AB2A-4BBB-A880-FE41995C9F82, 0x7, 32): exists(0x7, 32), equal -> not writing again.
11:119  0:012  SetNvramVariable (csr-active-config, 7C436110-AB2A-4BBB-A880-FE41995C9F82, 0x7, 4): exists(0x7, 4), equal -> not writing again.
11:132  0:012  SetNvramVariable (BridgeOSHardwareModel, 4D1EDE05-38C7-4A6A-9CC6-4BCCA8B38C14, 0x7, 11): exists(0x7, 11), equal -> not writing again.
11:145  0:013  DeleteNvramVariable (bootercfg, 7C436110-AB2A-4BBB-A880-FE41995C9F82):
11:150  0:005  DeleteNvramVariable (nvda_drv, 7C436110-AB2A-4BBB-A880-FE41995C9F82):
11:155  0:004  DeleteNvramVariable (recovery-boot-mode, 7C436110-AB2A-4BBB-A880-FE41995C9F82):
11:160  0:004  AddNvramVariable (wake-failure, 7C436110-AB2A-4BBB-A880-FE41995C9F82, 0x7, 5): -> already exists, abort
11:169  0:009  DeleteNvramVariable (opencore-version, 7C436110-AB2A-4BBB-A880-FE41995C9F82):
11:174  0:005  DeleteNvramVariable (ApBoardID, 94B73556-2197-4702-82A8-3E1337DAFBFB):
11:179  0:004  DeleteNvramVariable (ApSecurityDomain, 94B73556-2197-4702-82A8-3E1337DAFBFB):
11:184  0:005  DeleteNvramVariable (ApProductionStatus, 94B73556-2197-4702-82A8-3E1337DAFBFB):
11:189  0:004  DeleteNvramVariable (ApSecurityMode, 94B73556-2197-4702-82A8-3E1337DAFBFB):
11:194  0:004  DeleteNvramVariable (EffectiveProductionStatus, 94B73556-2197-4702-82A8-3E1337DAFBFB):
11:199  0:005  DeleteNvramVariable (EffectiveSecurityMode, 94B73556-2197-4702-82A8-3E1337DAFBFB):
11:204  0:004  DeleteNvramVariable (CertificateEpoch, 94B73556-2197-4702-82A8-3E1337DAFBFB):
11:209  0:005  DeleteNvramVariable (MixNMatchPreventionStatus, 94B73556-2197-4702-82A8-3E1337DAFBFB):
11:214  0:004  DeleteNvramVariable (CryptoDigestMethod, 94B73556-2197-4702-82A8-3E1337DAFBFB):
11:219  0:005  DeleteNvramVariable (InternalUseOnlyUnit, 94B73556-2197-4702-82A8-3E1337DAFBFB):
11:224  0:005  DeleteNvramVariable (ApECID, 94B73556-2197-4702-82A8-3E1337DAFBFB):
11:229  0:004  DeleteNvramVariable (HardwareModel, 94B73556-2197-4702-82A8-3E1337DAFBFB):
11:234  0:004  Use origin smbios table type 1 guid.
11:257  0:022  DeleteNvramVariable (efi-boot-device, 7C436110-AB2A-4BBB-A880-FE41995C9F82):
11:261  0:004  DeleteNvramVariable (efi-boot-device-data, 7C436110-AB2A-4BBB-A880-FE41995C9F82):
11:266  0:004  DeleteNvramVariable (BootCampHD, 7C436110-AB2A-4BBB-A880-FE41995C9F82):
11:271  0:004  Custom boot screen not used because entry has unset use graphics
11:277  0:006  DeleteNvramVariable (IOHibernateRTCVariables, 7C436110-AB2A-4BBB-A880-FE41995C9F82):
11:282  0:004  DeleteNvramVariable (boot-image, 7C436110-AB2A-4BBB-A880-FE41995C9F82):
11:286  0:004  Kernel quirks
11:290  0:004  ACPCL 1 AXCL 1 AXEM 0 AXFB 0 CSG 0 DIM 0 DLJ 0 DRC 1 DPM 0 EBTFF 0 EDI 0 FAI 0 IPBS 0 LKP 0 PNKD 0 PTKP 0 TPD 0 XPL 0 PCC 0
11:295  0:004  Closing log
11:299  0:004  OCABC: AllocPages 2 0x91000 (14) - Success
11:303  0:004  OCABC: AllocPages 2 0x6F7C8000 (14) - Success
11:310  0:007  OCABC: Found safe mode legacy p1 at off 67E6
11:318  0:007  OCABC: Trying safe mode next legacy match
11:322  0:004  OCABC: Found safe mode legacy p1 at off 6967
11:326  0:004  OCABC: Trying safe mode next legacy match
11:331  0:005  OCABC: Found safe mode legacy p1 at off 2589F
11:335  0:004  OCABC: Trying safe mode next legacy match
11:340  0:004  OCABC: Found safe mode legacy p1 at off 2590C
11:344  0:004  OCABC: Trying safe mode next legacy match
11:351  0:007  OCABC: Failed to find safe mode sequence
11:356  0:004  OCABC: AllocPages 2 0x77848000 (512) - Success
11:360  0:004  OCABC: AllocPages 2 0x77847000 (1) - Success
11:364  0:004  OC: Supported boot capabilities 4
11:369  0:005  OCOS: OS set: <null> Mac OS X 10.12
11:374  0:004  OCOS: OS set: Apple Inc. Mac OS X 10.12
11:378  0:004  OCOS: Should use black background
11:383  0:004  OCABC: AllocPages 1 0x6D371000 (1) - Success
11:391  0:008  OC: Opening file System\Library\Kernels\kernel with 1 mode gave - Success
11:396  0:004  OC: Opening file \System\Library\CoreServices\com.apple.Boot.plist with 1 mode gave - Not Found
11:400  0:004  OC: Opening file Library\Preferences\SystemConfiguration\com.apple.Boot.plist with 1 mode gave - Success
11:407  0:006  OC: Opening file \System\Library\CoreServices\PlatformSupport.plist with 1 mode gave - Success
11:411  0:004  OCABC: AllocPages 2 0x6B00000 (121199) - Success
11:417  0:005  OC: Opening file \System\Library\CoreServices\boot.efi with 1 mode gave - Success
11:427  0:010  OC: Opening file System\Library\PrelinkedKernels\prelinkedkernel.development with 1 mode gave - Not Found
11:433  0:006  OC: Opening file System\Library\PrelinkedKernels\prelinkedkernel with 1 mode gave - Success
11:438  0:004  OC: Load and reserve Kext Other\FakeSMC.kext
11:443  0:004  OC: Load and reserve Kext Other\USBMapDummy.kext
11:447  0:004  OC: Load and reserve Kext Other\RadeonMonitor.kext
11:452  0:004  OC: Load and reserve Kext Other\IntelCPUMonitor.kext
11:457  0:004  OC: Kext reservation size info 506000 exe 3B000
11:461  0:004  OC: Trying 64-bit XNU hook on System\Library\PrelinkedKernels\prelinkedkernel
11:821  0:360  OCAK: Compressed result has 678B4018 magic
11:825  0:004  OCAK: Found 64-bit Mach-O compressed 1 offset 28 size 89632768
11:830  0:004  OC: Result of 64-bit XNU hook on System\Library\PrelinkedKernels\prelinkedkernel (00000000) is Success
11:872  0:042  OCAK: Read kernel version 18.7.0 (180700)
11:878  0:005  OCAK: 64-bit patcher base 0xFFFFFF8000200000 kmod 0x0 file 0x0
11:883  0:005  OCAK: Zeroing _xcpm_core_scope_msrs 0xE2 applicable CPUs (76)
11:887  0:004  OCAK: Zeroing _xcpm_core_scope_msrs 0xE2 applicable CPUs (13200)
11:892  0:004  OCAK: Zeroing _xcpm_core_scope_msrs 0xE2 applicable CPUs (16384)
11:897  0:005  Replace B9E20000000F30 by B9E20000009090 at ofs:2F0
11:971  0:073  Replace B9E20000000F30 by B9E20000009090 at ofs:347
12:044  0:073  OCAK: 64-bit XcpmCfgLockRel replace count - 2
12:049  0:004  OCAK: [OK] Success XcpmCfgLock patch
12:085  0:036  OCAK: Reducing 64-bit prelink size from 557B000 to 52A6000 via plist
12:089  0:004  OCAK: org.netkas.FakeSMC got KXLD 0 0
12:093  0:004  OCAK: Requesting __LINKEDIT for org.netkas.FakeSMC - 6CB5A398 at 52A6000
12:098  0:004  OCAK: Requesting SymbolTable for org.netkas.FakeSMC - 601
12:102  0:004  OCAK: Requesting __LINKEDIT for __kernel__ - 0 at 0
12:107  0:004  OCAK: Requesting SymbolTable for __kernel__ - 24450
12:123  0:016  OCAK: com.apple.iokit.IOACPIFamily got KXLD 0 0
12:127  0:004  OCAK: Requesting __LINKEDIT for com.apple.iokit.IOACPIFamily - 692BC398 at 1A08000
12:131  0:004  OCAK: Requesting SymbolTable for com.apple.iokit.IOACPIFamily - 167
12:136  0:004  OCAK: com.apple.kpi.unsupported got KXLD 0 0
12:140  0:004  OCAK: Requesting __LINKEDIT for com.apple.kpi.unsupported - 68865038 at FB1000
12:144  0:004  OCAK: Requesting SymbolTable for com.apple.kpi.unsupported - 263
12:149  0:004  OCAK: com.apple.kpi.iokit got KXLD 0 0
12:153  0:004  OCAK: Requesting __LINKEDIT for com.apple.kpi.iokit - 68800038 at F4C000
12:157  0:004  OCAK: Requesting SymbolTable for com.apple.kpi.iokit - 2192
12:162  0:004  OCAK: com.apple.kpi.libkern got KXLD 0 0
12:166  0:004  OCAK: Requesting __LINKEDIT for com.apple.kpi.libkern - 687E0038 at F2C000
12:170  0:004  OCAK: Requesting SymbolTable for com.apple.kpi.libkern - 905
12:177  0:006  OCAK: com.apple.kpi.private got KXLD 0 0
12:184  0:006  OCAK: Requesting __LINKEDIT for com.apple.kpi.private - 687F2038 at F3E000
12:188  0:004  OCAK: Requesting SymbolTable for com.apple.kpi.private - 977
12:196  0:007  OCAK: com.apple.kpi.mach got KXLD 0 0
12:203  0:007  OCAK: Requesting __LINKEDIT for com.apple.kpi.mach - 687EE038 at F3A000
12:208  0:004  OCAK: Requesting SymbolTable for com.apple.kpi.mach - 70
12:220  0:012  OC: Prelinked injection Other\FakeSMC.kext () - Success
12:225  0:004  OC: Prelinked injection Other\USBMapDummy.kext () - Success
12:229  0:004  OCAK: org.slice.RadeonMonitor got KXLD 0 0
12:234  0:004  OCAK: Requesting __LINKEDIT for org.slice.RadeonMonitor - 6CB72398 at 52BE000
12:238  0:004  OCAK: Requesting SymbolTable for org.slice.RadeonMonitor - 372
12:243  0:004  OCAK: com.apple.iokit.IOPCIFamily got KXLD 0 0
12:247  0:004  OCAK: Requesting __LINKEDIT for com.apple.iokit.IOPCIFamily - 6886B3E8 at FB7000
12:251  0:004  OCAK: Requesting SymbolTable for com.apple.iokit.IOPCIFamily - 683
12:258  0:006  OCAK: Requesting SymbolTable for org.netkas.FakeSMC - 191
12:269  0:010  OC: Prelinked injection Other\RadeonMonitor.kext () - Success
12:273  0:004  OCAK: org.slice.IntelCPUMonitor got KXLD 0 0
12:277  0:004  OCAK: Requesting __LINKEDIT for org.slice.IntelCPUMonitor - 6CB833E8 at 52CF000
12:281  0:004  OCAK: Requesting SymbolTable for org.slice.IntelCPUMonitor - 363
12:291  0:009  OC: Prelinked injection Other\IntelCPUMonitor.kext () - Success
12:295  0:004  OC: Prelink size 86904832 kext offset 86663168 reserved 241664
12:312  0:016  OCAK: com.apple.driver.AppleIntelCPUPowerManagement got KXLD 0 0
12:317  0:004  OCAK: [OK] Success AppleCpuPmCfgLock patch
12:322  0:005  OCAK: com.apple.driver.AppleRTC got KXLD 0 0
12:326  0:004  Replace BE58000000/FFFEFFFFFF(BE58000000) by BEFFFF0000 at ofs:1BF8
12:436  0:109  Replace BE58000000/FFFEFFFFFF(BE59000000) by BEFFFF0000 at ofs:1C08
12:546  0:110  Replace BE58000000/FFFEFFFFFF(BE58000000) by BEFFFF0000 at ofs:1EB7
12:660  0:113  Replace BE58000000/FFFEFFFFFF(BE59000000) by BEFFFF0000 at ofs:1EC8
12:775  0:115  OCAK: 64-bit DisableRtcChecksum64 replace count - 4
12:779  0:004  OCAK: [OK] Patch success com.apple.driver.AppleRTC DisableRtcChecksum
12:783  0:004  OC: Prelinked patch [0] External icons patch
12:790  0:006  OCAK: Failed to pk find AppleAHCIPort - Not Found
12:795  0:004  OC: Prelinked patcher result 0 for AppleAHCIPort (External icons patch) - Not Found
12:799  0:004  OC: Prelinked patch [1] USB port limit patch #1 10.14.x modify by DalianSky(credit ydeng) 10.14.x
12:804  0:004  OCAK: com.apple.iokit.IOUSBHostFamily got KXLD 0 0
12:809  0:004  Replace 83FB0F0F by 83FB3F0F at ofs:14E0E
12:856  0:047  OCAK: 64-bit USB port limit patch #1 10.14.x modify by DalianSky(credit ydeng) 10.14.x replace count - 1
12:860  0:004  OC: Prelinked patcher result 1 for com.apple.iokit.IOUSBHostFamily (USB port limit patch #1 10.14.x modify by DalianSky(credit ydeng) 10.14.x) - Success
12:865  0:004  OC: Prelinked patch [2] USB port limit patch #2 10.14.x modify by DalianSky(credit PMHeart) 10.14.x
12:870  0:004  Replace 83E30FD3 by 83E33FD3 at ofs:15036
12:916  0:046  OCAK: 64-bit USB port limit patch #2 10.14.x modify by DalianSky(credit PMHeart) 10.14.x replace count - 1
12:921  0:004  OC: Prelinked patcher result 2 for com.apple.iokit.IOUSBHostFamily (USB port limit patch #2 10.14.x modify by DalianSky(credit PMHeart) 10.14.x) - Success
12:925  0:004  OC: Prelinked patch [3] USB port limit patch #3 10.14.x modify by DalianSky(credit PMHeart) 10.14.x
12:929  0:004  OCAK: com.apple.driver.usb.AppleUSBXHCI got KXLD 0 0
12:936  0:006  OCAK: 64-bit USB port limit patch #3 10.14.x modify by DalianSky(credit PMHeart) 10.14.x replace count - 0
12:940  0:004  OC: Prelinked patcher result 3 for com.apple.driver.usb.AppleUSBXHCI (USB port limit patch #3 10.14.x modify by DalianSky(credit PMHeart) 10.14.x) - Not Found
12:944  0:004  OC: Prelinked patch [4] USB port limit patch #4 10.14.x modify by DalianSky(credit PMHeart) 10.14.x
12:949  0:004  Replace 83FF0F0F by 83FF3F0F at ofs:126C0
12:996  0:047  OCAK: 64-bit USB port limit patch #4 10.14.x modify by DalianSky(credit PMHeart) 10.14.x replace count - 1
13:000  0:004  OC: Prelinked patcher result 4 for com.apple.driver.usb.AppleUSBXHCI (USB port limit patch #4 10.14.x modify by DalianSky(credit PMHeart) 10.14.x) - Success
13:108  0:107  OC: Prelinked status - Success
13:163  0:055  FixOwnership() -> begin
13:167  0:003  PCI Io found 18
13:171  0:004  USB XHCI reset for device A36D
13:175  0:003  ExtendCap=00008000
13:179  0:003    Value=02000802
13:183  0:004    Value=03011402
13:187  0:004    Value=005CFFC0
13:191  0:004    Value=00002201
