0:100  0:100  MemLog inited, TSC freq: 3602838700
0:100  0:000  CPU was calibrated with RTC
0:100  0:000  CloverX64 : Image base = 0x6D397000
0:100  0:000  Clover ImageHandle = 76798e98
0:101  0:001  SelfDirPath = \EFI\CLOVER
0:103  0:001  === [ Starting Clover ] =========================
0:103  0:000  Now is 25.11.2024,  18:36:41 (GMT)
0:103  0:000  Starting Clover revision: 5160 (master, commit 7b08a616e) on American Megatrends EFI
0:103  0:000  Build id: 20240909210805-7b08a61-dirty
0:103  0:000  Build with: [Args: -D NO_GRUB_DRIVERS_EMBEDDED -D LESS_DEBUG -t GCC131 | --cmd-len=50000 -D NO_GRUB_DRIVERS_EMBEDDED -D LESS_DEBUG --conf=/Users/sergey/src/CloverBootloader/Conf -D USE_LOW_EBDA -a X64 -b RELEASE -t GCC131 -n 5 | OS: 15]
0:103  0:000  === [ Get Smbios ] ==============================
0:103  0:000  Type 16 Index = 0
0:103  0:000  Total Memory Slots Count = 4
0:103  0:000  Type 17 Index = 0
0:103  0:000  SmbiosTable.Type17->SlotIndex = 0
0:103  0:000  SmbiosTable.Type17->ModuleSize = 8192MB
0:103  0:000  SmbiosTable.Type17->Type = 0
0:103  0:000  SmbiosTable.Type17->Frequency = 3200MHz
0:103  0:000  SmbiosTable.Type17->Bank/Device = BANK 0 ChannelA-DIMM1
0:103  0:000  SmbiosTable.Type17->Vendor = Corsair
0:103  0:000  SmbiosTable.Type17->SerialNo = 00000000
0:103  0:000  SmbiosTable.Type17->PartNo = CMK16GX4M2K4266C19
0:103  0:000  Type 17 Index = 1
0:103  0:000  SmbiosTable.Type17->SlotIndex = 1
0:103  0:000  SmbiosTable.Type17->ModuleSize = 8192MB
0:103  0:000  SmbiosTable.Type17->Type = 0
0:103  0:000  SmbiosTable.Type17->Frequency = 3200MHz
0:103  0:000  SmbiosTable.Type17->Bank/Device = BANK 1 ChannelA-DIMM2
0:103  0:000  SmbiosTable.Type17->Vendor = Corsair
0:103  0:000  SmbiosTable.Type17->SerialNo = 00000000
0:103  0:000  SmbiosTable.Type17->PartNo = CMK16GX4M2K4266C19
0:103  0:000  Type 17 Index = 2
0:103  0:000  Ignoring insane frequency value 0MHz
0:103  0:000  Type 17 Index = 3
0:103  0:000  Ignoring insane frequency value 0MHz
0:103  0:000  Boot status=0
0:103  0:000  Running on: 'System Product Name' with board 'PRIME Z390-A'
0:103  0:000  === [ GetCPUProperties ] ========================
0:103  0:000  CPU Vendor = 756E6547 Model=906EC
0:103  0:000   The CPU supported SSE4.1
0:103  0:000   The CPU supported RDRAND
0:103  0:000  BrandString = Intel(R) Core(TM) i7-9700K CPU @ 3.60GHz
0:103  0:000   The CPU supported turbo
0:103  0:000   Energy PerfBias is  visible:
0:103  0:000  MSR 0x35               80008
0:103  0:000   TSC/CCC Information Leaf:
0:103  0:000    numerator     : 300
0:103  0:000    denominator   : 2
0:103  0:000   Calibrated ARTFrequency: 24018924
0:103  0:000   Rounded ARTFrequency: 24000000
0:103  0:000  MSR 0xE2 before patch 1E000000
0:103  0:000  MSR 0xCE              08080838_F1012400
0:103  0:000  corrected FLEX_RATIO = E0000
0:103  0:000  MSR 0x1B0             00000000
0:103  0:000  FSBFrequency = 108 MHz, DMI FSBFrequency = 100 MHz, Corrected FSBFrequency = 100 MHz
0:103  0:000  MaxDiv/MinDiv: 36.0/8
0:103  0:000  Turbo: 47/49/49/49
0:103  0:000  Features: 0x77FAFBFFBFEBFBFF
0:103  0:000  Threads: 8
0:103  0:000  Cores: 8
0:103  0:000  FSB: 100 MHz
0:103  0:000  CPU: 3861 MHz
0:103  0:000  TSC: 3861 MHz
0:103  0:000  PIS: 100 MHz
0:103  0:000  ExternalClock: 25 MHz
0:103  0:000  === [ GetDevices ] ==============================
0:103  0:000  GOP found at: PciRoot(0x0)/Pci(0x1,0x0)/Pci(0x0,0x0)/AcpiAdr(0x80010302)
0:103  0:000  PCI (00|00:00.00) : 8086 3E30 class=060000
0:103  0:000  PCI (00|00:01.00) : 8086 1901 class=060400
0:103  0:000  PCI (00|01:00.00) : 1002 67DF class=030000
0:103  0:000   - GFX: Model=AMD Radeon RX 480/570/580 (ATI/AMD)
0:104  0:000   - GOP: Provided by device
0:104  0:000  PCI (00|01:00.01) : 1002 AAF0 class=040300
0:104  0:000   - HDMI Audio: 
0:104  0:000  PCI (00|00:02.00) : 8086 3E98 class=038000
0:104  0:000   - GFX: Model=Intel UHD Graphics 630 (Intel)
0:104  0:000  PCI (00|00:14.00) : 8086 A36D class=0C0330
0:104  0:000  PCI (00|00:14.02) : 8086 A36F class=050000
0:104  0:000  PCI (00|00:16.00) : 8086 A360 class=078000
0:104  0:000  PCI (00|00:17.00) : 8086 A352 class=010601
0:104  0:000  PCI (00|00:1B.00) : 8086 A340 class=060400
0:104  0:000  PCI (00|00:1C.00) : 8086 A338 class=060400
0:104  0:000  PCI (00|00:1D.00) : 8086 A330 class=060400
0:104  0:000  PCI (00|04:00.00) : 144D A808 class=010802
0:104  0:000  PCI (00|00:1F.00) : 8086 A305 class=060100
0:104  0:000  PCI (00|00:1F.03) : 8086 A348 class=040300
0:104  0:000  PCI (00|00:1F.04) : 8086 A323 class=0C0500
0:104  0:000  PCI (00|00:1F.05) : 8086 A324 class=0C8000
0:104  0:000  PCI (00|00:1F.06) : 8086 15BC class=020000
0:104  0:000   - LAN: 1 Vendor=Intel
0:104  0:000  Legacy MAC address of LAN #0= 40:B0:76:DE:9E:93:
0:104  0:000  _checkOEMPath Look for oem dir at path '\EFI\CLOVER\OEM\System Product Name--40-B0-76-DE-9E-93'. Dir doesn't exist.
0:104  0:000  _checkOEMPath Look for oem dir at path '\EFI\CLOVER\OEM\PRIME Z390-A\UEFI'. Dir doesn't exist.
0:104  0:000  _checkOEMPath Look for oem dir at path '\EFI\CLOVER\OEM\System Product Name'. Dir doesn't exist.
0:104  0:000  _checkOEMPath Look for oem dir at path '\EFI\CLOVER\OEM\System Product Name-3861'. Dir doesn't exist.
0:104  0:000  _checkOEMPath Look for oem dir at path '\EFI\CLOVER\OEM\PRIME Z390-A'. Dir doesn't exist.
0:104  0:000  _checkOEMPath Look for oem dir at path '\EFI\CLOVER\OEM\PRIME Z390-A-3861'. Dir doesn't exist.
0:105  0:000  === [ GetUserSettings ] =========================
0:105  0:000  GetDefaultModel()=iMac18,3
0:105  0:000  === [ LoadUserSettings ] ========================
0:105  0:000  Using config.plist at path: \EFI\CLOVER
0:105  0:000  There is a problem in plist '\EFI\CLOVER\config.plist'
0:105  0:000  Warning: EfiVersion '1037.100.345.0.0' is older than default ('1968.100.16.0.1') -> ignored. Dict '/SMBIOS:296'.
0:105  0:000  Use CloverConfigPlistValidator or look in the log
3:103  2:998  === [ LoadUserSettings ] ========================
3:104  0:000  Cannot find smbios.plist at path '\EFI\CLOVER' : Not Found
3:104  0:000  '\EFI\CLOVER\smbios.plist' not loaded. Efi error Not Found
3:104  0:000  create SMBIOS list, found 27 dicts
3:104  0:000  ... ACPI
3:104  0:000  ... Boot
3:104  0:000  ... BootGraphics
3:104  0:000  ... Devices
3:104  0:000  ... DisableDrivers
3:104  0:000  ... GUI
3:104  0:000  ... Graphics
3:104  0:000  ... KernelAndKextPatches
3:104  0:000  ... SMBIOS
3:104  0:000  ... SystemParameters
3:104  0:000  ... RtVariables
3:104  0:000  ... Quirks
3:104  0:000  get model from config.plist
3:104  0:000  Using latest BiosVersion from config instead of default 'IM191.88Z.F000.B00.2302212211'
3:115  0:011  Using latest BiosReleaseDate from config instead of default '02/21/2023'
3:119  0:004  BiosVersion: IM191.88Z.F000.B00.2308061817
3:123  0:004  BiosReleaseDate: 08/06/2023
3:128  0:004  EfiVersion: 1968.100.16.0.1
3:132  0:004  Calibrated TSC Frequency = 3602838700 = 3602MHz
3:137  0:004  === [ GetListOfThemes ] =========================
3:141  0:004  - [00]: random
3:150  0:009  - [00]: embedded
3:159  0:009  === [ Found config plists ] =====================
3:164  0:004  - config.plist
3:168  0:004  - config-sample.plist
3:173  0:004  - config_old.plist
3:177  0:004  === [ LoadDrivers ] =============================
3:182  0:005  Loading NvmExpressDxe.efi status=Success
3:198  0:015   - driver needs connecting
3:202  0:004  Loading EnglishDxe.efi status=Success
3:218  0:015  Loading AppleKeyFeeder.efi status=Success
3:233  0:015  Loading VBoxHfs.efi status=Success
3:249  0:015   - driver needs connecting
3:254  0:004  Loading HashServiceFix.efi status=Success
3:269  0:015  Loading PartitionDxe.efi status=Success
3:285  0:015   - driver needs connecting
3:289  0:004  Loading ApfsDriverLoader.efi status=Success
3:305  0:015   - driver needs connecting
3:309  0:004  4 drivers needs connecting ...
3:309  0:000  PlatformDriverOverrideProtocol not found. Installing ... Success
3:310  0:000  Partition driver loaded: 
3:310  0:000  HFS+ driver loaded
3:310  0:000  APFS driver loaded
3:310  0:000  Searching for invalid DiskIo BY_DRIVER connects: not found, all ok
3:532  0:222  === [ InitScreen ] ==============================
3:537  0:004  Console modes reported: 4, available modes:
3:541  0:004   - [01]: 80x25 (current mode)
3:546  0:004   - [03]: 100x31
3:550  0:004   - [04]: 170x40
3:555  0:004  SetScreenResolution: 1920x1080 - not found!
3:563  0:008  SetMaxResolution: found best mode 0: 1366x768
3:572  0:008   - already set
3:577  0:005  Using embedded font
3:582  0:005  === [ ScanSPD ] =================================
3:587  0:004  SMBus device : 8086 A323 class=0C0500 status=Success
3:591  0:004  SMBus CmdReg: 0x3
3:596  0:004  Scanning SMBus [8086:A323], mmio: 0x12116004, ioport: 0xEFA0, hostc: 0x11
3:600  0:004  Slots to scan [8]...
3:605  0:004  SPD[0]: Got invalid type 0 @0x50. Will set page and retry.
3:610  0:005  SPD[0]: Type 12 @0x50
3:632  0:022  XMP Profile1: 4*125 -31 ns
3:637  0:004  Found module with XMP version 2.0
3:641  0:004  Using XMP Profile1 instead of standard frequency 2132MHz
3:646  0:004  DDR speed 4264MHz
3:650  0:004  Slot: 0 Type 26 8192MB 4264MHz Vendor=Corsair PartNo=CMK16GX4M2K4266C19 SerialNo=00000000
3:655  0:005  SPD[1]: Type 12 @0x51
3:677  0:021  XMP Profile1: 4*125 -31 ns
3:681  0:004  Found module with XMP version 2.0
3:686  0:004  Using XMP Profile1 instead of standard frequency 2132MHz
3:690  0:004  DDR speed 4264MHz
3:694  0:004  Slot: 1 Type 26 8192MB 4264MHz Vendor=Corsair PartNo=CMK16GX4M2K4266C19 SerialNo=00000000
3:700  0:005  === [ GetAcpiTablesList ] =======================
3:704  0:004  Get Acpi Tables List from RSDT: count=25
3:713  0:008   - [00]: FACP  A M I  len=132
3:717  0:004   - [01]: APIC  A M I  len=188
3:722  0:004   - [02]: FPDT  A M I  len=68
3:726  0:004   - [03]: FIDT  A M I len=156
3:731  0:004   - [04]: MCFG  A M I  len=60
3:735  0:004   - [05]: WSMT  A M I  len=40
3:740  0:004   - [06]: SSDT  SataTabl len=888
3:744  0:004   - [07]: SSDT  CpuSsdt len=6101
3:748  0:004   - [08]: SSDT  SaSsdt  len=12443
3:753  0:004   - [09]: SSDT  PegSsdt len=9048
3:757  0:004   - [10]: HPET  A M I  len=56
3:762  0:004   - [11]: SSDT  Ther_Rvp len=3998
3:766  0:004   - [12]: SSDT  xh_cfsd4 len=10579
3:770  0:004   - [13]: UEFI  A M I  len=72
3:775  0:004   - [14]: LPIT  A M I  len=92
3:779  0:004   - [15]: SSDT  PtidDevc len=10206
3:784  0:004   - [16]: SSDT  TbtTypeC len=4094
3:788  0:004   - [17]: DBGP  A M I  len=52
3:793  0:004   - [18]: DBG2  A M I  len=84
3:797  0:004   - [19]: SSDT  UsbCTabl len=6449
3:802  0:004   - [20]: SSDT  ADebTabl len=324
3:806  0:004   - [21]: VFCT  A M I  len=59524
3:811  0:004   - [22]: BGRT  A M I  len=56
3:815  0:004   - [23]: WPBT  A M I len=60
3:819  0:004   - [24]: TPM2  A M I  len=52
3:824  0:004   - [00]: Drop table : MATS,                0 :  no
3:833  0:008   - [01]: Drop table : DMAR,                0 :  no
3:842  0:008  Custom boot CUSTOM_BOOT_DISABLED (0x0)
3:846  0:004  Default theme: embedded
3:851  0:004  Set FakeCPUID: 0x0
3:856  0:005  === [ Found DSDT tables ] =======================
3:861  0:005  === [ InitKextList ] ============================
3:866  0:005  Added Kext=Other\USBMap.kext (1.0)
3:872  0:005  Added Kext=Other\FakeSMC.kext (3.5.6)
3:879  0:007  === [ ScanVolumes ] =============================
3:884  0:005  Found 12 volumes with blockIO
3:889  0:004  - [00]: Volume: PciRoot(0x0)\Pci(0x17,0x0)\Sata(0x0,0xFFFF,0x0)
3:898  0:008  - [01]: Volume: PciRoot(0x0)\Pci(0x17,0x0)\Sata(0x0,0xFFFF,0x0)\HD(1,GPT,38DCC513-D608-408E-9D2F-1469C8B906A0,0x28,0x64000)
3:907  0:009          Result of bootcode detection: bootable unknown (legacy)
3:912  0:005            label : EFI
3:917  0:004  - [02]: Volume: PciRoot(0x0)\Pci(0x17,0x0)\Sata(0x0,0xFFFF,0x0)\HD(2,GPT,C20AA839-E88E-4CED-8CAB-9480B290394C,0x64028,0x15D466360)
3:952  0:034            label : Dati
3:956  0:004  - [03]: Volume: PciRoot(0x0)\Pci(0x1D,0x0)\Pci(0x0,0x0)\NVMe(0x1,CA-8F-B2-81-58-38-25-00)
3:965  0:008  - [04]: Volume: PciRoot(0x0)\Pci(0x1D,0x0)\Pci(0x0,0x0)\NVMe(0x1,CA-8F-B2-81-58-38-25-00)\HD(1,GPT,6E40A227-DDED-4325-B7CE-3959620EB39E,0x28,0x64000)
3:974  0:008          Result of bootcode detection: bootable unknown (legacy)
3:979  0:005            label : EFI
3:983  0:004          This is SelfVolume !!
3:988  0:004  - [05]: Volume: PciRoot(0x0)\Pci(0x1D,0x0)\Pci(0x0,0x0)\NVMe(0x1,CA-8F-B2-81-58-38-25-00)\HD(2,GPT,9508A8C6-F9B9-4EDD-ABC7-C1C4A019C410,0x64028,0x3A321FE0)
3:996  0:008          Result of bootcode detection: bootable unknown (legacy)
4:002  0:005  - [06]: Volume: PciRoot(0x0)\Pci(0x1D,0x0)\Pci(0x0,0x0)\NVMe(0x1,CA-8F-B2-81-58-38-25-00)\HD(2,GPT,9508A8C6-F9B9-4EDD-ABC7-C1C4A019C410,0x64028,0x3A321FE0)\VenMedia(BE74FCF7-0B7C-49F3-9147-01F4042E6842,F2738F7DD5B89341BB89C99D72294438)
4:011  0:008            apfsFileSystemUUID=7D8F73F2-B8D5-4193-BB89-C99D72294438, ApfsContainerUUID=85F3C012-2D6D-4FA1-A77E-71D7470E7FA2, ApfsRole=0x10
4:016  0:004            label : Preboot
4:020  0:004  - [07]: Volume: PciRoot(0x0)\Pci(0x1D,0x0)\Pci(0x0,0x0)\NVMe(0x1,CA-8F-B2-81-58-38-25-00)\HD(2,GPT,9508A8C6-F9B9-4EDD-ABC7-C1C4A019C410,0x64028,0x3A321FE0)\VenMedia(BE74FCF7-0B7C-49F3-9147-01F4042E6842,5D6490A424B7BC4F9AC8F7A23B1C4935)
4:029  0:008            apfsFileSystemUUID=A490645D-B724-4FBC-9AC8-F7A23B1C4935, ApfsContainerUUID=85F3C012-2D6D-4FA1-A77E-71D7470E7FA2, ApfsRole=0x40
4:045  0:015            label : Macintosh HD - Dati
4:049  0:004  - [08]: Volume: PciRoot(0x0)\Pci(0x1D,0x0)\Pci(0x0,0x0)\NVMe(0x1,CA-8F-B2-81-58-38-25-00)\HD(2,GPT,9508A8C6-F9B9-4EDD-ABC7-C1C4A019C410,0x64028,0x3A321FE0)\VenMedia(BE74FCF7-0B7C-49F3-9147-01F4042E6842,B6D67091A529BA4BA6736F0E24A99093)
4:058  0:008            apfsFileSystemUUID=9170D6B6-29A5-4BBA-A673-6F0E24A99093, ApfsContainerUUID=85F3C012-2D6D-4FA1-A77E-71D7470E7FA2, ApfsRole=0x4
4:062  0:004            label : Recovery
4:067  0:004  - [09]: Volume: PciRoot(0x0)\Pci(0x1D,0x0)\Pci(0x0,0x0)\NVMe(0x1,CA-8F-B2-81-58-38-25-00)\HD(2,GPT,9508A8C6-F9B9-4EDD-ABC7-C1C4A019C410,0x64028,0x3A321FE0)\VenMedia(BE74FCF7-0B7C-49F3-9147-01F4042E6842,C30BF988C32C724BB297A45648EE79C3)
4:075  0:008            apfsFileSystemUUID=88F90BC3-2CC3-4B72-B297-A45648EE79C3, ApfsContainerUUID=85F3C012-2D6D-4FA1-A77E-71D7470E7FA2, ApfsRole=0x1
4:082  0:006            label : Macintosh HD
4:086  0:004  - [10]: Volume: PciRoot(0x0)\Pci(0x1D,0x0)\Pci(0x0,0x0)\NVMe(0x1,CA-8F-B2-81-58-38-25-00)\HD(2,GPT,9508A8C6-F9B9-4EDD-ABC7-C1C4A019C410,0x64028,0x3A321FE0)\VenMedia(BE74FCF7-0B7C-49F3-9147-01F4042E6842,982FC8B0B1F22A41B736D33F4320CF33)
4:095  0:009            apfsFileSystemUUID=B0C82F98-F2B1-412A-B736-D33F4320CF33, ApfsContainerUUID=85F3C012-2D6D-4FA1-A77E-71D7470E7FA2, ApfsRole=0xc0
4:099  0:004            label : Update
4:104  0:004  - [11]: Volume: PciRoot(0x0)\Pci(0x1D,0x0)\Pci(0x0,0x0)\NVMe(0x1,CA-8F-B2-81-58-38-25-00)\HD(2,GPT,9508A8C6-F9B9-4EDD-ABC7-C1C4A019C410,0x64028,0x3A321FE0)\VenMedia(BE74FCF7-0B7C-49F3-9147-01F4042E6842,D0BFA628AA2C7548AE15EA6E25144D32)
4:112  0:008            apfsFileSystemUUID=28A6BFD0-2CAA-4875-AE15-EA6E25144D32, ApfsContainerUUID=85F3C012-2D6D-4FA1-A77E-71D7470E7FA2, ApfsRole=0x8
4:117  0:004            label : VM
4:121  0:004  No AudioIoProtocols, status=Not Found
4:126  0:004  === [ InitXTheme ] ==============================
4:130  0:004  use Daylight theme
4:135  0:004   using embedded theme
4:148  0:013  Using embedded font
4:152  0:004  theme inited
4:156  0:004  Chosen embedded theme
4:161  0:004  found boot-args in NVRAM:keepsyms=1 alcid=11 shikigva=80, size=32
4:165  0:004  ...found arg:keepsyms=1
4:169  0:004  ...adding arg:keepsyms=1
4:174  0:004  ...found arg:alcid=11
4:178  0:004  ...adding arg:alcid=11
4:182  0:004  ...found arg:shikigva=80
4:186  0:004  ...adding arg:shikigva=80
4:191  0:004  after NVRAM boot-args=-v agdpmod=pikera keepsyms=1 alcid=11 shikigva=80 
4:195  0:004  Scanning legacy ...
4:202  0:007  === [ Dump SMC keys from NVRAM ] ================
4:209  0:007  found AppleSMC protocol
4:222  0:012     fakesmc-key-RVBF-ch8*:02 46 0F 00 00 12 
4:258  0:036     fakesmc-key-#KEY-ui32:00 00 00 11 
4:285  0:027     fakesmc-key-$Adr-ui32:00 00 03 00 
4:312  0:027     fakesmc-key-$Num-ui8:01 
4:327  0:014     fakesmc-key-RMde-char:41 
4:341  0:014     fakesmc-key-RBr -ch8*:6A 31 33 38 5F 39 00 00 
4:386  0:044     fakesmc-key-EPCI-ui32:09 D0 F0 00 
4:413  0:027     fakesmc-key-REV -ch8*:02 46 0F 00 00 12 
4:449  0:036     fakesmc-key-RPlt-ch8*:6A 31 33 38 00 00 00 00 
4:495  0:045     fakesmc-key-BEMB-flag:00 
4:509  0:014     fakesmc-key-BATP-flag:00 
4:524  0:014     fakesmc-key-BNum-ui8:00 
4:538  0:014     fakesmc-key-MSTc-ui8:00 
4:552  0:014     fakesmc-key-MSAc-ui16:00 00 
4:571  0:018     fakesmc-key-MSWr-ui8:00 
4:588  0:017     fakesmc-key-MSFW-ui8:01 00 
4:610  0:021     fakesmc-key-MSPS-ui16:00 03 
4:636  0:025  Registered 17 SMC keys
4:644  0:008  === [ ScanLoader ] ==============================
4:648  0:004  - [01]: 'EFI'
4:675  0:026  - [02]: 'Dati'
4:718  0:042  - [04]: 'EFI'
4:729  0:011        AddLoaderEntry for Volume Name=EFI, idx=0
4:734  0:004        OSVersion= 
4:738  0:004        IconName=unknown comma=-1 size=7
4:743  0:004        Full=unknown
4:747  0:004        Loader entry created for 'PciRoot(0x0)\Pci(0x1D,0x0)\Pci(0x0,0x0)\NVMe(0x1,CA-8F-B2-81-58-38-25-00)\HD(1,GPT,6E40A227-DDED-4325-B7CE-3959620EB39E,0x28,0x64000)\EFI\BOOT\BOOTX64.efi'
4:751  0:004       hiding entry: \EFI\BOOT\BOOTX64.efi
4:756  0:004        Menu entry added at index 0
4:760  0:004       hiding entry because DiskKind is DISK_KIND_INTERNAL: \EFI\BOOT\BOOTX64.efi
4:764  0:004  - [06]: 'Preboot'
4:773  0:008      ApfsContainerUUID=85F3C012-2D6D-4FA1-A77E-71D7470E7FA2
4:777  0:004      ApfsFileSystemUUID=7D8F73F2-B8D5-4193-BB89-C99D72294438
4:782  0:004      APFSTargetUUID=A490645D-B724-4FBC-9AC8-F7A23B1C4935
4:786  0:004        contentDetails name:Macintosh HD
4:791  0:004        AddLoaderEntry for Volume Name=Preboot, idx=1
4:795  0:004        OSVersion=14.4 
4:800  0:004        Check if volume Is Hibernated:
4:804  0:004        Check sleep image 'by signature':
4:809  0:004        using default sleep image name = \private\var\vm\sleepimage
4:813  0:004        cannot open sleepimage -> Not Found
4:818  0:004        hibernated: no - sign
4:822  0:004        IconName=sonoma,mac comma=6 size=10
4:826  0:004        first=os_sonoma
4:831  0:004        Second=os_mac
4:835  0:004        IconName=unknown comma=-1 size=7
4:839  0:004        Full=unknown
4:844  0:004        Loader entry created for 'PciRoot(0x0)\Pci(0x1D,0x0)\Pci(0x0,0x0)\NVMe(0x1,CA-8F-B2-81-58-38-25-00)\HD(2,GPT,9508A8C6-F9B9-4EDD-ABC7-C1C4A019C410,0x64028,0x3A321FE0)\VenMedia(BE74FCF7-0B7C-49F3-9147-01F4042E6842,F2738F7DD5B89341BB89C99D72294438)\A490645D-B724-4FBC-9AC8-F7A23B1C4935\System\Library\CoreServices\boot.efi'
4:849  0:005        Menu entry added at index 1
4:853  0:004  - [07]: 'Macintosh HD - Dati'
4:862  0:008      ApfsContainerUUID=85F3C012-2D6D-4FA1-A77E-71D7470E7FA2
4:866  0:004      ApfsFileSystemUUID=A490645D-B724-4FBC-9AC8-F7A23B1C4935
4:871  0:004  - [08]: 'Recovery'
4:879  0:008      ApfsContainerUUID=85F3C012-2D6D-4FA1-A77E-71D7470E7FA2
4:884  0:004      ApfsFileSystemUUID=9170D6B6-29A5-4BBA-A673-6F0E24A99093
4:888  0:004      APFSTargetUUID=A490645D-B724-4FBC-9AC8-F7A23B1C4935
4:892  0:004        contentDetails name:Macintosh HD
4:897  0:004        AddLoaderEntry for Volume Name=Recovery, idx=2
4:902  0:004        OSVersion=14.4 
4:906  0:004        IconName=sonoma,mac comma=6 size=10
4:910  0:004        first=os_sonoma
4:914  0:004        Second=os_mac
4:919  0:004        IconName=unknown comma=-1 size=7
4:923  0:004        Full=unknown
4:927  0:004        Loader entry created for 'PciRoot(0x0)\Pci(0x1D,0x0)\Pci(0x0,0x0)\NVMe(0x1,CA-8F-B2-81-58-38-25-00)\HD(2,GPT,9508A8C6-F9B9-4EDD-ABC7-C1C4A019C410,0x64028,0x3A321FE0)\VenMedia(BE74FCF7-0B7C-49F3-9147-01F4042E6842,B6D67091A529BA4BA6736F0E24A99093)\A490645D-B724-4FBC-9AC8-F7A23B1C4935\BaseSystem.dmg'
4:932  0:005        Menu entry added at index 2
4:937  0:004  - [09]: 'Macintosh HD'
4:945  0:008      ApfsContainerUUID=85F3C012-2D6D-4FA1-A77E-71D7470E7FA2
4:949  0:004      ApfsFileSystemUUID=88F90BC3-2CC3-4B72-B297-A45648EE79C3
4:957  0:008  - [10]: 'Update'
4:966  0:008      ApfsContainerUUID=85F3C012-2D6D-4FA1-A77E-71D7470E7FA2
4:970  0:004      ApfsFileSystemUUID=B0C82F98-F2B1-412A-B736-D33F4320CF33
4:974  0:004  - [11]: 'VM'
4:983  0:008      ApfsContainerUUID=85F3C012-2D6D-4FA1-A77E-71D7470E7FA2
4:987  0:004      ApfsFileSystemUUID=28A6BFD0-2CAA-4875-AE15-EA6E25144D32
4:991  0:004  Entries list before ordering
4:996  0:004      Entry 0 : Boot UEFI internal from EFI (hidden)
5:001  0:005      Entry 1 : Boot Mac OS from Macintosh HD via Preboot
5:006  0:004      Entry 2 : Boot Mac OS Recovery for Macintosh HD via Recovery
5:010  0:004  Entries list after ordering
5:015  0:004    Entry 0 : Boot UEFI internal from EFI (hidden)
5:019  0:004    Entry 1 : Boot Mac OS from Macintosh HD via Preboot
5:023  0:004    Entry 2 : Boot Mac OS Recovery for Macintosh HD via Recovery
5:028  0:004  === [ AddCustomTool ] ===========================
5:032  0:004  found tool \EFI\CLOVER\tools\Shell64U.efi
5:036  0:004  Checking EFI partition Volume 1 for Clover
5:042  0:005   Found Clover
5:046  0:004  === [ GetEfiBootDeviceFromNvram ] ===============
5:051  0:004   - [!] efi-boot-device-data not found
5:055  0:004  Default boot entry not found
5:059  0:004  BannerPlace at Clear Screen [619,68]
5:081  0:021  GUI ready
7:283  2:202  Boot option 0 has other volume name Macintosh HDboot.efi
7:288  0:004  === [ StartLoader ] =============================
7:292  0:004  Starting PciRoot(0x0)\Pci(0x1D,0x0)\Pci(0x0,0x0)\NVMe(0x1,CA-8F-B2-81-58-38-25-00)\HD(2,GPT,9508A8C6-F9B9-4EDD-ABC7-C1C4A019C410,0x64028,0x3A321FE0)\VenMedia(BE74FCF7-0B7C-49F3-9147-01F4042E6842,F2738F7DD5B89341BB89C99D72294438)\A490645D-B724-4FBC-9AC8-F7A23B1C4935\System\Library\CoreServices\boot.efi
7:296  0:004  Finally: ExternalClock=26MHz BusSpeed=100079kHz CPUFreq=3603MHz PIS: hw.busfrequency=104000000Hz
7:305  0:008  Beginning OC
7:309  0:004  OCST: Missing vault data, ignoring...
7:314  0:004  AddKextsInArray from Other
7:318  0:004  ->Extra kext: Other\USBMap.kext (v.1.0)
7:322  0:004  ->Extra kext: Other\FakeSMC.kext (v.3.5.6)
7:327  0:004  AddKextsInArray from Off
7:331  0:004  AddKextsInArray from 14
7:335  0:004  AddKextsInArray from 14_normal
7:340  0:004  AddKextsInArray from 14.4
7:344  0:004  AddKextsInArray from 14.4_normal
7:348  0:004  AddKextsInArray from 14.4.0
7:353  0:004  AddKextsInArray from 14.4.0_normal
7:357  0:004  Bridge kext to OC : Path=Other\FakeSMC.kext
7:362  0:005  Bridge kext to OC : Path=Other\USBMap.kext
7:370  0:007  Start 'OpenRuntime.efi' : Status Success
7:374  0:004  OC: config config.plist
7:379  0:004  OC: Got 0 drivers
7:383  0:004  OC: OpenCore DBG-102-2024-09-12 is loading in Optional mode (0/0)...
7:387  0:004  OC: StorageHandle 0 with  LauncherOption pointing to 
7:392  0:005  OcOSInfoInstallProtocol
7:397  0:004  OCRTC: OcAppleRtcRamInstallProtocol
7:401  0:004  OCRTC: Wake log is 0x00 0x00   0 0x00
7:405  0:004  OcAppleFbInfoInstallProtocol
7:410  0:004  OcAppleEg2InfoInstallProtocol
7:414  0:004  OCEG: Discovered rotate NVRAM override to 0
7:418  0:004  OC: Loading Apple Secure Boot with Disabled (level 0)
7:423  0:005  OCABC: ALRBL 0 RTDFRG 1 DEVMMIO 1 NOSU 0 NOVRWR 0 NOSB 0 FBSIG 0 NOHBMAP 0 SMSLIDE 1 WRUNPROT 1
7:431  0:007  OCABC: FEXITBS 0 PRMRG 0 CSLIDE 1 MSLIDE 0 PRSRV 1 RBMAP 1 VMAP 1 APPLOS 0 RTPERMS 1 ARBAR -1 RBIO 0
7:435  0:004  OCABC: Got rendezvous with OpenRuntime r12
7:440  0:004  OCABC: MAT support is 1
7:444  0:004  OC: RequestBootVarRouting 0
7:449  0:004  OCDM: Found 0x20046/0x2003C UEFI version (376 bytes, 0 rebuilding to 376) gST 7AB3B018 gBS 6D82E3A0 gBS->CreateEventEx 6D81C904 &gBS 6D5062C0
7:453  0:004  OC: Setting GPU BARs to 0
7:458  0:004  OCDM: RBAR using PciIo
7:462  0:004  OCDM: Setting RBAR to 0 inc 1 on 3/18
7:466  0:004  OCDM: Capability I/O error - Unsupported
7:471  0:004  OCDM: RBAR is unsupported by device - Device Error
7:475  0:004  OCDM: Setting RBAR to 0 inc 1 on 5/18
7:480  0:004  OCDM: Capability I/O error - Unsupported
7:484  0:004  OCDM: RBAR is unsupported by device - Device Error
7:489  0:005  OC: Got 0 drivers
7:494  0:004  OCC: Installing GOP (Unsupported) on ConsoleOutHandle...
7:498  0:004  OC: Requested resolution is 1920x1080@0 (max: 0, force: 0) from 1920x1080
7:503  0:004  OCC: Using builtin text renderer with 1 scale
7:507  0:004  OCC: Install console control (6D4F13D0/6D815D88/0), current - Success
7:512  0:004  OCC: Setup ASCII Output - Success
7:516  0:004  OC: Requested console mode is 0x0 (max: 0) from 
7:523  0:007  OC: Invalid HibernateMode: 
7:528  0:004  OC: Translated HibernateMode  to 0
7:532  0:004  OC: Hibernation activation - Invalid Parameter, hibernation wake - no
7:543  0:010  OC: Saving 10054 byte panic log panic-2024-11-25-183648.txt - Success
7:547  0:004  OCABC: IsEfiBootRt 0 (BP 1, Apple 0)
7:552  0:005  OCB: Arch filtering 72D56018(723512)->72D56018(723512) caps 0 - Success
7:563  0:011  ImageHandle = 73009398
7:572  0:008  GetOSVersion: 14.4 (s)
7:581  0:008  Will not patch boot.efi
7:585  0:004  Using latest BiosVersion from config instead of default 'IM191.88Z.F000.B00.2302212211'
7:589  0:004  Using latest BiosReleaseDate from config instead of default '02/21/2023'
7:593  0:004  BiosVersion: IM191.88Z.F000.B00.2308061817
7:598  0:004  BiosReleaseDate: 08/06/2023
7:602  0:004  EfiVersion: 1968.100.16.0.1
7:606  0:004  SMBIOS reloaded with model iMac19,1
7:611  0:004  Set FakeCPUID: 0x0
7:615  0:004  === [ PatchSmbios ] =============================
7:619  0:004  UpdateSmbiosString : BiosVersion=EfiVersion=1968.100.16.0.1
7:623  0:004  UpdateSmbiosString : ReleaseDate=08/06/2023
7:628  0:004  void PatchTableType1(const SmbiosInjectedSettings&) : UpdateSmbiosString ProductName=iMac19,1
7:632  0:004  void PatchTableType2(const SmbiosInjectedSettings&) : UpdateSmbiosString ProductName=BoardNumber=Mac-AA95B1DDAB278B95
7:637  0:004  void PatchTableType2(const SmbiosInjectedSettings&) : UpdateSmbiosString Version=BoardVersion=iMac19,1
7:641  0:004  insert table 9 for dev 0:0
7:645  0:004  insert table 9 for dev 0:1
7:650  0:004  insert table 9 for dev 1F:6
7:654  0:004  Table 11 present, but rewritten for us
7:660  0:005  Do not inject memory table
7:664  0:004  Trusting SMBIOS...
7:668  0:004  Channels: 1
7:673  0:004  Interleave: 0 1 2 3
7:699  0:026  trusted SMBIOS data, table index 0:
7:704  0:004    gRAM.SMBIOS[0]->ModuleSize = 8192
7:708  0:004    gRAM.SMBIOS[0]->Type = 0
7:713  0:004    gRAM.SMBIOS[0]->Frequency = 3200
7:717  0:004    gRAM.SMBIOS[0]->Vendor = Corsair
7:721  0:004    gRAM.SMBIOS[0]->PartNo = CMK16GX4M2K4266C19
7:726  0:004    gRAM.SMBIOS[0]->SerialNo = 00000000
7:730  0:004  SPD data in use:
7:734  0:004    gRAM.SPD[0]->ModuleSize = 8192
7:739  0:004    gRAM.SPD[0]->Type = 26
7:743  0:004    gRAM.SPD[0]->Frequency = 4264
7:748  0:004    gRAM.SPD[0]->Vendor = Corsair
7:752  0:004    gRAM.SPD[0]->SerialNo = 00000000
7:756  0:004    gRAM.SPD[0]->PartNo = CMK16GX4M2K4266C19
7:761  0:004    SMBIOS Type 17 Index = 0 => SMBIOSIndex=0 SPDIndex=0:
7:765  0:004  BANK 0 DIMM0 4264MHz 8192MB(Ext:0MB)
7:769  0:004  trusted SMBIOS data, table index 1:
7:774  0:004    gRAM.SMBIOS[1]->ModuleSize = 8192
7:778  0:004    gRAM.SMBIOS[1]->Type = 0
7:782  0:004    gRAM.SMBIOS[1]->Frequency = 3200
7:786  0:004    gRAM.SMBIOS[1]->Vendor = Corsair
7:790  0:004    gRAM.SMBIOS[1]->PartNo = CMK16GX4M2K4266C19
7:795  0:004    gRAM.SMBIOS[1]->SerialNo = 00000000
7:799  0:004  SPD data in use:
7:803  0:004    gRAM.SPD[1]->ModuleSize = 8192
7:808  0:004    gRAM.SPD[1]->Type = 26
7:812  0:004    gRAM.SPD[1]->Frequency = 4264
7:817  0:004    gRAM.SPD[1]->Vendor = Corsair
7:821  0:004    gRAM.SPD[1]->SerialNo = 00000000
7:825  0:004    gRAM.SPD[1]->PartNo = CMK16GX4M2K4266C19
7:829  0:004    SMBIOS Type 17 Index = 1 => SMBIOSIndex=1 SPDIndex=1:
7:834  0:004  BANK 0 DIMM1 4264MHz 8192MB(Ext:0MB)
7:838  0:004  !trusted SMBIOS data, Table index 2:!gRAM.SMBIOS.doesSlotForIndexExist(SMBIOSIndex) 
7:851  0:013    SMBIOS Type 17 Index = 2 => SMBIOSIndex=2 SPDIndex=2:
7:855  0:004  BANK 0 DIMM2 EMPTY
7:860  0:004  !trusted SMBIOS data, Table index 3:!gRAM.SMBIOS.doesSlotForIndexExist(SMBIOSIndex) 
7:873  0:012    SMBIOS Type 17 Index = 3 => SMBIOSIndex=3 SPDIndex=3:
7:877  0:004  BANK 0 DIMM3 EMPTY
7:881  0:004  mTotalSystemMemory = 16384
7:886  0:004  NumberOfMemoryDevices = 4
7:890  0:004  Type20[0]->End = 0x7FFFFF, Type17[0] = 2000
7:894  0:004  Type20[1]->End = 0xFFFFFF, Type17[1] = 6000
7:899  0:004  Table 131 is present, CPUType=35
7:903  0:004  Change to: 1005
7:907  0:004  === [ PatchACPI ] ===============================
7:912  0:004  OCABC: AllocPages 1 0x7A308000 (1) - Success
7:916  0:004  Xsdt reallocation done
7:920  0:004  OCABC: AllocPages 1 0x7A307000 (1) - Success
7:924  0:004  old FADT length=114
7:928  0:004   SignatureFixup: 0x7173A1F4 -> 0x0
7:933  0:004  Found OperationRegion(GNVS, SystemMemory, 7A345000, ...)
7:937  0:004  Found OperationRegion(RAMW, SystemMemory, 7A349018, ...)
7:942  0:004  Found OperationRegion(RAMX, SystemMemory, 7A2A5018, ...)
7:946  0:004  Found OperationRegion(PNVA, SystemMemory, 7A3D1B98, ...)
7:951  0:004  Found OperationRegion(THBA, SystemMemory, FE200000, ...)
7:956  0:005  Found OperationRegion(BNVS, SystemMemory, 7A35A000, ...)
7:960  0:004  Found OperationRegion(SMBD, SystemMemory, E00FC004, ...)
7:965  0:004  Found OperationRegion(TMMB, SystemMemory, FED40000, ...)
7:969  0:004  Found OperationRegion(CRBD, SystemMemory, FED40000, ...)
7:974  0:004  Found OperationRegion(TPMR, SystemMemory, FED40040, ...)
7:978  0:004  Found OperationRegion(ATNV, SystemMemory, 7A3D1F98, ...)
7:982  0:004  Found OperationRegion(WPBR, SystemMemory, 7A333000, ...)
7:987  0:004  OCABC: AllocPages 1 0x7A2B8000 (79) - Success
7:991  0:004  Apply DsdtFixMask=0x10400000
7:999  0:008  === [ FixBiosDsdt ] =============================
8:007  0:007  Patching DSDT:
8:014  0:007   - [change EC0 to EC]: pattern 4543305F, patched at: [ (F96F) ]
8:036  0:021   - [change HECI to IMEI]: pattern 48454349, patched at: [ (18CAE) ]
8:061  0:025   deleting device CRT_
8:073  0:011   deleting device DVI_
8:084  0:011   deleting device SPKR
8:092  0:008   deleting device ECP_
8:101  0:008   deleting device LPT_
8:109  0:008   deleting device FDC0
8:118  0:008   deleting device ECP1
8:126  0:008   deleting device LPT1
8:135  0:008   deleting device FDC_
8:143  0:008    indirect name=RAMB
8:148  0:004    indirect name=RAMA
8:152  0:004    indirect name=PNVB
8:157  0:004  OperationRegion (THBA...) corrected from 0x0 to addr=0xFE200000
8:161  0:004    indirect name=TPMM
8:165  0:004    indirect name=FTPM
8:170  0:004    indirect name=PPIM
8:174  0:004  PreCleanup XSDT: count=25, length=236
8:179  0:004  PreCleanup XSDT, corrected XSDT: count=25, length=236
8:183  0:004  === [ ACPIPatchedAML ] ==========================
8:187  0:004  AutoMerge pass 1
8:192  0:004  Unsorted
8:196  0:004  Inserting SSDT-AWAC.aml from \EFI\CLOVER\ACPI\patched: ignore on pass 1
8:205  0:008  Inserting SSDT-EC-USBX.aml from \EFI\CLOVER\ACPI\patched: ignore on pass 1
8:213  0:008  Inserting SSDT-PLUG.aml from \EFI\CLOVER\ACPI\patched: ignore on pass 1
8:222  0:008  Inserting SSDT-PMC.aml from \EFI\CLOVER\ACPI\patched: ignore on pass 1
8:231  0:008  Inserting SSDT-UIAC.aml from \EFI\CLOVER\ACPI\patched: ignore on pass 1
8:239  0:008  === [ ACPIDropTables ] ==========================
8:243  0:004  OCABC: AllocPages 1 0x7A2B6000 (2) - Success
8:248  0:004  OCABC: AllocPages 1 0x7A2B6000 (2) - Success
8:253  0:004  OCABC: AllocPages 1 0x7A2B6000 (2) - Success
8:257  0:004  OCABC: AllocPages 1 0x7A2B6000 (2) - Success
8:261  0:004  OCABC: AllocPages 1 0x7A2B6000 (2) - Success
8:265  0:004  OCABC: AllocPages 1 0x7A2B6000 (2) - Success
8:270  0:004  Patching SSDTs: 2 patches each
8:274  0:004   pattern 4543305F, bin not found / already patched!
8:282  0:008   pattern 48454349, bin not found / already patched!
8:291  0:008  OCABC: AllocPages 1 0x7A2B3000 (3) - Success
8:295  0:004  Patching SSDTs: 2 patches each
8:300  0:004   pattern 4543305F, bin not found / already patched!
8:308  0:008   pattern 48454349, bin not found / already patched!
8:317  0:008  Found OperationRegion(PNVS, SystemMemory, 7ADF2000, ...)
8:321  0:004  OCABC: AllocPages 1 0x7A2AE000 (5) - Success
8:326  0:004  Patching SSDTs: 2 patches each
8:330  0:004   pattern 4543305F, bin not found / already patched!
8:339  0:008   pattern 48454349, bin not found / already patched!
8:348  0:008  Found OperationRegion(SANV, SystemMemory, 7A3D1118, ...)
8:352  0:004  OCABC: AllocPages 1 0x7A2AA000 (4) - Success
8:357  0:004  Patching SSDTs: 2 patches each
8:361  0:004   pattern 4543305F, bin not found / already patched!
8:370  0:008   pattern 48454349, bin not found / already patched!
8:379  0:008  OCABC: AllocPages 1 0x7A2A8000 (2) - Success
8:383  0:004  OCABC: AllocPages 1 0x7A2A8000 (2) - Success
8:387  0:004  Patching SSDTs: 2 patches each
8:392  0:004   pattern 4543305F, bin not found / already patched!
8:400  0:008   pattern 48454349, bin not found / already patched!
8:409  0:008  OCABC: AllocPages 1 0x7A129000 (4) - Success
8:413  0:004  Patching SSDTs: 2 patches each
8:418  0:004   pattern 4543305F, bin not found / already patched!
8:426  0:008   pattern 48454349, bin not found / already patched!
8:435  0:008  OCABC: AllocPages 1 0x7A2A6000 (2) - Success
8:439  0:004  OCABC: AllocPages 1 0x7A2A6000 (2) - Success
8:444  0:004  OCABC: AllocPages 1 0x7A125000 (4) - Success
8:448  0:004  Patching SSDTs: 2 patches each
8:452  0:004   pattern 4543305F, bin not found / already patched!
8:461  0:008   pattern 48454349, bin not found / already patched!
8:469  0:008  OCABC: AllocPages 1 0x7A2A6000 (2) - Success
8:474  0:004  Patching SSDTs: 2 patches each
8:478  0:004   pattern 4543305F, bin not found / already patched!
8:487  0:008   pattern 48454349, bin not found / already patched!
8:496  0:008  OCABC: AllocPages 1 0x7A123000 (2) - Success
8:500  0:004  OCABC: AllocPages 1 0x7A123000 (2) - Success
8:504  0:004  OCABC: AllocPages 1 0x7A122000 (3) - Success
8:509  0:004  Patching SSDTs: 2 patches each
8:513  0:004   pattern 4543305F, bin not found / already patched!
8:522  0:008   pattern 48454349, bin not found / already patched!
8:530  0:008  OCABC: AllocPages 1 0x7A120000 (2) - Success
8:535  0:004  Patching SSDTs: 2 patches each
8:539  0:004   pattern 4543305F, bin not found / already patched!
8:548  0:008   pattern 48454349, bin not found / already patched!
8:557  0:008  Found OperationRegion(ADHD, SystemMemory, 78C93000, ...)
8:561  0:004  Found OperationRegion(ABLK, SystemMemory, 78C93020, ...)
8:565  0:004  OCABC: AllocPages 1 0x7A110000 (16) - Success
8:569  0:004  OCABC: AllocPages 1 0x7A11E000 (2) - Success
8:574  0:004  OCABC: AllocPages 1 0x7A11E000 (2) - Success
8:578  0:004  OCABC: AllocPages 1 0x7A11E000 (2) - Success
8:582  0:004  === [ ACPIPatchedAML ] ==========================
8:587  0:004  AutoMerge pass 2
8:591  0:004  Unsorted
8:595  0:004  Inserting SSDT-AWAC.aml from \EFI\CLOVER\ACPI\patched: size=73 OCABC: AllocPages 1 0x7A11F000 (1) - Success
... Success
8:613  0:017  Inserting SSDT-EC-USBX.aml from \EFI\CLOVER\ACPI\patched: size=7341 OCABC: AllocPages 1 0x7A11D000 (2) - Success
... Success
8:630  0:017  Inserting SSDT-PLUG.aml from \EFI\CLOVER\ACPI\patched: size=693 OCABC: AllocPages 1 0x7A11C000 (1) - Success
... Success
8:648  0:017  Inserting SSDT-PMC.aml from \EFI\CLOVER\ACPI\patched: size=414 OCABC: AllocPages 1 0x7A11B000 (1) - Success
... Success
8:665  0:017  Inserting SSDT-UIAC.aml from \EFI\CLOVER\ACPI\patched: size=693 OCABC: AllocPages 1 0x7A11A000 (1) - Success
... Success
8:682  0:017  ApicCPUNum=1
8:687  0:004  Maximum control=0x24
8:691  0:004  Turbo control=0x31
8:695  0:004  P-States: min 0x8, max 0x31
8:700  0:004  SSDT with plugin-type without P-States is generated
8:704  0:004  OCABC: AllocPages 1 0x7A119000 (1) - Success
8:708  0:004  Cleanup XSDT: count=31, length=284
8:713  0:004  corrected XSDT count=31, length=284
8:717  0:004  === [ RestSetup macOS ] =========================
8:721  0:004  ATI injection not set
8:726  0:004  Intel GFX injection not set
8:730  0:004   RCBA disabled; cannot use it
8:734  0:004   setting specified layout-id=1 (0x1)
8:739  0:004  stringlength = 458
8:743  0:004  OCABC: AllocPages 1 0x7A118000 (1) - Success
8:747  0:004  CurrentMode: Width=1366 Height=768
8:751  0:004  SetNvramVariable (system-id, 4D1EDE05-38C7-4A6A-9CC6-4BCCA8B38C14, 0x2, 16): -> writing new (Success)
8:761  0:009  SetNvramVariable (MLB, 4D1EDE05-38C7-4A6A-9CC6-4BCCA8B38C14, 0x6, 17): -> writing new (Success)
8:770  0:009  SetNvramVariable (ROM, 4D1EDE05-38C7-4A6A-9CC6-4BCCA8B38C14, 0x6, 6): -> writing new (Success)
8:779  0:009  SetNvramVariable (FirmwareFeatures, 4D1EDE05-38C7-4A6A-9CC6-4BCCA8B38C14, 0x6, 4): -> writing new (Success)
8:789  0:009  SetNvramVariable (FirmwareFeaturesMask, 4D1EDE05-38C7-4A6A-9CC6-4BCCA8B38C14, 0x6, 4): -> writing new (Success)
8:798  0:009  SetNvramVariable (ExtendedFirmwareFeatures, 4D1EDE05-38C7-4A6A-9CC6-4BCCA8B38C14, 0x6, 8): -> writing new (Success)
8:808  0:009  SetNvramVariable (ExtendedFirmwareFeaturesMask, 4D1EDE05-38C7-4A6A-9CC6-4BCCA8B38C14, 0x6, 8): -> writing new (Success)
8:817  0:009  AddNvramVariable (HW_BID, 4D1EDE05-38C7-4A6A-9CC6-4BCCA8B38C14, 0x6, 20): -> writing new (Success)
8:826  0:009  AddNvramVariable (security-mode, 7C436110-AB2A-4BBB-A880-FE41995C9F82, 0x7, 5): -> already exists, abort
8:835  0:008  set DefaultBackgroundColor=0xfbfbfb
8:839  0:004  SetNvramVariable (DefaultBackgroundColor, 4D1EDE05-38C7-4A6A-9CC6-4BCCA8B38C14, 0x7, 4): exists(0x7, 4), not equal -> writing new (Success)
8:862  0:022  SetNvramVariable (ActualDensity, 7C436110-AB2A-4BBB-A880-FE41995C9F82, 0x7, 2): exists(0x7, 2), equal -> not writing again.
8:878  0:015  SetNvramVariable (DensityThreshold, 7C436110-AB2A-4BBB-A880-FE41995C9F82, 0x7, 2): exists(0x7, 2), equal -> not writing again.
8:891  0:013  SetNvramVariable (gfx-saved-config-restore-status, 4D1EDE05-38C7-4A6A-9CC6-4BCCA8B38C14, 0x7, 8): exists(0x7, 8), equal -> not writing again.
8:904  0:013  DeleteNvramVariable (UIScale, 4D1EDE05-38C7-4A6A-9CC6-4BCCA8B38C14):
8:910  0:005  DeleteNvramVariable (EFILoginHiDPI, 7C436110-AB2A-4BBB-A880-FE41995C9F82):
8:914  0:004  SetNvramVariable (flagstate, 7C436110-AB2A-4BBB-A880-FE41995C9F82, 0x7, 32): exists(0x7, 32), equal -> not writing again.
8:927  0:013  SetNvramVariable (csr-active-config, 7C436110-AB2A-4BBB-A880-FE41995C9F82, 0x7, 4): exists(0x7, 4), equal -> not writing again.
8:941  0:014  DeleteNvramVariable (BridgeOSHardwareModel, 4D1EDE05-38C7-4A6A-9CC6-4BCCA8B38C14):
8:946  0:005  DeleteNvramVariable (bootercfg, 7C436110-AB2A-4BBB-A880-FE41995C9F82):
8:951  0:004  DeleteNvramVariable (nvda_drv, 7C436110-AB2A-4BBB-A880-FE41995C9F82):
8:956  0:005  DeleteNvramVariable (recovery-boot-mode, 7C436110-AB2A-4BBB-A880-FE41995C9F82):
8:961  0:004  AddNvramVariable (wake-failure, 7C436110-AB2A-4BBB-A880-FE41995C9F82, 0x7, 5): -> already exists, abort
8:970  0:009  DeleteNvramVariable (opencore-version, 7C436110-AB2A-4BBB-A880-FE41995C9F82):
8:975  0:005  DeleteNvramVariable (ApBoardID, 94B73556-2197-4702-82A8-3E1337DAFBFB):
8:980  0:005  DeleteNvramVariable (ApSecurityDomain, 94B73556-2197-4702-82A8-3E1337DAFBFB):
8:985  0:005  DeleteNvramVariable (ApProductionStatus, 94B73556-2197-4702-82A8-3E1337DAFBFB):
8:990  0:005  DeleteNvramVariable (ApSecurityMode, 94B73556-2197-4702-82A8-3E1337DAFBFB):
8:997  0:006  DeleteNvramVariable (EffectiveProductionStatus, 94B73556-2197-4702-82A8-3E1337DAFBFB):
9:002  0:005  DeleteNvramVariable (EffectiveSecurityMode, 94B73556-2197-4702-82A8-3E1337DAFBFB):
9:007  0:005  DeleteNvramVariable (CertificateEpoch, 94B73556-2197-4702-82A8-3E1337DAFBFB):
9:012  0:004  DeleteNvramVariable (MixNMatchPreventionStatus, 94B73556-2197-4702-82A8-3E1337DAFBFB):
9:017  0:005  DeleteNvramVariable (CryptoDigestMethod, 94B73556-2197-4702-82A8-3E1337DAFBFB):
9:022  0:005  DeleteNvramVariable (InternalUseOnlyUnit, 94B73556-2197-4702-82A8-3E1337DAFBFB):
9:027  0:005  DeleteNvramVariable (ApECID, 94B73556-2197-4702-82A8-3E1337DAFBFB):
9:032  0:004  DeleteNvramVariable (HardwareModel, 94B73556-2197-4702-82A8-3E1337DAFBFB):
9:036  0:003  Use origin smbios table type 1 guid.
9:059  0:022  DeleteNvramVariable (efi-boot-device, 7C436110-AB2A-4BBB-A880-FE41995C9F82):
9:063  0:004  DeleteNvramVariable (efi-boot-device-data, 7C436110-AB2A-4BBB-A880-FE41995C9F82):
9:068  0:004  DeleteNvramVariable (BootCampHD, 7C436110-AB2A-4BBB-A880-FE41995C9F82):
9:072  0:004  Custom boot screen not used because entry has unset use graphics
9:078  0:005  DeleteNvramVariable (IOHibernateRTCVariables, 7C436110-AB2A-4BBB-A880-FE41995C9F82):
9:082  0:004  DeleteNvramVariable (boot-image, 7C436110-AB2A-4BBB-A880-FE41995C9F82):
9:087  0:004  Kernel quirks
9:091  0:004  ACPCL 1 AXCL 1 AXEM 0 AXFB 0 CSG 0 DIM 0 DLJ 0 DRC 1 DPM 0 EBTFF 0 EDI 0 FAI 0 IPBS 0 LKP 0 PNKD 0 PTKP 0 TPD 0 XPL 0 PCC 0
9:095  0:004  Closing log
9:099  0:004  OCABC: AllocPages 2 0x91000 (14) - Success
9:103  0:003  OCABC: AllocPages 2 0x6F762000 (14) - Success
9:110  0:007  OCABC: Recovering trashed GetMemoryMap pointer
9:116  0:005  OCABC: Patching safe mode sur-2 at off ACF4
9:120  0:003  OCABC: AllocPages 2 0x777E6000 (512) - Success
9:124  0:003  OCABC: AllocPages 2 0x777E5000 (1) - Success
9:128  0:004  OC: Supported boot capabilities 4
9:132  0:003  OCABC: AllocPages 2 0x777E4000 (1) - Success
9:136  0:004  OCABC: MMIO devirt start
9:140  0:004  OCABC: MMIO devirt 0xE0000000 (0x10000 pages, 0x800000000000100D) skip 0
9:144  0:004  OCABC: MMIO devirt 0xFE000000 (0x11 pages, 0x8000000000000001) skip 0
9:148  0:004  OCABC: MMIO devirt 0xFEC00000 (0x1 pages, 0x800000000000100D) skip 0
9:152  0:003  OCABC: MMIO devirt 0xFED00000 (0x4 pages, 0x800000000000100D) skip 0
9:156  0:004  OCABC: MMIO devirt 0xFEE00000 (0x1 pages, 0x8000000000000001) skip 0
9:161  0:004  OCABC: MMIO devirt 0xFF000000 (0x1000 pages, 0x800000000000100D) skip 0
9:165  0:004  OCABC: MMIO devirt end, saved 278620 KB
9:169  0:003  OCABC: All slides are usable! You can disable ProvideCustomSlide!
9:174  0:005  OCOS: OS set: <null> macOS 11.0
9:178  0:004  OCOS: OS set: Apple Inc. macOS 11.0
9:182  0:003  OCOS: Should use black background
9:189  0:006  OCABC: AllocPages 1 0x6D2E4000 (1) - Success
9:207  0:018  OC: Opening file System\Library\Kernels\kernel with 1 mode gave - Not Found
9:211  0:004  OC: Opening file \A490645D-B724-4FBC-9AC8-F7A23B1C4935 with 1 mode gave - Success
9:216  0:004  OC: Opening file \A490645D-B724-4FBC-9AC8-F7A23B1C4935\System\Library\CoreServices\com.apple.Boot.plist with 1 mode gave - Not Found
9:220  0:004  OC: Opening file Library\Preferences\SystemConfiguration\com.apple.Boot.plist with 1 mode gave - Success
9:224  0:004  OC: Opening file \A490645D-B724-4FBC-9AC8-F7A23B1C4935\System\Library\CoreServices\PlatformSupport.plist with 1 mode gave - Success
9:230  0:005  OCABC: AllocPages 2 0xBF00000 (51544) - Success
9:235  0:004  OC: Opening file System\Library\Caches\com.apple.corestorage\EncryptedRoot.plist.wipekey with 1 mode gave - Success
9:245  0:009  OC: Opening file \A490645D-B724-4FBC-9AC8-F7A23B1C4935\System\Library\CoreServices\boot.efi with 1 mode gave - Success
9:272  0:027  OC: Opening file boot\System\Library\KernelCollections\BootKernelExtensions.kc.development with 1 mode gave - Not Found
9:289  0:017  OC: Opening file boot\System\Library\KernelCollections\BootKernelExtensions.kc with 1 mode gave - Success
9:294  0:004  OC: Load and reserve Kext Other\FakeSMC.kext
9:298  0:004  OC: Load and reserve Kext Other\USBMap.kext
9:303  0:004  OC: Kext reservation size info 504000 exe 18000
9:307  0:003  OC: Trying 64-bit XNU hook on boot\System\Library\KernelCollections\BootKernelExtensions.kc
9:311  0:004  OCAK: Found 64-bit Mach-O compressed 0 offset 0 size 0
9:315  0:003  OCAK: Determined kernel size is 62734336 bytes
9:352  0:036  OC: Result of 64-bit XNU hook on boot\System\Library\KernelCollections\BootKernelExtensions.kc (00000000) is Success
9:398  0:046  OCAK: Read kernel version 23.4.0 (230400)
9:402  0:004  OCAK: 64-bit patcher base 0xFFFFFF8000200000 kmod 0x0 file 0x0
9:408  0:005  OCAK: Zeroing _xcpm_core_scope_msrs 0xE2 applicable CPUs (76)
9:412  0:003  OCAK: Zeroing _xcpm_core_scope_msrs 0xE2 applicable CPUs (406416)
9:415  0:003  OCAK: Zeroing _xcpm_core_scope_msrs 0xE2 applicable CPUs (16384)
9:420  0:005  Replace B9E20000000F30 by B9E20000009090 at ofs:30E
9:488  0:067  Replace B9E20000000F30 by B9E20000009090 at ofs:39B
9:557  0:068  OCAK: 64-bit XcpmCfgLockRel replace count - 2
9:561  0:003  OCAK: [OK] Success XcpmCfgLock patch
9:603  0:042  OCAK: org.netkas.FakeSMC got KXLD 0 0
9:607  0:004  OCAK: Requesting __LINKEDIT for org.netkas.FakeSMC - 6CDC8398 at 3BD5000
9:611  0:003  OCAK: Requesting SymbolTable for org.netkas.FakeSMC - 601
9:615  0:003  OCAK: Requesting __LINKEDIT for __kernel__ - 691FE688 at 0
9:619  0:003  OCAK: Requesting SymbolTable for __kernel__ - 22799
9:645  0:026  OCAK: Patching invalid size 2000 with 19DF000 for com.apple.iokit.IOACPIFamily
9:649  0:004  OCAK: com.apple.iokit.IOACPIFamily got KXLD 0 0
9:653  0:003  OCAK: Requesting __LINKEDIT for com.apple.iokit.IOACPIFamily - 6B3E9518 at 21F6000
9:657  0:003  OCAK: Requesting SymbolTable for com.apple.iokit.IOACPIFamily - 544
9:669  0:011  OCAK: Local relocs 1148 on FFFFFF8003CD5000
9:673  0:004  OC: Prelinked injection Other\FakeSMC.kext () - Success
9:678  0:004  OC: Prelinked injection Other\USBMap.kext () - Success
9:682  0:004  OC: Prelink size 62836736 kext offset 62738432 reserved 98304
9:686  0:003  OCAK: KC TEXT is 65536 bytes with 61800 Mach-O headers need 280
9:705  0:019  OCAK: Failed to pk find com.apple.driver.AppleIntelCPUPowerManagement - Not Found
9:710  0:004  OCAK: [OK] Skipping PatchAppleCpuPmCfgLock on NULL Patcher on kernel version 230400
9:714  0:004  OCAK: Patching invalid size 5FF4 with 2193000 for com.apple.driver.AppleRTC
9:718  0:003  OCAK: com.apple.driver.AppleRTC got KXLD 0 0
9:722  0:004  Replace BE58000000/FFFEFFFFFF(BE58000000) by BEFFFF0000 at ofs:1AED
9:825  0:102  Replace BE58000000/FFFEFFFFFF(BE59000000) by BEFFFF0000 at ofs:1AFE
9:935  0:109  Replace BE58000000/FFFEFFFFFF(BE58000000) by BEFFFF0000 at ofs:1DE3
10:040  0:105  Replace BE58000000/FFFEFFFFFF(BE59000000) by BEFFFF0000 at ofs:1DF3
10:143  0:103  OCAK: 64-bit DisableRtcChecksum64 replace count - 4
10:147  0:004  OCAK: [OK] Patch success com.apple.driver.AppleRTC DisableRtcChecksum
10:269  0:121  OC: Prelinked status - Success
10:313  0:044  OC: Opening file usr\standalone\OS.dmg.root_hash with 1 mode gave - Success
10:323  0:010  OC: Opening file usr\standalone\OS.dmg.root_hash.x86legacyap.im4m with 1 mode gave - Success
10:333  0:009  OCABC: AllocPages 0 0x73002000 (1) - Success
10:337  0:003  OCABC: AllocPages 0 0x73001000 (1) - Success
