0:100  0:100  MemLog inited, TSC freq: 3603557740
0:100  0:000  CPU was calibrated with RTC
0:100  0:000  CloverX64 : Image base = 0x6D404000
0:100  0:000  Clover ImageHandle = 7626fc98
0:101  0:001  SelfDirPath = \EFI\CLOVER
0:103  0:001  === [ Starting Clover ] =========================
0:103  0:000  Now is 24.11.2024,  18:15:40 (GMT)
0:103  0:000  Starting Clover revision: 5160 (master, commit 7b08a616e) on American Megatrends EFI
0:103  0:000  Build id: 20240909210805-7b08a61-dirty
0:103  0:000  Build with: [Args: -D NO_GRUB_DRIVERS_EMBEDDED -D LESS_DEBUG -t GCC131 | --cmd-len=50000 -D NO_GRUB_DRIVERS_EMBEDDED -D LESS_DEBUG --conf=/Users/sergey/src/CloverBootloader/Conf -D USE_LOW_EBDA -a X64 -b RELEASE -t GCC131 -n 5 | OS: 15]
0:103  0:000  === [ Get Smbios ] ==============================
0:103  0:000  Type 16 Index = 0
0:103  0:000  Total Memory Slots Count = 4
0:103  0:000  Type 17 Index = 0
0:103  0:000  SmbiosTable.Type17->SlotIndex = 0
0:103  0:000  SmbiosTable.Type17->ModuleSize = 8192MB
0:103  0:000  SmbiosTable.Type17->Type = 0
0:103  0:000  SmbiosTable.Type17->Frequency = 3200MHz
0:103  0:000  SmbiosTable.Type17->Bank/Device = BANK 0 ChannelA-DIMM1
0:103  0:000  SmbiosTable.Type17->Vendor = Corsair
0:103  0:000  SmbiosTable.Type17->SerialNo = 00000000
0:103  0:000  SmbiosTable.Type17->PartNo = CMK16GX4M2K4266C19
0:103  0:000  Type 17 Index = 1
0:103  0:000  SmbiosTable.Type17->SlotIndex = 1
0:103  0:000  SmbiosTable.Type17->ModuleSize = 8192MB
0:103  0:000  SmbiosTable.Type17->Type = 0
0:103  0:000  SmbiosTable.Type17->Frequency = 3200MHz
0:103  0:000  SmbiosTable.Type17->Bank/Device = BANK 1 ChannelA-DIMM2
0:103  0:000  SmbiosTable.Type17->Vendor = Corsair
0:103  0:000  SmbiosTable.Type17->SerialNo = 00000000
0:103  0:000  SmbiosTable.Type17->PartNo = CMK16GX4M2K4266C19
0:103  0:000  Type 17 Index = 2
0:103  0:000  Ignoring insane frequency value 0MHz
0:103  0:000  Type 17 Index = 3
0:103  0:000  Ignoring insane frequency value 0MHz
0:103  0:000  Boot status=0
0:103  0:000  Running on: 'System Product Name' with board 'PRIME Z390-A'
0:103  0:000  === [ GetCPUProperties ] ========================
0:103  0:000  CPU Vendor = 756E6547 Model=906EC
0:103  0:000   The CPU supported SSE4.1
0:103  0:000   The CPU supported RDRAND
0:103  0:000  BrandString = Intel(R) Core(TM) i7-9700K CPU @ 3.60GHz
0:103  0:000   The CPU supported turbo
0:103  0:000   Energy PerfBias is  visible:
0:103  0:000  MSR 0x35               80008
0:103  0:000   TSC/CCC Information Leaf:
0:103  0:000    numerator     : 300
0:103  0:000    denominator   : 2
0:103  0:000   Calibrated ARTFrequency: 24023718
0:103  0:000   Rounded ARTFrequency: 24000000
0:103  0:000  MSR 0xE2 before patch 1E000000
0:103  0:000  MSR 0xCE              08080838_F1012400
0:103  0:000  corrected FLEX_RATIO = E0000
0:103  0:000  MSR 0x1B0             00000000
0:103  0:000  FSBFrequency = 108 MHz, DMI FSBFrequency = 100 MHz, Corrected FSBFrequency = 100 MHz
0:103  0:000  MaxDiv/MinDiv: 36.0/8
0:103  0:000  Turbo: 47/49/49/49
0:103  0:000  Features: 0x77FAFBFFBFEBFBFF
0:103  0:000  Threads: 8
0:103  0:000  Cores: 8
0:103  0:000  FSB: 100 MHz
0:103  0:000  CPU: 3861 MHz
0:103  0:000  TSC: 3861 MHz
0:103  0:000  PIS: 100 MHz
0:103  0:000  ExternalClock: 25 MHz
0:103  0:000  === [ GetDevices ] ==============================
0:103  0:000  GOP found at: PciRoot(0x0)/Pci(0x1,0x0)/Pci(0x0,0x0)/AcpiAdr(0x80010302)
0:103  0:000  PCI (00|00:00.00) : 8086 3E30 class=060000
0:103  0:000  PCI (00|00:01.00) : 8086 1901 class=060400
0:103  0:000  PCI (00|01:00.00) : 1002 67DF class=030000
0:103  0:000   - GFX: Model=AMD Radeon RX 480/570/580 (ATI/AMD)
0:104  0:000   - GOP: Provided by device
0:104  0:000  PCI (00|01:00.01) : 1002 AAF0 class=040300
0:104  0:000   - HDMI Audio: 
0:104  0:000  PCI (00|00:02.00) : 8086 3E98 class=038000
0:104  0:000   - GFX: Model=Intel UHD Graphics 630 (Intel)
0:104  0:000  PCI (00|00:14.00) : 8086 A36D class=0C0330
0:104  0:000  PCI (00|00:14.02) : 8086 A36F class=050000
0:104  0:000  PCI (00|00:16.00) : 8086 A360 class=078000
0:104  0:000  PCI (00|00:17.00) : 8086 A352 class=010601
0:104  0:000  PCI (00|00:1B.00) : 8086 A340 class=060400
0:104  0:000  PCI (00|00:1C.00) : 8086 A338 class=060400
0:104  0:000  PCI (00|00:1D.00) : 8086 A330 class=060400
0:104  0:000  PCI (00|04:00.00) : 144D A808 class=010802
0:104  0:000  PCI (00|00:1F.00) : 8086 A305 class=060100
0:104  0:000  PCI (00|00:1F.03) : 8086 A348 class=040300
0:104  0:000  PCI (00|00:1F.04) : 8086 A323 class=0C0500
0:104  0:000  PCI (00|00:1F.05) : 8086 A324 class=0C8000
0:104  0:000  PCI (00|00:1F.06) : 8086 15BC class=020000
0:104  0:000   - LAN: 1 Vendor=Intel
0:104  0:000  Legacy MAC address of LAN #0= 40:B0:76:DE:9E:93:
0:104  0:000  _checkOEMPath Look for oem dir at path '\EFI\CLOVER\OEM\System Product Name--40-B0-76-DE-9E-93'. Dir doesn't exist.
0:104  0:000  _checkOEMPath Look for oem dir at path '\EFI\CLOVER\OEM\PRIME Z390-A\UEFI'. Dir doesn't exist.
0:104  0:000  _checkOEMPath Look for oem dir at path '\EFI\CLOVER\OEM\System Product Name'. Dir doesn't exist.
0:104  0:000  _checkOEMPath Look for oem dir at path '\EFI\CLOVER\OEM\System Product Name-3861'. Dir doesn't exist.
0:104  0:000  _checkOEMPath Look for oem dir at path '\EFI\CLOVER\OEM\PRIME Z390-A'. Dir doesn't exist.
0:104  0:000  _checkOEMPath Look for oem dir at path '\EFI\CLOVER\OEM\PRIME Z390-A-3861'. Dir doesn't exist.
0:105  0:000  === [ GetUserSettings ] =========================
0:105  0:000  GetDefaultModel()=iMac18,3
0:105  0:000  === [ LoadUserSettings ] ========================
0:105  0:000  Using config.plist at path: \EFI\CLOVER
0:106  0:000  === [ LoadUserSettings ] ========================
0:106  0:000  Cannot find smbios.plist at path '\EFI\CLOVER' : Not Found
0:106  0:000  '\EFI\CLOVER\smbios.plist' not loaded. Efi error Not Found
0:106  0:000  create SMBIOS list, found 27 dicts
0:106  0:000  ... ACPI
0:106  0:000  ... Boot
0:106  0:000  ... BootGraphics
0:106  0:000  ... Devices
0:106  0:000  ... DisableDrivers
0:106  0:000  ... GUI
0:106  0:000  ... Graphics
0:106  0:000  ... KernelAndKextPatches
0:106  0:000  ... SMBIOS
0:106  0:000  ... SystemParameters
0:106  0:000  ... RtVariables
0:106  0:000  ... Quirks
0:106  0:000  get model from config.plist
0:106  0:000  Using latest BiosVersion from config instead of default 'IM191.88Z.F000.B00.2302212211'
0:119  0:013  Using latest BiosReleaseDate from config instead of default '02/21/2023'
0:123  0:003  Using latest EfiVersion from config instead of default '1968.100.16.0.1'
0:127  0:004  BiosVersion: IM191.88Z.F000.B00.2308061817
0:131  0:003  BiosReleaseDate: 08/06/2023
0:135  0:004  EfiVersion: 2020.40.3.0.0
0:139  0:004  Calibrated TSC Frequency = 3603557740 = 3603MHz
0:144  0:004  === [ GetListOfThemes ] =========================
0:148  0:004  - [00]: random
0:156  0:008  - [00]: embedded
0:164  0:008  === [ Found config plists ] =====================
0:168  0:004  - config.plist
0:172  0:004  === [ LoadDrivers ] =============================
0:178  0:005  Loading NvmExpressDxe.efi status=Success
0:191  0:013   - driver needs connecting
0:195  0:003  Loading EnglishDxe.efi status=Success
0:208  0:013  Loading VBoxHfs.efi status=Success
0:221  0:012   - driver needs connecting
0:225  0:003  Loading PartitionDxe.efi status=Success
0:237  0:012   - driver needs connecting
0:241  0:003  Loading ApfsDriverLoader.efi status=Success
0:254  0:012   - driver needs connecting
0:258  0:004  4 drivers needs connecting ...
0:258  0:000  PlatformDriverOverrideProtocol not found. Installing ... Success
0:259  0:000  Partition driver loaded: 
0:259  0:000  HFS+ driver loaded
0:259  0:000  APFS driver loaded
0:260  0:000  Searching for invalid DiskIo BY_DRIVER connects: not found, all ok
0:476  0:215  === [ InitScreen ] ==============================
0:480  0:004  Console modes reported: 4, available modes:
0:484  0:004   - [01]: 80x25 (current mode)
0:488  0:004   - [03]: 100x31
0:492  0:004   - [04]: 170x40
0:499  0:006  SetScreenResolution: 1920x1080 - not found!
0:508  0:008  SetMaxResolution: found best mode 0: 1366x768
0:516  0:008   - already set
0:521  0:005  Using embedded font
0:526  0:004  === [ ScanSPD ] =================================
0:530  0:004  SMBus device : 8086 A323 class=0C0500 status=Success
0:534  0:004  SMBus CmdReg: 0x3
0:538  0:003  Scanning SMBus [8086:A323], mmio: 0x12116004, ioport: 0xEFA0, hostc: 0x11
0:542  0:004  Slots to scan [8]...
0:547  0:004  SPD[0]: Got invalid type 0 @0x50. Will set page and retry.
0:552  0:005  SPD[0]: Type 12 @0x50
0:574  0:021  XMP Profile1: 4*125 -31 ns
0:578  0:004  Found module with XMP version 2.0
0:582  0:004  Using XMP Profile1 instead of standard frequency 2132MHz
0:586  0:003  DDR speed 4264MHz
0:590  0:004  Slot: 0 Type 26 8192MB 4264MHz Vendor=Corsair PartNo=CMK16GX4M2K4266C19 SerialNo=00000000
0:595  0:004  SPD[1]: Type 12 @0x51
0:616  0:021  XMP Profile1: 4*125 -31 ns
0:621  0:004  Found module with XMP version 2.0
0:625  0:003  Using XMP Profile1 instead of standard frequency 2132MHz
0:629  0:004  DDR speed 4264MHz
0:633  0:003  Slot: 1 Type 26 8192MB 4264MHz Vendor=Corsair PartNo=CMK16GX4M2K4266C19 SerialNo=00000000
0:638  0:004  === [ GetAcpiTablesList ] =======================
0:642  0:003  Get Acpi Tables List from RSDT: count=24
0:649  0:007   - [00]: FACP  A M I  len=132
0:653  0:003   - [01]: APIC  A M I  len=188
0:656  0:003   - [02]: FPDT  A M I  len=68
0:660  0:003   - [03]: FIDT  A M I len=156
0:664  0:003   - [04]: MCFG  A M I  len=60
0:668  0:004   - [05]: WSMT  A M I  len=40
0:672  0:003   - [06]: SSDT  SataTabl len=888
0:675  0:003   - [07]: SSDT  CpuSsdt len=6101
0:679  0:003   - [08]: SSDT  SaSsdt  len=12443
0:683  0:003   - [09]: SSDT  PegSsdt len=9048
0:687  0:003   - [10]: HPET  A M I  len=56
0:690  0:003   - [11]: SSDT  Ther_Rvp len=3998
0:694  0:003   - [12]: SSDT  xh_cfsd4 len=10579
0:698  0:003   - [13]: UEFI  A M I  len=72
0:701  0:003   - [14]: LPIT  A M I  len=92
0:705  0:003   - [15]: SSDT  PtidDevc len=10206
0:709  0:004   - [16]: SSDT  TbtTypeC len=4094
0:713  0:003   - [17]: DBGP  A M I  len=52
0:717  0:003   - [18]: DBG2  A M I  len=84
0:721  0:003   - [19]: SSDT  UsbCTabl len=6449
0:724  0:003   - [20]: SSDT  ADebTabl len=324
0:728  0:003   - [21]: VFCT  A M I  len=59524
0:732  0:003   - [22]: BGRT  A M I  len=56
0:735  0:003   - [23]: WPBT  A M I len=60
0:740  0:004   - [00]: Drop table : MATS,                0 :  no
0:747  0:007  Custom boot CUSTOM_BOOT_DISABLED (0x0)
0:751  0:003  Default theme: embedded
0:755  0:004  Set FakeCPUID: 0x0
0:759  0:004  === [ Found DSDT tables ] =======================
0:764  0:004  === [ InitKextList ] ============================
0:768  0:004  Added Kext=Other\USBMapDummy.kext (1.0)
0:773  0:004  Added Kext=Other\RadeonMonitor.kext (1.3.5)
0:777  0:004  Added Kext=Other\FakeSMC.kext (3.5.6)
0:781  0:004  Added Kext=Other\IntelCPUMonitor.kext (1.2.6)
0:787  0:005  === [ ScanVolumes ] =============================
0:791  0:004  Found 10 volumes with blockIO
0:795  0:004  - [00]: Volume: PciRoot(0x0)\Pci(0x17,0x0)\Sata(0x0,0xFFFF,0x0)
0:803  0:008  - [01]: Volume: PciRoot(0x0)\Pci(0x17,0x0)\Sata(0x0,0xFFFF,0x0)\HD(1,GPT,38DCC513-D608-408E-9D2F-1469C8B906A0,0x28,0x64000)
0:811  0:008          Result of bootcode detection: bootable unknown (legacy)
0:816  0:004            label : EFI
0:820  0:003  - [02]: Volume: PciRoot(0x0)\Pci(0x17,0x0)\Sata(0x0,0xFFFF,0x0)\HD(2,GPT,C20AA839-E88E-4CED-8CAB-9480B290394C,0x64028,0x15D466360)
0:847  0:027            label : Dati
0:851  0:004  - [03]: Volume: PciRoot(0x0)\Pci(0x1D,0x0)\Pci(0x0,0x0)\NVMe(0x1,CA-8F-B2-81-58-38-25-00)
0:859  0:007  - [04]: Volume: PciRoot(0x0)\Pci(0x1D,0x0)\Pci(0x0,0x0)\NVMe(0x1,CA-8F-B2-81-58-38-25-00)\HD(1,GPT,6E40A227-DDED-4325-B7CE-3959620EB39E,0x28,0x64000)
0:866  0:007          Result of bootcode detection: bootable unknown (legacy)
0:871  0:005            label : EFI
0:875  0:003          This is SelfVolume !!
0:879  0:003  - [05]: Volume: PciRoot(0x0)\Pci(0x1D,0x0)\Pci(0x0,0x0)\NVMe(0x1,CA-8F-B2-81-58-38-25-00)\HD(2,GPT,9508A8C6-F9B9-4EDD-ABC7-C1C4A019C410,0x64028,0x3A321FE0)
0:887  0:007          Result of bootcode detection: bootable unknown (legacy)
0:891  0:003  - [06]: Volume: PciRoot(0x0)\Pci(0x1D,0x0)\Pci(0x0,0x0)\NVMe(0x1,CA-8F-B2-81-58-38-25-00)\HD(2,GPT,9508A8C6-F9B9-4EDD-ABC7-C1C4A019C410,0x64028,0x3A321FE0)\VenMedia(BE74FCF7-0B7C-49F3-9147-01F4042E6842,F2738F7DD5B89341BB89C99D72294438)
0:898  0:007            apfsFileSystemUUID=7D8F73F2-B8D5-4193-BB89-C99D72294438, ApfsContainerUUID=85F3C012-2D6D-4FA1-A77E-71D7470E7FA2, ApfsRole=0x10
0:902  0:004            label : Preboot
0:906  0:003  - [07]: Volume: PciRoot(0x0)\Pci(0x1D,0x0)\Pci(0x0,0x0)\NVMe(0x1,CA-8F-B2-81-58-38-25-00)\HD(2,GPT,9508A8C6-F9B9-4EDD-ABC7-C1C4A019C410,0x64028,0x3A321FE0)\VenMedia(BE74FCF7-0B7C-49F3-9147-01F4042E6842,5D6490A424B7BC4F9AC8F7A23B1C4935)
0:914  0:007            apfsFileSystemUUID=A490645D-B724-4FBC-9AC8-F7A23B1C4935, ApfsContainerUUID=85F3C012-2D6D-4FA1-A77E-71D7470E7FA2, ApfsRole=0x0
0:931  0:017            label : Macintosh HD
0:935  0:004  - [08]: Volume: PciRoot(0x0)\Pci(0x1D,0x0)\Pci(0x0,0x0)\NVMe(0x1,CA-8F-B2-81-58-38-25-00)\HD(2,GPT,9508A8C6-F9B9-4EDD-ABC7-C1C4A019C410,0x64028,0x3A321FE0)\VenMedia(BE74FCF7-0B7C-49F3-9147-01F4042E6842,B6D67091A529BA4BA6736F0E24A99093)
0:943  0:007            apfsFileSystemUUID=9170D6B6-29A5-4BBA-A673-6F0E24A99093, ApfsContainerUUID=85F3C012-2D6D-4FA1-A77E-71D7470E7FA2, ApfsRole=0x4
0:946  0:003            label : Recovery
0:950  0:003  - [09]: Volume: PciRoot(0x0)\Pci(0x1D,0x0)\Pci(0x0,0x0)\NVMe(0x1,CA-8F-B2-81-58-38-25-00)\HD(2,GPT,9508A8C6-F9B9-4EDD-ABC7-C1C4A019C410,0x64028,0x3A321FE0)\VenMedia(BE74FCF7-0B7C-49F3-9147-01F4042E6842,55B78B2757452849A2D432E0BB550617)
0:958  0:007            apfsFileSystemUUID=278BB755-4557-4928-A2D4-32E0BB550617, ApfsContainerUUID=85F3C012-2D6D-4FA1-A77E-71D7470E7FA2, ApfsRole=0x8
0:962  0:003            label : VM
0:965  0:003  No AudioIoProtocols, status=Not Found
0:969  0:003  === [ InitXTheme ] ==============================
0:973  0:003  use Daylight theme
0:977  0:003   using embedded theme
0:990  0:012  Using embedded font
0:994  0:003  theme inited
0:997  0:003  Chosen embedded theme
1:001  0:003  after NVRAM boot-args=dart=0 -v
1:005  0:003  Scanning legacy ...
1:008  0:003  === [ Dump SMC keys from NVRAM ] ================
1:012  0:003  found AppleSMC protocol
1:024  0:011     fakesmc-key-RVBF-ch8*:02 46 0F 00 00 12 
1:055  0:031     fakesmc-key-#KEY-ui32:00 00 00 11 
1:078  0:023     fakesmc-key-$Adr-ui32:00 00 03 00 
1:102  0:023     fakesmc-key-$Num-ui8:01 
1:120  0:017     fakesmc-key-RMde-char:41 
1:132  0:012     fakesmc-key-RBr -ch8*:6A 31 33 38 5F 39 00 00 
1:170  0:038     fakesmc-key-EPCI-ui32:09 D0 F0 00 
1:194  0:023     fakesmc-key-REV -ch8*:02 46 0F 00 00 12 
1:224  0:030     fakesmc-key-RPlt-ch8*:6A 31 33 38 00 00 00 00 
1:261  0:037     fakesmc-key-BEMB-flag:00 
1:274  0:012     fakesmc-key-BATP-flag:00 
1:286  0:012     fakesmc-key-BNum-ui8:00 
1:298  0:012     fakesmc-key-MSTc-ui8:00 
1:314  0:015     fakesmc-key-MSAc-ui16:00 00 
1:330  0:016     fakesmc-key-MSWr-ui8:00 
1:343  0:012     fakesmc-key-MSFW-ui8:01 00 
1:359  0:016     fakesmc-key-MSPS-ui16:00 03 
1:380  0:020  Registered 17 SMC keys
1:388  0:008  === [ ScanLoader ] ==============================
1:391  0:003  - [01]: 'EFI'
1:417  0:025  - [02]: 'Dati'
1:463  0:045  - [04]: 'EFI'
1:473  0:010        AddLoaderEntry for Volume Name=EFI, idx=0
1:477  0:004        OSVersion= 
1:481  0:003        IconName=unknown comma=-1 size=7
1:485  0:004        Full=unknown
1:489  0:003        Loader entry created for 'PciRoot(0x0)\Pci(0x1D,0x0)\Pci(0x0,0x0)\NVMe(0x1,CA-8F-B2-81-58-38-25-00)\HD(1,GPT,6E40A227-DDED-4325-B7CE-3959620EB39E,0x28,0x64000)\EFI\BOOT\BOOTX64.efi'
1:493  0:003       hiding entry: \EFI\BOOT\BOOTX64.efi
1:497  0:003        Menu entry added at index 0
1:503  0:006       hiding entry because DiskKind is DISK_KIND_INTERNAL: \EFI\BOOT\BOOTX64.efi
1:509  0:006  - [06]: 'Preboot'
1:516  0:007      ApfsContainerUUID=85F3C012-2D6D-4FA1-A77E-71D7470E7FA2
1:523  0:006      ApfsFileSystemUUID=7D8F73F2-B8D5-4193-BB89-C99D72294438
1:530  0:006      APFSTargetUUID=A490645D-B724-4FBC-9AC8-F7A23B1C4935
1:533  0:003        AddLoaderEntry for Volume Name=Preboot, idx=1
1:537  0:004        OSVersion=10.14.6 
1:541  0:003        Check if volume Is Hibernated:
1:545  0:003        Check sleep image 'by signature':
1:548  0:003        using default sleep image name = \private\var\vm\sleepimage
1:552  0:003        cannot open sleepimage -> Not Found
1:556  0:004        hibernated: no - sign
1:560  0:003        IconName=moja,mac comma=4 size=8
1:564  0:003        first=os_moja
1:568  0:003        Second=os_mac
1:571  0:003        IconName=unknown comma=-1 size=7
1:575  0:003        Full=unknown
1:578  0:003        Loader entry created for 'PciRoot(0x0)\Pci(0x1D,0x0)\Pci(0x0,0x0)\NVMe(0x1,CA-8F-B2-81-58-38-25-00)\HD(2,GPT,9508A8C6-F9B9-4EDD-ABC7-C1C4A019C410,0x64028,0x3A321FE0)\VenMedia(BE74FCF7-0B7C-49F3-9147-01F4042E6842,F2738F7DD5B89341BB89C99D72294438)\A490645D-B724-4FBC-9AC8-F7A23B1C4935\System\Library\CoreServices\boot.efi'
1:584  0:005        Menu entry added at index 1
1:588  0:004      Dead installer entry found (installer dmg boot file not found : '\macOS Install Data\BaseSystem.dmg')
1:592  0:003  - [07]: 'Macintosh HD'
1:599  0:007      ApfsContainerUUID=85F3C012-2D6D-4FA1-A77E-71D7470E7FA2
1:603  0:003      ApfsFileSystemUUID=A490645D-B724-4FBC-9AC8-F7A23B1C4935
1:609  0:006        AddLoaderEntry for Volume Name=Macintosh HD, idx=2
1:613  0:004        OSVersion=10.14.6 
1:617  0:003        Check if volume Is Hibernated:
1:621  0:003        Check sleep image 'by signature':
1:626  0:005        read prefs \Library\Preferences\com.apple.PowerManagement.plist status=Success
1:630  0:003        using default sleep image name = \private\var\vm\sleepimage
1:634  0:004        cannot open sleepimage -> Not Found
1:638  0:003        hibernated: no - sign
1:641  0:003        IconName=moja,mac comma=4 size=8
1:646  0:004        first=os_moja
1:649  0:003        Second=os_mac
1:653  0:003        IconName=unknown comma=-1 size=7
1:657  0:003        Full=unknown
1:660  0:003        Loader entry created for 'PciRoot(0x0)\Pci(0x1D,0x0)\Pci(0x0,0x0)\NVMe(0x1,CA-8F-B2-81-58-38-25-00)\HD(2,GPT,9508A8C6-F9B9-4EDD-ABC7-C1C4A019C410,0x64028,0x3A321FE0)\VenMedia(BE74FCF7-0B7C-49F3-9147-01F4042E6842,5D6490A424B7BC4F9AC8F7A23B1C4935)\System\Library\CoreServices\boot.efi'
1:665  0:004        Menu entry added at index 2
1:669  0:004  - [08]: 'Recovery'
1:677  0:007      ApfsContainerUUID=85F3C012-2D6D-4FA1-A77E-71D7470E7FA2
1:681  0:003      ApfsFileSystemUUID=9170D6B6-29A5-4BBA-A673-6F0E24A99093
1:684  0:003      APFSTargetUUID=A490645D-B724-4FBC-9AC8-F7A23B1C4935
1:688  0:003        AddLoaderEntry for Volume Name=Recovery, idx=3
1:692  0:003        OSVersion=10.14.6 
1:695  0:003        IconName=moja,mac comma=4 size=8
1:699  0:003        first=os_moja
1:703  0:003        Second=os_mac
1:706  0:003        IconName=unknown comma=-1 size=7
1:710  0:004        Full=unknown
1:714  0:003        Loader entry created for 'PciRoot(0x0)\Pci(0x1D,0x0)\Pci(0x0,0x0)\NVMe(0x1,CA-8F-B2-81-58-38-25-00)\HD(2,GPT,9508A8C6-F9B9-4EDD-ABC7-C1C4A019C410,0x64028,0x3A321FE0)\VenMedia(BE74FCF7-0B7C-49F3-9147-01F4042E6842,B6D67091A529BA4BA6736F0E24A99093)\A490645D-B724-4FBC-9AC8-F7A23B1C4935\boot.efi'
1:719  0:004        Menu entry added at index 3
1:723  0:003  - [09]: 'VM'
1:730  0:007      ApfsContainerUUID=85F3C012-2D6D-4FA1-A77E-71D7470E7FA2
1:734  0:004      ApfsFileSystemUUID=278BB755-4557-4928-A2D4-32E0BB550617
1:738  0:003  Entries list before ordering
1:741  0:003      Entry 0 : Boot UEFI internal from EFI (hidden)
1:745  0:003      Entry 1 : Boot Mac OS from Macintosh HD via Preboot
1:749  0:003      Entry 2 : Boot macOS from Macintosh HD
1:752  0:003      Entry 3 : Boot Mac OS Recovery for Macintosh HD via Recovery
1:756  0:003  Hiding entry 1 because of entry 2
1:759  0:003  Entries list after ordering
1:764  0:004    Entry 0 : Boot UEFI internal from EFI (hidden)
1:767  0:003    Entry 1 : Boot Mac OS from Macintosh HD via Preboot (hidden)
1:771  0:003    Entry 2 : Boot macOS from Macintosh HD
1:775  0:003    Entry 3 : Boot Mac OS Recovery for Macintosh HD via Recovery
1:778  0:003  === [ AddCustomTool ] ===========================
1:782  0:003  found tool \EFI\CLOVER\tools\Shell64U.efi
1:786  0:003  Checking EFI partition Volume 1 for Clover
1:791  0:004   Found Clover
1:795  0:003  === [ GetEfiBootDeviceFromNvram ] ===============
1:799  0:004   - [!] efi-boot-device-data not found
1:803  0:003   - found entry 0. 'Boot macOS from Macintosh HD', Volume 'Macintosh HD', DevicePath 'PciRoot(0x0)\Pci(0x1D,0x0)\Pci(0x0,0x0)\NVMe(0x1,CA-8F-B2-81-58-38-25-00)\HD(2,GPT,9508A8C6-F9B9-4EDD-ABC7-C1C4A019C410,0x64028,0x3A321FE0)\VenMedia(BE74FCF7-0B7C-49F3-9147-01F4042E6842,5D6490A424B7BC4F9AC8F7A23B1C4935)\System\Library\CoreServices\boot.efi'
1:806  0:003  BannerPlace at Clear Screen [619,68]
1:826  0:019  GUI ready
2:518  0:691  Boot option 0 has other volume name Macintosh HDboot.efi
2:522  0:003  === [ StartLoader ] =============================
2:525  0:003  Starting PciRoot(0x0)\Pci(0x1D,0x0)\Pci(0x0,0x0)\NVMe(0x1,CA-8F-B2-81-58-38-25-00)\HD(2,GPT,9508A8C6-F9B9-4EDD-ABC7-C1C4A019C410,0x64028,0x3A321FE0)\VenMedia(BE74FCF7-0B7C-49F3-9147-01F4042E6842,5D6490A424B7BC4F9AC8F7A23B1C4935)\System\Library\CoreServices\boot.efi
2:529  0:003  Finally: ExternalClock=26MHz BusSpeed=100099kHz CPUFreq=3604MHz PIS: hw.busfrequency=104000000Hz
2:537  0:008  Beginning OC
2:541  0:003  OCST: Missing vault data, ignoring...
2:545  0:003  AddKextsInArray from Other
2:548  0:003  ->Extra kext: Other\USBMapDummy.kext (v.1.0)
2:552  0:003  ->Extra kext: Other\RadeonMonitor.kext (v.1.3.5)
2:556  0:003  ->Extra kext: Other\FakeSMC.kext (v.3.5.6)
2:559  0:003  ->Extra kext: Other\IntelCPUMonitor.kext (v.1.2.6)
2:566  0:006  AddKextsInArray from Off
2:570  0:003  AddKextsInArray from 10
2:574  0:003  AddKextsInArray from 10_normal
2:578  0:004  AddKextsInArray from 10.14
2:582  0:003  AddKextsInArray from 10.14_normal
2:585  0:003  AddKextsInArray from 10.14.6
2:589  0:003  AddKextsInArray from 10.14.6_normal
2:593  0:003  Bridge kext to OC : Path=Other\FakeSMC.kext
2:598  0:004  Bridge kext to OC : Path=Other\USBMapDummy.kext
2:602  0:004  Bridge kext to OC : Path=Other\RadeonMonitor.kext
2:606  0:004  Bridge kext to OC : Path=Other\IntelCPUMonitor.kext
2:612  0:005  Start 'OpenRuntime.efi' : Status Success
2:616  0:004  OC: config config.plist
2:620  0:003  OC: Got 0 drivers
2:624  0:003  OC: OpenCore DBG-102-2024-09-12 is loading in Optional mode (0/0)...
2:627  0:003  OC: StorageHandle 0 with  LauncherOption pointing to 
2:632  0:004  OcOSInfoInstallProtocol
2:636  0:003  OCRTC: OcAppleRtcRamInstallProtocol
2:639  0:003  OCRTC: Wake log is 0x00 0x00   0 0x00
2:643  0:003  OcAppleFbInfoInstallProtocol
2:647  0:003  OcAppleEg2InfoInstallProtocol
2:651  0:003  OC: Loading Apple Secure Boot with Disabled (level 0)
2:655  0:004  OCABC: ALRBL 0 RTDFRG 1 DEVMMIO 0 NOSU 0 NOVRWR 0 NOSB 0 FBSIG 0 NOHBMAP 0 SMSLIDE 1 WRUNPROT 1
2:659  0:003  OCABC: FEXITBS 0 PRMRG 0 CSLIDE 0 MSLIDE 0 PRSRV 0 RBMAP 0 VMAP 1 APPLOS 0 RTPERMS 1 ARBAR -1 RBIO 0
2:663  0:003  OCABC: Got rendezvous with OpenRuntime r12
2:667  0:003  OCABC: MAT support is 1
2:670  0:003  OC: RequestBootVarRouting 0
2:675  0:004  OCDM: Found 0x20046/0x2003C UEFI version (376 bytes, 0 rebuilding to 376) gST 7AB3C018 gBS 6D89B3A0 gBS->CreateEventEx 6D889904 &gBS 6D5732C0
2:679  0:004  OC: Setting GPU BARs to 0
2:683  0:003  OCDM: RBAR using PciIo
2:686  0:003  OCDM: Setting RBAR to 0 inc 1 on 3/18
2:690  0:003  OCDM: Capability I/O error - Unsupported
2:694  0:003  OCDM: RBAR is unsupported by device - Device Error
2:697  0:003  OCDM: Setting RBAR to 0 inc 1 on 5/18
2:701  0:003  OCDM: Capability I/O error - Unsupported
2:705  0:003  OCDM: RBAR is unsupported by device - Device Error
2:709  0:004  OC: Got 0 drivers
2:713  0:003  OCC: Installing GOP (Unsupported) on ConsoleOutHandle...
2:717  0:004  OC: Requested resolution is 1920x1080@0 (max: 0, force: 0) from 1920x1080
2:721  0:003  OCC: Using builtin text renderer with 1 scale
2:725  0:003  OCC: Install console control (6D55E3D0/6D882D88/0), current - Success
2:729  0:003  OCC: Setup ASCII Output - Success
2:732  0:003  OC: Requested console mode is 0x0 (max: 0) from 
2:736  0:003  OC: Invalid HibernateMode: 
2:739  0:003  OC: Translated HibernateMode  to 0
2:743  0:003  OC: Hibernation activation - Invalid Parameter, hibernation wake - no
2:747  0:004  OC: Panic log does not exist
2:751  0:003  OCABC: IsEfiBootRt 0 (BP 1, Apple 0)
2:756  0:004  OCB: Arch filtering 72E24018(592440)->72E24018(592440) caps 0 - Success
2:760  0:003  ImageHandle = 73072a98
2:768  0:007  GetOSVersion: 10.14.6 (B)
2:775  0:007  Filtering KextPatches:
2:779  0:003   - [00]: External icons patch :: BinPatch :: [OS: 10.14.6 | MatchOS: All | MatchBuild: All] ==> allowed
2:786  0:007   - [01]: USB Port Limit Patch 1 ©PMHeart :: BinPatch :: [OS: 10.14.6 | MatchOS: 10.14.4 | MatchBuild: All]
2:791  0:004   check MatchOS 10.14.4
2:794  0:003   ==> not allowed
2:798  0:003   - [02]: USB Port Limit Patch 2 ©PMHeart :: BinPatch :: [OS: 10.14.6 | MatchOS: 10.14.4 | MatchBuild: All]
2:802  0:003   check MatchOS 10.14.4
2:805  0:003   ==> not allowed
2:809  0:003   - [03]: USB Port Limit Patch 3 ©PMHeart :: BinPatch :: [OS: 10.14.6 | MatchOS: 10.14.4 | MatchBuild: All]
2:813  0:003   check MatchOS 10.14.4
2:817  0:004   ==> not allowed
2:821  0:003   - [04]: USB Port Limit Patch 1 ©PMHeart :: BinPatch :: [OS: 10.14.6 | MatchOS: 10.14.4 | MatchBuild: All]
2:825  0:003   check MatchOS 10.14.4
2:828  0:003   ==> not allowed
2:832  0:003   - [05]: USB Port Limit Patch 2 ©PMHeart :: BinPatch :: [OS: 10.14.6 | MatchOS: 10.14.4 | MatchBuild: All]
2:836  0:003   check MatchOS 10.14.4
2:839  0:003   ==> not allowed
2:843  0:003   - [06]: USB Port Limit Patch 3 ©PMHeart :: BinPatch :: [OS: 10.14.6 | MatchOS: 10.14.4 | MatchBuild: All]
2:847  0:004   check MatchOS 10.14.4
2:851  0:003   ==> not allowed
2:855  0:003   - [07]: USB Port Limit Patch 1 ©PMHeart :: BinPatch :: [OS: 10.14.6 | MatchOS: 10.14.4 | MatchBuild: All]
2:858  0:003   check MatchOS 10.14.4
2:862  0:003   ==> not allowed
2:866  0:003   - [08]: USB Port Limit Patch 2 ©PMHeart :: BinPatch :: [OS: 10.14.6 | MatchOS: 10.14.4 | MatchBuild: All]
2:870  0:003   check MatchOS 10.14.4
2:873  0:003   ==> not allowed
2:877  0:003   - [09]: USB Port Limit Patch 3 ©PMHeart :: BinPatch :: [OS: 10.14.6 | MatchOS: 10.14.4 | MatchBuild: All]
2:881  0:004   check MatchOS 10.14.4
2:885  0:003   ==> not allowed
2:889  0:003   - [10]: USB Port Limit Patch 1 ©PMHeart :: BinPatch :: [OS: 10.14.6 | MatchOS: 10.14.4 | MatchBuild: All]
2:893  0:003   check MatchOS 10.14.4
2:896  0:003   ==> not allowed
2:900  0:003   - [11]: USB Port Limit Patch 2 ©PMHeart :: BinPatch :: [OS: 10.14.6 | MatchOS: 10.14.4 | MatchBuild: All]
2:904  0:003   check MatchOS 10.14.4
2:908  0:004   ==> not allowed
2:912  0:003   - [12]: USB Port Limit Patch 3 ©PMHeart :: BinPatch :: [OS: 10.14.6 | MatchOS: 10.14.4 | MatchBuild: All]
2:916  0:003   check MatchOS 10.14.4
2:919  0:003   ==> not allowed
2:923  0:003   - [13]: USB Port Limit Patch 1 ©PMHeart :: BinPatch :: [OS: 10.14.6 | MatchOS: 10.14.4 | MatchBuild: All]
2:927  0:003   check MatchOS 10.14.4
2:930  0:003   ==> not allowed
2:934  0:003   - [14]: USB Port Limit Patch 2 ©PMHeart :: BinPatch :: [OS: 10.14.6 | MatchOS: 10.14.4 | MatchBuild: All]
2:938  0:004   check MatchOS 10.14.4
2:942  0:003   ==> not allowed
2:946  0:003   - [15]: USB Port Limit Patch 3 ©PMHeart :: BinPatch :: [OS: 10.14.6 | MatchOS: 10.14.4 | MatchBuild: All]
2:949  0:003   check MatchOS 10.14.4
2:953  0:003   ==> not allowed
2:957  0:003   - [16]: USB Port Limit Patch 1 ©PMHeart :: BinPatch :: [OS: 10.14.6 | MatchOS: 10.14.4 | MatchBuild: All]
2:960  0:003   check MatchOS 10.14.4
2:964  0:003   ==> not allowed
2:968  0:003   - [17]: USB Port Limit Patch 2 ©PMHeart :: BinPatch :: [OS: 10.14.6 | MatchOS: 10.14.4 | MatchBuild: All]
2:972  0:004   check MatchOS 10.14.4
2:976  0:003   ==> not allowed
2:979  0:003   - [18]: USB Port Limit Patch 3 ©PMHeart :: BinPatch :: [OS: 10.14.6 | MatchOS: 10.14.4 | MatchBuild: All]
2:983  0:003   check MatchOS 10.14.4
2:987  0:003   ==> not allowed
2:990  0:003   - [19]: USB Port Limit Patch 1 ©PMHeart :: BinPatch :: [OS: 10.14.6 | MatchOS: 10.14.4 | MatchBuild: All]
2:994  0:003   check MatchOS 10.14.4
2:998  0:004   ==> not allowed
3:002  0:003   - [20]: USB Port Limit Patch 2 ©PMHeart :: BinPatch :: [OS: 10.14.6 | MatchOS: 10.14.4 | MatchBuild: All]
3:005  0:003   check MatchOS 10.14.4
3:009  0:003   ==> not allowed
3:013  0:003   - [21]: USB Port Limit Patch 3 ©PMHeart :: BinPatch :: [OS: 10.14.6 | MatchOS: 10.14.4 | MatchBuild: All]
3:016  0:003   check MatchOS 10.14.4
3:020  0:003   ==> not allowed
3:024  0:003   - [22]: USB Port Limit Patch 1 ©PMHeart :: BinPatch :: [OS: 10.14.6 | MatchOS: 10.14.4 | MatchBuild: All]
3:028  0:004   check MatchOS 10.14.4
3:032  0:003   ==> not allowed
3:035  0:003   - [23]: USB Port Limit Patch 2 ©PMHeart :: BinPatch :: [OS: 10.14.6 | MatchOS: 10.14.4 | MatchBuild: All]
3:039  0:003   check MatchOS 10.14.4
3:043  0:003   ==> not allowed
3:047  0:003   - [24]: USB Port Limit Patch 3 ©PMHeart :: BinPatch :: [OS: 10.14.6 | MatchOS: 10.14.4 | MatchBuild: All]
3:050  0:003   check MatchOS 10.14.4
3:054  0:003   ==> not allowed
3:058  0:004   - [25]: USB port limit patch #1 10.14.x modify by DalianSky(credit ydeng) 10.14.x :: BinPatch :: [OS: 10.14.6 | MatchOS: 10.14.x | MatchBuild: All]
3:062  0:003   check MatchOS 10.14.x
3:066  0:003   ==> allowed
3:069  0:003   - [26]: USB port limit patch #2 10.14.x modify by DalianSky(credit PMHeart) 10.14.x :: BinPatch :: [OS: 10.14.6 | MatchOS: 10.14.x | MatchBuild: All]
3:073  0:003   check MatchOS 10.14.x
3:076  0:003   ==> allowed
3:080  0:003   - [27]: USB port limit patch #3 10.14.x modify by DalianSky(credit PMHeart) 10.14.x :: BinPatch :: [OS: 10.14.6 | MatchOS: 10.14.x | MatchBuild: All]
3:085  0:004   check MatchOS 10.14.x
3:089  0:004   ==> allowed
3:093  0:003   - [28]: USB port limit patch #4 10.14.x modify by DalianSky(credit PMHeart) 10.14.x :: BinPatch :: [OS: 10.14.6 | MatchOS: 10.14.x | MatchBuild: All]
3:097  0:003   check MatchOS 10.14.x
3:101  0:003   ==> allowed
3:105  0:003  Will not patch boot.efi
3:108  0:003  Using latest BiosVersion from config instead of default 'IM191.88Z.F000.B00.2302212211'
3:113  0:004  Using latest BiosReleaseDate from config instead of default '02/21/2023'
3:117  0:003  Using latest EfiVersion from config instead of default '1968.100.16.0.1'
3:121  0:003  BiosVersion: IM191.88Z.F000.B00.2308061817
3:125  0:003  BiosReleaseDate: 08/06/2023
3:128  0:003  EfiVersion: 2020.40.3.0.0
3:132  0:003  SMBIOS reloaded with model iMac19,1
3:136  0:003  Set FakeCPUID: 0x0
3:140  0:003  Bridge AppleAHCIPort patch to OC : External icons patch
3:144  0:004  Bridge com.apple.iokit.IOUSBHostFamily patch to OC : USB port limit patch #1 10.14.x modify by DalianSky(credit ydeng) 10.14.x
3:148  0:004  Bridge com.apple.iokit.IOUSBHostFamily patch to OC : USB port limit patch #2 10.14.x modify by DalianSky(credit PMHeart) 10.14.x
3:152  0:003  Bridge com.apple.driver.usb.AppleUSBXHCI patch to OC : USB port limit patch #3 10.14.x modify by DalianSky(credit PMHeart) 10.14.x
3:156  0:003  Bridge com.apple.driver.usb.AppleUSBXHCI patch to OC : USB port limit patch #4 10.14.x modify by DalianSky(credit PMHeart) 10.14.x
3:161  0:004  === [ PatchSmbios ] =============================
3:164  0:003  UpdateSmbiosString : BiosVersion=EfiVersion=2020.40.3.0.0
3:168  0:003  UpdateSmbiosString : ReleaseDate=08/06/2023
3:172  0:004  void PatchTableType1(const SmbiosInjectedSettings&) : UpdateSmbiosString ProductName=iMac19,1
3:176  0:003  void PatchTableType2(const SmbiosInjectedSettings&) : UpdateSmbiosString ProductName=BoardNumber=Mac-AA95B1DDAB278B95
3:184  0:007  void PatchTableType2(const SmbiosInjectedSettings&) : UpdateSmbiosString Version=BoardVersion=iMac19,1
3:188  0:004  insert table 9 for dev 0:0
3:195  0:006  insert table 9 for dev 0:1
3:199  0:003  insert table 9 for dev 1F:6
3:203  0:003  Table 11 present, but rewritten for us
3:207  0:004  Do not inject memory table
3:211  0:003  Trusting SMBIOS...
3:215  0:004  Channels: 1
3:219  0:003  Interleave: 0 1 2 3
3:248  0:029  trusted SMBIOS data, table index 0:
3:252  0:003    gRAM.SMBIOS[0]->ModuleSize = 8192
3:257  0:004    gRAM.SMBIOS[0]->Type = 0
3:261  0:004    gRAM.SMBIOS[0]->Frequency = 3200
3:265  0:003    gRAM.SMBIOS[0]->Vendor = Corsair
3:268  0:003    gRAM.SMBIOS[0]->PartNo = CMK16GX4M2K4266C19
3:272  0:004    gRAM.SMBIOS[0]->SerialNo = 00000000
3:277  0:004  SPD data in use:
3:280  0:003    gRAM.SPD[0]->ModuleSize = 8192
3:284  0:004    gRAM.SPD[0]->Type = 26
3:288  0:003    gRAM.SPD[0]->Frequency = 4264
3:292  0:003    gRAM.SPD[0]->Vendor = Corsair
3:296  0:003    gRAM.SPD[0]->SerialNo = 00000000
3:301  0:004    gRAM.SPD[0]->PartNo = CMK16GX4M2K4266C19
3:305  0:004    SMBIOS Type 17 Index = 0 => SMBIOSIndex=0 SPDIndex=0:
3:309  0:004  BANK 0 DIMM0 4264MHz 8192MB(Ext:0MB)
3:312  0:003  trusted SMBIOS data, table index 1:
3:316  0:003    gRAM.SMBIOS[1]->ModuleSize = 8192
3:321  0:004    gRAM.SMBIOS[1]->Type = 0
3:325  0:003    gRAM.SMBIOS[1]->Frequency = 3200
3:329  0:003    gRAM.SMBIOS[1]->Vendor = Corsair
3:332  0:003    gRAM.SMBIOS[1]->PartNo = CMK16GX4M2K4266C19
3:337  0:004    gRAM.SMBIOS[1]->SerialNo = 00000000
3:341  0:004  SPD data in use:
3:345  0:003    gRAM.SPD[1]->ModuleSize = 8192
3:349  0:003    gRAM.SPD[1]->Type = 26
3:353  0:004    gRAM.SPD[1]->Frequency = 4264
3:357  0:004    gRAM.SPD[1]->Vendor = Corsair
3:361  0:003    gRAM.SPD[1]->SerialNo = 00000000
3:365  0:003    gRAM.SPD[1]->PartNo = CMK16GX4M2K4266C19
3:369  0:003    SMBIOS Type 17 Index = 1 => SMBIOSIndex=1 SPDIndex=1:
3:372  0:003  BANK 0 DIMM1 4264MHz 8192MB(Ext:0MB)
3:377  0:004  !trusted SMBIOS data, Table index 2:!gRAM.SMBIOS.doesSlotForIndexExist(SMBIOSIndex) 
3:389  0:011    SMBIOS Type 17 Index = 2 => SMBIOSIndex=2 SPDIndex=2:
3:393  0:003  BANK 0 DIMM2 EMPTY
3:397  0:003  !trusted SMBIOS data, Table index 3:!gRAM.SMBIOS.doesSlotForIndexExist(SMBIOSIndex) 
3:408  0:011    SMBIOS Type 17 Index = 3 => SMBIOSIndex=3 SPDIndex=3:
3:412  0:003  BANK 0 DIMM3 EMPTY
3:416  0:004  mTotalSystemMemory = 16384
3:420  0:004  NumberOfMemoryDevices = 4
3:424  0:003  Type20[0]->End = 0x7FFFFF, Type17[0] = 2000
3:429  0:004  Type20[1]->End = 0xFFFFFF, Type17[1] = 6000
3:433  0:004  Table 131 is present, CPUType=35
3:437  0:003  Change to: 1005
3:441  0:003  === [ PatchACPI ] ===============================
3:445  0:004  OCABC: AllocPages 1 0x7A345000 (1) - Success
3:449  0:004  Xsdt reallocation done
3:453  0:004  OCABC: AllocPages 1 0x7A344000 (1) - Success
3:457  0:003  old FADT length=114
3:461  0:004   SignatureFixup: 0xFA76D5ED -> 0x0
3:465  0:004  OCABC: AllocPages 1 0x7A2F5000 (79) - Success
3:470  0:004  Apply DsdtFixMask=0x00000004
3:474  0:004  === [ FixBiosDsdt ] =============================
3:480  0:005  PreCleanup XSDT: count=24, length=228
3:484  0:004  PreCleanup XSDT, corrected XSDT: count=24, length=228
3:488  0:003  === [ ACPIDropTables ] ==========================
3:492  0:004  OCABC: AllocPages 1 0x7A2F3000 (2) - Success
3:496  0:003  OCABC: AllocPages 1 0x7A2F3000 (2) - Success
3:500  0:004  OCABC: AllocPages 1 0x7A2F3000 (2) - Success
3:504  0:004  OCABC: AllocPages 1 0x7A2F3000 (2) - Success
3:508  0:004  OCABC: AllocPages 1 0x7A2F3000 (2) - Success
3:512  0:004  OCABC: AllocPages 1 0x7A2F3000 (2) - Success
3:516  0:003  OCABC: AllocPages 1 0x7A2F0000 (3) - Success
3:520  0:003  Found OperationRegion(PNVS, SystemMemory, 7ADF3000, ...)
3:524  0:003  OCABC: AllocPages 1 0x7A2EB000 (5) - Success
3:528  0:003  Found OperationRegion(SANV, SystemMemory, 7A3D2118, ...)
3:532  0:003  OCABC: AllocPages 1 0x7A2E7000 (4) - Success
3:536  0:003  OCABC: AllocPages 1 0x7A2E5000 (2) - Success
3:540  0:004  OCABC: AllocPages 1 0x7A2E5000 (2) - Success
3:545  0:004  OCABC: AllocPages 1 0x7A166000 (4) - Success
3:549  0:004  OCABC: AllocPages 1 0x7A2E3000 (2) - Success
3:553  0:004  OCABC: AllocPages 1 0x7A2E3000 (2) - Success
3:557  0:004  OCABC: AllocPages 1 0x7A162000 (4) - Success
3:561  0:003  OCABC: AllocPages 1 0x7A2E3000 (2) - Success
3:565  0:003  OCABC: AllocPages 1 0x7A160000 (2) - Success
3:569  0:004  OCABC: AllocPages 1 0x7A160000 (2) - Success
3:573  0:004  OCABC: AllocPages 1 0x7A15F000 (3) - Success
3:577  0:004  OCABC: AllocPages 1 0x7A15D000 (2) - Success
3:581  0:004  Found OperationRegion(ADHD, SystemMemory, 78CD0000, ...)
3:585  0:003  Found OperationRegion(ABLK, SystemMemory, 78CD0020, ...)
3:589  0:003  OCABC: AllocPages 1 0x7A14D000 (16) - Success
3:593  0:003  OCABC: AllocPages 1 0x7A15B000 (2) - Success
3:597  0:004  OCABC: AllocPages 1 0x7A15B000 (2) - Success
3:601  0:003  ApicCPUNum=1
3:605  0:003  Cleanup XSDT: count=24, length=228
3:609  0:004  corrected XSDT count=24, length=228
3:614  0:004  === [ RestSetup macOS ] =========================
3:617  0:003  ATI injection not set
3:622  0:004  Intel UHD Graphics 630 [8086:3E98] :: PciRoot(0x0)\Pci(0x2,0x0)
3:625  0:003    Intel: no default properties
3:629  0:003  Intel GFX revision  = 0x0
3:633  0:003   RCBA disabled; cannot use it
3:637  0:004   setting specified layout-id=1 (0x1)
3:641  0:004  stringlength = 458
3:646  0:004  OCABC: AllocPages 1 0x7A15C000 (1) - Success
3:650  0:004  CurrentMode: Width=1366 Height=768
3:654  0:004  SetNvramVariable (system-id, 4D1EDE05-38C7-4A6A-9CC6-4BCCA8B38C14, 0x2, 16): -> writing new (Success)
3:663  0:008  SetNvramVariable (MLB, 4D1EDE05-38C7-4A6A-9CC6-4BCCA8B38C14, 0x6, 17): -> writing new (Success)
3:671  0:008  SetNvramVariable (ROM, 4D1EDE05-38C7-4A6A-9CC6-4BCCA8B38C14, 0x6, 6): -> writing new (Success)
3:680  0:008  SetNvramVariable (FirmwareFeatures, 4D1EDE05-38C7-4A6A-9CC6-4BCCA8B38C14, 0x6, 4): -> writing new (Success)
3:689  0:009  SetNvramVariable (FirmwareFeaturesMask, 4D1EDE05-38C7-4A6A-9CC6-4BCCA8B38C14, 0x6, 4): -> writing new (Success)
3:698  0:008  SetNvramVariable (ExtendedFirmwareFeatures, 4D1EDE05-38C7-4A6A-9CC6-4BCCA8B38C14, 0x6, 8): -> writing new (Success)
3:707  0:008  SetNvramVariable (ExtendedFirmwareFeaturesMask, 4D1EDE05-38C7-4A6A-9CC6-4BCCA8B38C14, 0x6, 8): -> writing new (Success)
3:715  0:008  AddNvramVariable (HW_BID, 4D1EDE05-38C7-4A6A-9CC6-4BCCA8B38C14, 0x6, 20): -> writing new (Success)
3:725  0:009  AddNvramVariable (security-mode, 7C436110-AB2A-4BBB-A880-FE41995C9F82, 0x7, 5): -> already exists, abort
3:733  0:008  set DefaultBackgroundColor=0xfbfbfb
3:737  0:003  SetNvramVariable (DefaultBackgroundColor, 4D1EDE05-38C7-4A6A-9CC6-4BCCA8B38C14, 0x7, 4): -> writing new (Success)
3:748  0:011  SetNvramVariable (ActualDensity, 7C436110-AB2A-4BBB-A880-FE41995C9F82, 0x7, 2): exists(0x7, 2), equal -> not writing again.
3:760  0:011  SetNvramVariable (DensityThreshold, 7C436110-AB2A-4BBB-A880-FE41995C9F82, 0x7, 2): exists(0x7, 2), equal -> not writing again.
3:773  0:012  SetNvramVariable (gfx-saved-config-restore-status, 4D1EDE05-38C7-4A6A-9CC6-4BCCA8B38C14, 0x7, 8): exists(0x7, 8), equal -> not writing again.
3:785  0:012  DeleteNvramVariable (UIScale, 4D1EDE05-38C7-4A6A-9CC6-4BCCA8B38C14):
3:790  0:004  DeleteNvramVariable (EFILoginHiDPI, 7C436110-AB2A-4BBB-A880-FE41995C9F82):
3:794  0:003  SetNvramVariable (flagstate, 7C436110-AB2A-4BBB-A880-FE41995C9F82, 0x7, 32): exists(0x7, 32), equal -> not writing again.
3:807  0:012  SetNvramVariable (csr-active-config, 7C436110-AB2A-4BBB-A880-FE41995C9F82, 0x7, 4): exists(0x7, 4), equal -> not writing again.
3:818  0:011  SetNvramVariable (BridgeOSHardwareModel, 4D1EDE05-38C7-4A6A-9CC6-4BCCA8B38C14, 0x7, 11): exists(0x7, 11), equal -> not writing again.
3:831  0:012  DeleteNvramVariable (bootercfg, 7C436110-AB2A-4BBB-A880-FE41995C9F82):
3:836  0:004  DeleteNvramVariable (nvda_drv, 7C436110-AB2A-4BBB-A880-FE41995C9F82):
3:840  0:004  DeleteNvramVariable (recovery-boot-mode, 7C436110-AB2A-4BBB-A880-FE41995C9F82):
3:845  0:004  AddNvramVariable (wake-failure, 7C436110-AB2A-4BBB-A880-FE41995C9F82, 0x7, 5): -> already exists, abort
3:853  0:008  DeleteNvramVariable (opencore-version, 7C436110-AB2A-4BBB-A880-FE41995C9F82):
3:858  0:004  DeleteNvramVariable (ApBoardID, 94B73556-2197-4702-82A8-3E1337DAFBFB):
3:863  0:004  DeleteNvramVariable (ApSecurityDomain, 94B73556-2197-4702-82A8-3E1337DAFBFB):
3:869  0:005  DeleteNvramVariable (ApProductionStatus, 94B73556-2197-4702-82A8-3E1337DAFBFB):
3:874  0:004  DeleteNvramVariable (ApSecurityMode, 94B73556-2197-4702-82A8-3E1337DAFBFB):
3:878  0:004  DeleteNvramVariable (EffectiveProductionStatus, 94B73556-2197-4702-82A8-3E1337DAFBFB):
3:883  0:004  DeleteNvramVariable (EffectiveSecurityMode, 94B73556-2197-4702-82A8-3E1337DAFBFB):
3:887  0:004  DeleteNvramVariable (CertificateEpoch, 94B73556-2197-4702-82A8-3E1337DAFBFB):
3:892  0:004  DeleteNvramVariable (MixNMatchPreventionStatus, 94B73556-2197-4702-82A8-3E1337DAFBFB):
3:897  0:005  DeleteNvramVariable (CryptoDigestMethod, 94B73556-2197-4702-82A8-3E1337DAFBFB):
3:902  0:004  DeleteNvramVariable (InternalUseOnlyUnit, 94B73556-2197-4702-82A8-3E1337DAFBFB):
3:907  0:004  DeleteNvramVariable (ApECID, 94B73556-2197-4702-82A8-3E1337DAFBFB):
3:911  0:004  DeleteNvramVariable (HardwareModel, 94B73556-2197-4702-82A8-3E1337DAFBFB):
3:915  0:003  Use origin smbios table type 1 guid.
3:938  0:022  DeleteNvramVariable (efi-boot-device, 7C436110-AB2A-4BBB-A880-FE41995C9F82):
3:943  0:005  DeleteNvramVariable (efi-boot-device-data, 7C436110-AB2A-4BBB-A880-FE41995C9F82):
3:948  0:004  DeleteNvramVariable (BootCampHD, 7C436110-AB2A-4BBB-A880-FE41995C9F82):
3:951  0:003  Custom boot screen not used because entry has unset use graphics
3:957  0:005  DeleteNvramVariable (IOHibernateRTCVariables, 7C436110-AB2A-4BBB-A880-FE41995C9F82):
3:962  0:004  DeleteNvramVariable (boot-image, 7C436110-AB2A-4BBB-A880-FE41995C9F82):
3:966  0:004  Kernel quirks
3:970  0:004  ACPCL 1 AXCL 1 AXEM 0 AXFB 0 CSG 0 DIM 0 DLJ 0 DRC 1 DPM 0 EBTFF 0 EDI 0 FAI 0 IPBS 0 LKP 0 PNKD 0 PTKP 0 TPD 0 XPL 0 PCC 0
3:974  0:004  Closing log
3:981  0:006  OCABC: AllocPages 2 0x91000 (14) - Success
3:985  0:003  OCABC: AllocPages 2 0x6F7C8000 (14) - Success
3:992  0:006  OCABC: Found safe mode legacy p1 at off 67E6
3:996  0:004  OCABC: Trying safe mode next legacy match
4:000  0:003  OCABC: Found safe mode legacy p1 at off 6967
4:004  0:003  OCABC: Trying safe mode next legacy match
4:009  0:005  OCABC: Found safe mode legacy p1 at off 2589F
4:013  0:004  OCABC: Trying safe mode next legacy match
4:017  0:003  OCABC: Found safe mode legacy p1 at off 2590C
4:021  0:003  OCABC: Trying safe mode next legacy match
4:028  0:006  OCABC: Failed to find safe mode sequence
4:032  0:004  OCABC: AllocPages 2 0x77848000 (512) - Success
4:036  0:003  OCABC: AllocPages 2 0x77847000 (1) - Success
4:040  0:004  OC: Supported boot capabilities 4
4:044  0:004  OCOS: OS set: <null> Mac OS X 10.12
4:049  0:004  OCOS: OS set: Apple Inc. Mac OS X 10.12
4:053  0:004  OCOS: Should use black background
4:057  0:004  OCABC: AllocPages 1 0x6D371000 (1) - Success
4:065  0:007  OC: Opening file System\Library\Kernels\kernel with 1 mode gave - Success
4:069  0:004  OC: Opening file \System\Library\CoreServices\com.apple.Boot.plist with 1 mode gave - Not Found
4:073  0:003  OC: Opening file Library\Preferences\SystemConfiguration\com.apple.Boot.plist with 1 mode gave - Success
4:079  0:006  OC: Opening file \System\Library\CoreServices\PlatformSupport.plist with 1 mode gave - Success
4:084  0:004  OCABC: AllocPages 2 0x18F00000 (121199) - Success
4:090  0:005  OC: Opening file \System\Library\CoreServices\boot.efi with 1 mode gave - Success
4:100  0:009  OC: Opening file System\Library\PrelinkedKernels\prelinkedkernel.development with 1 mode gave - Not Found
4:105  0:005  OC: Opening file System\Library\PrelinkedKernels\prelinkedkernel with 1 mode gave - Success
4:109  0:003  OC: Load and reserve Kext Other\FakeSMC.kext
4:114  0:005  OC: Load and reserve Kext Other\USBMapDummy.kext
4:118  0:004  OC: Load and reserve Kext Other\RadeonMonitor.kext
4:123  0:004  OC: Load and reserve Kext Other\IntelCPUMonitor.kext
4:127  0:004  OC: Kext reservation size info 506000 exe 3B000
4:131  0:003  OC: Trying 64-bit XNU hook on System\Library\PrelinkedKernels\prelinkedkernel
4:489  0:358  OCAK: Compressed result has 678B4018 magic
4:493  0:004  OCAK: Found 64-bit Mach-O compressed 1 offset 28 size 89632768
4:497  0:004  OC: Result of 64-bit XNU hook on System\Library\PrelinkedKernels\prelinkedkernel (00000000) is Success
4:540  0:042  OCAK: Read kernel version 18.7.0 (180700)
4:545  0:004  OCAK: 64-bit patcher base 0xFFFFFF8000200000 kmod 0x0 file 0x0
4:550  0:004  OCAK: Zeroing _xcpm_core_scope_msrs 0xE2 applicable CPUs (76)
4:554  0:003  OCAK: Zeroing _xcpm_core_scope_msrs 0xE2 applicable CPUs (13200)
4:557  0:003  OCAK: Zeroing _xcpm_core_scope_msrs 0xE2 applicable CPUs (16384)
4:562  0:004  Replace B9E20000000F30 by B9E20000009090 at ofs:2F0
4:631  0:068  Replace B9E20000000F30 by B9E20000009090 at ofs:347
4:703  0:072  OCAK: 64-bit XcpmCfgLockRel replace count - 2
4:707  0:003  OCAK: [OK] Success XcpmCfgLock patch
4:743  0:035  OCAK: Reducing 64-bit prelink size from 557B000 to 52A6000 via plist
4:747  0:004  OCAK: org.netkas.FakeSMC got KXLD 0 0
4:751  0:004  OCAK: Requesting __LINKEDIT for org.netkas.FakeSMC - 6CB5A398 at 52A6000
4:755  0:003  OCAK: Requesting SymbolTable for org.netkas.FakeSMC - 601
4:759  0:004  OCAK: Requesting __LINKEDIT for __kernel__ - 0 at 0
4:763  0:004  OCAK: Requesting SymbolTable for __kernel__ - 24450
4:780  0:016  OCAK: com.apple.iokit.IOACPIFamily got KXLD 0 0
4:784  0:003  OCAK: Requesting __LINKEDIT for com.apple.iokit.IOACPIFamily - 692BC398 at 1A08000
4:788  0:003  OCAK: Requesting SymbolTable for com.apple.iokit.IOACPIFamily - 167
4:794  0:006  OCAK: com.apple.kpi.unsupported got KXLD 0 0
4:798  0:003  OCAK: Requesting __LINKEDIT for com.apple.kpi.unsupported - 68865038 at FB1000
4:803  0:004  OCAK: Requesting SymbolTable for com.apple.kpi.unsupported - 263
4:806  0:003  OCAK: com.apple.kpi.iokit got KXLD 0 0
4:814  0:007  OCAK: Requesting __LINKEDIT for com.apple.kpi.iokit - 68800038 at F4C000
4:818  0:003  OCAK: Requesting SymbolTable for com.apple.kpi.iokit - 2192
4:822  0:004  OCAK: com.apple.kpi.libkern got KXLD 0 0
4:826  0:003  OCAK: Requesting __LINKEDIT for com.apple.kpi.libkern - 687E0038 at F2C000
4:830  0:004  OCAK: Requesting SymbolTable for com.apple.kpi.libkern - 905
4:834  0:004  OCAK: com.apple.kpi.private got KXLD 0 0
4:838  0:004  OCAK: Requesting __LINKEDIT for com.apple.kpi.private - 687F2038 at F3E000
4:842  0:003  OCAK: Requesting SymbolTable for com.apple.kpi.private - 977
4:847  0:004  OCAK: com.apple.kpi.mach got KXLD 0 0
4:851  0:003  OCAK: Requesting __LINKEDIT for com.apple.kpi.mach - 687EE038 at F3A000
4:855  0:003  OCAK: Requesting SymbolTable for com.apple.kpi.mach - 70
4:868  0:012  OC: Prelinked injection Other\FakeSMC.kext () - Success
4:872  0:004  OC: Prelinked injection Other\USBMapDummy.kext () - Success
4:877  0:004  OCAK: org.slice.RadeonMonitor got KXLD 0 0
4:880  0:003  OCAK: Requesting __LINKEDIT for org.slice.RadeonMonitor - 6CB72398 at 52BE000
4:884  0:003  OCAK: Requesting SymbolTable for org.slice.RadeonMonitor - 372
4:888  0:003  OCAK: com.apple.iokit.IOPCIFamily got KXLD 0 0
4:892  0:003  OCAK: Requesting __LINKEDIT for com.apple.iokit.IOPCIFamily - 6886B3E8 at FB7000
4:896  0:003  OCAK: Requesting SymbolTable for com.apple.iokit.IOPCIFamily - 683
4:903  0:006  OCAK: Requesting SymbolTable for org.netkas.FakeSMC - 191
4:913  0:010  OC: Prelinked injection Other\RadeonMonitor.kext () - Success
4:917  0:004  OCAK: org.slice.IntelCPUMonitor got KXLD 0 0
4:921  0:003  OCAK: Requesting __LINKEDIT for org.slice.IntelCPUMonitor - 6CB833E8 at 52CF000
4:925  0:003  OCAK: Requesting SymbolTable for org.slice.IntelCPUMonitor - 363
4:934  0:008  OC: Prelinked injection Other\IntelCPUMonitor.kext () - Success
4:939  0:004  OC: Prelink size 86904832 kext offset 86663168 reserved 241664
4:955  0:016  OCAK: com.apple.driver.AppleIntelCPUPowerManagement got KXLD 0 0
4:959  0:003  OCAK: [OK] Success AppleCpuPmCfgLock patch
4:964  0:004  OCAK: com.apple.driver.AppleRTC got KXLD 0 0
4:968  0:004  Replace BE58000000/FFFEFFFFFF(BE58000000) by BEFFFF0000 at ofs:1BF8
5:069  0:100  Replace BE58000000/FFFEFFFFFF(BE59000000) by BEFFFF0000 at ofs:1C08
5:171  0:101  Replace BE58000000/FFFEFFFFFF(BE58000000) by BEFFFF0000 at ofs:1EB7
5:277  0:106  Replace BE58000000/FFFEFFFFFF(BE59000000) by BEFFFF0000 at ofs:1EC8
5:379  0:102  OCAK: 64-bit DisableRtcChecksum64 replace count - 4
5:383  0:003  OCAK: [OK] Patch success com.apple.driver.AppleRTC DisableRtcChecksum
5:387  0:003  OC: Prelinked patch [0] External icons patch
5:394  0:006  OCAK: Failed to pk find AppleAHCIPort - Not Found
5:398  0:003  OC: Prelinked patcher result 0 for AppleAHCIPort (External icons patch) - Not Found
5:402  0:004  OC: Prelinked patch [1] USB port limit patch #1 10.14.x modify by DalianSky(credit ydeng) 10.14.x
5:407  0:004  OCAK: com.apple.iokit.IOUSBHostFamily got KXLD 0 0
5:411  0:004  Replace 83FB0F0F by 83FB3F0F at ofs:14E0E
5:455  0:043  OCAK: 64-bit USB port limit patch #1 10.14.x modify by DalianSky(credit ydeng) 10.14.x replace count - 1
5:459  0:003  OC: Prelinked patcher result 1 for com.apple.iokit.IOUSBHostFamily (USB port limit patch #1 10.14.x modify by DalianSky(credit ydeng) 10.14.x) - Success
5:463  0:003  OC: Prelinked patch [2] USB port limit patch #2 10.14.x modify by DalianSky(credit PMHeart) 10.14.x
5:467  0:004  Replace 83E30FD3 by 83E33FD3 at ofs:15036
5:512  0:044  OCAK: 64-bit USB port limit patch #2 10.14.x modify by DalianSky(credit PMHeart) 10.14.x replace count - 1
5:516  0:004  OC: Prelinked patcher result 2 for com.apple.iokit.IOUSBHostFamily (USB port limit patch #2 10.14.x modify by DalianSky(credit PMHeart) 10.14.x) - Success
5:519  0:003  OC: Prelinked patch [3] USB port limit patch #3 10.14.x modify by DalianSky(credit PMHeart) 10.14.x
5:524  0:004  OCAK: com.apple.driver.usb.AppleUSBXHCI got KXLD 0 0
5:530  0:005  OCAK: 64-bit USB port limit patch #3 10.14.x modify by DalianSky(credit PMHeart) 10.14.x replace count - 0
5:534  0:003  OC: Prelinked patcher result 3 for com.apple.driver.usb.AppleUSBXHCI (USB port limit patch #3 10.14.x modify by DalianSky(credit PMHeart) 10.14.x) - Not Found
5:538  0:003  OC: Prelinked patch [4] USB port limit patch #4 10.14.x modify by DalianSky(credit PMHeart) 10.14.x
5:543  0:004  Replace 83FF0F0F by 83FF3F0F at ofs:126C0
5:586  0:043  OCAK: 64-bit USB port limit patch #4 10.14.x modify by DalianSky(credit PMHeart) 10.14.x replace count - 1
5:590  0:003  OC: Prelinked patcher result 4 for com.apple.driver.usb.AppleUSBXHCI (USB port limit patch #4 10.14.x modify by DalianSky(credit PMHeart) 10.14.x) - Success
5:696  0:105  OC: Prelinked status - Success
5:740  0:044  FixOwnership() -> begin
5:744  0:003  PCI Io found 18
5:747  0:003  USB XHCI reset for device A36D
5:752  0:004  ExtendCap=00008000
5:755  0:003    Value=02000802
5:759  0:003    Value=03011402
5:763  0:003    Value=005CFFC0
5:766  0:003    Value=00002201
