0:100  0:100  MemLog inited, TSC freq: 3600485360
0:100  0:000  CPU was calibrated with RTC
0:100  0:000  CloverX64 : Image base = 0x6D397000
0:100  0:000  Clover ImageHandle = 76208c98
0:101  0:001  SelfDirPath = \EFI\CLOVER
0:103  0:001  === [ Starting Clover ] =========================
0:103  0:000  Now is 26.11.2024,  15:18:16 (GMT)
0:103  0:000  Starting Clover revision: 5160 (master, commit 7b08a616e) on American Megatrends EFI
0:103  0:000  Build id: 20240909210805-7b08a61-dirty
0:103  0:000  Build with: [Args: -D NO_GRUB_DRIVERS_EMBEDDED -D LESS_DEBUG -t GCC131 | --cmd-len=50000 -D NO_GRUB_DRIVERS_EMBEDDED -D LESS_DEBUG --conf=/Users/sergey/src/CloverBootloader/Conf -D USE_LOW_EBDA -a X64 -b RELEASE -t GCC131 -n 5 | OS: 15]
0:103  0:000  === [ Get Smbios ] ==============================
0:103  0:000  Type 16 Index = 0
0:103  0:000  Total Memory Slots Count = 4
0:103  0:000  Type 17 Index = 0
0:103  0:000  SmbiosTable.Type17->SlotIndex = 0
0:103  0:000  SmbiosTable.Type17->ModuleSize = 8192MB
0:103  0:000  SmbiosTable.Type17->Type = 0
0:103  0:000  SmbiosTable.Type17->Frequency = 3200MHz
0:103  0:000  SmbiosTable.Type17->Bank/Device = BANK 0 ChannelA-DIMM1
0:103  0:000  SmbiosTable.Type17->Vendor = Corsair
0:103  0:000  SmbiosTable.Type17->SerialNo = 00000000
0:103  0:000  SmbiosTable.Type17->PartNo = CMK16GX4M2K4266C19
0:103  0:000  Type 17 Index = 1
0:103  0:000  SmbiosTable.Type17->SlotIndex = 1
0:103  0:000  SmbiosTable.Type17->ModuleSize = 8192MB
0:103  0:000  SmbiosTable.Type17->Type = 0
0:103  0:000  SmbiosTable.Type17->Frequency = 3200MHz
0:103  0:000  SmbiosTable.Type17->Bank/Device = BANK 1 ChannelA-DIMM2
0:103  0:000  SmbiosTable.Type17->Vendor = Corsair
0:103  0:000  SmbiosTable.Type17->SerialNo = 00000000
0:103  0:000  SmbiosTable.Type17->PartNo = CMK16GX4M2K4266C19
0:103  0:000  Type 17 Index = 2
0:103  0:000  Ignoring insane frequency value 0MHz
0:103  0:000  Type 17 Index = 3
0:103  0:000  Ignoring insane frequency value 0MHz
0:103  0:000  Boot status=0
0:103  0:000  Running on: 'System Product Name' with board 'PRIME Z390-A'
0:103  0:000  === [ GetCPUProperties ] ========================
0:103  0:000  CPU Vendor = 756E6547 Model=906EC
0:103  0:000   The CPU supported SSE4.1
0:103  0:000   The CPU supported RDRAND
0:103  0:000  BrandString = Intel(R) Core(TM) i7-9700K CPU @ 3.60GHz
0:103  0:000   The CPU supported turbo
0:103  0:000   Energy PerfBias is  visible:
0:103  0:000  MSR 0x35               80008
0:103  0:000   TSC/CCC Information Leaf:
0:103  0:000    numerator     : 300
0:103  0:000    denominator   : 2
0:103  0:000   Calibrated ARTFrequency: 24003235
0:103  0:000   Rounded ARTFrequency: 24000000
0:103  0:000  MSR 0xE2 before patch 1E000000
0:103  0:000  MSR 0xCE              08080838_F1012400
0:103  0:000  corrected FLEX_RATIO = E0000
0:103  0:000  MSR 0x1B0             00000000
0:103  0:000  FSBFrequency = 109 MHz, DMI FSBFrequency = 100 MHz, Corrected FSBFrequency = 100 MHz
0:103  0:000  MaxDiv/MinDiv: 36.0/8
0:103  0:000  Turbo: 47/49/49/49
0:103  0:000  Features: 0x77FAFBFFBFEBFBFF
0:103  0:000  Threads: 8
0:103  0:000  Cores: 8
0:103  0:000  FSB: 100 MHz
0:103  0:000  CPU: 3900 MHz
0:103  0:000  TSC: 3900 MHz
0:103  0:000  PIS: 100 MHz
0:103  0:000  ExternalClock: 25 MHz
0:103  0:000  === [ GetDevices ] ==============================
0:103  0:000  GOP found at: PciRoot(0x0)/Pci(0x1,0x0)/Pci(0x0,0x0)/AcpiAdr(0x80010302)
0:103  0:000  PCI (00|00:00.00) : 8086 3E30 class=060000
0:103  0:000  PCI (00|00:01.00) : 8086 1901 class=060400
0:103  0:000  PCI (00|01:00.00) : 1002 67DF class=030000
0:103  0:000   - GFX: Model=AMD Radeon RX 480/570/580 (ATI/AMD)
0:104  0:000   - GOP: Provided by device
0:104  0:000  PCI (00|01:00.01) : 1002 AAF0 class=040300
0:104  0:000   - HDMI Audio: 
0:104  0:000  PCI (00|00:02.00) : 8086 3E98 class=038000
0:104  0:000   - GFX: Model=Intel UHD Graphics 630 (Intel)
0:104  0:000  PCI (00|00:14.00) : 8086 A36D class=0C0330
0:104  0:000  PCI (00|00:14.02) : 8086 A36F class=050000
0:104  0:000  PCI (00|00:16.00) : 8086 A360 class=078000
0:104  0:000  PCI (00|00:17.00) : 8086 A352 class=010601
0:104  0:000  PCI (00|00:1B.00) : 8086 A340 class=060400
0:104  0:000  PCI (00|00:1C.00) : 8086 A338 class=060400
0:104  0:000  PCI (00|00:1D.00) : 8086 A330 class=060400
0:104  0:000  PCI (00|04:00.00) : 144D A808 class=010802
0:104  0:000  PCI (00|00:1F.00) : 8086 A305 class=060100
0:104  0:000  PCI (00|00:1F.03) : 8086 A348 class=040300
0:104  0:000  PCI (00|00:1F.04) : 8086 A323 class=0C0500
0:104  0:000  PCI (00|00:1F.05) : 8086 A324 class=0C8000
0:104  0:000  PCI (00|00:1F.06) : 8086 15BC class=020000
0:104  0:000   - LAN: 1 Vendor=Intel
0:104  0:000  Legacy MAC address of LAN #0= 40:B0:76:DE:9E:93:
0:104  0:000  _checkOEMPath Look for oem dir at path '\EFI\CLOVER\OEM\System Product Name--40-B0-76-DE-9E-93'. Dir doesn't exist.
0:104  0:000  _checkOEMPath Look for oem dir at path '\EFI\CLOVER\OEM\PRIME Z390-A\UEFI'. Dir doesn't exist.
0:104  0:000  _checkOEMPath Look for oem dir at path '\EFI\CLOVER\OEM\System Product Name'. Dir doesn't exist.
0:104  0:000  _checkOEMPath Look for oem dir at path '\EFI\CLOVER\OEM\System Product Name-3900'. Dir doesn't exist.
0:104  0:000  _checkOEMPath Look for oem dir at path '\EFI\CLOVER\OEM\PRIME Z390-A'. Dir doesn't exist.
0:104  0:000  _checkOEMPath Look for oem dir at path '\EFI\CLOVER\OEM\PRIME Z390-A-3900'. Dir doesn't exist.
0:105  0:000  === [ GetUserSettings ] =========================
0:105  0:000  GetDefaultModel()=iMac18,3
0:105  0:000  === [ LoadUserSettings ] ========================
0:105  0:000  Using config.plist at path: \EFI\CLOVER
0:105  0:000  There is a problem in plist '\EFI\CLOVER\config.plist'
0:105  0:000  Warning: EfiVersion '1037.100.345.0.0' is older than default ('1968.100.16.0.1') -> ignored. Dict '/SMBIOS:296'.
0:105  0:000  Use CloverConfigPlistValidator or look in the log
3:105  2:999  === [ LoadUserSettings ] ========================
3:105  0:000  Cannot find smbios.plist at path '\EFI\CLOVER' : Not Found
3:105  0:000  '\EFI\CLOVER\smbios.plist' not loaded. Efi error Not Found
3:105  0:000  create SMBIOS list, found 27 dicts
3:105  0:000  ... ACPI
3:105  0:000  ... Boot
3:105  0:000  ... BootGraphics
3:105  0:000  ... Devices
3:105  0:000  ... DisableDrivers
3:105  0:000  ... GUI
3:105  0:000  ... Graphics
3:105  0:000  ... KernelAndKextPatches
3:105  0:000  ... SMBIOS
3:105  0:000  ... SystemParameters
3:105  0:000  ... RtVariables
3:105  0:000  ... Quirks
3:106  0:000  get model from config.plist
3:106  0:000  Using latest BiosVersion from config instead of default 'IM191.88Z.F000.B00.2302212211'
3:118  0:012  Using latest BiosReleaseDate from config instead of default '02/21/2023'
3:122  0:004  BiosVersion: IM191.88Z.F000.B00.2308061817
3:126  0:004  BiosReleaseDate: 08/06/2023
3:130  0:004  EfiVersion: 1968.100.16.0.1
3:135  0:004  Calibrated TSC Frequency = 3600485360 = 3600MHz
3:139  0:004  === [ GetListOfThemes ] =========================
3:143  0:004  - [00]: random
3:152  0:008  - [00]: embedded
3:161  0:008  === [ Found config plists ] =====================
3:165  0:004  - config.plist
3:169  0:004  === [ LoadDrivers ] =============================
3:174  0:005  Loading NvmExpressDxe.efi status=Success
3:190  0:015   - driver needs connecting
3:194  0:004  Loading EnglishDxe.efi status=Success
3:209  0:015  Loading AppleKeyFeeder.efi status=Success
3:225  0:015  Loading VBoxHfs.efi status=Success
3:240  0:015   - driver needs connecting
3:244  0:004  Loading HashServiceFix.efi status=Success
3:260  0:015  Loading PartitionDxe.efi status=Success
3:275  0:015   - driver needs connecting
3:280  0:004  Loading ApfsDriverLoader.efi status=Success
3:295  0:015   - driver needs connecting
3:299  0:004  4 drivers needs connecting ...
3:300  0:000  PlatformDriverOverrideProtocol not found. Installing ... Success
3:300  0:000  Partition driver loaded: 
3:300  0:000  HFS+ driver loaded
3:301  0:000  APFS driver loaded
3:301  0:000  Searching for invalid DiskIo BY_DRIVER connects: not found, all ok
3:518  0:216  === [ InitScreen ] ==============================
3:522  0:004  Console modes reported: 4, available modes:
3:526  0:004   - [01]: 80x25 (current mode)
3:530  0:004   - [03]: 100x31
3:535  0:004   - [04]: 170x40
3:539  0:004  SetScreenResolution: 1920x1080 - not found!
3:547  0:008  SetMaxResolution: found best mode 0: 1366x768
3:556  0:008   - already set
3:561  0:005  Using embedded font
3:566  0:005  === [ ScanSPD ] =================================
3:571  0:004  SMBus device : 8086 A323 class=0C0500 status=Success
3:575  0:004  SMBus CmdReg: 0x3
3:579  0:004  Scanning SMBus [8086:A323], mmio: 0x12116004, ioport: 0xEFA0, hostc: 0x11
3:584  0:004  Slots to scan [8]...
3:588  0:004  SPD[0]: Got invalid type 0 @0x50. Will set page and retry.
3:593  0:004  SPD[0]: Type 12 @0x50
3:615  0:021  XMP Profile1: 4*125 -31 ns
3:619  0:004  Found module with XMP version 2.0
3:624  0:004  Using XMP Profile1 instead of standard frequency 2132MHz
3:628  0:004  DDR speed 4264MHz
3:632  0:004  Slot: 0 Type 26 8192MB 4264MHz Vendor=Corsair PartNo=CMK16GX4M2K4266C19 SerialNo=00000000
3:637  0:004  SPD[1]: Type 12 @0x51
3:659  0:022  XMP Profile1: 4*125 -31 ns
3:663  0:004  Found module with XMP version 2.0
3:667  0:004  Using XMP Profile1 instead of standard frequency 2132MHz
3:671  0:004  DDR speed 4264MHz
3:676  0:004  Slot: 1 Type 26 8192MB 4264MHz Vendor=Corsair PartNo=CMK16GX4M2K4266C19 SerialNo=00000000
3:681  0:005  === [ GetAcpiTablesList ] =======================
3:685  0:004  Get Acpi Tables List from RSDT: count=25
3:694  0:008   - [00]: FACP  A M I  len=132
3:698  0:004   - [01]: APIC  A M I  len=188
3:702  0:004   - [02]: FPDT  A M I  len=68
3:707  0:004   - [03]: FIDT  A M I len=156
3:711  0:004   - [04]: MCFG  A M I  len=60
3:715  0:004   - [05]: WSMT  A M I  len=40
3:719  0:004   - [06]: SSDT  SataTabl len=888
3:723  0:004   - [07]: SSDT  CpuSsdt len=6101
3:728  0:004   - [08]: SSDT  SaSsdt  len=12443
3:732  0:004   - [09]: SSDT  PegSsdt len=9048
3:736  0:004   - [10]: HPET  A M I  len=56
3:740  0:004   - [11]: SSDT  Ther_Rvp len=3998
3:745  0:004   - [12]: SSDT  xh_cfsd4 len=10579
3:749  0:004   - [13]: UEFI  A M I  len=72
3:753  0:004   - [14]: LPIT  A M I  len=92
3:757  0:004   - [15]: SSDT  PtidDevc len=10206
3:762  0:004   - [16]: SSDT  TbtTypeC len=4094
3:766  0:004   - [17]: DBGP  A M I  len=52
3:770  0:004   - [18]: DBG2  A M I  len=84
3:774  0:004   - [19]: SSDT  UsbCTabl len=6449
3:779  0:004   - [20]: SSDT  ADebTabl len=324
3:784  0:004   - [21]: VFCT  A M I  len=59524
3:788  0:004   - [22]: BGRT  A M I  len=56
3:792  0:004   - [23]: WPBT  A M I len=60
3:796  0:004   - [24]: TPM2  A M I  len=52
3:801  0:004   - [00]: Drop table : MATS,                0 :  no
3:810  0:008   - [01]: Drop table : DMAR,                0 :  no
3:818  0:008  Custom boot CUSTOM_BOOT_DISABLED (0x0)
3:822  0:004  Default theme: embedded
3:827  0:004  Set FakeCPUID: 0x0
3:831  0:004  === [ Found DSDT tables ] =======================
3:836  0:005  === [ InitKextList ] ============================
3:842  0:005  Added Kext=Other\USBMap.kext (1.0)
3:847  0:005  Added Kext=Other\WhateverGreen.kext (1.6.1)
3:862  0:015  Added Kext=Other\AppleALC.kext (1.9.2)
3:867  0:005  Added Kext=Other\NVMeFix.kext (1.1.0)
3:873  0:005  Added Kext=Other\IntelMausi.kext (1.0.7)
3:878  0:004  Added Kext=Other\Lilu.kext (1.6.9)
3:883  0:005  Added Kext=Other\SMCProcessor.kext (1.3.0)
3:888  0:005  Added Kext=Other\SMCSuperIO.kext (1.3.0)
3:895  0:006  Added Kext=Other\VirtualSMC.kext (1.3.0)
3:902  0:007  === [ ScanVolumes ] =============================
3:908  0:006  Found 12 volumes with blockIO
3:912  0:004  - [00]: Volume: PciRoot(0x0)\Pci(0x17,0x0)\Sata(0x0,0xFFFF,0x0)
3:925  0:012  - [01]: Volume: PciRoot(0x0)\Pci(0x17,0x0)\Sata(0x0,0xFFFF,0x0)\HD(1,GPT,38DCC513-D608-408E-9D2F-1469C8B906A0,0x28,0x64000)
3:934  0:009          Result of bootcode detection: bootable unknown (legacy)
3:939  0:005            label : EFI
3:943  0:004  - [02]: Volume: PciRoot(0x0)\Pci(0x17,0x0)\Sata(0x0,0xFFFF,0x0)\HD(2,GPT,C20AA839-E88E-4CED-8CAB-9480B290394C,0x64028,0x15D466360)
3:970  0:026            label : Dati
3:974  0:004  - [03]: Volume: PciRoot(0x0)\Pci(0x1D,0x0)\Pci(0x0,0x0)\NVMe(0x1,CA-8F-B2-81-58-38-25-00)
3:983  0:008  - [04]: Volume: PciRoot(0x0)\Pci(0x1D,0x0)\Pci(0x0,0x0)\NVMe(0x1,CA-8F-B2-81-58-38-25-00)\HD(1,GPT,6E40A227-DDED-4325-B7CE-3959620EB39E,0x28,0x64000)
3:991  0:008          Result of bootcode detection: bootable unknown (legacy)
3:997  0:005            label : EFI
4:001  0:004          This is SelfVolume !!
4:005  0:004  - [05]: Volume: PciRoot(0x0)\Pci(0x1D,0x0)\Pci(0x0,0x0)\NVMe(0x1,CA-8F-B2-81-58-38-25-00)\HD(2,GPT,9508A8C6-F9B9-4EDD-ABC7-C1C4A019C410,0x64028,0x3A321FE0)
4:014  0:008          Result of bootcode detection: bootable unknown (legacy)
4:018  0:004  - [06]: Volume: PciRoot(0x0)\Pci(0x1D,0x0)\Pci(0x0,0x0)\NVMe(0x1,CA-8F-B2-81-58-38-25-00)\HD(2,GPT,9508A8C6-F9B9-4EDD-ABC7-C1C4A019C410,0x64028,0x3A321FE0)\VenMedia(BE74FCF7-0B7C-49F3-9147-01F4042E6842,F2738F7DD5B89341BB89C99D72294438)
4:027  0:008            apfsFileSystemUUID=7D8F73F2-B8D5-4193-BB89-C99D72294438, ApfsContainerUUID=85F3C012-2D6D-4FA1-A77E-71D7470E7FA2, ApfsRole=0x10
4:031  0:004            label : Preboot
4:036  0:004  - [07]: Volume: PciRoot(0x0)\Pci(0x1D,0x0)\Pci(0x0,0x0)\NVMe(0x1,CA-8F-B2-81-58-38-25-00)\HD(2,GPT,9508A8C6-F9B9-4EDD-ABC7-C1C4A019C410,0x64028,0x3A321FE0)\VenMedia(BE74FCF7-0B7C-49F3-9147-01F4042E6842,5D6490A424B7BC4F9AC8F7A23B1C4935)
4:047  0:011            apfsFileSystemUUID=A490645D-B724-4FBC-9AC8-F7A23B1C4935, ApfsContainerUUID=85F3C012-2D6D-4FA1-A77E-71D7470E7FA2, ApfsRole=0x40
4:064  0:017            label : Macintosh HD - Dati
4:069  0:004  - [08]: Volume: PciRoot(0x0)\Pci(0x1D,0x0)\Pci(0x0,0x0)\NVMe(0x1,CA-8F-B2-81-58-38-25-00)\HD(2,GPT,9508A8C6-F9B9-4EDD-ABC7-C1C4A019C410,0x64028,0x3A321FE0)\VenMedia(BE74FCF7-0B7C-49F3-9147-01F4042E6842,B6D67091A529BA4BA6736F0E24A99093)
4:077  0:008            apfsFileSystemUUID=9170D6B6-29A5-4BBA-A673-6F0E24A99093, ApfsContainerUUID=85F3C012-2D6D-4FA1-A77E-71D7470E7FA2, ApfsRole=0x4
4:082  0:004            label : Recovery
4:086  0:004  - [09]: Volume: PciRoot(0x0)\Pci(0x1D,0x0)\Pci(0x0,0x0)\NVMe(0x1,CA-8F-B2-81-58-38-25-00)\HD(2,GPT,9508A8C6-F9B9-4EDD-ABC7-C1C4A019C410,0x64028,0x3A321FE0)\VenMedia(BE74FCF7-0B7C-49F3-9147-01F4042E6842,C30BF988C32C724BB297A45648EE79C3)
4:094  0:008            apfsFileSystemUUID=88F90BC3-2CC3-4B72-B297-A45648EE79C3, ApfsContainerUUID=85F3C012-2D6D-4FA1-A77E-71D7470E7FA2, ApfsRole=0x1
4:101  0:006            label : Macintosh HD
4:105  0:004  - [10]: Volume: PciRoot(0x0)\Pci(0x1D,0x0)\Pci(0x0,0x0)\NVMe(0x1,CA-8F-B2-81-58-38-25-00)\HD(2,GPT,9508A8C6-F9B9-4EDD-ABC7-C1C4A019C410,0x64028,0x3A321FE0)\VenMedia(BE74FCF7-0B7C-49F3-9147-01F4042E6842,982FC8B0B1F22A41B736D33F4320CF33)
4:113  0:008            apfsFileSystemUUID=B0C82F98-F2B1-412A-B736-D33F4320CF33, ApfsContainerUUID=85F3C012-2D6D-4FA1-A77E-71D7470E7FA2, ApfsRole=0xc0
4:118  0:004            label : Update
4:123  0:004  - [11]: Volume: PciRoot(0x0)\Pci(0x1D,0x0)\Pci(0x0,0x0)\NVMe(0x1,CA-8F-B2-81-58-38-25-00)\HD(2,GPT,9508A8C6-F9B9-4EDD-ABC7-C1C4A019C410,0x64028,0x3A321FE0)\VenMedia(BE74FCF7-0B7C-49F3-9147-01F4042E6842,D0BFA628AA2C7548AE15EA6E25144D32)
4:131  0:008            apfsFileSystemUUID=28A6BFD0-2CAA-4875-AE15-EA6E25144D32, ApfsContainerUUID=85F3C012-2D6D-4FA1-A77E-71D7470E7FA2, ApfsRole=0x8
4:136  0:004            label : VM
4:140  0:004  No AudioIoProtocols, status=Not Found
4:145  0:004  === [ InitXTheme ] ==============================
4:149  0:004  use Daylight theme
4:153  0:004   using embedded theme
4:166  0:013  Using embedded font
4:171  0:004  theme inited
4:175  0:004  Chosen embedded theme
4:179  0:004  found boot-args in NVRAM:keepsyms=1 alcid=11 shikigva=80, size=32
4:184  0:004  ...found arg:keepsyms=1
4:188  0:004  ...adding arg:keepsyms=1
4:192  0:004  ...found arg:alcid=11
4:197  0:004  ...adding arg:alcid=11
4:201  0:004  ...found arg:shikigva=80
4:205  0:004  ...adding arg:shikigva=80
4:210  0:004  after NVRAM boot-args=-v agdpmod=pikera keepsyms=1 alcid=11 shikigva=80 
4:214  0:004  Scanning legacy ...
4:218  0:004  === [ Dump SMC keys from NVRAM ] ================
4:222  0:004  found AppleSMC protocol
4:234  0:012     fakesmc-key-RVBF-ch8*:02 46 0F 00 00 12 
4:271  0:036     fakesmc-key-#KEY-ui32:00 00 00 11 
4:298  0:027     fakesmc-key-$Adr-ui32:00 00 03 00 
4:326  0:027     fakesmc-key-$Num-ui8:01 
4:340  0:014     fakesmc-key-RMde-char:41 
4:360  0:019     fakesmc-key-RBr -ch8*:6A 31 33 38 5F 39 00 00 
4:404  0:043     fakesmc-key-EPCI-ui32:09 D0 F0 00 
4:431  0:027     fakesmc-key-REV -ch8*:02 46 0F 00 00 12 
4:467  0:035     fakesmc-key-RPlt-ch8*:6A 31 33 38 00 00 00 00 
4:516  0:049     fakesmc-key-BEMB-flag:00 
4:533  0:016     fakesmc-key-BATP-flag:00 
4:550  0:016     fakesmc-key-BNum-ui8:00 
4:564  0:013     fakesmc-key-MSTc-ui8:00 
4:578  0:014     fakesmc-key-MSAc-ui16:00 00 
4:596  0:018     fakesmc-key-MSWr-ui8:00 
4:610  0:013     fakesmc-key-MSFW-ui8:01 00 
4:628  0:018     fakesmc-key-MSPS-ui16:00 03 
4:653  0:024  Registered 17 SMC keys
4:661  0:008  === [ ScanLoader ] ==============================
4:666  0:004  - [01]: 'EFI'
4:691  0:025  - [02]: 'Dati'
4:736  0:044  - [04]: 'EFI'
4:748  0:011        AddLoaderEntry for Volume Name=EFI, idx=0
4:752  0:004        OSVersion= 
4:756  0:004        IconName=unknown comma=-1 size=7
4:760  0:004        Full=unknown
4:765  0:004        Loader entry created for 'PciRoot(0x0)\Pci(0x1D,0x0)\Pci(0x0,0x0)\NVMe(0x1,CA-8F-B2-81-58-38-25-00)\HD(1,GPT,6E40A227-DDED-4325-B7CE-3959620EB39E,0x28,0x64000)\EFI\BOOT\BOOTX64.efi'
4:769  0:004       hiding entry: \EFI\BOOT\BOOTX64.efi
4:773  0:004        Menu entry added at index 0
4:779  0:005       hiding entry because DiskKind is DISK_KIND_INTERNAL: \EFI\BOOT\BOOTX64.efi
4:783  0:004  - [06]: 'Preboot'
4:792  0:008      ApfsContainerUUID=85F3C012-2D6D-4FA1-A77E-71D7470E7FA2
4:796  0:004      ApfsFileSystemUUID=7D8F73F2-B8D5-4193-BB89-C99D72294438
4:801  0:004      APFSTargetUUID=A490645D-B724-4FBC-9AC8-F7A23B1C4935
4:805  0:004        contentDetails name:Macintosh HD
4:810  0:004        AddLoaderEntry for Volume Name=Preboot, idx=1
4:814  0:004        OSVersion=14.4 
4:818  0:004        Check if volume Is Hibernated:
4:822  0:004        Check sleep image 'by signature':
4:827  0:004        using default sleep image name = \private\var\vm\sleepimage
4:831  0:004        cannot open sleepimage -> Not Found
4:835  0:004        hibernated: no - sign
4:839  0:004        IconName=sonoma,mac comma=6 size=10
4:844  0:004        first=os_sonoma
4:848  0:004        Second=os_mac
4:852  0:004        IconName=unknown comma=-1 size=7
4:856  0:004        Full=unknown
4:860  0:004        Loader entry created for 'PciRoot(0x0)\Pci(0x1D,0x0)\Pci(0x0,0x0)\NVMe(0x1,CA-8F-B2-81-58-38-25-00)\HD(2,GPT,9508A8C6-F9B9-4EDD-ABC7-C1C4A019C410,0x64028,0x3A321FE0)\VenMedia(BE74FCF7-0B7C-49F3-9147-01F4042E6842,F2738F7DD5B89341BB89C99D72294438)\A490645D-B724-4FBC-9AC8-F7A23B1C4935\System\Library\CoreServices\boot.efi'
4:866  0:005        Menu entry added at index 1
4:870  0:004  - [07]: 'Macintosh HD - Dati'
4:878  0:008      ApfsContainerUUID=85F3C012-2D6D-4FA1-A77E-71D7470E7FA2
4:883  0:004      ApfsFileSystemUUID=A490645D-B724-4FBC-9AC8-F7A23B1C4935
4:887  0:004  - [08]: 'Recovery'
4:895  0:008      ApfsContainerUUID=85F3C012-2D6D-4FA1-A77E-71D7470E7FA2
4:900  0:004      ApfsFileSystemUUID=9170D6B6-29A5-4BBA-A673-6F0E24A99093
4:904  0:004      APFSTargetUUID=A490645D-B724-4FBC-9AC8-F7A23B1C4935
4:908  0:004        contentDetails name:Macintosh HD
4:913  0:004        AddLoaderEntry for Volume Name=Recovery, idx=2
4:918  0:004        OSVersion=14.4 
4:922  0:004        IconName=sonoma,mac comma=6 size=10
4:929  0:007        first=os_sonoma
4:934  0:004        Second=os_mac
4:938  0:004        IconName=unknown comma=-1 size=7
4:942  0:004        Full=unknown
4:946  0:004        Loader entry created for 'PciRoot(0x0)\Pci(0x1D,0x0)\Pci(0x0,0x0)\NVMe(0x1,CA-8F-B2-81-58-38-25-00)\HD(2,GPT,9508A8C6-F9B9-4EDD-ABC7-C1C4A019C410,0x64028,0x3A321FE0)\VenMedia(BE74FCF7-0B7C-49F3-9147-01F4042E6842,B6D67091A529BA4BA6736F0E24A99093)\A490645D-B724-4FBC-9AC8-F7A23B1C4935\BaseSystem.dmg'
4:952  0:005        Menu entry added at index 2
4:956  0:004  - [09]: 'Macintosh HD'
4:964  0:008      ApfsContainerUUID=85F3C012-2D6D-4FA1-A77E-71D7470E7FA2
4:968  0:004      ApfsFileSystemUUID=88F90BC3-2CC3-4B72-B297-A45648EE79C3
4:978  0:009  - [10]: 'Update'
4:987  0:008      ApfsContainerUUID=85F3C012-2D6D-4FA1-A77E-71D7470E7FA2
4:991  0:004      ApfsFileSystemUUID=B0C82F98-F2B1-412A-B736-D33F4320CF33
4:995  0:004  - [11]: 'VM'
5:004  0:008      ApfsContainerUUID=85F3C012-2D6D-4FA1-A77E-71D7470E7FA2
5:008  0:004      ApfsFileSystemUUID=28A6BFD0-2CAA-4875-AE15-EA6E25144D32
5:012  0:004  Entries list before ordering
5:017  0:004      Entry 0 : Boot UEFI internal from EFI (hidden)
5:021  0:004      Entry 1 : Boot Mac OS from Macintosh HD via Preboot
5:025  0:004      Entry 2 : Boot Mac OS Recovery for Macintosh HD via Recovery
5:029  0:004  Entries list after ordering
5:033  0:004    Entry 0 : Boot UEFI internal from EFI (hidden)
5:037  0:004    Entry 1 : Boot Mac OS from Macintosh HD via Preboot
5:042  0:004    Entry 2 : Boot Mac OS Recovery for Macintosh HD via Recovery
5:046  0:004  === [ AddCustomTool ] ===========================
5:051  0:004  found tool \EFI\CLOVER\tools\Shell64U.efi
5:055  0:004  Checking EFI partition Volume 1 for Clover
5:060  0:005   Found Clover
5:065  0:004  === [ GetEfiBootDeviceFromNvram ] ===============
5:069  0:004   - [!] efi-boot-device-data not found
5:074  0:004  Default boot entry not found
5:078  0:004  BannerPlace at Clear Screen [619,68]
5:097  0:018  GUI ready
12:978  7:881  Boot option 0 has other volume name Macintosh HDboot.efi
12:982  0:004  === [ StartLoader ] =============================
12:986  0:004  Starting PciRoot(0x0)\Pci(0x1D,0x0)\Pci(0x0,0x0)\NVMe(0x1,CA-8F-B2-81-58-38-25-00)\HD(2,GPT,9508A8C6-F9B9-4EDD-ABC7-C1C4A019C410,0x64028,0x3A321FE0)\VenMedia(BE74FCF7-0B7C-49F3-9147-01F4042E6842,F2738F7DD5B89341BB89C99D72294438)\A490645D-B724-4FBC-9AC8-F7A23B1C4935\System\Library\CoreServices\boot.efi
12:991  0:004  Finally: ExternalClock=26MHz BusSpeed=100014kHz CPUFreq=3600MHz PIS: hw.busfrequency=104000000Hz
13:000  0:008  Beginning OC
13:004  0:004  OCST: Missing vault data, ignoring...
13:008  0:004  AddKextsInArray from Other
13:013  0:004  ->Extra kext: Other\USBMap.kext (v.1.0)
13:017  0:004  ->Extra kext: Other\WhateverGreen.kext (v.1.6.1)
13:022  0:004  ->Extra kext: Other\AppleALC.kext (v.1.9.2)
13:026  0:004  ->Extra kext: Other\NVMeFix.kext (v.1.1.0)
13:031  0:004  ->Extra kext: Other\IntelMausi.kext (v.1.0.7)
13:035  0:004  ->Extra kext: Other\Lilu.kext (v.1.6.9)
13:039  0:004  ->Extra kext: Other\SMCProcessor.kext (v.1.3.0)
13:044  0:004  ->Extra kext: Other\SMCSuperIO.kext (v.1.3.0)
13:048  0:004  ->Extra kext: Other\VirtualSMC.kext (v.1.3.0)
13:053  0:004  AddKextsInArray from Off
13:057  0:004  AddKextsInArray from 14
13:062  0:004  AddKextsInArray from 14_normal
13:066  0:004  AddKextsInArray from 14.4
13:071  0:004  AddKextsInArray from 14.4_normal
13:075  0:004  AddKextsInArray from 14.4.0
13:079  0:004  AddKextsInArray from 14.4.0_normal
13:084  0:004  Bridge kext to OC : Path=Other\Lilu.kext
13:090  0:005  Bridge kext to OC : Path=Other\VirtualSMC.kext
13:096  0:006  Bridge kext to OC : Path=Other\WhateverGreen.kext
13:102  0:005  Bridge kext to OC : Path=Other\AppleALC.kext
13:127  0:024  Bridge kext to OC : Path=Other\SMCProcessor.kext
13:132  0:005  Bridge kext to OC : Path=Other\SMCSuperIO.kext
13:138  0:005  Bridge kext to OC : Path=Other\USBMap.kext
13:143  0:005  Bridge kext to OC : Path=Other\NVMeFix.kext
13:148  0:005  Bridge kext to OC : Path=Other\IntelMausi.kext
13:156  0:008  Start 'OpenRuntime.efi' : Status Success
13:161  0:004  OC: config config.plist
13:165  0:004  OC: Got 0 drivers
13:170  0:004  OC: OpenCore DBG-102-2024-09-12 is loading in Optional mode (0/0)...
13:174  0:004  OC: StorageHandle 0 with  LauncherOption pointing to 
13:179  0:005  OcOSInfoInstallProtocol
13:183  0:004  OCRTC: OcAppleRtcRamInstallProtocol
13:188  0:004  OCRTC: Wake log is 0x00 0x00   0 0x00
13:192  0:004  OcAppleFbInfoInstallProtocol
13:197  0:004  OcAppleEg2InfoInstallProtocol
13:201  0:004  OCEG: Discovered rotate NVRAM override to 0
13:206  0:004  OC: Loading Apple Secure Boot with Disabled (level 0)
13:210  0:004  OCABC: ALRBL 0 RTDFRG 1 DEVMMIO 1 NOSU 0 NOVRWR 0 NOSB 0 FBSIG 0 NOHBMAP 0 SMSLIDE 1 WRUNPROT 1
13:215  0:004  OCABC: FEXITBS 0 PRMRG 0 CSLIDE 1 MSLIDE 0 PRSRV 1 RBMAP 1 VMAP 1 APPLOS 0 RTPERMS 1 ARBAR -1 RBIO 0
13:219  0:004  OCABC: Got rendezvous with OpenRuntime r12
13:224  0:004  OCABC: MAT support is 1
13:228  0:004  OC: RequestBootVarRouting 0
13:233  0:005  OCDM: Found 0x20046/0x2003C UEFI version (376 bytes, 0 rebuilding to 376) gST 7AB3B018 gBS 6D82E3A0 gBS->CreateEventEx 6D81C904 &gBS 6D5062C0
13:237  0:004  OC: Setting GPU BARs to 0
13:242  0:004  OCDM: RBAR using PciIo
13:246  0:004  OCDM: Setting RBAR to 0 inc 1 on 3/18
13:251  0:004  OCDM: Capability I/O error - Unsupported
13:255  0:004  OCDM: RBAR is unsupported by device - Device Error
13:260  0:004  OCDM: Setting RBAR to 0 inc 1 on 5/18
13:264  0:004  OCDM: Capability I/O error - Unsupported
13:268  0:004  OCDM: RBAR is unsupported by device - Device Error
13:273  0:004  OC: Got 0 drivers
13:277  0:004  OCC: Installing GOP (Unsupported) on ConsoleOutHandle...
13:282  0:004  OC: Requested resolution is 1920x1080@0 (max: 0, force: 0) from 1920x1080
13:286  0:004  OCC: Using builtin text renderer with 1 scale
13:291  0:004  OCC: Install console control (6D4F13D0/6D815D88/0), current - Success
13:295  0:004  OCC: Setup ASCII Output - Success
13:300  0:004  OC: Requested console mode is 0x0 (max: 0) from 
13:304  0:004  OC: Invalid HibernateMode: 
13:308  0:004  OC: Translated HibernateMode  to 0
13:313  0:004  OC: Hibernation activation - Invalid Parameter, hibernation wake - no
13:318  0:004  OC: Panic log does not exist
13:322  0:004  OCABC: IsEfiBootRt 0 (BP 1, Apple 0)
13:327  0:005  OCB: Arch filtering 72AC5018(723512)->72AC5018(723512) caps 0 - Success
13:338  0:010  ImageHandle = 72ffeb18
13:347  0:008  GetOSVersion: 14.4 (s)
13:355  0:008  Will not patch boot.efi
13:360  0:004  Using latest BiosVersion from config instead of default 'IM191.88Z.F000.B00.2302212211'
13:364  0:004  Using latest BiosReleaseDate from config instead of default '02/21/2023'
13:368  0:004  BiosVersion: IM191.88Z.F000.B00.2308061817
13:373  0:004  BiosReleaseDate: 08/06/2023
13:377  0:004  EfiVersion: 1968.100.16.0.1
13:382  0:004  SMBIOS reloaded with model iMac19,1
13:386  0:004  Set FakeCPUID: 0x0
13:390  0:004  === [ PatchSmbios ] =============================
13:395  0:004  UpdateSmbiosString : BiosVersion=EfiVersion=1968.100.16.0.1
13:399  0:004  UpdateSmbiosString : ReleaseDate=08/06/2023
13:403  0:004  void PatchTableType1(const SmbiosInjectedSettings&) : UpdateSmbiosString ProductName=iMac19,1
13:407  0:004  void PatchTableType2(const SmbiosInjectedSettings&) : UpdateSmbiosString ProductName=BoardNumber=Mac-AA95B1DDAB278B95
13:412  0:004  void PatchTableType2(const SmbiosInjectedSettings&) : UpdateSmbiosString Version=BoardVersion=iMac19,1
13:416  0:004  insert table 9 for dev 0:0
13:420  0:004  insert table 9 for dev 0:1
13:424  0:004  insert table 9 for dev 1F:6
13:429  0:004  Table 11 present, but rewritten for us
13:434  0:005  Do not inject memory table
13:438  0:004  Trusting SMBIOS...
13:442  0:004  Channels: 1
13:446  0:004  Interleave: 0 1 2 3
13:472  0:025  trusted SMBIOS data, table index 0:
13:476  0:004    gRAM.SMBIOS[0]->ModuleSize = 8192
13:480  0:004    gRAM.SMBIOS[0]->Type = 0
13:484  0:004    gRAM.SMBIOS[0]->Frequency = 3200
13:489  0:004    gRAM.SMBIOS[0]->Vendor = Corsair
13:493  0:004    gRAM.SMBIOS[0]->PartNo = CMK16GX4M2K4266C19
13:497  0:004    gRAM.SMBIOS[0]->SerialNo = 00000000
13:501  0:004  SPD data in use:
13:508  0:006    gRAM.SPD[0]->ModuleSize = 8192
13:513  0:004    gRAM.SPD[0]->Type = 26
13:517  0:004    gRAM.SPD[0]->Frequency = 4264
13:521  0:004    gRAM.SPD[0]->Vendor = Corsair
13:526  0:004    gRAM.SPD[0]->SerialNo = 00000000
13:530  0:004    gRAM.SPD[0]->PartNo = CMK16GX4M2K4266C19
13:534  0:004    SMBIOS Type 17 Index = 0 => SMBIOSIndex=0 SPDIndex=0:
13:539  0:004  BANK 0 DIMM0 4264MHz 8192MB(Ext:0MB)
13:543  0:004  trusted SMBIOS data, table index 1:
13:547  0:004    gRAM.SMBIOS[1]->ModuleSize = 8192
13:552  0:004    gRAM.SMBIOS[1]->Type = 0
13:556  0:004    gRAM.SMBIOS[1]->Frequency = 3200
13:561  0:004    gRAM.SMBIOS[1]->Vendor = Corsair
13:565  0:004    gRAM.SMBIOS[1]->PartNo = CMK16GX4M2K4266C19
13:569  0:004    gRAM.SMBIOS[1]->SerialNo = 00000000
13:574  0:004  SPD data in use:
13:578  0:004    gRAM.SPD[1]->ModuleSize = 8192
13:582  0:004    gRAM.SPD[1]->Type = 26
13:586  0:004    gRAM.SPD[1]->Frequency = 4264
13:591  0:004    gRAM.SPD[1]->Vendor = Corsair
13:595  0:004    gRAM.SPD[1]->SerialNo = 00000000
13:599  0:004    gRAM.SPD[1]->PartNo = CMK16GX4M2K4266C19
13:603  0:004    SMBIOS Type 17 Index = 1 => SMBIOSIndex=1 SPDIndex=1:
13:608  0:004  BANK 0 DIMM1 4264MHz 8192MB(Ext:0MB)
13:614  0:006  !trusted SMBIOS data, Table index 2:!gRAM.SMBIOS.doesSlotForIndexExist(SMBIOSIndex) 
13:630  0:015    SMBIOS Type 17 Index = 2 => SMBIOSIndex=2 SPDIndex=2:
13:635  0:004  BANK 0 DIMM2 EMPTY
13:639  0:004  !trusted SMBIOS data, Table index 3:!gRAM.SMBIOS.doesSlotForIndexExist(SMBIOSIndex) 
13:652  0:013    SMBIOS Type 17 Index = 3 => SMBIOSIndex=3 SPDIndex=3:
13:656  0:004  BANK 0 DIMM3 EMPTY
13:663  0:007  mTotalSystemMemory = 16384
13:670  0:006  NumberOfMemoryDevices = 4
13:674  0:004  Type20[0]->End = 0x7FFFFF, Type17[0] = 2000
13:679  0:004  Type20[1]->End = 0xFFFFFF, Type17[1] = 6000
13:683  0:004  Table 131 is present, CPUType=35
13:687  0:004  Change to: 1005
13:692  0:004  === [ PatchACPI ] ===============================
13:696  0:004  OCABC: AllocPages 1 0x7A308000 (1) - Success
13:700  0:004  Xsdt reallocation done
13:704  0:004  OCABC: AllocPages 1 0x7A307000 (1) - Success
13:709  0:004  old FADT length=114
13:713  0:004   SignatureFixup: 0x7173A1F4 -> 0x0
13:717  0:004  Found OperationRegion(GNVS, SystemMemory, 7A345000, ...)
13:721  0:004  Found OperationRegion(RAMW, SystemMemory, 7A349018, ...)
13:726  0:004  Found OperationRegion(RAMX, SystemMemory, 7A2A5018, ...)
13:730  0:004  Found OperationRegion(PNVA, SystemMemory, 7A3D1B98, ...)
13:734  0:004  Found OperationRegion(THBA, SystemMemory, FE200000, ...)
13:740  0:005  Found OperationRegion(BNVS, SystemMemory, 7A35A000, ...)
13:744  0:004  Found OperationRegion(SMBD, SystemMemory, E00FC004, ...)
13:748  0:004  Found OperationRegion(TMMB, SystemMemory, FED40000, ...)
13:753  0:004  Found OperationRegion(CRBD, SystemMemory, FED40000, ...)
13:757  0:004  Found OperationRegion(TPMR, SystemMemory, FED40040, ...)
13:761  0:004  Found OperationRegion(ATNV, SystemMemory, 7A3D1F98, ...)
13:765  0:004  Found OperationRegion(WPBR, SystemMemory, 7A333000, ...)
13:771  0:005  OCABC: AllocPages 1 0x7A2B8000 (79) - Success
13:775  0:004  Apply DsdtFixMask=0x10400000
13:780  0:005  === [ FixBiosDsdt ] =============================
13:785  0:004  Patching DSDT:
13:789  0:004   - [change EC0 to EC]: pattern 4543305F, patched at: [ (F96F) ]
13:811  0:021   - [change HECI to IMEI]: pattern 48454349, patched at: [ (18CAE) ]
13:833  0:022   deleting device CRT_
13:842  0:008   deleting device DVI_
13:851  0:008   deleting device SPKR
13:860  0:008   deleting device ECP_
13:868  0:008   deleting device LPT_
13:877  0:008   deleting device FDC0
13:886  0:008   deleting device ECP1
13:894  0:008   deleting device LPT1
13:903  0:008   deleting device FDC_
13:912  0:008    indirect name=RAMB
13:916  0:004    indirect name=RAMA
13:921  0:004    indirect name=PNVB
13:925  0:004  OperationRegion (THBA...) corrected from 0x0 to addr=0xFE200000
13:930  0:004    indirect name=TPMM
13:934  0:004    indirect name=FTPM
13:939  0:004    indirect name=PPIM
13:943  0:004  PreCleanup XSDT: count=25, length=236
13:947  0:004  PreCleanup XSDT, corrected XSDT: count=25, length=236
13:952  0:004  === [ ACPIPatchedAML ] ==========================
13:956  0:004  AutoMerge pass 1
13:960  0:004  Unsorted
13:964  0:004  Inserting SSDT-AWAC.aml from \EFI\CLOVER\ACPI\patched: ignore on pass 1
13:973  0:008  Inserting SSDT-EC-USBX.aml from \EFI\CLOVER\ACPI\patched: ignore on pass 1
13:981  0:008  Inserting SSDT-PLUG.aml from \EFI\CLOVER\ACPI\patched: ignore on pass 1
13:990  0:008  Inserting SSDT-PMC.aml from \EFI\CLOVER\ACPI\patched: ignore on pass 1
13:998  0:008  Inserting SSDT-UIAC.aml from \EFI\CLOVER\ACPI\patched: ignore on pass 1
14:007  0:008  === [ ACPIDropTables ] ==========================
14:011  0:004  OCABC: AllocPages 1 0x7A2B6000 (2) - Success
14:016  0:004  OCABC: AllocPages 1 0x7A2B6000 (2) - Success
14:020  0:004  OCABC: AllocPages 1 0x7A2B6000 (2) - Success
14:024  0:004  OCABC: AllocPages 1 0x7A2B6000 (2) - Success
14:029  0:004  OCABC: AllocPages 1 0x7A2B6000 (2) - Success
14:033  0:004  OCABC: AllocPages 1 0x7A2B6000 (2) - Success
14:038  0:004  Patching SSDTs: 2 patches each
14:042  0:004   pattern 4543305F, bin not found / already patched!
14:051  0:008   pattern 48454349, bin not found / already patched!
14:059  0:008  OCABC: AllocPages 1 0x7A2B3000 (3) - Success
14:063  0:004  Patching SSDTs: 2 patches each
14:068  0:004   pattern 4543305F, bin not found / already patched!
14:076  0:008   pattern 48454349, bin not found / already patched!
14:085  0:008  Found OperationRegion(PNVS, SystemMemory, 7ADF2000, ...)
14:089  0:004  OCABC: AllocPages 1 0x7A2AE000 (5) - Success
14:094  0:004  Patching SSDTs: 2 patches each
14:098  0:004   pattern 4543305F, bin not found / already patched!
14:107  0:008   pattern 48454349, bin not found / already patched!
14:115  0:008  Found OperationRegion(SANV, SystemMemory, 7A3D1118, ...)
14:119  0:004  OCABC: AllocPages 1 0x7A2AA000 (4) - Success
14:124  0:004  Patching SSDTs: 2 patches each
14:128  0:004   pattern 4543305F, bin not found / already patched!
14:136  0:008   pattern 48454349, bin not found / already patched!
14:145  0:008  OCABC: AllocPages 1 0x7A2A8000 (2) - Success
14:150  0:004  OCABC: AllocPages 1 0x7A2A8000 (2) - Success
14:154  0:004  Patching SSDTs: 2 patches each
14:158  0:004   pattern 4543305F, bin not found / already patched!
14:167  0:008   pattern 48454349, bin not found / already patched!
14:175  0:008  OCABC: AllocPages 1 0x7A129000 (4) - Success
14:179  0:004  Patching SSDTs: 2 patches each
14:184  0:004   pattern 4543305F, bin not found / already patched!
14:192  0:008   pattern 48454349, bin not found / already patched!
14:201  0:008  OCABC: AllocPages 1 0x7A2A6000 (2) - Success
14:205  0:004  OCABC: AllocPages 1 0x7A2A6000 (2) - Success
14:209  0:004  OCABC: AllocPages 1 0x7A125000 (4) - Success
14:213  0:004  Patching SSDTs: 2 patches each
14:218  0:004   pattern 4543305F, bin not found / already patched!
14:226  0:008   pattern 48454349, bin not found / already patched!
14:235  0:008  OCABC: AllocPages 1 0x7A2A6000 (2) - Success
14:239  0:004  Patching SSDTs: 2 patches each
14:243  0:004   pattern 4543305F, bin not found / already patched!
14:252  0:008   pattern 48454349, bin not found / already patched!
14:260  0:008  OCABC: AllocPages 1 0x7A123000 (2) - Success
14:265  0:004  OCABC: AllocPages 1 0x7A123000 (2) - Success
14:269  0:004  OCABC: AllocPages 1 0x7A122000 (3) - Success
14:273  0:004  Patching SSDTs: 2 patches each
14:277  0:004   pattern 4543305F, bin not found / already patched!
14:286  0:008   pattern 48454349, bin not found / already patched!
14:295  0:008  OCABC: AllocPages 1 0x7A120000 (2) - Success
14:299  0:004  Patching SSDTs: 2 patches each
14:303  0:004   pattern 4543305F, bin not found / already patched!
14:311  0:008   pattern 48454349, bin not found / already patched!
14:320  0:008  Found OperationRegion(ADHD, SystemMemory, 78C93000, ...)
14:324  0:004  Found OperationRegion(ABLK, SystemMemory, 78C93020, ...)
14:328  0:004  OCABC: AllocPages 1 0x7A110000 (16) - Success
14:333  0:004  OCABC: AllocPages 1 0x7A11E000 (2) - Success
14:337  0:004  OCABC: AllocPages 1 0x7A11E000 (2) - Success
14:341  0:004  OCABC: AllocPages 1 0x7A11E000 (2) - Success
14:345  0:004  === [ ACPIPatchedAML ] ==========================
14:349  0:004  AutoMerge pass 2
14:354  0:004  Unsorted
14:358  0:004  Inserting SSDT-AWAC.aml from \EFI\CLOVER\ACPI\patched: size=73 OCABC: AllocPages 1 0x7A11F000 (1) - Success
... Success
14:375  0:017  Inserting SSDT-EC-USBX.aml from \EFI\CLOVER\ACPI\patched: size=7341 OCABC: AllocPages 1 0x7A11D000 (2) - Success
... Success
14:392  0:017  Inserting SSDT-PLUG.aml from \EFI\CLOVER\ACPI\patched: size=693 OCABC: AllocPages 1 0x7A11C000 (1) - Success
... Success
14:412  0:019  Inserting SSDT-PMC.aml from \EFI\CLOVER\ACPI\patched: size=414 OCABC: AllocPages 1 0x7A11B000 (1) - Success
... Success
14:430  0:017  Inserting SSDT-UIAC.aml from \EFI\CLOVER\ACPI\patched: size=693 OCABC: AllocPages 1 0x7A11A000 (1) - Success
... Success
14:447  0:017  ApicCPUNum=1
14:451  0:004  Maximum control=0x24
14:456  0:004  Turbo control=0x31
14:460  0:004  P-States: min 0x8, max 0x31
14:464  0:004  SSDT with plugin-type without P-States is generated
14:469  0:004  OCABC: AllocPages 1 0x7A119000 (1) - Success
14:473  0:004  Cleanup XSDT: count=31, length=284
14:477  0:004  corrected XSDT count=31, length=284
14:481  0:004  === [ RestSetup macOS ] =========================
14:486  0:004  ATI injection not set
14:490  0:004  Intel GFX injection not set
14:495  0:004   RCBA disabled; cannot use it
14:499  0:004   setting specified layout-id=1 (0x1)
14:504  0:004  stringlength = 458
14:508  0:004  OCABC: AllocPages 1 0x7A118000 (1) - Success
14:513  0:004  CurrentMode: Width=1366 Height=768
14:517  0:004  SetNvramVariable (system-id, 4D1EDE05-38C7-4A6A-9CC6-4BCCA8B38C14, 0x2, 16): -> writing new (Success)
14:526  0:009  SetNvramVariable (MLB, 4D1EDE05-38C7-4A6A-9CC6-4BCCA8B38C14, 0x6, 17): -> writing new (Success)
14:536  0:009  SetNvramVariable (ROM, 4D1EDE05-38C7-4A6A-9CC6-4BCCA8B38C14, 0x6, 6): -> writing new (Success)
14:545  0:009  SetNvramVariable (FirmwareFeatures, 4D1EDE05-38C7-4A6A-9CC6-4BCCA8B38C14, 0x6, 4): -> writing new (Success)
14:555  0:009  SetNvramVariable (FirmwareFeaturesMask, 4D1EDE05-38C7-4A6A-9CC6-4BCCA8B38C14, 0x6, 4): -> writing new (Success)
14:564  0:009  SetNvramVariable (ExtendedFirmwareFeatures, 4D1EDE05-38C7-4A6A-9CC6-4BCCA8B38C14, 0x6, 8): -> writing new (Success)
14:574  0:009  SetNvramVariable (ExtendedFirmwareFeaturesMask, 4D1EDE05-38C7-4A6A-9CC6-4BCCA8B38C14, 0x6, 8): -> writing new (Success)
14:583  0:009  AddNvramVariable (HW_BID, 4D1EDE05-38C7-4A6A-9CC6-4BCCA8B38C14, 0x6, 20): -> writing new (Success)
14:592  0:009  AddNvramVariable (security-mode, 7C436110-AB2A-4BBB-A880-FE41995C9F82, 0x7, 5): -> already exists, abort
14:601  0:008  set DefaultBackgroundColor=0xfbfbfb
14:606  0:004  SetNvramVariable (DefaultBackgroundColor, 4D1EDE05-38C7-4A6A-9CC6-4BCCA8B38C14, 0x7, 4): -> writing new (Success)
14:619  0:013  SetNvramVariable (ActualDensity, 7C436110-AB2A-4BBB-A880-FE41995C9F82, 0x7, 2): exists(0x7, 2), equal -> not writing again.
14:632  0:013  SetNvramVariable (DensityThreshold, 7C436110-AB2A-4BBB-A880-FE41995C9F82, 0x7, 2): exists(0x7, 2), equal -> not writing again.
14:645  0:013  SetNvramVariable (gfx-saved-config-restore-status, 4D1EDE05-38C7-4A6A-9CC6-4BCCA8B38C14, 0x7, 8): exists(0x7, 8), equal -> not writing again.
14:659  0:014  DeleteNvramVariable (UIScale, 4D1EDE05-38C7-4A6A-9CC6-4BCCA8B38C14):
14:664  0:005  DeleteNvramVariable (EFILoginHiDPI, 7C436110-AB2A-4BBB-A880-FE41995C9F82):
14:669  0:004  SetNvramVariable (flagstate, 7C436110-AB2A-4BBB-A880-FE41995C9F82, 0x7, 32): exists(0x7, 32), equal -> not writing again.
14:685  0:016  SetNvramVariable (csr-active-config, 7C436110-AB2A-4BBB-A880-FE41995C9F82, 0x7, 4): exists(0x7, 4), equal -> not writing again.
14:699  0:013  DeleteNvramVariable (BridgeOSHardwareModel, 4D1EDE05-38C7-4A6A-9CC6-4BCCA8B38C14):
14:705  0:005  DeleteNvramVariable (bootercfg, 7C436110-AB2A-4BBB-A880-FE41995C9F82):
14:710  0:005  DeleteNvramVariable (nvda_drv, 7C436110-AB2A-4BBB-A880-FE41995C9F82):
14:715  0:004  DeleteNvramVariable (recovery-boot-mode, 7C436110-AB2A-4BBB-A880-FE41995C9F82):
14:719  0:004  AddNvramVariable (wake-failure, 7C436110-AB2A-4BBB-A880-FE41995C9F82, 0x7, 5): -> already exists, abort
14:729  0:009  DeleteNvramVariable (opencore-version, 7C436110-AB2A-4BBB-A880-FE41995C9F82):
14:734  0:005  DeleteNvramVariable (ApBoardID, 94B73556-2197-4702-82A8-3E1337DAFBFB):
14:739  0:004  DeleteNvramVariable (ApSecurityDomain, 94B73556-2197-4702-82A8-3E1337DAFBFB):
14:744  0:005  DeleteNvramVariable (ApProductionStatus, 94B73556-2197-4702-82A8-3E1337DAFBFB):
14:749  0:004  DeleteNvramVariable (ApSecurityMode, 94B73556-2197-4702-82A8-3E1337DAFBFB):
14:754  0:004  DeleteNvramVariable (EffectiveProductionStatus, 94B73556-2197-4702-82A8-3E1337DAFBFB):
14:758  0:004  DeleteNvramVariable (EffectiveSecurityMode, 94B73556-2197-4702-82A8-3E1337DAFBFB):
14:764  0:005  DeleteNvramVariable (CertificateEpoch, 94B73556-2197-4702-82A8-3E1337DAFBFB):
14:769  0:005  DeleteNvramVariable (MixNMatchPreventionStatus, 94B73556-2197-4702-82A8-3E1337DAFBFB):
14:778  0:008  DeleteNvramVariable (CryptoDigestMethod, 94B73556-2197-4702-82A8-3E1337DAFBFB):
14:785  0:007  DeleteNvramVariable (InternalUseOnlyUnit, 94B73556-2197-4702-82A8-3E1337DAFBFB):
14:790  0:004  DeleteNvramVariable (ApECID, 94B73556-2197-4702-82A8-3E1337DAFBFB):
14:795  0:005  DeleteNvramVariable (HardwareModel, 94B73556-2197-4702-82A8-3E1337DAFBFB):
14:800  0:004  Use origin smbios table type 1 guid.
14:823  0:023  DeleteNvramVariable (efi-boot-device, 7C436110-AB2A-4BBB-A880-FE41995C9F82):
14:828  0:005  DeleteNvramVariable (efi-boot-device-data, 7C436110-AB2A-4BBB-A880-FE41995C9F82):
14:833  0:005  DeleteNvramVariable (BootCampHD, 7C436110-AB2A-4BBB-A880-FE41995C9F82):
14:837  0:004  Custom boot screen not used because entry has unset use graphics
14:844  0:006  DeleteNvramVariable (IOHibernateRTCVariables, 7C436110-AB2A-4BBB-A880-FE41995C9F82):
14:849  0:005  DeleteNvramVariable (boot-image, 7C436110-AB2A-4BBB-A880-FE41995C9F82):
14:856  0:007  Kernel quirks
14:863  0:006  ACPCL 1 AXCL 1 AXEM 0 AXFB 0 CSG 0 DIM 0 DLJ 0 DRC 1 DPM 0 EBTFF 0 EDI 0 FAI 0 IPBS 0 LKP 0 PNKD 0 PTKP 0 TPD 0 XPL 0 PCC 0
14:867  0:004  Closing log
14:872  0:004  OCABC: AllocPages 2 0x91000 (14) - Success
14:876  0:004  OCABC: AllocPages 2 0x6F762000 (14) - Success
14:880  0:004  OCABC: Recovering trashed GetMemoryMap pointer
14:886  0:006  OCABC: Patching safe mode sur-2 at off ACF4
14:891  0:004  OCABC: AllocPages 2 0x777E6000 (512) - Success
14:895  0:004  OCABC: AllocPages 2 0x777E5000 (1) - Success
14:899  0:004  OC: Supported boot capabilities 4
14:903  0:004  OCABC: AllocPages 2 0x777E4000 (1) - Success
14:907  0:004  OCABC: MMIO devirt start
14:912  0:004  OCABC: MMIO devirt 0xE0000000 (0x10000 pages, 0x800000000000100D) skip 0
14:916  0:004  OCABC: MMIO devirt 0xFE000000 (0x11 pages, 0x8000000000000001) skip 0
14:920  0:004  OCABC: MMIO devirt 0xFEC00000 (0x1 pages, 0x800000000000100D) skip 0
14:924  0:004  OCABC: MMIO devirt 0xFED00000 (0x4 pages, 0x800000000000100D) skip 0
14:929  0:004  OCABC: MMIO devirt 0xFEE00000 (0x1 pages, 0x8000000000000001) skip 0
14:933  0:004  OCABC: MMIO devirt 0xFF000000 (0x1000 pages, 0x800000000000100D) skip 0
14:937  0:004  OCABC: MMIO devirt end, saved 278620 KB
14:941  0:004  OCABC: All slides are usable! You can disable ProvideCustomSlide!
14:947  0:005  OCOS: OS set: <null> macOS 11.0
14:951  0:004  OCOS: OS set: Apple Inc. macOS 11.0
14:956  0:004  OCOS: Should use black background
14:960  0:004  OCABC: AllocPages 1 0x6D2E4000 (1) - Success
14:976  0:016  OC: Opening file System\Library\Kernels\kernel with 1 mode gave - Not Found
14:981  0:004  OC: Opening file \A490645D-B724-4FBC-9AC8-F7A23B1C4935 with 1 mode gave - Success
14:986  0:004  OC: Opening file \A490645D-B724-4FBC-9AC8-F7A23B1C4935\System\Library\CoreServices\com.apple.Boot.plist with 1 mode gave - Not Found
14:990  0:004  OC: Opening file Library\Preferences\SystemConfiguration\com.apple.Boot.plist with 1 mode gave - Success
14:995  0:004  OC: Opening file \A490645D-B724-4FBC-9AC8-F7A23B1C4935\System\Library\CoreServices\PlatformSupport.plist with 1 mode gave - Success
15:000  0:004  OCABC: AllocPages 2 0xA100000 (51544) - Success
15:005  0:004  OC: Opening file System\Library\Caches\com.apple.corestorage\EncryptedRoot.plist.wipekey with 1 mode gave - Success
15:015  0:010  OC: Opening file \A490645D-B724-4FBC-9AC8-F7A23B1C4935\System\Library\CoreServices\boot.efi with 1 mode gave - Success
15:043  0:028  OC: Opening file boot\System\Library\KernelCollections\BootKernelExtensions.kc.development with 1 mode gave - Not Found
15:061  0:017  OC: Opening file boot\System\Library\KernelCollections\BootKernelExtensions.kc with 1 mode gave - Success
15:065  0:004  OC: Load and reserve Kext Other\Lilu.kext
15:071  0:005  OC: Load and reserve Kext Other\VirtualSMC.kext
15:077  0:005  OC: Load and reserve Kext Other\WhateverGreen.kext
15:082  0:005  OC: Load and reserve Kext Other\AppleALC.kext
15:092  0:010  OC: Load and reserve Kext Other\SMCProcessor.kext
15:097  0:004  OC: Load and reserve Kext Other\SMCSuperIO.kext
15:102  0:005  OC: Load and reserve Kext Other\USBMap.kext
15:107  0:004  OC: Load and reserve Kext Other\NVMeFix.kext
15:112  0:005  OC: Load and reserve Kext Other\IntelMausi.kext
15:117  0:005  OC: Kext reservation size info 573000 exe 2F7000
15:122  0:004  OC: Trying 64-bit XNU hook on boot\System\Library\KernelCollections\BootKernelExtensions.kc
15:126  0:004  OCAK: Found 64-bit Mach-O compressed 0 offset 0 size 0
15:130  0:004  OCAK: Determined kernel size is 62734336 bytes
15:169  0:038  OC: Result of 64-bit XNU hook on boot\System\Library\KernelCollections\BootKernelExtensions.kc (00000000) is Success
15:217  0:047  OCAK: Read kernel version 23.4.0 (230400)
15:221  0:004  OCAK: 64-bit patcher base 0xFFFFFF8000200000 kmod 0x0 file 0x0
15:226  0:005  OCAK: Zeroing _xcpm_core_scope_msrs 0xE2 applicable CPUs (76)
15:231  0:004  OCAK: Zeroing _xcpm_core_scope_msrs 0xE2 applicable CPUs (406416)
15:235  0:004  OCAK: Zeroing _xcpm_core_scope_msrs 0xE2 applicable CPUs (16384)
15:240  0:005  Replace B9E20000000F30 by B9E20000009090 at ofs:30E
15:312  0:072  Replace B9E20000000F30 by B9E20000009090 at ofs:39B
15:390  0:077  OCAK: 64-bit XcpmCfgLockRel replace count - 2
15:394  0:004  OCAK: [OK] Success XcpmCfgLock patch
15:438  0:043  OCAK: as.vit9696.Lilu got KXLD 0 0
15:442  0:004  OCAK: Requesting __LINKEDIT for as.vit9696.Lilu - 6CA7A438 at 3BD5000
15:446  0:004  OCAK: Requesting SymbolTable for as.vit9696.Lilu - 551
15:451  0:004  OCAK: Requesting __LINKEDIT for __kernel__ - 68EB0688 at 0
15:455  0:004  OCAK: Requesting SymbolTable for __kernel__ - 22799
15:486  0:030  OCAK: Local relocs 689 on FFFFFF8003CD5000
15:490  0:004  OC: Prelinked injection Other\Lilu.kext () - Success
15:495  0:004  OCAK: as.vit9696.VirtualSMC got KXLD 0 0
15:499  0:004  OCAK: Requesting __LINKEDIT for as.vit9696.VirtualSMC - 6CAA9438 at 3C04000
15:504  0:004  OCAK: Requesting SymbolTable for as.vit9696.VirtualSMC - 453
15:508  0:004  OCAK: Requesting SymbolTable for as.vit9696.Lilu - 159
15:514  0:006  OCAK: Patching invalid size 2000 with 19DF000 for com.apple.iokit.IOACPIFamily
15:519  0:004  OCAK: com.apple.iokit.IOACPIFamily got KXLD 0 0
15:523  0:004  OCAK: Requesting __LINKEDIT for com.apple.iokit.IOACPIFamily - 6B09B518 at 21F6000
15:527  0:004  OCAK: Requesting SymbolTable for com.apple.iokit.IOACPIFamily - 544
15:538  0:010  OCAK: Local relocs 515 on FFFFFF8003D04000
15:543  0:005  OC: Prelinked injection Other\VirtualSMC.kext () - Success
15:548  0:004  OCAK: as.vit9696.WhateverGreen got KXLD 0 0
15:552  0:004  OCAK: Requesting __LINKEDIT for as.vit9696.WhateverGreen - 6CAC33E8 at 3C1E000
15:556  0:004  OCAK: Requesting SymbolTable for as.vit9696.WhateverGreen - 445
15:562  0:006  OCAK: Patching invalid size 32000 with 156F000 for com.apple.iokit.IOPCIFamily
15:567  0:004  OCAK: com.apple.iokit.IOPCIFamily got KXLD 0 0
15:571  0:004  OCAK: Requesting __LINKEDIT for com.apple.iokit.IOPCIFamily - 6B50B518 at 2666000
15:576  0:004  OCAK: Requesting SymbolTable for com.apple.iokit.IOPCIFamily - 1531
15:590  0:014  OCAK: Local relocs 1837 on FFFFFF8003D1E000
15:595  0:005  OC: Prelinked injection Other\WhateverGreen.kext () - Success
15:604  0:008  OCAK: as.vit9696.AppleALC got KXLD 0 0
15:609  0:004  OCAK: Requesting __LINKEDIT for as.vit9696.AppleALC - 6CB443E8 at 3C9F000
15:613  0:004  OCAK: Requesting SymbolTable for as.vit9696.AppleALC - 444
15:623  0:010  OCAK: Local relocs 5892 on FFFFFF8003D9F000
15:644  0:020  OC: Prelinked injection Other\AppleALC.kext () - Success
15:648  0:004  OCAK: as.vit9696.SMCProcessor got KXLD 0 0
15:652  0:004  OCAK: Requesting __LINKEDIT for as.vit9696.SMCProcessor - 6CD0A3E8 at 3E65000
15:656  0:004  OCAK: Requesting SymbolTable for as.vit9696.SMCProcessor - 355
15:661  0:004  OCAK: Requesting SymbolTable for as.vit9696.VirtualSMC - 27
15:670  0:009  OCAK: Local relocs 325 on FFFFFF8003F65000
15:674  0:004  OC: Prelinked injection Other\SMCProcessor.kext () - Success
15:679  0:004  OCAK: ru.joedm.SMCSuperIO got KXLD 0 0
15:683  0:004  OCAK: Requesting __LINKEDIT for ru.joedm.SMCSuperIO - 6CD193E8 at 3E74000
15:688  0:004  OCAK: Requesting SymbolTable for ru.joedm.SMCSuperIO - 347
15:696  0:008  OCAK: Local relocs 2168 on FFFFFF8003F74000
15:703  0:006  OC: Prelinked injection Other\SMCSuperIO.kext () - Success
15:711  0:007  OC: Prelinked injection Other\USBMap.kext () - Success
15:715  0:004  OCAK: org.acidanthera.NVMeFix got KXLD 0 0
15:719  0:004  OCAK: Requesting __LINKEDIT for org.acidanthera.NVMeFix - 6CD3A438 at 3E95000
15:724  0:004  OCAK: Requesting SymbolTable for org.acidanthera.NVMeFix - 363
15:733  0:009  OCAK: Local relocs 624 on FFFFFF8003F95000
15:738  0:004  OC: Prelinked injection Other\NVMeFix.kext () - Success
15:742  0:004  OCAK: as.acidanthera.mieze.IntelMausi got KXLD 0 0
15:747  0:004  OCAK: Requesting __LINKEDIT for as.acidanthera.mieze.IntelMausi - 6CD47398 at 3EA2000
15:751  0:004  OCAK: Requesting SymbolTable for as.acidanthera.mieze.IntelMausi - 2124
15:757  0:005  OCAK: Patching invalid size 17FF4 with 17D1000 for com.apple.iokit.IONetworkingFamily
15:761  0:004  OCAK: com.apple.iokit.IONetworkingFamily got KXLD 0 0
15:766  0:004  OCAK: Requesting __LINKEDIT for com.apple.iokit.IONetworkingFamily - 6B2A9568 at 2404000
15:770  0:004  OCAK: Requesting SymbolTable for com.apple.iokit.IONetworkingFamily - 1698
15:787  0:017  OCAK: Local relocs 656 on FFFFFF8003FA2000
15:792  0:004  OC: Prelinked injection Other\IntelMausi.kext () - Success
15:797  0:004  OC: Prelink size 65847296 kext offset 62738432 reserved 3108864
15:801  0:004  OCAK: KC TEXT is 65536 bytes with 61800 Mach-O headers need 680
15:820  0:019  OCAK: Failed to pk find com.apple.driver.AppleIntelCPUPowerManagement - Not Found
15:825  0:004  OCAK: [OK] Skipping PatchAppleCpuPmCfgLock on NULL Patcher on kernel version 230400
15:830  0:004  OCAK: Patching invalid size 5FF4 with 2193000 for com.apple.driver.AppleRTC
15:834  0:004  OCAK: com.apple.driver.AppleRTC got KXLD 0 0
15:838  0:004  Replace BE58000000/FFFEFFFFFF(BE58000000) by BEFFFF0000 at ofs:1AED
15:948  0:110  Replace BE58000000/FFFEFFFFFF(BE59000000) by BEFFFF0000 at ofs:1AFE
16:058  0:109  Replace BE58000000/FFFEFFFFFF(BE58000000) by BEFFFF0000 at ofs:1DE3
16:170  0:112  Replace BE58000000/FFFEFFFFFF(BE59000000) by BEFFFF0000 at ofs:1DF3
16:297  0:126  OCAK: 64-bit DisableRtcChecksum64 replace count - 4
16:301  0:004  OCAK: [OK] Patch success com.apple.driver.AppleRTC DisableRtcChecksum
16:425  0:123  OC: Prelinked status - Success
16:471  0:045  OC: Opening file usr\standalone\OS.dmg.root_hash with 1 mode gave - Success
16:482  0:010  OC: Opening file usr\standalone\OS.dmg.root_hash.x86legacyap.im4m with 1 mode gave - Success
16:492  0:010  OCABC: AllocPages 0 0x72FFC000 (1) - Success
16:496  0:004  OCABC: AllocPages 0 0x72FFB000 (1) - Success
