0:100  0:100  MemLog inited, TSC freq: 3600476600
0:100  0:000  CPU was calibrated with RTC
0:100  0:000  CloverX64 : Image base = 0x6D404000
0:100  0:000  Clover ImageHandle = 75ee9a98
0:103  0:003  SelfDirPath = \EFI\CLOVER
0:105  0:001  === [ Starting Clover ] =========================
0:105  0:000  Now is 23.11.2024,  16:50:15 (GMT)
0:105  0:000  Starting Clover revision: 5160 (master, commit 7b08a616e) on American Megatrends EFI
0:105  0:000  Build id: 20240909210805-7b08a61-dirty
0:105  0:000  Build with: [Args: -D NO_GRUB_DRIVERS_EMBEDDED -D LESS_DEBUG -t GCC131 | --cmd-len=50000 -D NO_GRUB_DRIVERS_EMBEDDED -D LESS_DEBUG --conf=/Users/sergey/src/CloverBootloader/Conf -D USE_LOW_EBDA -a X64 -b RELEASE -t GCC131 -n 5 | OS: 15]
0:105  0:000  === [ Get Smbios ] ==============================
0:105  0:000  Type 16 Index = 0
0:105  0:000  Total Memory Slots Count = 4
0:105  0:000  Type 17 Index = 0
0:105  0:000  SmbiosTable.Type17->SlotIndex = 0
0:105  0:000  SmbiosTable.Type17->ModuleSize = 8192MB
0:105  0:000  SmbiosTable.Type17->Type = 0
0:105  0:000  SmbiosTable.Type17->Frequency = 3200MHz
0:105  0:000  SmbiosTable.Type17->Bank/Device = BANK 0 ChannelA-DIMM1
0:105  0:000  SmbiosTable.Type17->Vendor = Corsair
0:105  0:000  SmbiosTable.Type17->SerialNo = 00000000
0:105  0:000  SmbiosTable.Type17->PartNo = CMK16GX4M2K4266C19
0:105  0:000  Type 17 Index = 1
0:105  0:000  SmbiosTable.Type17->SlotIndex = 1
0:105  0:000  SmbiosTable.Type17->ModuleSize = 8192MB
0:105  0:000  SmbiosTable.Type17->Type = 0
0:105  0:000  SmbiosTable.Type17->Frequency = 3200MHz
0:105  0:000  SmbiosTable.Type17->Bank/Device = BANK 1 ChannelA-DIMM2
0:105  0:000  SmbiosTable.Type17->Vendor = Corsair
0:105  0:000  SmbiosTable.Type17->SerialNo = 00000000
0:105  0:000  SmbiosTable.Type17->PartNo = CMK16GX4M2K4266C19
0:105  0:000  Type 17 Index = 2
0:105  0:000  Ignoring insane frequency value 0MHz
0:105  0:000  Type 17 Index = 3
0:105  0:000  Ignoring insane frequency value 0MHz
0:105  0:000  Boot status=0
0:105  0:000  Running on: 'System Product Name' with board 'PRIME Z390-A'
0:105  0:000  === [ GetCPUProperties ] ========================
0:105  0:000  CPU Vendor = 756E6547 Model=906EC
0:105  0:000   The CPU supported SSE4.1
0:105  0:000   The CPU supported RDRAND
0:105  0:000  BrandString = Intel(R) Core(TM) i7-9700K CPU @ 3.60GHz
0:105  0:000   The CPU supported turbo
0:105  0:000   Energy PerfBias is  visible:
0:105  0:000  MSR 0x35               80008
0:105  0:000   TSC/CCC Information Leaf:
0:105  0:000    numerator     : 300
0:105  0:000    denominator   : 2
0:105  0:000   Calibrated ARTFrequency: 24003177
0:105  0:000   Rounded ARTFrequency: 24000000
0:105  0:000  MSR 0xE2 before patch 1E000000
0:105  0:000  MSR 0xCE              08080838_F1012400
0:105  0:000  corrected FLEX_RATIO = E0000
0:105  0:000  MSR 0x1B0             00000000
0:105  0:000  FSBFrequency = 109 MHz, DMI FSBFrequency = 100 MHz, Corrected FSBFrequency = 100 MHz
0:105  0:000  MaxDiv/MinDiv: 36.0/8
0:105  0:000  Turbo: 47/49/49/49
0:105  0:000  Features: 0x77FAFBFFBFEBFBFF
0:105  0:000  Threads: 8
0:105  0:000  Cores: 8
0:105  0:000  FSB: 100 MHz
0:105  0:000  CPU: 3900 MHz
0:105  0:000  TSC: 3900 MHz
0:105  0:000  PIS: 100 MHz
0:105  0:000  ExternalClock: 25 MHz
0:105  0:000  === [ GetDevices ] ==============================
0:105  0:000  GOP found at: PciRoot(0x0)/Pci(0x1,0x0)/Pci(0x0,0x0)/AcpiAdr(0x80010302)
0:105  0:000  PCI (00|00:00.00) : 8086 3E30 class=060000
0:105  0:000  PCI (00|00:01.00) : 8086 1901 class=060400
0:105  0:000  PCI (00|01:00.00) : 1002 67DF class=030000
0:105  0:000   - GFX: Model=AMD Radeon RX 480/570/580 (ATI/AMD)
0:105  0:000   - GOP: Provided by device
0:105  0:000  PCI (00|01:00.01) : 1002 AAF0 class=040300
0:105  0:000   - HDMI Audio: 
0:105  0:000  PCI (00|00:02.00) : 8086 3E98 class=038000
0:105  0:000   - GFX: Model=Intel UHD Graphics 630 (Intel)
0:105  0:000  PCI (00|00:14.00) : 8086 A36D class=0C0330
0:105  0:000  PCI (00|00:14.02) : 8086 A36F class=050000
0:105  0:000  PCI (00|00:16.00) : 8086 A360 class=078000
0:105  0:000  PCI (00|00:17.00) : 8086 A352 class=010601
0:105  0:000  PCI (00|00:1B.00) : 8086 A340 class=060400
0:105  0:000  PCI (00|00:1C.00) : 8086 A338 class=060400
0:105  0:000  PCI (00|00:1D.00) : 8086 A330 class=060400
0:105  0:000  PCI (00|04:00.00) : 144D A808 class=010802
0:105  0:000  PCI (00|00:1F.00) : 8086 A305 class=060100
0:105  0:000  PCI (00|00:1F.03) : 8086 A348 class=040300
0:105  0:000  PCI (00|00:1F.04) : 8086 A323 class=0C0500
0:105  0:000  PCI (00|00:1F.05) : 8086 A324 class=0C8000
0:105  0:000  PCI (00|00:1F.06) : 8086 15BC class=020000
0:105  0:000   - LAN: 1 Vendor=Intel
0:105  0:000  Legacy MAC address of LAN #0= 40:B0:76:DE:9E:93:
0:106  0:000  _checkOEMPath Look for oem dir at path '\EFI\CLOVER\OEM\System Product Name--40-B0-76-DE-9E-93'. Dir doesn't exist.
0:106  0:000  _checkOEMPath Look for oem dir at path '\EFI\CLOVER\OEM\PRIME Z390-A\UEFI'. Dir doesn't exist.
0:106  0:000  _checkOEMPath Look for oem dir at path '\EFI\CLOVER\OEM\System Product Name'. Dir doesn't exist.
0:106  0:000  _checkOEMPath Look for oem dir at path '\EFI\CLOVER\OEM\System Product Name-3900'. Dir doesn't exist.
0:106  0:000  _checkOEMPath Look for oem dir at path '\EFI\CLOVER\OEM\PRIME Z390-A'. Dir doesn't exist.
0:106  0:000  _checkOEMPath Look for oem dir at path '\EFI\CLOVER\OEM\PRIME Z390-A-3900'. Dir doesn't exist.
0:107  0:000  === [ GetUserSettings ] =========================
0:107  0:000  GetDefaultModel()=iMac18,3
0:107  0:000  === [ LoadUserSettings ] ========================
0:107  0:000  Using config.plist at path: \EFI\CLOVER
0:108  0:000  There are problems in plist '\EFI\CLOVER\config.plist'
0:108  0:000  Warning: Unknown key '/KernelAndKextPatches/KernelCpu:241'. Skipped.
0:108  0:000  Warning: Boolean value contained in a string. Please use <true/> instead of <string>yes</string> for tag '/SystemParameters/InjectKexts:836'
0:108  0:000  Use CloverConfigPlistValidator or look in the log
3:108  2:999  === [ LoadUserSettings ] ========================
3:108  0:000  Cannot find smbios.plist at path '\EFI\CLOVER' : Not Found
3:108  0:000  '\EFI\CLOVER\smbios.plist' not loaded. Efi error Not Found
3:108  0:000  create SMBIOS list, found 27 dicts
3:108  0:000  ... ACPI
3:108  0:000  ... Boot
3:108  0:000  ... Devices
3:108  0:000  ... DisableDrivers
3:108  0:000  ... GUI
3:108  0:000  ... Graphics
3:108  0:000  ... KernelAndKextPatches
3:108  0:000  ... SMBIOS
3:108  0:000  ... SystemParameters
3:108  0:000  ... RtVariables
3:108  0:000  get model from config.plist
3:108  0:000  Using latest BiosVersion from config instead of default 'IM191.88Z.F000.B00.2302212211'
3:122  0:013  BiosVersion: IM192.88Z.F000.B00.1902181222
3:126  0:003  BiosReleaseDate: 02/21/2023
3:129  0:003  EfiVersion: 1968.100.16.0.1
3:133  0:003  got BE smUUID as:BA91F74F-5CE7-463F-E89D-40B076DE9E93
3:137  0:003  Calibrated TSC Frequency = 3600476600 = 3600MHz
3:141  0:003  === [ GetListOfThemes ] =========================
3:145  0:003  - [00]: random
3:153  0:008  - [00]: embedded
3:161  0:008  === [ Found config plists ] =====================
3:165  0:003  - config-sample.plist
3:169  0:003  - config.plist
3:174  0:004  === [ LoadDrivers ] =============================
3:180  0:005  Loading OsxAptioFix3Drv-64.efi status=Success
3:193  0:013  Loading PartitionDxe-64.efi status=Success
3:206  0:012   - driver needs connecting
3:209  0:003  Loading DataHubDxe-64.efi status=Success
3:224  0:015  Loading EnglishDxe.efi status=Success
3:238  0:013  Loading VBoxHfs-64.efi status=Success
3:250  0:012   - driver needs connecting
3:254  0:003  Loading FSInject-64.efi status=Success
3:266  0:012  Loading ApfsDriverLoader-64.efi status=Success
3:279  0:012   - driver needs connecting
3:283  0:003  Loading EmuVariableUefi-64.efi status=Success
3:295  0:012  EmuVariableUefi Initialize: VariableCommonInitialize = Success, orig services stored, install gEmuVariableControlProtocolGuid = Success
3:296  0:001  Loading SMCHelper-64.efi status=Success
3:309  0:012  Loading AudioDxe-64.efi status=Success
3:321  0:012   - driver needs connecting
3:325  0:003  4 drivers needs connecting ...
3:325  0:000  PlatformDriverOverrideProtocol not found. Installing ... Success
3:326  0:000  Partition driver loaded: 
3:326  0:000  HFS+ driver loaded
3:326  0:000  APFS driver loaded
3:326  0:000  Searching for invalid DiskIo BY_DRIVER connects: not found, all ok
9:641  6:314  EmuVariable InstallEmulation: orig vars copied, emu.var.services installed, CreateEvent VirtualAddressChange = Success, CreateEvent ExitBootServices = Success, set Status=Success
9:687  0:046  === [ InitScreen ] ==============================
9:690  0:002  Console modes reported: 4, available modes:
9:693  0:002   - [01]: 80x25 (current mode)
9:696  0:002   - [03]: 100x31
9:699  0:002   - [04]: 170x40
9:702  0:002  SetScreenResolution: 1920x1080 - not found!
9:707  0:005  SetMaxResolution: found best mode 0: 1366x768
9:713  0:005   - already set
9:717  0:003  Using embedded font
9:720  0:003  === [ ScanSPD ] =================================
9:723  0:002  SMBus device : 8086 A323 class=0C0500 status=Success
9:726  0:002  SMBus CmdReg: 0x3
9:729  0:002  Scanning SMBus [8086:A323], mmio: 0xA2338004, ioport: 0xEFA0, hostc: 0x11
9:732  0:002  Slots to scan [8]...
9:735  0:003  SPD[0]: Got invalid type 0 @0x50. Will set page and retry.
9:738  0:003  SPD[0]: Type 12 @0x50
9:759  0:020  XMP Profile1: 4*125 -31 ns
9:762  0:002  Found module with XMP version 2.0
9:764  0:002  XMPDetection deactivated in config.plist
9:767  0:002  DDR speed 2132MHz
9:770  0:002  Slot: 0 Type 26 8192MB 2132MHz Vendor=Corsair PartNo=CMK16GX4M2K4266C19 SerialNo=00000000
9:773  0:003  SPD[1]: Type 12 @0x51
9:794  0:020  XMP Profile1: 4*125 -31 ns
9:797  0:002  Found module with XMP version 2.0
9:800  0:002  XMPDetection deactivated in config.plist
9:803  0:002  DDR speed 2132MHz
9:805  0:002  Slot: 1 Type 26 8192MB 2132MHz Vendor=Corsair PartNo=CMK16GX4M2K4266C19 SerialNo=00000000
9:809  0:003  === [ GetAcpiTablesList ] =======================
9:812  0:002  Get Acpi Tables List from RSDT: count=24
9:818  0:005   - [00]: FACP  A M I  len=132
9:821  0:002   - [01]: APIC  A M I  len=188
9:823  0:002   - [02]: FPDT  A M I  len=68
9:826  0:002   - [03]: FIDT  A M I len=156
9:829  0:002   - [04]: MCFG  A M I  len=60
9:832  0:002   - [05]: WSMT  A M I  len=40
9:835  0:002   - [06]: SSDT  SataTabl len=888
9:840  0:005   - [07]: SSDT  CpuSsdt len=6101
9:843  0:002   - [08]: SSDT  SaSsdt  len=12443
9:846  0:002   - [09]: SSDT  PegSsdt len=9048
9:849  0:002   - [10]: HPET  A M I  len=56
9:852  0:002   - [11]: SSDT  Ther_Rvp len=3998
9:855  0:002   - [12]: SSDT  xh_cfsd4 len=10579
9:858  0:002   - [13]: UEFI  A M I  len=72
9:860  0:002   - [14]: LPIT  A M I  len=92
9:863  0:002   - [15]: SSDT  PtidDevc len=10206
9:866  0:002   - [16]: SSDT  TbtTypeC len=4094
9:869  0:002   - [17]: DBGP  A M I  len=52
9:872  0:002   - [18]: DBG2  A M I  len=84
9:874  0:002   - [19]: SSDT  UsbCTabl len=6449
9:877  0:002   - [20]: SSDT  ADebTabl len=324
9:880  0:002   - [21]: VFCT  A M I  len=59524
9:883  0:002   - [22]: BGRT  A M I  len=56
9:886  0:002   - [23]: WPBT  A M I len=60
9:889  0:003   - [00]: Drop table : MATS,                0 :  no
9:894  0:005  Custom boot CUSTOM_BOOT_DISABLED (0x0)
9:897  0:002  Default theme: tonymacx86
9:900  0:002  Set FakeCPUID: 0x0
9:903  0:003  === [ Found DSDT tables ] =======================
9:906  0:002  === [ InitKextList ] ============================
9:910  0:004  Added Kext=Other\IntelCPUMonitor.kext (1.2.6)
9:914  0:003  Added Kext=Other\FakeSMC.kext (3.5.6)
9:918  0:003  Added Kext=Other\RadeonMonitor.kext (1.3.5)
9:922  0:004  === [ ScanVolumes ] =============================
9:925  0:002  Found 10 volumes with blockIO
9:928  0:002  - [00]: Volume: PciRoot(0x0)\Pci(0x17,0x0)\Sata(0x0,0xFFFF,0x0)
9:934  0:005  - [01]: Volume: PciRoot(0x0)\Pci(0x17,0x0)\Sata(0x0,0xFFFF,0x0)\HD(1,GPT,38DCC513-D608-408E-9D2F-1469C8B906A0,0x28,0x64000)
9:940  0:006          Result of bootcode detection: bootable unknown (legacy)
9:972  0:031            label : EFI
9:975  0:002  - [02]: Volume: PciRoot(0x0)\Pci(0x17,0x0)\Sata(0x0,0xFFFF,0x0)\HD(2,GPT,C20AA839-E88E-4CED-8CAB-9480B290394C,0x64028,0x15D466360)
10:001  0:025            label : Dati
10:003  0:002  - [03]: Volume: PciRoot(0x0)\Pci(0x1D,0x0)\Pci(0x0,0x0)\NVMe(0x1,CA-8F-B2-81-58-38-25-00)
10:009  0:005  - [04]: Volume: PciRoot(0x0)\Pci(0x1D,0x0)\Pci(0x0,0x0)\NVMe(0x1,CA-8F-B2-81-58-38-25-00)\HD(1,GPT,6E40A227-DDED-4325-B7CE-3959620EB39E,0x28,0x64000)
10:015  0:005          Result of bootcode detection: bootable unknown (legacy)
10:018  0:003            label : EFI
10:021  0:002          This is SelfVolume !!
10:023  0:002  - [05]: Volume: PciRoot(0x0)\Pci(0x1D,0x0)\Pci(0x0,0x0)\NVMe(0x1,CA-8F-B2-81-58-38-25-00)\HD(2,GPT,9508A8C6-F9B9-4EDD-ABC7-C1C4A019C410,0x64028,0x3A321FE0)
10:029  0:005          Result of bootcode detection: bootable unknown (legacy)
10:032  0:002  - [06]: Volume: PciRoot(0x0)\Pci(0x1D,0x0)\Pci(0x0,0x0)\NVMe(0x1,CA-8F-B2-81-58-38-25-00)\HD(2,GPT,9508A8C6-F9B9-4EDD-ABC7-C1C4A019C410,0x64028,0x3A321FE0)\VenMedia(BE74FCF7-0B7C-49F3-9147-01F4042E6842,F2738F7DD5B89341BB89C99D72294438)
10:038  0:005            apfsFileSystemUUID=7D8F73F2-B8D5-4193-BB89-C99D72294438, ApfsContainerUUID=85F3C012-2D6D-4FA1-A77E-71D7470E7FA2, ApfsRole=0x10
10:041  0:002            label : Preboot
10:043  0:002  - [07]: Volume: PciRoot(0x0)\Pci(0x1D,0x0)\Pci(0x0,0x0)\NVMe(0x1,CA-8F-B2-81-58-38-25-00)\HD(2,GPT,9508A8C6-F9B9-4EDD-ABC7-C1C4A019C410,0x64028,0x3A321FE0)\VenMedia(BE74FCF7-0B7C-49F3-9147-01F4042E6842,5D6490A424B7BC4F9AC8F7A23B1C4935)
10:049  0:005            apfsFileSystemUUID=A490645D-B724-4FBC-9AC8-F7A23B1C4935, ApfsContainerUUID=85F3C012-2D6D-4FA1-A77E-71D7470E7FA2, ApfsRole=0x0
10:066  0:017            label : Macintosh HD
10:069  0:002  - [08]: Volume: PciRoot(0x0)\Pci(0x1D,0x0)\Pci(0x0,0x0)\NVMe(0x1,CA-8F-B2-81-58-38-25-00)\HD(2,GPT,9508A8C6-F9B9-4EDD-ABC7-C1C4A019C410,0x64028,0x3A321FE0)\VenMedia(BE74FCF7-0B7C-49F3-9147-01F4042E6842,B6D67091A529BA4BA6736F0E24A99093)
10:075  0:005            apfsFileSystemUUID=9170D6B6-29A5-4BBA-A673-6F0E24A99093, ApfsContainerUUID=85F3C012-2D6D-4FA1-A77E-71D7470E7FA2, ApfsRole=0x4
10:078  0:002            label : Recovery
10:080  0:002  - [09]: Volume: PciRoot(0x0)\Pci(0x1D,0x0)\Pci(0x0,0x0)\NVMe(0x1,CA-8F-B2-81-58-38-25-00)\HD(2,GPT,9508A8C6-F9B9-4EDD-ABC7-C1C4A019C410,0x64028,0x3A321FE0)\VenMedia(BE74FCF7-0B7C-49F3-9147-01F4042E6842,55B78B2757452849A2D432E0BB550617)
10:086  0:005            apfsFileSystemUUID=278BB755-4557-4928-A2D4-32E0BB550617, ApfsContainerUUID=85F3C012-2D6D-4FA1-A77E-71D7470E7FA2, ApfsRole=0x8
10:089  0:002            label : VM
10:092  0:002  Searching volumes for latest nvram.plist ...
10:098  0:006   - [0] no nvram.plist
10:101  0:002   Modified = 2024-11-21 20:38:46 (4016810326000 ms)
10:107  0:005   - newer - will use this one
10:109  0:002  Loading nvram.plist from EFI index 1  begin load gNvramDict=0x0
10:115  0:005   loaded, size=3239
10:118  0:002  LoadLatestNvramPlist loaded Status=Success
10:121  0:002  === [ PutNvramPlistToRtVars ] ===================
10:124  0:002  dict count = 30
10:126  0:002   Adding Key: EFILoginHiDPI: Size = 4, Data: 00 00 00 00 
10:148  0:021  SetNvramVariable (EFILoginHiDPI, 7C436110-AB2A-4BBB-A880-FE41995C9F82, 0x6, 4): -> writing new (Success)
10:154  0:005   Skipping EmuVariableUefiPresent
10:157  0:002   Adding Key: SystemAudioVolume: Size = 1, Data: 80 
10:168  0:011  SetNvramVariable (SystemAudioVolume, 7C436110-AB2A-4BBB-A880-FE41995C9F82, 0x6, 1): -> writing new (Success)
10:174  0:005   Adding Key: SystemAudioVolumeDB: Size = 1, Data: F0 
10:185  0:011  SetNvramVariable (SystemAudioVolumeDB, 7C436110-AB2A-4BBB-A880-FE41995C9F82, 0x6, 1): -> writing new (Success)
10:191  0:005   Adding Key: csr-active-config: Size = 4, Data: 67 00 00 00 
10:210  0:019  SetNvramVariable (csr-active-config, 7C436110-AB2A-4BBB-A880-FE41995C9F82, 0x6, 4): -> writing new (Success)
10:216  0:005   Adding Key: efi-backup-boot-device: Size = 442, Data: 3C 61 72 72 61 79 3E 3C 64 69 63 74 3E 3C 6B 65 79 3E 49 4F 4D 61 74 63 68 3C 2F 6B 65 79 3E 3C 64 69 63 74 3E 3C 6B 65 79 3E 49 4F 50 72 6F 76 69 64 65 72 43 6C 61 73 73 3C 2F 6B 65 79 3E 3C 73 74 72 69 6E 67 3E 49 4F 4D 65 64 69 61 3C 2F 73 74 72 69 6E 67 3E 3C 6B 65 79 3E 49 4F 50 72 6F 70 65 72 74 79 4D 61 74 63 68 3C 2F 6B 65 79 3E 3C 64 69 63 74 3E 3C 6B 65 79 3E 55 55 49 44 3C 2F 6B 65 79 3E 3C 73 74 72 69 6E 67 3E 37 44 38 46 37 33 46 32 2D 42 38 44 35 2D 34 31 39 33 2D 42 42 38 39 2D 43 39 39 44 37 32 32 39 34 34 33 38 3C 2F 73 74 72 69 6E 67 3E 3C 2F 64 69 63 74 3E 3C 2F 64 69 63 74 3E 3C 6B 65 79 3E 42 4C 4C 61 73 74 42 53 44 4E 61 6D 65 3C 2F 6B 65 79 3E 3C 73 74 72 69 6E 67 3E 64 69 73 6B 32 73 32 3C 2F 73 74 72 69 6E 67 3E 3C 2F 64 69 63 74 3E 3C 64 69 63 74 3E 3C 6B 65 79 3E 49 4F 45 46 49 44 65 76 69 63 65 50 61 74 68 54 79 70 65 3C 2F 6B 65 79 3E 3C 73 74 72 69 6E 67 3E 4D 65 64 69 61 46 69 6C 65 50 61 74 68 3C 2F 73 74 72 69 6E 67 3E 3C 6B 65 79 3E 50 61 74 68 3C 2F 6B 65 79 3E 3C 73 74 72 69 6E 67 3E 5C 41 34 39 30 36 34 35 44 2D 42 37 32 34 2D 34 46 42 43 2D 39 41 43 38 2D 46 37 41 32 33 42 31 43 34 39 33 35 5C 53 79 73 74 65 6D 5C 4C 69 62 72 61 72 79 5C 43 6F 72 65 53 65 72 76 69 63 65 73 08 6F 6F 74 2E 65 66 69 3C 2F 73 74 72 69 6E 67 3E 3C 2F 64 69 63 74 3E 3C 2F 61 72 72 61 79 3E 
11:496  1:280  SetNvramVariable (efi-backup-boot-device, 7C436110-AB2A-4BBB-A880-FE41995C9F82, 0x6, 442): -> writing new (Success)
11:502  0:005   Adding Key: efi-backup-boot-device-data: Size = 276, Data: 02 01 0C 00 D0 41 03 0A 00 00 00 00 01 01 06 00 00 1D 01 01 06 00 00 00 03 16 10 00 01 00 00 00 00 25 38 58 81 B2 8F CA 04 01 2A 00 02 00 00 00 28 40 06 00 00 00 00 00 E0 1F 32 3A 00 00 00 00 C6 A8 08 95 B9 F9 DD 4E AB C7 C1 C4 A0 19 C4 10 02 02 04 03 24 00 F7 FC 74 BE 7C 0B F3 49 91 47 01 F4 04 2E 68 42 F2 73 8F 7D D5 B8 93 41 BB 89 C9 9D 72 29 44 38 04 04 9A 00 5C 00 41 00 34 00 39 00 30 00 36 00 34 00 35 00 44 00 2D 00 42 00 37 00 32 00 34 00 2D 00 34 00 46 00 42 00 43 00 2D 00 39 00 41 00 43 00 38 00 2D 00 46 00 37 00 41 00 32 00 33 00 42 00 31 00 43 00 34 00 39 00 33 00 35 00 5C 00 53 00 79 00 73 00 74 00 65 00 6D 00 5C 00 4C 00 69 00 62 00 72 00 61 00 72 00 79 00 5C 00 43 00 6F 00 72 00 65 00 53 00 65 00 72 00 76 00 69 00 63 00 65 00 73 00 5C 00 62 00 6F 00 6F 00 74 00 2E 00 65 00 66 00 69 00 00 00 7F FF 04 00 
12:299  0:797  SetNvramVariable (efi-backup-boot-device-data, 7C436110-AB2A-4BBB-A880-FE41995C9F82, 0x6, 276): -> writing new (Success)
12:305  0:005   Adding Key: fakesmc-key-#KEY-ui32: Size = 4, Data: 00 00 00 00 
12:326  0:020  SetNvramVariable (fakesmc-key-#KEY-ui32, 7C436110-AB2A-4BBB-A880-FE41995C9F82, 0x6, 4): exists(0x7, 4)DeleteNvramVariable (fakesmc-key-#KEY-ui32, 7C436110-AB2A-4BBB-A880-FE41995C9F82):
12:334  0:008  , diff. attr: deleting old (Success) -> writing new (Success)
12:340  0:005   Adding Key: fakesmc-key-$Adr-ui32: Size = 4, Data: 00 00 03 00 
12:361  0:021  SetNvramVariable (fakesmc-key-$Adr-ui32, 7C436110-AB2A-4BBB-A880-FE41995C9F82, 0x6, 4): exists(0x7, 4)DeleteNvramVariable (fakesmc-key-$Adr-ui32, 7C436110-AB2A-4BBB-A880-FE41995C9F82):
12:370  0:008  , diff. attr: deleting old (Success) -> writing new (Success)
12:375  0:005   Adding Key: fakesmc-key-$Num-ui8: Size = 1, Data: 01 
12:390  0:014  SetNvramVariable (fakesmc-key-$Num-ui8, 7C436110-AB2A-4BBB-A880-FE41995C9F82, 0x6, 1): exists(0x7, 1)DeleteNvramVariable (fakesmc-key-$Num-ui8, 7C436110-AB2A-4BBB-A880-FE41995C9F82):
12:398  0:008  , diff. attr: deleting old (Success) -> writing new (Success)
12:404  0:005   Adding Key: fakesmc-key-BATP-flag: Size = 1, Data: 00 
12:415  0:011  SetNvramVariable (fakesmc-key-BATP-flag, 7C436110-AB2A-4BBB-A880-FE41995C9F82, 0x6, 1): -> writing new (Success)
12:421  0:005   Adding Key: fakesmc-key-BEMB-flag: Size = 1, Data: 00 
12:432  0:011  SetNvramVariable (fakesmc-key-BEMB-flag, 7C436110-AB2A-4BBB-A880-FE41995C9F82, 0x6, 1): -> writing new (Success)
12:437  0:005   Adding Key: fakesmc-key-BNum-ui8: Size = 1, Data: 00 
12:449  0:011  SetNvramVariable (fakesmc-key-BNum-ui8, 7C436110-AB2A-4BBB-A880-FE41995C9F82, 0x6, 1): -> writing new (Success)
12:454  0:005   Adding Key: fakesmc-key-EPCI-ui32: Size = 4, Data: 09 D0 F0 00 
12:474  0:019  SetNvramVariable (fakesmc-key-EPCI-ui32, 7C436110-AB2A-4BBB-A880-FE41995C9F82, 0x6, 4): -> writing new (Success)
12:479  0:005   Adding Key: fakesmc-key-MSAc-ui16: Size = 2, Data: 00 00 
12:493  0:013  SetNvramVariable (fakesmc-key-MSAc-ui16, 7C436110-AB2A-4BBB-A880-FE41995C9F82, 0x6, 2): -> writing new (Success)
12:499  0:005   Adding Key: fakesmc-key-MSFW-ui8: Size = 2, Data: 01 00 
12:513  0:013  SetNvramVariable (fakesmc-key-MSFW-ui8, 7C436110-AB2A-4BBB-A880-FE41995C9F82, 0x6, 2): -> writing new (Success)
12:518  0:005   Adding Key: fakesmc-key-MSPS-ui16: Size = 2, Data: 00 03 
12:532  0:013  SetNvramVariable (fakesmc-key-MSPS-ui16, 7C436110-AB2A-4BBB-A880-FE41995C9F82, 0x6, 2): -> writing new (Success)
12:538  0:005   Adding Key: fakesmc-key-MSTc-ui8: Size = 1, Data: 00 
12:549  0:011  SetNvramVariable (fakesmc-key-MSTc-ui8, 7C436110-AB2A-4BBB-A880-FE41995C9F82, 0x6, 1): -> writing new (Success)
12:554  0:005   Adding Key: fakesmc-key-MSWr-ui8: Size = 1, Data: 00 
12:571  0:016  SetNvramVariable (fakesmc-key-MSWr-ui8, 7C436110-AB2A-4BBB-A880-FE41995C9F82, 0x6, 1): -> writing new (Success)
12:576  0:005   Adding Key: fakesmc-key-RBr -ch8*: Size = 8, Data: 6A 31 33 38 5F 39 00 00 
12:612  0:035  SetNvramVariable (fakesmc-key-RBr -ch8*, 7C436110-AB2A-4BBB-A880-FE41995C9F82, 0x6, 8): -> writing new (Success)
12:618  0:005   Adding Key: fakesmc-key-REV -ch8*: Size = 6, Data: 02 46 0F 00 00 12 
12:643  0:025  SetNvramVariable (fakesmc-key-REV -ch8*, 7C436110-AB2A-4BBB-A880-FE41995C9F82, 0x6, 6): -> writing new (Success)
12:648  0:005   Adding Key: fakesmc-key-RMde-char: Size = 1, Data: 41 
12:660  0:011  SetNvramVariable (fakesmc-key-RMde-char, 7C436110-AB2A-4BBB-A880-FE41995C9F82, 0x6, 1): exists(0x7, 1)DeleteNvramVariable (fakesmc-key-RMde-char, 7C436110-AB2A-4BBB-A880-FE41995C9F82):
12:668  0:008  , diff. attr: deleting old (Success) -> writing new (Success)
12:674  0:005   Adding Key: fakesmc-key-RPlt-ch8*: Size = 8, Data: 6A 31 33 38 00 00 00 00 
12:708  0:034  SetNvramVariable (fakesmc-key-RPlt-ch8*, 7C436110-AB2A-4BBB-A880-FE41995C9F82, 0x6, 8): -> writing new (Success)
12:713  0:005   Adding Key: flagstate: Size = 32, Data: 00 00 00 00 00 00 00 00 00 00 00 00 00 00 00 00 00 00 00 00 00 00 00 00 00 00 00 00 00 00 00 00 
12:813  0:099  SetNvramVariable (flagstate, 7C436110-AB2A-4BBB-A880-FE41995C9F82, 0x6, 32): -> writing new (Success)
12:819  0:005   Adding Key: fmm-computer-name: Size = 20, Data: 4D 61 63 42 6F 6F 6B 20 50 72 6F 20 64 69 20 50 65 70 70 65 
12:884  0:064  SetNvramVariable (fmm-computer-name, 7C436110-AB2A-4BBB-A880-FE41995C9F82, 0x6, 20): -> writing new (Success)
12:889  0:005   Adding Key: msu-product-url: Size = 77, Data: 6D 73 75 2D 70 72 6F 64 75 63 74 2D 75 72 6C 3A 2F 2F 41 34 39 30 36 34 35 44 2D 42 37 32 34 2D 34 46 42 43 2D 39 41 43 38 2D 46 37 41 32 33 42 31 43 34 39 33 35 2F 6D 61 63 4F 53 25 32 30 49 6E 73 74 61 6C 6C 25 32 30 44 61 74 61 
13:116  0:226  SetNvramVariable (msu-product-url, 7C436110-AB2A-4BBB-A880-FE41995C9F82, 0x6, 77): -> writing new (Success)
13:121  0:005   Adding Key: prev-lang:kbd: Size = 9, Data: 69 74 2D 49 54 3A 32 32 33 
13:155  0:033  SetNvramVariable (prev-lang:kbd, 7C436110-AB2A-4BBB-A880-FE41995C9F82, 0x6, 9): -> writing new (Success)
13:161  0:005   Adding Key: previous-system-uuid: Size = 36, Data: 41 34 39 30 36 34 35 44 2D 42 37 32 34 2D 34 46 42 43 2D 39 41 43 38 2D 46 37 41 32 33 42 31 43 34 39 33 35 
13:270  0:109  SetNvramVariable (previous-system-uuid, 7C436110-AB2A-4BBB-A880-FE41995C9F82, 0x6, 36): -> writing new (Success)
13:276  0:005   Adding Key: security-mode: String: Size = 4, Val = 'none'
13:281  0:005  SetNvramVariable (security-mode, 7C436110-AB2A-4BBB-A880-FE41995C9F82, 0x6, 4): -> writing new (Success)
13:287  0:005   Adding Key: specialbootdevice: Size = 122, Data: 02 01 0C 00 D0 41 03 0A 00 00 00 00 01 01 06 00 00 1D 01 01 06 00 00 00 03 17 10 00 01 00 00 00 00 25 38 58 81 B2 8F CA 04 01 2A 00 02 00 00 00 28 40 06 00 00 00 00 00 E0 1F 32 3A 00 00 00 00 C6 A8 08 95 B9 F9 DD 4E AB C7 C1 C4 A0 19 C4 10 02 02 04 03 24 00 F7 FC 74 BE 7C 0B F3 49 91 47 01 F4 04 2E 68 42 5D 64 90 A4 24 B7 BC 4F 9A C8 F7 A2 3B 1C 49 35 7F FF 04 00 
13:648  0:360  SetNvramVariable (specialbootdevice, 7C436110-AB2A-4BBB-A880-FE41995C9F82, 0x6, 122): -> writing new (Success)
13:653  0:005  found 3 handles with audio
13:656  0:002  No AudioIoDevice stored
13:659  0:002  no stored audio parameters
13:662  0:002  Found Audio Device AMD (Unknown) (HDMI) at index 0
13:664  0:002  Found Audio Device AMD (Unknown) (HDMI) at index 1
13:667  0:002  Found Audio Device AMD (Unknown) (HDMI) at index 2
13:670  0:002  Found Audio Device AMD (Unknown) (HDMI) at index 3
13:673  0:002  Found Audio Device AMD (Unknown) (HDMI) at index 4
13:675  0:002  Found Audio Device AMD (Unknown) (HDMI) at index 5
13:678  0:002  Found Audio Device Realtek (Unknown) (LineOut) at index 6
13:681  0:002  Found Audio Device Realtek (Unknown) (LineOut) at index 7
13:684  0:002  Found Audio Device Realtek (Unknown) (LineOut) at index 8
13:686  0:002  Found Audio Device Realtek (Unknown) (Headphones) at index 9
13:689  0:002  Found Audio Device Realtek (Unknown) (SPDIF) at index 10
13:692  0:002  Found Audio Device Intel Kaby Lake HDMI (HDMI) at index 11
13:695  0:002  === [ InitXTheme ] ==============================
13:697  0:002  use Daylight theme
13:700  0:002   using embedded theme
13:713  0:012  Using embedded font
13:716  0:003  theme inited
13:719  0:002  Chosen embedded theme
13:721  0:002  after NVRAM boot-args=dart=0
13:724  0:002  Scanning legacy ...
13:727  0:002  === [ Dump SMC keys from NVRAM ] ================
13:730  0:002  found AppleSMC protocol
13:733  0:002     fakesmc-key-RVBF-ch8*:02 41 0F 00 00 02 
13:756  0:023     fakesmc-key-#KEY-ui32:00 00 00 00 
13:773  0:016     fakesmc-key-$Adr-ui32:00 00 03 00 
13:790  0:016     fakesmc-key-$Num-ui8:01 
13:798  0:008     fakesmc-key-BATP-flag:00 
13:807  0:008     fakesmc-key-BEMB-flag:00 
13:815  0:008     fakesmc-key-BNum-ui8:00 
13:824  0:008     fakesmc-key-EPCI-ui32:09 D0 F0 00 
13:841  0:016     fakesmc-key-MSAc-ui16:00 00 
13:855  0:014     fakesmc-key-MSFW-ui8:01 00 
13:866  0:011     fakesmc-key-MSPS-ui16:00 03 
13:878  0:011     fakesmc-key-MSTc-ui8:00 
13:886  0:008     fakesmc-key-MSWr-ui8:00 
13:894  0:008     fakesmc-key-RBr -ch8*:6A 31 33 38 5F 39 00 00 
13:922  0:027     fakesmc-key-REV -ch8*:02 46 0F 00 00 12 
13:944  0:022     fakesmc-key-RMde-char:41 
13:953  0:008     fakesmc-key-RPlt-ch8*:6A 31 33 38 00 00 00 00 
13:980  0:027  Registered 17 SMC keys
13:983  0:002  === [ ScanLoader ] ==============================
13:986  0:002  - [01]: 'EFI'
14:009  0:023  - [02]: 'Dati'
14:058  0:048  - [04]: 'EFI'
14:065  0:007        AddLoaderEntry for Volume Name=EFI, idx=0
14:068  0:002        OSVersion= 
14:071  0:002        IconName=unknown comma=-1 size=7
14:074  0:002        Full=unknown
14:076  0:002        Loader entry created for 'PciRoot(0x0)\Pci(0x1D,0x0)\Pci(0x0,0x0)\NVMe(0x1,CA-8F-B2-81-58-38-25-00)\HD(1,GPT,6E40A227-DDED-4325-B7CE-3959620EB39E,0x28,0x64000)\EFI\BOOT\BOOTX64.efi'
14:079  0:002       hiding entry: \EFI\BOOT\BOOTX64.efi
14:082  0:002        Menu entry added at index 0
14:085  0:002       hiding entry because DiskKind is DISK_KIND_INTERNAL: \EFI\BOOT\BOOTX64.efi
14:088  0:002  - [06]: 'Preboot'
14:096  0:008      ApfsContainerUUID=85F3C012-2D6D-4FA1-A77E-71D7470E7FA2
14:099  0:002      ApfsFileSystemUUID=7D8F73F2-B8D5-4193-BB89-C99D72294438
14:102  0:002      APFSTargetUUID=A490645D-B724-4FBC-9AC8-F7A23B1C4935
14:105  0:002        AddLoaderEntry for Volume Name=Preboot, idx=1
14:108  0:003        OSVersion=10.14.6 
14:111  0:002        Check if volume Is Hibernated:
14:114  0:002        Check sleep image 'by signature':
14:116  0:002        using default sleep image name = \private\var\vm\sleepimage
14:119  0:002        cannot open sleepimage -> Not Found
14:125  0:005        hibernated: no - sign
14:127  0:002        IconName=moja,mac comma=4 size=8
14:130  0:002        first=os_moja
14:133  0:002        Second=os_mac
14:136  0:002        IconName=unknown comma=-1 size=7
14:139  0:002        Full=unknown
14:141  0:002        Loader entry created for 'PciRoot(0x0)\Pci(0x1D,0x0)\Pci(0x0,0x0)\NVMe(0x1,CA-8F-B2-81-58-38-25-00)\HD(2,GPT,9508A8C6-F9B9-4EDD-ABC7-C1C4A019C410,0x64028,0x3A321FE0)\VenMedia(BE74FCF7-0B7C-49F3-9147-01F4042E6842,F2738F7DD5B89341BB89C99D72294438)\A490645D-B724-4FBC-9AC8-F7A23B1C4935\System\Library\CoreServices\boot.efi'
14:148  0:006        Menu entry added at index 1
14:152  0:003        AddLoaderEntry for Volume Name=Preboot, idx=2
14:155  0:003        OSVersion=10.14.6 
14:158  0:002        IconName=moja,mac comma=4 size=8
14:160  0:002        first=os_moja
14:163  0:002        Second=os_mac
14:166  0:002        IconName=unknown comma=-1 size=7
14:169  0:002        Full=unknown
14:172  0:002        Loader entry created for 'PciRoot(0x0)\Pci(0x1D,0x0)\Pci(0x0,0x0)\NVMe(0x1,CA-8F-B2-81-58-38-25-00)\HD(2,GPT,9508A8C6-F9B9-4EDD-ABC7-C1C4A019C410,0x64028,0x3A321FE0)\VenMedia(BE74FCF7-0B7C-49F3-9147-01F4042E6842,F2738F7DD5B89341BB89C99D72294438)\A490645D-B724-4FBC-9AC8-F7A23B1C4935\com.apple.installer\boot.efi'
14:175  0:003        Menu entry added at index 2
14:178  0:002  - [07]: 'Macintosh HD'
14:183  0:005      ApfsContainerUUID=85F3C012-2D6D-4FA1-A77E-71D7470E7FA2
14:187  0:003      ApfsFileSystemUUID=A490645D-B724-4FBC-9AC8-F7A23B1C4935
14:190  0:003        AddLoaderEntry for Volume Name=Macintosh HD, idx=3
14:194  0:004        OSVersion=13.1 
14:197  0:002        IconName=ventura,mac comma=7 size=11
14:200  0:002        first=os_ventura
14:203  0:002        Second=os_mac
14:206  0:002        IconName=unknown comma=-1 size=7
14:208  0:002        Full=unknown
14:211  0:002        Loader entry created for 'PciRoot(0x0)\Pci(0x1D,0x0)\Pci(0x0,0x0)\NVMe(0x1,CA-8F-B2-81-58-38-25-00)\HD(2,GPT,9508A8C6-F9B9-4EDD-ABC7-C1C4A019C410,0x64028,0x3A321FE0)\VenMedia(BE74FCF7-0B7C-49F3-9147-01F4042E6842,5D6490A424B7BC4F9AC8F7A23B1C4935)\macOS Install Data\Locked Files\Boot Files\boot.efi'
14:215  0:003        Menu entry added at index 3
14:220  0:004        AddLoaderEntry for Volume Name=Macintosh HD, idx=4
14:223  0:003        OSVersion=10.14.6 
14:226  0:002        Check if volume Is Hibernated:
14:229  0:002        Check sleep image 'by signature':
14:235  0:006        read prefs \Library\Preferences\com.apple.PowerManagement.plist status=Success
14:238  0:002        using default sleep image name = \private\var\vm\sleepimage
14:242  0:003        cannot open sleepimage -> Not Found
14:244  0:002        hibernated: no - sign
14:247  0:002        IconName=moja,mac comma=4 size=8
14:250  0:002        first=os_moja
14:253  0:002        Second=os_mac
14:255  0:002        IconName=unknown comma=-1 size=7
14:258  0:002        Full=unknown
14:261  0:002        Loader entry created for 'PciRoot(0x0)\Pci(0x1D,0x0)\Pci(0x0,0x0)\NVMe(0x1,CA-8F-B2-81-58-38-25-00)\HD(2,GPT,9508A8C6-F9B9-4EDD-ABC7-C1C4A019C410,0x64028,0x3A321FE0)\VenMedia(BE74FCF7-0B7C-49F3-9147-01F4042E6842,5D6490A424B7BC4F9AC8F7A23B1C4935)\System\Library\CoreServices\boot.efi'
14:265  0:003        Menu entry added at index 4
14:267  0:002  - [08]: 'Recovery'
14:273  0:005      ApfsContainerUUID=85F3C012-2D6D-4FA1-A77E-71D7470E7FA2
14:276  0:002      ApfsFileSystemUUID=9170D6B6-29A5-4BBA-A673-6F0E24A99093
14:278  0:002      APFSTargetUUID=A490645D-B724-4FBC-9AC8-F7A23B1C4935
14:281  0:002        AddLoaderEntry for Volume Name=Recovery, idx=5
14:284  0:003        OSVersion=10.14.6 
14:287  0:002        IconName=moja,mac comma=4 size=8
14:290  0:002        first=os_moja
14:293  0:002        Second=os_mac
14:296  0:002        IconName=unknown comma=-1 size=7
14:299  0:002        Full=unknown
14:302  0:002        Loader entry created for 'PciRoot(0x0)\Pci(0x1D,0x0)\Pci(0x0,0x0)\NVMe(0x1,CA-8F-B2-81-58-38-25-00)\HD(2,GPT,9508A8C6-F9B9-4EDD-ABC7-C1C4A019C410,0x64028,0x3A321FE0)\VenMedia(BE74FCF7-0B7C-49F3-9147-01F4042E6842,B6D67091A529BA4BA6736F0E24A99093)\A490645D-B724-4FBC-9AC8-F7A23B1C4935\boot.efi'
14:305  0:003        Menu entry added at index 5
14:308  0:002  - [09]: 'VM'
14:314  0:005      ApfsContainerUUID=85F3C012-2D6D-4FA1-A77E-71D7470E7FA2
14:317  0:002      ApfsFileSystemUUID=278BB755-4557-4928-A2D4-32E0BB550617
14:320  0:002  Entries list before ordering
14:322  0:002      Entry 0 : Boot UEFI internal from EFI (hidden)
14:325  0:002      Entry 1 : Boot Mac OS from Macintosh HD via Preboot
14:328  0:002      Entry 2 : Boot Mac OS Install for Macintosh HD via Preboot
14:331  0:002      Entry 3 : Boot macOS Install from Macintosh HD
14:334  0:002      Entry 4 : Boot macOS from Macintosh HD
14:337  0:002      Entry 5 : Boot Mac OS Recovery for Macintosh HD via Recovery
14:340  0:002  Hiding entry 1 because of entry 4
14:342  0:002  Hiding entry 2 because of entry 3
14:345  0:002  Move preboot entry 1 before system 4
14:348  0:002  Move installer entry 2 before preboot 3
14:351  0:002  Entries list after ordering
14:354  0:002    Entry 0 : Boot UEFI internal from EFI (hidden)
14:356  0:002    Entry 1 : Boot macOS Install from Macintosh HD
14:359  0:002    Entry 2 : Boot Mac OS Install for Macintosh HD via Preboot (hidden)
14:362  0:002    Entry 3 : Boot Mac OS from Macintosh HD via Preboot (hidden)
14:365  0:002    Entry 4 : Boot macOS from Macintosh HD
14:368  0:002    Entry 5 : Boot Mac OS Recovery for Macintosh HD via Recovery
14:371  0:002  === [ AddCustomTool ] ===========================
14:374  0:003  found tool \EFI\CLOVER\tools\Shell64U.efi
14:377  0:002  Checking EFI partition Volume 1 for Clover
14:381  0:004   Found Clover
14:384  0:003  EmuVariable UninstallEmulation: CloseEvent = Success, original var services restored
14:393  0:009  EmuVariable InstallEmulation: orig vars copied, emu.var.services installed, CreateEvent VirtualAddressChange = Success, CreateEvent ExitBootServices = Success, set Status=Success
14:439  0:045  === [ GetEfiBootDeviceFromNvram ] ===============
14:442  0:002   - [!] efi-boot-device-data not found
14:444  0:002   - found entry 0. 'Boot macOS Install from Macintosh HD', Volume 'Macintosh HD', DevicePath 'PciRoot(0x0)\Pci(0x1D,0x0)\Pci(0x0,0x0)\NVMe(0x1,CA-8F-B2-81-58-38-25-00)\HD(2,GPT,9508A8C6-F9B9-4EDD-ABC7-C1C4A019C410,0x64028,0x3A321FE0)\VenMedia(BE74FCF7-0B7C-49F3-9147-01F4042E6842,5D6490A424B7BC4F9AC8F7A23B1C4935)\macOS Install Data\Locked Files\Boot Files\boot.efi'
14:447  0:003  EmuVariable UninstallEmulation: CloseEvent = Success, original var services restored
14:457  0:009  BannerPlace at Clear Screen [619,68]
14:477  0:020  GUI ready
20:249  5:772  Boot option 0 has other volume name Macintosh HDboot.efi
20:253  0:003  === [ StartLoader ] =============================
20:257  0:003  Starting PciRoot(0x0)\Pci(0x1D,0x0)\Pci(0x0,0x0)\NVMe(0x1,CA-8F-B2-81-58-38-25-00)\HD(2,GPT,9508A8C6-F9B9-4EDD-ABC7-C1C4A019C410,0x64028,0x3A321FE0)\VenMedia(BE74FCF7-0B7C-49F3-9147-01F4042E6842,5D6490A424B7BC4F9AC8F7A23B1C4935)\System\Library\CoreServices\boot.efi
20:260  0:003  Finally: ExternalClock=26MHz BusSpeed=100014kHz CPUFreq=3600MHz PIS: hw.busfrequency=104000000Hz
20:268  0:007  Beginning OC
20:272  0:003  OCST: Missing vault data, ignoring...
20:275  0:003  AddKextsInArray from Other
20:279  0:003  ->Extra kext: Other\IntelCPUMonitor.kext (v.1.2.6)
20:283  0:003  ->Extra kext: Other\FakeSMC.kext (v.3.5.6)
20:286  0:003  ->Extra kext: Other\RadeonMonitor.kext (v.1.3.5)
20:290  0:003  AddKextsInArray from Off
20:294  0:003  AddKextsInArray from 10
20:297  0:003  AddKextsInArray from 10_normal
20:301  0:003  AddKextsInArray from 10.14
20:304  0:003  AddKextsInArray from 10.14_normal
20:308  0:003  AddKextsInArray from 10.14.6
20:312  0:003  AddKextsInArray from 10.14.6_normal
20:315  0:003  Bridge kext to OC : Path=Other\FakeSMC.kext
20:320  0:004  Bridge kext to OC : Path=Other\IntelCPUMonitor.kext
20:324  0:004  Bridge kext to OC : Path=Other\RadeonMonitor.kext
20:329  0:004  No OpenRuntime driver. This is wrong, OpenRuntime is mandatory.
20:332  0:003  OC: config config.plist
20:336  0:003  OC: Got 0 drivers
20:340  0:003  OC: OpenCore DBG-102-2024-09-12 is loading in Optional mode (0/0)...
20:343  0:003  OC: StorageHandle 0 with  LauncherOption pointing to 
20:349  0:005  OcOSInfoInstallProtocol
20:353  0:003  OCRTC: OcAppleRtcRamInstallProtocol
20:356  0:003  OCRTC: Wake log is 0x00 0x00   0 0x00
20:360  0:003  OcAppleFbInfoInstallProtocol
20:364  0:003  OcAppleEg2InfoInstallProtocol
20:368  0:003  OC: Loading Apple Secure Boot with Disabled (level 0)
20:372  0:004  OCABC: ALRBL 0 RTDFRG 0 DEVMMIO 0 NOSU 0 NOVRWR 0 NOSB 0 FBSIG 0 NOHBMAP 0 SMSLIDE 0 WRUNPROT 0
20:375  0:003  OCABC: FEXITBS 0 PRMRG 0 CSLIDE 0 MSLIDE 0 PRSRV 0 RBMAP 0 VMAP 0 APPLOS 0 RTPERMS 0 ARBAR -1 RBIO 0
20:379  0:003  OCABC: Awaiting rendezvous with OpenRuntime r12
20:383  0:003  OC: RequestBootVarRouting 0
20:387  0:004  OCDM: Found 0x20046/0x2003C UEFI version (376 bytes, 0 rebuilding to 376) gST 7AB3C018 gBS 6D89B3A0 gBS->CreateEventEx 6D889904 &gBS 6D5732C0
20:391  0:003  OC: Setting GPU BARs to 0
20:394  0:003  OCDM: RBAR using PciIo
20:398  0:003  OCDM: Setting RBAR to 0 inc 1 on 3/18
20:401  0:003  OCDM: Capability I/O error - Unsupported
20:405  0:003  OCDM: RBAR is unsupported by device - Device Error
20:409  0:003  OCDM: Setting RBAR to 0 inc 1 on 5/18
20:412  0:003  OCDM: Capability I/O error - Unsupported
20:416  0:003  OCDM: RBAR is unsupported by device - Device Error
20:420  0:004  OC: Got 0 drivers
20:424  0:003  OCC: Installing GOP (Unsupported) on ConsoleOutHandle...
20:428  0:003  OC: Requested resolution is 1920x1080@0 (max: 0, force: 0) from 1920x1080
20:431  0:003  OCC: Using builtin text renderer with 1 scale
20:435  0:003  OCC: Install console control (6D55E3D0/6D882C88/0), current - Success
20:438  0:003  OCC: Setup ASCII Output - Success
20:442  0:003  OC: Requested console mode is 0x0 (max: 0) from 
20:446  0:003  OC: Invalid HibernateMode: 
20:449  0:003  OC: Translated HibernateMode  to 0
20:453  0:003  OC: Hibernation activation - Invalid Parameter, hibernation wake - no
20:456  0:003  OC: Panic log does not exist
20:460  0:003  OCABC: IsEfiBootRt 0 (BP 1, Apple 0)
20:465  0:004  OCB: Arch filtering 722FC018(592440)->722FC018(592440) caps 0 - Success
20:468  0:003  ImageHandle = 72572398
20:476  0:007  GetOSVersion: 10.14.6 (B)
20:483  0:007  Filtering KextPatches:
20:487  0:003   - [00]: External icons patch :: BinPatch :: [OS: 10.14.6 | MatchOS: All | MatchBuild: All] ==> allowed
20:494  0:007   - [01]: USB Port Limit Patch 1 ©PMHeart :: BinPatch :: [OS: 10.14.6 | MatchOS: 10.14.4 | MatchBuild: All]
20:498  0:003   check MatchOS 10.14.4
20:502  0:003   ==> not allowed
20:505  0:003   - [02]: USB Port Limit Patch 2 ©PMHeart :: BinPatch :: [OS: 10.14.6 | MatchOS: 10.14.4 | MatchBuild: All]
20:509  0:003   check MatchOS 10.14.4
20:513  0:003   ==> not allowed
20:516  0:003   - [03]: USB Port Limit Patch 3 ©PMHeart :: BinPatch :: [OS: 10.14.6 | MatchOS: 10.14.4 | MatchBuild: All]
20:520  0:003   check MatchOS 10.14.4
20:523  0:003   ==> not allowed
20:527  0:003   - [04]: USB Port Limit Patch 1 ©PMHeart :: BinPatch :: [OS: 10.14.6 | MatchOS: 10.14.4 | MatchBuild: All]
20:531  0:003   check MatchOS 10.14.4
20:534  0:003   ==> not allowed
20:538  0:003   - [05]: USB Port Limit Patch 2 ©PMHeart :: BinPatch :: [OS: 10.14.6 | MatchOS: 10.14.4 | MatchBuild: All]
20:541  0:003   check MatchOS 10.14.4
20:548  0:006   ==> not allowed
20:555  0:006   - [06]: USB Port Limit Patch 3 ©PMHeart :: BinPatch :: [OS: 10.14.6 | MatchOS: 10.14.4 | MatchBuild: All]
20:558  0:003   check MatchOS 10.14.4
20:562  0:003   ==> not allowed
20:566  0:003   - [07]: USB Port Limit Patch 1 ©PMHeart :: BinPatch :: [OS: 10.14.6 | MatchOS: 10.14.4 | MatchBuild: All]
20:569  0:003   check MatchOS 10.14.4
20:573  0:003   ==> not allowed
20:577  0:003   - [08]: USB Port Limit Patch 2 ©PMHeart :: BinPatch :: [OS: 10.14.6 | MatchOS: 10.14.4 | MatchBuild: All]
20:580  0:003   check MatchOS 10.14.4
20:584  0:003   ==> not allowed
20:587  0:003   - [09]: USB Port Limit Patch 3 ©PMHeart :: BinPatch :: [OS: 10.14.6 | MatchOS: 10.14.4 | MatchBuild: All]
20:591  0:003   check MatchOS 10.14.4
20:595  0:003   ==> not allowed
20:599  0:003   - [10]: USB Port Limit Patch 1 ©PMHeart :: BinPatch :: [OS: 10.14.6 | MatchOS: 10.14.4 | MatchBuild: All]
20:602  0:003   check MatchOS 10.14.4
20:606  0:003   ==> not allowed
20:610  0:003   - [11]: USB Port Limit Patch 2 ©PMHeart :: BinPatch :: [OS: 10.14.6 | MatchOS: 10.14.4 | MatchBuild: All]
20:613  0:003   check MatchOS 10.14.4
20:617  0:003   ==> not allowed
20:621  0:003   - [12]: USB Port Limit Patch 3 ©PMHeart :: BinPatch :: [OS: 10.14.6 | MatchOS: 10.14.4 | MatchBuild: All]
20:624  0:003   check MatchOS 10.14.4
20:628  0:003   ==> not allowed
20:632  0:003   - [13]: USB Port Limit Patch 1 ©PMHeart :: BinPatch :: [OS: 10.14.6 | MatchOS: 10.14.4 | MatchBuild: All]
20:636  0:003   check MatchOS 10.14.4
20:639  0:003   ==> not allowed
20:643  0:003   - [14]: USB Port Limit Patch 2 ©PMHeart :: BinPatch :: [OS: 10.14.6 | MatchOS: 10.14.4 | MatchBuild: All]
20:646  0:003   check MatchOS 10.14.4
20:650  0:003   ==> not allowed
20:654  0:003   - [15]: USB Port Limit Patch 3 ©PMHeart :: BinPatch :: [OS: 10.14.6 | MatchOS: 10.14.4 | MatchBuild: All]
20:657  0:003   check MatchOS 10.14.4
20:661  0:003   ==> not allowed
20:665  0:003   - [16]: USB Port Limit Patch 1 ©PMHeart :: BinPatch :: [OS: 10.14.6 | MatchOS: 10.14.4 | MatchBuild: All]
20:668  0:003   check MatchOS 10.14.4
20:672  0:003   ==> not allowed
20:676  0:003   - [17]: USB Port Limit Patch 2 ©PMHeart :: BinPatch :: [OS: 10.14.6 | MatchOS: 10.14.4 | MatchBuild: All]
20:679  0:003   check MatchOS 10.14.4
20:683  0:003   ==> not allowed
20:687  0:003   - [18]: USB Port Limit Patch 3 ©PMHeart :: BinPatch :: [OS: 10.14.6 | MatchOS: 10.14.4 | MatchBuild: All]
20:690  0:003   check MatchOS 10.14.4
20:694  0:003   ==> not allowed
20:698  0:003   - [19]: USB Port Limit Patch 1 ©PMHeart :: BinPatch :: [OS: 10.14.6 | MatchOS: 10.14.4 | MatchBuild: All]
20:701  0:003   check MatchOS 10.14.4
20:705  0:003   ==> not allowed
20:708  0:003   - [20]: USB Port Limit Patch 2 ©PMHeart :: BinPatch :: [OS: 10.14.6 | MatchOS: 10.14.4 | MatchBuild: All]
20:712  0:003   check MatchOS 10.14.4
20:716  0:003   ==> not allowed
20:720  0:003   - [21]: USB Port Limit Patch 3 ©PMHeart :: BinPatch :: [OS: 10.14.6 | MatchOS: 10.14.4 | MatchBuild: All]
20:724  0:003   check MatchOS 10.14.4
20:727  0:003   ==> not allowed
20:731  0:003   - [22]: USB Port Limit Patch 1 ©PMHeart :: BinPatch :: [OS: 10.14.6 | MatchOS: 10.14.4 | MatchBuild: All]
20:735  0:003   check MatchOS 10.14.4
20:738  0:003   ==> not allowed
20:742  0:003   - [23]: USB Port Limit Patch 2 ©PMHeart :: BinPatch :: [OS: 10.14.6 | MatchOS: 10.14.4 | MatchBuild: All]
20:746  0:003   check MatchOS 10.14.4
20:750  0:003   ==> not allowed
20:754  0:003   - [24]: USB Port Limit Patch 3 ©PMHeart :: BinPatch :: [OS: 10.14.6 | MatchOS: 10.14.4 | MatchBuild: All]
20:757  0:003   check MatchOS 10.14.4
20:761  0:003   ==> not allowed
20:765  0:003   - [25]: USB port limit patch #1 10.14.x modify by DalianSky(credit ydeng) 10.14.x :: BinPatch :: [OS: 10.14.6 | MatchOS: 10.14.x | MatchBuild: All]
20:771  0:006   check MatchOS 10.14.x
20:777  0:006   ==> allowed
20:781  0:003   - [26]: USB port limit patch #2 10.14.x modify by DalianSky(credit PMHeart) 10.14.x :: BinPatch :: [OS: 10.14.6 | MatchOS: 10.14.x | MatchBuild: All]
20:785  0:003   check MatchOS 10.14.x
20:789  0:003   ==> allowed
20:792  0:003   - [27]: USB port limit patch #3 10.14.x modify by DalianSky(credit PMHeart) 10.14.x :: BinPatch :: [OS: 10.14.6 | MatchOS: 10.14.x | MatchBuild: All]
20:796  0:003   check MatchOS 10.14.x
20:800  0:003   ==> allowed
20:803  0:003   - [28]: USB port limit patch #4 10.14.x modify by DalianSky(credit PMHeart) 10.14.x
20:803  0:000   :: BinPatch :: [OS: 10.14.6 | MatchOS: 10.14.x | MatchBuild: All]
20:807  0:003   check MatchOS 10.14.x
20:811  0:003   ==> allowed
20:814  0:003  Will not patch boot.efi
20:818  0:003  Using latest BiosVersion from config instead of default 'IM191.88Z.F000.B00.2302212211'
20:822  0:003  BiosVersion: IM192.88Z.F000.B00.1902181222
20:825  0:003  BiosReleaseDate: 02/21/2023
20:829  0:003  EfiVersion: 1968.100.16.0.1
20:832  0:003  SMBIOS reloaded with model iMac19,2
20:839  0:006  Set FakeCPUID: 0x0
20:843  0:003  Bridge AppleAHCIPort patch to OC : External icons patch
20:846  0:003  Bridge com.apple.iokit.IOUSBHostFamily patch to OC : USB port limit patch #1 10.14.x modify by DalianSky(credit ydeng) 10.14.x
20:850  0:003  Bridge com.apple.iokit.IOUSBHostFamily patch to OC : USB port limit patch #2 10.14.x modify by DalianSky(credit PMHeart) 10.14.x
20:854  0:003  Bridge com.apple.driver.usb.AppleUSBXHCI patch to OC : USB port limit patch #3 10.14.x modify by DalianSky(credit PMHeart) 10.14.x
20:857  0:003  Bridge com.apple.driver.usb.AppleUSBXHCI patch to OC : USB port limit patch #4 10.14.x modify by DalianSky(credit PMHeart) 10.14.x
20:857  0:000  
20:861  0:003  === [ PatchSmbios ] =============================
20:865  0:003  UpdateSmbiosString : BiosVersion=EfiVersion=1968.100.16.0.1
20:869  0:003  UpdateSmbiosString : ReleaseDate=02/21/2023
20:872  0:003  void PatchTableType1(const SmbiosInjectedSettings&) : UpdateSmbiosString ProductName=iMac19,2
20:876  0:003  void PatchTableType2(const SmbiosInjectedSettings&) : UpdateSmbiosString ProductName=BoardNumber=Mac-63001698E7A34814
20:880  0:003  void PatchTableType2(const SmbiosInjectedSettings&) : UpdateSmbiosString Version=BoardVersion=iMac19,2
20:883  0:003  insert table 9 for dev 0:0
20:887  0:003  insert table 9 for dev 0:1
20:890  0:003  insert table 9 for dev 1F:6
20:894  0:003  Table 11 present, but rewritten for us
20:899  0:004  Do not inject memory table
20:902  0:003  Channels: 1
20:906  0:003  Interleave: 0 1 2 3
20:928  0:022  !trusted SMBIOS data, Table index 0:!trustSMBIOS 
20:939  0:011  SPD data in use:
20:943  0:003    gRAM.SPD[0]->ModuleSize = 8192
20:947  0:003    gRAM.SPD[0]->Type = 26
20:950  0:003    gRAM.SPD[0]->Frequency = 2132
20:954  0:003    gRAM.SPD[0]->Vendor = Corsair
20:958  0:003    gRAM.SPD[0]->SerialNo = 00000000
20:961  0:003    gRAM.SPD[0]->PartNo = CMK16GX4M2K4266C19
20:965  0:003    SMBIOS Type 17 Index = 0 => SMBIOSIndex=0 SPDIndex=0:
20:968  0:003  BANK 0 DIMM0 3200MHz 8192MB(Ext:0MB)
20:972  0:003  !trusted SMBIOS data, Table index 1:!trustSMBIOS 
20:983  0:010  SPD data in use:
20:986  0:003    gRAM.SPD[1]->ModuleSize = 8192
20:990  0:003    gRAM.SPD[1]->Type = 26
20:994  0:003    gRAM.SPD[1]->Frequency = 2132
20:997  0:003    gRAM.SPD[1]->Vendor = Corsair
21:001  0:003    gRAM.SPD[1]->SerialNo = 00000000
21:005  0:003    gRAM.SPD[1]->PartNo = CMK16GX4M2K4266C19
21:008  0:003    SMBIOS Type 17 Index = 1 => SMBIOSIndex=1 SPDIndex=1:
21:012  0:003  BANK 0 DIMM1 3200MHz 8192MB(Ext:0MB)
21:016  0:003  !trusted SMBIOS data, Table index 2:!trustSMBIOS !gRAM.SMBIOS.doesSlotForIndexExist(SMBIOSIndex) 
21:030  0:014    SMBIOS Type 17 Index = 2 => SMBIOSIndex=2 SPDIndex=2:
21:033  0:003  BANK 0 DIMM2 EMPTY
21:037  0:003  !trusted SMBIOS data, Table index 3:!trustSMBIOS !gRAM.SMBIOS.doesSlotForIndexExist(SMBIOSIndex) 
21:051  0:014    SMBIOS Type 17 Index = 3 => SMBIOSIndex=3 SPDIndex=3:
21:055  0:003  BANK 0 DIMM3 EMPTY
21:058  0:003  mTotalSystemMemory = 16384
21:062  0:003  NumberOfMemoryDevices = 4
21:066  0:003  Type20[0]->End = 0x7FFFFF, Type17[0] = 2000
21:069  0:003  Type20[1]->End = 0xFFFFFF, Type17[1] = 6000
21:073  0:003  Table 131 is present, CPUType=35
21:076  0:003  Change to: 1005
21:080  0:003  === [ PatchACPI ] ===============================
21:084  0:003  OCABC: AllocPages 1 0x7A345000 (1) - Success
21:087  0:003  Xsdt reallocation done
21:091  0:003  OCABC: AllocPages 1 0x7A344000 (1) - Success
21:094  0:003  old FADT length=114
21:098  0:003   SignatureFixup: 0xF668B16E -> 0x0
21:102  0:003  OCABC: AllocPages 1 0x7A2F5000 (79) - Success
21:106  0:003  Apply DsdtFixMask=0x00000000
21:109  0:003  === [ FixBiosDsdt ] =============================
21:114  0:005  PreCleanup XSDT: count=24, length=228
21:118  0:003  PreCleanup XSDT, corrected XSDT: count=24, length=228
21:121  0:003  === [ ACPIDropTables ] ==========================
21:125  0:003  OCABC: AllocPages 1 0x7A2F3000 (2) - Success
21:129  0:003  OCABC: AllocPages 1 0x7A2F3000 (2) - Success
21:132  0:003  OCABC: AllocPages 1 0x7A2F3000 (2) - Success
21:136  0:003  OCABC: AllocPages 1 0x7A2F3000 (2) - Success
21:140  0:003  OCABC: AllocPages 1 0x7A2F3000 (2) - Success
21:143  0:003  OCABC: AllocPages 1 0x7A2F3000 (2) - Success
21:147  0:003  OCABC: AllocPages 1 0x7A2F0000 (3) - Success
21:151  0:003  Found OperationRegion(PNVS, SystemMemory, 7ADF3000, ...)
21:154  0:003  OCABC: AllocPages 1 0x7A2EB000 (5) - Success
21:158  0:003  Found OperationRegion(SANV, SystemMemory, 7A3D2118, ...)
21:161  0:003  OCABC: AllocPages 1 0x7A2E7000 (4) - Success
21:165  0:003  OCABC: AllocPages 1 0x7A2E5000 (2) - Success
21:169  0:003  OCABC: AllocPages 1 0x7A2E5000 (2) - Success
21:172  0:003  OCABC: AllocPages 1 0x7A166000 (4) - Success
21:176  0:003  OCABC: AllocPages 1 0x7A2E3000 (2) - Success
21:179  0:003  OCABC: AllocPages 1 0x7A2E3000 (2) - Success
21:183  0:003  OCABC: AllocPages 1 0x7A162000 (4) - Success
21:187  0:003  OCABC: AllocPages 1 0x7A2E3000 (2) - Success
21:190  0:003  OCABC: AllocPages 1 0x7A160000 (2) - Success
21:194  0:003  OCABC: AllocPages 1 0x7A160000 (2) - Success
21:201  0:006  OCABC: AllocPages 1 0x7A15F000 (3) - Success
21:208  0:006  OCABC: AllocPages 1 0x7A15D000 (2) - Success
21:211  0:003  Found OperationRegion(ADHD, SystemMemory, 78CD0000, ...)
21:215  0:003  Found OperationRegion(ABLK, SystemMemory, 78CD0020, ...)
21:219  0:003  OCABC: AllocPages 1 0x7A14D000 (16) - Success
21:222  0:003  OCABC: AllocPages 1 0x7A15B000 (2) - Success
21:226  0:003  OCABC: AllocPages 1 0x7A15B000 (2) - Success
21:230  0:003  ApicCPUNum=1
21:233  0:003  Cleanup XSDT: count=24, length=228
21:237  0:003  corrected XSDT count=24, length=228
21:240  0:003  === [ RestSetup macOS ] =========================
21:244  0:003  ATI injection not set
21:248  0:003  Intel UHD Graphics 630 [8086:3E98] :: PciRoot(0x0)\Pci(0x2,0x0)
21:251  0:003    Intel: no default properties
21:255  0:003  Intel GFX revision  = 0x0
21:259  0:003   RCBA disabled; cannot use it
21:263  0:003   setting specified layout-id=1 (0x1)
21:266  0:003  stringlength = 960
21:270  0:003  OCABC: AllocPages 1 0x7A15C000 (1) - Success
21:274  0:003  CurrentMode: Width=1366 Height=768
21:278  0:003  SetNvramVariable (system-id, 4D1EDE05-38C7-4A6A-9CC6-4BCCA8B38C14, 0x2, 16): -> writing new (Success)
21:286  0:008  SetNvramVariable (MLB, 4D1EDE05-38C7-4A6A-9CC6-4BCCA8B38C14, 0x6, 17): -> writing new (Success)
21:294  0:008  SetNvramVariable (ROM, 4D1EDE05-38C7-4A6A-9CC6-4BCCA8B38C14, 0x6, 6): -> writing new (Success)
21:302  0:008  SetNvramVariable (FirmwareFeatures, 4D1EDE05-38C7-4A6A-9CC6-4BCCA8B38C14, 0x6, 4): -> writing new (Success)
21:313  0:011  SetNvramVariable (FirmwareFeaturesMask, 4D1EDE05-38C7-4A6A-9CC6-4BCCA8B38C14, 0x6, 4): -> writing new (Success)
21:321  0:008  SetNvramVariable (ExtendedFirmwareFeatures, 4D1EDE05-38C7-4A6A-9CC6-4BCCA8B38C14, 0x6, 8): -> writing new (Success)
21:329  0:008  SetNvramVariable (ExtendedFirmwareFeaturesMask, 4D1EDE05-38C7-4A6A-9CC6-4BCCA8B38C14, 0x6, 8): -> writing new (Success)
21:337  0:007  AddNvramVariable (HW_BID, 4D1EDE05-38C7-4A6A-9CC6-4BCCA8B38C14, 0x6, 20): -> writing new (Success)
21:347  0:009  AddNvramVariable (security-mode, 7C436110-AB2A-4BBB-A880-FE41995C9F82, 0x7, 5): -> writing new (Success)
21:358  0:011  DeleteNvramVariable (DefaultBackgroundColor, 4D1EDE05-38C7-4A6A-9CC6-4BCCA8B38C14):
21:363  0:004  DeleteNvramVariable (UIScale, 4D1EDE05-38C7-4A6A-9CC6-4BCCA8B38C14):
21:367  0:004  DeleteNvramVariable (EFILoginHiDPI, 7C436110-AB2A-4BBB-A880-FE41995C9F82):
21:371  0:003  SetNvramVariable (flagstate, 7C436110-AB2A-4BBB-A880-FE41995C9F82, 0x7, 32): -> writing new (Success)
21:381  0:010  SetNvramVariable (csr-active-config, 7C436110-AB2A-4BBB-A880-FE41995C9F82, 0x7, 4): -> writing new (Success)
21:392  0:011  SetNvramVariable (BridgeOSHardwareModel, 4D1EDE05-38C7-4A6A-9CC6-4BCCA8B38C14, 0x7, 11): -> writing new (Success)
21:404  0:012  DeleteNvramVariable (bootercfg, 7C436110-AB2A-4BBB-A880-FE41995C9F82):
21:409  0:004  DeleteNvramVariable (nvda_drv, 7C436110-AB2A-4BBB-A880-FE41995C9F82):
21:413  0:004  DeleteNvramVariable (recovery-boot-mode, 7C436110-AB2A-4BBB-A880-FE41995C9F82):
21:417  0:003  AddNvramVariable (wake-failure, 7C436110-AB2A-4BBB-A880-FE41995C9F82, 0x7, 5): -> already exists, abort
21:426  0:008  DeleteNvramVariable (opencore-version, 7C436110-AB2A-4BBB-A880-FE41995C9F82):
21:430  0:004  DeleteNvramVariable (ApBoardID, 94B73556-2197-4702-82A8-3E1337DAFBFB):
21:434  0:004  DeleteNvramVariable (ApSecurityDomain, 94B73556-2197-4702-82A8-3E1337DAFBFB):
21:439  0:004  DeleteNvramVariable (ApProductionStatus, 94B73556-2197-4702-82A8-3E1337DAFBFB):
21:444  0:004  DeleteNvramVariable (ApSecurityMode, 94B73556-2197-4702-82A8-3E1337DAFBFB):
21:448  0:004  DeleteNvramVariable (EffectiveProductionStatus, 94B73556-2197-4702-82A8-3E1337DAFBFB):
21:452  0:004  DeleteNvramVariable (EffectiveSecurityMode, 94B73556-2197-4702-82A8-3E1337DAFBFB):
21:457  0:004  DeleteNvramVariable (CertificateEpoch, 94B73556-2197-4702-82A8-3E1337DAFBFB):
21:461  0:004  DeleteNvramVariable (MixNMatchPreventionStatus, 94B73556-2197-4702-82A8-3E1337DAFBFB):
21:466  0:004  DeleteNvramVariable (CryptoDigestMethod, 94B73556-2197-4702-82A8-3E1337DAFBFB):
21:470  0:004  DeleteNvramVariable (InternalUseOnlyUnit, 94B73556-2197-4702-82A8-3E1337DAFBFB):
21:474  0:004  DeleteNvramVariable (ApECID, 94B73556-2197-4702-82A8-3E1337DAFBFB):
21:479  0:004  DeleteNvramVariable (HardwareModel, 94B73556-2197-4702-82A8-3E1337DAFBFB):
21:483  0:003  Use origin smbios table type 1 guid.
21:540  0:057  DeleteNvramVariable (efi-boot-device, 7C436110-AB2A-4BBB-A880-FE41995C9F82):
21:545  0:004  DeleteNvramVariable (efi-boot-device-data, 7C436110-AB2A-4BBB-A880-FE41995C9F82):
21:549  0:004  DeleteNvramVariable (BootCampHD, 7C436110-AB2A-4BBB-A880-FE41995C9F82):
21:553  0:003  Custom boot is disabled
21:558  0:005  DeleteNvramVariable (IOHibernateRTCVariables, 7C436110-AB2A-4BBB-A880-FE41995C9F82):
21:562  0:004  DeleteNvramVariable (boot-image, 7C436110-AB2A-4BBB-A880-FE41995C9F82):
21:566  0:003  Kernel quirks
21:570  0:003  ACPCL 1 AXCL 1 AXEM 0 AXFB 0 CSG 0 DIM 0 DLJ 0 DRC 1 DPM 0 EBTFF 0 EDI 0 FAI 0 IPBS 0 LKP 0 PNKD 0 PTKP 0 TPD 0 XPL 0 PCC 0
21:573  0:003  Closing log
21:577  0:003  OCABC: AllocPages 2 0x91000 (14) - Success
21:581  0:003  OCABC: AllocPages 2 0x6F7C8000 (14) - Success
21:585  0:003  OC: Supported boot capabilities 4
21:589  0:004  OCABC: AllocPages 2 0x77A2D000 (1) - Success
21:592  0:003  OCABC: AllocPages 2 0x77A2C000 (1) - Success
21:596  0:003  OCABC: AllocPages 2 0x7782C000 (512) - Success
21:600  0:004  OCOS: OS set: <null> Mac OS X 10.12
21:604  0:003  OCOS: OS set: Apple Inc. Mac OS X 10.12
21:608  0:003  OCOS: Should use black background
21:611  0:003  OCABC: AllocPages 1 0x6D371000 (1) - Success
21:621  0:009  OC: Opening file System\Library\Kernels\kernel with 1 mode gave - Success
21:625  0:003  OC: Opening file \System\Library\CoreServices\com.apple.Boot.plist with 1 mode gave - Not Found
21:629  0:003  OC: Opening file Library\Preferences\SystemConfiguration\com.apple.Boot.plist with 1 mode gave - Success
21:634  0:005  OC: Opening file \System\Library\CoreServices\PlatformSupport.plist with 1 mode gave - Success
21:639  0:004  OCABC: AllocPages 2 0x1F100000 (121199) - Success
21:647  0:008  OC: Opening file \System\Library\CoreServices\boot.efi with 1 mode gave - Success
21:656  0:009  OC: Opening file System\Library\PrelinkedKernels\prelinkedkernel.development with 1 mode gave - Not Found
21:662  0:005  OC: Opening file System\Library\PrelinkedKernels\prelinkedkernel with 1 mode gave - Success
21:666  0:003  OC: Load and reserve Kext Other\FakeSMC.kext
21:670  0:004  OC: Load and reserve Kext Other\IntelCPUMonitor.kext
21:674  0:004  OC: Load and reserve Kext Other\RadeonMonitor.kext
21:679  0:004  OC: Kext reservation size info 504000 exe 3B000
21:682  0:003  OC: Trying 64-bit XNU hook on System\Library\PrelinkedKernels\prelinkedkernel
22:025  0:342  OCAK: Compressed result has 67C35018 magic
22:029  0:003  OCAK: Found 64-bit Mach-O compressed 1 offset 28 size 85966848
22:032  0:003  OC: Result of 64-bit XNU hook on System\Library\PrelinkedKernels\prelinkedkernel (00000000) is Success
22:074  0:041  OCAK: Read kernel version 18.7.0 (180700)
22:079  0:004  OCAK: 64-bit patcher base 0xFFFFFF8000200000 kmod 0x0 file 0x0
22:084  0:004  OCAK: Zeroing _xcpm_core_scope_msrs 0xE2 applicable CPUs (76)
22:087  0:003  OCAK: Zeroing _xcpm_core_scope_msrs 0xE2 applicable CPUs (13200)
22:091  0:003  OCAK: Zeroing _xcpm_core_scope_msrs 0xE2 applicable CPUs (16384)
22:096  0:004  Replace B9E20000000F30 by B9E20000009090 at ofs:2F0
22:157  0:061  Replace B9E20000000F30 by B9E20000009090 at ofs:347
22:224  0:067  OCAK: 64-bit XcpmCfgLockRel replace count - 2
22:228  0:003  OCAK: [OK] Success XcpmCfgLock patch
22:256  0:027  OCAK: Reducing 64-bit prelink size from 51FC000 to 4F28000 via plist
22:260  0:003  OCAK: org.netkas.FakeSMC got KXLD 0 0
22:263  0:003  OCAK: Requesting __LINKEDIT for org.netkas.FakeSMC - 6CB5D398 at 4F28000
22:267  0:003  OCAK: Requesting SymbolTable for org.netkas.FakeSMC - 601
22:271  0:003  OCAK: Requesting __LINKEDIT for __kernel__ - 0 at 0
22:274  0:003  OCAK: Requesting SymbolTable for __kernel__ - 24450
22:290  0:015  OCAK: com.apple.iokit.IOACPIFamily got KXLD 0 0
22:293  0:003  OCAK: Requesting __LINKEDIT for com.apple.iokit.IOACPIFamily - 6963D398 at 1A08000
22:297  0:003  OCAK: Requesting SymbolTable for com.apple.iokit.IOACPIFamily - 167
22:301  0:003  OCAK: com.apple.kpi.unsupported got KXLD 0 0
22:304  0:003  OCAK: Requesting __LINKEDIT for com.apple.kpi.unsupported - 68BE6038 at FB1000
22:308  0:003  OCAK: Requesting SymbolTable for com.apple.kpi.unsupported - 263
22:312  0:003  OCAK: com.apple.kpi.iokit got KXLD 0 0
22:315  0:003  OCAK: Requesting __LINKEDIT for com.apple.kpi.iokit - 68B81038 at F4C000
22:319  0:003  OCAK: Requesting SymbolTable for com.apple.kpi.iokit - 2192
22:322  0:003  OCAK: com.apple.kpi.libkern got KXLD 0 0
22:329  0:006  OCAK: Requesting __LINKEDIT for com.apple.kpi.libkern - 68B61038 at F2C000
22:333  0:003  OCAK: Requesting SymbolTable for com.apple.kpi.libkern - 905
22:336  0:003  OCAK: com.apple.kpi.private got KXLD 0 0
22:340  0:003  OCAK: Requesting __LINKEDIT for com.apple.kpi.private - 68B73038 at F3E000
22:344  0:003  OCAK: Requesting SymbolTable for com.apple.kpi.private - 977
22:349  0:005  OCAK: com.apple.kpi.mach got KXLD 0 0
22:352  0:003  OCAK: Requesting __LINKEDIT for com.apple.kpi.mach - 68B6F038 at F3A000
22:356  0:003  OCAK: Requesting SymbolTable for com.apple.kpi.mach - 70
22:368  0:011  OC: Prelinked injection Other\FakeSMC.kext () - Success
22:371  0:003  OCAK: org.slice.IntelCPUMonitor got KXLD 0 0
22:375  0:003  OCAK: Requesting __LINKEDIT for org.slice.IntelCPUMonitor - 6CB753E8 at 4F40000
22:379  0:003  OCAK: Requesting SymbolTable for org.slice.IntelCPUMonitor - 363
22:382  0:003  OCAK: Requesting SymbolTable for org.netkas.FakeSMC - 191
22:391  0:009  OC: Prelinked injection Other\IntelCPUMonitor.kext () - Success
22:395  0:003  OCAK: org.slice.RadeonMonitor got KXLD 0 0
22:399  0:003  OCAK: Requesting __LINKEDIT for org.slice.RadeonMonitor - 6CB87398 at 4F52000
22:405  0:006  OCAK: Requesting SymbolTable for org.slice.RadeonMonitor - 372
22:409  0:003  OCAK: com.apple.iokit.IOPCIFamily got KXLD 0 0
22:413  0:003  OCAK: Requesting __LINKEDIT for com.apple.iokit.IOPCIFamily - 68BEC3E8 at FB7000
22:416  0:003  OCAK: Requesting SymbolTable for com.apple.iokit.IOPCIFamily - 683
22:428  0:011  OC: Prelinked injection Other\RadeonMonitor.kext () - Success
22:431  0:003  OC: Prelink size 83243008 kext offset 83001344 reserved 241664
22:447  0:015  OCAK: com.apple.driver.AppleIntelCPUPowerManagement got KXLD 0 0
22:451  0:003  OCAK: [OK] Success AppleCpuPmCfgLock patch
22:455  0:004  OCAK: com.apple.driver.AppleRTC got KXLD 0 0
22:459  0:003  Replace BE58000000/FFFEFFFFFF(BE58000000) by BEFFFF0000 at ofs:1BF8
22:554  0:094  Replace BE58000000/FFFEFFFFFF(BE59000000) by BEFFFF0000 at ofs:1C08
22:649  0:095  Replace BE58000000/FFFEFFFFFF(BE58000000) by BEFFFF0000 at ofs:1EB7
22:744  0:094  Replace BE58000000/FFFEFFFFFF(BE59000000) by BEFFFF0000 at ofs:1EC8
22:838  0:094  OCAK: 64-bit DisableRtcChecksum64 replace count - 4
22:842  0:003  OCAK: [OK] Patch success com.apple.driver.AppleRTC DisableRtcChecksum
22:845  0:003  OC: Prelinked patch [0] External icons patch
22:852  0:006  OCAK: Failed to pk find AppleAHCIPort - Not Found
22:855  0:003  OC: Prelinked patcher result 0 for AppleAHCIPort (External icons patch) - Not Found
22:859  0:003  OC: Prelinked patch [1] USB port limit patch #1 10.14.x modify by DalianSky(credit ydeng) 10.14.x
22:863  0:003  OCAK: com.apple.iokit.IOUSBHostFamily got KXLD 0 0
22:867  0:003  Replace 83FB0F0F by 83FB3F0F at ofs:14E0E
22:907  0:039  OCAK: 64-bit USB port limit patch #1 10.14.x modify by DalianSky(credit ydeng) 10.14.x replace count - 1
22:911  0:003  OC: Prelinked patcher result 1 for com.apple.iokit.IOUSBHostFamily (USB port limit patch #1 10.14.x modify by DalianSky(credit ydeng) 10.14.x) - Success
22:914  0:003  OC: Prelinked patch [2] USB port limit patch #2 10.14.x modify by DalianSky(credit PMHeart) 10.14.x
22:918  0:003  Replace 83E30FD3 by 83E33FD3 at ofs:15036
22:958  0:039  OCAK: 64-bit USB port limit patch #2 10.14.x modify by DalianSky(credit PMHeart) 10.14.x replace count - 1
22:961  0:003  OC: Prelinked patcher result 2 for com.apple.iokit.IOUSBHostFamily (USB port limit patch #2 10.14.x modify by DalianSky(credit PMHeart) 10.14.x) - Success
22:965  0:003  OC: Prelinked patch [3] USB port limit patch #3 10.14.x modify by DalianSky(credit PMHeart) 10.14.x
22:969  0:004  OCAK: com.apple.driver.usb.AppleUSBXHCI got KXLD 0 0
22:974  0:005  OCAK: 64-bit USB port limit patch #3 10.14.x modify by DalianSky(credit PMHeart) 10.14.x replace count - 0
22:978  0:003  OC: Prelinked patcher result 3 for com.apple.driver.usb.AppleUSBXHCI (USB port limit patch #3 10.14.x modify by DalianSky(credit PMHeart) 10.14.x) - Not Found
22:982  0:003  OC: Prelinked patch [4] USB port limit patch #4 10.14.x modify by DalianSky(credit PMHeart) 10.14.x

22:986  0:004  Replace 83FF0F0F by 83FF3F0F at ofs:126C0
23:025  0:039  OCAK: 64-bit USB port limit patch #4 10.14.x modify by DalianSky(credit PMHeart) 10.14.x
 replace count - 1
23:029  0:003  OC: Prelinked patcher result 4 for com.apple.driver.usb.AppleUSBXHCI (USB port limit patch #4 10.14.x modify by DalianSky(credit PMHeart) 10.14.x
) - Success
23:043  0:013  OC: Prelinked status - Success
23:070  0:027  FixOwnership() -> begin
23:073  0:003  PCI Io found 18
23:077  0:003  USB XHCI reset for device A36D
23:080  0:003  ExtendCap=00008000
23:083  0:003    Value=02000802
23:086  0:003    Value=03011402
23:093  0:006    Value=005CFFC0
23:099  0:006    Value=00002201
