0:100  0:100  MemLog inited, TSC freq: 3600496300
0:100  0:000  CPU was calibrated with RTC
0:100  0:000  CloverX64 : Image base = 0x6D404000
0:100  0:000  Clover ImageHandle = 75edb818
0:102  0:002  SelfDirPath = \EFI\CLOVER
0:104  0:001  === [ Starting Clover ] =========================
0:104  0:000  Now is 24.11.2024,  19:16:17 (GMT)
0:104  0:000  Starting Clover revision: 5160 (master, commit 7b08a616e) on American Megatrends EFI
0:104  0:000  Build id: 20240909210805-7b08a61-dirty
0:104  0:000  Build with: [Args: -D NO_GRUB_DRIVERS_EMBEDDED -D LESS_DEBUG -t GCC131 | --cmd-len=50000 -D NO_GRUB_DRIVERS_EMBEDDED -D LESS_DEBUG --conf=/Users/sergey/src/CloverBootloader/Conf -D USE_LOW_EBDA -a X64 -b RELEASE -t GCC131 -n 5 | OS: 15]
0:104  0:000  === [ Get Smbios ] ==============================
0:104  0:000  Type 16 Index = 0
0:104  0:000  Total Memory Slots Count = 4
0:104  0:000  Type 17 Index = 0
0:104  0:000  SmbiosTable.Type17->SlotIndex = 0
0:104  0:000  SmbiosTable.Type17->ModuleSize = 8192MB
0:104  0:000  SmbiosTable.Type17->Type = 0
0:104  0:000  SmbiosTable.Type17->Frequency = 3200MHz
0:104  0:000  SmbiosTable.Type17->Bank/Device = BANK 0 ChannelA-DIMM1
0:104  0:000  SmbiosTable.Type17->Vendor = Corsair
0:104  0:000  SmbiosTable.Type17->SerialNo = 00000000
0:104  0:000  SmbiosTable.Type17->PartNo = CMK16GX4M2K4266C19
0:104  0:000  Type 17 Index = 1
0:104  0:000  SmbiosTable.Type17->SlotIndex = 1
0:104  0:000  SmbiosTable.Type17->ModuleSize = 8192MB
0:104  0:000  SmbiosTable.Type17->Type = 0
0:104  0:000  SmbiosTable.Type17->Frequency = 3200MHz
0:104  0:000  SmbiosTable.Type17->Bank/Device = BANK 1 ChannelA-DIMM2
0:104  0:000  SmbiosTable.Type17->Vendor = Corsair
0:104  0:000  SmbiosTable.Type17->SerialNo = 00000000
0:104  0:000  SmbiosTable.Type17->PartNo = CMK16GX4M2K4266C19
0:104  0:000  Type 17 Index = 2
0:104  0:000  Ignoring insane frequency value 0MHz
0:104  0:000  Type 17 Index = 3
0:104  0:000  Ignoring insane frequency value 0MHz
0:104  0:000  Boot status=0
0:104  0:000  Running on: 'System Product Name' with board 'PRIME Z390-A'
0:104  0:000  === [ GetCPUProperties ] ========================
0:104  0:000  CPU Vendor = 756E6547 Model=906EC
0:104  0:000   The CPU supported SSE4.1
0:104  0:000   The CPU supported RDRAND
0:104  0:000  BrandString = Intel(R) Core(TM) i7-9700K CPU @ 3.60GHz
0:104  0:000   The CPU supported turbo
0:104  0:000   Energy PerfBias is  visible:
0:104  0:000  MSR 0x35               80008
0:104  0:000   TSC/CCC Information Leaf:
0:104  0:000    numerator     : 300
0:104  0:000    denominator   : 2
0:104  0:000   Calibrated ARTFrequency: 24003308
0:104  0:000   Rounded ARTFrequency: 24000000
0:104  0:000  MSR 0xE2 before patch 1E000000
0:104  0:000  MSR 0xCE              08080838_F1012400
0:104  0:000  corrected FLEX_RATIO = E0000
0:104  0:000  MSR 0x1B0             00000000
0:104  0:000  FSBFrequency = 109 MHz, DMI FSBFrequency = 100 MHz, Corrected FSBFrequency = 100 MHz
0:104  0:000  MaxDiv/MinDiv: 36.0/8
0:104  0:000  Turbo: 47/49/49/49
0:104  0:000  Features: 0x77FAFBFFBFEBFBFF
0:104  0:000  Threads: 8
0:104  0:000  Cores: 8
0:104  0:000  FSB: 100 MHz
0:104  0:000  CPU: 3900 MHz
0:104  0:000  TSC: 3900 MHz
0:104  0:000  PIS: 100 MHz
0:104  0:000  ExternalClock: 25 MHz
0:104  0:000  === [ GetDevices ] ==============================
0:104  0:000  GOP found at: PciRoot(0x0)/Pci(0x1,0x0)/Pci(0x0,0x0)/AcpiAdr(0x80010302)
0:104  0:000  PCI (00|00:00.00) : 8086 3E30 class=060000
0:104  0:000  PCI (00|00:01.00) : 8086 1901 class=060400
0:104  0:000  PCI (00|01:00.00) : 1002 67DF class=030000
0:104  0:000   - GFX: Model=AMD Radeon RX 480/570/580 (ATI/AMD)
0:104  0:000   - GOP: Provided by device
0:104  0:000  PCI (00|01:00.01) : 1002 AAF0 class=040300
0:104  0:000   - HDMI Audio: 
0:104  0:000  PCI (00|00:02.00) : 8086 3E98 class=038000
0:104  0:000   - GFX: Model=Intel UHD Graphics 630 (Intel)
0:104  0:000  PCI (00|00:14.00) : 8086 A36D class=0C0330
0:104  0:000  PCI (00|00:14.02) : 8086 A36F class=050000
0:104  0:000  PCI (00|00:16.00) : 8086 A360 class=078000
0:104  0:000  PCI (00|00:17.00) : 8086 A352 class=010601
0:104  0:000  PCI (00|00:1B.00) : 8086 A340 class=060400
0:104  0:000  PCI (00|00:1C.00) : 8086 A338 class=060400
0:104  0:000  PCI (00|00:1D.00) : 8086 A330 class=060400
0:104  0:000  PCI (00|04:00.00) : 144D A808 class=010802
0:104  0:000  PCI (00|00:1F.00) : 8086 A305 class=060100
0:104  0:000  PCI (00|00:1F.03) : 8086 A348 class=040300
0:104  0:000  PCI (00|00:1F.04) : 8086 A323 class=0C0500
0:104  0:000  PCI (00|00:1F.05) : 8086 A324 class=0C8000
0:104  0:000  PCI (00|00:1F.06) : 8086 15BC class=020000
0:104  0:000   - LAN: 1 Vendor=Intel
0:104  0:000  Legacy MAC address of LAN #0= 40:B0:76:DE:9E:93:
0:105  0:000  _checkOEMPath Look for oem dir at path '\EFI\CLOVER\OEM\System Product Name--40-B0-76-DE-9E-93'. Dir doesn't exist.
0:105  0:000  _checkOEMPath Look for oem dir at path '\EFI\CLOVER\OEM\PRIME Z390-A\UEFI'. Dir doesn't exist.
0:105  0:000  _checkOEMPath Look for oem dir at path '\EFI\CLOVER\OEM\System Product Name'. Dir doesn't exist.
0:105  0:000  _checkOEMPath Look for oem dir at path '\EFI\CLOVER\OEM\System Product Name-3900'. Dir doesn't exist.
0:105  0:000  _checkOEMPath Look for oem dir at path '\EFI\CLOVER\OEM\PRIME Z390-A'. Dir doesn't exist.
0:105  0:000  _checkOEMPath Look for oem dir at path '\EFI\CLOVER\OEM\PRIME Z390-A-3900'. Dir doesn't exist.
0:105  0:000  === [ GetUserSettings ] =========================
0:105  0:000  GetDefaultModel()=iMac18,3
0:105  0:000  === [ LoadUserSettings ] ========================
0:106  0:000  Using config.plist at path: \EFI\CLOVER
0:107  0:000  === [ LoadUserSettings ] ========================
0:107  0:000  Cannot find smbios.plist at path '\EFI\CLOVER' : Not Found
0:107  0:000  '\EFI\CLOVER\smbios.plist' not loaded. Efi error Not Found
0:107  0:000  create SMBIOS list, found 27 dicts
0:107  0:000  ... ACPI
0:107  0:000  ... Boot
0:107  0:000  ... BootGraphics
0:107  0:000  ... Devices
0:107  0:000  ... DisableDrivers
0:107  0:000  ... GUI
0:107  0:000  ... Graphics
0:107  0:000  ... KernelAndKextPatches
0:107  0:000  ... SMBIOS
0:107  0:000  ... SystemParameters
0:107  0:000  ... RtVariables
0:107  0:000  ... Quirks
0:107  0:000  get model from config.plist
0:107  0:000  Using latest BiosVersion from config instead of default 'IM191.88Z.F000.B00.2302212211'
0:118  0:010  Using latest BiosReleaseDate from config instead of default '02/21/2023'
0:122  0:004  Using latest EfiVersion from config instead of default '1968.100.16.0.1'
0:126  0:004  BiosVersion: IM191.88Z.F000.B00.2308061817
0:130  0:004  BiosReleaseDate: 08/06/2023
0:134  0:003  EfiVersion: 2020.40.3.0.0
0:138  0:004  Calibrated TSC Frequency = 3600496300 = 3600MHz
0:142  0:004  === [ GetListOfThemes ] =========================
0:146  0:003  - [00]: random
0:157  0:010  - [00]: embedded
0:165  0:008  === [ Found config plists ] =====================
0:170  0:004  - config.plist
0:174  0:003  - config-sample.plist
0:178  0:003  - config_old.plist
0:182  0:004  === [ LoadDrivers ] =============================
0:187  0:005  Loading NvmExpressDxe.efi status=Success
0:204  0:017   - driver needs connecting
0:209  0:004  Loading EnglishDxe.efi status=Success
0:224  0:015  Loading VBoxHfs.efi status=Success
0:237  0:013   - driver needs connecting
0:241  0:003  Loading PartitionDxe.efi status=Success
0:254  0:013   - driver needs connecting
0:259  0:004  Loading ApfsDriverLoader.efi status=Success
0:277  0:018   - driver needs connecting
0:281  0:004  4 drivers needs connecting ...
0:282  0:000  PlatformDriverOverrideProtocol not found. Installing ... Success
0:282  0:000  Partition driver loaded: 
0:282  0:000  HFS+ driver loaded
0:282  0:000  APFS driver loaded
0:283  0:000  Searching for invalid DiskIo BY_DRIVER connects: not found, all ok
0:507  0:223  === [ InitScreen ] ==============================
0:511  0:004  Console modes reported: 4, available modes:
0:515  0:004   - [01]: 80x25 (current mode)
0:519  0:003   - [03]: 100x31
0:524  0:004   - [04]: 170x40
0:528  0:003  SetScreenResolution: 1920x1080 - not found!
0:537  0:008  SetMaxResolution: found best mode 0: 1366x768
0:544  0:007   - already set
0:549  0:005  Using embedded font
0:554  0:004  === [ ScanSPD ] =================================
0:558  0:004  SMBus device : 8086 A323 class=0C0500 status=Success
0:562  0:003  SMBus CmdReg: 0x3
0:567  0:004  Scanning SMBus [8086:A323], mmio: 0x12116004, ioport: 0xEFA0, hostc: 0x11
0:571  0:004  Slots to scan [8]...
0:578  0:007  SPD[0]: Got invalid type 0 @0x50. Will set page and retry.
0:583  0:004  SPD[0]: Type 12 @0x50
0:605  0:021  XMP Profile1: 4*125 -31 ns
0:609  0:004  Found module with XMP version 2.0
0:613  0:003  Using XMP Profile1 instead of standard frequency 2132MHz
0:617  0:004  DDR speed 4264MHz
0:621  0:004  Slot: 0 Type 26 8192MB 4264MHz Vendor=Corsair PartNo=CMK16GX4M2K4266C19 SerialNo=00000000
0:626  0:004  SPD[1]: Type 12 @0x51
0:648  0:021  XMP Profile1: 4*125 -31 ns
0:653  0:004  Found module with XMP version 2.0
0:657  0:004  Using XMP Profile1 instead of standard frequency 2132MHz
0:661  0:004  DDR speed 4264MHz
0:665  0:004  Slot: 1 Type 26 8192MB 4264MHz Vendor=Corsair PartNo=CMK16GX4M2K4266C19 SerialNo=00000000
0:671  0:005  === [ GetAcpiTablesList ] =======================
0:675  0:004  Get Acpi Tables List from RSDT: count=24
0:683  0:007   - [00]: FACP  A M I  len=132
0:687  0:004   - [01]: APIC  A M I  len=188
0:691  0:004   - [02]: FPDT  A M I  len=68
0:695  0:004   - [03]: FIDT  A M I len=156
0:700  0:004   - [04]: MCFG  A M I  len=60
0:704  0:004   - [05]: WSMT  A M I  len=40
0:708  0:003   - [06]: SSDT  SataTabl len=888
0:712  0:003   - [07]: SSDT  CpuSsdt len=6101
0:716  0:004   - [08]: SSDT  SaSsdt  len=12443
0:721  0:004   - [09]: SSDT  PegSsdt len=9048
0:725  0:004   - [10]: HPET  A M I  len=56
0:729  0:003   - [11]: SSDT  Ther_Rvp len=3998
0:733  0:003   - [12]: SSDT  xh_cfsd4 len=10579
0:738  0:004   - [13]: UEFI  A M I  len=72
0:742  0:004   - [14]: LPIT  A M I  len=92
0:746  0:004   - [15]: SSDT  PtidDevc len=10206
0:750  0:003   - [16]: SSDT  TbtTypeC len=4094
0:754  0:004   - [17]: DBGP  A M I  len=52
0:758  0:004   - [18]: DBG2  A M I  len=84
0:762  0:003   - [19]: SSDT  UsbCTabl len=6449
0:767  0:004   - [20]: SSDT  ADebTabl len=324
0:771  0:004   - [21]: VFCT  A M I  len=59524
0:775  0:004   - [22]: BGRT  A M I  len=56
0:779  0:004   - [23]: WPBT  A M I len=60
0:784  0:004   - [00]: Drop table : MATS,                0 :  no
0:792  0:008   - [01]: Drop table : DMAR,                0 :  no
0:801  0:008  Custom boot CUSTOM_BOOT_DISABLED (0x0)
0:805  0:003  Default theme: embedded
0:809  0:004  Set FakeCPUID: 0x0
0:814  0:004  === [ Found DSDT tables ] =======================
0:818  0:004  === [ InitKextList ] ============================
0:823  0:005  Added Kext=Other\USBMapDummy.kext (1.0)
0:828  0:004  Added Kext=Other\RadeonMonitor.kext (1.3.5)
0:833  0:004  Added Kext=Other\FakeSMC.kext (3.5.6)
0:838  0:004  Added Kext=Other\IntelCPUMonitor.kext (1.2.6)
0:853  0:015  === [ ScanVolumes ] =============================
0:858  0:004  Found 12 volumes with blockIO
0:862  0:003  - [00]: Volume: PciRoot(0x0)\Pci(0x17,0x0)\Sata(0x0,0xFFFF,0x0)
0:871  0:009  - [01]: Volume: PciRoot(0x0)\Pci(0x17,0x0)\Sata(0x0,0xFFFF,0x0)\HD(1,GPT,38DCC513-D608-408E-9D2F-1469C8B906A0,0x28,0x64000)
0:880  0:008          Result of bootcode detection: bootable unknown (legacy)
0:902  0:022            label : EFI
0:906  0:004  - [02]: Volume: PciRoot(0x0)\Pci(0x17,0x0)\Sata(0x0,0xFFFF,0x0)\HD(2,GPT,C20AA839-E88E-4CED-8CAB-9480B290394C,0x64028,0x15D466360)
0:940  0:033            label : Dati
0:944  0:004  - [03]: Volume: PciRoot(0x0)\Pci(0x1D,0x0)\Pci(0x0,0x0)\NVMe(0x1,CA-8F-B2-81-58-38-25-00)
0:952  0:008  - [04]: Volume: PciRoot(0x0)\Pci(0x1D,0x0)\Pci(0x0,0x0)\NVMe(0x1,CA-8F-B2-81-58-38-25-00)\HD(1,GPT,6E40A227-DDED-4325-B7CE-3959620EB39E,0x28,0x64000)
0:961  0:008          Result of bootcode detection: bootable unknown (legacy)
0:965  0:004            label : EFI
0:969  0:004          This is SelfVolume !!
0:973  0:003  - [05]: Volume: PciRoot(0x0)\Pci(0x1D,0x0)\Pci(0x0,0x0)\NVMe(0x1,CA-8F-B2-81-58-38-25-00)\HD(2,GPT,9508A8C6-F9B9-4EDD-ABC7-C1C4A019C410,0x64028,0x3A321FE0)
0:981  0:008          Result of bootcode detection: bootable unknown (legacy)
0:985  0:004  - [06]: Volume: PciRoot(0x0)\Pci(0x1D,0x0)\Pci(0x0,0x0)\NVMe(0x1,CA-8F-B2-81-58-38-25-00)\HD(2,GPT,9508A8C6-F9B9-4EDD-ABC7-C1C4A019C410,0x64028,0x3A321FE0)\VenMedia(BE74FCF7-0B7C-49F3-9147-01F4042E6842,F2738F7DD5B89341BB89C99D72294438)
0:994  0:008            apfsFileSystemUUID=7D8F73F2-B8D5-4193-BB89-C99D72294438, ApfsContainerUUID=85F3C012-2D6D-4FA1-A77E-71D7470E7FA2, ApfsRole=0x10
0:998  0:004            label : Preboot
1:002  0:003  - [07]: Volume: PciRoot(0x0)\Pci(0x1D,0x0)\Pci(0x0,0x0)\NVMe(0x1,CA-8F-B2-81-58-38-25-00)\HD(2,GPT,9508A8C6-F9B9-4EDD-ABC7-C1C4A019C410,0x64028,0x3A321FE0)\VenMedia(BE74FCF7-0B7C-49F3-9147-01F4042E6842,5D6490A424B7BC4F9AC8F7A23B1C4935)
1:010  0:008            apfsFileSystemUUID=A490645D-B724-4FBC-9AC8-F7A23B1C4935, ApfsContainerUUID=85F3C012-2D6D-4FA1-A77E-71D7470E7FA2, ApfsRole=0x40
1:025  0:014            label : Macintosh HD - Dati
1:029  0:004  - [08]: Volume: PciRoot(0x0)\Pci(0x1D,0x0)\Pci(0x0,0x0)\NVMe(0x1,CA-8F-B2-81-58-38-25-00)\HD(2,GPT,9508A8C6-F9B9-4EDD-ABC7-C1C4A019C410,0x64028,0x3A321FE0)\VenMedia(BE74FCF7-0B7C-49F3-9147-01F4042E6842,B6D67091A529BA4BA6736F0E24A99093)
1:037  0:008            apfsFileSystemUUID=9170D6B6-29A5-4BBA-A673-6F0E24A99093, ApfsContainerUUID=85F3C012-2D6D-4FA1-A77E-71D7470E7FA2, ApfsRole=0x4
1:041  0:004            label : Recovery
1:046  0:004  - [09]: Volume: PciRoot(0x0)\Pci(0x1D,0x0)\Pci(0x0,0x0)\NVMe(0x1,CA-8F-B2-81-58-38-25-00)\HD(2,GPT,9508A8C6-F9B9-4EDD-ABC7-C1C4A019C410,0x64028,0x3A321FE0)\VenMedia(BE74FCF7-0B7C-49F3-9147-01F4042E6842,C30BF988C32C724BB297A45648EE79C3)
1:054  0:008            apfsFileSystemUUID=88F90BC3-2CC3-4B72-B297-A45648EE79C3, ApfsContainerUUID=85F3C012-2D6D-4FA1-A77E-71D7470E7FA2, ApfsRole=0x1
1:060  0:006            label : Macintosh HD
1:064  0:004  - [10]: Volume: PciRoot(0x0)\Pci(0x1D,0x0)\Pci(0x0,0x0)\NVMe(0x1,CA-8F-B2-81-58-38-25-00)\HD(2,GPT,9508A8C6-F9B9-4EDD-ABC7-C1C4A019C410,0x64028,0x3A321FE0)\VenMedia(BE74FCF7-0B7C-49F3-9147-01F4042E6842,982FC8B0B1F22A41B736D33F4320CF33)
1:072  0:008            apfsFileSystemUUID=B0C82F98-F2B1-412A-B736-D33F4320CF33, ApfsContainerUUID=85F3C012-2D6D-4FA1-A77E-71D7470E7FA2, ApfsRole=0xc0
1:077  0:004            label : Update
1:081  0:004  - [11]: Volume: PciRoot(0x0)\Pci(0x1D,0x0)\Pci(0x0,0x0)\NVMe(0x1,CA-8F-B2-81-58-38-25-00)\HD(2,GPT,9508A8C6-F9B9-4EDD-ABC7-C1C4A019C410,0x64028,0x3A321FE0)\VenMedia(BE74FCF7-0B7C-49F3-9147-01F4042E6842,D0BFA628AA2C7548AE15EA6E25144D32)
1:089  0:008            apfsFileSystemUUID=28A6BFD0-2CAA-4875-AE15-EA6E25144D32, ApfsContainerUUID=85F3C012-2D6D-4FA1-A77E-71D7470E7FA2, ApfsRole=0x8
1:093  0:003            label : VM
1:097  0:004  No AudioIoProtocols, status=Not Found
1:102  0:004  === [ InitXTheme ] ==============================
1:106  0:004  use Daylight theme
1:110  0:004   using embedded theme
1:123  0:013  Using embedded font
1:127  0:004  theme inited
1:131  0:003  Chosen embedded theme
1:135  0:004  after NVRAM boot-args=dart=0 -v
1:139  0:003  Scanning legacy ...
1:143  0:003  === [ Dump SMC keys from NVRAM ] ================
1:147  0:003  found AppleSMC protocol
1:159  0:012     fakesmc-key-RVBF-ch8*:02 46 0F 00 00 12 
1:193  0:033     fakesmc-key-#KEY-ui32:00 00 00 11 
1:218  0:024     fakesmc-key-$Adr-ui32:00 00 03 00 
1:244  0:026     fakesmc-key-$Num-ui8:01 
1:257  0:013     fakesmc-key-RMde-char:41 
1:272  0:014     fakesmc-key-RBr -ch8*:6A 31 33 38 5F 39 00 00 
1:316  0:044     fakesmc-key-EPCI-ui32:09 D0 F0 00 
1:343  0:027     fakesmc-key-REV -ch8*:02 46 0F 00 00 12 
1:383  0:039     fakesmc-key-RPlt-ch8*:6A 31 33 38 00 00 00 00 
1:429  0:046     fakesmc-key-BEMB-flag:00 
1:443  0:013     fakesmc-key-BATP-flag:00 
1:457  0:014     fakesmc-key-BNum-ui8:00 
1:472  0:014     fakesmc-key-MSTc-ui8:00 
1:487  0:014     fakesmc-key-MSAc-ui16:00 00 
1:505  0:018     fakesmc-key-MSWr-ui8:00 
1:519  0:014     fakesmc-key-MSFW-ui8:01 00 
1:539  0:020     fakesmc-key-MSPS-ui16:00 03 
1:564  0:024  Registered 17 SMC keys
1:573  0:008  === [ ScanLoader ] ==============================
1:578  0:004  - [01]: 'EFI'
1:606  0:028  - [02]: 'Dati'
1:647  0:041  - [04]: 'EFI'
1:668  0:020        AddLoaderEntry for Volume Name=EFI, idx=0
1:672  0:003        OSVersion= 
1:676  0:003        IconName=unknown comma=-1 size=7
1:680  0:004        Full=unknown
1:684  0:004        Loader entry created for 'PciRoot(0x0)\Pci(0x1D,0x0)\Pci(0x0,0x0)\NVMe(0x1,CA-8F-B2-81-58-38-25-00)\HD(1,GPT,6E40A227-DDED-4325-B7CE-3959620EB39E,0x28,0x64000)\EFI\BOOT\BOOTX64.efi'
1:689  0:004       hiding entry: \EFI\BOOT\BOOTX64.efi
1:694  0:004        Menu entry added at index 0
1:698  0:004       hiding entry because DiskKind is DISK_KIND_INTERNAL: \EFI\BOOT\BOOTX64.efi
1:702  0:004  - [06]: 'Preboot'
1:712  0:009      ApfsContainerUUID=85F3C012-2D6D-4FA1-A77E-71D7470E7FA2
1:716  0:004      ApfsFileSystemUUID=7D8F73F2-B8D5-4193-BB89-C99D72294438
1:720  0:004      APFSTargetUUID=A490645D-B724-4FBC-9AC8-F7A23B1C4935
1:725  0:004        contentDetails name:Macintosh HD
1:730  0:004        AddLoaderEntry for Volume Name=Preboot, idx=1
1:734  0:004        OSVersion=14.4 
1:738  0:003        Check if volume Is Hibernated:
1:743  0:004        Check sleep image 'by signature':
1:747  0:004        using default sleep image name = \private\var\vm\sleepimage
1:751  0:004        cannot open sleepimage -> Not Found
1:756  0:004        hibernated: no - sign
1:760  0:004        IconName=sonoma,mac comma=6 size=10
1:764  0:004        first=os_sonoma
1:769  0:004        Second=os_mac
1:773  0:004        IconName=unknown comma=-1 size=7
1:777  0:004        Full=unknown
1:782  0:004        Loader entry created for 'PciRoot(0x0)\Pci(0x1D,0x0)\Pci(0x0,0x0)\NVMe(0x1,CA-8F-B2-81-58-38-25-00)\HD(2,GPT,9508A8C6-F9B9-4EDD-ABC7-C1C4A019C410,0x64028,0x3A321FE0)\VenMedia(BE74FCF7-0B7C-49F3-9147-01F4042E6842,F2738F7DD5B89341BB89C99D72294438)\A490645D-B724-4FBC-9AC8-F7A23B1C4935\System\Library\CoreServices\boot.efi'
1:789  0:007        Menu entry added at index 1
1:794  0:004  - [07]: 'Macintosh HD - Dati'
1:802  0:008      ApfsContainerUUID=85F3C012-2D6D-4FA1-A77E-71D7470E7FA2
1:806  0:004      ApfsFileSystemUUID=A490645D-B724-4FBC-9AC8-F7A23B1C4935
1:811  0:004  - [08]: 'Recovery'
1:822  0:011      ApfsContainerUUID=85F3C012-2D6D-4FA1-A77E-71D7470E7FA2
1:827  0:004      ApfsFileSystemUUID=9170D6B6-29A5-4BBA-A673-6F0E24A99093
1:831  0:004      APFSTargetUUID=A490645D-B724-4FBC-9AC8-F7A23B1C4935
1:835  0:004        contentDetails name:Macintosh HD
1:840  0:005        AddLoaderEntry for Volume Name=Recovery, idx=2
1:845  0:004        OSVersion=14.4 
1:849  0:004        IconName=sonoma,mac comma=6 size=10
1:853  0:003        first=os_sonoma
1:857  0:004        Second=os_mac
1:862  0:004        IconName=unknown comma=-1 size=7
1:867  0:004        Full=unknown
1:871  0:004        Loader entry created for 'PciRoot(0x0)\Pci(0x1D,0x0)\Pci(0x0,0x0)\NVMe(0x1,CA-8F-B2-81-58-38-25-00)\HD(2,GPT,9508A8C6-F9B9-4EDD-ABC7-C1C4A019C410,0x64028,0x3A321FE0)\VenMedia(BE74FCF7-0B7C-49F3-9147-01F4042E6842,B6D67091A529BA4BA6736F0E24A99093)\A490645D-B724-4FBC-9AC8-F7A23B1C4935\BaseSystem.dmg'
1:877  0:005        Menu entry added at index 2
1:884  0:006  - [09]: 'Macintosh HD'
1:892  0:008      ApfsContainerUUID=85F3C012-2D6D-4FA1-A77E-71D7470E7FA2
1:896  0:004      ApfsFileSystemUUID=88F90BC3-2CC3-4B72-B297-A45648EE79C3
1:905  0:009  - [10]: 'Update'
1:916  0:010      ApfsContainerUUID=85F3C012-2D6D-4FA1-A77E-71D7470E7FA2
1:920  0:004      ApfsFileSystemUUID=B0C82F98-F2B1-412A-B736-D33F4320CF33
1:924  0:004  - [11]: 'VM'
1:933  0:008      ApfsContainerUUID=85F3C012-2D6D-4FA1-A77E-71D7470E7FA2
1:937  0:004      ApfsFileSystemUUID=28A6BFD0-2CAA-4875-AE15-EA6E25144D32
1:941  0:004  Entries list before ordering
1:945  0:004      Entry 0 : Boot UEFI internal from EFI (hidden)
1:950  0:004      Entry 1 : Boot Mac OS from Macintosh HD via Preboot
1:954  0:004      Entry 2 : Boot Mac OS Recovery for Macintosh HD via Recovery
1:958  0:004  Entries list after ordering
1:962  0:003    Entry 0 : Boot UEFI internal from EFI (hidden)
1:966  0:004    Entry 1 : Boot Mac OS from Macintosh HD via Preboot
1:971  0:004    Entry 2 : Boot Mac OS Recovery for Macintosh HD via Recovery
1:975  0:004  === [ AddCustomTool ] ===========================
1:980  0:005  found tool \EFI\CLOVER\tools\Shell64U.efi
1:985  0:004  Checking EFI partition Volume 1 for Clover
1:991  0:006   Found Clover
1:997  0:005  === [ GetEfiBootDeviceFromNvram ] ===============
2:001  0:004   - [!] efi-boot-device-data not found
2:006  0:004  Default boot entry not found
2:010  0:003  BannerPlace at Clear Screen [619,68]
2:028  0:018  GUI ready
4:739  2:710  Boot option 0 has other volume name Macintosh HDboot.efi
4:743  0:004  === [ StartLoader ] =============================
4:747  0:004  Starting PciRoot(0x0)\Pci(0x1D,0x0)\Pci(0x0,0x0)\NVMe(0x1,CA-8F-B2-81-58-38-25-00)\HD(2,GPT,9508A8C6-F9B9-4EDD-ABC7-C1C4A019C410,0x64028,0x3A321FE0)\VenMedia(BE74FCF7-0B7C-49F3-9147-01F4042E6842,F2738F7DD5B89341BB89C99D72294438)\A490645D-B724-4FBC-9AC8-F7A23B1C4935\System\Library\CoreServices\boot.efi
4:752  0:004  Finally: ExternalClock=26MHz BusSpeed=100014kHz CPUFreq=3600MHz PIS: hw.busfrequency=104000000Hz
4:760  0:008  Beginning OC
4:764  0:004  OCST: Missing vault data, ignoring...
4:770  0:005  AddKextsInArray from Other
4:774  0:004  ->Extra kext: Other\USBMapDummy.kext (v.1.0)
4:779  0:004  ->Extra kext: Other\RadeonMonitor.kext (v.1.3.5)
4:783  0:004  ->Extra kext: Other\FakeSMC.kext (v.3.5.6)
4:788  0:004  ->Extra kext: Other\IntelCPUMonitor.kext (v.1.2.6)
4:793  0:004  AddKextsInArray from Off
4:797  0:004  AddKextsInArray from 14
4:801  0:004  AddKextsInArray from 14_normal
4:806  0:004  AddKextsInArray from 14.4
4:810  0:003  AddKextsInArray from 14.4_normal
4:814  0:004  AddKextsInArray from 14.4.0
4:818  0:004  AddKextsInArray from 14.4.0_normal
4:822  0:004  Bridge kext to OC : Path=Other\FakeSMC.kext
4:828  0:005  Bridge kext to OC : Path=Other\USBMapDummy.kext
4:835  0:007  Bridge kext to OC : Path=Other\RadeonMonitor.kext
4:840  0:004  Bridge kext to OC : Path=Other\IntelCPUMonitor.kext
4:846  0:006  Start 'OpenRuntime.efi' : Status Success
4:850  0:004  OC: config config.plist
4:855  0:004  OC: Got 0 drivers
4:859  0:004  OC: OpenCore DBG-102-2024-09-12 is loading in Optional mode (0/0)...
4:863  0:004  OC: StorageHandle 0 with  LauncherOption pointing to 
4:868  0:005  OcOSInfoInstallProtocol
4:873  0:004  OCRTC: OcAppleRtcRamInstallProtocol
4:877  0:003  OCRTC: Wake log is 0x00 0x00   0 0x00
4:881  0:004  OcAppleFbInfoInstallProtocol
4:885  0:003  OcAppleEg2InfoInstallProtocol
4:892  0:006  OC: Loading Apple Secure Boot with Disabled (level 0)
4:900  0:007  OCABC: ALRBL 0 RTDFRG 1 DEVMMIO 0 NOSU 0 NOVRWR 0 NOSB 0 FBSIG 0 NOHBMAP 0 SMSLIDE 1 WRUNPROT 1
4:904  0:004  OCABC: FEXITBS 0 PRMRG 0 CSLIDE 0 MSLIDE 0 PRSRV 0 RBMAP 0 VMAP 1 APPLOS 0 RTPERMS 1 ARBAR -1 RBIO 0
4:908  0:004  OCABC: Got rendezvous with OpenRuntime r12
4:914  0:005  OCABC: MAT support is 1
4:918  0:004  OC: RequestBootVarRouting 0
4:923  0:004  OCDM: Found 0x20046/0x2003C UEFI version (376 bytes, 0 rebuilding to 376) gST 7AB3C018 gBS 6D89B3A0 gBS->CreateEventEx 6D889904 &gBS 6D5732C0
4:927  0:003  OC: Setting GPU BARs to 0
4:931  0:004  OCDM: RBAR using PciIo
4:935  0:004  OCDM: Setting RBAR to 0 inc 1 on 3/18
4:939  0:003  OCDM: Capability I/O error - Unsupported
4:943  0:003  OCDM: RBAR is unsupported by device - Device Error
4:947  0:003  OCDM: Setting RBAR to 0 inc 1 on 5/18
4:951  0:003  OCDM: Capability I/O error - Unsupported
4:955  0:004  OCDM: RBAR is unsupported by device - Device Error
4:960  0:004  OC: Got 0 drivers
4:964  0:003  OCC: Installing GOP (Unsupported) on ConsoleOutHandle...
4:968  0:004  OC: Requested resolution is 1920x1080@0 (max: 0, force: 0) from 1920x1080
4:973  0:004  OCC: Using builtin text renderer with 1 scale
4:977  0:003  OCC: Install console control (6D55E3D0/6D882C88/0), current - Success
4:981  0:004  OCC: Setup ASCII Output - Success
4:985  0:004  OC: Requested console mode is 0x0 (max: 0) from 
4:989  0:003  OC: Invalid HibernateMode: 
4:993  0:003  OC: Translated HibernateMode  to 0
4:997  0:004  OC: Hibernation activation - Invalid Parameter, hibernation wake - no
5:007  0:010  OC: Saving 9921 byte panic log panic-2024-11-24-191622.txt - Success
5:012  0:004  OCABC: IsEfiBootRt 0 (BP 1, Apple 0)
5:017  0:005  OCB: Arch filtering 72DEE018(723512)->72DEE018(723512) caps 0 - Success
5:021  0:003  ImageHandle = 73096818
5:029  0:007  GetOSVersion: 14.4 (s)
5:037  0:007  Will not patch boot.efi
5:044  0:006  Using latest BiosVersion from config instead of default 'IM191.88Z.F000.B00.2302212211'
5:047  0:003  Using latest BiosReleaseDate from config instead of default '02/21/2023'
5:051  0:003  Using latest EfiVersion from config instead of default '1968.100.16.0.1'
5:055  0:003  BiosVersion: IM191.88Z.F000.B00.2308061817
5:059  0:003  BiosReleaseDate: 08/06/2023
5:063  0:003  EfiVersion: 2020.40.3.0.0
5:067  0:003  SMBIOS reloaded with model iMac19,1
5:071  0:003  Set FakeCPUID: 0x0
5:075  0:003  === [ PatchSmbios ] =============================
5:079  0:003  UpdateSmbiosString : BiosVersion=EfiVersion=2020.40.3.0.0
5:083  0:003  UpdateSmbiosString : ReleaseDate=08/06/2023
5:087  0:004  void PatchTableType1(const SmbiosInjectedSettings&) : UpdateSmbiosString ProductName=iMac19,1
5:091  0:004  void PatchTableType2(const SmbiosInjectedSettings&) : UpdateSmbiosString ProductName=BoardNumber=Mac-AA95B1DDAB278B95
5:095  0:003  void PatchTableType2(const SmbiosInjectedSettings&) : UpdateSmbiosString Version=BoardVersion=iMac19,1
5:099  0:003  insert table 9 for dev 0:0
5:103  0:003  insert table 9 for dev 0:1
5:107  0:004  insert table 9 for dev 1F:6
5:111  0:004  Table 11 present, but rewritten for us
5:116  0:005  Do not inject memory table
5:120  0:003  Trusting SMBIOS...
5:124  0:003  Channels: 1
5:128  0:004  Interleave: 0 1 2 3
5:153  0:025  trusted SMBIOS data, table index 0:
5:157  0:003    gRAM.SMBIOS[0]->ModuleSize = 8192
5:161  0:003    gRAM.SMBIOS[0]->Type = 0
5:165  0:003    gRAM.SMBIOS[0]->Frequency = 3200
5:169  0:003    gRAM.SMBIOS[0]->Vendor = Corsair
5:173  0:003    gRAM.SMBIOS[0]->PartNo = CMK16GX4M2K4266C19
5:177  0:003    gRAM.SMBIOS[0]->SerialNo = 00000000
5:181  0:004  SPD data in use:
5:185  0:004    gRAM.SPD[0]->ModuleSize = 8192
5:188  0:003    gRAM.SPD[0]->Type = 26
5:192  0:003    gRAM.SPD[0]->Frequency = 4264
5:196  0:003    gRAM.SPD[0]->Vendor = Corsair
5:200  0:003    gRAM.SPD[0]->SerialNo = 00000000
5:204  0:004    gRAM.SPD[0]->PartNo = CMK16GX4M2K4266C19
5:208  0:003    SMBIOS Type 17 Index = 0 => SMBIOSIndex=0 SPDIndex=0:
5:212  0:003  BANK 0 DIMM0 4264MHz 8192MB(Ext:0MB)
5:216  0:003  trusted SMBIOS data, table index 1:
5:220  0:004    gRAM.SMBIOS[1]->ModuleSize = 8192
5:224  0:004    gRAM.SMBIOS[1]->Type = 0
5:228  0:003    gRAM.SMBIOS[1]->Frequency = 3200
5:232  0:004    gRAM.SMBIOS[1]->Vendor = Corsair
5:237  0:004    gRAM.SMBIOS[1]->PartNo = CMK16GX4M2K4266C19
5:241  0:004    gRAM.SMBIOS[1]->SerialNo = 00000000
5:245  0:004  SPD data in use:
5:249  0:003    gRAM.SPD[1]->ModuleSize = 8192
5:253  0:003    gRAM.SPD[1]->Type = 26
5:257  0:003    gRAM.SPD[1]->Frequency = 4264
5:261  0:004    gRAM.SPD[1]->Vendor = Corsair
5:265  0:004    gRAM.SPD[1]->SerialNo = 00000000
5:270  0:004    gRAM.SPD[1]->PartNo = CMK16GX4M2K4266C19
5:274  0:003    SMBIOS Type 17 Index = 1 => SMBIOSIndex=1 SPDIndex=1:
5:277  0:003  BANK 0 DIMM1 4264MHz 8192MB(Ext:0MB)
5:282  0:004  !trusted SMBIOS data, Table index 2:!gRAM.SMBIOS.doesSlotForIndexExist(SMBIOSIndex) 
5:294  0:012    SMBIOS Type 17 Index = 2 => SMBIOSIndex=2 SPDIndex=2:
5:299  0:004  BANK 0 DIMM2 EMPTY
5:303  0:004  !trusted SMBIOS data, Table index 3:!gRAM.SMBIOS.doesSlotForIndexExist(SMBIOSIndex) 
5:318  0:015    SMBIOS Type 17 Index = 3 => SMBIOSIndex=3 SPDIndex=3:
5:323  0:004  BANK 0 DIMM3 EMPTY
5:327  0:004  mTotalSystemMemory = 16384
5:332  0:004  NumberOfMemoryDevices = 4
5:336  0:003  Type20[0]->End = 0x7FFFFF, Type17[0] = 2000
5:340  0:004  Type20[1]->End = 0xFFFFFF, Type17[1] = 6000
5:344  0:004  Table 131 is present, CPUType=35
5:348  0:003  Change to: 1005
5:352  0:003  === [ PatchACPI ] ===============================
5:356  0:003  OCABC: AllocPages 1 0x7A345000 (1) - Success
5:360  0:004  Xsdt reallocation done
5:364  0:003  OCABC: AllocPages 1 0x7A344000 (1) - Success
5:368  0:004  old FADT length=114
5:372  0:004   SignatureFixup: 0xFA76D5ED -> 0x0
5:376  0:004  Found OperationRegion(GNVS, SystemMemory, 7A376000, ...)
5:381  0:004  Found OperationRegion(RAMW, SystemMemory, 7A37A018, ...)
5:385  0:004  Found OperationRegion(RAMX, SystemMemory, 7A2E2018, ...)
5:389  0:004  Found OperationRegion(PNVA, SystemMemory, 7A3D2B98, ...)
5:393  0:004  Found OperationRegion(THBA, SystemMemory, FE200000, ...)
5:398  0:004  Found OperationRegion(BNVS, SystemMemory, 7A38B000, ...)
5:402  0:003  Found OperationRegion(SMBD, SystemMemory, E00FC004, ...)
5:406  0:003  Found OperationRegion(TMMB, SystemMemory, FED40000, ...)
5:410  0:004  Found OperationRegion(CRBD, SystemMemory, FED40000, ...)
5:415  0:004  Found OperationRegion(TPMR, SystemMemory, FFFFFFFF, ...)
5:419  0:004  Found OperationRegion(ATNV, SystemMemory, FFFF0000, ...)
5:423  0:003  Found OperationRegion(WPBR, SystemMemory, 7A364000, ...)
5:428  0:004  OCABC: AllocPages 1 0x7A2F5000 (79) - Success
5:432  0:004  Apply DsdtFixMask=0x10400044
5:436  0:004  === [ FixBiosDsdt ] =============================
5:440  0:004  Patching DSDT:
5:445  0:004   - [change EC0 to EC]: pattern 4543305F, patched at: [ (F96F) ]
5:465  0:020   - [change HECI to IMEI]: pattern 48454349, patched at: [ (18CAE) ]
5:490  0:024  found PIC had IRQNoFlag will move -3 bytes
5:494  0:004   deleting device CRT_
5:503  0:008   deleting device DVI_
5:511  0:008   deleting device SPKR
5:519  0:008   deleting device ECP_
5:527  0:007   deleting device LPT_
5:535  0:008   deleting device FDC0
5:543  0:008   deleting device ECP1
5:552  0:008   deleting device LPT1
5:560  0:008   deleting device FDC_
5:568  0:008    indirect name=RAMB
5:572  0:004    indirect name=RAMA
5:576  0:003    indirect name=PNVB
5:580  0:003  OperationRegion (THBA...) corrected from 0x0 to addr=0xFE200000
5:584  0:004    indirect name=TPMM
5:588  0:004    indirect name=FTPM
5:592  0:004    indirect name=PPIM
5:597  0:004  PreCleanup XSDT: count=24, length=228
5:601  0:003  PreCleanup XSDT, corrected XSDT: count=24, length=228
5:605  0:004  === [ ACPIPatchedAML ] ==========================
5:609  0:003  AutoMerge pass 1
5:613  0:004  Unsorted
5:617  0:003  Inserting SSDT-EC.aml from \EFI\CLOVER\ACPI\patched: ignore on pass 1
5:624  0:007  Inserting SSDT-PLUG-_SB.PR00.aml from \EFI\CLOVER\ACPI\patched: ignore on pass 1
5:632  0:007  Inserting SSDT-PM.aml from \EFI\CLOVER\ACPI\patched: ignore on pass 1
5:640  0:008  Inserting SSDT-PMC.aml from \EFI\CLOVER\ACPI\patched: ignore on pass 1
5:648  0:007  === [ ACPIDropTables ] ==========================
5:652  0:003  OCABC: AllocPages 1 0x7A2F3000 (2) - Success
5:656  0:003  OCABC: AllocPages 1 0x7A2F3000 (2) - Success
5:660  0:003  OCABC: AllocPages 1 0x7A2F3000 (2) - Success
5:664  0:004  OCABC: AllocPages 1 0x7A2F3000 (2) - Success
5:668  0:003  OCABC: AllocPages 1 0x7A2F3000 (2) - Success
5:672  0:004  OCABC: AllocPages 1 0x7A2F3000 (2) - Success
5:676  0:004  Patching SSDTs: 2 patches each
5:680  0:003   pattern 4543305F, bin not found / already patched!
5:691  0:010   pattern 48454349, bin not found / already patched!
5:698  0:007  OCABC: AllocPages 1 0x7A2F0000 (3) - Success
5:702  0:003  Patching SSDTs: 2 patches each
5:706  0:003   pattern 4543305F, bin not found / already patched!
5:714  0:007   pattern 48454349, bin not found / already patched!
5:724  0:010  Found OperationRegion(PNVS, SystemMemory, 7ADF3000, ...)
5:728  0:004  OCABC: AllocPages 1 0x7A2EB000 (5) - Success
5:732  0:003  Patching SSDTs: 2 patches each
5:736  0:003   pattern 4543305F, bin not found / already patched!
5:744  0:007   pattern 48454349, bin not found / already patched!
5:752  0:008  Found OperationRegion(SANV, SystemMemory, 7A3D2118, ...)
5:756  0:003  OCABC: AllocPages 1 0x7A2E7000 (4) - Success
5:760  0:003  Patching SSDTs: 2 patches each
5:764  0:003   pattern 4543305F, bin not found / already patched!
5:772  0:008   pattern 48454349, bin not found / already patched!
5:779  0:007  OCABC: AllocPages 1 0x7A2E5000 (2) - Success
5:783  0:003  OCABC: AllocPages 1 0x7A2E5000 (2) - Success
5:787  0:003  Patching SSDTs: 2 patches each
5:791  0:003   pattern 4543305F, bin not found / already patched!
5:799  0:007   pattern 48454349, bin not found / already patched!
5:807  0:007  OCABC: AllocPages 1 0x7A166000 (4) - Success
5:811  0:003  Patching SSDTs: 2 patches each
5:814  0:003   pattern 4543305F, bin not found / already patched!
5:822  0:007   pattern 48454349, bin not found / already patched!
5:833  0:011  OCABC: AllocPages 1 0x7A2E3000 (2) - Success
5:840  0:006  OCABC: AllocPages 1 0x7A2E3000 (2) - Success
5:845  0:004  OCABC: AllocPages 1 0x7A162000 (4) - Success
5:848  0:003  Patching SSDTs: 2 patches each
5:852  0:003   pattern 4543305F, bin not found / already patched!
5:861  0:008   pattern 48454349, bin not found / already patched!
5:868  0:007  OCABC: AllocPages 1 0x7A2E3000 (2) - Success
5:873  0:004  Patching SSDTs: 2 patches each
5:877  0:004   pattern 4543305F, bin not found / already patched!
5:884  0:007   pattern 48454349, bin not found / already patched!
5:893  0:008  OCABC: AllocPages 1 0x7A160000 (2) - Success
5:897  0:003  OCABC: AllocPages 1 0x7A160000 (2) - Success
5:900  0:003  OCABC: AllocPages 1 0x7A15F000 (3) - Success
5:904  0:004  Patching SSDTs: 2 patches each
5:908  0:004   pattern 4543305F, bin not found / already patched!
5:918  0:009   pattern 48454349, bin not found / already patched!
5:926  0:008  OCABC: AllocPages 1 0x7A15D000 (2) - Success
5:930  0:003  Patching SSDTs: 2 patches each
5:934  0:003   pattern 4543305F, bin not found / already patched!
5:942  0:007   pattern 48454349, bin not found / already patched!
5:950  0:007  Found OperationRegion(ADHD, SystemMemory, 78CD0000, ...)
5:954  0:004  Found OperationRegion(ABLK, SystemMemory, 78CD0020, ...)
5:958  0:004  OCABC: AllocPages 1 0x7A14D000 (16) - Success
5:962  0:003  OCABC: AllocPages 1 0x7A15B000 (2) - Success
5:966  0:004  OCABC: AllocPages 1 0x7A15B000 (2) - Success
5:970  0:003  === [ ACPIPatchedAML ] ==========================
5:976  0:006  AutoMerge pass 2
5:983  0:006  Unsorted
5:987  0:003  Inserting SSDT-EC.aml from \EFI\CLOVER\ACPI\patched: size=91 OCABC: AllocPages 1 0x7A15C000 (1) - Success
... Success
6:003  0:016  Inserting SSDT-PLUG-_SB.PR00.aml from \EFI\CLOVER\ACPI\patched: size=166 OCABC: AllocPages 1 0x7A15B000 (1) - Success
... Success
6:019  0:016  Inserting SSDT-PM.aml from \EFI\CLOVER\ACPI\patched: size=198 OCABC: AllocPages 1 0x7A15A000 (1) - Success
... Success
6:036  0:016  Inserting SSDT-PMC.aml from \EFI\CLOVER\ACPI\patched: size=143 OCABC: AllocPages 1 0x7A159000 (1) - Success
... Success
6:053  0:016  ApicCPUNum=1
6:057  0:003  Maximum control=0x24
6:061  0:004  Turbo control=0x31
6:065  0:003  P-States: min 0x8, max 0x31
6:069  0:003  SSDT with plugin-type without P-States is generated
6:073  0:004  OCABC: AllocPages 1 0x7A158000 (1) - Success
6:077  0:004  Cleanup XSDT: count=29, length=268
6:081  0:003  corrected XSDT count=29, length=268
6:085  0:003  === [ RestSetup macOS ] =========================
6:089  0:004  ATI injection not set
6:093  0:003  Intel UHD Graphics 630 [8086:3E98] :: PciRoot(0x0)\Pci(0x2,0x0)
6:097  0:003    Intel: no default properties
6:101  0:003  Intel GFX revision  = 0x0
6:105  0:004   RCBA disabled; cannot use it
6:109  0:004   setting specified layout-id=1 (0x1)
6:113  0:004  stringlength = 458
6:117  0:004  OCABC: AllocPages 1 0x7A157000 (1) - Success
6:121  0:004  CurrentMode: Width=1366 Height=768
6:125  0:004  SetNvramVariable (system-id, 4D1EDE05-38C7-4A6A-9CC6-4BCCA8B38C14, 0x2, 16): -> writing new (Success)
6:134  0:008  SetNvramVariable (MLB, 4D1EDE05-38C7-4A6A-9CC6-4BCCA8B38C14, 0x6, 17): -> writing new (Success)
6:143  0:008  SetNvramVariable (ROM, 4D1EDE05-38C7-4A6A-9CC6-4BCCA8B38C14, 0x6, 6): -> writing new (Success)
6:151  0:008  SetNvramVariable (FirmwareFeatures, 4D1EDE05-38C7-4A6A-9CC6-4BCCA8B38C14, 0x6, 4): -> writing new (Success)
6:160  0:009  SetNvramVariable (FirmwareFeaturesMask, 4D1EDE05-38C7-4A6A-9CC6-4BCCA8B38C14, 0x6, 4): -> writing new (Success)
6:169  0:008  SetNvramVariable (ExtendedFirmwareFeatures, 4D1EDE05-38C7-4A6A-9CC6-4BCCA8B38C14, 0x6, 8): -> writing new (Success)
6:178  0:008  SetNvramVariable (ExtendedFirmwareFeaturesMask, 4D1EDE05-38C7-4A6A-9CC6-4BCCA8B38C14, 0x6, 8): -> writing new (Success)
6:187  0:008  AddNvramVariable (HW_BID, 4D1EDE05-38C7-4A6A-9CC6-4BCCA8B38C14, 0x6, 20): -> writing new (Success)
6:196  0:009  AddNvramVariable (security-mode, 7C436110-AB2A-4BBB-A880-FE41995C9F82, 0x7, 5): -> already exists, abort
6:204  0:007  set DefaultBackgroundColor=0xfbfbfb
6:208  0:003  SetNvramVariable (DefaultBackgroundColor, 4D1EDE05-38C7-4A6A-9CC6-4BCCA8B38C14, 0x7, 4): -> writing new (Success)
6:220  0:012  SetNvramVariable (ActualDensity, 7C436110-AB2A-4BBB-A880-FE41995C9F82, 0x7, 2): exists(0x7, 2), equal -> not writing again.
6:232  0:012  SetNvramVariable (DensityThreshold, 7C436110-AB2A-4BBB-A880-FE41995C9F82, 0x7, 2): exists(0x7, 2), equal -> not writing again.
6:244  0:012  SetNvramVariable (gfx-saved-config-restore-status, 4D1EDE05-38C7-4A6A-9CC6-4BCCA8B38C14, 0x7, 8): exists(0x7, 8), equal -> not writing again.
6:257  0:012  DeleteNvramVariable (UIScale, 4D1EDE05-38C7-4A6A-9CC6-4BCCA8B38C14):
6:261  0:004  DeleteNvramVariable (EFILoginHiDPI, 7C436110-AB2A-4BBB-A880-FE41995C9F82):
6:265  0:003  SetNvramVariable (flagstate, 7C436110-AB2A-4BBB-A880-FE41995C9F82, 0x7, 32): exists(0x7, 32), equal -> not writing again.
6:278  0:012  SetNvramVariable (csr-active-config, 7C436110-AB2A-4BBB-A880-FE41995C9F82, 0x7, 4): exists(0x7, 4), equal -> not writing again.
6:290  0:012  DeleteNvramVariable (BridgeOSHardwareModel, 4D1EDE05-38C7-4A6A-9CC6-4BCCA8B38C14):
6:295  0:004  DeleteNvramVariable (bootercfg, 7C436110-AB2A-4BBB-A880-FE41995C9F82):
6:299  0:004  DeleteNvramVariable (nvda_drv, 7C436110-AB2A-4BBB-A880-FE41995C9F82):
6:304  0:004  DeleteNvramVariable (recovery-boot-mode, 7C436110-AB2A-4BBB-A880-FE41995C9F82):
6:308  0:004  AddNvramVariable (wake-failure, 7C436110-AB2A-4BBB-A880-FE41995C9F82, 0x7, 5): -> already exists, abort
6:317  0:008  DeleteNvramVariable (opencore-version, 7C436110-AB2A-4BBB-A880-FE41995C9F82):
6:321  0:004  DeleteNvramVariable (ApBoardID, 94B73556-2197-4702-82A8-3E1337DAFBFB):
6:326  0:004  DeleteNvramVariable (ApSecurityDomain, 94B73556-2197-4702-82A8-3E1337DAFBFB):
6:331  0:004  DeleteNvramVariable (ApProductionStatus, 94B73556-2197-4702-82A8-3E1337DAFBFB):
6:335  0:004  DeleteNvramVariable (ApSecurityMode, 94B73556-2197-4702-82A8-3E1337DAFBFB):
6:340  0:005  DeleteNvramVariable (EffectiveProductionStatus, 94B73556-2197-4702-82A8-3E1337DAFBFB):
6:345  0:004  DeleteNvramVariable (EffectiveSecurityMode, 94B73556-2197-4702-82A8-3E1337DAFBFB):
6:350  0:004  DeleteNvramVariable (CertificateEpoch, 94B73556-2197-4702-82A8-3E1337DAFBFB):
6:354  0:004  DeleteNvramVariable (MixNMatchPreventionStatus, 94B73556-2197-4702-82A8-3E1337DAFBFB):
6:359  0:004  DeleteNvramVariable (CryptoDigestMethod, 94B73556-2197-4702-82A8-3E1337DAFBFB):
6:364  0:004  DeleteNvramVariable (InternalUseOnlyUnit, 94B73556-2197-4702-82A8-3E1337DAFBFB):
6:369  0:004  DeleteNvramVariable (ApECID, 94B73556-2197-4702-82A8-3E1337DAFBFB):
6:373  0:004  DeleteNvramVariable (HardwareModel, 94B73556-2197-4702-82A8-3E1337DAFBFB):
6:377  0:003  Use origin smbios table type 1 guid.
6:400  0:022  DeleteNvramVariable (efi-boot-device, 7C436110-AB2A-4BBB-A880-FE41995C9F82):
6:405  0:004  DeleteNvramVariable (efi-boot-device-data, 7C436110-AB2A-4BBB-A880-FE41995C9F82):
6:409  0:004  DeleteNvramVariable (BootCampHD, 7C436110-AB2A-4BBB-A880-FE41995C9F82):
6:413  0:004  Custom boot screen not used because entry has unset use graphics
6:419  0:005  DeleteNvramVariable (IOHibernateRTCVariables, 7C436110-AB2A-4BBB-A880-FE41995C9F82):
6:424  0:004  DeleteNvramVariable (boot-image, 7C436110-AB2A-4BBB-A880-FE41995C9F82):
6:428  0:004  Kernel quirks
6:432  0:003  ACPCL 1 AXCL 1 AXEM 0 AXFB 0 CSG 0 DIM 0 DLJ 0 DRC 1 DPM 0 EBTFF 0 EDI 0 FAI 0 IPBS 0 LKP 0 PNKD 0 PTKP 0 TPD 0 XPL 0 PCC 0
6:436  0:004  Closing log
6:440  0:003  OCABC: AllocPages 2 0x91000 (14) - Success
6:444  0:003  OCABC: AllocPages 2 0x6F7C8000 (14) - Success
6:449  0:005  OCABC: Patching safe mode sur-2 at off ACF4
6:453  0:003  OCABC: AllocPages 2 0x77848000 (512) - Success
6:457  0:003  OCABC: AllocPages 2 0x77847000 (1) - Success
6:461  0:004  OC: Supported boot capabilities 4
6:467  0:005  OCOS: OS set: <null> macOS 11.0
6:471  0:004  OCOS: OS set: Apple Inc. macOS 11.0
6:475  0:003  OCOS: Should use black background
6:479  0:004  OCABC: AllocPages 1 0x6D351000 (1) - Success
6:495  0:015  OC: Opening file System\Library\Kernels\kernel with 1 mode gave - Not Found
6:499  0:003  OC: Opening file \A490645D-B724-4FBC-9AC8-F7A23B1C4935 with 1 mode gave - Success
6:503  0:004  OC: Opening file \A490645D-B724-4FBC-9AC8-F7A23B1C4935\System\Library\CoreServices\com.apple.Boot.plist with 1 mode gave - Not Found
6:508  0:004  OC: Opening file Library\Preferences\SystemConfiguration\com.apple.Boot.plist with 1 mode gave - Success
6:512  0:004  OC: Opening file \A490645D-B724-4FBC-9AC8-F7A23B1C4935\System\Library\CoreServices\PlatformSupport.plist with 1 mode gave - Success
11:535  5:023  OCABC: AllocPages 2 0x1C700000 (121199) - Success
11:559  0:023  OC: Opening file System\Library\Caches\com.apple.corestorage\EncryptedRoot.plist.wipekey with 1 mode gave - Success
11:579  0:020  OC: Opening file \A490645D-B724-4FBC-9AC8-F7A23B1C4935\System\Library\CoreServices\boot.efi with 1 mode gave - Success
11:608  0:029  OC: Opening file boot\System\Library\KernelCollections\BootKernelExtensions.kc.development with 1 mode gave - Not Found
11:626  0:017  OC: Opening file boot\System\Library\KernelCollections\BootKernelExtensions.kc with 1 mode gave - Success
11:630  0:003  OC: Load and reserve Kext Other\FakeSMC.kext
11:634  0:004  OC: Load and reserve Kext Other\USBMapDummy.kext
11:638  0:004  OC: Load and reserve Kext Other\RadeonMonitor.kext
11:643  0:004  OC: Load and reserve Kext Other\IntelCPUMonitor.kext
11:647  0:004  OC: Kext reservation size info 506000 exe 3B000
11:651  0:003  OC: Trying 64-bit XNU hook on boot\System\Library\KernelCollections\BootKernelExtensions.kc
11:655  0:003  OCAK: Found 64-bit Mach-O compressed 0 offset 0 size 0
11:659  0:003  OCAK: Determined kernel size is 62734336 bytes
11:693  0:034  OC: Result of 64-bit XNU hook on boot\System\Library\KernelCollections\BootKernelExtensions.kc (00000000) is Success
11:740  0:046  OCAK: Read kernel version 23.4.0 (230400)
11:744  0:003  OCAK: 64-bit patcher base 0xFFFFFF8000200000 kmod 0x0 file 0x0
11:749  0:005  OCAK: Zeroing _xcpm_core_scope_msrs 0xE2 applicable CPUs (76)
11:753  0:004  OCAK: Zeroing _xcpm_core_scope_msrs 0xE2 applicable CPUs (406416)
11:757  0:004  OCAK: Zeroing _xcpm_core_scope_msrs 0xE2 applicable CPUs (16384)
11:762  0:004  Replace B9E20000000F30 by B9E20000009090 at ofs:30E
11:835  0:073  Replace B9E20000000F30 by B9E20000009090 at ofs:39B
11:903  0:068  OCAK: 64-bit XcpmCfgLockRel replace count - 2
11:907  0:003  OCAK: [OK] Success XcpmCfgLock patch
11:951  0:043  OCAK: org.netkas.FakeSMC got KXLD 0 0
11:955  0:003  OCAK: Requesting __LINKEDIT for org.netkas.FakeSMC - 6CE10398 at 3BD5000
11:959  0:003  OCAK: Requesting SymbolTable for org.netkas.FakeSMC - 601
11:963  0:004  OCAK: Requesting __LINKEDIT for __kernel__ - 69246688 at 0
11:967  0:003  OCAK: Requesting SymbolTable for __kernel__ - 22799
11:993  0:026  OCAK: Patching invalid size 2000 with 19DF000 for com.apple.iokit.IOACPIFamily
11:997  0:003  OCAK: com.apple.iokit.IOACPIFamily got KXLD 0 0
12:001  0:004  OCAK: Requesting __LINKEDIT for com.apple.iokit.IOACPIFamily - 6B431518 at 21F6000
12:005  0:003  OCAK: Requesting SymbolTable for com.apple.iokit.IOACPIFamily - 544
12:017  0:011  OCAK: Local relocs 1148 on FFFFFF8003CD5000
12:022  0:004  OC: Prelinked injection Other\FakeSMC.kext () - Success
12:026  0:004  OC: Prelinked injection Other\USBMapDummy.kext () - Success
12:030  0:004  OCAK: org.slice.RadeonMonitor got KXLD 0 0
12:037  0:006  OCAK: Requesting __LINKEDIT for org.slice.RadeonMonitor - 6CE28398 at 3BED000
12:041  0:003  OCAK: Requesting SymbolTable for org.slice.RadeonMonitor - 372
12:049  0:008  OCAK: Patching invalid size 32000 with 156F000 for com.apple.iokit.IOPCIFamily
12:055  0:006  OCAK: com.apple.iokit.IOPCIFamily got KXLD 0 0
12:059  0:004  OCAK: Requesting __LINKEDIT for com.apple.iokit.IOPCIFamily - 6B8A1518 at 2666000
12:063  0:004  OCAK: Requesting SymbolTable for com.apple.iokit.IOPCIFamily - 1531
12:072  0:008  OCAK: Requesting SymbolTable for org.netkas.FakeSMC - 191
12:081  0:009  OCAK: Local relocs 369 on FFFFFF8003CED000
12:086  0:004  OC: Prelinked injection Other\RadeonMonitor.kext () - Success
12:090  0:003  OCAK: org.slice.IntelCPUMonitor got KXLD 0 0
12:094  0:004  OCAK: Requesting __LINKEDIT for org.slice.IntelCPUMonitor - 6CE393E8 at 3BFE000
12:098  0:003  OCAK: Requesting SymbolTable for org.slice.IntelCPUMonitor - 363
12:106  0:008  OCAK: Local relocs 306 on FFFFFF8003CFE000
12:110  0:004  OC: Prelinked injection Other\IntelCPUMonitor.kext () - Success
12:114  0:003  OC: Prelink size 62980096 kext offset 62738432 reserved 241664
12:118  0:003  OCAK: KC TEXT is 65536 bytes with 61800 Mach-O headers need 400
12:136  0:017  OCAK: Failed to pk find com.apple.driver.AppleIntelCPUPowerManagement - Not Found
12:140  0:003  OCAK: [OK] Skipping PatchAppleCpuPmCfgLock on NULL Patcher on kernel version 230400
12:145  0:005  OCAK: Patching invalid size 5FF4 with 2193000 for com.apple.driver.AppleRTC
12:149  0:004  OCAK: com.apple.driver.AppleRTC got KXLD 0 0
12:153  0:004  Replace BE58000000/FFFEFFFFFF(BE58000000) by BEFFFF0000 at ofs:1AED
12:256  0:103  Replace BE58000000/FFFEFFFFFF(BE59000000) by BEFFFF0000 at ofs:1AFE
12:364  0:107  Replace BE58000000/FFFEFFFFFF(BE58000000) by BEFFFF0000 at ofs:1DE3
12:466  0:101  Replace BE58000000/FFFEFFFFFF(BE59000000) by BEFFFF0000 at ofs:1DF3
12:568  0:102  OCAK: 64-bit DisableRtcChecksum64 replace count - 4
12:572  0:004  OCAK: [OK] Patch success com.apple.driver.AppleRTC DisableRtcChecksum
12:693  0:121  OC: Prelinked status - Success
12:736  0:043  OC: Opening file usr\standalone\OS.dmg.root_hash with 1 mode gave - Success
12:746  0:009  OC: Opening file usr\standalone\OS.dmg.root_hash.x86legacyap.im4m with 1 mode gave - Success
12:756  0:009  OCABC: AllocPages 0 0x7308B000 (1) - Success
12:759  0:003  OCABC: AllocPages 0 0x73083000 (1) - Success
12:773  0:013  FixOwnership() -> begin
12:777  0:003  PCI Io found 18
12:780  0:003  USB XHCI reset for device A36D
12:787  0:006  ExtendCap=00008000
12:791  0:003    Value=02000802
12:794  0:003    Value=03011402
12:798  0:003    Value=005CFFC0
12:802  0:003    Value=00002201
