0:100  0:100  MemLog inited, TSC freq: 3600476520
0:100  0:000  CPU was calibrated with RTC
0:100  0:000  CloverX64 : Image base = 0x6D404000
0:100  0:000  Clover ImageHandle = 75ee9918
0:102  0:002  SelfDirPath = \EFI\CLOVER
0:103  0:001  === [ Starting Clover ] =========================
0:103  0:000  Now is 24.11.2024,  18:53:02 (GMT)
0:103  0:000  Starting Clover revision: 5160 (master, commit 7b08a616e) on American Megatrends EFI
0:103  0:000  Build id: 20240909210805-7b08a61-dirty
0:103  0:000  Build with: [Args: -D NO_GRUB_DRIVERS_EMBEDDED -D LESS_DEBUG -t GCC131 | --cmd-len=50000 -D NO_GRUB_DRIVERS_EMBEDDED -D LESS_DEBUG --conf=/Users/sergey/src/CloverBootloader/Conf -D USE_LOW_EBDA -a X64 -b RELEASE -t GCC131 -n 5 | OS: 15]
0:103  0:000  === [ Get Smbios ] ==============================
0:103  0:000  Type 16 Index = 0
0:103  0:000  Total Memory Slots Count = 4
0:103  0:000  Type 17 Index = 0
0:103  0:000  SmbiosTable.Type17->SlotIndex = 0
0:103  0:000  SmbiosTable.Type17->ModuleSize = 8192MB
0:103  0:000  SmbiosTable.Type17->Type = 0
0:103  0:000  SmbiosTable.Type17->Frequency = 3200MHz
0:103  0:000  SmbiosTable.Type17->Bank/Device = BANK 0 ChannelA-DIMM1
0:103  0:000  SmbiosTable.Type17->Vendor = Corsair
0:103  0:000  SmbiosTable.Type17->SerialNo = 00000000
0:103  0:000  SmbiosTable.Type17->PartNo = CMK16GX4M2K4266C19
0:103  0:000  Type 17 Index = 1
0:103  0:000  SmbiosTable.Type17->SlotIndex = 1
0:103  0:000  SmbiosTable.Type17->ModuleSize = 8192MB
0:103  0:000  SmbiosTable.Type17->Type = 0
0:103  0:000  SmbiosTable.Type17->Frequency = 3200MHz
0:103  0:000  SmbiosTable.Type17->Bank/Device = BANK 1 ChannelA-DIMM2
0:103  0:000  SmbiosTable.Type17->Vendor = Corsair
0:103  0:000  SmbiosTable.Type17->SerialNo = 00000000
0:103  0:000  SmbiosTable.Type17->PartNo = CMK16GX4M2K4266C19
0:103  0:000  Type 17 Index = 2
0:103  0:000  Ignoring insane frequency value 0MHz
0:103  0:000  Type 17 Index = 3
0:103  0:000  Ignoring insane frequency value 0MHz
0:103  0:000  Boot status=0
0:103  0:000  Running on: 'System Product Name' with board 'PRIME Z390-A'
0:103  0:000  === [ GetCPUProperties ] ========================
0:103  0:000  CPU Vendor = 756E6547 Model=906EC
0:103  0:000   The CPU supported SSE4.1
0:103  0:000   The CPU supported RDRAND
0:103  0:000  BrandString = Intel(R) Core(TM) i7-9700K CPU @ 3.60GHz
0:103  0:000   The CPU supported turbo
0:103  0:000   Energy PerfBias is  visible:
0:103  0:000  MSR 0x35               80008
0:103  0:000   TSC/CCC Information Leaf:
0:103  0:000    numerator     : 300
0:103  0:000    denominator   : 2
0:103  0:000   Calibrated ARTFrequency: 24003176
0:103  0:000   Rounded ARTFrequency: 24000000
0:103  0:000  MSR 0xE2 before patch 1E000000
0:103  0:000  MSR 0xCE              08080838_F1012400
0:103  0:000  corrected FLEX_RATIO = E0000
0:103  0:000  MSR 0x1B0             00000000
0:103  0:000  FSBFrequency = 108 MHz, DMI FSBFrequency = 100 MHz, Corrected FSBFrequency = 100 MHz
0:103  0:000  MaxDiv/MinDiv: 36.0/8
0:103  0:000  Turbo: 47/49/49/49
0:103  0:000  Features: 0x77FAFBFFBFEBFBFF
0:103  0:000  Threads: 8
0:103  0:000  Cores: 8
0:103  0:000  FSB: 100 MHz
0:103  0:000  CPU: 3861 MHz
0:103  0:000  TSC: 3861 MHz
0:103  0:000  PIS: 100 MHz
0:103  0:000  ExternalClock: 25 MHz
0:103  0:000  === [ GetDevices ] ==============================
0:103  0:000  GOP found at: PciRoot(0x0)/Pci(0x1,0x0)/Pci(0x0,0x0)/AcpiAdr(0x80010302)
0:103  0:000  PCI (00|00:00.00) : 8086 3E30 class=060000
0:103  0:000  PCI (00|00:01.00) : 8086 1901 class=060400
0:103  0:000  PCI (00|01:00.00) : 1002 67DF class=030000
0:103  0:000   - GFX: Model=AMD Radeon RX 480/570/580 (ATI/AMD)
0:104  0:000   - GOP: Provided by device
0:104  0:000  PCI (00|01:00.01) : 1002 AAF0 class=040300
0:104  0:000   - HDMI Audio: 
0:104  0:000  PCI (00|00:02.00) : 8086 3E98 class=038000
0:104  0:000   - GFX: Model=Intel UHD Graphics 630 (Intel)
0:104  0:000  PCI (00|00:14.00) : 8086 A36D class=0C0330
0:104  0:000  PCI (00|00:14.02) : 8086 A36F class=050000
0:104  0:000  PCI (00|00:16.00) : 8086 A360 class=078000
0:104  0:000  PCI (00|00:17.00) : 8086 A352 class=010601
0:104  0:000  PCI (00|00:1B.00) : 8086 A340 class=060400
0:104  0:000  PCI (00|00:1C.00) : 8086 A338 class=060400
0:104  0:000  PCI (00|00:1D.00) : 8086 A330 class=060400
0:104  0:000  PCI (00|04:00.00) : 144D A808 class=010802
0:104  0:000  PCI (00|00:1F.00) : 8086 A305 class=060100
0:104  0:000  PCI (00|00:1F.03) : 8086 A348 class=040300
0:104  0:000  PCI (00|00:1F.04) : 8086 A323 class=0C0500
0:104  0:000  PCI (00|00:1F.05) : 8086 A324 class=0C8000
0:104  0:000  PCI (00|00:1F.06) : 8086 15BC class=020000
0:104  0:000   - LAN: 1 Vendor=Intel
0:104  0:000  Legacy MAC address of LAN #0= 40:B0:76:DE:9E:93:
0:104  0:000  _checkOEMPath Look for oem dir at path '\EFI\CLOVER\OEM\System Product Name--40-B0-76-DE-9E-93'. Dir doesn't exist.
0:104  0:000  _checkOEMPath Look for oem dir at path '\EFI\CLOVER\OEM\PRIME Z390-A\UEFI'. Dir doesn't exist.
0:104  0:000  _checkOEMPath Look for oem dir at path '\EFI\CLOVER\OEM\System Product Name'. Dir doesn't exist.
0:104  0:000  _checkOEMPath Look for oem dir at path '\EFI\CLOVER\OEM\System Product Name-3861'. Dir doesn't exist.
0:104  0:000  _checkOEMPath Look for oem dir at path '\EFI\CLOVER\OEM\PRIME Z390-A'. Dir doesn't exist.
0:104  0:000  _checkOEMPath Look for oem dir at path '\EFI\CLOVER\OEM\PRIME Z390-A-3861'. Dir doesn't exist.
0:105  0:000  === [ GetUserSettings ] =========================
0:105  0:000  GetDefaultModel()=iMac18,3
0:105  0:000  === [ LoadUserSettings ] ========================
0:105  0:000  Using config.plist at path: \EFI\CLOVER
0:106  0:000  === [ LoadUserSettings ] ========================
0:106  0:000  Cannot find smbios.plist at path '\EFI\CLOVER' : Not Found
0:106  0:000  '\EFI\CLOVER\smbios.plist' not loaded. Efi error Not Found
0:106  0:000  create SMBIOS list, found 27 dicts
0:106  0:000  ... ACPI
0:106  0:000  ... Boot
0:106  0:000  ... BootGraphics
0:106  0:000  ... Devices
0:106  0:000  ... DisableDrivers
0:106  0:000  ... GUI
0:106  0:000  ... Graphics
0:106  0:000  ... KernelAndKextPatches
0:106  0:000  ... SMBIOS
0:106  0:000  ... SystemParameters
0:106  0:000  ... RtVariables
0:106  0:000  ... Quirks
0:106  0:000  get model from config.plist
0:106  0:000  Using latest BiosVersion from config instead of default 'IM191.88Z.F000.B00.2302212211'
0:115  0:009  Using latest BiosReleaseDate from config instead of default '02/21/2023'
0:119  0:004  Using latest EfiVersion from config instead of default '1968.100.16.0.1'
0:124  0:004  BiosVersion: IM191.88Z.F000.B00.2308061817
0:128  0:004  BiosReleaseDate: 08/06/2023
0:132  0:003  EfiVersion: 2020.40.3.0.0
0:136  0:004  Calibrated TSC Frequency = 3600476520 = 3600MHz
0:140  0:003  === [ GetListOfThemes ] =========================
0:144  0:003  - [00]: random
0:152  0:008  - [00]: embedded
0:160  0:008  === [ Found config plists ] =====================
0:164  0:003  - config.plist
0:168  0:003  - config-sample.plist
0:172  0:003  - config_old.plist
0:176  0:004  === [ LoadDrivers ] =============================
0:181  0:004  Loading NvmExpressDxe.efi status=Success
0:193  0:012   - driver needs connecting
0:197  0:003  Loading EnglishDxe.efi status=Success
0:210  0:012  Loading VBoxHfs.efi status=Success
0:223  0:012   - driver needs connecting
0:226  0:003  Loading PartitionDxe.efi status=Success
0:239  0:012   - driver needs connecting
0:243  0:004  Loading ApfsDriverLoader.efi status=Success
0:256  0:012   - driver needs connecting
0:261  0:004  4 drivers needs connecting ...
0:261  0:000  PlatformDriverOverrideProtocol not found. Installing ... Success
0:261  0:000  Partition driver loaded: 
0:262  0:000  HFS+ driver loaded
0:262  0:000  APFS driver loaded
0:262  0:000  Searching for invalid DiskIo BY_DRIVER connects: not found, all ok
0:481  0:219  === [ InitScreen ] ==============================
0:485  0:004  Console modes reported: 4, available modes:
0:489  0:003   - [01]: 80x25 (current mode)
0:493  0:003   - [03]: 100x31
0:497  0:004   - [04]: 170x40
0:502  0:004  SetScreenResolution: 1920x1080 - not found!
0:510  0:008  SetMaxResolution: found best mode 0: 1366x768
0:517  0:007   - already set
0:522  0:004  Using embedded font
0:527  0:004  === [ ScanSPD ] =================================
0:531  0:004  SMBus device : 8086 A323 class=0C0500 status=Success
0:535  0:004  SMBus CmdReg: 0x3
0:540  0:004  Scanning SMBus [8086:A323], mmio: 0x12116004, ioport: 0xEFA0, hostc: 0x11
0:544  0:004  Slots to scan [8]...
0:548  0:004  SPD[0]: Got invalid type 0 @0x50. Will set page and retry.
0:553  0:004  SPD[0]: Type 12 @0x50
0:574  0:021  XMP Profile1: 4*125 -31 ns
0:578  0:003  Found module with XMP version 2.0
0:585  0:006  Using XMP Profile1 instead of standard frequency 2132MHz
0:591  0:006  DDR speed 4264MHz
0:595  0:003  Slot: 0 Type 26 8192MB 4264MHz Vendor=Corsair PartNo=CMK16GX4M2K4266C19 SerialNo=00000000
0:599  0:004  SPD[1]: Type 12 @0x51
0:621  0:021  XMP Profile1: 4*125 -31 ns
0:624  0:003  Found module with XMP version 2.0
0:629  0:004  Using XMP Profile1 instead of standard frequency 2132MHz
0:633  0:004  DDR speed 4264MHz
0:637  0:003  Slot: 1 Type 26 8192MB 4264MHz Vendor=Corsair PartNo=CMK16GX4M2K4266C19 SerialNo=00000000
0:642  0:004  === [ GetAcpiTablesList ] =======================
0:646  0:004  Get Acpi Tables List from RSDT: count=24
0:653  0:007   - [00]: FACP  A M I  len=132
0:657  0:003   - [01]: APIC  A M I  len=188
0:661  0:004   - [02]: FPDT  A M I  len=68
0:665  0:004   - [03]: FIDT  A M I len=156
0:670  0:004   - [04]: MCFG  A M I  len=60
0:674  0:004   - [05]: WSMT  A M I  len=40
0:678  0:003   - [06]: SSDT  SataTabl len=888
0:682  0:003   - [07]: SSDT  CpuSsdt len=6101
0:686  0:003   - [08]: SSDT  SaSsdt  len=12443
0:690  0:003   - [09]: SSDT  PegSsdt len=9048
0:694  0:004   - [10]: HPET  A M I  len=56
0:698  0:003   - [11]: SSDT  Ther_Rvp len=3998
0:702  0:004   - [12]: SSDT  xh_cfsd4 len=10579
0:706  0:003   - [13]: UEFI  A M I  len=72
0:709  0:003   - [14]: LPIT  A M I  len=92
0:714  0:004   - [15]: SSDT  PtidDevc len=10206
0:718  0:003   - [16]: SSDT  TbtTypeC len=4094
0:722  0:003   - [17]: DBGP  A M I  len=52
0:726  0:004   - [18]: DBG2  A M I  len=84
0:733  0:007   - [19]: SSDT  UsbCTabl len=6449
0:737  0:004   - [20]: SSDT  ADebTabl len=324
0:741  0:003   - [21]: VFCT  A M I  len=59524
0:745  0:004   - [22]: BGRT  A M I  len=56
0:749  0:003   - [23]: WPBT  A M I len=60
0:753  0:004   - [00]: Drop table : MATS,                0 :  no
0:761  0:007   - [01]: Drop table : DMAR,                0 :  no
0:769  0:008  Custom boot CUSTOM_BOOT_DISABLED (0x0)
0:773  0:003  Default theme: embedded
0:777  0:004  Set FakeCPUID: 0x0
0:782  0:004  === [ Found DSDT tables ] =======================
0:786  0:004  === [ InitKextList ] ============================
0:791  0:005  Added Kext=Other\USBMapDummy.kext (1.0)
0:796  0:004  Added Kext=Other\RadeonMonitor.kext (1.3.5)
0:801  0:004  Added Kext=Other\FakeSMC.kext (3.5.6)
0:805  0:004  Added Kext=Other\IntelCPUMonitor.kext (1.2.6)
0:812  0:006  === [ ScanVolumes ] =============================
0:816  0:004  Found 10 volumes with blockIO
0:820  0:003  - [00]: Volume: PciRoot(0x0)\Pci(0x17,0x0)\Sata(0x0,0xFFFF,0x0)
0:828  0:008  - [01]: Volume: PciRoot(0x0)\Pci(0x17,0x0)\Sata(0x0,0xFFFF,0x0)\HD(1,GPT,38DCC513-D608-408E-9D2F-1469C8B906A0,0x28,0x64000)
0:837  0:008          Result of bootcode detection: bootable unknown (legacy)
0:859  0:021            label : EFI
0:863  0:004  - [02]: Volume: PciRoot(0x0)\Pci(0x17,0x0)\Sata(0x0,0xFFFF,0x0)\HD(2,GPT,C20AA839-E88E-4CED-8CAB-9480B290394C,0x64028,0x15D466360)
0:888  0:024            label : Dati
0:892  0:004  - [03]: Volume: PciRoot(0x0)\Pci(0x1D,0x0)\Pci(0x0,0x0)\NVMe(0x1,CA-8F-B2-81-58-38-25-00)
0:901  0:008  - [04]: Volume: PciRoot(0x0)\Pci(0x1D,0x0)\Pci(0x0,0x0)\NVMe(0x1,CA-8F-B2-81-58-38-25-00)\HD(1,GPT,6E40A227-DDED-4325-B7CE-3959620EB39E,0x28,0x64000)
0:910  0:009          Result of bootcode detection: bootable unknown (legacy)
0:915  0:005            label : EFI
0:920  0:004          This is SelfVolume !!
0:924  0:004  - [05]: Volume: PciRoot(0x0)\Pci(0x1D,0x0)\Pci(0x0,0x0)\NVMe(0x1,CA-8F-B2-81-58-38-25-00)\HD(2,GPT,9508A8C6-F9B9-4EDD-ABC7-C1C4A019C410,0x64028,0x3A321FE0)
0:933  0:008          Result of bootcode detection: bootable unknown (legacy)
0:938  0:004  - [06]: Volume: PciRoot(0x0)\Pci(0x1D,0x0)\Pci(0x0,0x0)\NVMe(0x1,CA-8F-B2-81-58-38-25-00)\HD(2,GPT,9508A8C6-F9B9-4EDD-ABC7-C1C4A019C410,0x64028,0x3A321FE0)\VenMedia(BE74FCF7-0B7C-49F3-9147-01F4042E6842,F2738F7DD5B89341BB89C99D72294438)
0:949  0:011            apfsFileSystemUUID=7D8F73F2-B8D5-4193-BB89-C99D72294438, ApfsContainerUUID=85F3C012-2D6D-4FA1-A77E-71D7470E7FA2, ApfsRole=0x10
0:953  0:003            label : Preboot
0:957  0:003  - [07]: Volume: PciRoot(0x0)\Pci(0x1D,0x0)\Pci(0x0,0x0)\NVMe(0x1,CA-8F-B2-81-58-38-25-00)\HD(2,GPT,9508A8C6-F9B9-4EDD-ABC7-C1C4A019C410,0x64028,0x3A321FE0)\VenMedia(BE74FCF7-0B7C-49F3-9147-01F4042E6842,5D6490A424B7BC4F9AC8F7A23B1C4935)
0:965  0:007            apfsFileSystemUUID=A490645D-B724-4FBC-9AC8-F7A23B1C4935, ApfsContainerUUID=85F3C012-2D6D-4FA1-A77E-71D7470E7FA2, ApfsRole=0x0
0:982  0:016            label : Macintosh HD
0:985  0:003  - [08]: Volume: PciRoot(0x0)\Pci(0x1D,0x0)\Pci(0x0,0x0)\NVMe(0x1,CA-8F-B2-81-58-38-25-00)\HD(2,GPT,9508A8C6-F9B9-4EDD-ABC7-C1C4A019C410,0x64028,0x3A321FE0)\VenMedia(BE74FCF7-0B7C-49F3-9147-01F4042E6842,B6D67091A529BA4BA6736F0E24A99093)
0:993  0:007            apfsFileSystemUUID=9170D6B6-29A5-4BBA-A673-6F0E24A99093, ApfsContainerUUID=85F3C012-2D6D-4FA1-A77E-71D7470E7FA2, ApfsRole=0x4
0:997  0:004            label : Recovery
1:001  0:003  - [09]: Volume: PciRoot(0x0)\Pci(0x1D,0x0)\Pci(0x0,0x0)\NVMe(0x1,CA-8F-B2-81-58-38-25-00)\HD(2,GPT,9508A8C6-F9B9-4EDD-ABC7-C1C4A019C410,0x64028,0x3A321FE0)\VenMedia(BE74FCF7-0B7C-49F3-9147-01F4042E6842,55B78B2757452849A2D432E0BB550617)
1:009  0:007            apfsFileSystemUUID=278BB755-4557-4928-A2D4-32E0BB550617, ApfsContainerUUID=85F3C012-2D6D-4FA1-A77E-71D7470E7FA2, ApfsRole=0x8
1:013  0:004            label : VM
1:017  0:003  No AudioIoProtocols, status=Not Found
1:021  0:004  === [ InitXTheme ] ==============================
1:025  0:004  use Daylight theme
1:029  0:003   using embedded theme
1:042  0:012  Using embedded font
1:046  0:004  theme inited
1:050  0:004  Chosen embedded theme
1:055  0:004  after NVRAM boot-args=dart=0 -v
1:058  0:003  Scanning legacy ...
1:062  0:004  === [ Dump SMC keys from NVRAM ] ================
1:066  0:003  found AppleSMC protocol
1:079  0:012     fakesmc-key-RVBF-ch8*:02 46 0F 00 00 12 
1:116  0:037     fakesmc-key-#KEY-ui32:00 00 00 11 
1:145  0:029     fakesmc-key-$Adr-ui32:00 00 03 00 
1:170  0:024     fakesmc-key-$Num-ui8:01 
1:183  0:013     fakesmc-key-RMde-char:41 
1:196  0:013     fakesmc-key-RBr -ch8*:6A 31 33 38 5F 39 00 00 
1:237  0:040     fakesmc-key-EPCI-ui32:09 D0 F0 00 
1:262  0:024     fakesmc-key-REV -ch8*:02 46 0F 00 00 12 
1:296  0:033     fakesmc-key-RPlt-ch8*:6A 31 33 38 00 00 00 00 
1:339  0:043     fakesmc-key-BEMB-flag:00 
1:353  0:013     fakesmc-key-BATP-flag:00 
1:366  0:013     fakesmc-key-BNum-ui8:00 
1:379  0:013     fakesmc-key-MSTc-ui8:00 
1:392  0:013     fakesmc-key-MSAc-ui16:00 00 
1:410  0:017     fakesmc-key-MSWr-ui8:00 
1:423  0:013     fakesmc-key-MSFW-ui8:01 00 
1:440  0:017     fakesmc-key-MSPS-ui16:00 03 
1:463  0:022  Registered 17 SMC keys
1:471  0:008  === [ ScanLoader ] ==============================
1:475  0:004  - [01]: 'EFI'
1:501  0:026  - [02]: 'Dati'
1:545  0:044  - [04]: 'EFI'
1:557  0:011        AddLoaderEntry for Volume Name=EFI, idx=0
1:561  0:004        OSVersion= 
1:565  0:004        IconName=unknown comma=-1 size=7
1:569  0:003        Full=unknown
1:573  0:003        Loader entry created for 'PciRoot(0x0)\Pci(0x1D,0x0)\Pci(0x0,0x0)\NVMe(0x1,CA-8F-B2-81-58-38-25-00)\HD(1,GPT,6E40A227-DDED-4325-B7CE-3959620EB39E,0x28,0x64000)\EFI\BOOT\BOOTX64.efi'
1:577  0:003       hiding entry: \EFI\BOOT\BOOTX64.efi
1:581  0:004        Menu entry added at index 0
1:585  0:004       hiding entry because DiskKind is DISK_KIND_INTERNAL: \EFI\BOOT\BOOTX64.efi
1:589  0:004  - [06]: 'Preboot'
1:597  0:008      ApfsContainerUUID=85F3C012-2D6D-4FA1-A77E-71D7470E7FA2
1:601  0:004      ApfsFileSystemUUID=7D8F73F2-B8D5-4193-BB89-C99D72294438
1:605  0:004      APFSTargetUUID=A490645D-B724-4FBC-9AC8-F7A23B1C4935
1:610  0:004        AddLoaderEntry for Volume Name=Preboot, idx=1
1:614  0:004        OSVersion=10.14.6 
1:618  0:003        Check if volume Is Hibernated:
1:622  0:003        Check sleep image 'by signature':
1:626  0:004        using default sleep image name = \private\var\vm\sleepimage
1:630  0:003        cannot open sleepimage -> Not Found
1:634  0:003        hibernated: no - sign
1:638  0:004        IconName=moja,mac comma=4 size=8
1:642  0:003        first=os_moja
1:646  0:003        Second=os_mac
1:650  0:003        IconName=unknown comma=-1 size=7
1:654  0:004        Full=unknown
1:658  0:004        Loader entry created for 'PciRoot(0x0)\Pci(0x1D,0x0)\Pci(0x0,0x0)\NVMe(0x1,CA-8F-B2-81-58-38-25-00)\HD(2,GPT,9508A8C6-F9B9-4EDD-ABC7-C1C4A019C410,0x64028,0x3A321FE0)\VenMedia(BE74FCF7-0B7C-49F3-9147-01F4042E6842,F2738F7DD5B89341BB89C99D72294438)\A490645D-B724-4FBC-9AC8-F7A23B1C4935\System\Library\CoreServices\boot.efi'
1:663  0:004        Menu entry added at index 1
1:667  0:004      Dead installer entry found (installer dmg boot file not found : '\macOS Install Data\BaseSystem.dmg')
1:671  0:003  - [07]: 'Macintosh HD'
1:679  0:008      ApfsContainerUUID=85F3C012-2D6D-4FA1-A77E-71D7470E7FA2
1:683  0:003      ApfsFileSystemUUID=A490645D-B724-4FBC-9AC8-F7A23B1C4935
1:689  0:006        AddLoaderEntry for Volume Name=Macintosh HD, idx=2
1:694  0:004        OSVersion=10.14.6 
1:698  0:004        Check if volume Is Hibernated:
1:702  0:003        Check sleep image 'by signature':
1:707  0:005        read prefs \Library\Preferences\com.apple.PowerManagement.plist status=Success
1:711  0:003        using default sleep image name = \private\var\vm\sleepimage
1:716  0:004        cannot open sleepimage -> Not Found
1:720  0:004        hibernated: no - sign
1:724  0:003        IconName=moja,mac comma=4 size=8
1:728  0:004        first=os_moja
1:732  0:003        Second=os_mac
1:736  0:003        IconName=unknown comma=-1 size=7
1:739  0:003        Full=unknown
1:743  0:003        Loader entry created for 'PciRoot(0x0)\Pci(0x1D,0x0)\Pci(0x0,0x0)\NVMe(0x1,CA-8F-B2-81-58-38-25-00)\HD(2,GPT,9508A8C6-F9B9-4EDD-ABC7-C1C4A019C410,0x64028,0x3A321FE0)\VenMedia(BE74FCF7-0B7C-49F3-9147-01F4042E6842,5D6490A424B7BC4F9AC8F7A23B1C4935)\System\Library\CoreServices\boot.efi'
1:748  0:005        Menu entry added at index 2
1:752  0:003  - [08]: 'Recovery'
1:760  0:007      ApfsContainerUUID=85F3C012-2D6D-4FA1-A77E-71D7470E7FA2
1:764  0:003      ApfsFileSystemUUID=9170D6B6-29A5-4BBA-A673-6F0E24A99093
1:768  0:003      APFSTargetUUID=A490645D-B724-4FBC-9AC8-F7A23B1C4935
1:772  0:003        AddLoaderEntry for Volume Name=Recovery, idx=3
1:776  0:004        OSVersion=10.14.6 
1:780  0:004        IconName=moja,mac comma=4 size=8
1:784  0:003        first=os_moja
1:788  0:003        Second=os_mac
1:792  0:003        IconName=unknown comma=-1 size=7
1:795  0:003        Full=unknown
1:799  0:003        Loader entry created for 'PciRoot(0x0)\Pci(0x1D,0x0)\Pci(0x0,0x0)\NVMe(0x1,CA-8F-B2-81-58-38-25-00)\HD(2,GPT,9508A8C6-F9B9-4EDD-ABC7-C1C4A019C410,0x64028,0x3A321FE0)\VenMedia(BE74FCF7-0B7C-49F3-9147-01F4042E6842,B6D67091A529BA4BA6736F0E24A99093)\A490645D-B724-4FBC-9AC8-F7A23B1C4935\boot.efi'
1:804  0:005        Menu entry added at index 3
1:808  0:003  - [09]: 'VM'
1:816  0:008      ApfsContainerUUID=85F3C012-2D6D-4FA1-A77E-71D7470E7FA2
1:823  0:006      ApfsFileSystemUUID=278BB755-4557-4928-A2D4-32E0BB550617
1:827  0:004  Entries list before ordering
1:831  0:003      Entry 0 : Boot UEFI internal from EFI (hidden)
1:835  0:003      Entry 1 : Boot Mac OS from Macintosh HD via Preboot
1:839  0:003      Entry 2 : Boot macOS from Macintosh HD
1:842  0:003      Entry 3 : Boot Mac OS Recovery for Macintosh HD via Recovery
1:847  0:004  Hiding entry 1 because of entry 2
1:850  0:003  Entries list after ordering
1:854  0:004    Entry 0 : Boot UEFI internal from EFI (hidden)
1:859  0:004    Entry 1 : Boot Mac OS from Macintosh HD via Preboot (hidden)
1:862  0:003    Entry 2 : Boot macOS from Macintosh HD
1:866  0:003    Entry 3 : Boot Mac OS Recovery for Macintosh HD via Recovery
1:871  0:004  === [ AddCustomTool ] ===========================
1:875  0:004  found tool \EFI\CLOVER\tools\Shell64U.efi
1:879  0:004  Checking EFI partition Volume 1 for Clover
1:884  0:005   Found Clover
1:889  0:004  === [ GetEfiBootDeviceFromNvram ] ===============
1:893  0:004   - [!] efi-boot-device-data not found
1:897  0:003   - found entry 0. 'Boot macOS from Macintosh HD', Volume 'Macintosh HD', DevicePath 'PciRoot(0x0)\Pci(0x1D,0x0)\Pci(0x0,0x0)\NVMe(0x1,CA-8F-B2-81-58-38-25-00)\HD(2,GPT,9508A8C6-F9B9-4EDD-ABC7-C1C4A019C410,0x64028,0x3A321FE0)\VenMedia(BE74FCF7-0B7C-49F3-9147-01F4042E6842,5D6490A424B7BC4F9AC8F7A23B1C4935)\System\Library\CoreServices\boot.efi'
1:901  0:004  BannerPlace at Clear Screen [619,68]
1:921  0:019  GUI ready
3:913  1:992  Boot option 0 has other volume name Macintosh HDboot.efi
3:917  0:004  === [ StartLoader ] =============================
3:922  0:004  Starting PciRoot(0x0)\Pci(0x1D,0x0)\Pci(0x0,0x0)\NVMe(0x1,CA-8F-B2-81-58-38-25-00)\HD(2,GPT,9508A8C6-F9B9-4EDD-ABC7-C1C4A019C410,0x64028,0x3A321FE0)\VenMedia(BE74FCF7-0B7C-49F3-9147-01F4042E6842,5D6490A424B7BC4F9AC8F7A23B1C4935)\System\Library\CoreServices\boot.efi
3:926  0:004  Finally: ExternalClock=26MHz BusSpeed=100014kHz CPUFreq=3600MHz PIS: hw.busfrequency=104000000Hz
3:935  0:008  Beginning OC
3:939  0:004  OCST: Missing vault data, ignoring...
3:943  0:004  AddKextsInArray from Other
3:948  0:004  ->Extra kext: Other\USBMapDummy.kext (v.1.0)
3:955  0:007  ->Extra kext: Other\RadeonMonitor.kext (v.1.3.5)
3:962  0:006  ->Extra kext: Other\FakeSMC.kext (v.3.5.6)
3:966  0:004  ->Extra kext: Other\IntelCPUMonitor.kext (v.1.2.6)
3:970  0:004  AddKextsInArray from Off
3:974  0:003  AddKextsInArray from 10
3:978  0:004  AddKextsInArray from 10_normal
3:982  0:003  AddKextsInArray from 10.14
3:986  0:003  AddKextsInArray from 10.14_normal
3:990  0:003  AddKextsInArray from 10.14.6
3:994  0:004  AddKextsInArray from 10.14.6_normal
3:998  0:004  Bridge kext to OC : Path=Other\FakeSMC.kext
4:003  0:005  Bridge kext to OC : Path=Other\USBMapDummy.kext
4:008  0:004  Bridge kext to OC : Path=Other\RadeonMonitor.kext
4:013  0:004  Bridge kext to OC : Path=Other\IntelCPUMonitor.kext
4:019  0:005  Start 'OpenRuntime.efi' : Status Success
4:023  0:003  OC: config config.plist
4:027  0:004  OC: Got 0 drivers
4:031  0:004  OC: OpenCore DBG-102-2024-09-12 is loading in Optional mode (0/0)...
4:035  0:004  OC: StorageHandle 0 with  LauncherOption pointing to 
4:040  0:004  OcOSInfoInstallProtocol
4:044  0:004  OCRTC: OcAppleRtcRamInstallProtocol
4:049  0:004  OCRTC: Wake log is 0x00 0x00   0 0x00
4:053  0:004  OcAppleFbInfoInstallProtocol
4:057  0:003  OcAppleEg2InfoInstallProtocol
4:061  0:004  OC: Loading Apple Secure Boot with Disabled (level 0)
4:066  0:004  OCABC: ALRBL 0 RTDFRG 1 DEVMMIO 0 NOSU 0 NOVRWR 0 NOSB 0 FBSIG 0 NOHBMAP 0 SMSLIDE 1 WRUNPROT 1
4:070  0:004  OCABC: FEXITBS 0 PRMRG 0 CSLIDE 0 MSLIDE 0 PRSRV 0 RBMAP 0 VMAP 1 APPLOS 0 RTPERMS 1 ARBAR -1 RBIO 0
4:074  0:004  OCABC: Got rendezvous with OpenRuntime r12
4:078  0:003  OCABC: MAT support is 1
4:082  0:003  OC: RequestBootVarRouting 0
4:087  0:004  OCDM: Found 0x20046/0x2003C UEFI version (376 bytes, 0 rebuilding to 376) gST 7AB3C018 gBS 6D89B3A0 gBS->CreateEventEx 6D889904 &gBS 6D5732C0
4:091  0:004  OC: Setting GPU BARs to 0
4:095  0:004  OCDM: RBAR using PciIo
4:099  0:004  OCDM: Setting RBAR to 0 inc 1 on 3/18
4:103  0:004  OCDM: Capability I/O error - Unsupported
4:110  0:006  OCDM: RBAR is unsupported by device - Device Error
4:116  0:006  OCDM: Setting RBAR to 0 inc 1 on 5/18
4:120  0:004  OCDM: Capability I/O error - Unsupported
4:125  0:004  OCDM: RBAR is unsupported by device - Device Error
4:129  0:004  OC: Got 0 drivers
4:134  0:004  OCC: Installing GOP (Unsupported) on ConsoleOutHandle...
4:138  0:004  OC: Requested resolution is 1920x1080@0 (max: 0, force: 0) from 1920x1080
4:142  0:004  OCC: Using builtin text renderer with 1 scale
4:146  0:003  OCC: Install console control (6D55E3D0/6D882C88/0), current - Success
4:150  0:004  OCC: Setup ASCII Output - Success
4:157  0:007  OC: Requested console mode is 0x0 (max: 0) from 
4:162  0:004  OC: Invalid HibernateMode: 
4:166  0:004  OC: Translated HibernateMode  to 0
4:170  0:004  OC: Hibernation activation - Invalid Parameter, hibernation wake - no
4:174  0:004  OC: Panic log does not exist
4:178  0:004  OCABC: IsEfiBootRt 0 (BP 1, Apple 0)
4:184  0:005  OCB: Arch filtering 72E30018(592440)->72E30018(592440) caps 0 - Success
4:188  0:004  ImageHandle = 73083398
4:196  0:008  GetOSVersion: 10.14.6 (B)
4:204  0:008  Will not patch boot.efi
4:209  0:004  Using latest BiosVersion from config instead of default 'IM191.88Z.F000.B00.2302212211'
4:213  0:004  Using latest BiosReleaseDate from config instead of default '02/21/2023'
4:217  0:004  Using latest EfiVersion from config instead of default '1968.100.16.0.1'
4:221  0:004  BiosVersion: IM191.88Z.F000.B00.2308061817
4:226  0:004  BiosReleaseDate: 08/06/2023
4:230  0:004  EfiVersion: 2020.40.3.0.0
4:234  0:004  SMBIOS reloaded with model iMac19,1
4:238  0:004  Set FakeCPUID: 0x0
4:242  0:004  === [ PatchSmbios ] =============================
4:246  0:004  UpdateSmbiosString : BiosVersion=EfiVersion=2020.40.3.0.0
4:250  0:003  UpdateSmbiosString : ReleaseDate=08/06/2023
4:254  0:004  void PatchTableType1(const SmbiosInjectedSettings&) : UpdateSmbiosString ProductName=iMac19,1
4:258  0:004  void PatchTableType2(const SmbiosInjectedSettings&) : UpdateSmbiosString ProductName=BoardNumber=Mac-AA95B1DDAB278B95
4:262  0:003  void PatchTableType2(const SmbiosInjectedSettings&) : UpdateSmbiosString Version=BoardVersion=iMac19,1
4:266  0:004  insert table 9 for dev 0:0
4:270  0:003  insert table 9 for dev 0:1
4:274  0:004  insert table 9 for dev 1F:6
4:278  0:004  Table 11 present, but rewritten for us
4:283  0:005  Do not inject memory table
4:288  0:004  Trusting SMBIOS...
4:292  0:003  Channels: 1
4:296  0:003  Interleave: 0 1 2 3
4:320  0:024  trusted SMBIOS data, table index 0:
4:324  0:004    gRAM.SMBIOS[0]->ModuleSize = 8192
4:328  0:004    gRAM.SMBIOS[0]->Type = 0
4:333  0:004    gRAM.SMBIOS[0]->Frequency = 3200
4:337  0:004    gRAM.SMBIOS[0]->Vendor = Corsair
4:341  0:004    gRAM.SMBIOS[0]->PartNo = CMK16GX4M2K4266C19
4:345  0:004    gRAM.SMBIOS[0]->SerialNo = 00000000
4:350  0:004  SPD data in use:
4:354  0:004    gRAM.SPD[0]->ModuleSize = 8192
4:358  0:004    gRAM.SPD[0]->Type = 26
4:362  0:004    gRAM.SPD[0]->Frequency = 4264
4:366  0:004    gRAM.SPD[0]->Vendor = Corsair
4:370  0:004    gRAM.SPD[0]->SerialNo = 00000000
4:374  0:004    gRAM.SPD[0]->PartNo = CMK16GX4M2K4266C19
4:378  0:004    SMBIOS Type 17 Index = 0 => SMBIOSIndex=0 SPDIndex=0:
4:383  0:004  BANK 0 DIMM0 4264MHz 8192MB(Ext:0MB)
4:387  0:003  trusted SMBIOS data, table index 1:
4:391  0:004    gRAM.SMBIOS[1]->ModuleSize = 8192
4:395  0:004    gRAM.SMBIOS[1]->Type = 0
4:399  0:004    gRAM.SMBIOS[1]->Frequency = 3200
4:403  0:004    gRAM.SMBIOS[1]->Vendor = Corsair
4:407  0:003    gRAM.SMBIOS[1]->PartNo = CMK16GX4M2K4266C19
4:411  0:003    gRAM.SMBIOS[1]->SerialNo = 00000000
4:415  0:004  SPD data in use:
4:419  0:004    gRAM.SPD[1]->ModuleSize = 8192
4:423  0:003    gRAM.SPD[1]->Type = 26
4:427  0:003    gRAM.SPD[1]->Frequency = 4264
4:431  0:004    gRAM.SPD[1]->Vendor = Corsair
4:435  0:004    gRAM.SPD[1]->SerialNo = 00000000
4:439  0:004    gRAM.SPD[1]->PartNo = CMK16GX4M2K4266C19
4:443  0:003    SMBIOS Type 17 Index = 1 => SMBIOSIndex=1 SPDIndex=1:
4:450  0:006  BANK 0 DIMM1 4264MHz 8192MB(Ext:0MB)
4:456  0:006  !trusted SMBIOS data, Table index 2:!gRAM.SMBIOS.doesSlotForIndexExist(SMBIOSIndex) 
4:469  0:012    SMBIOS Type 17 Index = 2 => SMBIOSIndex=2 SPDIndex=2:
4:473  0:004  BANK 0 DIMM2 EMPTY
4:477  0:004  !trusted SMBIOS data, Table index 3:!gRAM.SMBIOS.doesSlotForIndexExist(SMBIOSIndex) 
4:489  0:011    SMBIOS Type 17 Index = 3 => SMBIOSIndex=3 SPDIndex=3:
4:493  0:004  BANK 0 DIMM3 EMPTY
4:497  0:003  mTotalSystemMemory = 16384
4:501  0:004  NumberOfMemoryDevices = 4
4:505  0:003  Type20[0]->End = 0x7FFFFF, Type17[0] = 2000
4:509  0:003  Type20[1]->End = 0xFFFFFF, Type17[1] = 6000
4:513  0:004  Table 131 is present, CPUType=35
4:517  0:003  Change to: 1005
4:521  0:004  === [ PatchACPI ] ===============================
4:525  0:004  OCABC: AllocPages 1 0x7A345000 (1) - Success
4:529  0:003  Xsdt reallocation done
4:533  0:003  OCABC: AllocPages 1 0x7A344000 (1) - Success
4:537  0:004  old FADT length=114
4:541  0:003   SignatureFixup: 0xFA76D5ED -> 0x0
4:545  0:004  Found OperationRegion(GNVS, SystemMemory, 7A376000, ...)
4:549  0:003  Found OperationRegion(RAMW, SystemMemory, 7A37A018, ...)
4:554  0:004  Found OperationRegion(RAMX, SystemMemory, 7A2E2018, ...)
4:558  0:003  Found OperationRegion(PNVA, SystemMemory, 7A3D2B98, ...)
4:561  0:003  Found OperationRegion(THBA, SystemMemory, FE200000, ...)
4:566  0:004  Found OperationRegion(BNVS, SystemMemory, 7A38B000, ...)
4:570  0:003  Found OperationRegion(SMBD, SystemMemory, E00FC004, ...)
4:574  0:004  Found OperationRegion(TMMB, SystemMemory, FED40000, ...)
4:578  0:003  Found OperationRegion(CRBD, SystemMemory, FED40000, ...)
4:582  0:004  Found OperationRegion(TPMR, SystemMemory, FFFFFFFF, ...)
4:586  0:004  Found OperationRegion(ATNV, SystemMemory, FFFF0000, ...)
4:590  0:003  Found OperationRegion(WPBR, SystemMemory, 7A364000, ...)
4:595  0:004  OCABC: AllocPages 1 0x7A2F5000 (79) - Success
4:599  0:004  Apply DsdtFixMask=0x10400044
4:603  0:004  === [ FixBiosDsdt ] =============================
4:607  0:004  Patching DSDT:
4:611  0:003   - [change EC0 to EC]: pattern 4543305F, patched at: [ (F96F) ]
4:631  0:020   - [change HECI to IMEI]: pattern 48454349, patched at: [ (18CAE) ]
4:653  0:021  found PIC had IRQNoFlag will move -3 bytes
4:658  0:004   deleting device CRT_
4:666  0:008   deleting device DVI_
4:674  0:008   deleting device SPKR
4:683  0:008   deleting device ECP_
4:691  0:008   deleting device LPT_
4:699  0:008   deleting device FDC0
4:708  0:008   deleting device ECP1
4:716  0:008   deleting device LPT1
4:724  0:008   deleting device FDC_
4:733  0:008    indirect name=RAMB
4:738  0:004    indirect name=RAMA
4:745  0:007    indirect name=PNVB
4:749  0:003  OperationRegion (THBA...) corrected from 0x0 to addr=0xFE200000
4:753  0:004    indirect name=TPMM
4:757  0:004    indirect name=FTPM
4:761  0:003    indirect name=PPIM
4:765  0:004  PreCleanup XSDT: count=24, length=228
4:769  0:004  PreCleanup XSDT, corrected XSDT: count=24, length=228
4:773  0:003  === [ ACPIPatchedAML ] ==========================
4:777  0:003  AutoMerge pass 1
4:781  0:004  Unsorted
4:785  0:004  Inserting SSDT-EC.aml from \EFI\CLOVER\ACPI\patched: ignore on pass 1
4:793  0:008  Inserting SSDT-PLUG-_SB.PR00.aml from \EFI\CLOVER\ACPI\patched: ignore on pass 1
4:801  0:007  Inserting SSDT-PM.aml from \EFI\CLOVER\ACPI\patched: ignore on pass 1
4:810  0:008  Inserting SSDT-PMC.aml from \EFI\CLOVER\ACPI\patched: ignore on pass 1
4:818  0:008  === [ ACPIDropTables ] ==========================
4:822  0:004  OCABC: AllocPages 1 0x7A2F3000 (2) - Success
4:826  0:004  OCABC: AllocPages 1 0x7A2F3000 (2) - Success
4:830  0:004  OCABC: AllocPages 1 0x7A2F3000 (2) - Success
4:834  0:003  OCABC: AllocPages 1 0x7A2F3000 (2) - Success
4:838  0:003  OCABC: AllocPages 1 0x7A2F3000 (2) - Success
4:842  0:004  OCABC: AllocPages 1 0x7A2F3000 (2) - Success
4:846  0:004  Patching SSDTs: 2 patches each
4:850  0:004   pattern 4543305F, bin not found / already patched!
4:858  0:007   pattern 48454349, bin not found / already patched!
4:866  0:008  OCABC: AllocPages 1 0x7A2F0000 (3) - Success
4:870  0:004  Patching SSDTs: 2 patches each
4:875  0:004   pattern 4543305F, bin not found / already patched!
4:883  0:007   pattern 48454349, bin not found / already patched!
4:891  0:008  Found OperationRegion(PNVS, SystemMemory, 7ADF3000, ...)
4:895  0:004  OCABC: AllocPages 1 0x7A2EB000 (5) - Success
4:899  0:003  Patching SSDTs: 2 patches each
4:903  0:003   pattern 4543305F, bin not found / already patched!
4:911  0:007   pattern 48454349, bin not found / already patched!
4:919  0:008  Found OperationRegion(SANV, SystemMemory, 7A3D2118, ...)
4:923  0:004  OCABC: AllocPages 1 0x7A2E7000 (4) - Success
4:927  0:003  Patching SSDTs: 2 patches each
4:931  0:004   pattern 4543305F, bin not found / already patched!
4:940  0:008   pattern 48454349, bin not found / already patched!
4:948  0:008  OCABC: AllocPages 1 0x7A2E5000 (2) - Success
4:954  0:006  OCABC: AllocPages 1 0x7A2E5000 (2) - Success
4:958  0:004  Patching SSDTs: 2 patches each
4:962  0:003   pattern 4543305F, bin not found / already patched!
4:971  0:008   pattern 48454349, bin not found / already patched!
4:979  0:008  OCABC: AllocPages 1 0x7A166000 (4) - Success
4:983  0:004  Patching SSDTs: 2 patches each
4:987  0:004   pattern 4543305F, bin not found / already patched!
4:996  0:008   pattern 48454349, bin not found / already patched!
5:003  0:007  OCABC: AllocPages 1 0x7A2E3000 (2) - Success
5:008  0:004  OCABC: AllocPages 1 0x7A2E3000 (2) - Success
5:011  0:003  OCABC: AllocPages 1 0x7A162000 (4) - Success
5:016  0:004  Patching SSDTs: 2 patches each
5:020  0:004   pattern 4543305F, bin not found / already patched!
5:028  0:008   pattern 48454349, bin not found / already patched!
5:036  0:008  OCABC: AllocPages 1 0x7A2E3000 (2) - Success
5:040  0:003  Patching SSDTs: 2 patches each
5:044  0:004   pattern 4543305F, bin not found / already patched!
5:052  0:008   pattern 48454349, bin not found / already patched!
5:060  0:008  OCABC: AllocPages 1 0x7A160000 (2) - Success
5:064  0:003  OCABC: AllocPages 1 0x7A160000 (2) - Success
5:068  0:004  OCABC: AllocPages 1 0x7A15F000 (3) - Success
5:072  0:004  Patching SSDTs: 2 patches each
5:077  0:004   pattern 4543305F, bin not found / already patched!
5:085  0:008   pattern 48454349, bin not found / already patched!
5:093  0:008  OCABC: AllocPages 1 0x7A15D000 (2) - Success
5:097  0:004  Patching SSDTs: 2 patches each
5:101  0:004   pattern 4543305F, bin not found / already patched!
5:109  0:007   pattern 48454349, bin not found / already patched!
5:117  0:008  Found OperationRegion(ADHD, SystemMemory, 78CD0000, ...)
5:121  0:004  Found OperationRegion(ABLK, SystemMemory, 78CD0020, ...)
5:125  0:004  OCABC: AllocPages 1 0x7A14D000 (16) - Success
5:130  0:004  OCABC: AllocPages 1 0x7A15B000 (2) - Success
5:133  0:003  OCABC: AllocPages 1 0x7A15B000 (2) - Success
5:138  0:004  === [ ACPIPatchedAML ] ==========================
5:142  0:004  AutoMerge pass 2
5:146  0:004  Unsorted
5:150  0:003  Inserting SSDT-EC.aml from \EFI\CLOVER\ACPI\patched: size=91 OCABC: AllocPages 1 0x7A15C000 (1) - Success
... Success
5:166  0:016  Inserting SSDT-PLUG-_SB.PR00.aml from \EFI\CLOVER\ACPI\patched: size=166 OCABC: AllocPages 1 0x7A15B000 (1) - Success
... Success
5:183  0:016  Inserting SSDT-PM.aml from \EFI\CLOVER\ACPI\patched: size=198 OCABC: AllocPages 1 0x7A15A000 (1) - Success
... Success
5:202  0:019  Inserting SSDT-PMC.aml from \EFI\CLOVER\ACPI\patched: size=143 OCABC: AllocPages 1 0x7A159000 (1) - Success
... Success
5:219  0:016  ApicCPUNum=1
5:223  0:003  Maximum control=0x24
5:227  0:004  Turbo control=0x31
5:231  0:003  P-States: min 0x8, max 0x31
5:235  0:003  SSDT with plugin-type without P-States is generated
5:239  0:004  OCABC: AllocPages 1 0x7A158000 (1) - Success
5:243  0:004  Cleanup XSDT: count=29, length=268
5:247  0:004  corrected XSDT count=29, length=268
5:251  0:004  === [ RestSetup macOS ] =========================
5:255  0:003  ATI injection not set
5:259  0:004  Intel UHD Graphics 630 [8086:3E98] :: PciRoot(0x0)\Pci(0x2,0x0)
5:263  0:004    Intel: no default properties
5:267  0:004  Intel GFX revision  = 0x0
5:272  0:004   RCBA disabled; cannot use it
5:276  0:004   setting specified layout-id=1 (0x1)
5:279  0:003  stringlength = 458
5:283  0:004  OCABC: AllocPages 1 0x7A157000 (1) - Success
5:288  0:004  CurrentMode: Width=1366 Height=768
5:292  0:004  SetNvramVariable (system-id, 4D1EDE05-38C7-4A6A-9CC6-4BCCA8B38C14, 0x2, 16): -> writing new (Success)
5:300  0:008  SetNvramVariable (MLB, 4D1EDE05-38C7-4A6A-9CC6-4BCCA8B38C14, 0x6, 17): -> writing new (Success)
5:309  0:008  SetNvramVariable (ROM, 4D1EDE05-38C7-4A6A-9CC6-4BCCA8B38C14, 0x6, 6): -> writing new (Success)
5:318  0:008  SetNvramVariable (FirmwareFeatures, 4D1EDE05-38C7-4A6A-9CC6-4BCCA8B38C14, 0x6, 4): -> writing new (Success)
5:326  0:008  SetNvramVariable (FirmwareFeaturesMask, 4D1EDE05-38C7-4A6A-9CC6-4BCCA8B38C14, 0x6, 4): -> writing new (Success)
5:335  0:008  SetNvramVariable (ExtendedFirmwareFeatures, 4D1EDE05-38C7-4A6A-9CC6-4BCCA8B38C14, 0x6, 8): -> writing new (Success)
5:344  0:008  SetNvramVariable (ExtendedFirmwareFeaturesMask, 4D1EDE05-38C7-4A6A-9CC6-4BCCA8B38C14, 0x6, 8): -> writing new (Success)
5:353  0:008  AddNvramVariable (HW_BID, 4D1EDE05-38C7-4A6A-9CC6-4BCCA8B38C14, 0x6, 20): -> writing new (Success)
5:362  0:009  AddNvramVariable (security-mode, 7C436110-AB2A-4BBB-A880-FE41995C9F82, 0x7, 5): -> already exists, abort
5:370  0:008  set DefaultBackgroundColor=0xfbfbfb
5:374  0:003  SetNvramVariable (DefaultBackgroundColor, 4D1EDE05-38C7-4A6A-9CC6-4BCCA8B38C14, 0x7, 4): -> writing new (Success)
5:386  0:012  SetNvramVariable (ActualDensity, 7C436110-AB2A-4BBB-A880-FE41995C9F82, 0x7, 2): exists(0x7, 2), equal -> not writing again.
5:398  0:012  SetNvramVariable (DensityThreshold, 7C436110-AB2A-4BBB-A880-FE41995C9F82, 0x7, 2): exists(0x7, 2), equal -> not writing again.
5:410  0:012  SetNvramVariable (gfx-saved-config-restore-status, 4D1EDE05-38C7-4A6A-9CC6-4BCCA8B38C14, 0x7, 8): exists(0x7, 8), equal -> not writing again.
5:423  0:012  DeleteNvramVariable (UIScale, 4D1EDE05-38C7-4A6A-9CC6-4BCCA8B38C14):
5:428  0:004  DeleteNvramVariable (EFILoginHiDPI, 7C436110-AB2A-4BBB-A880-FE41995C9F82):
5:432  0:003  SetNvramVariable (flagstate, 7C436110-AB2A-4BBB-A880-FE41995C9F82, 0x7, 32): exists(0x7, 32), equal -> not writing again.
5:444  0:012  SetNvramVariable (csr-active-config, 7C436110-AB2A-4BBB-A880-FE41995C9F82, 0x7, 4): exists(0x7, 4), equal -> not writing again.
5:456  0:012  SetNvramVariable (BridgeOSHardwareModel, 4D1EDE05-38C7-4A6A-9CC6-4BCCA8B38C14, 0x7, 11): exists(0x7, 11), equal -> not writing again.
5:475  0:018  DeleteNvramVariable (bootercfg, 7C436110-AB2A-4BBB-A880-FE41995C9F82):
5:479  0:004  DeleteNvramVariable (nvda_drv, 7C436110-AB2A-4BBB-A880-FE41995C9F82):
5:484  0:004  DeleteNvramVariable (recovery-boot-mode, 7C436110-AB2A-4BBB-A880-FE41995C9F82):
5:488  0:004  AddNvramVariable (wake-failure, 7C436110-AB2A-4BBB-A880-FE41995C9F82, 0x7, 5): -> already exists, abort
5:497  0:008  DeleteNvramVariable (opencore-version, 7C436110-AB2A-4BBB-A880-FE41995C9F82):
5:502  0:005  DeleteNvramVariable (ApBoardID, 94B73556-2197-4702-82A8-3E1337DAFBFB):
5:507  0:004  DeleteNvramVariable (ApSecurityDomain, 94B73556-2197-4702-82A8-3E1337DAFBFB):
5:511  0:004  DeleteNvramVariable (ApProductionStatus, 94B73556-2197-4702-82A8-3E1337DAFBFB):
5:516  0:004  DeleteNvramVariable (ApSecurityMode, 94B73556-2197-4702-82A8-3E1337DAFBFB):
5:521  0:004  DeleteNvramVariable (EffectiveProductionStatus, 94B73556-2197-4702-82A8-3E1337DAFBFB):
5:525  0:004  DeleteNvramVariable (EffectiveSecurityMode, 94B73556-2197-4702-82A8-3E1337DAFBFB):
5:530  0:004  DeleteNvramVariable (CertificateEpoch, 94B73556-2197-4702-82A8-3E1337DAFBFB):
5:535  0:004  DeleteNvramVariable (MixNMatchPreventionStatus, 94B73556-2197-4702-82A8-3E1337DAFBFB):
5:540  0:004  DeleteNvramVariable (CryptoDigestMethod, 94B73556-2197-4702-82A8-3E1337DAFBFB):
5:545  0:004  DeleteNvramVariable (InternalUseOnlyUnit, 94B73556-2197-4702-82A8-3E1337DAFBFB):
5:552  0:007  DeleteNvramVariable (ApECID, 94B73556-2197-4702-82A8-3E1337DAFBFB):
5:557  0:004  DeleteNvramVariable (HardwareModel, 94B73556-2197-4702-82A8-3E1337DAFBFB):
5:561  0:004  Use origin smbios table type 1 guid.
5:584  0:022  DeleteNvramVariable (efi-boot-device, 7C436110-AB2A-4BBB-A880-FE41995C9F82):
5:589  0:004  DeleteNvramVariable (efi-boot-device-data, 7C436110-AB2A-4BBB-A880-FE41995C9F82):
5:593  0:004  DeleteNvramVariable (BootCampHD, 7C436110-AB2A-4BBB-A880-FE41995C9F82):
5:597  0:003  Custom boot screen not used because entry has unset use graphics
5:603  0:005  DeleteNvramVariable (IOHibernateRTCVariables, 7C436110-AB2A-4BBB-A880-FE41995C9F82):
5:608  0:004  DeleteNvramVariable (boot-image, 7C436110-AB2A-4BBB-A880-FE41995C9F82):
5:612  0:004  Kernel quirks
5:616  0:003  ACPCL 1 AXCL 1 AXEM 0 AXFB 0 CSG 0 DIM 0 DLJ 0 DRC 1 DPM 0 EBTFF 0 EDI 0 FAI 0 IPBS 0 LKP 0 PNKD 0 PTKP 0 TPD 0 XPL 0 PCC 0
5:620  0:004  Closing log
5:625  0:004  OCABC: AllocPages 2 0x91000 (14) - Success
5:629  0:004  OCABC: AllocPages 2 0x6F7C8000 (14) - Success
5:636  0:007  OCABC: Found safe mode legacy p1 at off 67E6
5:639  0:003  OCABC: Trying safe mode next legacy match
5:643  0:003  OCABC: Found safe mode legacy p1 at off 6967
5:647  0:003  OCABC: Trying safe mode next legacy match
5:652  0:004  OCABC: Found safe mode legacy p1 at off 2589F
5:656  0:004  OCABC: Trying safe mode next legacy match
5:660  0:004  OCABC: Found safe mode legacy p1 at off 2590C
5:664  0:004  OCABC: Trying safe mode next legacy match
5:671  0:006  OCABC: Failed to find safe mode sequence
5:675  0:004  OCABC: AllocPages 2 0x77848000 (512) - Success
5:679  0:004  OCABC: AllocPages 2 0x77847000 (1) - Success
5:683  0:004  OC: Supported boot capabilities 4
5:688  0:004  OCOS: OS set: <null> Mac OS X 10.12
5:692  0:004  OCOS: OS set: Apple Inc. Mac OS X 10.12
5:696  0:004  OCOS: Should use black background
5:701  0:004  OCABC: AllocPages 1 0x6D371000 (1) - Success
5:709  0:008  OC: Opening file System\Library\Kernels\kernel with 1 mode gave - Success
5:714  0:004  OC: Opening file \System\Library\CoreServices\com.apple.Boot.plist with 1 mode gave - Not Found
5:718  0:004  OC: Opening file Library\Preferences\SystemConfiguration\com.apple.Boot.plist with 1 mode gave - Success
5:724  0:006  OC: Opening file \System\Library\CoreServices\PlatformSupport.plist with 1 mode gave - Success
5:728  0:004  OCABC: AllocPages 2 0x19500000 (121199) - Success
5:734  0:005  OC: Opening file \System\Library\CoreServices\boot.efi with 1 mode gave - Success
5:744  0:009  OC: Opening file System\Library\PrelinkedKernels\prelinkedkernel.development with 1 mode gave - Not Found
5:750  0:006  OC: Opening file System\Library\PrelinkedKernels\prelinkedkernel with 1 mode gave - Success
5:754  0:004  OC: Load and reserve Kext Other\FakeSMC.kext
5:759  0:004  OC: Load and reserve Kext Other\USBMapDummy.kext
5:763  0:004  OC: Load and reserve Kext Other\RadeonMonitor.kext
5:768  0:004  OC: Load and reserve Kext Other\IntelCPUMonitor.kext
5:772  0:004  OC: Kext reservation size info 506000 exe 3B000
5:776  0:004  OC: Trying 64-bit XNU hook on System\Library\PrelinkedKernels\prelinkedkernel
6:136  0:359  OCAK: Compressed result has 678B4018 magic
6:140  0:004  OCAK: Found 64-bit Mach-O compressed 1 offset 28 size 89632768
6:144  0:004  OC: Result of 64-bit XNU hook on System\Library\PrelinkedKernels\prelinkedkernel (00000000) is Success
6:187  0:042  OCAK: Read kernel version 18.7.0 (180700)
6:192  0:005  OCAK: 64-bit patcher base 0xFFFFFF8000200000 kmod 0x0 file 0x0
6:197  0:005  OCAK: Zeroing _xcpm_core_scope_msrs 0xE2 applicable CPUs (76)
6:201  0:004  OCAK: Zeroing _xcpm_core_scope_msrs 0xE2 applicable CPUs (13200)
6:206  0:004  OCAK: Zeroing _xcpm_core_scope_msrs 0xE2 applicable CPUs (16384)
6:211  0:005  Replace B9E20000000F30 by B9E20000009090 at ofs:2F0
6:279  0:068  Replace B9E20000000F30 by B9E20000009090 at ofs:347
6:348  0:068  OCAK: 64-bit XcpmCfgLockRel replace count - 2
6:352  0:004  OCAK: [OK] Success XcpmCfgLock patch
6:388  0:035  OCAK: Reducing 64-bit prelink size from 557B000 to 52A6000 via plist
6:392  0:004  OCAK: org.netkas.FakeSMC got KXLD 0 0
6:396  0:003  OCAK: Requesting __LINKEDIT for org.netkas.FakeSMC - 6CB5A398 at 52A6000
6:400  0:003  OCAK: Requesting SymbolTable for org.netkas.FakeSMC - 601
6:404  0:004  OCAK: Requesting __LINKEDIT for __kernel__ - 0 at 0
6:408  0:004  OCAK: Requesting SymbolTable for __kernel__ - 24450
6:424  0:016  OCAK: com.apple.iokit.IOACPIFamily got KXLD 0 0
6:428  0:004  OCAK: Requesting __LINKEDIT for com.apple.iokit.IOACPIFamily - 692BC398 at 1A08000
6:433  0:004  OCAK: Requesting SymbolTable for com.apple.iokit.IOACPIFamily - 167
6:437  0:003  OCAK: com.apple.kpi.unsupported got KXLD 0 0
6:441  0:003  OCAK: Requesting __LINKEDIT for com.apple.kpi.unsupported - 68865038 at FB1000
6:445  0:003  OCAK: Requesting SymbolTable for com.apple.kpi.unsupported - 263
6:449  0:004  OCAK: com.apple.kpi.iokit got KXLD 0 0
6:452  0:003  OCAK: Requesting __LINKEDIT for com.apple.kpi.iokit - 68800038 at F4C000
6:456  0:003  OCAK: Requesting SymbolTable for com.apple.kpi.iokit - 2192
6:461  0:004  OCAK: com.apple.kpi.libkern got KXLD 0 0
6:465  0:003  OCAK: Requesting __LINKEDIT for com.apple.kpi.libkern - 687E0038 at F2C000
6:469  0:004  OCAK: Requesting SymbolTable for com.apple.kpi.libkern - 905
6:473  0:003  OCAK: com.apple.kpi.private got KXLD 0 0
6:477  0:004  OCAK: Requesting __LINKEDIT for com.apple.kpi.private - 687F2038 at F3E000
6:481  0:004  OCAK: Requesting SymbolTable for com.apple.kpi.private - 977
6:486  0:004  OCAK: com.apple.kpi.mach got KXLD 0 0
6:490  0:004  OCAK: Requesting __LINKEDIT for com.apple.kpi.mach - 687EE038 at F3A000
6:494  0:003  OCAK: Requesting SymbolTable for com.apple.kpi.mach - 70
6:506  0:012  OC: Prelinked injection Other\FakeSMC.kext () - Success
6:510  0:004  OC: Prelinked injection Other\USBMapDummy.kext () - Success
6:514  0:004  OCAK: org.slice.RadeonMonitor got KXLD 0 0
6:518  0:004  OCAK: Requesting __LINKEDIT for org.slice.RadeonMonitor - 6CB72398 at 52BE000
6:522  0:003  OCAK: Requesting SymbolTable for org.slice.RadeonMonitor - 372
6:529  0:006  OCAK: com.apple.iokit.IOPCIFamily got KXLD 0 0
6:533  0:003  OCAK: Requesting __LINKEDIT for com.apple.iokit.IOPCIFamily - 6886B3E8 at FB7000
6:537  0:004  OCAK: Requesting SymbolTable for com.apple.iokit.IOPCIFamily - 683
6:543  0:006  OCAK: Requesting SymbolTable for org.netkas.FakeSMC - 191
6:554  0:010  OC: Prelinked injection Other\RadeonMonitor.kext () - Success
6:558  0:003  OCAK: org.slice.IntelCPUMonitor got KXLD 0 0
6:562  0:004  OCAK: Requesting __LINKEDIT for org.slice.IntelCPUMonitor - 6CB833E8 at 52CF000
6:566  0:004  OCAK: Requesting SymbolTable for org.slice.IntelCPUMonitor - 363
6:575  0:009  OC: Prelinked injection Other\IntelCPUMonitor.kext () - Success
6:579  0:003  OC: Prelink size 86904832 kext offset 86663168 reserved 241664
6:595  0:016  OCAK: com.apple.driver.AppleIntelCPUPowerManagement got KXLD 0 0
6:600  0:004  OCAK: [OK] Success AppleCpuPmCfgLock patch
6:604  0:004  OCAK: com.apple.driver.AppleRTC got KXLD 0 0
6:608  0:003  Replace BE58000000/FFFEFFFFFF(BE58000000) by BEFFFF0000 at ofs:1BF8
6:717  0:108  Replace BE58000000/FFFEFFFFFF(BE59000000) by BEFFFF0000 at ofs:1C08
6:828  0:110  Replace BE58000000/FFFEFFFFFF(BE58000000) by BEFFFF0000 at ofs:1EB7
6:934  0:106  Replace BE58000000/FFFEFFFFFF(BE59000000) by BEFFFF0000 at ofs:1EC8
7:039  0:105  OCAK: 64-bit DisableRtcChecksum64 replace count - 4
7:043  0:003  OCAK: [OK] Patch success com.apple.driver.AppleRTC DisableRtcChecksum
7:149  0:106  OC: Prelinked status - Success
7:194  0:044  FixOwnership() -> begin
7:198  0:003  PCI Io found 18
7:202  0:003  USB XHCI reset for device A36D
7:206  0:003  ExtendCap=00008000
7:210  0:003    Value=02000802
7:213  0:003    Value=03011402
7:217  0:003    Value=005CFFC0
7:221  0:003    Value=00002201
