0:100  0:100  MemLog inited, TSC freq: 3600489040
0:100  0:000  CPU was calibrated with RTC
0:100  0:000  CloverX64 : Image base = 0x6D404000
0:100  0:000  Clover ImageHandle = 75ee9a98
0:102  0:002  SelfDirPath = \EFI\CLOVER
0:104  0:001  === [ Starting Clover ] =========================
0:104  0:000  Now is 23.11.2024,  16:50:55 (GMT)
0:104  0:000  Starting Clover revision: 5160 (master, commit 7b08a616e) on American Megatrends EFI
0:104  0:000  Build id: 20240909210805-7b08a61-dirty
0:104  0:000  Build with: [Args: -D NO_GRUB_DRIVERS_EMBEDDED -D LESS_DEBUG -t GCC131 | --cmd-len=50000 -D NO_GRUB_DRIVERS_EMBEDDED -D LESS_DEBUG --conf=/Users/sergey/src/CloverBootloader/Conf -D USE_LOW_EBDA -a X64 -b RELEASE -t GCC131 -n 5 | OS: 15]
0:104  0:000  === [ Get Smbios ] ==============================
0:104  0:000  Type 16 Index = 0
0:104  0:000  Total Memory Slots Count = 4
0:104  0:000  Type 17 Index = 0
0:104  0:000  SmbiosTable.Type17->SlotIndex = 0
0:104  0:000  SmbiosTable.Type17->ModuleSize = 8192MB
0:104  0:000  SmbiosTable.Type17->Type = 0
0:104  0:000  SmbiosTable.Type17->Frequency = 3200MHz
0:104  0:000  SmbiosTable.Type17->Bank/Device = BANK 0 ChannelA-DIMM1
0:104  0:000  SmbiosTable.Type17->Vendor = Corsair
0:104  0:000  SmbiosTable.Type17->SerialNo = 00000000
0:104  0:000  SmbiosTable.Type17->PartNo = CMK16GX4M2K4266C19
0:104  0:000  Type 17 Index = 1
0:104  0:000  SmbiosTable.Type17->SlotIndex = 1
0:104  0:000  SmbiosTable.Type17->ModuleSize = 8192MB
0:104  0:000  SmbiosTable.Type17->Type = 0
0:104  0:000  SmbiosTable.Type17->Frequency = 3200MHz
0:104  0:000  SmbiosTable.Type17->Bank/Device = BANK 1 ChannelA-DIMM2
0:104  0:000  SmbiosTable.Type17->Vendor = Corsair
0:104  0:000  SmbiosTable.Type17->SerialNo = 00000000
0:104  0:000  SmbiosTable.Type17->PartNo = CMK16GX4M2K4266C19
0:104  0:000  Type 17 Index = 2
0:104  0:000  Ignoring insane frequency value 0MHz
0:104  0:000  Type 17 Index = 3
0:104  0:000  Ignoring insane frequency value 0MHz
0:104  0:000  Boot status=0
0:104  0:000  Running on: 'System Product Name' with board 'PRIME Z390-A'
0:104  0:000  === [ GetCPUProperties ] ========================
0:104  0:000  CPU Vendor = 756E6547 Model=906EC
0:104  0:000   The CPU supported SSE4.1
0:104  0:000   The CPU supported RDRAND
0:104  0:000  BrandString = Intel(R) Core(TM) i7-9700K CPU @ 3.60GHz
0:104  0:000   The CPU supported turbo
0:104  0:000   Energy PerfBias is  visible:
0:104  0:000  MSR 0x35               80008
0:104  0:000   TSC/CCC Information Leaf:
0:104  0:000    numerator     : 300
0:104  0:000    denominator   : 2
0:104  0:000   Calibrated ARTFrequency: 24003260
0:104  0:000   Rounded ARTFrequency: 24000000
0:104  0:000  MSR 0xE2 before patch 1E000000
0:104  0:000  MSR 0xCE              08080838_F1012400
0:104  0:000  corrected FLEX_RATIO = E0000
0:104  0:000  MSR 0x1B0             00000000
0:104  0:000  FSBFrequency = 108 MHz, DMI FSBFrequency = 100 MHz, Corrected FSBFrequency = 100 MHz
0:104  0:000  MaxDiv/MinDiv: 36.0/8
0:104  0:000  Turbo: 47/49/49/49
0:104  0:000  Features: 0x77FAFBFFBFEBFBFF
0:104  0:000  Threads: 8
0:104  0:000  Cores: 8
0:104  0:000  FSB: 100 MHz
0:104  0:000  CPU: 3861 MHz
0:104  0:000  TSC: 3861 MHz
0:104  0:000  PIS: 100 MHz
0:104  0:000  ExternalClock: 25 MHz
0:104  0:000  === [ GetDevices ] ==============================
0:104  0:000  GOP found at: PciRoot(0x0)/Pci(0x1,0x0)/Pci(0x0,0x0)/AcpiAdr(0x80010302)
0:104  0:000  PCI (00|00:00.00) : 8086 3E30 class=060000
0:104  0:000  PCI (00|00:01.00) : 8086 1901 class=060400
0:104  0:000  PCI (00|01:00.00) : 1002 67DF class=030000
0:104  0:000   - GFX: Model=AMD Radeon RX 480/570/580 (ATI/AMD)
0:104  0:000   - GOP: Provided by device
0:104  0:000  PCI (00|01:00.01) : 1002 AAF0 class=040300
0:104  0:000   - HDMI Audio: 
0:104  0:000  PCI (00|00:02.00) : 8086 3E98 class=038000
0:104  0:000   - GFX: Model=Intel UHD Graphics 630 (Intel)
0:104  0:000  PCI (00|00:14.00) : 8086 A36D class=0C0330
0:104  0:000  PCI (00|00:14.02) : 8086 A36F class=050000
0:104  0:000  PCI (00|00:16.00) : 8086 A360 class=078000
0:104  0:000  PCI (00|00:17.00) : 8086 A352 class=010601
0:104  0:000  PCI (00|00:1B.00) : 8086 A340 class=060400
0:104  0:000  PCI (00|00:1C.00) : 8086 A338 class=060400
0:104  0:000  PCI (00|00:1D.00) : 8086 A330 class=060400
0:104  0:000  PCI (00|04:00.00) : 144D A808 class=010802
0:104  0:000  PCI (00|00:1F.00) : 8086 A305 class=060100
0:104  0:000  PCI (00|00:1F.03) : 8086 A348 class=040300
0:104  0:000  PCI (00|00:1F.04) : 8086 A323 class=0C0500
0:104  0:000  PCI (00|00:1F.05) : 8086 A324 class=0C8000
0:104  0:000  PCI (00|00:1F.06) : 8086 15BC class=020000
0:104  0:000   - LAN: 1 Vendor=Intel
0:104  0:000  Legacy MAC address of LAN #0= 40:B0:76:DE:9E:93:
0:105  0:000  _checkOEMPath Look for oem dir at path '\EFI\CLOVER\OEM\System Product Name--40-B0-76-DE-9E-93'. Dir doesn't exist.
0:105  0:000  _checkOEMPath Look for oem dir at path '\EFI\CLOVER\OEM\PRIME Z390-A\UEFI'. Dir doesn't exist.
0:105  0:000  _checkOEMPath Look for oem dir at path '\EFI\CLOVER\OEM\System Product Name'. Dir doesn't exist.
0:105  0:000  _checkOEMPath Look for oem dir at path '\EFI\CLOVER\OEM\System Product Name-3861'. Dir doesn't exist.
0:105  0:000  _checkOEMPath Look for oem dir at path '\EFI\CLOVER\OEM\PRIME Z390-A'. Dir doesn't exist.
0:105  0:000  _checkOEMPath Look for oem dir at path '\EFI\CLOVER\OEM\PRIME Z390-A-3861'. Dir doesn't exist.
0:105  0:000  === [ GetUserSettings ] =========================
0:105  0:000  GetDefaultModel()=iMac18,3
0:105  0:000  === [ LoadUserSettings ] ========================
0:105  0:000  Using config.plist at path: \EFI\CLOVER
0:106  0:000  There are problems in plist '\EFI\CLOVER\config.plist'
0:106  0:000  Warning: Unknown key '/KernelAndKextPatches/KernelCpu:241'. Skipped.
0:106  0:000  Warning: Boolean value contained in a string. Please use <true/> instead of <string>yes</string> for tag '/SystemParameters/InjectKexts:836'
0:106  0:000  Use CloverConfigPlistValidator or look in the log
3:106  2:999  === [ LoadUserSettings ] ========================
3:106  0:000  Cannot find smbios.plist at path '\EFI\CLOVER' : Not Found
3:106  0:000  '\EFI\CLOVER\smbios.plist' not loaded. Efi error Not Found
3:106  0:000  create SMBIOS list, found 27 dicts
3:106  0:000  ... ACPI
3:106  0:000  ... Boot
3:106  0:000  ... Devices
3:106  0:000  ... DisableDrivers
3:106  0:000  ... GUI
3:106  0:000  ... Graphics
3:106  0:000  ... KernelAndKextPatches
3:106  0:000  ... SMBIOS
3:106  0:000  ... SystemParameters
3:106  0:000  ... RtVariables
3:106  0:000  get model from config.plist
3:106  0:000  Using latest BiosVersion from config instead of default 'IM191.88Z.F000.B00.2302212211'
3:113  0:007  BiosVersion: IM192.88Z.F000.B00.1902181222
3:117  0:003  BiosReleaseDate: 02/21/2023
3:121  0:003  EfiVersion: 1968.100.16.0.1
3:124  0:003  got BE smUUID as:BA91F74F-5CE7-463F-E89D-40B076DE9E93
3:128  0:003  Calibrated TSC Frequency = 3600489040 = 3600MHz
3:132  0:003  === [ GetListOfThemes ] =========================
3:136  0:003  - [00]: random
3:143  0:007  - [00]: embedded
3:151  0:007  === [ Found config plists ] =====================
3:155  0:003  - config-sample.plist
3:158  0:003  - config.plist
3:162  0:003  === [ LoadDrivers ] =============================
3:167  0:004  Loading OsxAptioFix3Drv-64.efi status=Success
3:179  0:011  Loading PartitionDxe-64.efi status=Success
3:191  0:011   - driver needs connecting
3:194  0:003  Loading DataHubDxe-64.efi status=Success
3:208  0:013  Loading EnglishDxe.efi status=Success
3:220  0:012  Loading VBoxHfs-64.efi status=Success
3:232  0:011   - driver needs connecting
3:235  0:003  Loading FSInject-64.efi status=Success
3:247  0:011  Loading ApfsDriverLoader-64.efi status=Success
3:262  0:014   - driver needs connecting
3:265  0:003  Loading EmuVariableUefi-64.efi status=Success
3:277  0:011  EmuVariableUefi Initialize: VariableCommonInitialize = Success, orig services stored, install gEmuVariableControlProtocolGuid = Success
3:278  0:001  Loading SMCHelper-64.efi status=Success
3:290  0:012  Loading AudioDxe-64.efi status=Success
3:302  0:012   - driver needs connecting
3:306  0:004  4 drivers needs connecting ...
3:306  0:000  PlatformDriverOverrideProtocol not found. Installing ... Success
3:307  0:000  Partition driver loaded: 
3:307  0:000  HFS+ driver loaded
3:307  0:000  APFS driver loaded
3:308  0:000  Searching for invalid DiskIo BY_DRIVER connects: not found, all ok
9:579  6:271  EmuVariable InstallEmulation: orig vars copied, emu.var.services installed, CreateEvent VirtualAddressChange = Success, CreateEvent ExitBootServices = Success, set Status=Success
9:627  0:048  === [ InitScreen ] ==============================
9:630  0:002  Console modes reported: 4, available modes:
9:633  0:002   - [01]: 80x25 (current mode)
9:636  0:002   - [03]: 100x31
9:639  0:002   - [04]: 170x40
9:641  0:002  SetScreenResolution: 1920x1080 - not found!
9:647  0:005  SetMaxResolution: found best mode 0: 1366x768
9:653  0:005   - already set
9:659  0:006  Using embedded font
9:663  0:003  === [ ScanSPD ] =================================
9:666  0:003  SMBus device : 8086 A323 class=0C0500 status=Success
9:668  0:002  SMBus CmdReg: 0x3
9:671  0:002  Scanning SMBus [8086:A323], mmio: 0xA2338004, ioport: 0xEFA0, hostc: 0x11
9:674  0:002  Slots to scan [8]...
9:677  0:003  SPD[0]: Got invalid type 0 @0x50. Will set page and retry.
9:681  0:003  SPD[0]: Type 12 @0x50
9:701  0:020  XMP Profile1: 4*125 -31 ns
9:704  0:002  Found module with XMP version 2.0
9:707  0:002  XMPDetection deactivated in config.plist
9:710  0:002  DDR speed 2132MHz
9:713  0:002  Slot: 0 Type 26 8192MB 2132MHz Vendor=Corsair PartNo=CMK16GX4M2K4266C19 SerialNo=00000000
9:716  0:003  SPD[1]: Type 12 @0x51
9:737  0:020  XMP Profile1: 4*125 -31 ns
9:740  0:002  Found module with XMP version 2.0
9:743  0:002  XMPDetection deactivated in config.plist
9:745  0:002  DDR speed 2132MHz
9:748  0:002  Slot: 1 Type 26 8192MB 2132MHz Vendor=Corsair PartNo=CMK16GX4M2K4266C19 SerialNo=00000000
9:752  0:003  === [ GetAcpiTablesList ] =======================
9:755  0:002  Get Acpi Tables List from RSDT: count=24
9:761  0:005   - [00]: FACP  A M I  len=132
9:763  0:002   - [01]: APIC  A M I  len=188
9:766  0:002   - [02]: FPDT  A M I  len=68
9:769  0:002   - [03]: FIDT  A M I len=156
9:772  0:002   - [04]: MCFG  A M I  len=60
9:775  0:002   - [05]: WSMT  A M I  len=40
9:777  0:002   - [06]: SSDT  SataTabl len=888
9:780  0:002   - [07]: SSDT  CpuSsdt len=6101
9:783  0:002   - [08]: SSDT  SaSsdt  len=12443
9:786  0:002   - [09]: SSDT  PegSsdt len=9048
9:789  0:002   - [10]: HPET  A M I  len=56
9:791  0:002   - [11]: SSDT  Ther_Rvp len=3998
9:794  0:002   - [12]: SSDT  xh_cfsd4 len=10579
9:797  0:002   - [13]: UEFI  A M I  len=72
9:800  0:002   - [14]: LPIT  A M I  len=92
9:802  0:002   - [15]: SSDT  PtidDevc len=10206
9:805  0:002   - [16]: SSDT  TbtTypeC len=4094
9:808  0:002   - [17]: DBGP  A M I  len=52
9:811  0:002   - [18]: DBG2  A M I  len=84
9:813  0:002   - [19]: SSDT  UsbCTabl len=6449
9:816  0:002   - [20]: SSDT  ADebTabl len=324
9:819  0:002   - [21]: VFCT  A M I  len=59524
9:822  0:002   - [22]: BGRT  A M I  len=56
9:825  0:002   - [23]: WPBT  A M I len=60
9:828  0:003   - [00]: Drop table : MATS,                0 :  no
9:833  0:005  Custom boot CUSTOM_BOOT_DISABLED (0x0)
9:836  0:002  Default theme: tonymacx86
9:839  0:002  Set FakeCPUID: 0x0
9:843  0:003  === [ Found DSDT tables ] =======================
9:846  0:002  === [ InitKextList ] ============================
9:850  0:004  Added Kext=Other\IntelCPUMonitor.kext (1.2.6)
9:854  0:003  Added Kext=Other\FakeSMC.kext (3.5.6)
9:857  0:003  Added Kext=Other\RadeonMonitor.kext (1.3.5)
9:862  0:004  === [ ScanVolumes ] =============================
9:865  0:002  Found 10 volumes with blockIO
9:868  0:002  - [00]: Volume: PciRoot(0x0)\Pci(0x17,0x0)\Sata(0x0,0xFFFF,0x0)
9:874  0:006  - [01]: Volume: PciRoot(0x0)\Pci(0x17,0x0)\Sata(0x0,0xFFFF,0x0)\HD(1,GPT,38DCC513-D608-408E-9D2F-1469C8B906A0,0x28,0x64000)
9:880  0:006          Result of bootcode detection: bootable unknown (legacy)
9:911  0:030            label : EFI
9:914  0:002  - [02]: Volume: PciRoot(0x0)\Pci(0x17,0x0)\Sata(0x0,0xFFFF,0x0)\HD(2,GPT,C20AA839-E88E-4CED-8CAB-9480B290394C,0x64028,0x15D466360)
9:939  0:025            label : Dati
9:942  0:002  - [03]: Volume: PciRoot(0x0)\Pci(0x1D,0x0)\Pci(0x0,0x0)\NVMe(0x1,CA-8F-B2-81-58-38-25-00)
9:948  0:005  - [04]: Volume: PciRoot(0x0)\Pci(0x1D,0x0)\Pci(0x0,0x0)\NVMe(0x1,CA-8F-B2-81-58-38-25-00)\HD(1,GPT,6E40A227-DDED-4325-B7CE-3959620EB39E,0x28,0x64000)
9:954  0:005          Result of bootcode detection: bootable unknown (legacy)
9:957  0:003            label : EFI
9:959  0:002          This is SelfVolume !!
9:962  0:002  - [05]: Volume: PciRoot(0x0)\Pci(0x1D,0x0)\Pci(0x0,0x0)\NVMe(0x1,CA-8F-B2-81-58-38-25-00)\HD(2,GPT,9508A8C6-F9B9-4EDD-ABC7-C1C4A019C410,0x64028,0x3A321FE0)
9:968  0:005          Result of bootcode detection: bootable unknown (legacy)
9:971  0:002  - [06]: Volume: PciRoot(0x0)\Pci(0x1D,0x0)\Pci(0x0,0x0)\NVMe(0x1,CA-8F-B2-81-58-38-25-00)\HD(2,GPT,9508A8C6-F9B9-4EDD-ABC7-C1C4A019C410,0x64028,0x3A321FE0)\VenMedia(BE74FCF7-0B7C-49F3-9147-01F4042E6842,F2738F7DD5B89341BB89C99D72294438)
9:976  0:005            apfsFileSystemUUID=7D8F73F2-B8D5-4193-BB89-C99D72294438, ApfsContainerUUID=85F3C012-2D6D-4FA1-A77E-71D7470E7FA2, ApfsRole=0x10
9:979  0:002            label : Preboot
9:982  0:002  - [07]: Volume: PciRoot(0x0)\Pci(0x1D,0x0)\Pci(0x0,0x0)\NVMe(0x1,CA-8F-B2-81-58-38-25-00)\HD(2,GPT,9508A8C6-F9B9-4EDD-ABC7-C1C4A019C410,0x64028,0x3A321FE0)\VenMedia(BE74FCF7-0B7C-49F3-9147-01F4042E6842,5D6490A424B7BC4F9AC8F7A23B1C4935)
9:988  0:005            apfsFileSystemUUID=A490645D-B724-4FBC-9AC8-F7A23B1C4935, ApfsContainerUUID=85F3C012-2D6D-4FA1-A77E-71D7470E7FA2, ApfsRole=0x0
10:005  0:017            label : Macintosh HD
10:008  0:002  - [08]: Volume: PciRoot(0x0)\Pci(0x1D,0x0)\Pci(0x0,0x0)\NVMe(0x1,CA-8F-B2-81-58-38-25-00)\HD(2,GPT,9508A8C6-F9B9-4EDD-ABC7-C1C4A019C410,0x64028,0x3A321FE0)\VenMedia(BE74FCF7-0B7C-49F3-9147-01F4042E6842,B6D67091A529BA4BA6736F0E24A99093)
10:014  0:005            apfsFileSystemUUID=9170D6B6-29A5-4BBA-A673-6F0E24A99093, ApfsContainerUUID=85F3C012-2D6D-4FA1-A77E-71D7470E7FA2, ApfsRole=0x4
10:017  0:002            label : Recovery
10:019  0:002  - [09]: Volume: PciRoot(0x0)\Pci(0x1D,0x0)\Pci(0x0,0x0)\NVMe(0x1,CA-8F-B2-81-58-38-25-00)\HD(2,GPT,9508A8C6-F9B9-4EDD-ABC7-C1C4A019C410,0x64028,0x3A321FE0)\VenMedia(BE74FCF7-0B7C-49F3-9147-01F4042E6842,55B78B2757452849A2D432E0BB550617)
10:025  0:005            apfsFileSystemUUID=278BB755-4557-4928-A2D4-32E0BB550617, ApfsContainerUUID=85F3C012-2D6D-4FA1-A77E-71D7470E7FA2, ApfsRole=0x8
10:028  0:002            label : VM
10:031  0:002  Searching volumes for latest nvram.plist ...
10:037  0:006   - [0] no nvram.plist
10:040  0:002   Modified = 2024-11-21 20:38:46 (4016810326000 ms)
10:046  0:005   - newer - will use this one
10:048  0:002  Loading nvram.plist from EFI index 1  begin load gNvramDict=0x0
10:054  0:005   loaded, size=3239
10:057  0:002  LoadLatestNvramPlist loaded Status=Success
10:060  0:002  === [ PutNvramPlistToRtVars ] ===================
10:062  0:002  dict count = 30
10:065  0:002   Adding Key: EFILoginHiDPI: Size = 4, Data: 00 00 00 00 
10:087  0:022  SetNvramVariable (EFILoginHiDPI, 7C436110-AB2A-4BBB-A880-FE41995C9F82, 0x6, 4): -> writing new (Success)
10:093  0:005   Skipping EmuVariableUefiPresent
10:096  0:002   Adding Key: SystemAudioVolume: Size = 1, Data: 80 
10:107  0:011  SetNvramVariable (SystemAudioVolume, 7C436110-AB2A-4BBB-A880-FE41995C9F82, 0x6, 1): -> writing new (Success)
10:113  0:005   Adding Key: SystemAudioVolumeDB: Size = 1, Data: F0 
10:124  0:011  SetNvramVariable (SystemAudioVolumeDB, 7C436110-AB2A-4BBB-A880-FE41995C9F82, 0x6, 1): -> writing new (Success)
10:130  0:005   Adding Key: csr-active-config: Size = 4, Data: 67 00 00 00 
10:149  0:019  SetNvramVariable (csr-active-config, 7C436110-AB2A-4BBB-A880-FE41995C9F82, 0x6, 4): exists(0x7, 4)DeleteNvramVariable (csr-active-config, 7C436110-AB2A-4BBB-A880-FE41995C9F82):
10:157  0:008  , diff. attr: deleting old (Success) -> writing new (Success)
10:163  0:005   Adding Key: efi-backup-boot-device: Size = 442, Data: 3C 61 72 72 61 79 3E 3C 64 69 63 74 3E 3C 6B 65 79 3E 49 4F 4D 61 74 63 68 3C 2F 6B 65 79 3E 3C 64 69 63 74 3E 3C 6B 65 79 3E 49 4F 50 72 6F 76 69 64 65 72 43 6C 61 73 73 3C 2F 6B 65 79 3E 3C 73 74 72 69 6E 67 3E 49 4F 4D 65 64 69 61 3C 2F 73 74 72 69 6E 67 3E 3C 6B 65 79 3E 49 4F 50 72 6F 70 65 72 74 79 4D 61 74 63 68 3C 2F 6B 65 79 3E 3C 64 69 63 74 3E 3C 6B 65 79 3E 55 55 49 44 3C 2F 6B 65 79 3E 3C 73 74 72 69 6E 67 3E 37 44 38 46 37 33 46 32 2D 42 38 44 35 2D 34 31 39 33 2D 42 42 38 39 2D 43 39 39 44 37 32 32 39 34 34 33 38 3C 2F 73 74 72 69 6E 67 3E 3C 2F 64 69 63 74 3E 3C 2F 64 69 63 74 3E 3C 6B 65 79 3E 42 4C 4C 61 73 74 42 53 44 4E 61 6D 65 3C 2F 6B 65 79 3E 3C 73 74 72 69 6E 67 3E 64 69 73 6B 32 73 32 3C 2F 73 74 72 69 6E 67 3E 3C 2F 64 69 63 74 3E 3C 64 69 63 74 3E 3C 6B 65 79 3E 49 4F 45 46 49 44 65 76 69 63 65 50 61 74 68 54 79 70 65 3C 2F 6B 65 79 3E 3C 73 74 72 69 6E 67 3E 4D 65 64 69 61 46 69 6C 65 50 61 74 68 3C 2F 73 74 72 69 6E 67 3E 3C 6B 65 79 3E 50 61 74 68 3C 2F 6B 65 79 3E 3C 73 74 72 69 6E 67 3E 5C 41 34 39 30 36 34 35 44 2D 42 37 32 34 2D 34 46 42 43 2D 39 41 43 38 2D 46 37 41 32 33 42 31 43 34 39 33 35 5C 53 79 73 74 65 6D 5C 4C 69 62 72 61 72 79 5C 43 6F 72 65 53 65 72 76 69 63 65 73 08 6F 6F 74 2E 65 66 69 3C 2F 73 74 72 69 6E 67 3E 3C 2F 64 69 63 74 3E 3C 2F 61 72 72 61 79 3E 
11:431  1:268  SetNvramVariable (efi-backup-boot-device, 7C436110-AB2A-4BBB-A880-FE41995C9F82, 0x6, 442): -> writing new (Success)
11:437  0:005   Adding Key: efi-backup-boot-device-data: Size = 276, Data: 02 01 0C 00 D0 41 03 0A 00 00 00 00 01 01 06 00 00 1D 01 01 06 00 00 00 03 16 10 00 01 00 00 00 00 25 38 58 81 B2 8F CA 04 01 2A 00 02 00 00 00 28 40 06 00 00 00 00 00 E0 1F 32 3A 00 00 00 00 C6 A8 08 95 B9 F9 DD 4E AB C7 C1 C4 A0 19 C4 10 02 02 04 03 24 00 F7 FC 74 BE 7C 0B F3 49 91 47 01 F4 04 2E 68 42 F2 73 8F 7D D5 B8 93 41 BB 89 C9 9D 72 29 44 38 04 04 9A 00 5C 00 41 00 34 00 39 00 30 00 36 00 34 00 35 00 44 00 2D 00 42 00 37 00 32 00 34 00 2D 00 34 00 46 00 42 00 43 00 2D 00 39 00 41 00 43 00 38 00 2D 00 46 00 37 00 41 00 32 00 33 00 42 00 31 00 43 00 34 00 39 00 33 00 35 00 5C 00 53 00 79 00 73 00 74 00 65 00 6D 00 5C 00 4C 00 69 00 62 00 72 00 61 00 72 00 79 00 5C 00 43 00 6F 00 72 00 65 00 53 00 65 00 72 00 76 00 69 00 63 00 65 00 73 00 5C 00 62 00 6F 00 6F 00 74 00 2E 00 65 00 66 00 69 00 00 00 7F FF 04 00 
12:233  0:796  SetNvramVariable (efi-backup-boot-device-data, 7C436110-AB2A-4BBB-A880-FE41995C9F82, 0x6, 276): -> writing new (Success)
12:239  0:005   Adding Key: fakesmc-key-#KEY-ui32: Size = 4, Data: 00 00 00 00 
12:259  0:019  SetNvramVariable (fakesmc-key-#KEY-ui32, 7C436110-AB2A-4BBB-A880-FE41995C9F82, 0x6, 4): exists(0x7, 4)DeleteNvramVariable (fakesmc-key-#KEY-ui32, 7C436110-AB2A-4BBB-A880-FE41995C9F82):
12:267  0:008  , diff. attr: deleting old (Success) -> writing new (Success)
12:273  0:005   Adding Key: fakesmc-key-$Adr-ui32: Size = 4, Data: 00 00 03 00 
12:293  0:019  SetNvramVariable (fakesmc-key-$Adr-ui32, 7C436110-AB2A-4BBB-A880-FE41995C9F82, 0x6, 4): exists(0x7, 4)DeleteNvramVariable (fakesmc-key-$Adr-ui32, 7C436110-AB2A-4BBB-A880-FE41995C9F82):
12:301  0:008  , diff. attr: deleting old (Success) -> writing new (Success)
12:306  0:005   Adding Key: fakesmc-key-$Num-ui8: Size = 1, Data: 01 
12:317  0:010  SetNvramVariable (fakesmc-key-$Num-ui8, 7C436110-AB2A-4BBB-A880-FE41995C9F82, 0x6, 1): exists(0x7, 1)DeleteNvramVariable (fakesmc-key-$Num-ui8, 7C436110-AB2A-4BBB-A880-FE41995C9F82):
12:326  0:008  , diff. attr: deleting old (Success) -> writing new (Success)
12:331  0:005   Adding Key: fakesmc-key-BATP-flag: Size = 1, Data: 00 
12:342  0:010  SetNvramVariable (fakesmc-key-BATP-flag, 7C436110-AB2A-4BBB-A880-FE41995C9F82, 0x6, 1): exists(0x7, 1)DeleteNvramVariable (fakesmc-key-BATP-flag, 7C436110-AB2A-4BBB-A880-FE41995C9F82):
12:351  0:008  , diff. attr: deleting old (Success) -> writing new (Success)
12:357  0:005   Adding Key: fakesmc-key-BEMB-flag: Size = 1, Data: 00 
12:368  0:011  SetNvramVariable (fakesmc-key-BEMB-flag, 7C436110-AB2A-4BBB-A880-FE41995C9F82, 0x6, 1): exists(0x7, 1)DeleteNvramVariable (fakesmc-key-BEMB-flag, 7C436110-AB2A-4BBB-A880-FE41995C9F82):
12:376  0:008  , diff. attr: deleting old (Success) -> writing new (Success)
12:382  0:005   Adding Key: fakesmc-key-BNum-ui8: Size = 1, Data: 00 
12:392  0:010  SetNvramVariable (fakesmc-key-BNum-ui8, 7C436110-AB2A-4BBB-A880-FE41995C9F82, 0x6, 1): exists(0x7, 1)DeleteNvramVariable (fakesmc-key-BNum-ui8, 7C436110-AB2A-4BBB-A880-FE41995C9F82):
12:401  0:008  , diff. attr: deleting old (Success) -> writing new (Success)
12:406  0:005   Adding Key: fakesmc-key-EPCI-ui32: Size = 4, Data: 09 D0 F0 00 
12:426  0:019  SetNvramVariable (fakesmc-key-EPCI-ui32, 7C436110-AB2A-4BBB-A880-FE41995C9F82, 0x6, 4): exists(0x7, 4)DeleteNvramVariable (fakesmc-key-EPCI-ui32, 7C436110-AB2A-4BBB-A880-FE41995C9F82):
12:434  0:008  , diff. attr: deleting old (Success) -> writing new (Success)
12:439  0:005   Adding Key: fakesmc-key-MSAc-ui16: Size = 2, Data: 00 00 
12:453  0:013  SetNvramVariable (fakesmc-key-MSAc-ui16, 7C436110-AB2A-4BBB-A880-FE41995C9F82, 0x6, 2): exists(0x7, 2)DeleteNvramVariable (fakesmc-key-MSAc-ui16, 7C436110-AB2A-4BBB-A880-FE41995C9F82):
12:461  0:008  , diff. attr: deleting old (Success) -> writing new (Success)
12:467  0:005   Adding Key: fakesmc-key-MSFW-ui8: Size = 2, Data: 01 00 
12:481  0:013  SetNvramVariable (fakesmc-key-MSFW-ui8, 7C436110-AB2A-4BBB-A880-FE41995C9F82, 0x6, 2): exists(0x7, 2)DeleteNvramVariable (fakesmc-key-MSFW-ui8, 7C436110-AB2A-4BBB-A880-FE41995C9F82):
12:489  0:008  , diff. attr: deleting old (Success) -> writing new (Success)
12:495  0:005   Adding Key: fakesmc-key-MSPS-ui16: Size = 2, Data: 00 03 
12:514  0:019  SetNvramVariable (fakesmc-key-MSPS-ui16, 7C436110-AB2A-4BBB-A880-FE41995C9F82, 0x6, 2): exists(0x7, 2)DeleteNvramVariable (fakesmc-key-MSPS-ui16, 7C436110-AB2A-4BBB-A880-FE41995C9F82):
12:523  0:008  , diff. attr: deleting old (Success) -> writing new (Success)
12:528  0:005   Adding Key: fakesmc-key-MSTc-ui8: Size = 1, Data: 00 
12:539  0:011  SetNvramVariable (fakesmc-key-MSTc-ui8, 7C436110-AB2A-4BBB-A880-FE41995C9F82, 0x6, 1): exists(0x7, 1)DeleteNvramVariable (fakesmc-key-MSTc-ui8, 7C436110-AB2A-4BBB-A880-FE41995C9F82):
12:548  0:008  , diff. attr: deleting old (Success) -> writing new (Success)
12:554  0:005   Adding Key: fakesmc-key-MSWr-ui8: Size = 1, Data: 00 
12:565  0:011  SetNvramVariable (fakesmc-key-MSWr-ui8, 7C436110-AB2A-4BBB-A880-FE41995C9F82, 0x6, 1): exists(0x7, 1)DeleteNvramVariable (fakesmc-key-MSWr-ui8, 7C436110-AB2A-4BBB-A880-FE41995C9F82):
12:573  0:008  , diff. attr: deleting old (Success) -> writing new (Success)
12:579  0:005   Adding Key: fakesmc-key-RBr -ch8*: Size = 8, Data: 6A 31 33 38 5F 39 00 00 
12:612  0:033  SetNvramVariable (fakesmc-key-RBr -ch8*, 7C436110-AB2A-4BBB-A880-FE41995C9F82, 0x6, 8): exists(0x7, 8)DeleteNvramVariable (fakesmc-key-RBr -ch8*, 7C436110-AB2A-4BBB-A880-FE41995C9F82):
12:621  0:008  , diff. attr: deleting old (Success) -> writing new (Success)
12:626  0:005   Adding Key: fakesmc-key-REV -ch8*: Size = 6, Data: 02 46 0F 00 00 12 
12:651  0:025  SetNvramVariable (fakesmc-key-REV -ch8*, 7C436110-AB2A-4BBB-A880-FE41995C9F82, 0x6, 6): exists(0x7, 6)DeleteNvramVariable (fakesmc-key-REV -ch8*, 7C436110-AB2A-4BBB-A880-FE41995C9F82):
12:660  0:008  , diff. attr: deleting old (Success) -> writing new (Success)
12:666  0:005   Adding Key: fakesmc-key-RMde-char: Size = 1, Data: 41 
12:677  0:011  SetNvramVariable (fakesmc-key-RMde-char, 7C436110-AB2A-4BBB-A880-FE41995C9F82, 0x6, 1): exists(0x7, 1)DeleteNvramVariable (fakesmc-key-RMde-char, 7C436110-AB2A-4BBB-A880-FE41995C9F82):
12:688  0:011  , diff. attr: deleting old (Success) -> writing new (Success)
12:694  0:005   Adding Key: fakesmc-key-RPlt-ch8*: Size = 8, Data: 6A 31 33 38 00 00 00 00 
12:724  0:030  SetNvramVariable (fakesmc-key-RPlt-ch8*, 7C436110-AB2A-4BBB-A880-FE41995C9F82, 0x6, 8): exists(0x7, 8)DeleteNvramVariable (fakesmc-key-RPlt-ch8*, 7C436110-AB2A-4BBB-A880-FE41995C9F82):
12:733  0:008  , diff. attr: deleting old (Success) -> writing new (Success)
12:739  0:005   Adding Key: flagstate: Size = 32, Data: 00 00 00 00 00 00 00 00 00 00 00 00 00 00 00 00 00 00 00 00 00 00 00 00 00 00 00 00 00 00 00 00 
12:836  0:097  SetNvramVariable (flagstate, 7C436110-AB2A-4BBB-A880-FE41995C9F82, 0x6, 32): exists(0x7, 32)DeleteNvramVariable (flagstate, 7C436110-AB2A-4BBB-A880-FE41995C9F82):
12:845  0:008  , diff. attr: deleting old (Success) -> writing new (Success)
12:850  0:005   Adding Key: fmm-computer-name: Size = 20, Data: 4D 61 63 42 6F 6F 6B 20 50 72 6F 20 64 69 20 50 65 70 70 65 
12:914  0:064  SetNvramVariable (fmm-computer-name, 7C436110-AB2A-4BBB-A880-FE41995C9F82, 0x6, 20): -> writing new (Success)
12:920  0:005   Adding Key: msu-product-url: Size = 77, Data: 6D 73 75 2D 70 72 6F 64 75 63 74 2D 75 72 6C 3A 2F 2F 41 34 39 30 36 34 35 44 2D 42 37 32 34 2D 34 46 42 43 2D 39 41 43 38 2D 46 37 41 32 33 42 31 43 34 39 33 35 2F 6D 61 63 4F 53 25 32 30 49 6E 73 74 61 6C 6C 25 32 30 44 61 74 61 
13:150  0:230  SetNvramVariable (msu-product-url, 7C436110-AB2A-4BBB-A880-FE41995C9F82, 0x6, 77): -> writing new (Success)
13:155  0:005   Adding Key: prev-lang:kbd: Size = 9, Data: 69 74 2D 49 54 3A 32 32 33 
13:189  0:033  SetNvramVariable (prev-lang:kbd, 7C436110-AB2A-4BBB-A880-FE41995C9F82, 0x6, 9): -> writing new (Success)
13:195  0:005   Adding Key: previous-system-uuid: Size = 36, Data: 41 34 39 30 36 34 35 44 2D 42 37 32 34 2D 34 46 42 43 2D 39 41 43 38 2D 46 37 41 32 33 42 31 43 34 39 33 35 
13:307  0:112  SetNvramVariable (previous-system-uuid, 7C436110-AB2A-4BBB-A880-FE41995C9F82, 0x6, 36): -> writing new (Success)
13:313  0:005   Adding Key: security-mode: String: Size = 4, Val = 'none'
13:321  0:008  SetNvramVariable (security-mode, 7C436110-AB2A-4BBB-A880-FE41995C9F82, 0x6, 4): exists(0x7, 5)DeleteNvramVariable (security-mode, 7C436110-AB2A-4BBB-A880-FE41995C9F82):
13:329  0:008  , diff. attr: deleting old (Success) -> writing new (Success)
13:335  0:005   Adding Key: specialbootdevice: Size = 122, Data: 02 01 0C 00 D0 41 03 0A 00 00 00 00 01 01 06 00 00 1D 01 01 06 00 00 00 03 17 10 00 01 00 00 00 00 25 38 58 81 B2 8F CA 04 01 2A 00 02 00 00 00 28 40 06 00 00 00 00 00 E0 1F 32 3A 00 00 00 00 C6 A8 08 95 B9 F9 DD 4E AB C7 C1 C4 A0 19 C4 10 02 02 04 03 24 00 F7 FC 74 BE 7C 0B F3 49 91 47 01 F4 04 2E 68 42 5D 64 90 A4 24 B7 BC 4F 9A C8 F7 A2 3B 1C 49 35 7F FF 04 00 
13:692  0:357  SetNvramVariable (specialbootdevice, 7C436110-AB2A-4BBB-A880-FE41995C9F82, 0x6, 122): -> writing new (Success)
13:698  0:005  found 3 handles with audio
13:701  0:002  No AudioIoDevice stored
13:703  0:002  no stored audio parameters
13:706  0:002  Found Audio Device AMD (Unknown) (HDMI) at index 0
13:709  0:002  Found Audio Device AMD (Unknown) (HDMI) at index 1
13:712  0:002  Found Audio Device AMD (Unknown) (HDMI) at index 2
13:715  0:002  Found Audio Device AMD (Unknown) (HDMI) at index 3
13:718  0:002  Found Audio Device AMD (Unknown) (HDMI) at index 4
13:720  0:002  Found Audio Device AMD (Unknown) (HDMI) at index 5
13:723  0:002  Found Audio Device Realtek (Unknown) (LineOut) at index 6
13:726  0:002  Found Audio Device Realtek (Unknown) (LineOut) at index 7
13:729  0:002  Found Audio Device Realtek (Unknown) (LineOut) at index 8
13:732  0:002  Found Audio Device Realtek (Unknown) (Headphones) at index 9
13:735  0:002  Found Audio Device Realtek (Unknown) (SPDIF) at index 10
13:738  0:002  Found Audio Device Intel Kaby Lake HDMI (HDMI) at index 11
13:741  0:002  === [ InitXTheme ] ==============================
13:743  0:002  use Daylight theme
13:746  0:002   using embedded theme
13:758  0:012  Using embedded font
13:761  0:003  theme inited
13:764  0:002  Chosen embedded theme
13:767  0:002  after NVRAM boot-args=dart=0
13:770  0:002  Scanning legacy ...
13:773  0:002  === [ Dump SMC keys from NVRAM ] ================
13:776  0:002  found AppleSMC protocol
13:778  0:002     fakesmc-key-RVBF-ch8*:02 47 0F 00 00 03 
13:801  0:022     fakesmc-key-#KEY-ui32:00 00 00 00 
13:817  0:016     fakesmc-key-$Adr-ui32:00 00 03 00 
13:834  0:016     fakesmc-key-$Num-ui8:01 
13:842  0:008     fakesmc-key-BATP-flag:00 
13:851  0:008     fakesmc-key-BEMB-flag:00 
13:859  0:008     fakesmc-key-BNum-ui8:00 
13:867  0:008     fakesmc-key-EPCI-ui32:09 D0 F0 00 
13:884  0:016     fakesmc-key-MSAc-ui16:00 00 
13:894  0:010     fakesmc-key-MSFW-ui8:01 00 
13:906  0:011     fakesmc-key-MSPS-ui16:00 03 
13:917  0:011     fakesmc-key-MSTc-ui8:00 
13:926  0:008     fakesmc-key-MSWr-ui8:00 
13:934  0:008     fakesmc-key-RBr -ch8*:6A 31 33 38 5F 39 00 00 
13:962  0:028     fakesmc-key-REV -ch8*:02 46 0F 00 00 12 
13:985  0:022     fakesmc-key-RMde-char:41 
13:996  0:011     fakesmc-key-RPlt-ch8*:6A 31 33 38 00 00 00 00 
14:024  0:028  Registered 17 SMC keys
14:027  0:002  === [ ScanLoader ] ==============================
14:030  0:002  - [01]: 'EFI'
14:054  0:023  - [02]: 'Dati'
14:088  0:034  - [04]: 'EFI'
14:096  0:008        AddLoaderEntry for Volume Name=EFI, idx=0
14:099  0:002        OSVersion= 
14:105  0:005        IconName=unknown comma=-1 size=7
14:110  0:005        Full=unknown
14:113  0:002        Loader entry created for 'PciRoot(0x0)\Pci(0x1D,0x0)\Pci(0x0,0x0)\NVMe(0x1,CA-8F-B2-81-58-38-25-00)\HD(1,GPT,6E40A227-DDED-4325-B7CE-3959620EB39E,0x28,0x64000)\EFI\BOOT\BOOTX64.efi'
14:116  0:002       hiding entry: \EFI\BOOT\BOOTX64.efi
14:119  0:002        Menu entry added at index 0
14:122  0:003       hiding entry because DiskKind is DISK_KIND_INTERNAL: \EFI\BOOT\BOOTX64.efi
14:125  0:002  - [06]: 'Preboot'
14:131  0:005      ApfsContainerUUID=85F3C012-2D6D-4FA1-A77E-71D7470E7FA2
14:133  0:002      ApfsFileSystemUUID=7D8F73F2-B8D5-4193-BB89-C99D72294438
14:136  0:002      APFSTargetUUID=A490645D-B724-4FBC-9AC8-F7A23B1C4935
14:139  0:003        AddLoaderEntry for Volume Name=Preboot, idx=1
14:143  0:003        OSVersion=10.14.6 
14:145  0:002        Check if volume Is Hibernated:
14:148  0:002        Check sleep image 'by signature':
14:151  0:002        using default sleep image name = \private\var\vm\sleepimage
14:154  0:002        cannot open sleepimage -> Not Found
14:157  0:002        hibernated: no - sign
14:160  0:002        IconName=moja,mac comma=4 size=8
14:163  0:002        first=os_moja
14:165  0:002        Second=os_mac
14:168  0:002        IconName=unknown comma=-1 size=7
14:171  0:003        Full=unknown
14:174  0:003        Loader entry created for 'PciRoot(0x0)\Pci(0x1D,0x0)\Pci(0x0,0x0)\NVMe(0x1,CA-8F-B2-81-58-38-25-00)\HD(2,GPT,9508A8C6-F9B9-4EDD-ABC7-C1C4A019C410,0x64028,0x3A321FE0)\VenMedia(BE74FCF7-0B7C-49F3-9147-01F4042E6842,F2738F7DD5B89341BB89C99D72294438)\A490645D-B724-4FBC-9AC8-F7A23B1C4935\System\Library\CoreServices\boot.efi'
14:178  0:003        Menu entry added at index 1
14:182  0:004        AddLoaderEntry for Volume Name=Preboot, idx=2
14:185  0:003        OSVersion=10.14.6 
14:188  0:003        IconName=moja,mac comma=4 size=8
14:192  0:003        first=os_moja
14:194  0:002        Second=os_mac
14:197  0:003        IconName=unknown comma=-1 size=7
14:200  0:002        Full=unknown
14:203  0:003        Loader entry created for 'PciRoot(0x0)\Pci(0x1D,0x0)\Pci(0x0,0x0)\NVMe(0x1,CA-8F-B2-81-58-38-25-00)\HD(2,GPT,9508A8C6-F9B9-4EDD-ABC7-C1C4A019C410,0x64028,0x3A321FE0)\VenMedia(BE74FCF7-0B7C-49F3-9147-01F4042E6842,F2738F7DD5B89341BB89C99D72294438)\A490645D-B724-4FBC-9AC8-F7A23B1C4935\com.apple.installer\boot.efi'
14:207  0:003        Menu entry added at index 2
14:210  0:003  - [07]: 'Macintosh HD'
14:219  0:008      ApfsContainerUUID=85F3C012-2D6D-4FA1-A77E-71D7470E7FA2
14:222  0:002      ApfsFileSystemUUID=A490645D-B724-4FBC-9AC8-F7A23B1C4935
14:225  0:003        AddLoaderEntry for Volume Name=Macintosh HD, idx=3
14:230  0:004        OSVersion=13.1 
14:233  0:002        IconName=ventura,mac comma=7 size=11
14:236  0:002        first=os_ventura
14:239  0:003        Second=os_mac
14:242  0:002        IconName=unknown comma=-1 size=7
14:245  0:003        Full=unknown
14:247  0:002        Loader entry created for 'PciRoot(0x0)\Pci(0x1D,0x0)\Pci(0x0,0x0)\NVMe(0x1,CA-8F-B2-81-58-38-25-00)\HD(2,GPT,9508A8C6-F9B9-4EDD-ABC7-C1C4A019C410,0x64028,0x3A321FE0)\VenMedia(BE74FCF7-0B7C-49F3-9147-01F4042E6842,5D6490A424B7BC4F9AC8F7A23B1C4935)\macOS Install Data\Locked Files\Boot Files\boot.efi'
14:251  0:003        Menu entry added at index 3
14:255  0:004        AddLoaderEntry for Volume Name=Macintosh HD, idx=4
14:259  0:003        OSVersion=10.14.6 
14:262  0:002        Check if volume Is Hibernated:
14:265  0:002        Check sleep image 'by signature':
14:271  0:006        read prefs \Library\Preferences\com.apple.PowerManagement.plist status=Success
14:274  0:002        using default sleep image name = \private\var\vm\sleepimage
14:278  0:003        cannot open sleepimage -> Not Found
14:281  0:002        hibernated: no - sign
14:283  0:002        IconName=moja,mac comma=4 size=8
14:286  0:002        first=os_moja
14:289  0:002        Second=os_mac
14:292  0:002        IconName=unknown comma=-1 size=7
14:295  0:002        Full=unknown
14:298  0:002        Loader entry created for 'PciRoot(0x0)\Pci(0x1D,0x0)\Pci(0x0,0x0)\NVMe(0x1,CA-8F-B2-81-58-38-25-00)\HD(2,GPT,9508A8C6-F9B9-4EDD-ABC7-C1C4A019C410,0x64028,0x3A321FE0)\VenMedia(BE74FCF7-0B7C-49F3-9147-01F4042E6842,5D6490A424B7BC4F9AC8F7A23B1C4935)\System\Library\CoreServices\boot.efi'
14:301  0:003        Menu entry added at index 4
14:304  0:002  - [08]: 'Recovery'
14:310  0:005      ApfsContainerUUID=85F3C012-2D6D-4FA1-A77E-71D7470E7FA2
14:313  0:002      ApfsFileSystemUUID=9170D6B6-29A5-4BBA-A673-6F0E24A99093
14:316  0:002      APFSTargetUUID=A490645D-B724-4FBC-9AC8-F7A23B1C4935
14:319  0:002        AddLoaderEntry for Volume Name=Recovery, idx=5
14:322  0:003        OSVersion=10.14.6 
14:325  0:002        IconName=moja,mac comma=4 size=8
14:328  0:002        first=os_moja
14:331  0:002        Second=os_mac
14:334  0:002        IconName=unknown comma=-1 size=7
14:337  0:003        Full=unknown
14:340  0:002        Loader entry created for 'PciRoot(0x0)\Pci(0x1D,0x0)\Pci(0x0,0x0)\NVMe(0x1,CA-8F-B2-81-58-38-25-00)\HD(2,GPT,9508A8C6-F9B9-4EDD-ABC7-C1C4A019C410,0x64028,0x3A321FE0)\VenMedia(BE74FCF7-0B7C-49F3-9147-01F4042E6842,B6D67091A529BA4BA6736F0E24A99093)\A490645D-B724-4FBC-9AC8-F7A23B1C4935\boot.efi'
14:343  0:003        Menu entry added at index 5
14:346  0:002  - [09]: 'VM'
14:352  0:005      ApfsContainerUUID=85F3C012-2D6D-4FA1-A77E-71D7470E7FA2
14:355  0:003      ApfsFileSystemUUID=278BB755-4557-4928-A2D4-32E0BB550617
14:358  0:002  Entries list before ordering
14:361  0:002      Entry 0 : Boot UEFI internal from EFI (hidden)
14:363  0:002      Entry 1 : Boot Mac OS from Macintosh HD via Preboot
14:366  0:002      Entry 2 : Boot Mac OS Install for Macintosh HD via Preboot
14:369  0:002      Entry 3 : Boot macOS Install from Macintosh HD
14:372  0:002      Entry 4 : Boot macOS from Macintosh HD
14:374  0:002      Entry 5 : Boot Mac OS Recovery for Macintosh HD via Recovery
14:378  0:003  Hiding entry 1 because of entry 4
14:380  0:002  Hiding entry 2 because of entry 3
14:383  0:002  Move preboot entry 1 before system 4
14:386  0:002  Move installer entry 2 before preboot 3
14:389  0:002  Entries list after ordering
14:391  0:002    Entry 0 : Boot UEFI internal from EFI (hidden)
14:394  0:002    Entry 1 : Boot macOS Install from Macintosh HD
14:397  0:002    Entry 2 : Boot Mac OS Install for Macintosh HD via Preboot (hidden)
14:400  0:003    Entry 3 : Boot Mac OS from Macintosh HD via Preboot (hidden)
14:403  0:002    Entry 4 : Boot macOS from Macintosh HD
14:406  0:002    Entry 5 : Boot Mac OS Recovery for Macintosh HD via Recovery
14:408  0:002  === [ AddCustomTool ] ===========================
14:411  0:002  found tool \EFI\CLOVER\tools\Shell64U.efi
14:414  0:002  Checking EFI partition Volume 1 for Clover
14:418  0:004   Found Clover
14:421  0:002  EmuVariable UninstallEmulation: CloseEvent = Success, original var services restored
14:431  0:009  EmuVariable InstallEmulation: orig vars copied, emu.var.services installed, CreateEvent VirtualAddressChange = Success, CreateEvent ExitBootServices = Success, set Status=Success
14:478  0:047  === [ GetEfiBootDeviceFromNvram ] ===============
14:481  0:002   - [!] efi-boot-device-data not found
14:484  0:002   - found entry 0. 'Boot macOS Install from Macintosh HD', Volume 'Macintosh HD', DevicePath 'PciRoot(0x0)\Pci(0x1D,0x0)\Pci(0x0,0x0)\NVMe(0x1,CA-8F-B2-81-58-38-25-00)\HD(2,GPT,9508A8C6-F9B9-4EDD-ABC7-C1C4A019C410,0x64028,0x3A321FE0)\VenMedia(BE74FCF7-0B7C-49F3-9147-01F4042E6842,5D6490A424B7BC4F9AC8F7A23B1C4935)\macOS Install Data\Locked Files\Boot Files\boot.efi'
14:487  0:002  EmuVariable UninstallEmulation: CloseEvent = Success, original var services restored
14:496  0:009  BannerPlace at Clear Screen [619,68]
14:516  0:020  GUI ready
17:895  3:379  Boot option 0 has other volume name Macintosh HDboot.efi
17:899  0:003  === [ StartLoader ] =============================
17:903  0:004  Starting PciRoot(0x0)\Pci(0x1D,0x0)\Pci(0x0,0x0)\NVMe(0x1,CA-8F-B2-81-58-38-25-00)\HD(2,GPT,9508A8C6-F9B9-4EDD-ABC7-C1C4A019C410,0x64028,0x3A321FE0)\VenMedia(BE74FCF7-0B7C-49F3-9147-01F4042E6842,5D6490A424B7BC4F9AC8F7A23B1C4935)\macOS Install Data\Locked Files\Boot Files\boot.efi
17:907  0:003  Finally: ExternalClock=26MHz BusSpeed=100014kHz CPUFreq=3600MHz PIS: hw.busfrequency=104000000Hz
17:914  0:007  Beginning OC
17:918  0:003  OCST: Missing vault data, ignoring...
17:922  0:003  AddKextsInArray from Other
17:925  0:003  ->Extra kext: Other\IntelCPUMonitor.kext (v.1.2.6)
17:929  0:003  ->Extra kext: Other\FakeSMC.kext (v.3.5.6)
17:932  0:003  ->Extra kext: Other\RadeonMonitor.kext (v.1.3.5)
17:936  0:003  AddKextsInArray from Off
17:940  0:003  AddKextsInArray from 13
17:944  0:003  AddKextsInArray from 13_install
17:947  0:003  AddKextsInArray from 13.1
17:951  0:003  AddKextsInArray from 13.1_install
17:955  0:003  AddKextsInArray from 13.1.0
17:958  0:003  AddKextsInArray from 13.1.0_install
17:962  0:003  Bridge kext to OC : Path=Other\FakeSMC.kext
17:966  0:004  Bridge kext to OC : Path=Other\IntelCPUMonitor.kext
17:971  0:004  Bridge kext to OC : Path=Other\RadeonMonitor.kext
17:976  0:004  No OpenRuntime driver. This is wrong, OpenRuntime is mandatory.
17:979  0:003  OC: config config.plist
17:983  0:003  OC: Got 0 drivers
17:987  0:003  OC: OpenCore DBG-102-2024-09-12 is loading in Optional mode (0/0)...
17:990  0:003  OC: StorageHandle 0 with  LauncherOption pointing to 
17:995  0:004  OcOSInfoInstallProtocol
17:999  0:003  OCRTC: OcAppleRtcRamInstallProtocol
18:003  0:003  OCRTC: Wake log is 0x00 0x00   0 0x00
18:006  0:003  OcAppleFbInfoInstallProtocol
18:013  0:006  OcAppleEg2InfoInstallProtocol
18:020  0:006  OC: Loading Apple Secure Boot with Disabled (level 0)
18:024  0:004  OCABC: ALRBL 0 RTDFRG 0 DEVMMIO 0 NOSU 0 NOVRWR 0 NOSB 0 FBSIG 0 NOHBMAP 0 SMSLIDE 0 WRUNPROT 0
18:028  0:003  OCABC: FEXITBS 0 PRMRG 0 CSLIDE 0 MSLIDE 0 PRSRV 0 RBMAP 0 VMAP 0 APPLOS 0 RTPERMS 0 ARBAR -1 RBIO 0
18:032  0:003  OCABC: Awaiting rendezvous with OpenRuntime r12
18:036  0:003  OC: RequestBootVarRouting 0
18:040  0:004  OCDM: Found 0x20046/0x2003C UEFI version (376 bytes, 0 rebuilding to 376) gST 7AB3C018 gBS 6D89B3A0 gBS->CreateEventEx 6D889904 &gBS 6D5732C0
18:043  0:003  OC: Setting GPU BARs to 0
18:047  0:003  OCDM: RBAR using PciIo
18:051  0:003  OCDM: Setting RBAR to 0 inc 1 on 3/18
18:054  0:003  OCDM: Capability I/O error - Unsupported
18:058  0:003  OCDM: RBAR is unsupported by device - Device Error
18:062  0:003  OCDM: Setting RBAR to 0 inc 1 on 5/18
18:066  0:003  OCDM: Capability I/O error - Unsupported
18:069  0:003  OCDM: RBAR is unsupported by device - Device Error
18:074  0:004  OC: Got 0 drivers
18:077  0:003  OCC: Installing GOP (Unsupported) on ConsoleOutHandle...
18:081  0:003  OC: Requested resolution is 1920x1080@0 (max: 0, force: 0) from 1920x1080
18:085  0:003  OCC: Using builtin text renderer with 1 scale
18:088  0:003  OCC: Install console control (6D55E3D0/6D882C88/0), current - Success
18:092  0:003  OCC: Setup ASCII Output - Success
18:096  0:003  OC: Requested console mode is 0x0 (max: 0) from 
18:100  0:003  OC: Invalid HibernateMode: 
18:103  0:003  OC: Translated HibernateMode  to 0
18:110  0:006  OC: Hibernation activation - Invalid Parameter, hibernation wake - no
18:114  0:003  OC: Panic log does not exist
18:117  0:003  OCABC: IsEfiBootRt 0 (BP 1, Apple 0)
18:122  0:004  OCB: Arch filtering 722DD018(719416)->722DD018(719416) caps 0 - Success
18:127  0:004  ImageHandle = 72575d18
18:134  0:007  GetOSVersion: 13.1 (ExternalptalI)
18:141  0:007  Filtering KextPatches:
18:145  0:003   - [00]: External icons patch :: BinPatch :: [OS: 13.1 | MatchOS: All | MatchBuild: All] ==> allowed
18:152  0:007   - [01]: USB Port Limit Patch 1 ©PMHeart :: BinPatch :: [OS: 13.1 | MatchOS: 10.14.4 | MatchBuild: All]
18:156  0:003   check MatchOS 10.14.4
18:159  0:003   ==> not allowed
18:163  0:003   - [02]: USB Port Limit Patch 2 ©PMHeart :: BinPatch :: [OS: 13.1 | MatchOS: 10.14.4 | MatchBuild: All]
18:167  0:003   check MatchOS 10.14.4
18:171  0:003   ==> not allowed
18:174  0:003   - [03]: USB Port Limit Patch 3 ©PMHeart :: BinPatch :: [OS: 13.1 | MatchOS: 10.14.4 | MatchBuild: All]
18:178  0:003   check MatchOS 10.14.4
18:181  0:003   ==> not allowed
18:185  0:003   - [04]: USB Port Limit Patch 1 ©PMHeart :: BinPatch :: [OS: 13.1 | MatchOS: 10.14.4 | MatchBuild: All]
18:189  0:003   check MatchOS 10.14.4
18:193  0:003   ==> not allowed
18:197  0:003   - [05]: USB Port Limit Patch 2 ©PMHeart :: BinPatch :: [OS: 13.1 | MatchOS: 10.14.4 | MatchBuild: All]
18:201  0:003   check MatchOS 10.14.4
18:204  0:003   ==> not allowed
18:208  0:003   - [06]: USB Port Limit Patch 3 ©PMHeart :: BinPatch :: [OS: 13.1 | MatchOS: 10.14.4 | MatchBuild: All]
18:212  0:003   check MatchOS 10.14.4
18:216  0:004   ==> not allowed
18:220  0:003   - [07]: USB Port Limit Patch 1 ©PMHeart :: BinPatch :: [OS: 13.1 | MatchOS: 10.14.4 | MatchBuild: All]
18:224  0:004   check MatchOS 10.14.4
18:227  0:003   ==> not allowed
18:231  0:003   - [08]: USB Port Limit Patch 2 ©PMHeart :: BinPatch :: [OS: 13.1 | MatchOS: 10.14.4 | MatchBuild: All]
18:235  0:003   check MatchOS 10.14.4
18:238  0:003   ==> not allowed
18:242  0:003   - [09]: USB Port Limit Patch 3 ©PMHeart :: BinPatch :: [OS: 13.1 | MatchOS: 10.14.4 | MatchBuild: All]
18:246  0:003   check MatchOS 10.14.4
18:250  0:003   ==> not allowed
18:253  0:003   - [10]: USB Port Limit Patch 1 ©PMHeart :: BinPatch :: [OS: 13.1 | MatchOS: 10.14.4 | MatchBuild: All]
18:257  0:003   check MatchOS 10.14.4
18:261  0:003   ==> not allowed
18:265  0:003   - [11]: USB Port Limit Patch 2 ©PMHeart :: BinPatch :: [OS: 13.1 | MatchOS: 10.14.4 | MatchBuild: All]
18:268  0:003   check MatchOS 10.14.4
18:272  0:003   ==> not allowed
18:275  0:003   - [12]: USB Port Limit Patch 3 ©PMHeart :: BinPatch :: [OS: 13.1 | MatchOS: 10.14.4 | MatchBuild: All]
18:279  0:003   check MatchOS 10.14.4
18:283  0:004   ==> not allowed
18:287  0:003   - [13]: USB Port Limit Patch 1 ©PMHeart :: BinPatch :: [OS: 13.1 | MatchOS: 10.14.4 | MatchBuild: All]
18:290  0:003   check MatchOS 10.14.4
18:294  0:003   ==> not allowed
18:298  0:003   - [14]: USB Port Limit Patch 2 ©PMHeart :: BinPatch :: [OS: 13.1 | MatchOS: 10.14.4 | MatchBuild: All]
18:301  0:003   check MatchOS 10.14.4
18:305  0:003   ==> not allowed
18:309  0:003   - [15]: USB Port Limit Patch 3 ©PMHeart :: BinPatch :: [OS: 13.1 | MatchOS: 10.14.4 | MatchBuild: All]
18:312  0:003   check MatchOS 10.14.4
18:316  0:003   ==> not allowed
18:320  0:003   - [16]: USB Port Limit Patch 1 ©PMHeart :: BinPatch :: [OS: 13.1 | MatchOS: 10.14.4 | MatchBuild: All]
18:324  0:003   check MatchOS 10.14.4
18:327  0:003   ==> not allowed
18:331  0:003   - [17]: USB Port Limit Patch 2 ©PMHeart :: BinPatch :: [OS: 13.1 | MatchOS: 10.14.4 | MatchBuild: All]
18:335  0:003   check MatchOS 10.14.4
18:338  0:003   ==> not allowed
18:342  0:003   - [18]: USB Port Limit Patch 3 ©PMHeart :: BinPatch :: [OS: 13.1 | MatchOS: 10.14.4 | MatchBuild: All]
18:346  0:003   check MatchOS 10.14.4
18:349  0:003   ==> not allowed
18:353  0:003   - [19]: USB Port Limit Patch 1 ©PMHeart :: BinPatch :: [OS: 13.1 | MatchOS: 10.14.4 | MatchBuild: All]
18:357  0:003   check MatchOS 10.14.4
18:360  0:003   ==> not allowed
18:364  0:003   - [20]: USB Port Limit Patch 2 ©PMHeart :: BinPatch :: [OS: 13.1 | MatchOS: 10.14.4 | MatchBuild: All]
18:368  0:003   check MatchOS 10.14.4
18:372  0:003   ==> not allowed
18:375  0:003   - [21]: USB Port Limit Patch 3 ©PMHeart :: BinPatch :: [OS: 13.1 | MatchOS: 10.14.4 | MatchBuild: All]
18:379  0:003   check MatchOS 10.14.4
18:383  0:003   ==> not allowed
18:386  0:003   - [22]: USB Port Limit Patch 1 ©PMHeart :: BinPatch :: [OS: 13.1 | MatchOS: 10.14.4 | MatchBuild: All]
18:390  0:003   check MatchOS 10.14.4
18:394  0:003   ==> not allowed
18:400  0:006   - [23]: USB Port Limit Patch 2 ©PMHeart :: BinPatch :: [OS: 13.1 | MatchOS: 10.14.4 | MatchBuild: All]
18:406  0:006   check MatchOS 10.14.4
18:410  0:003   ==> not allowed
18:413  0:003   - [24]: USB Port Limit Patch 3 ©PMHeart :: BinPatch :: [OS: 13.1 | MatchOS: 10.14.4 | MatchBuild: All]
18:417  0:003   check MatchOS 10.14.4
18:421  0:003   ==> not allowed
18:424  0:003   - [25]: USB port limit patch #1 10.14.x modify by DalianSky(credit ydeng) 10.14.x :: BinPatch :: [OS: 13.1 | MatchOS: 10.14.x | MatchBuild: All]
18:428  0:003   check MatchOS 10.14.x
18:432  0:003   ==> not allowed
18:435  0:003   - [26]: USB port limit patch #2 10.14.x modify by DalianSky(credit PMHeart) 10.14.x :: BinPatch :: [OS: 13.1 | MatchOS: 10.14.x | MatchBuild: All]
18:439  0:003   check MatchOS 10.14.x
18:442  0:003   ==> not allowed
18:446  0:003   - [27]: USB port limit patch #3 10.14.x modify by DalianSky(credit PMHeart) 10.14.x :: BinPatch :: [OS: 13.1 | MatchOS: 10.14.x | MatchBuild: All]
18:450  0:003   check MatchOS 10.14.x
18:453  0:003   ==> not allowed
18:457  0:003   - [28]: USB port limit patch #4 10.14.x modify by DalianSky(credit PMHeart) 10.14.x
18:457  0:000   :: BinPatch :: [OS: 13.1 | MatchOS: 10.14.x | MatchBuild: All]
18:461  0:003   check MatchOS 10.14.x
18:465  0:003   ==> not allowed
18:468  0:003  Will not patch boot.efi
18:472  0:003  Using latest BiosVersion from config instead of default 'IM191.88Z.F000.B00.2302212211'
18:476  0:003  BiosVersion: IM192.88Z.F000.B00.1902181222
18:479  0:003  BiosReleaseDate: 02/21/2023
18:483  0:003  EfiVersion: 1968.100.16.0.1
18:487  0:003  SMBIOS reloaded with model iMac19,2
18:490  0:003  Set FakeCPUID: 0x0
18:494  0:003  Bridge AppleAHCIPort patch to OC : External icons patch
18:498  0:003  === [ PatchSmbios ] =============================
18:501  0:003  UpdateSmbiosString : BiosVersion=EfiVersion=1968.100.16.0.1
18:508  0:006  UpdateSmbiosString : ReleaseDate=02/21/2023
18:511  0:003  void PatchTableType1(const SmbiosInjectedSettings&) : UpdateSmbiosString ProductName=iMac19,2
18:515  0:003  void PatchTableType2(const SmbiosInjectedSettings&) : UpdateSmbiosString ProductName=BoardNumber=Mac-63001698E7A34814
18:519  0:003  void PatchTableType2(const SmbiosInjectedSettings&) : UpdateSmbiosString Version=BoardVersion=iMac19,2
18:523  0:003  insert table 9 for dev 0:0
18:526  0:003  insert table 9 for dev 0:1
18:530  0:003  insert table 9 for dev 1F:6
18:534  0:003  Table 11 present, but rewritten for us
18:538  0:004  Do not inject memory table
18:542  0:003  Channels: 1
18:545  0:003  Interleave: 0 1 2 3
18:570  0:024  !trusted SMBIOS data, Table index 0:!trustSMBIOS 
18:581  0:010  SPD data in use:
18:584  0:003    gRAM.SPD[0]->ModuleSize = 8192
18:588  0:003    gRAM.SPD[0]->Type = 26
18:591  0:003    gRAM.SPD[0]->Frequency = 2132
18:595  0:003    gRAM.SPD[0]->Vendor = Corsair
18:598  0:003    gRAM.SPD[0]->SerialNo = 00000000
18:602  0:003    gRAM.SPD[0]->PartNo = CMK16GX4M2K4266C19
18:606  0:003    SMBIOS Type 17 Index = 0 => SMBIOSIndex=0 SPDIndex=0:
18:609  0:003  BANK 0 DIMM0 3200MHz 8192MB(Ext:0MB)
18:613  0:003  !trusted SMBIOS data, Table index 1:!trustSMBIOS 
18:624  0:011  SPD data in use:
18:628  0:003    gRAM.SPD[1]->ModuleSize = 8192
18:632  0:003    gRAM.SPD[1]->Type = 26
18:635  0:003    gRAM.SPD[1]->Frequency = 2132
18:639  0:003    gRAM.SPD[1]->Vendor = Corsair
18:642  0:003    gRAM.SPD[1]->SerialNo = 00000000
18:646  0:003    gRAM.SPD[1]->PartNo = CMK16GX4M2K4266C19
18:650  0:003    SMBIOS Type 17 Index = 1 => SMBIOSIndex=1 SPDIndex=1:
18:653  0:003  BANK 0 DIMM1 3200MHz 8192MB(Ext:0MB)
18:657  0:003  !trusted SMBIOS data, Table index 2:!trustSMBIOS !gRAM.SMBIOS.doesSlotForIndexExist(SMBIOSIndex) 
18:671  0:014    SMBIOS Type 17 Index = 2 => SMBIOSIndex=2 SPDIndex=2:
18:678  0:006  BANK 0 DIMM2 EMPTY
18:682  0:003  !trusted SMBIOS data, Table index 3:!trustSMBIOS !gRAM.SMBIOS.doesSlotForIndexExist(SMBIOSIndex) 
18:696  0:014    SMBIOS Type 17 Index = 3 => SMBIOSIndex=3 SPDIndex=3:
18:700  0:003  BANK 0 DIMM3 EMPTY
18:703  0:003  mTotalSystemMemory = 16384
18:707  0:003  NumberOfMemoryDevices = 4
18:711  0:003  Type20[0]->End = 0x7FFFFF, Type17[0] = 2000
18:714  0:003  Type20[1]->End = 0xFFFFFF, Type17[1] = 6000
18:718  0:003  Table 131 is present, CPUType=35
18:722  0:003  Change to: 1005
18:725  0:003  === [ PatchACPI ] ===============================
18:729  0:003  OCABC: AllocPages 1 0x7A345000 (1) - Success
18:733  0:003  Xsdt reallocation done
18:737  0:003  OCABC: AllocPages 1 0x7A344000 (1) - Success
18:740  0:003  old FADT length=114
18:744  0:003   SignatureFixup: 0xF668B16E -> 0x0
18:748  0:003  OCABC: AllocPages 1 0x7A2F5000 (79) - Success
18:752  0:003  Apply DsdtFixMask=0x00000000
18:755  0:003  === [ FixBiosDsdt ] =============================
18:760  0:005  PreCleanup XSDT: count=24, length=228
18:764  0:003  PreCleanup XSDT, corrected XSDT: count=24, length=228
18:768  0:003  === [ ACPIDropTables ] ==========================
18:771  0:003  OCABC: AllocPages 1 0x7A2F3000 (2) - Success
18:775  0:003  OCABC: AllocPages 1 0x7A2F3000 (2) - Success
18:779  0:003  OCABC: AllocPages 1 0x7A2F3000 (2) - Success
18:782  0:003  OCABC: AllocPages 1 0x7A2F3000 (2) - Success
18:786  0:003  OCABC: AllocPages 1 0x7A2F3000 (2) - Success
18:790  0:003  OCABC: AllocPages 1 0x7A2F3000 (2) - Success
18:793  0:003  OCABC: AllocPages 1 0x7A2F0000 (3) - Success
18:797  0:003  Found OperationRegion(PNVS, SystemMemory, 7ADF3000, ...)
18:801  0:003  OCABC: AllocPages 1 0x7A2EB000 (5) - Success
18:804  0:003  Found OperationRegion(SANV, SystemMemory, 7A3D2118, ...)
18:808  0:003  OCABC: AllocPages 1 0x7A2E7000 (4) - Success
18:812  0:003  OCABC: AllocPages 1 0x7A2E5000 (2) - Success
18:815  0:003  OCABC: AllocPages 1 0x7A2E5000 (2) - Success
18:819  0:003  OCABC: AllocPages 1 0x7A166000 (4) - Success
18:823  0:003  OCABC: AllocPages 1 0x7A2E3000 (2) - Success
18:826  0:003  OCABC: AllocPages 1 0x7A2E3000 (2) - Success
18:830  0:003  OCABC: AllocPages 1 0x7A162000 (4) - Success
18:834  0:003  OCABC: AllocPages 1 0x7A2E3000 (2) - Success
18:837  0:003  OCABC: AllocPages 1 0x7A160000 (2) - Success
18:841  0:003  OCABC: AllocPages 1 0x7A160000 (2) - Success
18:845  0:003  OCABC: AllocPages 1 0x7A15F000 (3) - Success
18:849  0:003  OCABC: AllocPages 1 0x7A15D000 (2) - Success
18:852  0:003  Found OperationRegion(ADHD, SystemMemory, 78CD0000, ...)
18:856  0:003  Found OperationRegion(ABLK, SystemMemory, 78CD0020, ...)
18:860  0:003  OCABC: AllocPages 1 0x7A14D000 (16) - Success
18:864  0:003  OCABC: AllocPages 1 0x7A15B000 (2) - Success
18:868  0:003  OCABC: AllocPages 1 0x7A15B000 (2) - Success
18:872  0:003  ApicCPUNum=1
18:875  0:003  Cleanup XSDT: count=24, length=228
18:879  0:003  corrected XSDT count=24, length=228
18:883  0:003  === [ RestSetup macOS ] =========================
18:887  0:003  ATI injection not set
18:890  0:003  Intel UHD Graphics 630 [8086:3E98] :: PciRoot(0x0)\Pci(0x2,0x0)
18:894  0:003    Intel: no default properties
18:898  0:003  Intel GFX revision  = 0x0
18:902  0:003   RCBA disabled; cannot use it
18:907  0:005   setting specified layout-id=1 (0x1)
18:911  0:003  stringlength = 960
18:914  0:003  OCABC: AllocPages 1 0x7A15C000 (1) - Success
18:918  0:003  CurrentMode: Width=1366 Height=768
18:922  0:003  SetNvramVariable (system-id, 4D1EDE05-38C7-4A6A-9CC6-4BCCA8B38C14, 0x2, 16): -> writing new (Success)
18:930  0:007  SetNvramVariable (MLB, 4D1EDE05-38C7-4A6A-9CC6-4BCCA8B38C14, 0x6, 17): -> writing new (Success)
18:938  0:008  SetNvramVariable (ROM, 4D1EDE05-38C7-4A6A-9CC6-4BCCA8B38C14, 0x6, 6): -> writing new (Success)
18:946  0:008  SetNvramVariable (FirmwareFeatures, 4D1EDE05-38C7-4A6A-9CC6-4BCCA8B38C14, 0x6, 4): -> writing new (Success)
18:954  0:007  SetNvramVariable (FirmwareFeaturesMask, 4D1EDE05-38C7-4A6A-9CC6-4BCCA8B38C14, 0x6, 4): -> writing new (Success)
18:962  0:008  SetNvramVariable (ExtendedFirmwareFeatures, 4D1EDE05-38C7-4A6A-9CC6-4BCCA8B38C14, 0x6, 8): -> writing new (Success)
18:970  0:008  SetNvramVariable (ExtendedFirmwareFeaturesMask, 4D1EDE05-38C7-4A6A-9CC6-4BCCA8B38C14, 0x6, 8): -> writing new (Success)
18:979  0:008  AddNvramVariable (HW_BID, 4D1EDE05-38C7-4A6A-9CC6-4BCCA8B38C14, 0x6, 20): -> writing new (Success)
18:987  0:008  AddNvramVariable (security-mode, 7C436110-AB2A-4BBB-A880-FE41995C9F82, 0x7, 5): -> already exists, abort
18:995  0:008  DeleteNvramVariable (DefaultBackgroundColor, 4D1EDE05-38C7-4A6A-9CC6-4BCCA8B38C14):
19:000  0:004  DeleteNvramVariable (UIScale, 4D1EDE05-38C7-4A6A-9CC6-4BCCA8B38C14):
19:004  0:004  DeleteNvramVariable (EFILoginHiDPI, 7C436110-AB2A-4BBB-A880-FE41995C9F82):
19:008  0:003  SetNvramVariable (flagstate, 7C436110-AB2A-4BBB-A880-FE41995C9F82, 0x7, 32): exists(0x7, 32), equal -> not writing again.
19:019  0:011  SetNvramVariable (csr-active-config, 7C436110-AB2A-4BBB-A880-FE41995C9F82, 0x7, 4): exists(0x7, 4), equal -> not writing again.
19:031  0:012  DeleteNvramVariable (BridgeOSHardwareModel, 4D1EDE05-38C7-4A6A-9CC6-4BCCA8B38C14):
19:036  0:004  DeleteNvramVariable (bootercfg, 7C436110-AB2A-4BBB-A880-FE41995C9F82):
19:040  0:004  DeleteNvramVariable (nvda_drv, 7C436110-AB2A-4BBB-A880-FE41995C9F82):
19:045  0:004  DeleteNvramVariable (recovery-boot-mode, 7C436110-AB2A-4BBB-A880-FE41995C9F82):
19:049  0:004  DeleteNvramVariable (install-product-url, 7C436110-AB2A-4BBB-A880-FE41995C9F82):
19:053  0:004  DeleteNvramVariable (previous-system-uuid, 7C436110-AB2A-4BBB-A880-FE41995C9F82):
19:057  0:003  AddNvramVariable (wake-failure, 7C436110-AB2A-4BBB-A880-FE41995C9F82, 0x7, 5): -> already exists, abort
19:065  0:008  DeleteNvramVariable (opencore-version, 7C436110-AB2A-4BBB-A880-FE41995C9F82):
19:070  0:004  DeleteNvramVariable (ApBoardID, 94B73556-2197-4702-82A8-3E1337DAFBFB):
19:074  0:004  DeleteNvramVariable (ApSecurityDomain, 94B73556-2197-4702-82A8-3E1337DAFBFB):
19:079  0:004  DeleteNvramVariable (ApProductionStatus, 94B73556-2197-4702-82A8-3E1337DAFBFB):
19:083  0:004  DeleteNvramVariable (ApSecurityMode, 94B73556-2197-4702-82A8-3E1337DAFBFB):
19:087  0:004  DeleteNvramVariable (EffectiveProductionStatus, 94B73556-2197-4702-82A8-3E1337DAFBFB):
19:091  0:004  DeleteNvramVariable (EffectiveSecurityMode, 94B73556-2197-4702-82A8-3E1337DAFBFB):
19:096  0:004  DeleteNvramVariable (CertificateEpoch, 94B73556-2197-4702-82A8-3E1337DAFBFB):
19:100  0:004  DeleteNvramVariable (MixNMatchPreventionStatus, 94B73556-2197-4702-82A8-3E1337DAFBFB):
19:104  0:004  DeleteNvramVariable (CryptoDigestMethod, 94B73556-2197-4702-82A8-3E1337DAFBFB):
19:109  0:004  DeleteNvramVariable (InternalUseOnlyUnit, 94B73556-2197-4702-82A8-3E1337DAFBFB):
19:113  0:004  DeleteNvramVariable (ApECID, 94B73556-2197-4702-82A8-3E1337DAFBFB):
19:118  0:004  DeleteNvramVariable (HardwareModel, 94B73556-2197-4702-82A8-3E1337DAFBFB):
19:121  0:003  Use origin smbios table type 1 guid.
19:143  0:022  DeleteNvramVariable (efi-boot-device, 7C436110-AB2A-4BBB-A880-FE41995C9F82):
19:148  0:004  DeleteNvramVariable (efi-boot-device-data, 7C436110-AB2A-4BBB-A880-FE41995C9F82):
19:152  0:004  DeleteNvramVariable (BootCampHD, 7C436110-AB2A-4BBB-A880-FE41995C9F82):
19:156  0:003  Custom boot is disabled
19:161  0:005  DeleteNvramVariable (IOHibernateRTCVariables, 7C436110-AB2A-4BBB-A880-FE41995C9F82):
19:166  0:004  DeleteNvramVariable (boot-image, 7C436110-AB2A-4BBB-A880-FE41995C9F82):
19:170  0:003  Kernel quirks
19:173  0:003  ACPCL 1 AXCL 1 AXEM 0 AXFB 0 CSG 0 DIM 0 DLJ 0 DRC 1 DPM 0 EBTFF 0 EDI 0 FAI 0 IPBS 0 LKP 0 PNKD 0 PTKP 0 TPD 0 XPL 0 PCC 0
19:177  0:003  Closing log
19:181  0:003  OCABC: AllocPages 2 0x91000 (14) - Success
19:184  0:003  OCABC: AllocPages 2 0x6F7C8000 (14) - Success
19:188  0:004  OC: Supported boot capabilities 4
19:192  0:003  OCABC: AllocPages 2 0x77A2D000 (1) - Success
19:196  0:003  OCABC: AllocPages 2 0x77A2C000 (1) - Success
19:200  0:003  OCABC: AllocPages 2 0x7782C000 (512) - Success
19:204  0:004  OCOS: OS set: <null> macOS 11.0
19:208  0:003  OCOS: OS set: Apple Inc. macOS 11.0
19:212  0:003  OCOS: Should use black background
19:216  0:003  OCABC: AllocPages 1 0x6D352000 (1) - Success
19:235  0:019  OC: Opening file System\Library\Kernels\kernel with 1 mode gave - Success
19:240  0:004  OC: Opening file \macOS Install Data\Locked Files\Boot Files\com.apple.Boot.plist with 1 mode gave - Success
19:243  0:003  OC: Opening file \macOS Install Data\Locked Files\Boot Files\PlatformSupport.plist with 1 mode gave - Success
19:247  0:003  OCABC: AllocPages 2 0x7F00000 (121199) - Success
19:255  0:008  OC: Opening file \macOS Install Data\Locked Files\Boot Files\boot.efi with 1 mode gave - Success
19:263  0:008  OC: Opening file \macOS Install Data\Locked Files\Boot Files\BootKernelExtensions.kc with 1 mode gave - Success
19:267  0:003  OC: Load and reserve Kext Other\FakeSMC.kext
19:272  0:004  OC: Load and reserve Kext Other\IntelCPUMonitor.kext
19:276  0:004  OC: Load and reserve Kext Other\RadeonMonitor.kext
19:280  0:004  OC: Kext reservation size info 504000 exe 3B000
19:284  0:003  OC: Trying 64-bit XNU hook on \macOS Install Data\Locked Files\Boot Files\BootKernelExtensions.kc
19:288  0:003  OCAK: Found 64-bit Mach-O compressed 0 offset 0 size 0
19:292  0:003  OCAK: Determined kernel size is 68222976 bytes
19:327  0:035  OC: Result of 64-bit XNU hook on \macOS Install Data\Locked Files\Boot Files\BootKernelExtensions.kc (00000000) is Success
19:373  0:046  OCAK: Read kernel version 22.2.0 (220200)
19:377  0:003  OCAK: 64-bit patcher base 0xFFFFFF8000200000 kmod 0x0 file 0x0
19:381  0:004  OCAK: Zeroing _xcpm_core_scope_msrs 0xE2 applicable CPUs (76)
19:385  0:003  OCAK: Zeroing _xcpm_core_scope_msrs 0xE2 applicable CPUs (406416)
19:389  0:003  OCAK: Zeroing _xcpm_core_scope_msrs 0xE2 applicable CPUs (16384)
19:393  0:004  Replace B9E20000000F30 by B9E20000009090 at ofs:30B
19:455  0:061  Replace B9E20000000F30 by B9E20000009090 at ofs:395
19:525  0:070  OCAK: 64-bit XcpmCfgLockRel replace count - 2
19:528  0:003  OCAK: [OK] Success XcpmCfgLock patch
19:560  0:031  OCAK: org.netkas.FakeSMC got KXLD 0 0
19:563  0:003  OCAK: Requesting __LINKEDIT for org.netkas.FakeSMC - 6CE13398 at 4111000
19:567  0:003  OCAK: Requesting SymbolTable for org.netkas.FakeSMC - 601
19:571  0:003  OCAK: Requesting __LINKEDIT for __kernel__ - 68D0D5F8 at 0
19:574  0:003  OCAK: Requesting SymbolTable for __kernel__ - 22209
19:600  0:025  OCAK: Patching invalid size 2000 with 1880000 for com.apple.iokit.IOACPIFamily
19:603  0:003  OCAK: com.apple.iokit.IOACPIFamily got KXLD 0 0
19:607  0:003  OCAK: Requesting __LINKEDIT for com.apple.iokit.IOACPIFamily - 6B593518 at 2891000
19:611  0:003  OCAK: Requesting SymbolTable for com.apple.iokit.IOACPIFamily - 545
19:622  0:011  OCAK: Local relocs 1148 on FFFFFF8004211000
19:626  0:004  OC: Prelinked injection Other\FakeSMC.kext () - Success
19:630  0:003  OCAK: org.slice.IntelCPUMonitor got KXLD 0 0
19:633  0:003  OCAK: Requesting __LINKEDIT for org.slice.IntelCPUMonitor - 6CE2B3E8 at 4129000
19:637  0:003  OCAK: Requesting SymbolTable for org.slice.IntelCPUMonitor - 363
19:641  0:003  OCAK: Requesting SymbolTable for org.netkas.FakeSMC - 191
19:649  0:008  OCAK: Local relocs 306 on FFFFFF8004229000
19:653  0:004  OC: Prelinked injection Other\IntelCPUMonitor.kext () - Success
19:657  0:003  OCAK: org.slice.RadeonMonitor got KXLD 0 0
19:661  0:003  OCAK: Requesting __LINKEDIT for org.slice.RadeonMonitor - 6CE3D398 at 413B000
19:664  0:003  OCAK: Requesting SymbolTable for org.slice.RadeonMonitor - 372
19:670  0:005  OCAK: Patching invalid size 30000 with 1411000 for com.apple.iokit.IOPCIFamily
19:673  0:003  OCAK: com.apple.iokit.IOPCIFamily got KXLD 0 0
19:677  0:003  OCAK: Requesting __LINKEDIT for com.apple.iokit.IOPCIFamily - 6BA02518 at 2D00000
19:681  0:003  OCAK: Requesting SymbolTable for com.apple.iokit.IOPCIFamily - 1500
19:692  0:011  OCAK: Local relocs 369 on FFFFFF800423B000
19:696  0:003  OC: Prelinked injection Other\RadeonMonitor.kext () - Success
19:700  0:003  OC: Prelink size 68468736 kext offset 68227072 reserved 241664
19:704  0:003  OCAK: KC TEXT is 65536 bytes with 61680 Mach-O headers need 400
19:719  0:015  OCAK: Failed to pk find com.apple.driver.AppleIntelCPUPowerManagement - Not Found
19:723  0:003  OCAK: [OK] Skipping PatchAppleCpuPmCfgLock on NULL Patcher on kernel version 220200
19:728  0:004  OCAK: Patching invalid size 5FF4 with 27E4000 for com.apple.driver.AppleRTC
19:731  0:003  OCAK: com.apple.driver.AppleRTC got KXLD 0 0
19:735  0:003  Replace BE58000000/FFFEFFFFFF(BE58000000) by BEFFFF0000 at ofs:1AAB
19:833  0:097  Replace BE58000000/FFFEFFFFFF(BE59000000) by BEFFFF0000 at ofs:1ABB
19:928  0:095  Replace BE58000000/FFFEFFFFFF(BE58000000) by BEFFFF0000 at ofs:1D9B
20:026  0:097  Replace BE58000000/FFFEFFFFFF(BE59000000) by BEFFFF0000 at ofs:1DAC
20:119  0:093  OCAK: 64-bit DisableRtcChecksum64 replace count - 4
20:123  0:003  OCAK: [OK] Patch success com.apple.driver.AppleRTC DisableRtcChecksum
20:127  0:003  OC: Prelinked patch [0] External icons patch
20:133  0:005  OCAK: Failed to pk find AppleAHCIPort - Not Found
20:136  0:003  OC: Prelinked patcher result 0 for AppleAHCIPort (External icons patch) - Not Found
20:152  0:015  OC: Prelinked status - Success
20:169  0:017  OC: Opening file usr\standalone\OS.dmg.root_hash with 1 mode gave - Not Found
20:173  0:003  OCABC: AllocPages 0 0x7255C000 (1) - Success
20:177  0:003  OCABC: AllocPages 0 0x7255B000 (1) - Success
20:183  0:006  FixOwnership() -> begin
20:187  0:003  PCI Io found 18
20:190  0:003  USB XHCI reset for device A36D
20:193  0:003  ExtendCap=00008000
20:197  0:003    Value=02000802
20:200  0:003    Value=03011402
20:203  0:003    Value=005CFFC0
20:207  0:003    Value=00002201
