0:100  0:100  MemLog inited, TSC freq: 3600484200
0:100  0:000  CPU was calibrated with RTC
0:100  0:000  CloverX64 : Image base = 0x6D397000
0:100  0:000  Clover ImageHandle = 76208c98
0:101  0:001  SelfDirPath = \EFI\CLOVER
0:103  0:001  === [ Starting Clover ] =========================
0:103  0:000  Now is 25.11.2024,  22:15:28 (GMT)
0:103  0:000  Starting Clover revision: 5160 (master, commit 7b08a616e) on American Megatrends EFI
0:103  0:000  Build id: 20240909210805-7b08a61-dirty
0:103  0:000  Build with: [Args: -D NO_GRUB_DRIVERS_EMBEDDED -D LESS_DEBUG -t GCC131 | --cmd-len=50000 -D NO_GRUB_DRIVERS_EMBEDDED -D LESS_DEBUG --conf=/Users/sergey/src/CloverBootloader/Conf -D USE_LOW_EBDA -a X64 -b RELEASE -t GCC131 -n 5 | OS: 15]
0:103  0:000  === [ Get Smbios ] ==============================
0:103  0:000  Type 16 Index = 0
0:103  0:000  Total Memory Slots Count = 4
0:103  0:000  Type 17 Index = 0
0:103  0:000  SmbiosTable.Type17->SlotIndex = 0
0:103  0:000  SmbiosTable.Type17->ModuleSize = 8192MB
0:103  0:000  SmbiosTable.Type17->Type = 0
0:103  0:000  SmbiosTable.Type17->Frequency = 3200MHz
0:103  0:000  SmbiosTable.Type17->Bank/Device = BANK 0 ChannelA-DIMM1
0:103  0:000  SmbiosTable.Type17->Vendor = Corsair
0:103  0:000  SmbiosTable.Type17->SerialNo = 00000000
0:103  0:000  SmbiosTable.Type17->PartNo = CMK16GX4M2K4266C19
0:103  0:000  Type 17 Index = 1
0:103  0:000  SmbiosTable.Type17->SlotIndex = 1
0:103  0:000  SmbiosTable.Type17->ModuleSize = 8192MB
0:103  0:000  SmbiosTable.Type17->Type = 0
0:103  0:000  SmbiosTable.Type17->Frequency = 3200MHz
0:103  0:000  SmbiosTable.Type17->Bank/Device = BANK 1 ChannelA-DIMM2
0:103  0:000  SmbiosTable.Type17->Vendor = Corsair
0:103  0:000  SmbiosTable.Type17->SerialNo = 00000000
0:103  0:000  SmbiosTable.Type17->PartNo = CMK16GX4M2K4266C19
0:103  0:000  Type 17 Index = 2
0:103  0:000  Ignoring insane frequency value 0MHz
0:103  0:000  Type 17 Index = 3
0:103  0:000  Ignoring insane frequency value 0MHz
0:103  0:000  Boot status=0
0:103  0:000  Running on: 'System Product Name' with board 'PRIME Z390-A'
0:103  0:000  === [ GetCPUProperties ] ========================
0:103  0:000  CPU Vendor = 756E6547 Model=906EC
0:103  0:000   The CPU supported SSE4.1
0:103  0:000   The CPU supported RDRAND
0:103  0:000  BrandString = Intel(R) Core(TM) i7-9700K CPU @ 3.60GHz
0:103  0:000   The CPU supported turbo
0:103  0:000   Energy PerfBias is  visible:
0:103  0:000  MSR 0x35               80008
0:103  0:000   TSC/CCC Information Leaf:
0:103  0:000    numerator     : 300
0:103  0:000    denominator   : 2
0:103  0:000   Calibrated ARTFrequency: 24003228
0:103  0:000   Rounded ARTFrequency: 24000000
0:103  0:000  MSR 0xE2 before patch 1E000000
0:103  0:000  MSR 0xCE              08080838_F1012400
0:103  0:000  corrected FLEX_RATIO = E0000
0:103  0:000  MSR 0x1B0             00000000
0:103  0:000  FSBFrequency = 108 MHz, DMI FSBFrequency = 100 MHz, Corrected FSBFrequency = 100 MHz
0:103  0:000  MaxDiv/MinDiv: 36.0/8
0:103  0:000  Turbo: 47/49/49/49
0:103  0:000  Features: 0x77FAFBFFBFEBFBFF
0:103  0:000  Threads: 8
0:103  0:000  Cores: 8
0:103  0:000  FSB: 100 MHz
0:103  0:000  CPU: 3861 MHz
0:103  0:000  TSC: 3861 MHz
0:103  0:000  PIS: 100 MHz
0:103  0:000  ExternalClock: 25 MHz
0:103  0:000  === [ GetDevices ] ==============================
0:103  0:000  GOP found at: PciRoot(0x0)/Pci(0x1,0x0)/Pci(0x0,0x0)/AcpiAdr(0x80010302)
0:103  0:000  PCI (00|00:00.00) : 8086 3E30 class=060000
0:103  0:000  PCI (00|00:01.00) : 8086 1901 class=060400
0:103  0:000  PCI (00|01:00.00) : 1002 67DF class=030000
0:103  0:000   - GFX: Model=AMD Radeon RX 480/570/580 (ATI/AMD)
0:104  0:000   - GOP: Provided by device
0:104  0:000  PCI (00|01:00.01) : 1002 AAF0 class=040300
0:104  0:000   - HDMI Audio: 
0:104  0:000  PCI (00|00:02.00) : 8086 3E98 class=038000
0:104  0:000   - GFX: Model=Intel UHD Graphics 630 (Intel)
0:104  0:000  PCI (00|00:14.00) : 8086 A36D class=0C0330
0:104  0:000  PCI (00|00:14.02) : 8086 A36F class=050000
0:104  0:000  PCI (00|00:16.00) : 8086 A360 class=078000
0:104  0:000  PCI (00|00:17.00) : 8086 A352 class=010601
0:104  0:000  PCI (00|00:1B.00) : 8086 A340 class=060400
0:104  0:000  PCI (00|00:1C.00) : 8086 A338 class=060400
0:104  0:000  PCI (00|00:1D.00) : 8086 A330 class=060400
0:104  0:000  PCI (00|04:00.00) : 144D A808 class=010802
0:104  0:000  PCI (00|00:1F.00) : 8086 A305 class=060100
0:104  0:000  PCI (00|00:1F.03) : 8086 A348 class=040300
0:104  0:000  PCI (00|00:1F.04) : 8086 A323 class=0C0500
0:104  0:000  PCI (00|00:1F.05) : 8086 A324 class=0C8000
0:104  0:000  PCI (00|00:1F.06) : 8086 15BC class=020000
0:104  0:000   - LAN: 1 Vendor=Intel
0:104  0:000  Legacy MAC address of LAN #0= 40:B0:76:DE:9E:93:
0:104  0:000  _checkOEMPath Look for oem dir at path '\EFI\CLOVER\OEM\System Product Name--40-B0-76-DE-9E-93'. Dir doesn't exist.
0:104  0:000  _checkOEMPath Look for oem dir at path '\EFI\CLOVER\OEM\PRIME Z390-A\UEFI'. Dir doesn't exist.
0:104  0:000  _checkOEMPath Look for oem dir at path '\EFI\CLOVER\OEM\System Product Name'. Dir doesn't exist.
0:104  0:000  _checkOEMPath Look for oem dir at path '\EFI\CLOVER\OEM\System Product Name-3861'. Dir doesn't exist.
0:104  0:000  _checkOEMPath Look for oem dir at path '\EFI\CLOVER\OEM\PRIME Z390-A'. Dir doesn't exist.
0:105  0:000  _checkOEMPath Look for oem dir at path '\EFI\CLOVER\OEM\PRIME Z390-A-3861'. Dir doesn't exist.
0:105  0:000  === [ GetUserSettings ] =========================
0:105  0:000  GetDefaultModel()=iMac18,3
0:105  0:000  === [ LoadUserSettings ] ========================
0:105  0:000  Using config.plist at path: \EFI\CLOVER
0:106  0:000  There is a problem in plist '\EFI\CLOVER\config.plist'
0:106  0:000  Warning: EfiVersion '1037.100.345.0.0' is older than default ('1968.100.16.0.1') -> ignored. Dict '/SMBIOS:296'.
0:106  0:000  Use CloverConfigPlistValidator or look in the log
3:106  2:999  === [ LoadUserSettings ] ========================
3:106  0:000  Cannot find smbios.plist at path '\EFI\CLOVER' : Not Found
3:106  0:000  '\EFI\CLOVER\smbios.plist' not loaded. Efi error Not Found
3:106  0:000  create SMBIOS list, found 27 dicts
3:106  0:000  ... ACPI
3:106  0:000  ... Boot
3:106  0:000  ... BootGraphics
3:106  0:000  ... Devices
3:106  0:000  ... DisableDrivers
3:106  0:000  ... GUI
3:106  0:000  ... Graphics
3:106  0:000  ... KernelAndKextPatches
3:106  0:000  ... SMBIOS
3:106  0:000  ... SystemParameters
3:106  0:000  ... RtVariables
3:106  0:000  ... Quirks
3:106  0:000  get model from config.plist
3:106  0:000  Using latest BiosVersion from config instead of default 'IM191.88Z.F000.B00.2302212211'
3:118  0:011  Using latest BiosReleaseDate from config instead of default '02/21/2023'
3:122  0:004  BiosVersion: IM191.88Z.F000.B00.2308061817
3:127  0:004  BiosReleaseDate: 08/06/2023
3:131  0:004  EfiVersion: 1968.100.16.0.1
3:136  0:004  Calibrated TSC Frequency = 3600484200 = 3600MHz
3:140  0:004  === [ GetListOfThemes ] =========================
3:144  0:004  - [00]: random
3:153  0:009  - [00]: embedded
3:162  0:008  === [ Found config plists ] =====================
3:166  0:004  - config.plist
3:171  0:004  === [ LoadDrivers ] =============================
3:176  0:004  Loading NvmExpressDxe.efi status=Success
3:191  0:015   - driver needs connecting
3:195  0:004  Loading EnglishDxe.efi status=Success
3:211  0:015  Loading AppleKeyFeeder.efi status=Success
3:226  0:015  Loading VBoxHfs.efi status=Success
3:241  0:015   - driver needs connecting
3:246  0:004  Loading HashServiceFix.efi status=Success
3:261  0:015  Loading PartitionDxe.efi status=Success
3:277  0:015   - driver needs connecting
3:281  0:004  Loading ApfsDriverLoader.efi status=Success
3:297  0:015   - driver needs connecting
3:302  0:004  4 drivers needs connecting ...
3:302  0:000  PlatformDriverOverrideProtocol not found. Installing ... Success
3:302  0:000  Partition driver loaded: 
3:303  0:000  HFS+ driver loaded
3:303  0:000  APFS driver loaded
3:303  0:000  Searching for invalid DiskIo BY_DRIVER connects: not found, all ok
3:529  0:225  === [ InitScreen ] ==============================
3:534  0:004  Console modes reported: 4, available modes:
3:538  0:004   - [01]: 80x25 (current mode)
3:543  0:004   - [03]: 100x31
3:547  0:004   - [04]: 170x40
3:551  0:004  SetScreenResolution: 1920x1080 - not found!
3:560  0:008  SetMaxResolution: found best mode 0: 1366x768
3:569  0:008   - already set
3:574  0:005  Using embedded font
3:579  0:004  === [ ScanSPD ] =================================
3:583  0:004  SMBus device : 8086 A323 class=0C0500 status=Success
3:588  0:004  SMBus CmdReg: 0x3
3:592  0:004  Scanning SMBus [8086:A323], mmio: 0x12116004, ioport: 0xEFA0, hostc: 0x11
3:596  0:004  Slots to scan [8]...
3:601  0:004  SPD[0]: Got invalid type 0 @0x50. Will set page and retry.
3:606  0:005  SPD[0]: Type 12 @0x50
3:628  0:022  XMP Profile1: 4*125 -31 ns
3:632  0:004  Found module with XMP version 2.0
3:637  0:004  Using XMP Profile1 instead of standard frequency 2132MHz
3:643  0:006  DDR speed 4264MHz
3:650  0:006  Slot: 0 Type 26 8192MB 4264MHz Vendor=Corsair PartNo=CMK16GX4M2K4266C19 SerialNo=00000000
3:655  0:004  SPD[1]: Type 12 @0x51
3:677  0:022  XMP Profile1: 4*125 -31 ns
3:682  0:004  Found module with XMP version 2.0
3:686  0:004  Using XMP Profile1 instead of standard frequency 2132MHz
3:690  0:004  DDR speed 4264MHz
3:694  0:004  Slot: 1 Type 26 8192MB 4264MHz Vendor=Corsair PartNo=CMK16GX4M2K4266C19 SerialNo=00000000
3:701  0:006  === [ GetAcpiTablesList ] =======================
3:706  0:004  Get Acpi Tables List from RSDT: count=25
3:715  0:008   - [00]: FACP  A M I  len=132
3:719  0:004   - [01]: APIC  A M I  len=188
3:724  0:004   - [02]: FPDT  A M I  len=68
3:728  0:004   - [03]: FIDT  A M I len=156
3:732  0:004   - [04]: MCFG  A M I  len=60
3:736  0:004   - [05]: WSMT  A M I  len=40
3:741  0:004   - [06]: SSDT  SataTabl len=888
3:745  0:004   - [07]: SSDT  CpuSsdt len=6101
3:749  0:004   - [08]: SSDT  SaSsdt  len=12443
3:753  0:004   - [09]: SSDT  PegSsdt len=9048
3:758  0:004   - [10]: HPET  A M I  len=56
3:762  0:004   - [11]: SSDT  Ther_Rvp len=3998
3:766  0:004   - [12]: SSDT  xh_cfsd4 len=10579
3:771  0:004   - [13]: UEFI  A M I  len=72
3:775  0:004   - [14]: LPIT  A M I  len=92
3:779  0:004   - [15]: SSDT  PtidDevc len=10206
3:783  0:004   - [16]: SSDT  TbtTypeC len=4094
3:788  0:004   - [17]: DBGP  A M I  len=52
3:792  0:004   - [18]: DBG2  A M I  len=84
3:796  0:004   - [19]: SSDT  UsbCTabl len=6449
3:801  0:004   - [20]: SSDT  ADebTabl len=324
3:805  0:004   - [21]: VFCT  A M I  len=59524
3:810  0:004   - [22]: BGRT  A M I  len=56
3:814  0:004   - [23]: WPBT  A M I len=60
3:818  0:004   - [24]: TPM2  A M I  len=52
3:823  0:004   - [00]: Drop table : MATS,                0 :  no
3:831  0:008   - [01]: Drop table : DMAR,                0 :  no
3:840  0:008  Custom boot CUSTOM_BOOT_DISABLED (0x0)
3:844  0:004  Default theme: embedded
3:848  0:004  Set FakeCPUID: 0x0
3:853  0:005  === [ Found DSDT tables ] =======================
3:861  0:007  === [ InitKextList ] ============================
3:869  0:007  Added Kext=Other\USBMap.kext (1.0)
3:874  0:005  Added Kext=Other\WhateverGreen.kext (1.6.1)
3:879  0:005  Added Kext=Other\NVMeFix.kext (1.1.0)
3:893  0:013  Added Kext=Other\AppleALC.kext (1.7.5)
3:898  0:005  Added Kext=Other\IntelMausi.kext (1.0.7)
3:903  0:005  Added Kext=Other\Lilu.kext (1.6.9)
3:908  0:005  Added Kext=Other\SMCProcessor.kext (1.3.0)
3:913  0:005  Added Kext=Other\SMCSuperIO.kext (1.3.0)
3:919  0:005  Added Kext=Other\VirtualSMC.kext (1.3.0)
3:926  0:006  === [ ScanVolumes ] =============================
3:932  0:005  Found 12 volumes with blockIO
3:936  0:004  - [00]: Volume: PciRoot(0x0)\Pci(0x17,0x0)\Sata(0x0,0xFFFF,0x0)
3:945  0:008  - [01]: Volume: PciRoot(0x0)\Pci(0x17,0x0)\Sata(0x0,0xFFFF,0x0)\HD(1,GPT,38DCC513-D608-408E-9D2F-1469C8B906A0,0x28,0x64000)
3:954  0:009          Result of bootcode detection: bootable unknown (legacy)
3:959  0:005            label : EFI
3:963  0:004  - [02]: Volume: PciRoot(0x0)\Pci(0x17,0x0)\Sata(0x0,0xFFFF,0x0)\HD(2,GPT,C20AA839-E88E-4CED-8CAB-9480B290394C,0x64028,0x15D466360)
3:991  0:027            label : Dati
3:995  0:004  - [03]: Volume: PciRoot(0x0)\Pci(0x1D,0x0)\Pci(0x0,0x0)\NVMe(0x1,CA-8F-B2-81-58-38-25-00)
4:004  0:008  - [04]: Volume: PciRoot(0x0)\Pci(0x1D,0x0)\Pci(0x0,0x0)\NVMe(0x1,CA-8F-B2-81-58-38-25-00)\HD(1,GPT,6E40A227-DDED-4325-B7CE-3959620EB39E,0x28,0x64000)
4:012  0:008          Result of bootcode detection: bootable unknown (legacy)
4:018  0:005            label : EFI
4:023  0:004          This is SelfVolume !!
4:027  0:004  - [05]: Volume: PciRoot(0x0)\Pci(0x1D,0x0)\Pci(0x0,0x0)\NVMe(0x1,CA-8F-B2-81-58-38-25-00)\HD(2,GPT,9508A8C6-F9B9-4EDD-ABC7-C1C4A019C410,0x64028,0x3A321FE0)
4:035  0:008          Result of bootcode detection: bootable unknown (legacy)
4:040  0:004  - [06]: Volume: PciRoot(0x0)\Pci(0x1D,0x0)\Pci(0x0,0x0)\NVMe(0x1,CA-8F-B2-81-58-38-25-00)\HD(2,GPT,9508A8C6-F9B9-4EDD-ABC7-C1C4A019C410,0x64028,0x3A321FE0)\VenMedia(BE74FCF7-0B7C-49F3-9147-01F4042E6842,F2738F7DD5B89341BB89C99D72294438)
4:048  0:008            apfsFileSystemUUID=7D8F73F2-B8D5-4193-BB89-C99D72294438, ApfsContainerUUID=85F3C012-2D6D-4FA1-A77E-71D7470E7FA2, ApfsRole=0x10
4:053  0:004            label : Preboot
4:057  0:004  - [07]: Volume: PciRoot(0x0)\Pci(0x1D,0x0)\Pci(0x0,0x0)\NVMe(0x1,CA-8F-B2-81-58-38-25-00)\HD(2,GPT,9508A8C6-F9B9-4EDD-ABC7-C1C4A019C410,0x64028,0x3A321FE0)\VenMedia(BE74FCF7-0B7C-49F3-9147-01F4042E6842,5D6490A424B7BC4F9AC8F7A23B1C4935)
4:066  0:008            apfsFileSystemUUID=A490645D-B724-4FBC-9AC8-F7A23B1C4935, ApfsContainerUUID=85F3C012-2D6D-4FA1-A77E-71D7470E7FA2, ApfsRole=0x40
4:080  0:013            label : Macintosh HD - Dati
4:084  0:004  - [08]: Volume: PciRoot(0x0)\Pci(0x1D,0x0)\Pci(0x0,0x0)\NVMe(0x1,CA-8F-B2-81-58-38-25-00)\HD(2,GPT,9508A8C6-F9B9-4EDD-ABC7-C1C4A019C410,0x64028,0x3A321FE0)\VenMedia(BE74FCF7-0B7C-49F3-9147-01F4042E6842,B6D67091A529BA4BA6736F0E24A99093)
4:093  0:008            apfsFileSystemUUID=9170D6B6-29A5-4BBA-A673-6F0E24A99093, ApfsContainerUUID=85F3C012-2D6D-4FA1-A77E-71D7470E7FA2, ApfsRole=0x4
4:097  0:004            label : Recovery
4:101  0:004  - [09]: Volume: PciRoot(0x0)\Pci(0x1D,0x0)\Pci(0x0,0x0)\NVMe(0x1,CA-8F-B2-81-58-38-25-00)\HD(2,GPT,9508A8C6-F9B9-4EDD-ABC7-C1C4A019C410,0x64028,0x3A321FE0)\VenMedia(BE74FCF7-0B7C-49F3-9147-01F4042E6842,C30BF988C32C724BB297A45648EE79C3)
4:110  0:008            apfsFileSystemUUID=88F90BC3-2CC3-4B72-B297-A45648EE79C3, ApfsContainerUUID=85F3C012-2D6D-4FA1-A77E-71D7470E7FA2, ApfsRole=0x1
4:116  0:006            label : Macintosh HD
4:124  0:007  - [10]: Volume: PciRoot(0x0)\Pci(0x1D,0x0)\Pci(0x0,0x0)\NVMe(0x1,CA-8F-B2-81-58-38-25-00)\HD(2,GPT,9508A8C6-F9B9-4EDD-ABC7-C1C4A019C410,0x64028,0x3A321FE0)\VenMedia(BE74FCF7-0B7C-49F3-9147-01F4042E6842,982FC8B0B1F22A41B736D33F4320CF33)
4:132  0:008            apfsFileSystemUUID=B0C82F98-F2B1-412A-B736-D33F4320CF33, ApfsContainerUUID=85F3C012-2D6D-4FA1-A77E-71D7470E7FA2, ApfsRole=0xc0
4:137  0:004            label : Update
4:141  0:004  - [11]: Volume: PciRoot(0x0)\Pci(0x1D,0x0)\Pci(0x0,0x0)\NVMe(0x1,CA-8F-B2-81-58-38-25-00)\HD(2,GPT,9508A8C6-F9B9-4EDD-ABC7-C1C4A019C410,0x64028,0x3A321FE0)\VenMedia(BE74FCF7-0B7C-49F3-9147-01F4042E6842,D0BFA628AA2C7548AE15EA6E25144D32)
4:150  0:008            apfsFileSystemUUID=28A6BFD0-2CAA-4875-AE15-EA6E25144D32, ApfsContainerUUID=85F3C012-2D6D-4FA1-A77E-71D7470E7FA2, ApfsRole=0x8
4:155  0:004            label : VM
4:159  0:004  No AudioIoProtocols, status=Not Found
4:164  0:004  === [ InitXTheme ] ==============================
4:168  0:004  use Daylight theme
4:173  0:004   using embedded theme
4:186  0:013  Using embedded font
4:191  0:004  theme inited
4:195  0:004  Chosen embedded theme
4:199  0:004  found boot-args in NVRAM:keepsyms=1 alcid=11 shikigva=80, size=32
4:204  0:004  ...found arg:keepsyms=1
4:208  0:004  ...adding arg:keepsyms=1
4:212  0:004  ...found arg:alcid=11
4:217  0:004  ...adding arg:alcid=11
4:221  0:004  ...found arg:shikigva=80
4:225  0:004  ...adding arg:shikigva=80
4:230  0:004  after NVRAM boot-args=-v agdpmod=pikera keepsyms=1 alcid=11 shikigva=80 
4:234  0:004  Scanning legacy ...
4:239  0:004  === [ Dump SMC keys from NVRAM ] ================
4:243  0:004  found AppleSMC protocol
4:255  0:012     fakesmc-key-RVBF-ch8*:02 46 0F 00 00 12 
4:296  0:041     fakesmc-key-#KEY-ui32:00 00 00 11 
4:323  0:026     fakesmc-key-$Adr-ui32:00 00 03 00 
4:350  0:027     fakesmc-key-$Num-ui8:01 
4:364  0:014     fakesmc-key-RMde-char:41 
4:379  0:014     fakesmc-key-RBr -ch8*:6A 31 33 38 5F 39 00 00 
4:424  0:044     fakesmc-key-EPCI-ui32:09 D0 F0 00 
4:451  0:027     fakesmc-key-REV -ch8*:02 46 0F 00 00 12 
4:487  0:035     fakesmc-key-RPlt-ch8*:6A 31 33 38 00 00 00 00 
4:531  0:044     fakesmc-key-BEMB-flag:00 
4:545  0:014     fakesmc-key-BATP-flag:00 
4:560  0:014     fakesmc-key-BNum-ui8:00 
4:574  0:014     fakesmc-key-MSTc-ui8:00 
4:588  0:014     fakesmc-key-MSAc-ui16:00 00 
4:607  0:018     fakesmc-key-MSWr-ui8:00 
4:621  0:014     fakesmc-key-MSFW-ui8:01 00 
4:640  0:018     fakesmc-key-MSPS-ui16:00 03 
4:664  0:024  Registered 17 SMC keys
4:673  0:008  === [ ScanLoader ] ==============================
4:677  0:004  - [01]: 'EFI'
4:704  0:026  - [02]: 'Dati'
4:740  0:036  - [04]: 'EFI'
4:752  0:011        AddLoaderEntry for Volume Name=EFI, idx=0
4:757  0:004        OSVersion= 
4:761  0:004        IconName=unknown comma=-1 size=7
4:765  0:004        Full=unknown
4:770  0:004        Loader entry created for 'PciRoot(0x0)\Pci(0x1D,0x0)\Pci(0x0,0x0)\NVMe(0x1,CA-8F-B2-81-58-38-25-00)\HD(1,GPT,6E40A227-DDED-4325-B7CE-3959620EB39E,0x28,0x64000)\EFI\BOOT\BOOTX64.efi'
4:774  0:004       hiding entry: \EFI\BOOT\BOOTX64.efi
4:778  0:004        Menu entry added at index 0
4:782  0:004       hiding entry because DiskKind is DISK_KIND_INTERNAL: \EFI\BOOT\BOOTX64.efi
4:787  0:004  - [06]: 'Preboot'
4:795  0:008      ApfsContainerUUID=85F3C012-2D6D-4FA1-A77E-71D7470E7FA2
4:799  0:004      ApfsFileSystemUUID=7D8F73F2-B8D5-4193-BB89-C99D72294438
4:804  0:004      APFSTargetUUID=A490645D-B724-4FBC-9AC8-F7A23B1C4935
4:809  0:004        contentDetails name:Macintosh HD
4:813  0:004        AddLoaderEntry for Volume Name=Preboot, idx=1
4:818  0:004        OSVersion=14.4 
4:822  0:004        Check if volume Is Hibernated:
4:826  0:004        Check sleep image 'by signature':
4:831  0:004        using default sleep image name = \private\var\vm\sleepimage
4:835  0:004        cannot open sleepimage -> Not Found
4:839  0:004        hibernated: no - sign
4:843  0:004        IconName=sonoma,mac comma=6 size=10
4:848  0:004        first=os_sonoma
4:852  0:004        Second=os_mac
4:856  0:004        IconName=unknown comma=-1 size=7
4:861  0:004        Full=unknown
4:865  0:004        Loader entry created for 'PciRoot(0x0)\Pci(0x1D,0x0)\Pci(0x0,0x0)\NVMe(0x1,CA-8F-B2-81-58-38-25-00)\HD(2,GPT,9508A8C6-F9B9-4EDD-ABC7-C1C4A019C410,0x64028,0x3A321FE0)\VenMedia(BE74FCF7-0B7C-49F3-9147-01F4042E6842,F2738F7DD5B89341BB89C99D72294438)\A490645D-B724-4FBC-9AC8-F7A23B1C4935\System\Library\CoreServices\boot.efi'
4:870  0:005        Menu entry added at index 1
4:874  0:004  - [07]: 'Macintosh HD - Dati'
4:883  0:008      ApfsContainerUUID=85F3C012-2D6D-4FA1-A77E-71D7470E7FA2
4:887  0:004      ApfsFileSystemUUID=A490645D-B724-4FBC-9AC8-F7A23B1C4935
4:891  0:004  - [08]: 'Recovery'
4:900  0:008      ApfsContainerUUID=85F3C012-2D6D-4FA1-A77E-71D7470E7FA2
4:904  0:004      ApfsFileSystemUUID=9170D6B6-29A5-4BBA-A673-6F0E24A99093
4:908  0:004      APFSTargetUUID=A490645D-B724-4FBC-9AC8-F7A23B1C4935
4:913  0:004        contentDetails name:Macintosh HD
4:918  0:004        AddLoaderEntry for Volume Name=Recovery, idx=2
4:925  0:007        OSVersion=14.4 
4:929  0:004        IconName=sonoma,mac comma=6 size=10
4:934  0:004        first=os_sonoma
4:938  0:004        Second=os_mac
4:942  0:004        IconName=unknown comma=-1 size=7
4:947  0:004        Full=unknown
4:951  0:004        Loader entry created for 'PciRoot(0x0)\Pci(0x1D,0x0)\Pci(0x0,0x0)\NVMe(0x1,CA-8F-B2-81-58-38-25-00)\HD(2,GPT,9508A8C6-F9B9-4EDD-ABC7-C1C4A019C410,0x64028,0x3A321FE0)\VenMedia(BE74FCF7-0B7C-49F3-9147-01F4042E6842,B6D67091A529BA4BA6736F0E24A99093)\A490645D-B724-4FBC-9AC8-F7A23B1C4935\BaseSystem.dmg'
4:956  0:005        Menu entry added at index 2
4:960  0:004  - [09]: 'Macintosh HD'
4:969  0:008      ApfsContainerUUID=85F3C012-2D6D-4FA1-A77E-71D7470E7FA2
4:976  0:007      ApfsFileSystemUUID=88F90BC3-2CC3-4B72-B297-A45648EE79C3
4:988  0:011  - [10]: 'Update'
4:997  0:008      ApfsContainerUUID=85F3C012-2D6D-4FA1-A77E-71D7470E7FA2
5:001  0:004      ApfsFileSystemUUID=B0C82F98-F2B1-412A-B736-D33F4320CF33
5:006  0:004  - [11]: 'VM'
5:014  0:008      ApfsContainerUUID=85F3C012-2D6D-4FA1-A77E-71D7470E7FA2
5:018  0:004      ApfsFileSystemUUID=28A6BFD0-2CAA-4875-AE15-EA6E25144D32
5:023  0:004  Entries list before ordering
5:027  0:004      Entry 0 : Boot UEFI internal from EFI (hidden)
5:031  0:004      Entry 1 : Boot Mac OS from Macintosh HD via Preboot
5:035  0:004      Entry 2 : Boot Mac OS Recovery for Macintosh HD via Recovery
5:040  0:004  Entries list after ordering
5:044  0:004    Entry 0 : Boot UEFI internal from EFI (hidden)
5:048  0:004    Entry 1 : Boot Mac OS from Macintosh HD via Preboot
5:053  0:004    Entry 2 : Boot Mac OS Recovery for Macintosh HD via Recovery
5:057  0:004  === [ AddCustomTool ] ===========================
5:062  0:004  found tool \EFI\CLOVER\tools\Shell64U.efi
5:066  0:004  Checking EFI partition Volume 1 for Clover
5:072  0:005   Found Clover
5:077  0:004  === [ GetEfiBootDeviceFromNvram ] ===============
5:081  0:004   - [!] efi-boot-device-data not found
5:086  0:004  Default boot entry not found
5:090  0:004  BannerPlace at Clear Screen [619,68]
5:108  0:018  GUI ready
9:117  4:009  Boot option 0 has other volume name Macintosh HDboot.efi
9:122  0:004  === [ StartLoader ] =============================
9:126  0:004  Starting PciRoot(0x0)\Pci(0x1D,0x0)\Pci(0x0,0x0)\NVMe(0x1,CA-8F-B2-81-58-38-25-00)\HD(2,GPT,9508A8C6-F9B9-4EDD-ABC7-C1C4A019C410,0x64028,0x3A321FE0)\VenMedia(BE74FCF7-0B7C-49F3-9147-01F4042E6842,F2738F7DD5B89341BB89C99D72294438)\A490645D-B724-4FBC-9AC8-F7A23B1C4935\System\Library\CoreServices\boot.efi
9:131  0:004  Finally: ExternalClock=26MHz BusSpeed=100014kHz CPUFreq=3600MHz PIS: hw.busfrequency=104000000Hz
9:139  0:008  Beginning OC
9:144  0:004  OCST: Missing vault data, ignoring...
9:148  0:004  AddKextsInArray from Other
9:152  0:004  ->Extra kext: Other\USBMap.kext (v.1.0)
9:157  0:004  ->Extra kext: Other\WhateverGreen.kext (v.1.6.1)
9:161  0:004  ->Extra kext: Other\NVMeFix.kext (v.1.1.0)
9:166  0:004  ->Extra kext: Other\AppleALC.kext (v.1.7.5)
9:170  0:004  ->Extra kext: Other\IntelMausi.kext (v.1.0.7)
9:177  0:006  ->Extra kext: Other\Lilu.kext (v.1.6.9)
9:181  0:004  ->Extra kext: Other\SMCProcessor.kext (v.1.3.0)
9:186  0:004  ->Extra kext: Other\SMCSuperIO.kext (v.1.3.0)
9:190  0:004  ->Extra kext: Other\VirtualSMC.kext (v.1.3.0)
9:194  0:004  AddKextsInArray from Off
9:198  0:004  AddKextsInArray from 14
9:203  0:004  AddKextsInArray from 14_normal
9:207  0:004  AddKextsInArray from 14.4
9:212  0:004  AddKextsInArray from 14.4_normal
9:216  0:004  AddKextsInArray from 14.4.0
9:220  0:004  AddKextsInArray from 14.4.0_normal
9:225  0:004  Bridge kext to OC : Path=Other\Lilu.kext
9:230  0:005  Bridge kext to OC : Path=Other\VirtualSMC.kext
9:237  0:006  Bridge kext to OC : Path=Other\WhateverGreen.kext
9:242  0:005  Bridge kext to OC : Path=Other\AppleALC.kext
9:263  0:020  Bridge kext to OC : Path=Other\SMCProcessor.kext
9:268  0:005  Bridge kext to OC : Path=Other\SMCSuperIO.kext
9:274  0:005  Bridge kext to OC : Path=Other\USBMap.kext
9:279  0:005  Bridge kext to OC : Path=Other\NVMeFix.kext
9:284  0:005  Bridge kext to OC : Path=Other\IntelMausi.kext
9:292  0:008  Start 'OpenRuntime.efi' : Status Success
9:297  0:004  OC: config config.plist
9:301  0:004  OC: Got 0 drivers
9:305  0:004  OC: OpenCore DBG-102-2024-09-12 is loading in Optional mode (0/0)...
9:310  0:004  OC: StorageHandle 0 with  LauncherOption pointing to 
9:315  0:005  OcOSInfoInstallProtocol
9:319  0:004  OCRTC: OcAppleRtcRamInstallProtocol
9:324  0:004  OCRTC: Wake log is 0x00 0x00   0 0x00
9:328  0:004  OcAppleFbInfoInstallProtocol
9:332  0:004  OcAppleEg2InfoInstallProtocol
9:337  0:004  OCEG: Discovered rotate NVRAM override to 0
9:341  0:004  OC: Loading Apple Secure Boot with Disabled (level 0)
9:346  0:005  OCABC: ALRBL 0 RTDFRG 1 DEVMMIO 1 NOSU 0 NOVRWR 0 NOSB 0 FBSIG 0 NOHBMAP 0 SMSLIDE 1 WRUNPROT 1
9:354  0:007  OCABC: FEXITBS 0 PRMRG 0 CSLIDE 1 MSLIDE 0 PRSRV 1 RBMAP 1 VMAP 1 APPLOS 0 RTPERMS 1 ARBAR -1 RBIO 0
9:358  0:004  OCABC: Got rendezvous with OpenRuntime r12
9:362  0:004  OCABC: MAT support is 1
9:367  0:004  OC: RequestBootVarRouting 0
9:372  0:005  OCDM: Found 0x20046/0x2003C UEFI version (376 bytes, 0 rebuilding to 376) gST 7AB3B018 gBS 6D82E3A0 gBS->CreateEventEx 6D81C904 &gBS 6D5062C0
9:376  0:004  OC: Setting GPU BARs to 0
9:381  0:004  OCDM: RBAR using PciIo
9:385  0:004  OCDM: Setting RBAR to 0 inc 1 on 3/18
9:389  0:004  OCDM: Capability I/O error - Unsupported
9:394  0:004  OCDM: RBAR is unsupported by device - Device Error
9:398  0:004  OCDM: Setting RBAR to 0 inc 1 on 5/18
9:403  0:004  OCDM: Capability I/O error - Unsupported
9:407  0:004  OCDM: RBAR is unsupported by device - Device Error
9:412  0:005  OC: Got 0 drivers
9:416  0:004  OCC: Installing GOP (Unsupported) on ConsoleOutHandle...
9:421  0:004  OC: Requested resolution is 1920x1080@0 (max: 0, force: 0) from 1920x1080
9:425  0:004  OCC: Using builtin text renderer with 1 scale
9:430  0:004  OCC: Install console control (6D4F13D0/6D815D88/0), current - Success
9:434  0:004  OCC: Setup ASCII Output - Success
9:438  0:004  OC: Requested console mode is 0x0 (max: 0) from 
9:442  0:004  OC: Invalid HibernateMode: 
9:447  0:004  OC: Translated HibernateMode  to 0
9:451  0:004  OC: Hibernation activation - Invalid Parameter, hibernation wake - no
9:456  0:004  OC: Panic log does not exist
9:460  0:004  OCABC: IsEfiBootRt 0 (BP 1, Apple 0)
9:465  0:005  OCB: Arch filtering 72B11018(723512)->72B11018(723512) caps 0 - Success
9:476  0:010  ImageHandle = 7300db18
9:484  0:008  GetOSVersion: 14.4 (s)
9:493  0:008  Will not patch boot.efi
9:497  0:004  Using latest BiosVersion from config instead of default 'IM191.88Z.F000.B00.2302212211'
9:502  0:004  Using latest BiosReleaseDate from config instead of default '02/21/2023'
9:506  0:004  BiosVersion: IM191.88Z.F000.B00.2308061817
9:510  0:004  BiosReleaseDate: 08/06/2023
9:514  0:004  EfiVersion: 1968.100.16.0.1
9:519  0:004  SMBIOS reloaded with model iMac19,1
9:523  0:004  Set FakeCPUID: 0x0
9:527  0:004  === [ PatchSmbios ] =============================
9:531  0:004  UpdateSmbiosString : BiosVersion=EfiVersion=1968.100.16.0.1
9:536  0:004  UpdateSmbiosString : ReleaseDate=08/06/2023
9:540  0:004  void PatchTableType1(const SmbiosInjectedSettings&) : UpdateSmbiosString ProductName=iMac19,1
9:547  0:006  void PatchTableType2(const SmbiosInjectedSettings&) : UpdateSmbiosString ProductName=BoardNumber=Mac-AA95B1DDAB278B95
9:551  0:004  void PatchTableType2(const SmbiosInjectedSettings&) : UpdateSmbiosString Version=BoardVersion=iMac19,1
9:556  0:004  insert table 9 for dev 0:0
9:560  0:004  insert table 9 for dev 0:1
9:564  0:004  insert table 9 for dev 1F:6
9:569  0:004  Table 11 present, but rewritten for us
9:574  0:005  Do not inject memory table
9:578  0:004  Trusting SMBIOS...
9:583  0:004  Channels: 1
9:587  0:004  Interleave: 0 1 2 3
9:612  0:025  trusted SMBIOS data, table index 0:
9:617  0:004    gRAM.SMBIOS[0]->ModuleSize = 8192
9:621  0:004    gRAM.SMBIOS[0]->Type = 0
9:625  0:004    gRAM.SMBIOS[0]->Frequency = 3200
9:629  0:004    gRAM.SMBIOS[0]->Vendor = Corsair
9:634  0:004    gRAM.SMBIOS[0]->PartNo = CMK16GX4M2K4266C19
9:638  0:004    gRAM.SMBIOS[0]->SerialNo = 00000000
9:642  0:004  SPD data in use:
9:646  0:004    gRAM.SPD[0]->ModuleSize = 8192
9:651  0:004    gRAM.SPD[0]->Type = 26
9:655  0:004    gRAM.SPD[0]->Frequency = 4264
9:659  0:004    gRAM.SPD[0]->Vendor = Corsair
9:664  0:004    gRAM.SPD[0]->SerialNo = 00000000
9:668  0:004    gRAM.SPD[0]->PartNo = CMK16GX4M2K4266C19
9:672  0:004    SMBIOS Type 17 Index = 0 => SMBIOSIndex=0 SPDIndex=0:
9:676  0:004  BANK 0 DIMM0 4264MHz 8192MB(Ext:0MB)
9:681  0:004  trusted SMBIOS data, table index 1:
9:685  0:004    gRAM.SMBIOS[1]->ModuleSize = 8192
9:689  0:004    gRAM.SMBIOS[1]->Type = 0
9:693  0:004    gRAM.SMBIOS[1]->Frequency = 3200
9:698  0:004    gRAM.SMBIOS[1]->Vendor = Corsair
9:703  0:005    gRAM.SMBIOS[1]->PartNo = CMK16GX4M2K4266C19
9:708  0:004    gRAM.SMBIOS[1]->SerialNo = 00000000
9:712  0:004  SPD data in use:
9:716  0:004    gRAM.SPD[1]->ModuleSize = 8192
9:720  0:004    gRAM.SPD[1]->Type = 26
9:725  0:004    gRAM.SPD[1]->Frequency = 4264
9:729  0:004    gRAM.SPD[1]->Vendor = Corsair
9:733  0:004    gRAM.SPD[1]->SerialNo = 00000000
9:738  0:004    gRAM.SPD[1]->PartNo = CMK16GX4M2K4266C19
9:742  0:004    SMBIOS Type 17 Index = 1 => SMBIOSIndex=1 SPDIndex=1:
9:747  0:004  BANK 0 DIMM1 4264MHz 8192MB(Ext:0MB)
9:751  0:004  !trusted SMBIOS data, Table index 2:!gRAM.SMBIOS.doesSlotForIndexExist(SMBIOSIndex) 
9:764  0:012    SMBIOS Type 17 Index = 2 => SMBIOSIndex=2 SPDIndex=2:
9:768  0:004  BANK 0 DIMM2 EMPTY
9:772  0:004  !trusted SMBIOS data, Table index 3:!gRAM.SMBIOS.doesSlotForIndexExist(SMBIOSIndex) 
9:785  0:012    SMBIOS Type 17 Index = 3 => SMBIOSIndex=3 SPDIndex=3:
9:789  0:004  BANK 0 DIMM3 EMPTY
9:794  0:004  mTotalSystemMemory = 16384
9:801  0:007  NumberOfMemoryDevices = 4
9:808  0:007  Type20[0]->End = 0x7FFFFF, Type17[0] = 2000
9:813  0:004  Type20[1]->End = 0xFFFFFF, Type17[1] = 6000
9:817  0:004  Table 131 is present, CPUType=35
9:821  0:004  Change to: 1005
9:825  0:004  === [ PatchACPI ] ===============================
9:830  0:004  OCABC: AllocPages 1 0x7A308000 (1) - Success
9:834  0:004  Xsdt reallocation done
9:838  0:004  OCABC: AllocPages 1 0x7A307000 (1) - Success
9:843  0:004  old FADT length=114
9:847  0:004   SignatureFixup: 0x7173A1F4 -> 0x0
9:852  0:004  Found OperationRegion(GNVS, SystemMemory, 7A345000, ...)
9:856  0:004  Found OperationRegion(RAMW, SystemMemory, 7A349018, ...)
9:861  0:004  Found OperationRegion(RAMX, SystemMemory, 7A2A5018, ...)
9:865  0:004  Found OperationRegion(PNVA, SystemMemory, 7A3D1B98, ...)
9:870  0:004  Found OperationRegion(THBA, SystemMemory, FE200000, ...)
9:875  0:004  Found OperationRegion(BNVS, SystemMemory, 7A35A000, ...)
9:879  0:004  Found OperationRegion(SMBD, SystemMemory, E00FC004, ...)
9:884  0:004  Found OperationRegion(TMMB, SystemMemory, FED40000, ...)
9:888  0:004  Found OperationRegion(CRBD, SystemMemory, FED40000, ...)
9:892  0:004  Found OperationRegion(TPMR, SystemMemory, FED40040, ...)
9:897  0:004  Found OperationRegion(ATNV, SystemMemory, 7A3D1F98, ...)
9:901  0:004  Found OperationRegion(WPBR, SystemMemory, 7A333000, ...)
9:906  0:005  OCABC: AllocPages 1 0x7A2B8000 (79) - Success
9:911  0:004  Apply DsdtFixMask=0x10408000
9:915  0:004  === [ FixBiosDsdt ] =============================
9:920  0:004  Patching DSDT:
9:924  0:004   - [change EC0 to EC]: pattern 4543305F, patched at: [ (F96F) ]
9:946  0:021   - [change HECI to IMEI]: pattern 48454349, patched at: [ (18CAE) ]
9:969  0:023  NewName HDAS already present, renaming impossible
9:974  0:004   deleting device CRT_
9:983  0:008   deleting device DVI_
9:991  0:008   deleting device SPKR
10:000  0:008   deleting device ECP_
10:008  0:008   deleting device LPT_
10:017  0:008   deleting device FDC0
10:026  0:008   deleting device ECP1
10:034  0:008   deleting device LPT1
10:043  0:008   deleting device FDC_
10:051  0:008    indirect name=RAMB
10:056  0:004    indirect name=RAMA
10:060  0:004    indirect name=PNVB
10:064  0:004  OperationRegion (THBA...) corrected from 0x0 to addr=0xFE200000
10:069  0:004    indirect name=TPMM
10:074  0:004    indirect name=FTPM
10:078  0:004    indirect name=PPIM
10:083  0:004  PreCleanup XSDT: count=25, length=236
10:087  0:004  PreCleanup XSDT, corrected XSDT: count=25, length=236
10:092  0:004  === [ ACPIPatchedAML ] ==========================
10:096  0:004  AutoMerge pass 1
10:100  0:004  Unsorted
10:105  0:004  Inserting SSDT-AWAC.aml from \EFI\CLOVER\ACPI\patched: ignore on pass 1
10:114  0:008  Inserting SSDT-EC-USBX.aml from \EFI\CLOVER\ACPI\patched: ignore on pass 1
10:123  0:008  Inserting SSDT-PLUG.aml from \EFI\CLOVER\ACPI\patched: ignore on pass 1
10:131  0:008  Inserting SSDT-PMC.aml from \EFI\CLOVER\ACPI\patched: ignore on pass 1
10:143  0:011  Inserting SSDT-UIAC.aml from \EFI\CLOVER\ACPI\patched: ignore on pass 1
10:154  0:011  === [ ACPIDropTables ] ==========================
10:158  0:004  OCABC: AllocPages 1 0x7A2B6000 (2) - Success
10:163  0:004  OCABC: AllocPages 1 0x7A2B6000 (2) - Success
10:167  0:004  OCABC: AllocPages 1 0x7A2B6000 (2) - Success
10:171  0:004  OCABC: AllocPages 1 0x7A2B6000 (2) - Success
10:176  0:004  OCABC: AllocPages 1 0x7A2B6000 (2) - Success
10:180  0:004  OCABC: AllocPages 1 0x7A2B6000 (2) - Success
10:184  0:004  Patching SSDTs: 2 patches each
10:189  0:004   pattern 4543305F, bin not found / already patched!
10:198  0:008   pattern 48454349, bin not found / already patched!
10:206  0:008  OCABC: AllocPages 1 0x7A2B3000 (3) - Success
10:210  0:004  Patching SSDTs: 2 patches each
10:215  0:004   pattern 4543305F, bin not found / already patched!
10:224  0:008   pattern 48454349, bin not found / already patched!
10:232  0:008  Found OperationRegion(PNVS, SystemMemory, 7ADF2000, ...)
10:237  0:004  OCABC: AllocPages 1 0x7A2AE000 (5) - Success
10:241  0:004  Patching SSDTs: 2 patches each
10:246  0:004   pattern 4543305F, bin not found / already patched!
10:254  0:008   pattern 48454349, bin not found / already patched!
10:263  0:008  Found OperationRegion(SANV, SystemMemory, 7A3D1118, ...)
10:267  0:004  OCABC: AllocPages 1 0x7A2AA000 (4) - Success
10:271  0:004  Patching SSDTs: 2 patches each
10:276  0:004   pattern 4543305F, bin not found / already patched!
10:285  0:008   pattern 48454349, bin not found / already patched!
10:293  0:008  OCABC: AllocPages 1 0x7A2A8000 (2) - Success
10:298  0:004  OCABC: AllocPages 1 0x7A2A8000 (2) - Success
10:302  0:004  Patching SSDTs: 2 patches each
10:306  0:004   pattern 4543305F, bin not found / already patched!
10:315  0:008   pattern 48454349, bin not found / already patched!
10:324  0:008  OCABC: AllocPages 1 0x7A129000 (4) - Success
10:328  0:004  Patching SSDTs: 2 patches each
10:332  0:004   pattern 4543305F, bin not found / already patched!
10:341  0:008   pattern 48454349, bin not found / already patched!
10:350  0:008  OCABC: AllocPages 1 0x7A2A6000 (2) - Success
10:354  0:004  OCABC: AllocPages 1 0x7A2A6000 (2) - Success
10:359  0:004  OCABC: AllocPages 1 0x7A125000 (4) - Success
10:363  0:004  Patching SSDTs: 2 patches each
10:367  0:004   pattern 4543305F, bin not found / already patched!
10:376  0:008   pattern 48454349, bin not found / already patched!
10:385  0:008  OCABC: AllocPages 1 0x7A2A6000 (2) - Success
10:389  0:004  Patching SSDTs: 2 patches each
10:396  0:006   pattern 4543305F, bin not found / already patched!
10:405  0:008   pattern 48454349, bin not found / already patched!
10:413  0:008  OCABC: AllocPages 1 0x7A123000 (2) - Success
10:417  0:004  OCABC: AllocPages 1 0x7A123000 (2) - Success
10:421  0:004  OCABC: AllocPages 1 0x7A122000 (3) - Success
10:426  0:004  Patching SSDTs: 2 patches each
10:430  0:004   pattern 4543305F, bin not found / already patched!
10:438  0:008   pattern 48454349, bin not found / already patched!
10:447  0:008  OCABC: AllocPages 1 0x7A120000 (2) - Success
10:451  0:004  Patching SSDTs: 2 patches each
10:456  0:004   pattern 4543305F, bin not found / already patched!
10:464  0:008   pattern 48454349, bin not found / already patched!
10:473  0:008  Found OperationRegion(ADHD, SystemMemory, 78C93000, ...)
10:477  0:004  Found OperationRegion(ABLK, SystemMemory, 78C93020, ...)
10:482  0:004  OCABC: AllocPages 1 0x7A110000 (16) - Success
10:486  0:004  OCABC: AllocPages 1 0x7A11E000 (2) - Success
10:490  0:004  OCABC: AllocPages 1 0x7A11E000 (2) - Success
10:495  0:004  OCABC: AllocPages 1 0x7A11E000 (2) - Success
10:499  0:004  === [ ACPIPatchedAML ] ==========================
10:503  0:004  AutoMerge pass 2
10:508  0:004  Unsorted
10:512  0:004  Inserting SSDT-AWAC.aml from \EFI\CLOVER\ACPI\patched: size=73 OCABC: AllocPages 1 0x7A11F000 (1) - Success
... Success
10:529  0:017  Inserting SSDT-EC-USBX.aml from \EFI\CLOVER\ACPI\patched: size=7341 OCABC: AllocPages 1 0x7A11D000 (2) - Success
... Success
10:547  0:017  Inserting SSDT-PLUG.aml from \EFI\CLOVER\ACPI\patched: size=693 OCABC: AllocPages 1 0x7A11C000 (1) - Success
... Success
10:565  0:017  Inserting SSDT-PMC.aml from \EFI\CLOVER\ACPI\patched: size=414 OCABC: AllocPages 1 0x7A11B000 (1) - Success
... Success
10:582  0:017  Inserting SSDT-UIAC.aml from \EFI\CLOVER\ACPI\patched: size=693 OCABC: AllocPages 1 0x7A11A000 (1) - Success
... Success
10:603  0:020  ApicCPUNum=1
10:610  0:007  Maximum control=0x24
10:615  0:004  Turbo control=0x31
10:619  0:004  P-States: min 0x8, max 0x31
10:623  0:004  SSDT with plugin-type without P-States is generated
10:627  0:004  OCABC: AllocPages 1 0x7A119000 (1) - Success
10:632  0:004  Cleanup XSDT: count=31, length=284
10:636  0:004  corrected XSDT count=31, length=284
10:640  0:004  === [ RestSetup macOS ] =========================
10:644  0:004  ATI injection not set
10:649  0:004  Intel GFX injection not set
10:653  0:004   RCBA disabled; cannot use it
10:658  0:004   setting specified layout-id=1 (0x1)
10:662  0:004  stringlength = 458
10:667  0:004  OCABC: AllocPages 1 0x7A118000 (1) - Success
10:671  0:004  CurrentMode: Width=1366 Height=768
10:676  0:004  SetNvramVariable (system-id, 4D1EDE05-38C7-4A6A-9CC6-4BCCA8B38C14, 0x2, 16): -> writing new (Success)
10:685  0:009  SetNvramVariable (MLB, 4D1EDE05-38C7-4A6A-9CC6-4BCCA8B38C14, 0x6, 17): -> writing new (Success)
10:695  0:009  SetNvramVariable (ROM, 4D1EDE05-38C7-4A6A-9CC6-4BCCA8B38C14, 0x6, 6): -> writing new (Success)
10:707  0:012  SetNvramVariable (FirmwareFeatures, 4D1EDE05-38C7-4A6A-9CC6-4BCCA8B38C14, 0x6, 4): -> writing new (Success)
10:717  0:009  SetNvramVariable (FirmwareFeaturesMask, 4D1EDE05-38C7-4A6A-9CC6-4BCCA8B38C14, 0x6, 4): -> writing new (Success)
10:727  0:009  SetNvramVariable (ExtendedFirmwareFeatures, 4D1EDE05-38C7-4A6A-9CC6-4BCCA8B38C14, 0x6, 8): -> writing new (Success)
10:736  0:009  SetNvramVariable (ExtendedFirmwareFeaturesMask, 4D1EDE05-38C7-4A6A-9CC6-4BCCA8B38C14, 0x6, 8): -> writing new (Success)
10:746  0:009  AddNvramVariable (HW_BID, 4D1EDE05-38C7-4A6A-9CC6-4BCCA8B38C14, 0x6, 20): -> writing new (Success)
10:755  0:009  AddNvramVariable (security-mode, 7C436110-AB2A-4BBB-A880-FE41995C9F82, 0x7, 5): -> already exists, abort
10:764  0:008  set DefaultBackgroundColor=0xfbfbfb
10:769  0:004  SetNvramVariable (DefaultBackgroundColor, 4D1EDE05-38C7-4A6A-9CC6-4BCCA8B38C14, 0x7, 4): -> writing new (Success)
10:782  0:013  SetNvramVariable (ActualDensity, 7C436110-AB2A-4BBB-A880-FE41995C9F82, 0x7, 2): exists(0x7, 2), equal -> not writing again.
10:795  0:013  SetNvramVariable (DensityThreshold, 7C436110-AB2A-4BBB-A880-FE41995C9F82, 0x7, 2): exists(0x7, 2), equal -> not writing again.
10:808  0:013  SetNvramVariable (gfx-saved-config-restore-status, 4D1EDE05-38C7-4A6A-9CC6-4BCCA8B38C14, 0x7, 8): exists(0x7, 8), equal -> not writing again.
10:823  0:014  DeleteNvramVariable (UIScale, 4D1EDE05-38C7-4A6A-9CC6-4BCCA8B38C14):
10:828  0:005  DeleteNvramVariable (EFILoginHiDPI, 7C436110-AB2A-4BBB-A880-FE41995C9F82):
10:832  0:004  SetNvramVariable (flagstate, 7C436110-AB2A-4BBB-A880-FE41995C9F82, 0x7, 32): exists(0x7, 32), equal -> not writing again.
10:846  0:013  SetNvramVariable (csr-active-config, 7C436110-AB2A-4BBB-A880-FE41995C9F82, 0x7, 4): exists(0x7, 4), equal -> not writing again.
10:860  0:014  DeleteNvramVariable (BridgeOSHardwareModel, 4D1EDE05-38C7-4A6A-9CC6-4BCCA8B38C14):
10:865  0:005  DeleteNvramVariable (bootercfg, 7C436110-AB2A-4BBB-A880-FE41995C9F82):
10:870  0:005  DeleteNvramVariable (nvda_drv, 7C436110-AB2A-4BBB-A880-FE41995C9F82):
10:875  0:005  DeleteNvramVariable (recovery-boot-mode, 7C436110-AB2A-4BBB-A880-FE41995C9F82):
10:880  0:004  AddNvramVariable (wake-failure, 7C436110-AB2A-4BBB-A880-FE41995C9F82, 0x7, 5): -> already exists, abort
10:890  0:009  DeleteNvramVariable (opencore-version, 7C436110-AB2A-4BBB-A880-FE41995C9F82):
10:895  0:005  DeleteNvramVariable (ApBoardID, 94B73556-2197-4702-82A8-3E1337DAFBFB):
10:900  0:005  DeleteNvramVariable (ApSecurityDomain, 94B73556-2197-4702-82A8-3E1337DAFBFB):
10:905  0:005  DeleteNvramVariable (ApProductionStatus, 94B73556-2197-4702-82A8-3E1337DAFBFB):
10:910  0:005  DeleteNvramVariable (ApSecurityMode, 94B73556-2197-4702-82A8-3E1337DAFBFB):
10:915  0:005  DeleteNvramVariable (EffectiveProductionStatus, 94B73556-2197-4702-82A8-3E1337DAFBFB):
10:920  0:005  DeleteNvramVariable (EffectiveSecurityMode, 94B73556-2197-4702-82A8-3E1337DAFBFB):
10:925  0:005  DeleteNvramVariable (CertificateEpoch, 94B73556-2197-4702-82A8-3E1337DAFBFB):
10:931  0:005  DeleteNvramVariable (MixNMatchPreventionStatus, 94B73556-2197-4702-82A8-3E1337DAFBFB):
10:939  0:007  DeleteNvramVariable (CryptoDigestMethod, 94B73556-2197-4702-82A8-3E1337DAFBFB):
10:944  0:004  DeleteNvramVariable (InternalUseOnlyUnit, 94B73556-2197-4702-82A8-3E1337DAFBFB):
10:949  0:005  DeleteNvramVariable (ApECID, 94B73556-2197-4702-82A8-3E1337DAFBFB):
10:954  0:004  DeleteNvramVariable (HardwareModel, 94B73556-2197-4702-82A8-3E1337DAFBFB):
10:958  0:004  Use origin smbios table type 1 guid.
10:981  0:022  DeleteNvramVariable (efi-boot-device, 7C436110-AB2A-4BBB-A880-FE41995C9F82):
10:986  0:005  DeleteNvramVariable (efi-boot-device-data, 7C436110-AB2A-4BBB-A880-FE41995C9F82):
10:991  0:005  DeleteNvramVariable (BootCampHD, 7C436110-AB2A-4BBB-A880-FE41995C9F82):
10:995  0:004  Custom boot screen not used because entry has unset use graphics
11:002  0:006  DeleteNvramVariable (IOHibernateRTCVariables, 7C436110-AB2A-4BBB-A880-FE41995C9F82):
11:007  0:005  DeleteNvramVariable (boot-image, 7C436110-AB2A-4BBB-A880-FE41995C9F82):
11:012  0:004  Kernel quirks
11:016  0:004  ACPCL 1 AXCL 1 AXEM 0 AXFB 0 CSG 0 DIM 0 DLJ 0 DRC 1 DPM 0 EBTFF 0 EDI 0 FAI 0 IPBS 0 LKP 0 PNKD 0 PTKP 0 TPD 0 XPL 0 PCC 0
11:021  0:004  Closing log
11:025  0:004  OCABC: AllocPages 2 0x91000 (14) - Success
11:030  0:004  OCABC: AllocPages 2 0x6F762000 (14) - Success
11:034  0:004  OCABC: Recovering trashed GetMemoryMap pointer
11:041  0:006  OCABC: Patching safe mode sur-2 at off ACF4
11:045  0:004  OCABC: AllocPages 2 0x777E6000 (512) - Success
11:050  0:004  OCABC: AllocPages 2 0x777E5000 (1) - Success
11:054  0:004  OC: Supported boot capabilities 4
11:059  0:004  OCABC: AllocPages 2 0x777E4000 (1) - Success
11:063  0:004  OCABC: MMIO devirt start
11:067  0:004  OCABC: MMIO devirt 0xE0000000 (0x10000 pages, 0x800000000000100D) skip 0
11:072  0:004  OCABC: MMIO devirt 0xFE000000 (0x11 pages, 0x8000000000000001) skip 0
11:076  0:004  OCABC: MMIO devirt 0xFEC00000 (0x1 pages, 0x800000000000100D) skip 0
11:081  0:004  OCABC: MMIO devirt 0xFED00000 (0x4 pages, 0x800000000000100D) skip 0
11:085  0:004  OCABC: MMIO devirt 0xFEE00000 (0x1 pages, 0x8000000000000001) skip 0
11:089  0:004  OCABC: MMIO devirt 0xFF000000 (0x1000 pages, 0x800000000000100D) skip 0
11:093  0:004  OCABC: MMIO devirt end, saved 278620 KB
11:098  0:004  OCABC: All slides are usable! You can disable ProvideCustomSlide!
11:104  0:005  OCOS: OS set: <null> macOS 11.0
11:108  0:004  OCOS: OS set: Apple Inc. macOS 11.0
11:113  0:004  OCOS: Should use black background
11:117  0:004  OCABC: AllocPages 1 0x6D2E4000 (1) - Success
11:133  0:015  OC: Opening file System\Library\Kernels\kernel with 1 mode gave - Not Found
11:138  0:004  OC: Opening file \A490645D-B724-4FBC-9AC8-F7A23B1C4935 with 1 mode gave - Success
11:142  0:004  OC: Opening file \A490645D-B724-4FBC-9AC8-F7A23B1C4935\System\Library\CoreServices\com.apple.Boot.plist with 1 mode gave - Not Found
11:147  0:005  OC: Opening file Library\Preferences\SystemConfiguration\com.apple.Boot.plist with 1 mode gave - Success
11:152  0:004  OC: Opening file \A490645D-B724-4FBC-9AC8-F7A23B1C4935\System\Library\CoreServices\PlatformSupport.plist with 1 mode gave - Success
11:157  0:004  OCABC: AllocPages 2 0x1AF00000 (51544) - Success
11:161  0:004  OC: Opening file System\Library\Caches\com.apple.corestorage\EncryptedRoot.plist.wipekey with 1 mode gave - Success
11:171  0:009  OC: Opening file \A490645D-B724-4FBC-9AC8-F7A23B1C4935\System\Library\CoreServices\boot.efi with 1 mode gave - Success
11:200  0:028  OC: Opening file boot\System\Library\KernelCollections\BootKernelExtensions.kc.development with 1 mode gave - Not Found
11:217  0:017  OC: Opening file boot\System\Library\KernelCollections\BootKernelExtensions.kc with 1 mode gave - Success
11:222  0:004  OC: Load and reserve Kext Other\Lilu.kext
11:227  0:005  OC: Load and reserve Kext Other\VirtualSMC.kext
11:232  0:005  OC: Load and reserve Kext Other\WhateverGreen.kext
11:238  0:005  OC: Load and reserve Kext Other\AppleALC.kext
11:247  0:008  OC: Load and reserve Kext Other\SMCProcessor.kext
11:251  0:004  OC: Load and reserve Kext Other\SMCSuperIO.kext
11:256  0:005  OC: Load and reserve Kext Other\USBMap.kext
11:261  0:004  OC: Load and reserve Kext Other\NVMeFix.kext
11:266  0:005  OC: Load and reserve Kext Other\IntelMausi.kext
11:272  0:005  OC: Kext reservation size info 569000 exe 2D2000
11:276  0:004  OC: Trying 64-bit XNU hook on boot\System\Library\KernelCollections\BootKernelExtensions.kc
11:280  0:004  OCAK: Found 64-bit Mach-O compressed 0 offset 0 size 0
11:285  0:004  OCAK: Determined kernel size is 62734336 bytes
11:319  0:034  OC: Result of 64-bit XNU hook on boot\System\Library\KernelCollections\BootKernelExtensions.kc (00000000) is Success
11:366  0:046  OCAK: Read kernel version 23.4.0 (230400)
11:370  0:004  OCAK: 64-bit patcher base 0xFFFFFF8000200000 kmod 0x0 file 0x0
11:376  0:005  OCAK: Zeroing _xcpm_core_scope_msrs 0xE2 applicable CPUs (76)
11:380  0:004  OCAK: Zeroing _xcpm_core_scope_msrs 0xE2 applicable CPUs (406416)
11:384  0:004  OCAK: Zeroing _xcpm_core_scope_msrs 0xE2 applicable CPUs (16384)
11:390  0:005  Replace B9E20000000F30 by B9E20000009090 at ofs:30E
11:467  0:076  Replace B9E20000000F30 by B9E20000009090 at ofs:39B
11:540  0:073  OCAK: 64-bit XcpmCfgLockRel replace count - 2
11:545  0:004  OCAK: [OK] Success XcpmCfgLock patch
11:587  0:042  OCAK: as.vit9696.Lilu got KXLD 0 0
11:591  0:004  OCAK: Requesting __LINKEDIT for as.vit9696.Lilu - 6CAA9438 at 3BD5000
11:596  0:004  OCAK: Requesting SymbolTable for as.vit9696.Lilu - 551
11:604  0:007  OCAK: Requesting __LINKEDIT for __kernel__ - 68EDF688 at 0
11:611  0:007  OCAK: Requesting SymbolTable for __kernel__ - 22799
11:641  0:030  OCAK: Local relocs 689 on FFFFFF8003CD5000
11:646  0:004  OC: Prelinked injection Other\Lilu.kext () - Success
11:650  0:004  OCAK: as.vit9696.VirtualSMC got KXLD 0 0
11:654  0:004  OCAK: Requesting __LINKEDIT for as.vit9696.VirtualSMC - 6CAD8438 at 3C04000
11:659  0:004  OCAK: Requesting SymbolTable for as.vit9696.VirtualSMC - 453
11:663  0:004  OCAK: Requesting SymbolTable for as.vit9696.Lilu - 159
11:669  0:005  OCAK: Patching invalid size 2000 with 19DF000 for com.apple.iokit.IOACPIFamily
11:673  0:004  OCAK: com.apple.iokit.IOACPIFamily got KXLD 0 0
11:678  0:004  OCAK: Requesting __LINKEDIT for com.apple.iokit.IOACPIFamily - 6B0CA518 at 21F6000
11:682  0:004  OCAK: Requesting SymbolTable for com.apple.iokit.IOACPIFamily - 544
11:694  0:011  OCAK: Local relocs 515 on FFFFFF8003D04000
11:698  0:004  OC: Prelinked injection Other\VirtualSMC.kext () - Success
11:705  0:006  OCAK: as.vit9696.WhateverGreen got KXLD 0 0
11:709  0:004  OCAK: Requesting __LINKEDIT for as.vit9696.WhateverGreen - 6CAF23E8 at 3C1E000
11:713  0:004  OCAK: Requesting SymbolTable for as.vit9696.WhateverGreen - 445
11:719  0:006  OCAK: Patching invalid size 32000 with 156F000 for com.apple.iokit.IOPCIFamily
11:724  0:004  OCAK: com.apple.iokit.IOPCIFamily got KXLD 0 0
11:728  0:004  OCAK: Requesting __LINKEDIT for com.apple.iokit.IOPCIFamily - 6B53A518 at 2666000
11:733  0:004  OCAK: Requesting SymbolTable for com.apple.iokit.IOPCIFamily - 1531
11:747  0:014  OCAK: Local relocs 1837 on FFFFFF8003D1E000
11:753  0:005  OC: Prelinked injection Other\WhateverGreen.kext () - Success
11:761  0:008  OCAK: as.vit9696.AppleALC got KXLD 0 0
11:765  0:004  OCAK: Requesting __LINKEDIT for as.vit9696.AppleALC - 6CB733E8 at 3C9F000
11:770  0:004  OCAK: Requesting SymbolTable for as.vit9696.AppleALC - 444
11:784  0:013  OCAK: Local relocs 5717 on FFFFFF8003D9F000
11:802  0:018  OC: Prelinked injection Other\AppleALC.kext () - Success
11:806  0:004  OCAK: as.vit9696.SMCProcessor got KXLD 0 0
11:811  0:004  OCAK: Requesting __LINKEDIT for as.vit9696.SMCProcessor - 6CD143E8 at 3E40000
11:815  0:004  OCAK: Requesting SymbolTable for as.vit9696.SMCProcessor - 355
11:819  0:004  OCAK: Requesting SymbolTable for as.vit9696.VirtualSMC - 27
11:829  0:009  OCAK: Local relocs 325 on FFFFFF8003F40000
11:833  0:004  OC: Prelinked injection Other\SMCProcessor.kext () - Success
11:838  0:004  OCAK: ru.joedm.SMCSuperIO got KXLD 0 0
11:842  0:004  OCAK: Requesting __LINKEDIT for ru.joedm.SMCSuperIO - 6CD233E8 at 3E4F000
11:846  0:004  OCAK: Requesting SymbolTable for ru.joedm.SMCSuperIO - 347
11:857  0:011  OCAK: Local relocs 2168 on FFFFFF8003F4F000
11:864  0:006  OC: Prelinked injection Other\SMCSuperIO.kext () - Success
11:868  0:004  OC: Prelinked injection Other\USBMap.kext () - Success
11:873  0:004  OCAK: org.acidanthera.NVMeFix got KXLD 0 0
11:877  0:004  OCAK: Requesting __LINKEDIT for org.acidanthera.NVMeFix - 6CD44438 at 3E70000
11:882  0:004  OCAK: Requesting SymbolTable for org.acidanthera.NVMeFix - 363
11:890  0:008  OCAK: Local relocs 624 on FFFFFF8003F70000
11:896  0:005  OC: Prelinked injection Other\NVMeFix.kext () - Success
11:900  0:004  OCAK: as.acidanthera.mieze.IntelMausi got KXLD 0 0
11:904  0:004  OCAK: Requesting __LINKEDIT for as.acidanthera.mieze.IntelMausi - 6CD51398 at 3E7D000
11:909  0:004  OCAK: Requesting SymbolTable for as.acidanthera.mieze.IntelMausi - 2124
11:915  0:005  OCAK: Patching invalid size 17FF4 with 17D1000 for com.apple.iokit.IONetworkingFamily
11:919  0:004  OCAK: com.apple.iokit.IONetworkingFamily got KXLD 0 0
11:924  0:004  OCAK: Requesting __LINKEDIT for com.apple.iokit.IONetworkingFamily - 6B2D8568 at 2404000
11:928  0:004  OCAK: Requesting SymbolTable for com.apple.iokit.IONetworkingFamily - 1698
11:944  0:015  OCAK: Local relocs 656 on FFFFFF8003F7D000
11:948  0:004  OC: Prelinked injection Other\IntelMausi.kext () - Success
11:953  0:004  OC: Prelink size 65695744 kext offset 62738432 reserved 2957312
11:957  0:004  OCAK: KC TEXT is 65536 bytes with 61800 Mach-O headers need 680
11:976  0:018  OCAK: Failed to pk find com.apple.driver.AppleIntelCPUPowerManagement - Not Found
11:980  0:004  OCAK: [OK] Skipping PatchAppleCpuPmCfgLock on NULL Patcher on kernel version 230400
11:985  0:005  OCAK: Patching invalid size 5FF4 with 2193000 for com.apple.driver.AppleRTC
11:990  0:004  OCAK: com.apple.driver.AppleRTC got KXLD 0 0
11:994  0:004  Replace BE58000000/FFFEFFFFFF(BE58000000) by BEFFFF0000 at ofs:1AED
12:110  0:115  Replace BE58000000/FFFEFFFFFF(BE59000000) by BEFFFF0000 at ofs:1AFE
12:225  0:114  Replace BE58000000/FFFEFFFFFF(BE58000000) by BEFFFF0000 at ofs:1DE3
12:336  0:111  Replace BE58000000/FFFEFFFFFF(BE59000000) by BEFFFF0000 at ofs:1DF3
12:447  0:110  OCAK: 64-bit DisableRtcChecksum64 replace count - 4
12:451  0:004  OCAK: [OK] Patch success com.apple.driver.AppleRTC DisableRtcChecksum
12:573  0:121  OC: Prelinked status - Success
12:618  0:044  OC: Opening file usr\standalone\OS.dmg.root_hash with 1 mode gave - Success
12:628  0:010  OC: Opening file usr\standalone\OS.dmg.root_hash.x86legacyap.im4m with 1 mode gave - Success
12:638  0:010  OCABC: AllocPages 0 0x73000000 (1) - Success
12:643  0:004  OCABC: AllocPages 0 0x72FFF000 (1) - Success
