0:100  0:100  MemLog inited, TSC freq: 3600489100
0:100  0:000  CPU was calibrated with RTC
0:100  0:000  CloverX64 : Image base = 0x6D404000
0:100  0:000  Clover ImageHandle = 7627f318
0:101  0:001  SelfDirPath = \EFI\CLOVER
0:103  0:001  === [ Starting Clover ] =========================
0:103  0:000  Now is 24.11.2024,  19:07:57 (GMT)
0:103  0:000  Starting Clover revision: 5160 (master, commit 7b08a616e) on American Megatrends EFI
0:103  0:000  Build id: 20240909210805-7b08a61-dirty
0:103  0:000  Build with: [Args: -D NO_GRUB_DRIVERS_EMBEDDED -D LESS_DEBUG -t GCC131 | --cmd-len=50000 -D NO_GRUB_DRIVERS_EMBEDDED -D LESS_DEBUG --conf=/Users/sergey/src/CloverBootloader/Conf -D USE_LOW_EBDA -a X64 -b RELEASE -t GCC131 -n 5 | OS: 15]
0:103  0:000  === [ Get Smbios ] ==============================
0:103  0:000  Type 16 Index = 0
0:103  0:000  Total Memory Slots Count = 4
0:103  0:000  Type 17 Index = 0
0:103  0:000  SmbiosTable.Type17->SlotIndex = 0
0:103  0:000  SmbiosTable.Type17->ModuleSize = 8192MB
0:103  0:000  SmbiosTable.Type17->Type = 0
0:103  0:000  SmbiosTable.Type17->Frequency = 3200MHz
0:103  0:000  SmbiosTable.Type17->Bank/Device = BANK 0 ChannelA-DIMM1
0:103  0:000  SmbiosTable.Type17->Vendor = Corsair
0:103  0:000  SmbiosTable.Type17->SerialNo = 00000000
0:103  0:000  SmbiosTable.Type17->PartNo = CMK16GX4M2K4266C19
0:103  0:000  Type 17 Index = 1
0:103  0:000  SmbiosTable.Type17->SlotIndex = 1
0:103  0:000  SmbiosTable.Type17->ModuleSize = 8192MB
0:103  0:000  SmbiosTable.Type17->Type = 0
0:103  0:000  SmbiosTable.Type17->Frequency = 3200MHz
0:103  0:000  SmbiosTable.Type17->Bank/Device = BANK 1 ChannelA-DIMM2
0:103  0:000  SmbiosTable.Type17->Vendor = Corsair
0:103  0:000  SmbiosTable.Type17->SerialNo = 00000000
0:103  0:000  SmbiosTable.Type17->PartNo = CMK16GX4M2K4266C19
0:103  0:000  Type 17 Index = 2
0:103  0:000  Ignoring insane frequency value 0MHz
0:103  0:000  Type 17 Index = 3
0:103  0:000  Ignoring insane frequency value 0MHz
0:103  0:000  Boot status=0
0:103  0:000  Running on: 'System Product Name' with board 'PRIME Z390-A'
0:103  0:000  === [ GetCPUProperties ] ========================
0:103  0:000  CPU Vendor = 756E6547 Model=906EC
0:103  0:000   The CPU supported SSE4.1
0:103  0:000   The CPU supported RDRAND
0:103  0:000  BrandString = Intel(R) Core(TM) i7-9700K CPU @ 3.60GHz
0:103  0:000   The CPU supported turbo
0:103  0:000   Energy PerfBias is  visible:
0:103  0:000  MSR 0x35               80008
0:103  0:000   TSC/CCC Information Leaf:
0:103  0:000    numerator     : 300
0:103  0:000    denominator   : 2
0:103  0:000   Calibrated ARTFrequency: 24003260
0:103  0:000   Rounded ARTFrequency: 24000000
0:103  0:000  MSR 0xE2 before patch 1E000000
0:103  0:000  MSR 0xCE              08080838_F1012400
0:103  0:000  corrected FLEX_RATIO = E0000
0:103  0:000  MSR 0x1B0             00000000
0:103  0:000  FSBFrequency = 109 MHz, DMI FSBFrequency = 100 MHz, Corrected FSBFrequency = 100 MHz
0:103  0:000  MaxDiv/MinDiv: 36.0/8
0:103  0:000  Turbo: 47/49/49/49
0:103  0:000  Features: 0x77FAFBFFBFEBFBFF
0:103  0:000  Threads: 8
0:103  0:000  Cores: 8
0:103  0:000  FSB: 100 MHz
0:103  0:000  CPU: 3900 MHz
0:103  0:000  TSC: 3900 MHz
0:103  0:000  PIS: 100 MHz
0:103  0:000  ExternalClock: 25 MHz
0:103  0:000  === [ GetDevices ] ==============================
0:103  0:000  GOP found at: PciRoot(0x0)/Pci(0x1,0x0)/Pci(0x0,0x0)/AcpiAdr(0x80010302)
0:103  0:000  PCI (00|00:00.00) : 8086 3E30 class=060000
0:103  0:000  PCI (00|00:01.00) : 8086 1901 class=060400
0:103  0:000  PCI (00|01:00.00) : 1002 67DF class=030000
0:103  0:000   - GFX: Model=AMD Radeon RX 480/570/580 (ATI/AMD)
0:104  0:000   - GOP: Provided by device
0:104  0:000  PCI (00|01:00.01) : 1002 AAF0 class=040300
0:104  0:000   - HDMI Audio: 
0:104  0:000  PCI (00|00:02.00) : 8086 3E98 class=038000
0:104  0:000   - GFX: Model=Intel UHD Graphics 630 (Intel)
0:104  0:000  PCI (00|00:14.00) : 8086 A36D class=0C0330
0:104  0:000  PCI (00|00:14.02) : 8086 A36F class=050000
0:104  0:000  PCI (00|00:16.00) : 8086 A360 class=078000
0:104  0:000  PCI (00|00:17.00) : 8086 A352 class=010601
0:104  0:000  PCI (00|00:1B.00) : 8086 A340 class=060400
0:104  0:000  PCI (00|00:1C.00) : 8086 A338 class=060400
0:104  0:000  PCI (00|00:1D.00) : 8086 A330 class=060400
0:104  0:000  PCI (00|04:00.00) : 144D A808 class=010802
0:104  0:000  PCI (00|00:1F.00) : 8086 A305 class=060100
0:104  0:000  PCI (00|00:1F.03) : 8086 A348 class=040300
0:104  0:000  PCI (00|00:1F.04) : 8086 A323 class=0C0500
0:104  0:000  PCI (00|00:1F.05) : 8086 A324 class=0C8000
0:104  0:000  PCI (00|00:1F.06) : 8086 15BC class=020000
0:104  0:000   - LAN: 1 Vendor=Intel
0:104  0:000  Legacy MAC address of LAN #0= 40:B0:76:DE:9E:93:
0:104  0:000  _checkOEMPath Look for oem dir at path '\EFI\CLOVER\OEM\System Product Name--40-B0-76-DE-9E-93'. Dir doesn't exist.
0:104  0:000  _checkOEMPath Look for oem dir at path '\EFI\CLOVER\OEM\PRIME Z390-A\UEFI'. Dir doesn't exist.
0:104  0:000  _checkOEMPath Look for oem dir at path '\EFI\CLOVER\OEM\System Product Name'. Dir doesn't exist.
0:104  0:000  _checkOEMPath Look for oem dir at path '\EFI\CLOVER\OEM\System Product Name-3900'. Dir doesn't exist.
0:104  0:000  _checkOEMPath Look for oem dir at path '\EFI\CLOVER\OEM\PRIME Z390-A'. Dir doesn't exist.
0:105  0:000  _checkOEMPath Look for oem dir at path '\EFI\CLOVER\OEM\PRIME Z390-A-3900'. Dir doesn't exist.
0:105  0:000  === [ GetUserSettings ] =========================
0:105  0:000  GetDefaultModel()=iMac18,3
0:105  0:000  === [ LoadUserSettings ] ========================
0:106  0:001  Using config.plist at path: \EFI\CLOVER
0:106  0:000  === [ LoadUserSettings ] ========================
0:106  0:000  Cannot find smbios.plist at path '\EFI\CLOVER' : Not Found
0:106  0:000  '\EFI\CLOVER\smbios.plist' not loaded. Efi error Not Found
0:106  0:000  create SMBIOS list, found 27 dicts
0:106  0:000  ... ACPI
0:106  0:000  ... Boot
0:106  0:000  ... BootGraphics
0:106  0:000  ... Devices
0:106  0:000  ... DisableDrivers
0:106  0:000  ... GUI
0:106  0:000  ... Graphics
0:106  0:000  ... KernelAndKextPatches
0:106  0:000  ... SMBIOS
0:106  0:000  ... SystemParameters
0:106  0:000  ... RtVariables
0:106  0:000  ... Quirks
0:106  0:000  get model from config.plist
0:106  0:000  Using latest BiosVersion from config instead of default 'IM191.88Z.F000.B00.2302212211'
0:120  0:013  Using latest BiosReleaseDate from config instead of default '02/21/2023'
0:124  0:004  Using latest EfiVersion from config instead of default '1968.100.16.0.1'
0:130  0:006  BiosVersion: IM191.88Z.F000.B00.2308061817
0:135  0:004  BiosReleaseDate: 08/06/2023
0:139  0:004  EfiVersion: 2020.40.3.0.0
0:145  0:006  Calibrated TSC Frequency = 3600489100 = 3600MHz
0:150  0:004  === [ GetListOfThemes ] =========================
0:154  0:004  - [00]: random
0:165  0:011  - [00]: embedded
0:176  0:010  === [ Found config plists ] =====================
0:180  0:004  - config.plist
0:186  0:005  - config-sample.plist
0:194  0:008  - config_old.plist
0:199  0:004  === [ LoadDrivers ] =============================
0:206  0:007  Loading NvmExpressDxe.efi status=Success
0:222  0:015   - driver needs connecting
0:228  0:006  Loading EnglishDxe.efi status=Success
0:246  0:017  Loading VBoxHfs.efi status=Success
0:264  0:018   - driver needs connecting
0:268  0:004  Loading PartitionDxe.efi status=Success
0:284  0:015   - driver needs connecting
0:291  0:006  Loading ApfsDriverLoader.efi status=Success
0:306  0:015   - driver needs connecting
0:311  0:004  4 drivers needs connecting ...
0:311  0:000  PlatformDriverOverrideProtocol not found. Installing ... Success
0:311  0:000  Partition driver loaded: 
0:312  0:000  HFS+ driver loaded
0:312  0:000  APFS driver loaded
0:312  0:000  Searching for invalid DiskIo BY_DRIVER connects: not found, all ok
0:524  0:211  === [ InitScreen ] ==============================
0:530  0:006  Console modes reported: 4, available modes:
0:536  0:006   - [01]: 80x25 (current mode)
0:542  0:005   - [03]: 100x31
0:549  0:006   - [04]: 170x40
0:554  0:005  SetScreenResolution: 1920x1080 - not found!
0:565  0:010  SetMaxResolution: found best mode 0: 1366x768
0:578  0:012   - already set
0:587  0:009  Using embedded font
0:592  0:004  === [ ScanSPD ] =================================
0:596  0:004  SMBus device : 8086 A323 class=0C0500 status=Success
0:602  0:005  SMBus CmdReg: 0x3
0:606  0:004  Scanning SMBus [8086:A323], mmio: 0x12116004, ioport: 0xEFA0, hostc: 0x11
0:612  0:005  Slots to scan [8]...
0:617  0:004  SPD[0]: Got invalid type 0 @0x50. Will set page and retry.
0:623  0:006  SPD[0]: Type 12 @0x50
0:647  0:024  XMP Profile1: 4*125 -31 ns
0:652  0:004  Found module with XMP version 2.0
0:656  0:004  Using XMP Profile1 instead of standard frequency 2132MHz
0:660  0:004  DDR speed 4264MHz
0:666  0:006  Slot: 0 Type 26 8192MB 4264MHz Vendor=Corsair PartNo=CMK16GX4M2K4266C19 SerialNo=00000000
0:671  0:004  SPD[1]: Type 12 @0x51
0:694  0:023  XMP Profile1: 4*125 -31 ns
0:700  0:006  Found module with XMP version 2.0
0:705  0:004  Using XMP Profile1 instead of standard frequency 2132MHz
0:711  0:006  DDR speed 4264MHz
0:715  0:004  Slot: 1 Type 26 8192MB 4264MHz Vendor=Corsair PartNo=CMK16GX4M2K4266C19 SerialNo=00000000
0:722  0:006  === [ GetAcpiTablesList ] =======================
0:726  0:004  Get Acpi Tables List from RSDT: count=24
0:734  0:007   - [00]: FACP  A M I  len=132
0:740  0:006   - [01]: APIC  A M I  len=188
0:744  0:004   - [02]: FPDT  A M I  len=68
0:750  0:005   - [03]: FIDT  A M I len=156
0:755  0:004   - [04]: MCFG  A M I  len=60
0:760  0:005   - [05]: WSMT  A M I  len=40
0:767  0:006   - [06]: SSDT  SataTabl len=888
0:771  0:004   - [07]: SSDT  CpuSsdt len=6101
0:776  0:004   - [08]: SSDT  SaSsdt  len=12443
0:782  0:006   - [09]: SSDT  PegSsdt len=9048
0:786  0:004   - [10]: HPET  A M I  len=56
0:790  0:003   - [11]: SSDT  Ther_Rvp len=3998
0:799  0:008   - [12]: SSDT  xh_cfsd4 len=10579
0:805  0:006   - [13]: UEFI  A M I  len=72
0:810  0:004   - [14]: LPIT  A M I  len=92
0:817  0:006   - [15]: SSDT  PtidDevc len=10206
0:821  0:004   - [16]: SSDT  TbtTypeC len=4094
0:827  0:005   - [17]: DBGP  A M I  len=52
0:834  0:006   - [18]: DBG2  A M I  len=84
0:838  0:004   - [19]: SSDT  UsbCTabl len=6449
0:843  0:005   - [20]: SSDT  ADebTabl len=324
0:849  0:005   - [21]: VFCT  A M I  len=59524
0:853  0:004   - [22]: BGRT  A M I  len=56
0:859  0:006   - [23]: WPBT  A M I len=60
0:864  0:004   - [00]: Drop table : MATS,                0 :  no
0:876  0:012   - [01]: Drop table : DMAR,                0 :  no
0:886  0:010  Custom boot CUSTOM_BOOT_DISABLED (0x0)
0:891  0:004  Default theme: embedded
0:895  0:004  Set FakeCPUID: 0x0
0:901  0:006  === [ Found DSDT tables ] =======================
0:910  0:008  === [ InitKextList ] ============================
0:915  0:004  Added Kext=Other\USBMapDummy.kext (1.0)
0:922  0:007  Added Kext=Other\RadeonMonitor.kext (1.3.5)
0:927  0:004  Added Kext=Other\FakeSMC.kext (3.5.6)
0:934  0:007  Added Kext=Other\IntelCPUMonitor.kext (1.2.6)
0:943  0:008  === [ ScanVolumes ] =============================
0:948  0:004  Found 12 volumes with blockIO
0:952  0:004  - [00]: Volume: PciRoot(0x0)\Pci(0x17,0x0)\Sata(0x0,0xFFFF,0x0)
0:965  0:013  - [01]: Volume: PciRoot(0x0)\Pci(0x17,0x0)\Sata(0x0,0xFFFF,0x0)\HD(1,GPT,38DCC513-D608-408E-9D2F-1469C8B906A0,0x28,0x64000)
0:976  0:011          Result of bootcode detection: bootable unknown (legacy)
0:981  0:004            label : EFI
0:986  0:004  - [02]: Volume: PciRoot(0x0)\Pci(0x17,0x0)\Sata(0x0,0xFFFF,0x0)\HD(2,GPT,C20AA839-E88E-4CED-8CAB-9480B290394C,0x64028,0x15D466360)
1:017  0:030            label : Dati
1:023  0:005  - [03]: Volume: PciRoot(0x0)\Pci(0x1D,0x0)\Pci(0x0,0x0)\NVMe(0x1,CA-8F-B2-81-58-38-25-00)
1:031  0:008  - [04]: Volume: PciRoot(0x0)\Pci(0x1D,0x0)\Pci(0x0,0x0)\NVMe(0x1,CA-8F-B2-81-58-38-25-00)\HD(1,GPT,6E40A227-DDED-4325-B7CE-3959620EB39E,0x28,0x64000)
1:045  0:013          Result of bootcode detection: bootable unknown (legacy)
1:049  0:004            label : EFI
1:056  0:006          This is SelfVolume !!
1:059  0:003  - [05]: Volume: PciRoot(0x0)\Pci(0x1D,0x0)\Pci(0x0,0x0)\NVMe(0x1,CA-8F-B2-81-58-38-25-00)\HD(2,GPT,9508A8C6-F9B9-4EDD-ABC7-C1C4A019C410,0x64028,0x3A321FE0)
1:070  0:010          Result of bootcode detection: bootable unknown (legacy)
1:076  0:005  - [06]: Volume: PciRoot(0x0)\Pci(0x1D,0x0)\Pci(0x0,0x0)\NVMe(0x1,CA-8F-B2-81-58-38-25-00)\HD(2,GPT,9508A8C6-F9B9-4EDD-ABC7-C1C4A019C410,0x64028,0x3A321FE0)\VenMedia(BE74FCF7-0B7C-49F3-9147-01F4042E6842,F2738F7DD5B89341BB89C99D72294438)
1:089  0:013            apfsFileSystemUUID=7D8F73F2-B8D5-4193-BB89-C99D72294438, ApfsContainerUUID=85F3C012-2D6D-4FA1-A77E-71D7470E7FA2, ApfsRole=0x10
1:094  0:004            label : Preboot
1:097  0:003  - [07]: Volume: PciRoot(0x0)\Pci(0x1D,0x0)\Pci(0x0,0x0)\NVMe(0x1,CA-8F-B2-81-58-38-25-00)\HD(2,GPT,9508A8C6-F9B9-4EDD-ABC7-C1C4A019C410,0x64028,0x3A321FE0)\VenMedia(BE74FCF7-0B7C-49F3-9147-01F4042E6842,5D6490A424B7BC4F9AC8F7A23B1C4935)
1:111  0:013            apfsFileSystemUUID=A490645D-B724-4FBC-9AC8-F7A23B1C4935, ApfsContainerUUID=85F3C012-2D6D-4FA1-A77E-71D7470E7FA2, ApfsRole=0x40
1:125  0:014            label : Macintosh HD - Dati
1:130  0:004  - [08]: Volume: PciRoot(0x0)\Pci(0x1D,0x0)\Pci(0x0,0x0)\NVMe(0x1,CA-8F-B2-81-58-38-25-00)\HD(2,GPT,9508A8C6-F9B9-4EDD-ABC7-C1C4A019C410,0x64028,0x3A321FE0)\VenMedia(BE74FCF7-0B7C-49F3-9147-01F4042E6842,B6D67091A529BA4BA6736F0E24A99093)
1:140  0:010            apfsFileSystemUUID=9170D6B6-29A5-4BBA-A673-6F0E24A99093, ApfsContainerUUID=85F3C012-2D6D-4FA1-A77E-71D7470E7FA2, ApfsRole=0x4
1:147  0:006            label : Recovery
1:151  0:003  - [09]: Volume: PciRoot(0x0)\Pci(0x1D,0x0)\Pci(0x0,0x0)\NVMe(0x1,CA-8F-B2-81-58-38-25-00)\HD(2,GPT,9508A8C6-F9B9-4EDD-ABC7-C1C4A019C410,0x64028,0x3A321FE0)\VenMedia(BE74FCF7-0B7C-49F3-9147-01F4042E6842,9F02B6D521DBF942B6E47D4E344B3EB4)
1:161  0:010            apfsFileSystemUUID=D5B6029F-DB21-42F9-B6E4-7D4E344B3EB4, ApfsContainerUUID=85F3C012-2D6D-4FA1-A77E-71D7470E7FA2, ApfsRole=0x1
1:169  0:007            label : Macintosh HD
1:176  0:006  - [10]: Volume: PciRoot(0x0)\Pci(0x1D,0x0)\Pci(0x0,0x0)\NVMe(0x1,CA-8F-B2-81-58-38-25-00)\HD(2,GPT,9508A8C6-F9B9-4EDD-ABC7-C1C4A019C410,0x64028,0x3A321FE0)\VenMedia(BE74FCF7-0B7C-49F3-9147-01F4042E6842,982FC8B0B1F22A41B736D33F4320CF33)
1:184  0:008            apfsFileSystemUUID=B0C82F98-F2B1-412A-B736-D33F4320CF33, ApfsContainerUUID=85F3C012-2D6D-4FA1-A77E-71D7470E7FA2, ApfsRole=0xc0
1:191  0:006            label : Update
1:196  0:005  - [11]: Volume: PciRoot(0x0)\Pci(0x1D,0x0)\Pci(0x0,0x0)\NVMe(0x1,CA-8F-B2-81-58-38-25-00)\HD(2,GPT,9508A8C6-F9B9-4EDD-ABC7-C1C4A019C410,0x64028,0x3A321FE0)\VenMedia(BE74FCF7-0B7C-49F3-9147-01F4042E6842,D0BFA628AA2C7548AE15EA6E25144D32)
1:208  0:011            apfsFileSystemUUID=28A6BFD0-2CAA-4875-AE15-EA6E25144D32, ApfsContainerUUID=85F3C012-2D6D-4FA1-A77E-71D7470E7FA2, ApfsRole=0x8
1:212  0:003            label : VM
1:216  0:004  No AudioIoProtocols, status=Not Found
1:222  0:006  === [ InitXTheme ] ==============================
1:227  0:004  use Daylight theme
1:231  0:004   using embedded theme
1:248  0:017  Using embedded font
1:253  0:004  theme inited
1:257  0:004  Chosen embedded theme
1:264  0:006  after NVRAM boot-args=dart=0 -v
1:267  0:003  Scanning legacy ...
1:275  0:007  === [ Dump SMC keys from NVRAM ] ================
1:280  0:004  found AppleSMC protocol
1:292  0:012     fakesmc-key-RVBF-ch8*:02 46 0F 00 00 12 
1:337  0:045     fakesmc-key-#KEY-ui32:00 00 00 11 
1:372  0:034     fakesmc-key-$Adr-ui32:00 00 03 00 
1:404  0:032     fakesmc-key-$Num-ui8:01 
1:422  0:018     fakesmc-key-RMde-char:41 
1:442  0:019     fakesmc-key-RBr -ch8*:6A 31 33 38 5F 39 00 00 
1:493  0:050     fakesmc-key-EPCI-ui32:09 D0 F0 00 
1:523  0:030     fakesmc-key-REV -ch8*:02 46 0F 00 00 12 
1:570  0:046     fakesmc-key-RPlt-ch8*:6A 31 33 38 00 00 00 00 
1:625  0:055     fakesmc-key-BEMB-flag:00 
1:643  0:018     fakesmc-key-BATP-flag:00 
1:662  0:018     fakesmc-key-BNum-ui8:00 
1:682  0:019     fakesmc-key-MSTc-ui8:00 
1:698  0:016     fakesmc-key-MSAc-ui16:00 00 
1:721  0:022     fakesmc-key-MSWr-ui8:00 
1:737  0:016     fakesmc-key-MSFW-ui8:01 00 
1:759  0:021     fakesmc-key-MSPS-ui16:00 03 
1:785  0:026  Registered 17 SMC keys
1:795  0:009  === [ ScanLoader ] ==============================
1:800  0:004  - [01]: 'EFI'
1:826  0:026  - [02]: 'Dati'
1:857  0:030  - [04]: 'EFI'
1:871  0:013        AddLoaderEntry for Volume Name=EFI, idx=0
1:875  0:004        OSVersion= 
1:882  0:006        IconName=unknown comma=-1 size=7
1:886  0:004        Full=unknown
1:892  0:005        Loader entry created for 'PciRoot(0x0)\Pci(0x1D,0x0)\Pci(0x0,0x0)\NVMe(0x1,CA-8F-B2-81-58-38-25-00)\HD(1,GPT,6E40A227-DDED-4325-B7CE-3959620EB39E,0x28,0x64000)\EFI\BOOT\BOOTX64.efi'
1:898  0:006       hiding entry: \EFI\BOOT\BOOTX64.efi
1:903  0:004        Menu entry added at index 0
1:909  0:006       hiding entry because DiskKind is DISK_KIND_INTERNAL: \EFI\BOOT\BOOTX64.efi
1:913  0:004  - [06]: 'Preboot'
1:924  0:010      ApfsContainerUUID=85F3C012-2D6D-4FA1-A77E-71D7470E7FA2
1:928  0:004      ApfsFileSystemUUID=7D8F73F2-B8D5-4193-BB89-C99D72294438
1:933  0:004      APFSTargetUUID=A490645D-B724-4FBC-9AC8-F7A23B1C4935
1:939  0:006        contentDetails name:Macintosh HD
1:945  0:005        AddLoaderEntry for Volume Name=Preboot, idx=1
1:949  0:004        OSVersion=10.14.6 
1:956  0:006        Check if volume Is Hibernated:
1:961  0:005        Check sleep image 'by signature':
1:966  0:004        using default sleep image name = \private\var\vm\sleepimage
1:973  0:006        cannot open sleepimage -> Not Found
1:977  0:004        hibernated: no - sign
1:983  0:006        IconName=moja,mac comma=4 size=8
1:987  0:004        first=os_moja
1:991  0:004        Second=os_mac
1:998  0:006        IconName=unknown comma=-1 size=7
2:004  0:005        Full=unknown
2:008  0:004        Loader entry created for 'PciRoot(0x0)\Pci(0x1D,0x0)\Pci(0x0,0x0)\NVMe(0x1,CA-8F-B2-81-58-38-25-00)\HD(2,GPT,9508A8C6-F9B9-4EDD-ABC7-C1C4A019C410,0x64028,0x3A321FE0)\VenMedia(BE74FCF7-0B7C-49F3-9147-01F4042E6842,F2738F7DD5B89341BB89C99D72294438)\A490645D-B724-4FBC-9AC8-F7A23B1C4935\System\Library\CoreServices\boot.efi'
2:016  0:007        Menu entry added at index 1
2:020  0:004        AddLoaderEntry for Volume Name=Preboot, idx=2
2:025  0:004        OSVersion=10.14.6 
2:031  0:006        IconName=moja,mac comma=4 size=8
2:035  0:004        first=os_moja
2:039  0:003        Second=os_mac
2:045  0:006        IconName=unknown comma=-1 size=7
2:050  0:004        Full=unknown
2:055  0:005        Loader entry created for 'PciRoot(0x0)\Pci(0x1D,0x0)\Pci(0x0,0x0)\NVMe(0x1,CA-8F-B2-81-58-38-25-00)\HD(2,GPT,9508A8C6-F9B9-4EDD-ABC7-C1C4A019C410,0x64028,0x3A321FE0)\VenMedia(BE74FCF7-0B7C-49F3-9147-01F4042E6842,F2738F7DD5B89341BB89C99D72294438)\A490645D-B724-4FBC-9AC8-F7A23B1C4935\com.apple.installer\boot.efi'
2:061  0:005        Menu entry added at index 2
2:065  0:003  - [07]: 'Macintosh HD - Dati'
2:075  0:010      ApfsContainerUUID=85F3C012-2D6D-4FA1-A77E-71D7470E7FA2
2:082  0:006      ApfsFileSystemUUID=A490645D-B724-4FBC-9AC8-F7A23B1C4935
2:089  0:006  - [08]: 'Recovery'
2:099  0:010      ApfsContainerUUID=85F3C012-2D6D-4FA1-A77E-71D7470E7FA2
2:105  0:006      ApfsFileSystemUUID=9170D6B6-29A5-4BBA-A673-6F0E24A99093
2:109  0:004      APFSTargetUUID=A490645D-B724-4FBC-9AC8-F7A23B1C4935
2:114  0:004        contentDetails name:Macintosh HD
2:119  0:005        AddLoaderEntry for Volume Name=Recovery, idx=3
2:126  0:006        OSVersion= 
2:130  0:004        IconName=mac comma=-1 size=3
2:137  0:006        Full=mac
2:141  0:004        IconName=unknown comma=-1 size=7
2:147  0:005        Full=unknown
2:154  0:007        Loader entry created for 'PciRoot(0x0)\Pci(0x1D,0x0)\Pci(0x0,0x0)\NVMe(0x1,CA-8F-B2-81-58-38-25-00)\HD(2,GPT,9508A8C6-F9B9-4EDD-ABC7-C1C4A019C410,0x64028,0x3A321FE0)\VenMedia(BE74FCF7-0B7C-49F3-9147-01F4042E6842,B6D67091A529BA4BA6736F0E24A99093)\A490645D-B724-4FBC-9AC8-F7A23B1C4935\BaseSystem.dmg'
2:159  0:004        Menu entry added at index 3
2:163  0:004  - [09]: 'Macintosh HD'
2:173  0:010      ApfsContainerUUID=85F3C012-2D6D-4FA1-A77E-71D7470E7FA2
2:177  0:003      ApfsFileSystemUUID=D5B6029F-DB21-42F9-B6E4-7D4E344B3EB4
2:192  0:014  - [10]: 'Update'
2:200  0:008      ApfsContainerUUID=85F3C012-2D6D-4FA1-A77E-71D7470E7FA2
2:206  0:006      ApfsFileSystemUUID=B0C82F98-F2B1-412A-B736-D33F4320CF33
2:210  0:003  - [11]: 'VM'
2:225  0:014      ApfsContainerUUID=85F3C012-2D6D-4FA1-A77E-71D7470E7FA2
2:231  0:005      ApfsFileSystemUUID=28A6BFD0-2CAA-4875-AE15-EA6E25144D32
2:242  0:011  Entries list before ordering
2:247  0:004      Entry 0 : Boot UEFI internal from EFI (hidden)
2:251  0:003      Entry 1 : Boot Mac OS from Macintosh HD via Preboot
2:255  0:003      Entry 2 : Boot Mac OS Install for Macintosh HD via Preboot
2:261  0:005      Entry 3 : Boot Mac OS Recovery for Macintosh HD via Recovery
2:265  0:004  Move installer entry 2 before preboot 1
2:269  0:003  Entries list after ordering
2:273  0:003    Entry 0 : Boot UEFI internal from EFI (hidden)
2:279  0:005    Entry 1 : Boot Mac OS Install for Macintosh HD via Preboot
2:283  0:003    Entry 2 : Boot Mac OS from Macintosh HD via Preboot
2:287  0:003    Entry 3 : Boot Mac OS Recovery for Macintosh HD via Recovery
2:291  0:004  === [ AddCustomTool ] ===========================
2:297  0:006  found tool \EFI\CLOVER\tools\Shell64U.efi
2:301  0:003  Checking EFI partition Volume 1 for Clover
2:307  0:005   Found Clover
2:311  0:004  === [ GetEfiBootDeviceFromNvram ] ===============
2:316  0:004  Got efi-boot-device-data size=260
2:320  0:004   - efi-boot-device-data: PciRoot(0x0)\Pci(0x1D,0x0)\Pci(0x0,0x0)\SasEx(0x0100000000253858,0x81B28FCA7074616C,0x0,NoTopology,0,0,0)\HD(2,GPT,9508A8C6-F9B9-4EDD-ABC7-C1C4A019C410,0x64028,0x3A321FE0)\VenMedia(BE74FCF7-0B7C-49F3-9147-01F4042E6842,F2738F7DD5B89341BB89C99D72294438)\A490645D-B724-4FBC-9AC8-F7A23B1C4935\com.apple.installer\boot.efi
2:323  0:003    - Volume: 'PciRoot(0x0)\Pci(0x1D,0x0)\Pci(0x0,0x0)\SasEx(0x0100000000253858,0x81B28FCA7074616C,0x0,NoTopology,0,0,0)\HD(2,GPT,9508A8C6-F9B9-4EDD-ABC7-C1C4A019C410,0x64028,0x3A321FE0)\VenMedia(BE74FCF7-0B7C-49F3-9147-01F4042E6842,F2738F7DD5B89341BB89C99D72294438)'
2:329  0:005    - LoaderPath: '\A490645D-B724-4FBC-9AC8-F7A23B1C4935\com.apple.installer\boot.efi'
2:334  0:004    - Guid = 9508A8C6-F9B9-4EDD-ABC7-C1C4A019C410
2:338  0:003  === [ FindStartupDiskVolume ] ===================
2:342  0:003    - Volume: partition = PciRoot(0x0)\Pci(0x1D,0x0)\Pci(0x0,0x0)\SasEx(0x0100000000253858,0x81B28FCA7074616C,0x0,NoTopology,0,0,0)\HD(2,GPT,9508A8C6-F9B9-4EDD-ABC7-C1C4A019C410,0x64028,0x3A321FE0)\VenMedia(BE74FCF7-0B7C-49F3-9147-01F4042E6842,F2738F7DD5B89341BB89C99D72294438)
2:349  0:006     - searching for that partition and loader '\A490645D-B724-4FBC-9AC8-F7A23B1C4935\com.apple.installer\boot.efi'
2:353  0:004      - [!] not found
2:357  0:003     - searching again, but comparing Media dev path nodes
2:361  0:003    checking '7D8F73F2-B8D5-4193-BB89-C99D72294438'
2:367  0:005    checking '7D8F73F2-B8D5-4193-BB89-C99D72294438'
2:371  0:004    checking '9170D6B6-29A5-4BBA-A673-6F0E24A99093'
2:375  0:003      - [!] not found
2:379  0:003     - searching for that partition
2:385  0:006      - [!] not found
2:394  0:008     - searching again, but comparing Media dev path nodes
2:398  0:004      - found entry 0. 'Boot Mac OS Install for Macintosh HD via Preboot', Volume 'Preboot'
2:402  0:003  Boot redirected to Entry 0. 'Boot Mac OS Install for Macintosh HD via Preboot'
2:407  0:004  BannerPlace at Clear Screen [619,68]
2:427  0:020  GUI ready
5:140  2:712  Boot option 0 has other volume name Macintosh HDboot.efi
5:153  0:013  === [ StartLoader ] =============================
5:159  0:005  Starting PciRoot(0x0)\Pci(0x1D,0x0)\Pci(0x0,0x0)\NVMe(0x1,CA-8F-B2-81-58-38-25-00)\HD(2,GPT,9508A8C6-F9B9-4EDD-ABC7-C1C4A019C410,0x64028,0x3A321FE0)\VenMedia(BE74FCF7-0B7C-49F3-9147-01F4042E6842,F2738F7DD5B89341BB89C99D72294438)\A490645D-B724-4FBC-9AC8-F7A23B1C4935\com.apple.installer\boot.efi
5:164  0:004  Finally: ExternalClock=26MHz BusSpeed=100014kHz CPUFreq=3600MHz PIS: hw.busfrequency=104000000Hz
5:172  0:007  Beginning OC
5:178  0:006  OCST: Missing vault data, ignoring...
5:183  0:004  AddKextsInArray from Other
5:187  0:004  ->Extra kext: Other\USBMapDummy.kext (v.1.0)
5:191  0:004  ->Extra kext: Other\RadeonMonitor.kext (v.1.3.5)
5:197  0:006  ->Extra kext: Other\FakeSMC.kext (v.3.5.6)
5:201  0:003  ->Extra kext: Other\IntelCPUMonitor.kext (v.1.2.6)
5:205  0:004  AddKextsInArray from Off
5:209  0:003  AddKextsInArray from 10
5:213  0:003  AddKextsInArray from 10_install
5:217  0:003  AddKextsInArray from 10.14
5:221  0:003  AddKextsInArray from 10.14_install
5:227  0:005  AddKextsInArray from 10.14.6
5:231  0:004  AddKextsInArray from 10.14.6_install
5:235  0:004  Bridge kext to OC : Path=Other\FakeSMC.kext
5:240  0:005  Bridge kext to OC : Path=Other\USBMapDummy.kext
5:248  0:007  Bridge kext to OC : Path=Other\RadeonMonitor.kext
5:252  0:004  Bridge kext to OC : Path=Other\IntelCPUMonitor.kext
5:258  0:005  Start 'OpenRuntime.efi' : Status Success
5:262  0:003  OC: config config.plist
5:268  0:005  OC: Got 0 drivers
5:273  0:004  OC: OpenCore DBG-102-2024-09-12 is loading in Optional mode (0/0)...
5:280  0:006  OC: StorageHandle 0 with  LauncherOption pointing to 
5:284  0:004  OcOSInfoInstallProtocol
5:290  0:005  OCRTC: OcAppleRtcRamInstallProtocol
5:297  0:006  OCRTC: Wake log is 0x00 0x00   0 0x00
5:301  0:004  OcAppleFbInfoInstallProtocol
5:305  0:004  OcAppleEg2InfoInstallProtocol
5:311  0:006  OC: Loading Apple Secure Boot with Disabled (level 0)
5:317  0:005  OCABC: ALRBL 0 RTDFRG 1 DEVMMIO 0 NOSU 0 NOVRWR 0 NOSB 0 FBSIG 0 NOHBMAP 0 SMSLIDE 1 WRUNPROT 1
5:321  0:004  OCABC: FEXITBS 0 PRMRG 0 CSLIDE 0 MSLIDE 0 PRSRV 0 RBMAP 0 VMAP 1 APPLOS 0 RTPERMS 1 ARBAR -1 RBIO 0
5:325  0:004  OCABC: Got rendezvous with OpenRuntime r12
5:330  0:005  OCABC: MAT support is 1
5:335  0:004  OC: RequestBootVarRouting 0
5:339  0:004  OCDM: Found 0x20046/0x2003C UEFI version (376 bytes, 0 rebuilding to 376) gST 7AB3C018 gBS 6D89B3A0 gBS->CreateEventEx 6D889904 &gBS 6D5732C0
5:345  0:006  OC: Setting GPU BARs to 0
5:350  0:004  OCDM: RBAR using PciIo
5:354  0:003  OCDM: Setting RBAR to 0 inc 1 on 3/18
5:358  0:004  OCDM: Capability I/O error - Unsupported
5:364  0:005  OCDM: RBAR is unsupported by device - Device Error
5:369  0:004  OCDM: Setting RBAR to 0 inc 1 on 5/18
5:373  0:004  OCDM: Capability I/O error - Unsupported
5:377  0:004  OCDM: RBAR is unsupported by device - Device Error
5:384  0:006  OC: Got 0 drivers
5:388  0:004  OCC: Installing GOP (Unsupported) on ConsoleOutHandle...
5:392  0:004  OC: Requested resolution is 1920x1080@0 (max: 0, force: 0) from 1920x1080
5:396  0:004  OCC: Using builtin text renderer with 1 scale
5:400  0:003  OCC: Install console control (6D55E3D0/6D882D88/0), current - Success
5:407  0:006  OCC: Setup ASCII Output - Success
5:411  0:003  OC: Requested console mode is 0x0 (max: 0) from 
5:415  0:004  OC: Invalid HibernateMode: 
5:421  0:005  OC: Translated HibernateMode  to 0
5:427  0:006  OC: Hibernation activation - Invalid Parameter, hibernation wake - no
5:431  0:004  OC: Panic log does not exist
5:435  0:003  OCABC: IsEfiBootRt 0 (BP 1, Apple 0)
5:441  0:006  OCB: Arch filtering 72D7B018(723512)->72D7B018(723512) caps 0 - Success
5:446  0:004  ImageHandle = 73078398
5:454  0:008  GetOSVersion: 10.14.6 (™Àr)
5:464  0:009  Will not patch boot.efi
5:468  0:004  Using latest BiosVersion from config instead of default 'IM191.88Z.F000.B00.2302212211'
5:472  0:004  Using latest BiosReleaseDate from config instead of default '02/21/2023'
5:476  0:004  Using latest EfiVersion from config instead of default '1968.100.16.0.1'
5:482  0:005  BiosVersion: IM191.88Z.F000.B00.2308061817
5:487  0:004  BiosReleaseDate: 08/06/2023
5:491  0:004  EfiVersion: 2020.40.3.0.0
5:495  0:004  SMBIOS reloaded with model iMac19,1
5:501  0:005  Set FakeCPUID: 0x0
5:506  0:004  === [ PatchSmbios ] =============================
5:510  0:004  UpdateSmbiosString : BiosVersion=EfiVersion=2020.40.3.0.0
5:514  0:004  UpdateSmbiosString : ReleaseDate=08/06/2023
5:520  0:006  void PatchTableType1(const SmbiosInjectedSettings&) : UpdateSmbiosString ProductName=iMac19,1
5:525  0:004  void PatchTableType2(const SmbiosInjectedSettings&) : UpdateSmbiosString ProductName=BoardNumber=Mac-AA95B1DDAB278B95
5:529  0:004  void PatchTableType2(const SmbiosInjectedSettings&) : UpdateSmbiosString Version=BoardVersion=iMac19,1
5:533  0:004  insert table 9 for dev 0:0
5:539  0:006  insert table 9 for dev 0:1
5:543  0:004  insert table 9 for dev 1F:6
5:548  0:004  Table 11 present, but rewritten for us
5:554  0:006  Do not inject memory table
5:559  0:004  Trusting SMBIOS...
5:563  0:003  Channels: 1
5:567  0:004  Interleave: 0 1 2 3
5:595  0:028  trusted SMBIOS data, table index 0:
5:599  0:003    gRAM.SMBIOS[0]->ModuleSize = 8192
5:603  0:004    gRAM.SMBIOS[0]->Type = 0
5:607  0:004    gRAM.SMBIOS[0]->Frequency = 3200
5:613  0:005    gRAM.SMBIOS[0]->Vendor = Corsair
5:617  0:003    gRAM.SMBIOS[0]->PartNo = CMK16GX4M2K4266C19
5:621  0:004    gRAM.SMBIOS[0]->SerialNo = 00000000
5:627  0:005  SPD data in use:
5:631  0:004    gRAM.SPD[0]->ModuleSize = 8192
5:635  0:004    gRAM.SPD[0]->Type = 26
5:639  0:003    gRAM.SPD[0]->Frequency = 4264
5:645  0:005    gRAM.SPD[0]->Vendor = Corsair
5:650  0:005    gRAM.SPD[0]->SerialNo = 00000000
5:654  0:003    gRAM.SPD[0]->PartNo = CMK16GX4M2K4266C19
5:658  0:004    SMBIOS Type 17 Index = 0 => SMBIOSIndex=0 SPDIndex=0:
5:664  0:005  BANK 0 DIMM0 4264MHz 8192MB(Ext:0MB)
5:669  0:004  trusted SMBIOS data, table index 1:
5:673  0:004    gRAM.SMBIOS[1]->ModuleSize = 8192
5:677  0:004    gRAM.SMBIOS[1]->Type = 0
5:682  0:005    gRAM.SMBIOS[1]->Frequency = 3200
5:687  0:004    gRAM.SMBIOS[1]->Vendor = Corsair
5:691  0:003    gRAM.SMBIOS[1]->PartNo = CMK16GX4M2K4266C19
5:695  0:004    gRAM.SMBIOS[1]->SerialNo = 00000000
5:701  0:005  SPD data in use:
5:706  0:004    gRAM.SPD[1]->ModuleSize = 8192
5:710  0:004    gRAM.SPD[1]->Type = 26
5:714  0:003    gRAM.SPD[1]->Frequency = 4264
5:720  0:006    gRAM.SPD[1]->Vendor = Corsair
5:725  0:004    gRAM.SPD[1]->SerialNo = 00000000
5:728  0:003    gRAM.SPD[1]->PartNo = CMK16GX4M2K4266C19
5:732  0:003    SMBIOS Type 17 Index = 1 => SMBIOSIndex=1 SPDIndex=1:
5:741  0:008  BANK 0 DIMM1 4264MHz 8192MB(Ext:0MB)
5:748  0:006  !trusted SMBIOS data, Table index 2:!gRAM.SMBIOS.doesSlotForIndexExist(SMBIOSIndex) 
5:763  0:014    SMBIOS Type 17 Index = 2 => SMBIOSIndex=2 SPDIndex=2:
5:767  0:004  BANK 0 DIMM2 EMPTY
5:771  0:003  !trusted SMBIOS data, Table index 3:!gRAM.SMBIOS.doesSlotForIndexExist(SMBIOSIndex) 
5:785  0:014    SMBIOS Type 17 Index = 3 => SMBIOSIndex=3 SPDIndex=3:
5:789  0:003  BANK 0 DIMM3 EMPTY
5:795  0:005  mTotalSystemMemory = 16384
5:799  0:004  NumberOfMemoryDevices = 4
5:803  0:003  Type20[0]->End = 0x7FFFFF, Type17[0] = 2000
5:807  0:003  Type20[1]->End = 0xFFFFFF, Type17[1] = 6000
5:812  0:005  Table 131 is present, CPUType=35
5:817  0:004  Change to: 1005
5:821  0:003  === [ PatchACPI ] ===============================
5:825  0:004  OCABC: AllocPages 1 0x7A345000 (1) - Success
5:831  0:005  Xsdt reallocation done
5:836  0:004  OCABC: AllocPages 1 0x7A344000 (1) - Success
5:840  0:004  old FADT length=114
5:844  0:004   SignatureFixup: 0xFA76D5ED -> 0x0
5:848  0:004  Found OperationRegion(GNVS, SystemMemory, 7A376000, ...)
5:854  0:005  Found OperationRegion(RAMW, SystemMemory, 7A37A018, ...)
5:858  0:004  Found OperationRegion(RAMX, SystemMemory, 7A2E2018, ...)
5:862  0:004  Found OperationRegion(PNVA, SystemMemory, 7A3D2B98, ...)
5:866  0:003  Found OperationRegion(THBA, SystemMemory, FE200000, ...)
5:873  0:007  Found OperationRegion(BNVS, SystemMemory, 7A38B000, ...)
5:877  0:003  Found OperationRegion(SMBD, SystemMemory, E00FC004, ...)
5:881  0:003  Found OperationRegion(TMMB, SystemMemory, FED40000, ...)
5:887  0:005  Found OperationRegion(CRBD, SystemMemory, FED40000, ...)
5:892  0:004  Found OperationRegion(TPMR, SystemMemory, FFFFFFFF, ...)
5:896  0:003  Found OperationRegion(ATNV, SystemMemory, FFFF0000, ...)
5:902  0:005  Found OperationRegion(WPBR, SystemMemory, 7A364000, ...)
5:907  0:004  OCABC: AllocPages 1 0x7A2F5000 (79) - Success
5:911  0:003  Apply DsdtFixMask=0x10400044
5:915  0:004  === [ FixBiosDsdt ] =============================
5:921  0:005  Patching DSDT:
5:925  0:004   - [change EC0 to EC]: pattern 4543305F, patched at: [ (F96F) ]
5:947  0:022   - [change HECI to IMEI]: pattern 48454349, patched at: [ (18CAE) ]
5:971  0:023  found PIC had IRQNoFlag will move -3 bytes
5:976  0:004   deleting device CRT_
5:985  0:009   deleting device DVI_
5:995  0:009   deleting device SPKR
6:003  0:008   deleting device ECP_
6:011  0:008   deleting device LPT_
6:020  0:008   deleting device FDC0
6:027  0:007   deleting device ECP1
6:036  0:008   deleting device LPT1
6:046  0:010   deleting device FDC_
6:054  0:008    indirect name=RAMB
6:058  0:004    indirect name=RAMA
6:063  0:004    indirect name=PNVB
6:072  0:008  OperationRegion (THBA...) corrected from 0x0 to addr=0xFE200000
6:078  0:006    indirect name=TPMM
6:082  0:003    indirect name=FTPM
6:086  0:004    indirect name=PPIM
6:092  0:006  PreCleanup XSDT: count=24, length=228
6:097  0:004  PreCleanup XSDT, corrected XSDT: count=24, length=228
6:101  0:003  === [ ACPIPatchedAML ] ==========================
6:105  0:003  AutoMerge pass 1
6:109  0:003  Unsorted
6:115  0:006  Inserting SSDT-EC.aml from \EFI\CLOVER\ACPI\patched: ignore on pass 1
6:123  0:008  Inserting SSDT-PLUG-_SB.PR00.aml from \EFI\CLOVER\ACPI\patched: ignore on pass 1
6:137  0:013  Inserting SSDT-PM.aml from \EFI\CLOVER\ACPI\patched: ignore on pass 1
6:145  0:008  Inserting SSDT-PMC.aml from \EFI\CLOVER\ACPI\patched: ignore on pass 1
6:156  0:010  === [ ACPIDropTables ] ==========================
6:160  0:003  OCABC: AllocPages 1 0x7A2F3000 (2) - Success
6:163  0:003  OCABC: AllocPages 1 0x7A2F3000 (2) - Success
6:170  0:006  OCABC: AllocPages 1 0x7A2F3000 (2) - Success
6:174  0:003  OCABC: AllocPages 1 0x7A2F3000 (2) - Success
6:178  0:004  OCABC: AllocPages 1 0x7A2F3000 (2) - Success
6:182  0:003  OCABC: AllocPages 1 0x7A2F3000 (2) - Success
6:187  0:005  Patching SSDTs: 2 patches each
6:192  0:004   pattern 4543305F, bin not found / already patched!
6:200  0:008   pattern 48454349, bin not found / already patched!
6:211  0:010  OCABC: AllocPages 1 0x7A2F0000 (3) - Success
6:215  0:004  Patching SSDTs: 2 patches each
6:219  0:004   pattern 4543305F, bin not found / already patched!
6:229  0:010   pattern 48454349, bin not found / already patched!
6:238  0:008  Found OperationRegion(PNVS, SystemMemory, 7ADF3000, ...)
6:244  0:006  OCABC: AllocPages 1 0x7A2EB000 (5) - Success
6:248  0:003  Patching SSDTs: 2 patches each
6:252  0:003   pattern 4543305F, bin not found / already patched!
6:260  0:008   pattern 48454349, bin not found / already patched!
6:268  0:007  Found OperationRegion(SANV, SystemMemory, 7A3D2118, ...)
6:273  0:005  OCABC: AllocPages 1 0x7A2E7000 (4) - Success
6:278  0:004  Patching SSDTs: 2 patches each
6:282  0:004   pattern 4543305F, bin not found / already patched!
6:292  0:009   pattern 48454349, bin not found / already patched!
6:300  0:008  OCABC: AllocPages 1 0x7A2E5000 (2) - Success
6:304  0:004  OCABC: AllocPages 1 0x7A2E5000 (2) - Success
6:310  0:005  Patching SSDTs: 2 patches each
6:317  0:006   pattern 4543305F, bin not found / already patched!
6:324  0:007   pattern 48454349, bin not found / already patched!
6:335  0:011  OCABC: AllocPages 1 0x7A166000 (4) - Success
6:340  0:004  Patching SSDTs: 2 patches each
6:344  0:004   pattern 4543305F, bin not found / already patched!
6:357  0:012   pattern 48454349, bin not found / already patched!
6:365  0:008  OCABC: AllocPages 1 0x7A2E3000 (2) - Success
6:371  0:006  OCABC: AllocPages 1 0x7A2E3000 (2) - Success
6:376  0:004  OCABC: AllocPages 1 0x7A162000 (4) - Success
6:380  0:004  Patching SSDTs: 2 patches each
6:384  0:004   pattern 4543305F, bin not found / already patched!
6:394  0:010   pattern 48454349, bin not found / already patched!
6:403  0:008  OCABC: AllocPages 1 0x7A2E3000 (2) - Success
6:410  0:007  Patching SSDTs: 2 patches each
6:421  0:011   pattern 4543305F, bin not found / already patched!
6:429  0:008   pattern 48454349, bin not found / already patched!
6:438  0:008  OCABC: AllocPages 1 0x7A160000 (2) - Success
6:442  0:004  OCABC: AllocPages 1 0x7A160000 (2) - Success
6:446  0:004  OCABC: AllocPages 1 0x7A15F000 (3) - Success
6:450  0:004  Patching SSDTs: 2 patches each
6:454  0:004   pattern 4543305F, bin not found / already patched!
6:462  0:008   pattern 48454349, bin not found / already patched!
6:470  0:008  OCABC: AllocPages 1 0x7A15D000 (2) - Success
6:474  0:004  Patching SSDTs: 2 patches each
6:478  0:004   pattern 4543305F, bin not found / already patched!
6:486  0:008   pattern 48454349, bin not found / already patched!
6:495  0:008  Found OperationRegion(ADHD, SystemMemory, 78CD0000, ...)
6:499  0:004  Found OperationRegion(ABLK, SystemMemory, 78CD0020, ...)
6:503  0:003  OCABC: AllocPages 1 0x7A14D000 (16) - Success
6:507  0:004  OCABC: AllocPages 1 0x7A15B000 (2) - Success
6:511  0:004  OCABC: AllocPages 1 0x7A15B000 (2) - Success
6:516  0:004  === [ ACPIPatchedAML ] ==========================
6:520  0:004  AutoMerge pass 2
6:524  0:004  Unsorted
6:528  0:004  Inserting SSDT-EC.aml from \EFI\CLOVER\ACPI\patched: size=91 OCABC: AllocPages 1 0x7A15C000 (1) - Success
... Success
6:545  0:016  Inserting SSDT-PLUG-_SB.PR00.aml from \EFI\CLOVER\ACPI\patched: size=166 OCABC: AllocPages 1 0x7A15B000 (1) - Success
... Success
6:561  0:016  Inserting SSDT-PM.aml from \EFI\CLOVER\ACPI\patched: size=198 OCABC: AllocPages 1 0x7A15A000 (1) - Success
... Success
6:578  0:016  Inserting SSDT-PMC.aml from \EFI\CLOVER\ACPI\patched: size=143 OCABC: AllocPages 1 0x7A159000 (1) - Success
... Success
6:595  0:016  ApicCPUNum=1
6:599  0:004  Maximum control=0x24
6:603  0:004  Turbo control=0x31
6:607  0:004  P-States: min 0x8, max 0x31
6:611  0:003  SSDT with plugin-type without P-States is generated
6:615  0:003  OCABC: AllocPages 1 0x7A158000 (1) - Success
6:619  0:004  Cleanup XSDT: count=29, length=268
6:623  0:004  corrected XSDT count=29, length=268
6:627  0:004  === [ RestSetup macOS ] =========================
6:631  0:004  ATI injection not set
6:635  0:003  Intel UHD Graphics 630 [8086:3E98] :: PciRoot(0x0)\Pci(0x2,0x0)
6:639  0:003    Intel: no default properties
6:644  0:004  Intel GFX revision  = 0x0
6:648  0:004   RCBA disabled; cannot use it
6:652  0:004   setting specified layout-id=1 (0x1)
6:656  0:004  stringlength = 458
6:660  0:004  OCABC: AllocPages 1 0x7A157000 (1) - Success
6:664  0:004  CurrentMode: Width=1366 Height=768
6:668  0:003  SetNvramVariable (system-id, 4D1EDE05-38C7-4A6A-9CC6-4BCCA8B38C14, 0x2, 16): -> writing new (Success)
6:677  0:008  SetNvramVariable (MLB, 4D1EDE05-38C7-4A6A-9CC6-4BCCA8B38C14, 0x6, 17): -> writing new (Success)
6:686  0:009  SetNvramVariable (ROM, 4D1EDE05-38C7-4A6A-9CC6-4BCCA8B38C14, 0x6, 6): -> writing new (Success)
6:695  0:008  SetNvramVariable (FirmwareFeatures, 4D1EDE05-38C7-4A6A-9CC6-4BCCA8B38C14, 0x6, 4): -> writing new (Success)
6:704  0:008  SetNvramVariable (FirmwareFeaturesMask, 4D1EDE05-38C7-4A6A-9CC6-4BCCA8B38C14, 0x6, 4): -> writing new (Success)
6:712  0:008  SetNvramVariable (ExtendedFirmwareFeatures, 4D1EDE05-38C7-4A6A-9CC6-4BCCA8B38C14, 0x6, 8): -> writing new (Success)
6:721  0:008  SetNvramVariable (ExtendedFirmwareFeaturesMask, 4D1EDE05-38C7-4A6A-9CC6-4BCCA8B38C14, 0x6, 8): -> writing new (Success)
6:730  0:008  AddNvramVariable (HW_BID, 4D1EDE05-38C7-4A6A-9CC6-4BCCA8B38C14, 0x6, 20): -> writing new (Success)
6:739  0:008  AddNvramVariable (security-mode, 7C436110-AB2A-4BBB-A880-FE41995C9F82, 0x7, 5): -> already exists, abort
6:747  0:008  set DefaultBackgroundColor=0xfbfbfb
6:751  0:004  SetNvramVariable (DefaultBackgroundColor, 4D1EDE05-38C7-4A6A-9CC6-4BCCA8B38C14, 0x7, 4): -> writing new (Success)
6:764  0:012  SetNvramVariable (ActualDensity, 7C436110-AB2A-4BBB-A880-FE41995C9F82, 0x7, 2): exists(0x7, 2), equal -> not writing again.
6:776  0:012  SetNvramVariable (DensityThreshold, 7C436110-AB2A-4BBB-A880-FE41995C9F82, 0x7, 2): exists(0x7, 2), equal -> not writing again.
6:788  0:012  SetNvramVariable (gfx-saved-config-restore-status, 4D1EDE05-38C7-4A6A-9CC6-4BCCA8B38C14, 0x7, 8): exists(0x7, 8), equal -> not writing again.
6:801  0:012  DeleteNvramVariable (UIScale, 4D1EDE05-38C7-4A6A-9CC6-4BCCA8B38C14):
6:806  0:005  DeleteNvramVariable (EFILoginHiDPI, 7C436110-AB2A-4BBB-A880-FE41995C9F82):
6:810  0:004  SetNvramVariable (flagstate, 7C436110-AB2A-4BBB-A880-FE41995C9F82, 0x7, 32): exists(0x7, 32), equal -> not writing again.
6:822  0:012  SetNvramVariable (csr-active-config, 7C436110-AB2A-4BBB-A880-FE41995C9F82, 0x7, 4): exists(0x7, 4), equal -> not writing again.
6:835  0:012  DeleteNvramVariable (BridgeOSHardwareModel, 4D1EDE05-38C7-4A6A-9CC6-4BCCA8B38C14):
6:840  0:004  DeleteNvramVariable (bootercfg, 7C436110-AB2A-4BBB-A880-FE41995C9F82):
6:845  0:005  DeleteNvramVariable (nvda_drv, 7C436110-AB2A-4BBB-A880-FE41995C9F82):
6:849  0:004  DeleteNvramVariable (recovery-boot-mode, 7C436110-AB2A-4BBB-A880-FE41995C9F82):
6:854  0:004  DeleteNvramVariable (install-product-url, 7C436110-AB2A-4BBB-A880-FE41995C9F82):
6:859  0:004  DeleteNvramVariable (previous-system-uuid, 7C436110-AB2A-4BBB-A880-FE41995C9F82):
6:863  0:004  AddNvramVariable (wake-failure, 7C436110-AB2A-4BBB-A880-FE41995C9F82, 0x7, 5): -> already exists, abort
6:872  0:008  DeleteNvramVariable (opencore-version, 7C436110-AB2A-4BBB-A880-FE41995C9F82):
6:876  0:004  DeleteNvramVariable (ApBoardID, 94B73556-2197-4702-82A8-3E1337DAFBFB):
6:881  0:004  DeleteNvramVariable (ApSecurityDomain, 94B73556-2197-4702-82A8-3E1337DAFBFB):
6:886  0:004  DeleteNvramVariable (ApProductionStatus, 94B73556-2197-4702-82A8-3E1337DAFBFB):
6:890  0:004  DeleteNvramVariable (ApSecurityMode, 94B73556-2197-4702-82A8-3E1337DAFBFB):
6:895  0:004  DeleteNvramVariable (EffectiveProductionStatus, 94B73556-2197-4702-82A8-3E1337DAFBFB):
6:903  0:007  DeleteNvramVariable (EffectiveSecurityMode, 94B73556-2197-4702-82A8-3E1337DAFBFB):
6:910  0:007  DeleteNvramVariable (CertificateEpoch, 94B73556-2197-4702-82A8-3E1337DAFBFB):
6:915  0:004  DeleteNvramVariable (MixNMatchPreventionStatus, 94B73556-2197-4702-82A8-3E1337DAFBFB):
6:919  0:004  DeleteNvramVariable (CryptoDigestMethod, 94B73556-2197-4702-82A8-3E1337DAFBFB):
6:924  0:004  DeleteNvramVariable (InternalUseOnlyUnit, 94B73556-2197-4702-82A8-3E1337DAFBFB):
6:929  0:004  DeleteNvramVariable (ApECID, 94B73556-2197-4702-82A8-3E1337DAFBFB):
6:933  0:004  DeleteNvramVariable (HardwareModel, 94B73556-2197-4702-82A8-3E1337DAFBFB):
6:937  0:004  Use origin smbios table type 1 guid.
6:960  0:023  DeleteNvramVariable (efi-boot-device, 7C436110-AB2A-4BBB-A880-FE41995C9F82):
6:966  0:005  DeleteNvramVariable (efi-boot-device-data, 7C436110-AB2A-4BBB-A880-FE41995C9F82):
6:974  0:007  DeleteNvramVariable (BootCampHD, 7C436110-AB2A-4BBB-A880-FE41995C9F82):
6:980  0:006  Custom boot screen not used because entry has unset use graphics
6:986  0:005  DeleteNvramVariable (IOHibernateRTCVariables, 7C436110-AB2A-4BBB-A880-FE41995C9F82):
6:991  0:005  DeleteNvramVariable (boot-image, 7C436110-AB2A-4BBB-A880-FE41995C9F82):
6:996  0:004  Kernel quirks
6:999  0:003  ACPCL 1 AXCL 1 AXEM 0 AXFB 0 CSG 0 DIM 0 DLJ 0 DRC 1 DPM 0 EBTFF 0 EDI 0 FAI 0 IPBS 0 LKP 0 PNKD 0 PTKP 0 TPD 0 XPL 0 PCC 0
7:003  0:004  Closing log
7:008  0:004  OCABC: AllocPages 2 0x91000 (14) - Success
7:012  0:004  OCABC: AllocPages 2 0x6F7C8000 (14) - Success
7:017  0:005  OCABC: Patching safe mode sur-2 at off 5FB5
7:021  0:004  OCABC: AllocPages 2 0x77848000 (512) - Success
7:025  0:004  OCABC: AllocPages 2 0x77847000 (1) - Success
7:029  0:004  OC: Supported boot capabilities 4
7:035  0:005  OCOS: OS set: <null> macOS 11.0
7:039  0:003  OCOS: OS set: Apple Inc. macOS 11.0
7:043  0:004  OCOS: Should use black background
7:047  0:004  OCABC: AllocPages 1 0x6D351000 (1) - Success
7:063  0:015  OC: Opening file System\Library\Kernels\kernel with 1 mode gave - Not Found
7:067  0:004  OC: Opening file \A490645D-B724-4FBC-9AC8-F7A23B1C4935 with 1 mode gave - Success
7:071  0:004  OC: Opening file \A490645D-B724-4FBC-9AC8-F7A23B1C4935\com.apple.installer\com.apple.Boot.plist with 1 mode gave - Success
7:076  0:004  OC: Opening file \A490645D-B724-4FBC-9AC8-F7A23B1C4935\com.apple.installer\PlatformSupport.plist with 1 mode gave - Success
7:080  0:004  OCABC: AllocPages 2 0x14B00000 (121199) - Success
7:087  0:007  OC: Opening file System\Library\Caches\com.apple.corestorage\EncryptedRoot.plist.wipekey with 1 mode gave - Success
7:096  0:008  OC: Opening file \A490645D-B724-4FBC-9AC8-F7A23B1C4935\com.apple.installer\boot.efi with 1 mode gave - Success
7:144  0:048  OC: Opening file \com.apple.installer\BootKernelExtensions.kc with 1 mode gave - Success
7:148  0:004  OC: Load and reserve Kext Other\FakeSMC.kext
7:152  0:004  OC: Load and reserve Kext Other\USBMapDummy.kext
7:157  0:004  OC: Load and reserve Kext Other\RadeonMonitor.kext
7:161  0:004  OC: Load and reserve Kext Other\IntelCPUMonitor.kext
7:165  0:004  OC: Kext reservation size info 506000 exe 3B000
7:169  0:003  OC: Trying 64-bit XNU hook on \com.apple.installer\BootKernelExtensions.kc
7:173  0:004  OCAK: Found 64-bit Mach-O compressed 0 offset 0 size 0
7:177  0:004  OCAK: Determined kernel size is 62734336 bytes
7:210  0:032  OC: Result of 64-bit XNU hook on \com.apple.installer\BootKernelExtensions.kc (00000000) is Success
7:257  0:046  OCAK: Read kernel version 23.4.0 (230400)
7:261  0:003  OCAK: 64-bit patcher base 0xFFFFFF8000200000 kmod 0x0 file 0x0
7:266  0:005  OCAK: Zeroing _xcpm_core_scope_msrs 0xE2 applicable CPUs (76)
7:270  0:003  OCAK: Zeroing _xcpm_core_scope_msrs 0xE2 applicable CPUs (406416)
7:274  0:004  OCAK: Zeroing _xcpm_core_scope_msrs 0xE2 applicable CPUs (16384)
7:279  0:005  Replace B9E20000000F30 by B9E20000009090 at ofs:30E
7:348  0:069  Replace B9E20000000F30 by B9E20000009090 at ofs:39B
7:419  0:070  OCAK: 64-bit XcpmCfgLockRel replace count - 2
7:423  0:004  OCAK: [OK] Success XcpmCfgLock patch
7:466  0:042  OCAK: org.netkas.FakeSMC got KXLD 0 0
7:470  0:004  OCAK: Requesting __LINKEDIT for org.netkas.FakeSMC - 6CE10398 at 3BD5000
7:474  0:003  OCAK: Requesting SymbolTable for org.netkas.FakeSMC - 601
7:478  0:003  OCAK: Requesting __LINKEDIT for __kernel__ - 69246688 at 0
7:482  0:004  OCAK: Requesting SymbolTable for __kernel__ - 22799
7:508  0:026  OCAK: Patching invalid size 2000 with 19DF000 for com.apple.iokit.IOACPIFamily
7:512  0:003  OCAK: com.apple.iokit.IOACPIFamily got KXLD 0 0
7:516  0:003  OCAK: Requesting __LINKEDIT for com.apple.iokit.IOACPIFamily - 6B431518 at 21F6000
7:520  0:004  OCAK: Requesting SymbolTable for com.apple.iokit.IOACPIFamily - 544
7:532  0:011  OCAK: Local relocs 1148 on FFFFFF8003CD5000
7:537  0:004  OC: Prelinked injection Other\FakeSMC.kext () - Success
7:541  0:004  OC: Prelinked injection Other\USBMapDummy.kext () - Success
7:545  0:004  OCAK: org.slice.RadeonMonitor got KXLD 0 0
7:549  0:003  OCAK: Requesting __LINKEDIT for org.slice.RadeonMonitor - 6CE28398 at 3BED000
7:553  0:003  OCAK: Requesting SymbolTable for org.slice.RadeonMonitor - 372
7:559  0:005  OCAK: Patching invalid size 32000 with 156F000 for com.apple.iokit.IOPCIFamily
7:563  0:004  OCAK: com.apple.iokit.IOPCIFamily got KXLD 0 0
7:567  0:003  OCAK: Requesting __LINKEDIT for com.apple.iokit.IOPCIFamily - 6B8A1518 at 2666000
7:571  0:004  OCAK: Requesting SymbolTable for com.apple.iokit.IOPCIFamily - 1531
7:579  0:008  OCAK: Requesting SymbolTable for org.netkas.FakeSMC - 191
7:589  0:009  OCAK: Local relocs 369 on FFFFFF8003CED000
7:593  0:004  OC: Prelinked injection Other\RadeonMonitor.kext () - Success
7:597  0:004  OCAK: org.slice.IntelCPUMonitor got KXLD 0 0
7:601  0:003  OCAK: Requesting __LINKEDIT for org.slice.IntelCPUMonitor - 6CE393E8 at 3BFE000
7:605  0:004  OCAK: Requesting SymbolTable for org.slice.IntelCPUMonitor - 363
7:614  0:008  OCAK: Local relocs 306 on FFFFFF8003CFE000
7:618  0:004  OC: Prelinked injection Other\IntelCPUMonitor.kext () - Success
7:622  0:004  OC: Prelink size 62980096 kext offset 62738432 reserved 241664
7:626  0:004  OCAK: KC TEXT is 65536 bytes with 61800 Mach-O headers need 400
7:644  0:017  OCAK: Failed to pk find com.apple.driver.AppleIntelCPUPowerManagement - Not Found
7:648  0:004  OCAK: [OK] Skipping PatchAppleCpuPmCfgLock on NULL Patcher on kernel version 230400
7:652  0:004  OCAK: Patching invalid size 5FF4 with 2193000 for com.apple.driver.AppleRTC
7:656  0:004  OCAK: com.apple.driver.AppleRTC got KXLD 0 0
7:660  0:004  Replace BE58000000/FFFEFFFFFF(BE58000000) by BEFFFF0000 at ofs:1AED
7:768  0:107  Replace BE58000000/FFFEFFFFFF(BE59000000) by BEFFFF0000 at ofs:1AFE
7:871  0:102  Replace BE58000000/FFFEFFFFFF(BE58000000) by BEFFFF0000 at ofs:1DE3
7:977  0:106  Replace BE58000000/FFFEFFFFFF(BE59000000) by BEFFFF0000 at ofs:1DF3
8:082  0:104  OCAK: 64-bit DisableRtcChecksum64 replace count - 4
8:087  0:004  OCAK: [OK] Patch success com.apple.driver.AppleRTC DisableRtcChecksum
8:209  0:121  OC: Prelinked status - Success
8:255  0:046  OC: Opening file usr\standalone\OS.dmg.root_hash with 1 mode gave - Not Found
8:271  0:016  OCABC: AllocPages 0 0x73070000 (1) - Success
8:275  0:004  OCABC: AllocPages 0 0x7306F000 (1) - Success
8:288  0:013  FixOwnership() -> begin
8:292  0:003  PCI Io found 18
8:296  0:003  USB XHCI reset for device A36D
8:300  0:003  ExtendCap=00008000
8:304  0:003    Value=02000802
8:310  0:006    Value=03011402
8:314  0:003    Value=005CFFC0
8:318  0:003    Value=00002201
