0:100  0:100  MemLog inited, TSC freq: 3600493060
0:100  0:000  CPU was calibrated with RTC
0:100  0:000  CloverX64 : Image base = 0x6D404000
0:100  0:000  Clover ImageHandle = 7627f318
0:101  0:001  SelfDirPath = \EFI\CLOVER
0:103  0:001  === [ Starting Clover ] =========================
0:103  0:000  Now is 24.11.2024,  18:17:52 (GMT)
0:103  0:000  Starting Clover revision: 5160 (master, commit 7b08a616e) on American Megatrends EFI
0:103  0:000  Build id: 20240909210805-7b08a61-dirty
0:103  0:000  Build with: [Args: -D NO_GRUB_DRIVERS_EMBEDDED -D LESS_DEBUG -t GCC131 | --cmd-len=50000 -D NO_GRUB_DRIVERS_EMBEDDED -D LESS_DEBUG --conf=/Users/sergey/src/CloverBootloader/Conf -D USE_LOW_EBDA -a X64 -b RELEASE -t GCC131 -n 5 | OS: 15]
0:103  0:000  === [ Get Smbios ] ==============================
0:103  0:000  Type 16 Index = 0
0:103  0:000  Total Memory Slots Count = 4
0:103  0:000  Type 17 Index = 0
0:103  0:000  SmbiosTable.Type17->SlotIndex = 0
0:103  0:000  SmbiosTable.Type17->ModuleSize = 8192MB
0:103  0:000  SmbiosTable.Type17->Type = 0
0:103  0:000  SmbiosTable.Type17->Frequency = 3200MHz
0:103  0:000  SmbiosTable.Type17->Bank/Device = BANK 0 ChannelA-DIMM1
0:103  0:000  SmbiosTable.Type17->Vendor = Corsair
0:103  0:000  SmbiosTable.Type17->SerialNo = 00000000
0:103  0:000  SmbiosTable.Type17->PartNo = CMK16GX4M2K4266C19
0:103  0:000  Type 17 Index = 1
0:103  0:000  SmbiosTable.Type17->SlotIndex = 1
0:103  0:000  SmbiosTable.Type17->ModuleSize = 8192MB
0:103  0:000  SmbiosTable.Type17->Type = 0
0:103  0:000  SmbiosTable.Type17->Frequency = 3200MHz
0:103  0:000  SmbiosTable.Type17->Bank/Device = BANK 1 ChannelA-DIMM2
0:103  0:000  SmbiosTable.Type17->Vendor = Corsair
0:103  0:000  SmbiosTable.Type17->SerialNo = 00000000
0:103  0:000  SmbiosTable.Type17->PartNo = CMK16GX4M2K4266C19
0:103  0:000  Type 17 Index = 2
0:103  0:000  Ignoring insane frequency value 0MHz
0:103  0:000  Type 17 Index = 3
0:103  0:000  Ignoring insane frequency value 0MHz
0:103  0:000  Boot status=0
0:103  0:000  Running on: 'System Product Name' with board 'PRIME Z390-A'
0:103  0:000  === [ GetCPUProperties ] ========================
0:103  0:000  CPU Vendor = 756E6547 Model=906EC
0:103  0:000   The CPU supported SSE4.1
0:103  0:000   The CPU supported RDRAND
0:103  0:000  BrandString = Intel(R) Core(TM) i7-9700K CPU @ 3.60GHz
0:103  0:000   The CPU supported turbo
0:103  0:000   Energy PerfBias is  visible:
0:103  0:000  MSR 0x35               80008
0:103  0:000   TSC/CCC Information Leaf:
0:103  0:000    numerator     : 300
0:103  0:000    denominator   : 2
0:103  0:000   Calibrated ARTFrequency: 24003287
0:103  0:000   Rounded ARTFrequency: 24000000
0:103  0:000  MSR 0xE2 before patch 1E000000
0:103  0:000  MSR 0xCE              08080838_F1012400
0:103  0:000  corrected FLEX_RATIO = E0000
0:103  0:000  MSR 0x1B0             00000000
0:103  0:000  FSBFrequency = 108 MHz, DMI FSBFrequency = 100 MHz, Corrected FSBFrequency = 100 MHz
0:103  0:000  MaxDiv/MinDiv: 36.0/8
0:103  0:000  Turbo: 47/49/49/49
0:103  0:000  Features: 0x77FAFBFFBFEBFBFF
0:103  0:000  Threads: 8
0:103  0:000  Cores: 8
0:103  0:000  FSB: 100 MHz
0:103  0:000  CPU: 3861 MHz
0:103  0:000  TSC: 3861 MHz
0:103  0:000  PIS: 100 MHz
0:103  0:000  ExternalClock: 25 MHz
0:103  0:000  === [ GetDevices ] ==============================
0:103  0:000  GOP found at: PciRoot(0x0)/Pci(0x1,0x0)/Pci(0x0,0x0)/AcpiAdr(0x80010302)
0:103  0:000  PCI (00|00:00.00) : 8086 3E30 class=060000
0:103  0:000  PCI (00|00:01.00) : 8086 1901 class=060400
0:103  0:000  PCI (00|01:00.00) : 1002 67DF class=030000
0:103  0:000   - GFX: Model=AMD Radeon RX 480/570/580 (ATI/AMD)
0:103  0:000   - GOP: Provided by device
0:103  0:000  PCI (00|01:00.01) : 1002 AAF0 class=040300
0:103  0:000   - HDMI Audio: 
0:103  0:000  PCI (00|00:02.00) : 8086 3E98 class=038000
0:103  0:000   - GFX: Model=Intel UHD Graphics 630 (Intel)
0:104  0:000  PCI (00|00:14.00) : 8086 A36D class=0C0330
0:104  0:000  PCI (00|00:14.02) : 8086 A36F class=050000
0:104  0:000  PCI (00|00:16.00) : 8086 A360 class=078000
0:104  0:000  PCI (00|00:17.00) : 8086 A352 class=010601
0:104  0:000  PCI (00|00:1B.00) : 8086 A340 class=060400
0:104  0:000  PCI (00|00:1C.00) : 8086 A338 class=060400
0:104  0:000  PCI (00|00:1D.00) : 8086 A330 class=060400
0:104  0:000  PCI (00|04:00.00) : 144D A808 class=010802
0:104  0:000  PCI (00|00:1F.00) : 8086 A305 class=060100
0:104  0:000  PCI (00|00:1F.03) : 8086 A348 class=040300
0:104  0:000  PCI (00|00:1F.04) : 8086 A323 class=0C0500
0:104  0:000  PCI (00|00:1F.05) : 8086 A324 class=0C8000
0:104  0:000  PCI (00|00:1F.06) : 8086 15BC class=020000
0:104  0:000   - LAN: 1 Vendor=Intel
0:104  0:000  Legacy MAC address of LAN #0= 40:B0:76:DE:9E:93:
0:104  0:000  _checkOEMPath Look for oem dir at path '\EFI\CLOVER\OEM\System Product Name--40-B0-76-DE-9E-93'. Dir doesn't exist.
0:104  0:000  _checkOEMPath Look for oem dir at path '\EFI\CLOVER\OEM\PRIME Z390-A\UEFI'. Dir doesn't exist.
0:104  0:000  _checkOEMPath Look for oem dir at path '\EFI\CLOVER\OEM\System Product Name'. Dir doesn't exist.
0:104  0:000  _checkOEMPath Look for oem dir at path '\EFI\CLOVER\OEM\System Product Name-3861'. Dir doesn't exist.
0:104  0:000  _checkOEMPath Look for oem dir at path '\EFI\CLOVER\OEM\PRIME Z390-A'. Dir doesn't exist.
0:104  0:000  _checkOEMPath Look for oem dir at path '\EFI\CLOVER\OEM\PRIME Z390-A-3861'. Dir doesn't exist.
0:104  0:000  === [ GetUserSettings ] =========================
0:104  0:000  GetDefaultModel()=iMac18,3
0:104  0:000  === [ LoadUserSettings ] ========================
0:105  0:000  Using config.plist at path: \EFI\CLOVER
0:106  0:000  === [ LoadUserSettings ] ========================
0:106  0:000  Cannot find smbios.plist at path '\EFI\CLOVER' : Not Found
0:106  0:000  '\EFI\CLOVER\smbios.plist' not loaded. Efi error Not Found
0:106  0:000  create SMBIOS list, found 27 dicts
0:106  0:000  ... ACPI
0:106  0:000  ... Boot
0:106  0:000  ... BootGraphics
0:106  0:000  ... Devices
0:106  0:000  ... DisableDrivers
0:106  0:000  ... GUI
0:106  0:000  ... Graphics
0:106  0:000  ... KernelAndKextPatches
0:106  0:000  ... SMBIOS
0:106  0:000  ... SystemParameters
0:106  0:000  ... RtVariables
0:106  0:000  ... Quirks
0:106  0:000  get model from config.plist
0:106  0:000  Using latest BiosVersion from config instead of default 'IM191.88Z.F000.B00.2302212211'
0:114  0:008  Using latest BiosReleaseDate from config instead of default '02/21/2023'
0:118  0:003  Using latest EfiVersion from config instead of default '1968.100.16.0.1'
0:122  0:004  BiosVersion: IM191.88Z.F000.B00.2308061817
0:126  0:003  BiosReleaseDate: 08/06/2023
0:130  0:003  EfiVersion: 2020.40.3.0.0
0:133  0:003  Calibrated TSC Frequency = 3600493060 = 3600MHz
0:137  0:003  === [ GetListOfThemes ] =========================
0:141  0:003  - [00]: random
0:149  0:008  - [00]: embedded
0:157  0:008  === [ Found config plists ] =====================
0:161  0:003  - config.plist
0:168  0:007  === [ LoadDrivers ] =============================
0:173  0:004  Loading NvmExpressDxe.efi status=Success
0:185  0:012   - driver needs connecting
0:189  0:003  Loading EnglishDxe.efi status=Success
0:202  0:012  Loading VBoxHfs.efi status=Success
0:220  0:017   - driver needs connecting
0:224  0:003  Loading PartitionDxe.efi status=Success
0:236  0:012   - driver needs connecting
0:240  0:003  Loading ApfsDriverLoader.efi status=Success
0:253  0:012   - driver needs connecting
0:257  0:004  4 drivers needs connecting ...
0:257  0:000  PlatformDriverOverrideProtocol not found. Installing ... Success
0:258  0:000  Partition driver loaded: 
0:258  0:000  HFS+ driver loaded
0:258  0:000  APFS driver loaded
0:258  0:000  Searching for invalid DiskIo BY_DRIVER connects: not found, all ok
0:463  0:204  === [ InitScreen ] ==============================
0:467  0:004  Console modes reported: 4, available modes:
0:471  0:003   - [01]: 80x25 (current mode)
0:475  0:004   - [03]: 100x31
0:479  0:004   - [04]: 170x40
0:483  0:003  SetScreenResolution: 1920x1080 - not found!
0:491  0:008  SetMaxResolution: found best mode 0: 1366x768
0:499  0:007   - already set
0:504  0:004  Using embedded font
0:508  0:004  === [ ScanSPD ] =================================
0:515  0:006  SMBus device : 8086 A323 class=0C0500 status=Success
0:519  0:003  SMBus CmdReg: 0x3
0:523  0:003  Scanning SMBus [8086:A323], mmio: 0x12116004, ioport: 0xEFA0, hostc: 0x11
0:527  0:003  Slots to scan [8]...
0:534  0:007  SPD[0]: Got invalid type 0 @0x50. Will set page and retry.
0:541  0:007  SPD[0]: Type 12 @0x50
0:563  0:021  XMP Profile1: 4*125 -31 ns
0:567  0:003  Found module with XMP version 2.0
0:570  0:003  Using XMP Profile1 instead of standard frequency 2132MHz
0:574  0:003  DDR speed 4264MHz
0:578  0:003  Slot: 0 Type 26 8192MB 4264MHz Vendor=Corsair PartNo=CMK16GX4M2K4266C19 SerialNo=00000000
0:583  0:004  SPD[1]: Type 12 @0x51
0:604  0:021  XMP Profile1: 4*125 -31 ns
0:608  0:003  Found module with XMP version 2.0
0:612  0:003  Using XMP Profile1 instead of standard frequency 2132MHz
0:616  0:004  DDR speed 4264MHz
0:620  0:004  Slot: 1 Type 26 8192MB 4264MHz Vendor=Corsair PartNo=CMK16GX4M2K4266C19 SerialNo=00000000
0:625  0:004  === [ GetAcpiTablesList ] =======================
0:629  0:003  Get Acpi Tables List from RSDT: count=24
0:637  0:007   - [00]: FACP  A M I  len=132
0:641  0:004   - [01]: APIC  A M I  len=188
0:645  0:003   - [02]: FPDT  A M I  len=68
0:649  0:003   - [03]: FIDT  A M I len=156
0:653  0:004   - [04]: MCFG  A M I  len=60
0:657  0:004   - [05]: WSMT  A M I  len=40
0:661  0:003   - [06]: SSDT  SataTabl len=888
0:665  0:004   - [07]: SSDT  CpuSsdt len=6101
0:669  0:004   - [08]: SSDT  SaSsdt  len=12443
0:673  0:004   - [09]: SSDT  PegSsdt len=9048
0:677  0:003   - [10]: HPET  A M I  len=56
0:681  0:004   - [11]: SSDT  Ther_Rvp len=3998
0:685  0:003   - [12]: SSDT  xh_cfsd4 len=10579
0:689  0:003   - [13]: UEFI  A M I  len=72
0:693  0:003   - [14]: LPIT  A M I  len=92
0:697  0:003   - [15]: SSDT  PtidDevc len=10206
0:701  0:004   - [16]: SSDT  TbtTypeC len=4094
0:705  0:004   - [17]: DBGP  A M I  len=52
0:709  0:004   - [18]: DBG2  A M I  len=84
0:713  0:003   - [19]: SSDT  UsbCTabl len=6449
0:717  0:003   - [20]: SSDT  ADebTabl len=324
0:721  0:004   - [21]: VFCT  A M I  len=59524
0:725  0:003   - [22]: BGRT  A M I  len=56
0:729  0:003   - [23]: WPBT  A M I len=60
0:733  0:004   - [00]: Drop table : MATS,                0 :  no
0:741  0:007  Custom boot CUSTOM_BOOT_DISABLED (0x0)
0:745  0:004  Default theme: embedded
0:750  0:004  Set FakeCPUID: 0x0
0:754  0:004  === [ Found DSDT tables ] =======================
0:759  0:004  === [ InitKextList ] ============================
0:764  0:004  Added Kext=Other\USBMapDummy.kext (1.0)
0:768  0:004  Added Kext=Other\RadeonMonitor.kext (1.3.5)
0:773  0:004  Added Kext=Other\FakeSMC.kext (3.5.6)
0:777  0:004  Added Kext=Other\IntelCPUMonitor.kext (1.2.6)
0:783  0:005  === [ ScanVolumes ] =============================
0:787  0:004  Found 10 volumes with blockIO
0:792  0:004  - [00]: Volume: PciRoot(0x0)\Pci(0x17,0x0)\Sata(0x0,0xFFFF,0x0)
0:800  0:008  - [01]: Volume: PciRoot(0x0)\Pci(0x17,0x0)\Sata(0x0,0xFFFF,0x0)\HD(1,GPT,38DCC513-D608-408E-9D2F-1469C8B906A0,0x28,0x64000)
0:809  0:008          Result of bootcode detection: bootable unknown (legacy)
0:814  0:005            label : EFI
0:818  0:004  - [02]: Volume: PciRoot(0x0)\Pci(0x17,0x0)\Sata(0x0,0xFFFF,0x0)\HD(2,GPT,C20AA839-E88E-4CED-8CAB-9480B290394C,0x64028,0x15D466360)
0:844  0:025            label : Dati
0:848  0:004  - [03]: Volume: PciRoot(0x0)\Pci(0x1D,0x0)\Pci(0x0,0x0)\NVMe(0x1,CA-8F-B2-81-58-38-25-00)
0:856  0:008  - [04]: Volume: PciRoot(0x0)\Pci(0x1D,0x0)\Pci(0x0,0x0)\NVMe(0x1,CA-8F-B2-81-58-38-25-00)\HD(1,GPT,6E40A227-DDED-4325-B7CE-3959620EB39E,0x28,0x64000)
0:864  0:008          Result of bootcode detection: bootable unknown (legacy)
0:868  0:004            label : EFI
0:872  0:003          This is SelfVolume !!
0:876  0:004  - [05]: Volume: PciRoot(0x0)\Pci(0x1D,0x0)\Pci(0x0,0x0)\NVMe(0x1,CA-8F-B2-81-58-38-25-00)\HD(2,GPT,9508A8C6-F9B9-4EDD-ABC7-C1C4A019C410,0x64028,0x3A321FE0)
0:884  0:008          Result of bootcode detection: bootable unknown (legacy)
0:888  0:004  - [06]: Volume: PciRoot(0x0)\Pci(0x1D,0x0)\Pci(0x0,0x0)\NVMe(0x1,CA-8F-B2-81-58-38-25-00)\HD(2,GPT,9508A8C6-F9B9-4EDD-ABC7-C1C4A019C410,0x64028,0x3A321FE0)\VenMedia(BE74FCF7-0B7C-49F3-9147-01F4042E6842,F2738F7DD5B89341BB89C99D72294438)
0:896  0:007            apfsFileSystemUUID=7D8F73F2-B8D5-4193-BB89-C99D72294438, ApfsContainerUUID=85F3C012-2D6D-4FA1-A77E-71D7470E7FA2, ApfsRole=0x10
0:901  0:004            label : Preboot
0:905  0:004  - [07]: Volume: PciRoot(0x0)\Pci(0x1D,0x0)\Pci(0x0,0x0)\NVMe(0x1,CA-8F-B2-81-58-38-25-00)\HD(2,GPT,9508A8C6-F9B9-4EDD-ABC7-C1C4A019C410,0x64028,0x3A321FE0)\VenMedia(BE74FCF7-0B7C-49F3-9147-01F4042E6842,5D6490A424B7BC4F9AC8F7A23B1C4935)
0:913  0:008            apfsFileSystemUUID=A490645D-B724-4FBC-9AC8-F7A23B1C4935, ApfsContainerUUID=85F3C012-2D6D-4FA1-A77E-71D7470E7FA2, ApfsRole=0x0
0:930  0:016            label : Macintosh HD
0:934  0:004  - [08]: Volume: PciRoot(0x0)\Pci(0x1D,0x0)\Pci(0x0,0x0)\NVMe(0x1,CA-8F-B2-81-58-38-25-00)\HD(2,GPT,9508A8C6-F9B9-4EDD-ABC7-C1C4A019C410,0x64028,0x3A321FE0)\VenMedia(BE74FCF7-0B7C-49F3-9147-01F4042E6842,B6D67091A529BA4BA6736F0E24A99093)
0:942  0:007            apfsFileSystemUUID=9170D6B6-29A5-4BBA-A673-6F0E24A99093, ApfsContainerUUID=85F3C012-2D6D-4FA1-A77E-71D7470E7FA2, ApfsRole=0x4
0:946  0:004            label : Recovery
0:950  0:004  - [09]: Volume: PciRoot(0x0)\Pci(0x1D,0x0)\Pci(0x0,0x0)\NVMe(0x1,CA-8F-B2-81-58-38-25-00)\HD(2,GPT,9508A8C6-F9B9-4EDD-ABC7-C1C4A019C410,0x64028,0x3A321FE0)\VenMedia(BE74FCF7-0B7C-49F3-9147-01F4042E6842,55B78B2757452849A2D432E0BB550617)
0:958  0:008            apfsFileSystemUUID=278BB755-4557-4928-A2D4-32E0BB550617, ApfsContainerUUID=85F3C012-2D6D-4FA1-A77E-71D7470E7FA2, ApfsRole=0x8
0:962  0:004            label : VM
0:966  0:004  No AudioIoProtocols, status=Not Found
0:970  0:004  === [ InitXTheme ] ==============================
0:974  0:004  use Daylight theme
0:978  0:003   using embedded theme
0:991  0:012  Using embedded font
0:995  0:004  theme inited
0:999  0:004  Chosen embedded theme
1:003  0:004  after NVRAM boot-args=dart=0 -v
1:007  0:003  Scanning legacy ...
1:011  0:003  === [ Dump SMC keys from NVRAM ] ================
1:015  0:003  found AppleSMC protocol
1:027  0:011     fakesmc-key-RVBF-ch8*:02 46 0F 00 00 12 
1:060  0:033     fakesmc-key-#KEY-ui32:00 00 00 11 
1:085  0:024     fakesmc-key-$Adr-ui32:00 00 03 00 
1:111  0:025     fakesmc-key-$Num-ui8:01 
1:124  0:013     fakesmc-key-RMde-char:41 
1:137  0:013     fakesmc-key-RBr -ch8*:6A 31 33 38 5F 39 00 00 
1:177  0:040     fakesmc-key-EPCI-ui32:09 D0 F0 00 
1:201  0:024     fakesmc-key-REV -ch8*:02 46 0F 00 00 12 
1:234  0:032     fakesmc-key-RPlt-ch8*:6A 31 33 38 00 00 00 00 
1:274  0:040     fakesmc-key-BEMB-flag:00 
1:287  0:012     fakesmc-key-BATP-flag:00 
1:300  0:012     fakesmc-key-BNum-ui8:00 
1:313  0:013     fakesmc-key-MSTc-ui8:00 
1:330  0:016     fakesmc-key-MSAc-ui16:00 00 
1:350  0:019     fakesmc-key-MSWr-ui8:00 
1:363  0:012     fakesmc-key-MSFW-ui8:01 00 
1:380  0:016     fakesmc-key-MSPS-ui16:00 03 
1:401  0:021  Registered 17 SMC keys
1:409  0:008  === [ ScanLoader ] ==============================
1:414  0:004  - [01]: 'EFI'
1:439  0:025  - [02]: 'Dati'
1:477  0:037  - [04]: 'EFI'
1:488  0:011        AddLoaderEntry for Volume Name=EFI, idx=0
1:492  0:003        OSVersion= 
1:496  0:003        IconName=unknown comma=-1 size=7
1:500  0:004        Full=unknown
1:504  0:004        Loader entry created for 'PciRoot(0x0)\Pci(0x1D,0x0)\Pci(0x0,0x0)\NVMe(0x1,CA-8F-B2-81-58-38-25-00)\HD(1,GPT,6E40A227-DDED-4325-B7CE-3959620EB39E,0x28,0x64000)\EFI\BOOT\BOOTX64.efi'
1:508  0:004       hiding entry: \EFI\BOOT\BOOTX64.efi
1:512  0:004        Menu entry added at index 0
1:516  0:004       hiding entry because DiskKind is DISK_KIND_INTERNAL: \EFI\BOOT\BOOTX64.efi
1:520  0:003  - [06]: 'Preboot'
1:528  0:007      ApfsContainerUUID=85F3C012-2D6D-4FA1-A77E-71D7470E7FA2
1:533  0:004      ApfsFileSystemUUID=7D8F73F2-B8D5-4193-BB89-C99D72294438
1:537  0:004      APFSTargetUUID=A490645D-B724-4FBC-9AC8-F7A23B1C4935
1:541  0:004        AddLoaderEntry for Volume Name=Preboot, idx=1
1:545  0:004        OSVersion=10.14.6 
1:549  0:003        Check if volume Is Hibernated:
1:553  0:003        Check sleep image 'by signature':
1:557  0:003        using default sleep image name = \private\var\vm\sleepimage
1:561  0:003        cannot open sleepimage -> Not Found
1:565  0:004        hibernated: no - sign
1:569  0:003        IconName=moja,mac comma=4 size=8
1:573  0:004        first=os_moja
1:577  0:004        Second=os_mac
1:581  0:004        IconName=unknown comma=-1 size=7
1:585  0:004        Full=unknown
1:589  0:003        Loader entry created for 'PciRoot(0x0)\Pci(0x1D,0x0)\Pci(0x0,0x0)\NVMe(0x1,CA-8F-B2-81-58-38-25-00)\HD(2,GPT,9508A8C6-F9B9-4EDD-ABC7-C1C4A019C410,0x64028,0x3A321FE0)\VenMedia(BE74FCF7-0B7C-49F3-9147-01F4042E6842,F2738F7DD5B89341BB89C99D72294438)\A490645D-B724-4FBC-9AC8-F7A23B1C4935\System\Library\CoreServices\boot.efi'
1:594  0:004        Menu entry added at index 1
1:598  0:004      Dead installer entry found (installer dmg boot file not found : '\macOS Install Data\BaseSystem.dmg')
1:602  0:004  - [07]: 'Macintosh HD'
1:611  0:008      ApfsContainerUUID=85F3C012-2D6D-4FA1-A77E-71D7470E7FA2
1:614  0:003      ApfsFileSystemUUID=A490645D-B724-4FBC-9AC8-F7A23B1C4935
1:621  0:006        AddLoaderEntry for Volume Name=Macintosh HD, idx=2
1:629  0:007        OSVersion=10.14.6 
1:633  0:004        Check if volume Is Hibernated:
1:637  0:004        Check sleep image 'by signature':
1:642  0:005        read prefs \Library\Preferences\com.apple.PowerManagement.plist status=Success
1:646  0:004        using default sleep image name = \private\var\vm\sleepimage
1:650  0:004        cannot open sleepimage -> Not Found
1:654  0:003        hibernated: no - sign
1:658  0:003        IconName=moja,mac comma=4 size=8
1:662  0:004        first=os_moja
1:666  0:003        Second=os_mac
1:671  0:004        IconName=unknown comma=-1 size=7
1:674  0:003        Full=unknown
1:678  0:003        Loader entry created for 'PciRoot(0x0)\Pci(0x1D,0x0)\Pci(0x0,0x0)\NVMe(0x1,CA-8F-B2-81-58-38-25-00)\HD(2,GPT,9508A8C6-F9B9-4EDD-ABC7-C1C4A019C410,0x64028,0x3A321FE0)\VenMedia(BE74FCF7-0B7C-49F3-9147-01F4042E6842,5D6490A424B7BC4F9AC8F7A23B1C4935)\System\Library\CoreServices\boot.efi'
1:683  0:004        Menu entry added at index 2
1:688  0:004  - [08]: 'Recovery'
1:695  0:007      ApfsContainerUUID=85F3C012-2D6D-4FA1-A77E-71D7470E7FA2
1:699  0:003      ApfsFileSystemUUID=9170D6B6-29A5-4BBA-A673-6F0E24A99093
1:703  0:003      APFSTargetUUID=A490645D-B724-4FBC-9AC8-F7A23B1C4935
1:707  0:003        AddLoaderEntry for Volume Name=Recovery, idx=3
1:714  0:007        OSVersion=10.14.6 
1:718  0:003        IconName=moja,mac comma=4 size=8
1:722  0:004        first=os_moja
1:726  0:003        Second=os_mac
1:730  0:003        IconName=unknown comma=-1 size=7
1:737  0:006        Full=unknown
1:741  0:003        Loader entry created for 'PciRoot(0x0)\Pci(0x1D,0x0)\Pci(0x0,0x0)\NVMe(0x1,CA-8F-B2-81-58-38-25-00)\HD(2,GPT,9508A8C6-F9B9-4EDD-ABC7-C1C4A019C410,0x64028,0x3A321FE0)\VenMedia(BE74FCF7-0B7C-49F3-9147-01F4042E6842,B6D67091A529BA4BA6736F0E24A99093)\A490645D-B724-4FBC-9AC8-F7A23B1C4935\boot.efi'
1:745  0:004        Menu entry added at index 3
1:749  0:003  - [09]: 'VM'
1:757  0:008      ApfsContainerUUID=85F3C012-2D6D-4FA1-A77E-71D7470E7FA2
1:762  0:004      ApfsFileSystemUUID=278BB755-4557-4928-A2D4-32E0BB550617
1:766  0:003  Entries list before ordering
1:770  0:004      Entry 0 : Boot UEFI internal from EFI (hidden)
1:774  0:003      Entry 1 : Boot Mac OS from Macintosh HD via Preboot
1:778  0:003      Entry 2 : Boot macOS from Macintosh HD
1:782  0:003      Entry 3 : Boot Mac OS Recovery for Macintosh HD via Recovery
1:786  0:004  Hiding entry 1 because of entry 2
1:790  0:004  Entries list after ordering
1:794  0:004    Entry 0 : Boot UEFI internal from EFI (hidden)
1:798  0:003    Entry 1 : Boot Mac OS from Macintosh HD via Preboot (hidden)
1:802  0:003    Entry 2 : Boot macOS from Macintosh HD
1:806  0:003    Entry 3 : Boot Mac OS Recovery for Macintosh HD via Recovery
1:810  0:003  === [ AddCustomTool ] ===========================
1:814  0:004  found tool \EFI\CLOVER\tools\Shell64U.efi
1:818  0:004  Checking EFI partition Volume 1 for Clover
1:824  0:006   Found Clover
1:828  0:004  === [ GetEfiBootDeviceFromNvram ] ===============
1:833  0:004   - [!] efi-boot-device-data not found
1:837  0:004   - found entry 0. 'Boot macOS from Macintosh HD', Volume 'Macintosh HD', DevicePath 'PciRoot(0x0)\Pci(0x1D,0x0)\Pci(0x0,0x0)\NVMe(0x1,CA-8F-B2-81-58-38-25-00)\HD(2,GPT,9508A8C6-F9B9-4EDD-ABC7-C1C4A019C410,0x64028,0x3A321FE0)\VenMedia(BE74FCF7-0B7C-49F3-9147-01F4042E6842,5D6490A424B7BC4F9AC8F7A23B1C4935)\System\Library\CoreServices\boot.efi'
1:840  0:003  BannerPlace at Clear Screen [619,68]
1:861  0:020  GUI ready
5:879  4:018  === [ StartLoader ] =============================
5:883  0:003  Starting PciRoot(0x0)\Pci(0x1D,0x0)\Pci(0x0,0x0)\NVMe(0x1,CA-8F-B2-81-58-38-25-00)\HD(2,GPT,9508A8C6-F9B9-4EDD-ABC7-C1C4A019C410,0x64028,0x3A321FE0)\VenMedia(BE74FCF7-0B7C-49F3-9147-01F4042E6842,5D6490A424B7BC4F9AC8F7A23B1C4935)\System\Library\CoreServices\boot.efi
5:887  0:003  Finally: ExternalClock=26MHz BusSpeed=100014kHz CPUFreq=3600MHz PIS: hw.busfrequency=104000000Hz
5:895  0:007  Beginning OC
5:899  0:004  OCST: Missing vault data, ignoring...
5:903  0:003  AddKextsInArray from Other
5:907  0:003  ->Extra kext: Other\USBMapDummy.kext (v.1.0)
5:911  0:003  ->Extra kext: Other\RadeonMonitor.kext (v.1.3.5)
5:915  0:003  ->Extra kext: Other\FakeSMC.kext (v.3.5.6)
5:919  0:003  ->Extra kext: Other\IntelCPUMonitor.kext (v.1.2.6)
5:923  0:004  AddKextsInArray from Off
5:927  0:003  AddKextsInArray from 10
5:931  0:003  AddKextsInArray from 10_normal
5:935  0:003  AddKextsInArray from 10.14
5:938  0:003  AddKextsInArray from 10.14_normal
5:943  0:004  AddKextsInArray from 10.14.6
5:947  0:003  AddKextsInArray from 10.14.6_normal
5:950  0:003  Bridge kext to OC : Path=Other\FakeSMC.kext
5:955  0:005  Bridge kext to OC : Path=Other\USBMapDummy.kext
5:960  0:004  Bridge kext to OC : Path=Other\RadeonMonitor.kext
5:964  0:004  Bridge kext to OC : Path=Other\IntelCPUMonitor.kext
5:970  0:005  Start 'OpenRuntime.efi' : Status Success
5:974  0:003  OC: config config.plist
5:978  0:003  OC: Got 0 drivers
5:982  0:004  OC: OpenCore DBG-102-2024-09-12 is loading in Optional mode (0/0)...
5:986  0:003  OC: StorageHandle 0 with  LauncherOption pointing to 
5:991  0:004  OcOSInfoInstallProtocol
5:995  0:003  OCRTC: OcAppleRtcRamInstallProtocol
5:998  0:003  OCRTC: Wake log is 0x00 0x00   0 0x00
6:002  0:003  OcAppleFbInfoInstallProtocol
6:006  0:003  OcAppleEg2InfoInstallProtocol
6:010  0:003  OC: Loading Apple Secure Boot with Disabled (level 0)
6:015  0:004  OCABC: ALRBL 0 RTDFRG 1 DEVMMIO 0 NOSU 0 NOVRWR 0 NOSB 0 FBSIG 0 NOHBMAP 0 SMSLIDE 1 WRUNPROT 1
6:019  0:003  OCABC: FEXITBS 0 PRMRG 0 CSLIDE 0 MSLIDE 0 PRSRV 0 RBMAP 0 VMAP 1 APPLOS 0 RTPERMS 1 ARBAR -1 RBIO 0
6:023  0:003  OCABC: Got rendezvous with OpenRuntime r12
6:027  0:003  OCABC: MAT support is 1
6:031  0:003  OC: RequestBootVarRouting 0
6:035  0:004  OCDM: Found 0x20046/0x2003C UEFI version (376 bytes, 0 rebuilding to 376) gST 7AB3C018 gBS 6D89B3A0 gBS->CreateEventEx 6D889904 &gBS 6D5732C0
6:039  0:003  OC: Setting GPU BARs to 0
6:043  0:004  OCDM: RBAR using PciIo
6:047  0:003  OCDM: Setting RBAR to 0 inc 1 on 3/18
6:051  0:003  OCDM: Capability I/O error - Unsupported
6:055  0:003  OCDM: RBAR is unsupported by device - Device Error
6:059  0:003  OCDM: Setting RBAR to 0 inc 1 on 5/18
6:063  0:003  OCDM: Capability I/O error - Unsupported
6:067  0:003  OCDM: RBAR is unsupported by device - Device Error
6:071  0:004  OC: Got 0 drivers
6:075  0:003  OCC: Installing GOP (Unsupported) on ConsoleOutHandle...
6:079  0:004  OC: Requested resolution is 1920x1080@0 (max: 0, force: 0) from 1920x1080
6:083  0:004  OCC: Using builtin text renderer with 1 scale
6:087  0:003  OCC: Install console control (6D55E3D0/6D882D88/0), current - Success
6:091  0:003  OCC: Setup ASCII Output - Success
6:095  0:003  OC: Requested console mode is 0x0 (max: 0) from 
6:099  0:003  OC: Invalid HibernateMode: 
6:103  0:003  OC: Translated HibernateMode  to 0
6:107  0:004  OC: Hibernation activation - Invalid Parameter, hibernation wake - no
6:111  0:004  OC: Panic log does not exist
6:115  0:004  OCABC: IsEfiBootRt 0 (BP 1, Apple 0)
6:120  0:005  OCB: Arch filtering 72E21018(592440)->72E21018(592440) caps 0 - Success
6:124  0:004  ImageHandle = 73084c18
6:132  0:007  GetOSVersion: 10.14.6 (B)
6:140  0:007  Filtering KextPatches:
6:144  0:003   - [00]: External icons patch :: BinPatch :: [OS: 10.14.6 | MatchOS: All | MatchBuild: All] ==> allowed
6:158  0:013   - [01]: USB Port Limit Patch 1 ©PMHeart :: BinPatch :: [OS: 10.14.6 | MatchOS: 10.14.4 | MatchBuild: All]
6:162  0:004   check MatchOS 10.14.4
6:166  0:003   ==> not allowed
6:169  0:003   - [02]: USB Port Limit Patch 2 ©PMHeart :: BinPatch :: [OS: 10.14.6 | MatchOS: 10.14.4 | MatchBuild: All]
6:173  0:003   check MatchOS 10.14.4
6:177  0:003   ==> not allowed
6:181  0:003   - [03]: USB Port Limit Patch 3 ©PMHeart :: BinPatch :: [OS: 10.14.6 | MatchOS: 10.14.4 | MatchBuild: All]
6:185  0:003   check MatchOS 10.14.4
6:189  0:003   ==> not allowed
6:193  0:003   - [04]: USB Port Limit Patch 1 ©PMHeart :: BinPatch :: [OS: 10.14.6 | MatchOS: 10.14.4 | MatchBuild: All]
6:197  0:004   check MatchOS 10.14.4
6:201  0:003   ==> not allowed
6:205  0:004   - [05]: USB Port Limit Patch 2 ©PMHeart :: BinPatch :: [OS: 10.14.6 | MatchOS: 10.14.4 | MatchBuild: All]
6:209  0:004   check MatchOS 10.14.4
6:213  0:003   ==> not allowed
6:217  0:003   - [06]: USB Port Limit Patch 3 ©PMHeart :: BinPatch :: [OS: 10.14.6 | MatchOS: 10.14.4 | MatchBuild: All]
6:221  0:004   check MatchOS 10.14.4
6:225  0:004   ==> not allowed
6:229  0:004   - [07]: USB Port Limit Patch 1 ©PMHeart :: BinPatch :: [OS: 10.14.6 | MatchOS: 10.14.4 | MatchBuild: All]
6:233  0:003   check MatchOS 10.14.4
6:237  0:003   ==> not allowed
6:241  0:004   - [08]: USB Port Limit Patch 2 ©PMHeart :: BinPatch :: [OS: 10.14.6 | MatchOS: 10.14.4 | MatchBuild: All]
6:245  0:003   check MatchOS 10.14.4
6:249  0:004   ==> not allowed
6:252  0:003   - [09]: USB Port Limit Patch 3 ©PMHeart :: BinPatch :: [OS: 10.14.6 | MatchOS: 10.14.4 | MatchBuild: All]
6:257  0:004   check MatchOS 10.14.4
6:261  0:003   ==> not allowed
6:264  0:003   - [10]: USB Port Limit Patch 1 ©PMHeart :: BinPatch :: [OS: 10.14.6 | MatchOS: 10.14.4 | MatchBuild: All]
6:268  0:003   check MatchOS 10.14.4
6:272  0:003   ==> not allowed
6:276  0:003   - [11]: USB Port Limit Patch 2 ©PMHeart :: BinPatch :: [OS: 10.14.6 | MatchOS: 10.14.4 | MatchBuild: All]
6:280  0:003   check MatchOS 10.14.4
6:284  0:003   ==> not allowed
6:288  0:003   - [12]: USB Port Limit Patch 3 ©PMHeart :: BinPatch :: [OS: 10.14.6 | MatchOS: 10.14.4 | MatchBuild: All]
6:292  0:004   check MatchOS 10.14.4
6:296  0:003   ==> not allowed
6:300  0:003   - [13]: USB Port Limit Patch 1 ©PMHeart :: BinPatch :: [OS: 10.14.6 | MatchOS: 10.14.4 | MatchBuild: All]
6:304  0:003   check MatchOS 10.14.4
6:307  0:003   ==> not allowed
6:311  0:003   - [14]: USB Port Limit Patch 2 ©PMHeart :: BinPatch :: [OS: 10.14.6 | MatchOS: 10.14.4 | MatchBuild: All]
6:315  0:003   check MatchOS 10.14.4
6:319  0:004   ==> not allowed
6:324  0:004   - [15]: USB Port Limit Patch 3 ©PMHeart :: BinPatch :: [OS: 10.14.6 | MatchOS: 10.14.4 | MatchBuild: All]
6:328  0:004   check MatchOS 10.14.4
6:332  0:004   ==> not allowed
6:336  0:003   - [16]: USB Port Limit Patch 1 ©PMHeart :: BinPatch :: [OS: 10.14.6 | MatchOS: 10.14.4 | MatchBuild: All]
6:340  0:004   check MatchOS 10.14.4
6:344  0:003   ==> not allowed
6:348  0:004   - [17]: USB Port Limit Patch 2 ©PMHeart :: BinPatch :: [OS: 10.14.6 | MatchOS: 10.14.4 | MatchBuild: All]
6:352  0:004   check MatchOS 10.14.4
6:356  0:004   ==> not allowed
6:360  0:003   - [18]: USB Port Limit Patch 3 ©PMHeart :: BinPatch :: [OS: 10.14.6 | MatchOS: 10.14.4 | MatchBuild: All]
6:364  0:003   check MatchOS 10.14.4
6:368  0:004   ==> not allowed
6:372  0:003   - [19]: USB Port Limit Patch 1 ©PMHeart :: BinPatch :: [OS: 10.14.6 | MatchOS: 10.14.4 | MatchBuild: All]
6:376  0:003   check MatchOS 10.14.4
6:380  0:003   ==> not allowed
6:384  0:004   - [20]: USB Port Limit Patch 2 ©PMHeart :: BinPatch :: [OS: 10.14.6 | MatchOS: 10.14.4 | MatchBuild: All]
6:388  0:004   check MatchOS 10.14.4
6:392  0:004   ==> not allowed
6:396  0:004   - [21]: USB Port Limit Patch 3 ©PMHeart :: BinPatch :: [OS: 10.14.6 | MatchOS: 10.14.4 | MatchBuild: All]
6:400  0:003   check MatchOS 10.14.4
6:404  0:003   ==> not allowed
6:408  0:003   - [22]: USB Port Limit Patch 1 ©PMHeart :: BinPatch :: [OS: 10.14.6 | MatchOS: 10.14.4 | MatchBuild: All]
6:412  0:003   check MatchOS 10.14.4
6:416  0:004   ==> not allowed
6:420  0:003   - [23]: USB Port Limit Patch 2 ©PMHeart :: BinPatch :: [OS: 10.14.6 | MatchOS: 10.14.4 | MatchBuild: All]
6:424  0:004   check MatchOS 10.14.4
6:428  0:003   ==> not allowed
6:432  0:003   - [24]: USB Port Limit Patch 3 ©PMHeart :: BinPatch :: [OS: 10.14.6 | MatchOS: 10.14.4 | MatchBuild: All]
6:436  0:003   check MatchOS 10.14.4
6:440  0:003   ==> not allowed
6:443  0:003   - [25]: USB port limit patch #1 10.14.x modify by DalianSky(credit ydeng) 10.14.x :: BinPatch :: [OS: 10.14.6 | MatchOS: 10.14.x | MatchBuild: All]
6:447  0:003   check MatchOS 10.14.x
6:451  0:004   ==> allowed
6:456  0:004   - [26]: USB port limit patch #2 10.14.x modify by DalianSky(credit PMHeart) 10.14.x :: BinPatch :: [OS: 10.14.6 | MatchOS: 10.14.x | MatchBuild: All]
6:460  0:004   check MatchOS 10.14.x
6:464  0:003   ==> allowed
6:467  0:003   - [27]: USB port limit patch #3 10.14.x modify by DalianSky(credit PMHeart) 10.14.x :: BinPatch :: [OS: 10.14.6 | MatchOS: 10.14.x | MatchBuild: All]
6:472  0:004   check MatchOS 10.14.x
6:475  0:003   ==> allowed
6:479  0:004   - [28]: USB port limit patch #4 10.14.x modify by DalianSky(credit PMHeart) 10.14.x :: BinPatch :: [OS: 10.14.6 | MatchOS: 10.14.x | MatchBuild: All]
6:483  0:003   check MatchOS 10.14.x
6:487  0:004   ==> allowed
6:491  0:003  Will not patch boot.efi
6:495  0:004  Using latest BiosVersion from config instead of default 'IM191.88Z.F000.B00.2302212211'
6:499  0:003  Using latest BiosReleaseDate from config instead of default '02/21/2023'
6:503  0:004  Using latest EfiVersion from config instead of default '1968.100.16.0.1'
6:507  0:003  BiosVersion: IM191.88Z.F000.B00.2308061817
6:511  0:003  BiosReleaseDate: 08/06/2023
6:515  0:004  EfiVersion: 2020.40.3.0.0
6:519  0:004  SMBIOS reloaded with model iMac19,1
6:523  0:003  Set FakeCPUID: 0x0
6:527  0:003  Bridge AppleAHCIPort patch to OC : External icons patch
6:531  0:003  Bridge com.apple.iokit.IOUSBHostFamily patch to OC : USB port limit patch #1 10.14.x modify by DalianSky(credit ydeng) 10.14.x
6:535  0:004  Bridge com.apple.iokit.IOUSBHostFamily patch to OC : USB port limit patch #2 10.14.x modify by DalianSky(credit PMHeart) 10.14.x
6:539  0:003  Bridge com.apple.driver.usb.AppleUSBXHCI patch to OC : USB port limit patch #3 10.14.x modify by DalianSky(credit PMHeart) 10.14.x
6:543  0:004  Bridge com.apple.driver.usb.AppleUSBXHCI patch to OC : USB port limit patch #4 10.14.x modify by DalianSky(credit PMHeart) 10.14.x
6:547  0:004  === [ PatchSmbios ] =============================
6:551  0:003  UpdateSmbiosString : BiosVersion=EfiVersion=2020.40.3.0.0
6:555  0:004  UpdateSmbiosString : ReleaseDate=08/06/2023
6:559  0:003  void PatchTableType1(const SmbiosInjectedSettings&) : UpdateSmbiosString ProductName=iMac19,1
6:563  0:003  void PatchTableType2(const SmbiosInjectedSettings&) : UpdateSmbiosString ProductName=BoardNumber=Mac-AA95B1DDAB278B95
6:567  0:003  void PatchTableType2(const SmbiosInjectedSettings&) : UpdateSmbiosString Version=BoardVersion=iMac19,1
6:571  0:004  insert table 9 for dev 0:0
6:575  0:003  insert table 9 for dev 0:1
6:579  0:003  insert table 9 for dev 1F:6
6:583  0:003  Table 11 present, but rewritten for us
6:588  0:004  Do not inject memory table
6:592  0:003  Trusting SMBIOS...
6:595  0:003  Channels: 1
6:599  0:003  Interleave: 0 1 2 3
6:623  0:023  trusted SMBIOS data, table index 0:
6:627  0:003    gRAM.SMBIOS[0]->ModuleSize = 8192
6:631  0:003    gRAM.SMBIOS[0]->Type = 0
6:635  0:003    gRAM.SMBIOS[0]->Frequency = 3200
6:639  0:003    gRAM.SMBIOS[0]->Vendor = Corsair
6:643  0:004    gRAM.SMBIOS[0]->PartNo = CMK16GX4M2K4266C19
6:647  0:003    gRAM.SMBIOS[0]->SerialNo = 00000000
6:651  0:003  SPD data in use:
6:654  0:003    gRAM.SPD[0]->ModuleSize = 8192
6:658  0:003    gRAM.SPD[0]->Type = 26
6:662  0:003    gRAM.SPD[0]->Frequency = 4264
6:666  0:003    gRAM.SPD[0]->Vendor = Corsair
6:670  0:003    gRAM.SPD[0]->SerialNo = 00000000
6:674  0:003    gRAM.SPD[0]->PartNo = CMK16GX4M2K4266C19
6:684  0:010    SMBIOS Type 17 Index = 0 => SMBIOSIndex=0 SPDIndex=0:
6:687  0:003  BANK 0 DIMM0 4264MHz 8192MB(Ext:0MB)
6:691  0:003  trusted SMBIOS data, table index 1:
6:695  0:003    gRAM.SMBIOS[1]->ModuleSize = 8192
6:699  0:003    gRAM.SMBIOS[1]->Type = 0
6:703  0:004    gRAM.SMBIOS[1]->Frequency = 3200
6:707  0:003    gRAM.SMBIOS[1]->Vendor = Corsair
6:711  0:003    gRAM.SMBIOS[1]->PartNo = CMK16GX4M2K4266C19
6:715  0:003    gRAM.SMBIOS[1]->SerialNo = 00000000
6:719  0:003  SPD data in use:
6:723  0:003    gRAM.SPD[1]->ModuleSize = 8192
6:727  0:003    gRAM.SPD[1]->Type = 26
6:731  0:003    gRAM.SPD[1]->Frequency = 4264
6:734  0:003    gRAM.SPD[1]->Vendor = Corsair
6:738  0:003    gRAM.SPD[1]->SerialNo = 00000000
6:742  0:003    gRAM.SPD[1]->PartNo = CMK16GX4M2K4266C19
6:746  0:003    SMBIOS Type 17 Index = 1 => SMBIOSIndex=1 SPDIndex=1:
6:750  0:003  BANK 0 DIMM1 4264MHz 8192MB(Ext:0MB)
6:754  0:003  !trusted SMBIOS data, Table index 2:!gRAM.SMBIOS.doesSlotForIndexExist(SMBIOSIndex) 
6:766  0:012    SMBIOS Type 17 Index = 2 => SMBIOSIndex=2 SPDIndex=2:
6:770  0:003  BANK 0 DIMM2 EMPTY
6:774  0:003  !trusted SMBIOS data, Table index 3:!gRAM.SMBIOS.doesSlotForIndexExist(SMBIOSIndex) 
6:786  0:011    SMBIOS Type 17 Index = 3 => SMBIOSIndex=3 SPDIndex=3:
6:790  0:003  BANK 0 DIMM3 EMPTY
6:794  0:003  mTotalSystemMemory = 16384
6:798  0:003  NumberOfMemoryDevices = 4
6:802  0:004  Type20[0]->End = 0x7FFFFF, Type17[0] = 2000
6:806  0:003  Type20[1]->End = 0xFFFFFF, Type17[1] = 6000
6:812  0:006  Table 131 is present, CPUType=35
6:816  0:003  Change to: 1005
6:820  0:003  === [ PatchACPI ] ===============================
6:825  0:005  OCABC: AllocPages 1 0x7A345000 (1) - Success
6:829  0:003  Xsdt reallocation done
6:833  0:003  OCABC: AllocPages 1 0x7A344000 (1) - Success
6:837  0:003  old FADT length=114
6:847  0:010   SignatureFixup: 0xFA76D5ED -> 0x0
6:854  0:006  OCABC: AllocPages 1 0x7A2F5000 (79) - Success
6:858  0:003  Apply DsdtFixMask=0x00000004
6:862  0:004  === [ FixBiosDsdt ] =============================
6:868  0:005  PreCleanup XSDT: count=24, length=228
6:872  0:003  PreCleanup XSDT, corrected XSDT: count=24, length=228
6:875  0:003  === [ ACPIDropTables ] ==========================
6:879  0:003  OCABC: AllocPages 1 0x7A2F3000 (2) - Success
6:883  0:003  OCABC: AllocPages 1 0x7A2F3000 (2) - Success
6:887  0:003  OCABC: AllocPages 1 0x7A2F3000 (2) - Success
6:891  0:004  OCABC: AllocPages 1 0x7A2F3000 (2) - Success
6:895  0:003  OCABC: AllocPages 1 0x7A2F3000 (2) - Success
6:900  0:004  OCABC: AllocPages 1 0x7A2F3000 (2) - Success
6:903  0:003  OCABC: AllocPages 1 0x7A2F0000 (3) - Success
6:907  0:003  Found OperationRegion(PNVS, SystemMemory, 7ADF3000, ...)
6:911  0:004  OCABC: AllocPages 1 0x7A2EB000 (5) - Success
6:915  0:004  Found OperationRegion(SANV, SystemMemory, 7A3D2118, ...)
6:920  0:004  OCABC: AllocPages 1 0x7A2E7000 (4) - Success
6:923  0:003  OCABC: AllocPages 1 0x7A2E5000 (2) - Success
6:927  0:003  OCABC: AllocPages 1 0x7A2E5000 (2) - Success
6:931  0:004  OCABC: AllocPages 1 0x7A166000 (4) - Success
6:935  0:004  OCABC: AllocPages 1 0x7A2E3000 (2) - Success
6:939  0:003  OCABC: AllocPages 1 0x7A2E3000 (2) - Success
6:943  0:003  OCABC: AllocPages 1 0x7A162000 (4) - Success
6:947  0:003  OCABC: AllocPages 1 0x7A2E3000 (2) - Success
6:951  0:003  OCABC: AllocPages 1 0x7A160000 (2) - Success
6:955  0:003  OCABC: AllocPages 1 0x7A160000 (2) - Success
6:959  0:003  OCABC: AllocPages 1 0x7A15F000 (3) - Success
6:963  0:004  OCABC: AllocPages 1 0x7A15D000 (2) - Success
6:967  0:004  Found OperationRegion(ADHD, SystemMemory, 78CD0000, ...)
6:971  0:003  Found OperationRegion(ABLK, SystemMemory, 78CD0020, ...)
6:975  0:003  OCABC: AllocPages 1 0x7A14D000 (16) - Success
6:979  0:003  OCABC: AllocPages 1 0x7A15B000 (2) - Success
6:983  0:003  OCABC: AllocPages 1 0x7A15B000 (2) - Success
6:987  0:003  ApicCPUNum=1
6:991  0:003  Cleanup XSDT: count=24, length=228
6:995  0:003  corrected XSDT count=24, length=228
6:999  0:004  === [ RestSetup macOS ] =========================
7:003  0:003  ATI injection not set
7:007  0:004  Intel UHD Graphics 630 [8086:3E98] :: PciRoot(0x0)\Pci(0x2,0x0)
7:011  0:003    Intel: no default properties
7:015  0:003  Intel GFX revision  = 0x0
7:019  0:004   RCBA disabled; cannot use it
7:023  0:004   setting specified layout-id=1 (0x1)
7:027  0:004  stringlength = 458
7:031  0:004  OCABC: AllocPages 1 0x7A15C000 (1) - Success
7:035  0:003  CurrentMode: Width=1366 Height=768
7:039  0:004  SetNvramVariable (system-id, 4D1EDE05-38C7-4A6A-9CC6-4BCCA8B38C14, 0x2, 16): -> writing new (Success)
7:048  0:008  SetNvramVariable (MLB, 4D1EDE05-38C7-4A6A-9CC6-4BCCA8B38C14, 0x6, 17): -> writing new (Success)
7:057  0:008  SetNvramVariable (ROM, 4D1EDE05-38C7-4A6A-9CC6-4BCCA8B38C14, 0x6, 6): -> writing new (Success)
7:065  0:008  SetNvramVariable (FirmwareFeatures, 4D1EDE05-38C7-4A6A-9CC6-4BCCA8B38C14, 0x6, 4): -> writing new (Success)
7:074  0:008  SetNvramVariable (FirmwareFeaturesMask, 4D1EDE05-38C7-4A6A-9CC6-4BCCA8B38C14, 0x6, 4): -> writing new (Success)
7:083  0:009  SetNvramVariable (ExtendedFirmwareFeatures, 4D1EDE05-38C7-4A6A-9CC6-4BCCA8B38C14, 0x6, 8): -> writing new (Success)
7:092  0:008  SetNvramVariable (ExtendedFirmwareFeaturesMask, 4D1EDE05-38C7-4A6A-9CC6-4BCCA8B38C14, 0x6, 8): -> writing new (Success)
7:101  0:008  AddNvramVariable (HW_BID, 4D1EDE05-38C7-4A6A-9CC6-4BCCA8B38C14, 0x6, 20): -> writing new (Success)
7:110  0:008  AddNvramVariable (security-mode, 7C436110-AB2A-4BBB-A880-FE41995C9F82, 0x7, 5): -> already exists, abort
7:118  0:008  set DefaultBackgroundColor=0xfbfbfb
7:122  0:004  SetNvramVariable (DefaultBackgroundColor, 4D1EDE05-38C7-4A6A-9CC6-4BCCA8B38C14, 0x7, 4): -> writing new (Success)
7:135  0:012  SetNvramVariable (ActualDensity, 7C436110-AB2A-4BBB-A880-FE41995C9F82, 0x7, 2): exists(0x7, 2), equal -> not writing again.
7:146  0:011  SetNvramVariable (DensityThreshold, 7C436110-AB2A-4BBB-A880-FE41995C9F82, 0x7, 2): exists(0x7, 2), equal -> not writing again.
7:158  0:012  SetNvramVariable (gfx-saved-config-restore-status, 4D1EDE05-38C7-4A6A-9CC6-4BCCA8B38C14, 0x7, 8): exists(0x7, 8), equal -> not writing again.
7:172  0:013  DeleteNvramVariable (UIScale, 4D1EDE05-38C7-4A6A-9CC6-4BCCA8B38C14):
7:176  0:004  DeleteNvramVariable (EFILoginHiDPI, 7C436110-AB2A-4BBB-A880-FE41995C9F82):
7:180  0:003  SetNvramVariable (flagstate, 7C436110-AB2A-4BBB-A880-FE41995C9F82, 0x7, 32): exists(0x7, 32), equal -> not writing again.
7:192  0:012  SetNvramVariable (csr-active-config, 7C436110-AB2A-4BBB-A880-FE41995C9F82, 0x7, 4): exists(0x7, 4), equal -> not writing again.
7:205  0:012  SetNvramVariable (BridgeOSHardwareModel, 4D1EDE05-38C7-4A6A-9CC6-4BCCA8B38C14, 0x7, 11): exists(0x7, 11), equal -> not writing again.
7:217  0:012  DeleteNvramVariable (bootercfg, 7C436110-AB2A-4BBB-A880-FE41995C9F82):
7:222  0:004  DeleteNvramVariable (nvda_drv, 7C436110-AB2A-4BBB-A880-FE41995C9F82):
7:227  0:004  DeleteNvramVariable (recovery-boot-mode, 7C436110-AB2A-4BBB-A880-FE41995C9F82):
7:231  0:003  AddNvramVariable (wake-failure, 7C436110-AB2A-4BBB-A880-FE41995C9F82, 0x7, 5): -> already exists, abort
7:239  0:008  DeleteNvramVariable (opencore-version, 7C436110-AB2A-4BBB-A880-FE41995C9F82):
7:244  0:004  DeleteNvramVariable (ApBoardID, 94B73556-2197-4702-82A8-3E1337DAFBFB):
7:249  0:004  DeleteNvramVariable (ApSecurityDomain, 94B73556-2197-4702-82A8-3E1337DAFBFB):
7:253  0:004  DeleteNvramVariable (ApProductionStatus, 94B73556-2197-4702-82A8-3E1337DAFBFB):
7:258  0:004  DeleteNvramVariable (ApSecurityMode, 94B73556-2197-4702-82A8-3E1337DAFBFB):
7:263  0:005  DeleteNvramVariable (EffectiveProductionStatus, 94B73556-2197-4702-82A8-3E1337DAFBFB):
7:268  0:004  DeleteNvramVariable (EffectiveSecurityMode, 94B73556-2197-4702-82A8-3E1337DAFBFB):
7:272  0:004  DeleteNvramVariable (CertificateEpoch, 94B73556-2197-4702-82A8-3E1337DAFBFB):
7:277  0:004  DeleteNvramVariable (MixNMatchPreventionStatus, 94B73556-2197-4702-82A8-3E1337DAFBFB):
7:282  0:004  DeleteNvramVariable (CryptoDigestMethod, 94B73556-2197-4702-82A8-3E1337DAFBFB):
7:287  0:004  DeleteNvramVariable (InternalUseOnlyUnit, 94B73556-2197-4702-82A8-3E1337DAFBFB):
7:291  0:004  DeleteNvramVariable (ApECID, 94B73556-2197-4702-82A8-3E1337DAFBFB):
7:296  0:004  DeleteNvramVariable (HardwareModel, 94B73556-2197-4702-82A8-3E1337DAFBFB):
7:300  0:003  Use origin smbios table type 1 guid.
7:322  0:022  DeleteNvramVariable (efi-boot-device, 7C436110-AB2A-4BBB-A880-FE41995C9F82):
7:327  0:004  DeleteNvramVariable (efi-boot-device-data, 7C436110-AB2A-4BBB-A880-FE41995C9F82):
7:332  0:004  DeleteNvramVariable (BootCampHD, 7C436110-AB2A-4BBB-A880-FE41995C9F82):
7:336  0:003  Custom boot screen not used because entry has unset use graphics
7:341  0:005  DeleteNvramVariable (IOHibernateRTCVariables, 7C436110-AB2A-4BBB-A880-FE41995C9F82):
7:346  0:004  DeleteNvramVariable (boot-image, 7C436110-AB2A-4BBB-A880-FE41995C9F82):
7:350  0:004  Kernel quirks
7:354  0:003  ACPCL 1 AXCL 1 AXEM 0 AXFB 0 CSG 0 DIM 0 DLJ 0 DRC 1 DPM 0 EBTFF 0 EDI 0 FAI 0 IPBS 0 LKP 0 PNKD 0 PTKP 0 TPD 0 XPL 0 PCC 0
7:358  0:004  Closing log
7:362  0:003  OCABC: AllocPages 2 0x91000 (14) - Success
7:366  0:004  OCABC: AllocPages 2 0x6F7C8000 (14) - Success
7:373  0:006  OCABC: Found safe mode legacy p1 at off 67E6
7:377  0:003  OCABC: Trying safe mode next legacy match
7:381  0:003  OCABC: Found safe mode legacy p1 at off 6967
7:385  0:003  OCABC: Trying safe mode next legacy match
7:389  0:004  OCABC: Found safe mode legacy p1 at off 2589F
7:393  0:004  OCABC: Trying safe mode next legacy match
7:397  0:003  OCABC: Found safe mode legacy p1 at off 2590C
7:401  0:003  OCABC: Trying safe mode next legacy match
7:408  0:006  OCABC: Failed to find safe mode sequence
7:412  0:003  OCABC: AllocPages 2 0x77848000 (512) - Success
7:416  0:003  OCABC: AllocPages 2 0x77847000 (1) - Success
7:420  0:003  OC: Supported boot capabilities 4
7:424  0:004  OCOS: OS set: <null> Mac OS X 10.12
7:428  0:003  OCOS: OS set: Apple Inc. Mac OS X 10.12
7:432  0:003  OCOS: Should use black background
7:436  0:004  OCABC: AllocPages 1 0x6D371000 (1) - Success
7:444  0:007  OC: Opening file System\Library\Kernels\kernel with 1 mode gave - Success
7:449  0:004  OC: Opening file \System\Library\CoreServices\com.apple.Boot.plist with 1 mode gave - Not Found
7:452  0:003  OC: Opening file Library\Preferences\SystemConfiguration\com.apple.Boot.plist with 1 mode gave - Success
7:458  0:006  OC: Opening file \System\Library\CoreServices\PlatformSupport.plist with 1 mode gave - Success
7:463  0:004  OCABC: AllocPages 2 0xD300000 (121199) - Success
7:468  0:005  OC: Opening file \System\Library\CoreServices\boot.efi with 1 mode gave - Success
7:478  0:009  OC: Opening file System\Library\PrelinkedKernels\prelinkedkernel.development with 1 mode gave - Not Found
7:483  0:005  OC: Opening file System\Library\PrelinkedKernels\prelinkedkernel with 1 mode gave - Success
7:487  0:003  OC: Load and reserve Kext Other\FakeSMC.kext
7:491  0:004  OC: Load and reserve Kext Other\USBMapDummy.kext
7:496  0:004  OC: Load and reserve Kext Other\RadeonMonitor.kext
7:500  0:004  OC: Load and reserve Kext Other\IntelCPUMonitor.kext
7:504  0:004  OC: Kext reservation size info 506000 exe 3B000
7:508  0:003  OC: Trying 64-bit XNU hook on System\Library\PrelinkedKernels\prelinkedkernel
7:868  0:359  OCAK: Compressed result has 678B4018 magic
7:871  0:003  OCAK: Found 64-bit Mach-O compressed 1 offset 28 size 89632768
7:875  0:003  OC: Result of 64-bit XNU hook on System\Library\PrelinkedKernels\prelinkedkernel (00000000) is Success
7:917  0:042  OCAK: Read kernel version 18.7.0 (180700)
7:922  0:004  OCAK: 64-bit patcher base 0xFFFFFF8000200000 kmod 0x0 file 0x0
7:927  0:005  OCAK: Zeroing _xcpm_core_scope_msrs 0xE2 applicable CPUs (76)
7:931  0:003  OCAK: Zeroing _xcpm_core_scope_msrs 0xE2 applicable CPUs (13200)
7:935  0:003  OCAK: Zeroing _xcpm_core_scope_msrs 0xE2 applicable CPUs (16384)
7:940  0:005  Replace B9E20000000F30 by B9E20000009090 at ofs:2F0
8:013  0:072  Replace B9E20000000F30 by B9E20000009090 at ofs:347
8:080  0:066  OCAK: 64-bit XcpmCfgLockRel replace count - 2
8:084  0:003  OCAK: [OK] Success XcpmCfgLock patch
8:119  0:035  OCAK: Reducing 64-bit prelink size from 557B000 to 52A6000 via plist
8:123  0:004  OCAK: org.netkas.FakeSMC got KXLD 0 0
8:127  0:003  OCAK: Requesting __LINKEDIT for org.netkas.FakeSMC - 6CB5A398 at 52A6000
8:131  0:003  OCAK: Requesting SymbolTable for org.netkas.FakeSMC - 601
8:135  0:003  OCAK: Requesting __LINKEDIT for __kernel__ - 0 at 0
8:139  0:003  OCAK: Requesting SymbolTable for __kernel__ - 24450
8:155  0:015  OCAK: com.apple.iokit.IOACPIFamily got KXLD 0 0
8:159  0:003  OCAK: Requesting __LINKEDIT for com.apple.iokit.IOACPIFamily - 692BC398 at 1A08000
8:163  0:003  OCAK: Requesting SymbolTable for com.apple.iokit.IOACPIFamily - 167
8:167  0:004  OCAK: com.apple.kpi.unsupported got KXLD 0 0
8:171  0:003  OCAK: Requesting __LINKEDIT for com.apple.kpi.unsupported - 68865038 at FB1000
8:175  0:003  OCAK: Requesting SymbolTable for com.apple.kpi.unsupported - 263
8:179  0:004  OCAK: com.apple.kpi.iokit got KXLD 0 0
8:183  0:003  OCAK: Requesting __LINKEDIT for com.apple.kpi.iokit - 68800038 at F4C000
8:187  0:003  OCAK: Requesting SymbolTable for com.apple.kpi.iokit - 2192
8:191  0:004  OCAK: com.apple.kpi.libkern got KXLD 0 0
8:194  0:003  OCAK: Requesting __LINKEDIT for com.apple.kpi.libkern - 687E0038 at F2C000
8:198  0:003  OCAK: Requesting SymbolTable for com.apple.kpi.libkern - 905
8:202  0:003  OCAK: com.apple.kpi.private got KXLD 0 0
8:212  0:009  OCAK: Requesting __LINKEDIT for com.apple.kpi.private - 687F2038 at F3E000
8:216  0:003  OCAK: Requesting SymbolTable for com.apple.kpi.private - 977
8:221  0:004  OCAK: com.apple.kpi.mach got KXLD 0 0
8:225  0:003  OCAK: Requesting __LINKEDIT for com.apple.kpi.mach - 687EE038 at F3A000
8:228  0:003  OCAK: Requesting SymbolTable for com.apple.kpi.mach - 70
8:241  0:012  OC: Prelinked injection Other\FakeSMC.kext () - Success
8:245  0:004  OC: Prelinked injection Other\USBMapDummy.kext () - Success
8:249  0:004  OCAK: org.slice.RadeonMonitor got KXLD 0 0
8:253  0:003  OCAK: Requesting __LINKEDIT for org.slice.RadeonMonitor - 6CB72398 at 52BE000
8:260  0:006  OCAK: Requesting SymbolTable for org.slice.RadeonMonitor - 372
8:264  0:004  OCAK: com.apple.iokit.IOPCIFamily got KXLD 0 0
8:269  0:004  OCAK: Requesting __LINKEDIT for com.apple.iokit.IOPCIFamily - 6886B3E8 at FB7000
8:273  0:004  OCAK: Requesting SymbolTable for com.apple.iokit.IOPCIFamily - 683
8:279  0:006  OCAK: Requesting SymbolTable for org.netkas.FakeSMC - 191
8:289  0:010  OC: Prelinked injection Other\RadeonMonitor.kext () - Success
8:293  0:004  OCAK: org.slice.IntelCPUMonitor got KXLD 0 0
8:297  0:003  OCAK: Requesting __LINKEDIT for org.slice.IntelCPUMonitor - 6CB833E8 at 52CF000
8:301  0:003  OCAK: Requesting SymbolTable for org.slice.IntelCPUMonitor - 363
8:310  0:009  OC: Prelinked injection Other\IntelCPUMonitor.kext () - Success
8:314  0:003  OC: Prelink size 86904832 kext offset 86663168 reserved 241664
8:331  0:016  OCAK: com.apple.driver.AppleIntelCPUPowerManagement got KXLD 0 0
8:335  0:004  OCAK: [OK] Success AppleCpuPmCfgLock patch
8:340  0:005  OCAK: com.apple.driver.AppleRTC got KXLD 0 0
8:344  0:004  Replace BE58000000/FFFEFFFFFF(BE58000000) by BEFFFF0000 at ofs:1BF8
8:451  0:106  Replace BE58000000/FFFEFFFFFF(BE59000000) by BEFFFF0000 at ofs:1C08
8:553  0:102  Replace BE58000000/FFFEFFFFFF(BE58000000) by BEFFFF0000 at ofs:1EB7
8:656  0:102  Replace BE58000000/FFFEFFFFFF(BE59000000) by BEFFFF0000 at ofs:1EC8
8:758  0:102  OCAK: 64-bit DisableRtcChecksum64 replace count - 4
8:762  0:003  OCAK: [OK] Patch success com.apple.driver.AppleRTC DisableRtcChecksum
8:766  0:003  OC: Prelinked patch [0] External icons patch
8:772  0:006  OCAK: Failed to pk find AppleAHCIPort - Not Found
8:779  0:007  OC: Prelinked patcher result 0 for AppleAHCIPort (External icons patch) - Not Found
8:786  0:006  OC: Prelinked patch [1] USB port limit patch #1 10.14.x modify by DalianSky(credit ydeng) 10.14.x
8:790  0:004  OCAK: com.apple.iokit.IOUSBHostFamily got KXLD 0 0
8:795  0:004  Replace 83FB0F0F by 83FB3F0F at ofs:14E0E
8:840  0:045  OCAK: 64-bit USB port limit patch #1 10.14.x modify by DalianSky(credit ydeng) 10.14.x replace count - 1
8:844  0:003  OC: Prelinked patcher result 1 for com.apple.iokit.IOUSBHostFamily (USB port limit patch #1 10.14.x modify by DalianSky(credit ydeng) 10.14.x) - Success
8:848  0:003  OC: Prelinked patch [2] USB port limit patch #2 10.14.x modify by DalianSky(credit PMHeart) 10.14.x
8:853  0:004  Replace 83E30FD3 by 83E33FD3 at ofs:15036
8:896  0:043  OCAK: 64-bit USB port limit patch #2 10.14.x modify by DalianSky(credit PMHeart) 10.14.x replace count - 1
8:900  0:003  OC: Prelinked patcher result 2 for com.apple.iokit.IOUSBHostFamily (USB port limit patch #2 10.14.x modify by DalianSky(credit PMHeart) 10.14.x) - Success
8:904  0:003  OC: Prelinked patch [3] USB port limit patch #3 10.14.x modify by DalianSky(credit PMHeart) 10.14.x
8:908  0:004  OCAK: com.apple.driver.usb.AppleUSBXHCI got KXLD 0 0
8:914  0:005  OCAK: 64-bit USB port limit patch #3 10.14.x modify by DalianSky(credit PMHeart) 10.14.x replace count - 0
8:918  0:003  OC: Prelinked patcher result 3 for com.apple.driver.usb.AppleUSBXHCI (USB port limit patch #3 10.14.x modify by DalianSky(credit PMHeart) 10.14.x) - Not Found
8:922  0:003  OC: Prelinked patch [4] USB port limit patch #4 10.14.x modify by DalianSky(credit PMHeart) 10.14.x
8:926  0:004  Replace 83FF0F0F by 83FF3F0F at ofs:126C0
8:970  0:043  OCAK: 64-bit USB port limit patch #4 10.14.x modify by DalianSky(credit PMHeart) 10.14.x replace count - 1
8:974  0:003  OC: Prelinked patcher result 4 for com.apple.driver.usb.AppleUSBXHCI (USB port limit patch #4 10.14.x modify by DalianSky(credit PMHeart) 10.14.x) - Success
9:080  0:106  OC: Prelinked status - Success
9:124  0:043  FixOwnership() -> begin
9:128  0:003  PCI Io found 18
9:131  0:003  USB XHCI reset for device A36D
9:135  0:003  ExtendCap=00008000
9:139  0:003    Value=02000802
9:143  0:003    Value=03011402
9:146  0:003    Value=005CFFC0
9:150  0:003    Value=00002201
