0:100  0:100  MemLog inited, TSC freq: 3603092320
0:100  0:000  CPU was calibrated with RTC
0:100  0:000  CloverX64 : Image base = 0x6D397000
0:100  0:000  Clover ImageHandle = 76208c98
0:101  0:001  SelfDirPath = \EFI\CLOVER
0:103  0:001  === [ Starting Clover ] =========================
0:103  0:000  Now is 25.11.2024,  22:22:07 (GMT)
0:103  0:000  Starting Clover revision: 5160 (master, commit 7b08a616e) on American Megatrends EFI
0:103  0:000  Build id: 20240909210805-7b08a61-dirty
0:103  0:000  Build with: [Args: -D NO_GRUB_DRIVERS_EMBEDDED -D LESS_DEBUG -t GCC131 | --cmd-len=50000 -D NO_GRUB_DRIVERS_EMBEDDED -D LESS_DEBUG --conf=/Users/sergey/src/CloverBootloader/Conf -D USE_LOW_EBDA -a X64 -b RELEASE -t GCC131 -n 5 | OS: 15]
0:103  0:000  === [ Get Smbios ] ==============================
0:103  0:000  Type 16 Index = 0
0:103  0:000  Total Memory Slots Count = 4
0:103  0:000  Type 17 Index = 0
0:103  0:000  SmbiosTable.Type17->SlotIndex = 0
0:103  0:000  SmbiosTable.Type17->ModuleSize = 8192MB
0:103  0:000  SmbiosTable.Type17->Type = 0
0:103  0:000  SmbiosTable.Type17->Frequency = 3200MHz
0:103  0:000  SmbiosTable.Type17->Bank/Device = BANK 0 ChannelA-DIMM1
0:103  0:000  SmbiosTable.Type17->Vendor = Corsair
0:103  0:000  SmbiosTable.Type17->SerialNo = 00000000
0:103  0:000  SmbiosTable.Type17->PartNo = CMK16GX4M2K4266C19
0:103  0:000  Type 17 Index = 1
0:103  0:000  SmbiosTable.Type17->SlotIndex = 1
0:103  0:000  SmbiosTable.Type17->ModuleSize = 8192MB
0:103  0:000  SmbiosTable.Type17->Type = 0
0:103  0:000  SmbiosTable.Type17->Frequency = 3200MHz
0:103  0:000  SmbiosTable.Type17->Bank/Device = BANK 1 ChannelA-DIMM2
0:103  0:000  SmbiosTable.Type17->Vendor = Corsair
0:103  0:000  SmbiosTable.Type17->SerialNo = 00000000
0:103  0:000  SmbiosTable.Type17->PartNo = CMK16GX4M2K4266C19
0:103  0:000  Type 17 Index = 2
0:103  0:000  Ignoring insane frequency value 0MHz
0:103  0:000  Type 17 Index = 3
0:103  0:000  Ignoring insane frequency value 0MHz
0:103  0:000  Boot status=0
0:103  0:000  Running on: 'System Product Name' with board 'PRIME Z390-A'
0:103  0:000  === [ GetCPUProperties ] ========================
0:103  0:000  CPU Vendor = 756E6547 Model=906EC
0:103  0:000   The CPU supported SSE4.1
0:103  0:000   The CPU supported RDRAND
0:103  0:000  BrandString = Intel(R) Core(TM) i7-9700K CPU @ 3.60GHz
0:103  0:000   The CPU supported turbo
0:103  0:000   Energy PerfBias is  visible:
0:103  0:000  MSR 0x35               80008
0:103  0:000   TSC/CCC Information Leaf:
0:103  0:000    numerator     : 300
0:103  0:000    denominator   : 2
0:103  0:000   Calibrated ARTFrequency: 24020615
0:103  0:000   Rounded ARTFrequency: 24000000
0:103  0:000  MSR 0xE2 before patch 1E000000
0:103  0:000  MSR 0xCE              08080838_F1012400
0:103  0:000  corrected FLEX_RATIO = E0000
0:103  0:000  MSR 0x1B0             00000000
0:103  0:000  FSBFrequency = 108 MHz, DMI FSBFrequency = 100 MHz, Corrected FSBFrequency = 100 MHz
0:103  0:000  MaxDiv/MinDiv: 36.0/8
0:103  0:000  Turbo: 47/49/49/49
0:103  0:000  Features: 0x77FAFBFFBFEBFBFF
0:103  0:000  Threads: 8
0:103  0:000  Cores: 8
0:103  0:000  FSB: 100 MHz
0:103  0:000  CPU: 3861 MHz
0:103  0:000  TSC: 3861 MHz
0:103  0:000  PIS: 100 MHz
0:103  0:000  ExternalClock: 25 MHz
0:103  0:000  === [ GetDevices ] ==============================
0:103  0:000  GOP found at: PciRoot(0x0)/Pci(0x1,0x0)/Pci(0x0,0x0)/AcpiAdr(0x80010302)
0:103  0:000  PCI (00|00:00.00) : 8086 3E30 class=060000
0:103  0:000  PCI (00|00:01.00) : 8086 1901 class=060400
0:103  0:000  PCI (00|01:00.00) : 1002 67DF class=030000
0:103  0:000   - GFX: Model=AMD Radeon RX 480/570/580 (ATI/AMD)
0:104  0:000   - GOP: Provided by device
0:104  0:000  PCI (00|01:00.01) : 1002 AAF0 class=040300
0:104  0:000   - HDMI Audio: 
0:104  0:000  PCI (00|00:02.00) : 8086 3E98 class=038000
0:104  0:000   - GFX: Model=Intel UHD Graphics 630 (Intel)
0:104  0:000  PCI (00|00:14.00) : 8086 A36D class=0C0330
0:104  0:000  PCI (00|00:14.02) : 8086 A36F class=050000
0:104  0:000  PCI (00|00:16.00) : 8086 A360 class=078000
0:104  0:000  PCI (00|00:17.00) : 8086 A352 class=010601
0:104  0:000  PCI (00|00:1B.00) : 8086 A340 class=060400
0:104  0:000  PCI (00|00:1C.00) : 8086 A338 class=060400
0:104  0:000  PCI (00|00:1D.00) : 8086 A330 class=060400
0:104  0:000  PCI (00|04:00.00) : 144D A808 class=010802
0:104  0:000  PCI (00|00:1F.00) : 8086 A305 class=060100
0:104  0:000  PCI (00|00:1F.03) : 8086 A348 class=040300
0:104  0:000  PCI (00|00:1F.04) : 8086 A323 class=0C0500
0:104  0:000  PCI (00|00:1F.05) : 8086 A324 class=0C8000
0:104  0:000  PCI (00|00:1F.06) : 8086 15BC class=020000
0:104  0:000   - LAN: 1 Vendor=Intel
0:104  0:000  Legacy MAC address of LAN #0= 40:B0:76:DE:9E:93:
0:104  0:000  _checkOEMPath Look for oem dir at path '\EFI\CLOVER\OEM\System Product Name--40-B0-76-DE-9E-93'. Dir doesn't exist.
0:104  0:000  _checkOEMPath Look for oem dir at path '\EFI\CLOVER\OEM\PRIME Z390-A\UEFI'. Dir doesn't exist.
0:104  0:000  _checkOEMPath Look for oem dir at path '\EFI\CLOVER\OEM\System Product Name'. Dir doesn't exist.
0:104  0:000  _checkOEMPath Look for oem dir at path '\EFI\CLOVER\OEM\System Product Name-3861'. Dir doesn't exist.
0:104  0:000  _checkOEMPath Look for oem dir at path '\EFI\CLOVER\OEM\PRIME Z390-A'. Dir doesn't exist.
0:104  0:000  _checkOEMPath Look for oem dir at path '\EFI\CLOVER\OEM\PRIME Z390-A-3861'. Dir doesn't exist.
0:105  0:000  === [ GetUserSettings ] =========================
0:105  0:000  GetDefaultModel()=iMac18,3
0:105  0:000  === [ LoadUserSettings ] ========================
0:105  0:000  Using config.plist at path: \EFI\CLOVER
0:105  0:000  There is a problem in plist '\EFI\CLOVER\config.plist'
0:105  0:000  Warning: EfiVersion '1037.100.345.0.0' is older than default ('1968.100.16.0.1') -> ignored. Dict '/SMBIOS:296'.
0:105  0:000  Use CloverConfigPlistValidator or look in the log
3:103  2:997  === [ LoadUserSettings ] ========================
3:104  0:000  Cannot find smbios.plist at path '\EFI\CLOVER' : Not Found
3:104  0:000  '\EFI\CLOVER\smbios.plist' not loaded. Efi error Not Found
3:104  0:000  create SMBIOS list, found 27 dicts
3:104  0:000  ... ACPI
3:104  0:000  ... Boot
3:104  0:000  ... BootGraphics
3:104  0:000  ... Devices
3:104  0:000  ... DisableDrivers
3:104  0:000  ... GUI
3:104  0:000  ... Graphics
3:104  0:000  ... KernelAndKextPatches
3:104  0:000  ... SMBIOS
3:104  0:000  ... SystemParameters
3:104  0:000  ... RtVariables
3:104  0:000  ... Quirks
3:104  0:000  get model from config.plist
3:104  0:000  Using latest BiosVersion from config instead of default 'IM191.88Z.F000.B00.2302212211'
3:116  0:011  Using latest BiosReleaseDate from config instead of default '02/21/2023'
3:120  0:004  BiosVersion: IM191.88Z.F000.B00.2308061817
3:124  0:004  BiosReleaseDate: 08/06/2023
3:128  0:003  EfiVersion: 1968.100.16.0.1
3:132  0:003  Calibrated TSC Frequency = 3603092320 = 3603MHz
3:136  0:004  === [ GetListOfThemes ] =========================
3:140  0:004  - [00]: random
3:149  0:008  - [00]: embedded
3:157  0:008  === [ Found config plists ] =====================
3:161  0:004  - config.plist
3:165  0:003  === [ LoadDrivers ] =============================
3:170  0:004  Loading NvmExpressDxe.efi status=Success
3:184  0:014   - driver needs connecting
3:188  0:004  Loading EnglishDxe.efi status=Success
3:202  0:014  Loading AppleKeyFeeder.efi status=Success
3:217  0:014  Loading VBoxHfs.efi status=Success
3:232  0:014   - driver needs connecting
3:236  0:004  Loading HashServiceFix.efi status=Success
3:250  0:014  Loading PartitionDxe.efi status=Success
3:265  0:014   - driver needs connecting
3:269  0:004  Loading ApfsDriverLoader.efi status=Success
3:283  0:014   - driver needs connecting
3:288  0:004  4 drivers needs connecting ...
3:288  0:000  PlatformDriverOverrideProtocol not found. Installing ... Success
3:288  0:000  Partition driver loaded: 
3:289  0:000  HFS+ driver loaded
3:289  0:000  APFS driver loaded
3:289  0:000  Searching for invalid DiskIo BY_DRIVER connects: not found, all ok
3:493  0:204  === [ InitScreen ] ==============================
3:498  0:004  Console modes reported: 4, available modes:
3:502  0:004   - [01]: 80x25 (current mode)
3:506  0:004   - [03]: 100x31
3:510  0:004   - [04]: 170x40
3:514  0:004  SetScreenResolution: 1920x1080 - not found!
3:523  0:008  SetMaxResolution: found best mode 0: 1366x768
3:530  0:007   - already set
3:535  0:004  Using embedded font
3:540  0:004  === [ ScanSPD ] =================================
3:544  0:004  SMBus device : 8086 A323 class=0C0500 status=Success
3:548  0:004  SMBus CmdReg: 0x3
3:552  0:004  Scanning SMBus [8086:A323], mmio: 0x12116004, ioport: 0xEFA0, hostc: 0x11
3:557  0:004  Slots to scan [8]...
3:561  0:004  SPD[0]: Got invalid type 0 @0x50. Will set page and retry.
3:566  0:004  SPD[0]: Type 12 @0x50
3:587  0:021  XMP Profile1: 4*125 -31 ns
3:591  0:003  Found module with XMP version 2.0
3:595  0:004  Using XMP Profile1 instead of standard frequency 2132MHz
3:599  0:004  DDR speed 4264MHz
3:603  0:004  Slot: 0 Type 26 8192MB 4264MHz Vendor=Corsair PartNo=CMK16GX4M2K4266C19 SerialNo=00000000
3:608  0:004  SPD[1]: Type 12 @0x51
3:629  0:021  XMP Profile1: 4*125 -31 ns
3:633  0:003  Found module with XMP version 2.0
3:637  0:003  Using XMP Profile1 instead of standard frequency 2132MHz
3:641  0:004  DDR speed 4264MHz
3:645  0:003  Slot: 1 Type 26 8192MB 4264MHz Vendor=Corsair PartNo=CMK16GX4M2K4266C19 SerialNo=00000000
3:653  0:007  === [ GetAcpiTablesList ] =======================
3:657  0:004  Get Acpi Tables List from RSDT: count=25
3:666  0:008   - [00]: FACP  A M I  len=132
3:670  0:004   - [01]: APIC  A M I  len=188
3:674  0:003   - [02]: FPDT  A M I  len=68
3:677  0:003   - [03]: FIDT  A M I len=156
3:681  0:004   - [04]: MCFG  A M I  len=60
3:686  0:004   - [05]: WSMT  A M I  len=40
3:690  0:003   - [06]: SSDT  SataTabl len=888
3:693  0:003   - [07]: SSDT  CpuSsdt len=6101
3:697  0:004   - [08]: SSDT  SaSsdt  len=12443
3:701  0:004   - [09]: SSDT  PegSsdt len=9048
3:706  0:004   - [10]: HPET  A M I  len=56
3:710  0:003   - [11]: SSDT  Ther_Rvp len=3998
3:713  0:003   - [12]: SSDT  xh_cfsd4 len=10579
3:718  0:004   - [13]: UEFI  A M I  len=72
3:722  0:004   - [14]: LPIT  A M I  len=92
3:726  0:004   - [15]: SSDT  PtidDevc len=10206
3:730  0:003   - [16]: SSDT  TbtTypeC len=4094
3:734  0:003   - [17]: DBGP  A M I  len=52
3:738  0:003   - [18]: DBG2  A M I  len=84
3:742  0:003   - [19]: SSDT  UsbCTabl len=6449
3:745  0:003   - [20]: SSDT  ADebTabl len=324
3:750  0:004   - [21]: VFCT  A M I  len=59524
3:754  0:004   - [22]: BGRT  A M I  len=56
3:758  0:004   - [23]: WPBT  A M I len=60
3:762  0:003   - [24]: TPM2  A M I  len=52
3:766  0:004   - [00]: Drop table : MATS,                0 :  no
3:774  0:007   - [01]: Drop table : DMAR,                0 :  no
3:782  0:008  Custom boot CUSTOM_BOOT_DISABLED (0x0)
3:786  0:004  Default theme: embedded
3:790  0:004  Set FakeCPUID: 0x0
3:797  0:007  === [ Found DSDT tables ] =======================
3:805  0:007  === [ InitKextList ] ============================
3:810  0:004  Added Kext=Other\USBMap.kext (1.0)
3:815  0:004  Added Kext=Other\WhateverGreen.kext (1.6.1)
3:820  0:005  Added Kext=Other\NVMeFix.kext (1.1.0)
3:825  0:004  Added Kext=Other\IntelMausi.kext (1.0.7)
3:829  0:004  Added Kext=Other\Lilu.kext (1.6.9)
3:834  0:004  Added Kext=Other\SMCProcessor.kext (1.3.0)
3:839  0:004  Added Kext=Other\SMCSuperIO.kext (1.3.0)
3:844  0:004  Added Kext=Other\VirtualSMC.kext (1.3.0)
3:850  0:006  === [ ScanVolumes ] =============================
3:856  0:005  Found 12 volumes with blockIO
3:860  0:003  - [00]: Volume: PciRoot(0x0)\Pci(0x17,0x0)\Sata(0x0,0xFFFF,0x0)
3:869  0:008  - [01]: Volume: PciRoot(0x0)\Pci(0x17,0x0)\Sata(0x0,0xFFFF,0x0)\HD(1,GPT,38DCC513-D608-408E-9D2F-1469C8B906A0,0x28,0x64000)
3:877  0:008          Result of bootcode detection: bootable unknown (legacy)
3:882  0:004            label : EFI
3:886  0:003  - [02]: Volume: PciRoot(0x0)\Pci(0x17,0x0)\Sata(0x0,0xFFFF,0x0)\HD(2,GPT,C20AA839-E88E-4CED-8CAB-9480B290394C,0x64028,0x15D466360)
3:912  0:026            label : Dati
3:916  0:003  - [03]: Volume: PciRoot(0x0)\Pci(0x1D,0x0)\Pci(0x0,0x0)\NVMe(0x1,CA-8F-B2-81-58-38-25-00)
3:924  0:008  - [04]: Volume: PciRoot(0x0)\Pci(0x1D,0x0)\Pci(0x0,0x0)\NVMe(0x1,CA-8F-B2-81-58-38-25-00)\HD(1,GPT,6E40A227-DDED-4325-B7CE-3959620EB39E,0x28,0x64000)
3:932  0:008          Result of bootcode detection: bootable unknown (legacy)
3:938  0:005            label : EFI
3:942  0:004          This is SelfVolume !!
3:946  0:004  - [05]: Volume: PciRoot(0x0)\Pci(0x1D,0x0)\Pci(0x0,0x0)\NVMe(0x1,CA-8F-B2-81-58-38-25-00)\HD(2,GPT,9508A8C6-F9B9-4EDD-ABC7-C1C4A019C410,0x64028,0x3A321FE0)
3:954  0:007          Result of bootcode detection: bootable unknown (legacy)
3:958  0:003  - [06]: Volume: PciRoot(0x0)\Pci(0x1D,0x0)\Pci(0x0,0x0)\NVMe(0x1,CA-8F-B2-81-58-38-25-00)\HD(2,GPT,9508A8C6-F9B9-4EDD-ABC7-C1C4A019C410,0x64028,0x3A321FE0)\VenMedia(BE74FCF7-0B7C-49F3-9147-01F4042E6842,F2738F7DD5B89341BB89C99D72294438)
3:966  0:008            apfsFileSystemUUID=7D8F73F2-B8D5-4193-BB89-C99D72294438, ApfsContainerUUID=85F3C012-2D6D-4FA1-A77E-71D7470E7FA2, ApfsRole=0x10
3:971  0:004            label : Preboot
3:974  0:003  - [07]: Volume: PciRoot(0x0)\Pci(0x1D,0x0)\Pci(0x0,0x0)\NVMe(0x1,CA-8F-B2-81-58-38-25-00)\HD(2,GPT,9508A8C6-F9B9-4EDD-ABC7-C1C4A019C410,0x64028,0x3A321FE0)\VenMedia(BE74FCF7-0B7C-49F3-9147-01F4042E6842,5D6490A424B7BC4F9AC8F7A23B1C4935)
3:982  0:007            apfsFileSystemUUID=A490645D-B724-4FBC-9AC8-F7A23B1C4935, ApfsContainerUUID=85F3C012-2D6D-4FA1-A77E-71D7470E7FA2, ApfsRole=0x40
3:997  0:014            label : Macintosh HD - Dati
4:001  0:004  - [08]: Volume: PciRoot(0x0)\Pci(0x1D,0x0)\Pci(0x0,0x0)\NVMe(0x1,CA-8F-B2-81-58-38-25-00)\HD(2,GPT,9508A8C6-F9B9-4EDD-ABC7-C1C4A019C410,0x64028,0x3A321FE0)\VenMedia(BE74FCF7-0B7C-49F3-9147-01F4042E6842,B6D67091A529BA4BA6736F0E24A99093)
4:008  0:007            apfsFileSystemUUID=9170D6B6-29A5-4BBA-A673-6F0E24A99093, ApfsContainerUUID=85F3C012-2D6D-4FA1-A77E-71D7470E7FA2, ApfsRole=0x4
4:013  0:004            label : Recovery
4:017  0:004  - [09]: Volume: PciRoot(0x0)\Pci(0x1D,0x0)\Pci(0x0,0x0)\NVMe(0x1,CA-8F-B2-81-58-38-25-00)\HD(2,GPT,9508A8C6-F9B9-4EDD-ABC7-C1C4A019C410,0x64028,0x3A321FE0)\VenMedia(BE74FCF7-0B7C-49F3-9147-01F4042E6842,C30BF988C32C724BB297A45648EE79C3)
4:025  0:008            apfsFileSystemUUID=88F90BC3-2CC3-4B72-B297-A45648EE79C3, ApfsContainerUUID=85F3C012-2D6D-4FA1-A77E-71D7470E7FA2, ApfsRole=0x1
4:031  0:006            label : Macintosh HD
4:035  0:003  - [10]: Volume: PciRoot(0x0)\Pci(0x1D,0x0)\Pci(0x0,0x0)\NVMe(0x1,CA-8F-B2-81-58-38-25-00)\HD(2,GPT,9508A8C6-F9B9-4EDD-ABC7-C1C4A019C410,0x64028,0x3A321FE0)\VenMedia(BE74FCF7-0B7C-49F3-9147-01F4042E6842,982FC8B0B1F22A41B736D33F4320CF33)
4:043  0:008            apfsFileSystemUUID=B0C82F98-F2B1-412A-B736-D33F4320CF33, ApfsContainerUUID=85F3C012-2D6D-4FA1-A77E-71D7470E7FA2, ApfsRole=0xc0
4:047  0:004            label : Update
4:051  0:004  - [11]: Volume: PciRoot(0x0)\Pci(0x1D,0x0)\Pci(0x0,0x0)\NVMe(0x1,CA-8F-B2-81-58-38-25-00)\HD(2,GPT,9508A8C6-F9B9-4EDD-ABC7-C1C4A019C410,0x64028,0x3A321FE0)\VenMedia(BE74FCF7-0B7C-49F3-9147-01F4042E6842,D0BFA628AA2C7548AE15EA6E25144D32)
4:062  0:010            apfsFileSystemUUID=28A6BFD0-2CAA-4875-AE15-EA6E25144D32, ApfsContainerUUID=85F3C012-2D6D-4FA1-A77E-71D7470E7FA2, ApfsRole=0x8
4:066  0:003            label : VM
4:070  0:004  No AudioIoProtocols, status=Not Found
4:075  0:004  === [ InitXTheme ] ==============================
4:079  0:004  use Daylight theme
4:083  0:004   using embedded theme
4:096  0:012  Using embedded font
4:100  0:004  theme inited
4:104  0:004  Chosen embedded theme
4:108  0:004  found boot-args in NVRAM:keepsyms=1 alcid=11 shikigva=80, size=32
4:112  0:004  ...found arg:keepsyms=1
4:116  0:003  ...adding arg:keepsyms=1
4:120  0:004  ...found arg:alcid=11
4:127  0:006  ...adding arg:alcid=11
4:133  0:006  ...found arg:shikigva=80
4:137  0:004  ...adding arg:shikigva=80
4:141  0:004  after NVRAM boot-args=-v agdpmod=pikera keepsyms=1 alcid=11 shikigva=80 
4:145  0:004  Scanning legacy ...
4:149  0:003  === [ Dump SMC keys from NVRAM ] ================
4:153  0:004  found AppleSMC protocol
4:166  0:012     fakesmc-key-RVBF-ch8*:02 46 0F 00 00 12 
4:203  0:037     fakesmc-key-#KEY-ui32:00 00 00 11 
4:228  0:025     fakesmc-key-$Adr-ui32:00 00 03 00 
4:254  0:025     fakesmc-key-$Num-ui8:01 
4:267  0:013     fakesmc-key-RMde-char:41 
4:281  0:013     fakesmc-key-RBr -ch8*:6A 31 33 38 5F 39 00 00 
4:324  0:042     fakesmc-key-EPCI-ui32:09 D0 F0 00 
4:350  0:025     fakesmc-key-REV -ch8*:02 46 0F 00 00 12 
4:383  0:033     fakesmc-key-RPlt-ch8*:6A 31 33 38 00 00 00 00 
4:428  0:044     fakesmc-key-BEMB-flag:00 
4:441  0:013     fakesmc-key-BATP-flag:00 
4:455  0:013     fakesmc-key-BNum-ui8:00 
4:468  0:013     fakesmc-key-MSTc-ui8:00 
4:482  0:013     fakesmc-key-MSAc-ui16:00 00 
4:499  0:017     fakesmc-key-MSWr-ui8:00 
4:514  0:014     fakesmc-key-MSFW-ui8:01 00 
4:531  0:017     fakesmc-key-MSPS-ui16:00 03 
4:555  0:023  Registered 17 SMC keys
4:563  0:008  === [ ScanLoader ] ==============================
4:567  0:004  - [01]: 'EFI'
4:593  0:025  - [02]: 'Dati'
4:636  0:043  - [04]: 'EFI'
4:647  0:011        AddLoaderEntry for Volume Name=EFI, idx=0
4:652  0:004        OSVersion= 
4:656  0:004        IconName=unknown comma=-1 size=7
4:660  0:003        Full=unknown
4:664  0:003        Loader entry created for 'PciRoot(0x0)\Pci(0x1D,0x0)\Pci(0x0,0x0)\NVMe(0x1,CA-8F-B2-81-58-38-25-00)\HD(1,GPT,6E40A227-DDED-4325-B7CE-3959620EB39E,0x28,0x64000)\EFI\BOOT\BOOTX64.efi'
4:668  0:004       hiding entry: \EFI\BOOT\BOOTX64.efi
4:672  0:004        Menu entry added at index 0
4:676  0:003       hiding entry because DiskKind is DISK_KIND_INTERNAL: \EFI\BOOT\BOOTX64.efi
4:680  0:003  - [06]: 'Preboot'
4:688  0:007      ApfsContainerUUID=85F3C012-2D6D-4FA1-A77E-71D7470E7FA2
4:692  0:003      ApfsFileSystemUUID=7D8F73F2-B8D5-4193-BB89-C99D72294438
4:696  0:004      APFSTargetUUID=A490645D-B724-4FBC-9AC8-F7A23B1C4935
4:700  0:004        contentDetails name:Macintosh HD
4:704  0:004        AddLoaderEntry for Volume Name=Preboot, idx=1
4:708  0:004        OSVersion=14.4 
4:712  0:003        Check if volume Is Hibernated:
4:716  0:003        Check sleep image 'by signature':
4:720  0:004        using default sleep image name = \private\var\vm\sleepimage
4:724  0:003        cannot open sleepimage -> Not Found
4:728  0:004        hibernated: no - sign
4:732  0:004        IconName=sonoma,mac comma=6 size=10
4:736  0:003        first=os_sonoma
4:740  0:003        Second=os_mac
4:744  0:003        IconName=unknown comma=-1 size=7
4:748  0:003        Full=unknown
4:752  0:004        Loader entry created for 'PciRoot(0x0)\Pci(0x1D,0x0)\Pci(0x0,0x0)\NVMe(0x1,CA-8F-B2-81-58-38-25-00)\HD(2,GPT,9508A8C6-F9B9-4EDD-ABC7-C1C4A019C410,0x64028,0x3A321FE0)\VenMedia(BE74FCF7-0B7C-49F3-9147-01F4042E6842,F2738F7DD5B89341BB89C99D72294438)\A490645D-B724-4FBC-9AC8-F7A23B1C4935\System\Library\CoreServices\boot.efi'
4:757  0:004        Menu entry added at index 1
4:761  0:003  - [07]: 'Macintosh HD - Dati'
4:769  0:007      ApfsContainerUUID=85F3C012-2D6D-4FA1-A77E-71D7470E7FA2
4:773  0:004      ApfsFileSystemUUID=A490645D-B724-4FBC-9AC8-F7A23B1C4935
4:777  0:003  - [08]: 'Recovery'
4:785  0:007      ApfsContainerUUID=85F3C012-2D6D-4FA1-A77E-71D7470E7FA2
4:789  0:004      ApfsFileSystemUUID=9170D6B6-29A5-4BBA-A673-6F0E24A99093
4:793  0:004      APFSTargetUUID=A490645D-B724-4FBC-9AC8-F7A23B1C4935
4:797  0:004        contentDetails name:Macintosh HD
4:802  0:005        AddLoaderEntry for Volume Name=Recovery, idx=2
4:806  0:004        OSVersion=14.4 
4:810  0:003        IconName=sonoma,mac comma=6 size=10
4:815  0:004        first=os_sonoma
4:819  0:003        Second=os_mac
4:823  0:004        IconName=unknown comma=-1 size=7
4:827  0:003        Full=unknown
4:830  0:003        Loader entry created for 'PciRoot(0x0)\Pci(0x1D,0x0)\Pci(0x0,0x0)\NVMe(0x1,CA-8F-B2-81-58-38-25-00)\HD(2,GPT,9508A8C6-F9B9-4EDD-ABC7-C1C4A019C410,0x64028,0x3A321FE0)\VenMedia(BE74FCF7-0B7C-49F3-9147-01F4042E6842,B6D67091A529BA4BA6736F0E24A99093)\A490645D-B724-4FBC-9AC8-F7A23B1C4935\BaseSystem.dmg'
4:836  0:005        Menu entry added at index 2
4:840  0:004  - [09]: 'Macintosh HD'
4:847  0:007      ApfsContainerUUID=85F3C012-2D6D-4FA1-A77E-71D7470E7FA2
4:852  0:004      ApfsFileSystemUUID=88F90BC3-2CC3-4B72-B297-A45648EE79C3
4:861  0:009  - [10]: 'Update'
4:869  0:007      ApfsContainerUUID=85F3C012-2D6D-4FA1-A77E-71D7470E7FA2
4:873  0:003      ApfsFileSystemUUID=B0C82F98-F2B1-412A-B736-D33F4320CF33
4:880  0:006  - [11]: 'VM'
4:890  0:010      ApfsContainerUUID=85F3C012-2D6D-4FA1-A77E-71D7470E7FA2
4:894  0:003      ApfsFileSystemUUID=28A6BFD0-2CAA-4875-AE15-EA6E25144D32
4:898  0:003  Entries list before ordering
4:902  0:003      Entry 0 : Boot UEFI internal from EFI (hidden)
4:906  0:003      Entry 1 : Boot Mac OS from Macintosh HD via Preboot
4:910  0:003      Entry 2 : Boot Mac OS Recovery for Macintosh HD via Recovery
4:914  0:004  Entries list after ordering
4:918  0:003    Entry 0 : Boot UEFI internal from EFI (hidden)
4:922  0:003    Entry 1 : Boot Mac OS from Macintosh HD via Preboot
4:926  0:004    Entry 2 : Boot Mac OS Recovery for Macintosh HD via Recovery
4:930  0:004  === [ AddCustomTool ] ===========================
4:935  0:004  found tool \EFI\CLOVER\tools\Shell64U.efi
4:939  0:004  Checking EFI partition Volume 1 for Clover
4:944  0:005   Found Clover
4:949  0:004  === [ GetEfiBootDeviceFromNvram ] ===============
4:953  0:004   - [!] efi-boot-device-data not found
4:957  0:003  Default boot entry not found
4:961  0:004  BannerPlace at Clear Screen [619,68]
4:979  0:018  GUI ready
58:936  53:956  Boot option 0 has other volume name Macintosh HDboot.efi
58:940  0:003  === [ StartLoader ] =============================
58:943  0:003  Starting PciRoot(0x0)\Pci(0x1D,0x0)\Pci(0x0,0x0)\NVMe(0x1,CA-8F-B2-81-58-38-25-00)\HD(2,GPT,9508A8C6-F9B9-4EDD-ABC7-C1C4A019C410,0x64028,0x3A321FE0)\VenMedia(BE74FCF7-0B7C-49F3-9147-01F4042E6842,F2738F7DD5B89341BB89C99D72294438)\A490645D-B724-4FBC-9AC8-F7A23B1C4935\System\Library\CoreServices\boot.efi
58:948  0:004  Finally: ExternalClock=26MHz BusSpeed=100086kHz CPUFreq=3603MHz PIS: hw.busfrequency=104000000Hz
58:956  0:008  Beginning OC
58:960  0:004  OCST: Missing vault data, ignoring...
58:967  0:006  AddKextsInArray from Other
58:973  0:006  ->Extra kext: Other\USBMap.kext (v.1.0)
58:977  0:003  ->Extra kext: Other\WhateverGreen.kext (v.1.6.1)
58:981  0:003  ->Extra kext: Other\NVMeFix.kext (v.1.1.0)
58:985  0:004  ->Extra kext: Other\IntelMausi.kext (v.1.0.7)
58:989  0:004  ->Extra kext: Other\Lilu.kext (v.1.6.9)
58:993  0:003  ->Extra kext: Other\SMCProcessor.kext (v.1.3.0)
58:997  0:003  ->Extra kext: Other\SMCSuperIO.kext (v.1.3.0)
59:001  0:004  ->Extra kext: Other\VirtualSMC.kext (v.1.3.0)
59:005  0:004  AddKextsInArray from Off
59:010  0:004  AddKextsInArray from 14
59:014  0:004  AddKextsInArray from 14_normal
59:018  0:004  AddKextsInArray from 14.4
59:022  0:003  AddKextsInArray from 14.4_normal
59:026  0:003  AddKextsInArray from 14.4.0
59:030  0:003  AddKextsInArray from 14.4.0_normal
59:034  0:004  Bridge kext to OC : Path=Other\Lilu.kext
59:039  0:005  Bridge kext to OC : Path=Other\VirtualSMC.kext
59:045  0:005  Bridge kext to OC : Path=Other\WhateverGreen.kext
59:050  0:005  Bridge kext to OC : Path=Other\SMCProcessor.kext
59:055  0:005  Bridge kext to OC : Path=Other\SMCSuperIO.kext
59:060  0:004  Bridge kext to OC : Path=Other\USBMap.kext
59:064  0:004  Bridge kext to OC : Path=Other\NVMeFix.kext
59:069  0:005  Bridge kext to OC : Path=Other\IntelMausi.kext
59:077  0:007  Start 'OpenRuntime.efi' : Status Success
59:081  0:004  OC: config config.plist
59:085  0:004  OC: Got 0 drivers
59:089  0:004  OC: OpenCore DBG-102-2024-09-12 is loading in Optional mode (0/0)...
59:093  0:004  OC: StorageHandle 0 with  LauncherOption pointing to 
59:098  0:005  OcOSInfoInstallProtocol
59:102  0:004  OCRTC: OcAppleRtcRamInstallProtocol
59:107  0:004  OCRTC: Wake log is 0x00 0x00   0 0x00
59:111  0:004  OcAppleFbInfoInstallProtocol
59:115  0:004  OcAppleEg2InfoInstallProtocol
59:119  0:004  OCEG: Discovered rotate NVRAM override to 0
59:123  0:004  OC: Loading Apple Secure Boot with Disabled (level 0)
59:128  0:004  OCABC: ALRBL 0 RTDFRG 1 DEVMMIO 1 NOSU 0 NOVRWR 0 NOSB 0 FBSIG 0 NOHBMAP 0 SMSLIDE 1 WRUNPROT 1
59:132  0:004  OCABC: FEXITBS 0 PRMRG 0 CSLIDE 1 MSLIDE 0 PRSRV 1 RBMAP 1 VMAP 1 APPLOS 0 RTPERMS 1 ARBAR -1 RBIO 0
59:136  0:004  OCABC: Got rendezvous with OpenRuntime r12
59:141  0:004  OCABC: MAT support is 1
59:145  0:004  OC: RequestBootVarRouting 0
59:149  0:004  OCDM: Found 0x20046/0x2003C UEFI version (376 bytes, 0 rebuilding to 376) gST 7AB3B018 gBS 6D82E3A0 gBS->CreateEventEx 6D81C904 &gBS 6D5062C0
59:154  0:004  OC: Setting GPU BARs to 0
59:158  0:004  OCDM: RBAR using PciIo
59:162  0:004  OCDM: Setting RBAR to 0 inc 1 on 3/18
59:166  0:003  OCDM: Capability I/O error - Unsupported
59:170  0:004  OCDM: RBAR is unsupported by device - Device Error
59:174  0:004  OCDM: Setting RBAR to 0 inc 1 on 5/18
59:178  0:004  OCDM: Capability I/O error - Unsupported
59:182  0:004  OCDM: RBAR is unsupported by device - Device Error
59:187  0:004  OC: Got 0 drivers
59:191  0:004  OCC: Installing GOP (Unsupported) on ConsoleOutHandle...
59:196  0:004  OC: Requested resolution is 1920x1080@0 (max: 0, force: 0) from 1920x1080
59:200  0:004  OCC: Using builtin text renderer with 1 scale
59:204  0:004  OCC: Install console control (6D4F13D0/6D815D88/0), current - Success
59:208  0:004  OCC: Setup ASCII Output - Success
59:212  0:004  OC: Requested console mode is 0x0 (max: 0) from 
59:217  0:004  OC: Invalid HibernateMode: 
59:221  0:004  OC: Translated HibernateMode  to 0
59:225  0:004  OC: Hibernation activation - Invalid Parameter, hibernation wake - no
59:229  0:003  OC: Panic log does not exist
59:233  0:004  OCABC: IsEfiBootRt 0 (BP 1, Apple 0)
59:238  0:005  OCB: Arch filtering 72D52018(723512)->72D52018(723512) caps 0 - Success
59:249  0:010  ImageHandle = 73007198
59:257  0:007  GetOSVersion: 14.4 (s)
59:265  0:008  Will not patch boot.efi
59:269  0:004  Using latest BiosVersion from config instead of default 'IM191.88Z.F000.B00.2302212211'
59:273  0:003  Using latest BiosReleaseDate from config instead of default '02/21/2023'
59:277  0:004  BiosVersion: IM191.88Z.F000.B00.2308061817
59:281  0:003  BiosReleaseDate: 08/06/2023
59:285  0:004  EfiVersion: 1968.100.16.0.1
59:292  0:006  SMBIOS reloaded with model iMac19,1
59:296  0:004  Set FakeCPUID: 0x0
59:300  0:003  === [ PatchSmbios ] =============================
59:304  0:003  UpdateSmbiosString : BiosVersion=EfiVersion=1968.100.16.0.1
59:308  0:004  UpdateSmbiosString : ReleaseDate=08/06/2023
59:312  0:003  void PatchTableType1(const SmbiosInjectedSettings&) : UpdateSmbiosString ProductName=iMac19,1
59:316  0:003  void PatchTableType2(const SmbiosInjectedSettings&) : UpdateSmbiosString ProductName=BoardNumber=Mac-AA95B1DDAB278B95
59:320  0:004  void PatchTableType2(const SmbiosInjectedSettings&) : UpdateSmbiosString Version=BoardVersion=iMac19,1
59:324  0:004  insert table 9 for dev 0:0
59:328  0:004  insert table 9 for dev 0:1
59:332  0:003  insert table 9 for dev 1F:6
59:336  0:003  Table 11 present, but rewritten for us
59:341  0:004  Do not inject memory table
59:345  0:004  Trusting SMBIOS...
59:349  0:004  Channels: 1
59:353  0:003  Interleave: 0 1 2 3
59:377  0:024  trusted SMBIOS data, table index 0:
59:381  0:003    gRAM.SMBIOS[0]->ModuleSize = 8192
59:386  0:004    gRAM.SMBIOS[0]->Type = 0
59:390  0:003    gRAM.SMBIOS[0]->Frequency = 3200
59:394  0:004    gRAM.SMBIOS[0]->Vendor = Corsair
59:398  0:004    gRAM.SMBIOS[0]->PartNo = CMK16GX4M2K4266C19
59:402  0:004    gRAM.SMBIOS[0]->SerialNo = 00000000
59:406  0:004  SPD data in use:
59:410  0:003    gRAM.SPD[0]->ModuleSize = 8192
59:414  0:003    gRAM.SPD[0]->Type = 26
59:418  0:003    gRAM.SPD[0]->Frequency = 4264
59:422  0:004    gRAM.SPD[0]->Vendor = Corsair
59:426  0:003    gRAM.SPD[0]->SerialNo = 00000000
59:430  0:003    gRAM.SPD[0]->PartNo = CMK16GX4M2K4266C19
59:434  0:004    SMBIOS Type 17 Index = 0 => SMBIOSIndex=0 SPDIndex=0:
59:438  0:004  BANK 0 DIMM0 4264MHz 8192MB(Ext:0MB)
59:442  0:003  trusted SMBIOS data, table index 1:
59:446  0:003    gRAM.SMBIOS[1]->ModuleSize = 8192
59:450  0:003    gRAM.SMBIOS[1]->Type = 0
59:454  0:004    gRAM.SMBIOS[1]->Frequency = 3200
59:458  0:003    gRAM.SMBIOS[1]->Vendor = Corsair
59:462  0:003    gRAM.SMBIOS[1]->PartNo = CMK16GX4M2K4266C19
59:467  0:005    gRAM.SMBIOS[1]->SerialNo = 00000000
59:471  0:004  SPD data in use:
59:475  0:004    gRAM.SPD[1]->ModuleSize = 8192
59:479  0:004    gRAM.SPD[1]->Type = 26
59:483  0:003    gRAM.SPD[1]->Frequency = 4264
59:487  0:003    gRAM.SPD[1]->Vendor = Corsair
59:491  0:003    gRAM.SPD[1]->SerialNo = 00000000
59:495  0:004    gRAM.SPD[1]->PartNo = CMK16GX4M2K4266C19
59:499  0:003    SMBIOS Type 17 Index = 1 => SMBIOSIndex=1 SPDIndex=1:
59:505  0:006  BANK 0 DIMM1 4264MHz 8192MB(Ext:0MB)
59:515  0:009  !trusted SMBIOS data, Table index 2:!gRAM.SMBIOS.doesSlotForIndexExist(SMBIOSIndex) 
59:527  0:011    SMBIOS Type 17 Index = 2 => SMBIOSIndex=2 SPDIndex=2:
59:531  0:003  BANK 0 DIMM2 EMPTY
59:535  0:004  !trusted SMBIOS data, Table index 3:!gRAM.SMBIOS.doesSlotForIndexExist(SMBIOSIndex) 
59:547  0:012    SMBIOS Type 17 Index = 3 => SMBIOSIndex=3 SPDIndex=3:
59:551  0:003  BANK 0 DIMM3 EMPTY
59:555  0:003  mTotalSystemMemory = 16384
59:559  0:003  NumberOfMemoryDevices = 4
59:564  0:004  Type20[0]->End = 0x7FFFFF, Type17[0] = 2000
59:568  0:003  Type20[1]->End = 0xFFFFFF, Type17[1] = 6000
59:572  0:004  Table 131 is present, CPUType=35
59:575  0:003  Change to: 1005
59:579  0:003  === [ PatchACPI ] ===============================
59:583  0:004  OCABC: AllocPages 1 0x7A308000 (1) - Success
59:591  0:007  Xsdt reallocation done
59:597  0:006  OCABC: AllocPages 1 0x7A307000 (1) - Success
59:602  0:004  old FADT length=114
59:606  0:004   SignatureFixup: 0x7173A1F4 -> 0x0
59:610  0:004  Found OperationRegion(GNVS, SystemMemory, 7A345000, ...)
59:614  0:004  Found OperationRegion(RAMW, SystemMemory, 7A349018, ...)
59:618  0:004  Found OperationRegion(RAMX, SystemMemory, 7A2A5018, ...)
59:622  0:004  Found OperationRegion(PNVA, SystemMemory, 7A3D1B98, ...)
59:627  0:004  Found OperationRegion(THBA, SystemMemory, FE200000, ...)
59:631  0:004  Found OperationRegion(BNVS, SystemMemory, 7A35A000, ...)
59:635  0:004  Found OperationRegion(SMBD, SystemMemory, E00FC004, ...)
59:640  0:004  Found OperationRegion(TMMB, SystemMemory, FED40000, ...)
59:644  0:004  Found OperationRegion(CRBD, SystemMemory, FED40000, ...)
59:648  0:004  Found OperationRegion(TPMR, SystemMemory, FED40040, ...)
59:652  0:004  Found OperationRegion(ATNV, SystemMemory, 7A3D1F98, ...)
59:656  0:004  Found OperationRegion(WPBR, SystemMemory, 7A333000, ...)
59:661  0:004  OCABC: AllocPages 1 0x7A2B8000 (79) - Success
59:665  0:004  Apply DsdtFixMask=0x10400000
59:669  0:004  === [ FixBiosDsdt ] =============================
59:673  0:004  Patching DSDT:
59:678  0:004   - [change EC0 to EC]: pattern 4543305F, patched at: [ (F96F) ]
59:698  0:020   - [change HECI to IMEI]: pattern 48454349, patched at: [ (18CAE) ]
59:719  0:021   deleting device CRT_
59:728  0:008   deleting device DVI_
59:736  0:008   deleting device SPKR
59:745  0:008   deleting device ECP_
59:753  0:008   deleting device LPT_
59:761  0:008   deleting device FDC0
59:769  0:008   deleting device ECP1
59:778  0:008   deleting device LPT1
59:786  0:008   deleting device FDC_
59:795  0:008    indirect name=RAMB
59:799  0:004    indirect name=RAMA
59:803  0:004    indirect name=PNVB
59:807  0:004  OperationRegion (THBA...) corrected from 0x0 to addr=0xFE200000
59:811  0:004    indirect name=TPMM
59:815  0:004    indirect name=FTPM
59:820  0:004    indirect name=PPIM
59:824  0:004  PreCleanup XSDT: count=25, length=236
59:828  0:004  PreCleanup XSDT, corrected XSDT: count=25, length=236
59:832  0:004  === [ ACPIPatchedAML ] ==========================
59:837  0:004  AutoMerge pass 1
59:841  0:003  Unsorted
59:845  0:004  Inserting SSDT-AWAC.aml from \EFI\CLOVER\ACPI\patched: ignore on pass 1
59:853  0:008  Inserting SSDT-EC-USBX.aml from \EFI\CLOVER\ACPI\patched: ignore on pass 1
59:861  0:008  Inserting SSDT-PLUG.aml from \EFI\CLOVER\ACPI\patched: ignore on pass 1
59:870  0:008  Inserting SSDT-PMC.aml from \EFI\CLOVER\ACPI\patched: ignore on pass 1
59:878  0:007  Inserting SSDT-UIAC.aml from \EFI\CLOVER\ACPI\patched: ignore on pass 1
59:886  0:008  === [ ACPIDropTables ] ==========================
59:890  0:004  OCABC: AllocPages 1 0x7A2B6000 (2) - Success
59:895  0:004  OCABC: AllocPages 1 0x7A2B6000 (2) - Success
59:899  0:004  OCABC: AllocPages 1 0x7A2B6000 (2) - Success
59:903  0:004  OCABC: AllocPages 1 0x7A2B6000 (2) - Success
59:907  0:004  OCABC: AllocPages 1 0x7A2B6000 (2) - Success
59:911  0:004  OCABC: AllocPages 1 0x7A2B6000 (2) - Success
59:915  0:004  Patching SSDTs: 2 patches each
59:919  0:004   pattern 4543305F, bin not found / already patched!
59:927  0:007   pattern 48454349, bin not found / already patched!
59:935  0:008  OCABC: AllocPages 1 0x7A2B3000 (3) - Success
59:939  0:003  Patching SSDTs: 2 patches each
59:943  0:003   pattern 4543305F, bin not found / already patched!
59:952  0:008   pattern 48454349, bin not found / already patched!
59:960  0:008  Found OperationRegion(PNVS, SystemMemory, 7ADF2000, ...)
59:964  0:004  OCABC: AllocPages 1 0x7A2AE000 (5) - Success
59:968  0:004  Patching SSDTs: 2 patches each
59:972  0:004   pattern 4543305F, bin not found / already patched!
59:980  0:008   pattern 48454349, bin not found / already patched!
59:989  0:008  Found OperationRegion(SANV, SystemMemory, 7A3D1118, ...)
59:993  0:004  OCABC: AllocPages 1 0x7A2AA000 (4) - Success
59:997  0:004  Patching SSDTs: 2 patches each
60:001  0:004   pattern 4543305F, bin not found / already patched!
60:009  0:007   pattern 48454349, bin not found / already patched!
60:017  0:008  OCABC: AllocPages 1 0x7A2A8000 (2) - Success
60:021  0:004  OCABC: AllocPages 1 0x7A2A8000 (2) - Success
60:025  0:004  Patching SSDTs: 2 patches each
60:029  0:004   pattern 4543305F, bin not found / already patched!
60:037  0:008   pattern 48454349, bin not found / already patched!
60:046  0:008  OCABC: AllocPages 1 0x7A129000 (4) - Success
60:050  0:004  Patching SSDTs: 2 patches each
60:054  0:004   pattern 4543305F, bin not found / already patched!
60:062  0:007   pattern 48454349, bin not found / already patched!
60:070  0:008  OCABC: AllocPages 1 0x7A2A6000 (2) - Success
60:077  0:006  OCABC: AllocPages 1 0x7A2A6000 (2) - Success
60:083  0:006  OCABC: AllocPages 1 0x7A125000 (4) - Success
60:087  0:003  Patching SSDTs: 2 patches each
60:091  0:004   pattern 4543305F, bin not found / already patched!
60:099  0:008   pattern 48454349, bin not found / already patched!
60:107  0:008  OCABC: AllocPages 1 0x7A2A6000 (2) - Success
60:111  0:003  Patching SSDTs: 2 patches each
60:116  0:004   pattern 4543305F, bin not found / already patched!
60:124  0:008   pattern 48454349, bin not found / already patched!
60:132  0:007  OCABC: AllocPages 1 0x7A123000 (2) - Success
60:136  0:003  OCABC: AllocPages 1 0x7A123000 (2) - Success
60:140  0:003  OCABC: AllocPages 1 0x7A122000 (3) - Success
60:144  0:003  Patching SSDTs: 2 patches each
60:148  0:004   pattern 4543305F, bin not found / already patched!
60:155  0:007   pattern 48454349, bin not found / already patched!
60:164  0:008  OCABC: AllocPages 1 0x7A120000 (2) - Success
60:168  0:004  Patching SSDTs: 2 patches each
60:172  0:003   pattern 4543305F, bin not found / already patched!
60:179  0:007   pattern 48454349, bin not found / already patched!
60:188  0:008  Found OperationRegion(ADHD, SystemMemory, 78C93000, ...)
60:191  0:003  Found OperationRegion(ABLK, SystemMemory, 78C93020, ...)
60:195  0:003  OCABC: AllocPages 1 0x7A110000 (16) - Success
60:199  0:004  OCABC: AllocPages 1 0x7A11E000 (2) - Success
60:203  0:003  OCABC: AllocPages 1 0x7A11E000 (2) - Success
60:207  0:003  OCABC: AllocPages 1 0x7A11E000 (2) - Success
60:211  0:003  === [ ACPIPatchedAML ] ==========================
60:215  0:004  AutoMerge pass 2
60:219  0:003  Unsorted
60:223  0:003  Inserting SSDT-AWAC.aml from \EFI\CLOVER\ACPI\patched: size=73 OCABC: AllocPages 1 0x7A11F000 (1) - Success
... Success
60:239  0:016  Inserting SSDT-EC-USBX.aml from \EFI\CLOVER\ACPI\patched: size=7341 OCABC: AllocPages 1 0x7A11D000 (2) - Success
... Success
60:256  0:016  Inserting SSDT-PLUG.aml from \EFI\CLOVER\ACPI\patched: size=693 OCABC: AllocPages 1 0x7A11C000 (1) - Success
... Success
60:272  0:016  Inserting SSDT-PMC.aml from \EFI\CLOVER\ACPI\patched: size=414 OCABC: AllocPages 1 0x7A11B000 (1) - Success
... Success
60:288  0:016  Inserting SSDT-UIAC.aml from \EFI\CLOVER\ACPI\patched: size=693 OCABC: AllocPages 1 0x7A11A000 (1) - Success
... Success
60:304  0:016  ApicCPUNum=1
60:308  0:003  Maximum control=0x24
60:312  0:004  Turbo control=0x31
60:317  0:004  P-States: min 0x8, max 0x31
60:321  0:003  SSDT with plugin-type without P-States is generated
60:325  0:004  OCABC: AllocPages 1 0x7A119000 (1) - Success
60:329  0:003  Cleanup XSDT: count=31, length=284
60:333  0:004  corrected XSDT count=31, length=284
60:340  0:007  === [ RestSetup macOS ] =========================
60:347  0:007  ATI injection not set
60:351  0:003  Intel GFX injection not set
60:355  0:004   RCBA disabled; cannot use it
60:359  0:004   setting specified layout-id=1 (0x1)
60:363  0:004  stringlength = 458
60:367  0:004  OCABC: AllocPages 1 0x7A118000 (1) - Success
60:371  0:004  CurrentMode: Width=1366 Height=768
60:375  0:003  SetNvramVariable (system-id, 4D1EDE05-38C7-4A6A-9CC6-4BCCA8B38C14, 0x2, 16): -> writing new (Success)
60:384  0:008  SetNvramVariable (MLB, 4D1EDE05-38C7-4A6A-9CC6-4BCCA8B38C14, 0x6, 17): -> writing new (Success)
60:393  0:009  SetNvramVariable (ROM, 4D1EDE05-38C7-4A6A-9CC6-4BCCA8B38C14, 0x6, 6): -> writing new (Success)
60:405  0:011  SetNvramVariable (FirmwareFeatures, 4D1EDE05-38C7-4A6A-9CC6-4BCCA8B38C14, 0x6, 4): -> writing new (Success)
60:414  0:008  SetNvramVariable (FirmwareFeaturesMask, 4D1EDE05-38C7-4A6A-9CC6-4BCCA8B38C14, 0x6, 4): -> writing new (Success)
60:423  0:008  SetNvramVariable (ExtendedFirmwareFeatures, 4D1EDE05-38C7-4A6A-9CC6-4BCCA8B38C14, 0x6, 8): -> writing new (Success)
60:432  0:008  SetNvramVariable (ExtendedFirmwareFeaturesMask, 4D1EDE05-38C7-4A6A-9CC6-4BCCA8B38C14, 0x6, 8): -> writing new (Success)
60:441  0:009  AddNvramVariable (HW_BID, 4D1EDE05-38C7-4A6A-9CC6-4BCCA8B38C14, 0x6, 20): -> writing new (Success)
60:450  0:009  AddNvramVariable (security-mode, 7C436110-AB2A-4BBB-A880-FE41995C9F82, 0x7, 5): -> already exists, abort
60:458  0:008  set DefaultBackgroundColor=0xfbfbfb
60:463  0:004  SetNvramVariable (DefaultBackgroundColor, 4D1EDE05-38C7-4A6A-9CC6-4BCCA8B38C14, 0x7, 4): -> writing new (Success)
60:475  0:012  SetNvramVariable (ActualDensity, 7C436110-AB2A-4BBB-A880-FE41995C9F82, 0x7, 2): exists(0x7, 2), equal -> not writing again.
60:488  0:012  SetNvramVariable (DensityThreshold, 7C436110-AB2A-4BBB-A880-FE41995C9F82, 0x7, 2): exists(0x7, 2), equal -> not writing again.
60:500  0:012  SetNvramVariable (gfx-saved-config-restore-status, 4D1EDE05-38C7-4A6A-9CC6-4BCCA8B38C14, 0x7, 8): exists(0x7, 8), equal -> not writing again.
60:512  0:012  DeleteNvramVariable (UIScale, 4D1EDE05-38C7-4A6A-9CC6-4BCCA8B38C14):
60:517  0:004  DeleteNvramVariable (EFILoginHiDPI, 7C436110-AB2A-4BBB-A880-FE41995C9F82):
60:521  0:004  SetNvramVariable (flagstate, 7C436110-AB2A-4BBB-A880-FE41995C9F82, 0x7, 32): exists(0x7, 32), equal -> not writing again.
60:533  0:012  SetNvramVariable (csr-active-config, 7C436110-AB2A-4BBB-A880-FE41995C9F82, 0x7, 4): exists(0x7, 4), equal -> not writing again.
60:546  0:013  DeleteNvramVariable (BridgeOSHardwareModel, 4D1EDE05-38C7-4A6A-9CC6-4BCCA8B38C14):
60:554  0:007  DeleteNvramVariable (bootercfg, 7C436110-AB2A-4BBB-A880-FE41995C9F82):
60:559  0:004  DeleteNvramVariable (nvda_drv, 7C436110-AB2A-4BBB-A880-FE41995C9F82):
60:564  0:004  DeleteNvramVariable (recovery-boot-mode, 7C436110-AB2A-4BBB-A880-FE41995C9F82):
60:568  0:004  AddNvramVariable (wake-failure, 7C436110-AB2A-4BBB-A880-FE41995C9F82, 0x7, 5): -> already exists, abort
60:577  0:009  DeleteNvramVariable (opencore-version, 7C436110-AB2A-4BBB-A880-FE41995C9F82):
60:582  0:004  DeleteNvramVariable (ApBoardID, 94B73556-2197-4702-82A8-3E1337DAFBFB):
60:587  0:004  DeleteNvramVariable (ApSecurityDomain, 94B73556-2197-4702-82A8-3E1337DAFBFB):
60:592  0:004  DeleteNvramVariable (ApProductionStatus, 94B73556-2197-4702-82A8-3E1337DAFBFB):
60:597  0:004  DeleteNvramVariable (ApSecurityMode, 94B73556-2197-4702-82A8-3E1337DAFBFB):
60:601  0:004  DeleteNvramVariable (EffectiveProductionStatus, 94B73556-2197-4702-82A8-3E1337DAFBFB):
60:606  0:004  DeleteNvramVariable (EffectiveSecurityMode, 94B73556-2197-4702-82A8-3E1337DAFBFB):
60:611  0:004  DeleteNvramVariable (CertificateEpoch, 94B73556-2197-4702-82A8-3E1337DAFBFB):
60:619  0:007  DeleteNvramVariable (MixNMatchPreventionStatus, 94B73556-2197-4702-82A8-3E1337DAFBFB):
60:626  0:007  DeleteNvramVariable (CryptoDigestMethod, 94B73556-2197-4702-82A8-3E1337DAFBFB):
60:631  0:004  DeleteNvramVariable (InternalUseOnlyUnit, 94B73556-2197-4702-82A8-3E1337DAFBFB):
60:636  0:004  DeleteNvramVariable (ApECID, 94B73556-2197-4702-82A8-3E1337DAFBFB):
60:641  0:004  DeleteNvramVariable (HardwareModel, 94B73556-2197-4702-82A8-3E1337DAFBFB):
60:645  0:004  Use origin smbios table type 1 guid.
60:668  0:023  DeleteNvramVariable (efi-boot-device, 7C436110-AB2A-4BBB-A880-FE41995C9F82):
60:673  0:004  DeleteNvramVariable (efi-boot-device-data, 7C436110-AB2A-4BBB-A880-FE41995C9F82):
60:677  0:004  DeleteNvramVariable (BootCampHD, 7C436110-AB2A-4BBB-A880-FE41995C9F82):
60:681  0:004  Custom boot screen not used because entry has unset use graphics
60:687  0:005  DeleteNvramVariable (IOHibernateRTCVariables, 7C436110-AB2A-4BBB-A880-FE41995C9F82):
60:692  0:004  DeleteNvramVariable (boot-image, 7C436110-AB2A-4BBB-A880-FE41995C9F82):
60:696  0:004  Kernel quirks
60:700  0:004  ACPCL 1 AXCL 1 AXEM 0 AXFB 0 CSG 0 DIM 0 DLJ 0 DRC 1 DPM 0 EBTFF 0 EDI 0 FAI 0 IPBS 0 LKP 0 PNKD 0 PTKP 0 TPD 0 XPL 0 PCC 0
60:704  0:004  Closing log
60:709  0:004  OCABC: AllocPages 2 0x91000 (14) - Success
60:713  0:004  OCABC: AllocPages 2 0x6F762000 (14) - Success
60:717  0:004  OCABC: Recovering trashed GetMemoryMap pointer
60:722  0:005  OCABC: Patching safe mode sur-2 at off ACF4
60:726  0:004  OCABC: AllocPages 2 0x777E6000 (512) - Success
60:731  0:004  OCABC: AllocPages 2 0x777E5000 (1) - Success
60:735  0:004  OC: Supported boot capabilities 4
60:739  0:003  OCABC: AllocPages 2 0x777E4000 (1) - Success
60:743  0:004  OCABC: MMIO devirt start
60:747  0:004  OCABC: MMIO devirt 0xE0000000 (0x10000 pages, 0x800000000000100D) skip 0
60:751  0:004  OCABC: MMIO devirt 0xFE000000 (0x11 pages, 0x8000000000000001) skip 0
60:755  0:004  OCABC: MMIO devirt 0xFEC00000 (0x1 pages, 0x800000000000100D) skip 0
60:760  0:004  OCABC: MMIO devirt 0xFED00000 (0x4 pages, 0x800000000000100D) skip 0
60:764  0:004  OCABC: MMIO devirt 0xFEE00000 (0x1 pages, 0x8000000000000001) skip 0
60:768  0:004  OCABC: MMIO devirt 0xFF000000 (0x1000 pages, 0x800000000000100D) skip 0
60:772  0:003  OCABC: MMIO devirt end, saved 278620 KB
60:776  0:004  OCABC: All slides are usable! You can disable ProvideCustomSlide!
60:781  0:005  OCOS: OS set: <null> macOS 11.0
60:785  0:004  OCOS: OS set: Apple Inc. macOS 11.0
60:789  0:004  OCOS: Should use black background
60:794  0:004  OCABC: AllocPages 1 0x6D2E4000 (1) - Success
60:810  0:015  OC: Opening file System\Library\Kernels\kernel with 1 mode gave - Not Found
60:814  0:004  OC: Opening file \A490645D-B724-4FBC-9AC8-F7A23B1C4935 with 1 mode gave - Success
60:818  0:004  OC: Opening file \A490645D-B724-4FBC-9AC8-F7A23B1C4935\System\Library\CoreServices\com.apple.Boot.plist with 1 mode gave - Not Found
60:823  0:004  OC: Opening file Library\Preferences\SystemConfiguration\com.apple.Boot.plist with 1 mode gave - Success
60:827  0:004  OC: Opening file \A490645D-B724-4FBC-9AC8-F7A23B1C4935\System\Library\CoreServices\PlatformSupport.plist with 1 mode gave - Success
60:832  0:004  OCABC: AllocPages 2 0x1C900000 (51544) - Success
60:836  0:004  OC: Opening file System\Library\Caches\com.apple.corestorage\EncryptedRoot.plist.wipekey with 1 mode gave - Success
60:846  0:009  OC: Opening file \A490645D-B724-4FBC-9AC8-F7A23B1C4935\System\Library\CoreServices\boot.efi with 1 mode gave - Success
60:874  0:028  OC: Opening file boot\System\Library\KernelCollections\BootKernelExtensions.kc.development with 1 mode gave - Not Found
60:892  0:017  OC: Opening file boot\System\Library\KernelCollections\BootKernelExtensions.kc with 1 mode gave - Success
60:896  0:003  OC: Load and reserve Kext Other\Lilu.kext
60:901  0:005  OC: Load and reserve Kext Other\VirtualSMC.kext
60:906  0:004  OC: Load and reserve Kext Other\WhateverGreen.kext
60:911  0:005  OC: Load and reserve Kext Other\SMCProcessor.kext
60:916  0:004  OC: Load and reserve Kext Other\SMCSuperIO.kext
60:921  0:004  OC: Load and reserve Kext Other\USBMap.kext
60:925  0:004  OC: Load and reserve Kext Other\NVMeFix.kext
60:930  0:004  OC: Load and reserve Kext Other\IntelMausi.kext
60:935  0:005  OC: Kext reservation size info 50C000 exe 131000
60:939  0:003  OC: Trying 64-bit XNU hook on boot\System\Library\KernelCollections\BootKernelExtensions.kc
60:944  0:004  OCAK: Found 64-bit Mach-O compressed 0 offset 0 size 0
60:948  0:004  OCAK: Determined kernel size is 62734336 bytes
60:983  0:034  OC: Result of 64-bit XNU hook on boot\System\Library\KernelCollections\BootKernelExtensions.kc (00000000) is Success
61:030  0:047  OCAK: Read kernel version 23.4.0 (230400)
61:034  0:003  OCAK: 64-bit patcher base 0xFFFFFF8000200000 kmod 0x0 file 0x0
61:039  0:005  OCAK: Zeroing _xcpm_core_scope_msrs 0xE2 applicable CPUs (76)
61:043  0:004  OCAK: Zeroing _xcpm_core_scope_msrs 0xE2 applicable CPUs (406416)
61:047  0:003  OCAK: Zeroing _xcpm_core_scope_msrs 0xE2 applicable CPUs (16384)
61:052  0:005  Replace B9E20000000F30 by B9E20000009090 at ofs:30E
61:120  0:067  Replace B9E20000000F30 by B9E20000009090 at ofs:39B
61:187  0:067  OCAK: 64-bit XcpmCfgLockRel replace count - 2
61:191  0:004  OCAK: [OK] Success XcpmCfgLock patch
61:234  0:042  OCAK: as.vit9696.Lilu got KXLD 0 0
61:238  0:004  OCAK: Requesting __LINKEDIT for as.vit9696.Lilu - 6CCA7438 at 3BD5000
61:242  0:003  OCAK: Requesting SymbolTable for as.vit9696.Lilu - 551
61:246  0:004  OCAK: Requesting __LINKEDIT for __kernel__ - 690DD688 at 0
61:250  0:003  OCAK: Requesting SymbolTable for __kernel__ - 22799
61:281  0:030  OCAK: Local relocs 689 on FFFFFF8003CD5000
61:285  0:004  OC: Prelinked injection Other\Lilu.kext () - Success
61:289  0:004  OCAK: as.vit9696.VirtualSMC got KXLD 0 0
61:293  0:004  OCAK: Requesting __LINKEDIT for as.vit9696.VirtualSMC - 6CCD6438 at 3C04000
61:297  0:004  OCAK: Requesting SymbolTable for as.vit9696.VirtualSMC - 453
61:301  0:004  OCAK: Requesting SymbolTable for as.vit9696.Lilu - 159
61:310  0:008  OCAK: Patching invalid size 2000 with 19DF000 for com.apple.iokit.IOACPIFamily
61:314  0:004  OCAK: com.apple.iokit.IOACPIFamily got KXLD 0 0
61:318  0:003  OCAK: Requesting __LINKEDIT for com.apple.iokit.IOACPIFamily - 6B2C8518 at 21F6000
61:322  0:004  OCAK: Requesting SymbolTable for com.apple.iokit.IOACPIFamily - 544
61:333  0:010  OCAK: Local relocs 515 on FFFFFF8003D04000
61:338  0:004  OC: Prelinked injection Other\VirtualSMC.kext () - Success
61:345  0:007  OCAK: as.vit9696.WhateverGreen got KXLD 0 0
61:349  0:004  OCAK: Requesting __LINKEDIT for as.vit9696.WhateverGreen - 6CCF03E8 at 3C1E000
61:353  0:004  OCAK: Requesting SymbolTable for as.vit9696.WhateverGreen - 445
61:359  0:005  OCAK: Patching invalid size 32000 with 156F000 for com.apple.iokit.IOPCIFamily
61:363  0:004  OCAK: com.apple.iokit.IOPCIFamily got KXLD 0 0
61:367  0:004  OCAK: Requesting __LINKEDIT for com.apple.iokit.IOPCIFamily - 6B738518 at 2666000
61:371  0:004  OCAK: Requesting SymbolTable for com.apple.iokit.IOPCIFamily - 1531
61:386  0:014  OCAK: Local relocs 1837 on FFFFFF8003D1E000
61:391  0:005  OC: Prelinked injection Other\WhateverGreen.kext () - Success
61:397  0:006  OCAK: as.vit9696.SMCProcessor got KXLD 0 0
61:404  0:006  OCAK: Requesting __LINKEDIT for as.vit9696.SMCProcessor - 6CD713E8 at 3C9F000
61:408  0:004  OCAK: Requesting SymbolTable for as.vit9696.SMCProcessor - 355
61:412  0:004  OCAK: Requesting SymbolTable for as.vit9696.VirtualSMC - 27
61:421  0:009  OCAK: Local relocs 325 on FFFFFF8003D9F000
61:425  0:004  OC: Prelinked injection Other\SMCProcessor.kext () - Success
61:429  0:003  OCAK: ru.joedm.SMCSuperIO got KXLD 0 0
61:433  0:004  OCAK: Requesting __LINKEDIT for ru.joedm.SMCSuperIO - 6CD803E8 at 3CAE000
61:437  0:004  OCAK: Requesting SymbolTable for ru.joedm.SMCSuperIO - 347
61:446  0:008  OCAK: Local relocs 2168 on FFFFFF8003DAE000
61:452  0:006  OC: Prelinked injection Other\SMCSuperIO.kext () - Success
61:457  0:004  OC: Prelinked injection Other\USBMap.kext () - Success
61:462  0:005  OCAK: org.acidanthera.NVMeFix got KXLD 0 0
61:466  0:004  OCAK: Requesting __LINKEDIT for org.acidanthera.NVMeFix - 6CDA1438 at 3CCF000
61:470  0:003  OCAK: Requesting SymbolTable for org.acidanthera.NVMeFix - 363
61:479  0:008  OCAK: Local relocs 624 on FFFFFF8003DCF000
61:483  0:004  OC: Prelinked injection Other\NVMeFix.kext () - Success
61:488  0:004  OCAK: as.acidanthera.mieze.IntelMausi got KXLD 0 0
61:492  0:003  OCAK: Requesting __LINKEDIT for as.acidanthera.mieze.IntelMausi - 6CDAE398 at 3CDC000
61:496  0:004  OCAK: Requesting SymbolTable for as.acidanthera.mieze.IntelMausi - 2124
61:501  0:005  OCAK: Patching invalid size 17FF4 with 17D1000 for com.apple.iokit.IONetworkingFamily
61:505  0:004  OCAK: com.apple.iokit.IONetworkingFamily got KXLD 0 0
61:509  0:003  OCAK: Requesting __LINKEDIT for com.apple.iokit.IONetworkingFamily - 6B4D6568 at 2404000
61:513  0:004  OCAK: Requesting SymbolTable for com.apple.iokit.IONetworkingFamily - 1698
61:529  0:015  OCAK: Local relocs 656 on FFFFFF8003DDC000
61:533  0:004  OC: Prelinked injection Other\IntelMausi.kext () - Success
61:537  0:004  OC: Prelink size 63987712 kext offset 62738432 reserved 1249280
61:541  0:003  OCAK: KC TEXT is 65536 bytes with 61800 Mach-O headers need 624
61:559  0:018  OCAK: Failed to pk find com.apple.driver.AppleIntelCPUPowerManagement - Not Found
61:563  0:004  OCAK: [OK] Skipping PatchAppleCpuPmCfgLock on NULL Patcher on kernel version 230400
61:568  0:004  OCAK: Patching invalid size 5FF4 with 2193000 for com.apple.driver.AppleRTC
61:572  0:004  OCAK: com.apple.driver.AppleRTC got KXLD 0 0
61:576  0:004  Replace BE58000000/FFFEFFFFFF(BE58000000) by BEFFFF0000 at ofs:1AED
61:683  0:106  Replace BE58000000/FFFEFFFFFF(BE59000000) by BEFFFF0000 at ofs:1AFE
61:792  0:108  Replace BE58000000/FFFEFFFFFF(BE58000000) by BEFFFF0000 at ofs:1DE3
61:897  0:105  Replace BE58000000/FFFEFFFFFF(BE59000000) by BEFFFF0000 at ofs:1DF3
62:005  0:108  OCAK: 64-bit DisableRtcChecksum64 replace count - 4
62:009  0:003  OCAK: [OK] Patch success com.apple.driver.AppleRTC DisableRtcChecksum
62:132  0:123  OC: Prelinked status - Success
62:177  0:044  OC: Opening file usr\standalone\OS.dmg.root_hash with 1 mode gave - Success
62:187  0:009  OC: Opening file usr\standalone\OS.dmg.root_hash.x86legacyap.im4m with 1 mode gave - Success
62:197  0:010  OCABC: AllocPages 0 0x72FF9000 (1) - Success
62:201  0:003  OCABC: AllocPages 0 0x72FF8000 (1) - Success
