0:100  0:100  MemLog inited, TSC freq: 3600497220
0:100  0:000  CPU was calibrated with RTC
0:100  0:000  CloverX64 : Image base = 0x81C04000
0:100  0:000  Clover ImageHandle = 8aa63e18
0:102  0:002  SelfDirPath = \EFI\CLOVER
0:103  0:001  === [ Starting Clover ] =========================
0:103  0:000  Now is 23.11.2024,  17:56:40 (GMT)
0:103  0:000  Starting Clover revision: 5160 (master, commit 7b08a616e) on American Megatrends EFI
0:103  0:000  Build id: 20240909210805-7b08a61-dirty
0:103  0:000  Build with: [Args: -D NO_GRUB_DRIVERS_EMBEDDED -D LESS_DEBUG -t GCC131 | --cmd-len=50000 -D NO_GRUB_DRIVERS_EMBEDDED -D LESS_DEBUG --conf=/Users/sergey/src/CloverBootloader/Conf -D USE_LOW_EBDA -a X64 -b RELEASE -t GCC131 -n 5 | OS: 15]
0:103  0:000  === [ Get Smbios ] ==============================
0:103  0:000  Type 16 Index = 0
0:103  0:000  Total Memory Slots Count = 4
0:103  0:000  Type 17 Index = 0
0:103  0:000  SmbiosTable.Type17->SlotIndex = 0
0:103  0:000  SmbiosTable.Type17->ModuleSize = 8192MB
0:103  0:000  SmbiosTable.Type17->Type = 0
0:103  0:000  SmbiosTable.Type17->Frequency = 3200MHz
0:103  0:000  SmbiosTable.Type17->Bank/Device = BANK 0 ChannelA-DIMM1
0:103  0:000  SmbiosTable.Type17->Vendor = Corsair
0:103  0:000  SmbiosTable.Type17->SerialNo = 00000000
0:103  0:000  SmbiosTable.Type17->PartNo = CMK16GX4M2K4266C19
0:103  0:000  Type 17 Index = 1
0:103  0:000  SmbiosTable.Type17->SlotIndex = 1
0:103  0:000  SmbiosTable.Type17->ModuleSize = 8192MB
0:103  0:000  SmbiosTable.Type17->Type = 0
0:103  0:000  SmbiosTable.Type17->Frequency = 3200MHz
0:103  0:000  SmbiosTable.Type17->Bank/Device = BANK 1 ChannelA-DIMM2
0:103  0:000  SmbiosTable.Type17->Vendor = Corsair
0:103  0:000  SmbiosTable.Type17->SerialNo = 00000000
0:103  0:000  SmbiosTable.Type17->PartNo = CMK16GX4M2K4266C19
0:103  0:000  Type 17 Index = 2
0:103  0:000  Ignoring insane frequency value 0MHz
0:103  0:000  Type 17 Index = 3
0:103  0:000  Ignoring insane frequency value 0MHz
0:103  0:000  Boot status=0
0:104  0:000  Running on: 'System Product Name' with board 'PRIME Z390-A'
0:104  0:000  === [ GetCPUProperties ] ========================
0:104  0:000  CPU Vendor = 756E6547 Model=906EC
0:104  0:000   The CPU supported SSE4.1
0:104  0:000   The CPU supported RDRAND
0:104  0:000  BrandString = Intel(R) Core(TM) i7-9700K CPU @ 3.60GHz
0:104  0:000   The CPU supported turbo
0:104  0:000   Energy PerfBias is  visible:
0:104  0:000  MSR 0x35               80008
0:104  0:000   TSC/CCC Information Leaf:
0:104  0:000    numerator     : 300
0:104  0:000    denominator   : 2
0:104  0:000   Calibrated ARTFrequency: 24003314
0:104  0:000   Rounded ARTFrequency: 24000000
0:104  0:000  MSR 0xE2 before patch 1E000000
0:104  0:000  MSR 0xCE              08080838_F1012400
0:104  0:000  corrected FLEX_RATIO = E0000
0:104  0:000  MSR 0x1B0             00000000
0:104  0:000  FSBFrequency = 100 MHz, DMI FSBFrequency = 100 MHz, Corrected FSBFrequency = 100 MHz
0:104  0:000  MaxDiv/MinDiv: 36.0/8
0:104  0:000  Turbo: 47/49/49/49
0:104  0:000  Features: 0x77FAFBFFBFEBFBFF
0:104  0:000  Threads: 8
0:104  0:000  Cores: 8
0:104  0:000  FSB: 100 MHz
0:104  0:000  CPU: 3600 MHz
0:104  0:000  TSC: 3600 MHz
0:104  0:000  PIS: 100 MHz
0:104  0:000  ExternalClock: 25 MHz
0:104  0:000  === [ GetDevices ] ==============================
0:104  0:000  GOP found at: PciRoot(0x0)/Pci(0x1,0x0)/Pci(0x0,0x0)/AcpiAdr(0x80010302)
0:104  0:000  PCI (00|00:00.00) : 8086 3E30 class=060000
0:104  0:000  PCI (00|00:01.00) : 8086 1901 class=060400
0:104  0:000  PCI (00|01:00.00) : 1002 67DF class=030000
0:104  0:000   - GFX: Model=AMD Radeon RX 480/570/580 (ATI/AMD)
0:104  0:000   - GOP: Provided by device
0:104  0:000  PCI (00|01:00.01) : 1002 AAF0 class=040300
0:104  0:000   - HDMI Audio: 
0:104  0:000  PCI (00|00:14.00) : 8086 A36D class=0C0330
0:104  0:000  PCI (00|00:14.02) : 8086 A36F class=050000
0:104  0:000  PCI (00|00:16.00) : 8086 A360 class=078000
0:104  0:000  PCI (00|00:17.00) : 8086 A352 class=010601
0:104  0:000  PCI (00|00:1B.00) : 8086 A340 class=060400
0:104  0:000  PCI (00|00:1C.00) : 8086 A338 class=060400
0:104  0:000  PCI (00|00:1D.00) : 8086 A330 class=060400
0:104  0:000  PCI (00|04:00.00) : 144D A808 class=010802
0:104  0:000  PCI (00|00:1F.00) : 8086 A305 class=060100
0:104  0:000  PCI (00|00:1F.03) : 8086 A348 class=040300
0:104  0:000  PCI (00|00:1F.04) : 8086 A323 class=0C0500
0:104  0:000  PCI (00|00:1F.05) : 8086 A324 class=0C8000
0:104  0:000  PCI (00|00:1F.06) : 8086 15BC class=020000
0:104  0:000   - LAN: 1 Vendor=Intel
0:104  0:000  Legacy MAC address of LAN #0= 40:B0:76:DE:9E:93:
0:104  0:000  _checkOEMPath Look for oem dir at path '\EFI\CLOVER\OEM\System Product Name--40-B0-76-DE-9E-93'. Dir doesn't exist.
0:104  0:000  _checkOEMPath Look for oem dir at path '\EFI\CLOVER\OEM\PRIME Z390-A\UEFI'. Dir doesn't exist.
0:104  0:000  _checkOEMPath Look for oem dir at path '\EFI\CLOVER\OEM\System Product Name'. Dir doesn't exist.
0:104  0:000  _checkOEMPath Look for oem dir at path '\EFI\CLOVER\OEM\System Product Name-3600'. Dir doesn't exist.
0:104  0:000  _checkOEMPath Look for oem dir at path '\EFI\CLOVER\OEM\PRIME Z390-A'. Dir doesn't exist.
0:105  0:000  _checkOEMPath Look for oem dir at path '\EFI\CLOVER\OEM\PRIME Z390-A-3600'. Dir doesn't exist.
0:105  0:000  === [ GetUserSettings ] =========================
0:105  0:000  GetDefaultModel()=iMac18,3
0:105  0:000  === [ LoadUserSettings ] ========================
0:105  0:000  Using config.plist at path: \EFI\CLOVER
0:106  0:000  There are problems in plist '\EFI\CLOVER\config.plist'
0:106  0:000  Warning: Unknown key '/KernelAndKextPatches/KernelCpu:241'. Skipped.
0:106  0:000  Warning: Boolean value contained in a string. Please use <true/> instead of <string>yes</string> for tag '/SystemParameters/InjectKexts:836'
0:106  0:000  Use CloverConfigPlistValidator or look in the log
3:106  2:999  === [ LoadUserSettings ] ========================
3:106  0:000  Cannot find smbios.plist at path '\EFI\CLOVER' : Not Found
3:106  0:000  '\EFI\CLOVER\smbios.plist' not loaded. Efi error Not Found
3:106  0:000  create SMBIOS list, found 27 dicts
3:106  0:000  ... ACPI
3:106  0:000  ... Boot
3:106  0:000  ... Devices
3:106  0:000  ... DisableDrivers
3:106  0:000  ... GUI
3:106  0:000  ... Graphics
3:106  0:000  ... KernelAndKextPatches
3:106  0:000  ... SMBIOS
3:106  0:000  ... SystemParameters
3:106  0:000  ... RtVariables
3:106  0:000  get model from config.plist
3:106  0:000  Using latest BiosVersion from config instead of default 'IM191.88Z.F000.B00.2302212211'
3:118  0:011  BiosVersion: IM192.88Z.F000.B00.1902181222
3:122  0:004  BiosReleaseDate: 02/21/2023
3:126  0:004  EfiVersion: 1968.100.16.0.1
3:130  0:004  got BE smUUID as:BA91F74F-5CE7-463F-E89D-40B076DE9E93
3:134  0:004  Calibrated TSC Frequency = 3600497220 = 3600MHz
3:139  0:004  === [ GetListOfThemes ] =========================
3:143  0:004  - [00]: random
3:151  0:008  - [00]: embedded
3:160  0:008  === [ Found config plists ] =====================
3:164  0:004  - config_old.plist
3:168  0:004  - config.plist
3:172  0:004  - config-sample.plist
3:177  0:004  === [ LoadDrivers ] =============================
3:182  0:004  Loading NvmExpressDxe.efi status=Success
3:195  0:013   - driver needs connecting
3:199  0:004  Loading EnglishDxe.efi status=Success
3:212  0:013  Loading VBoxHfs.efi status=Success
3:225  0:013   - driver needs connecting
3:229  0:004  Loading PartitionDxe.efi status=Success
3:243  0:013   - driver needs connecting
3:247  0:004  Loading ApfsDriverLoader.efi status=Success
3:261  0:013   - driver needs connecting
3:265  0:004  4 drivers needs connecting ...
3:265  0:000  PlatformDriverOverrideProtocol not found. Installing ... Success
3:266  0:000  Partition driver loaded: 
3:266  0:000  HFS+ driver loaded
3:266  0:000  APFS driver loaded
3:266  0:000  Searching for invalid DiskIo BY_DRIVER connects: not found, all ok
3:526  0:259  === [ InitScreen ] ==============================
3:530  0:004  Console modes reported: 4, available modes:
3:534  0:004   - [01]: 80x25 (current mode)
3:538  0:003   - [03]: 100x31
3:542  0:004   - [04]: 170x40
3:546  0:004  SetScreenResolution: 1920x1080 - not found!
3:554  0:008  SetMaxResolution: found best mode 0: 1366x768
3:562  0:008   - already set
3:567  0:005  Using embedded font
3:573  0:005  === [ ScanSPD ] =================================
3:577  0:004  SMBus device : 8086 A323 class=0C0500 status=Success
3:581  0:004  SMBus CmdReg: 0x3
3:585  0:004  Scanning SMBus [8086:A323], mmio: 0xA0538004, ioport: 0xEFA0, hostc: 0x11
3:589  0:004  Slots to scan [8]...
3:594  0:004  SPD[0]: Got invalid type 0 @0x50. Will set page and retry.
3:599  0:004  SPD[0]: Type 12 @0x50
3:623  0:024  XMP Profile1: 4*125 -31 ns
3:627  0:004  Found module with XMP version 2.0
3:631  0:004  XMPDetection deactivated in config.plist
3:635  0:004  DDR speed 2132MHz
3:639  0:004  Slot: 0 Type 26 8192MB 2132MHz Vendor=Corsair PartNo=CMK16GX4M2K4266C19 SerialNo=00000000
3:644  0:004  SPD[1]: Type 12 @0x51
3:668  0:023  XMP Profile1: 4*125 -31 ns
3:672  0:004  Found module with XMP version 2.0
3:677  0:004  XMPDetection deactivated in config.plist
3:681  0:004  DDR speed 2132MHz
3:685  0:004  Slot: 1 Type 26 8192MB 2132MHz Vendor=Corsair PartNo=CMK16GX4M2K4266C19 SerialNo=00000000
3:690  0:005  === [ GetAcpiTablesList ] =======================
3:694  0:004  Get Acpi Tables List from RSDT: count=24
3:702  0:008   - [00]: FACP  A M I  len=132
3:707  0:004   - [01]: APIC  A M I  len=188
3:711  0:004   - [02]: FPDT  A M I  len=68
3:715  0:004   - [03]: FIDT  A M I len=156
3:719  0:004   - [04]: MCFG  A M I  len=60
3:723  0:003   - [05]: WSMT  A M I  len=40
3:727  0:003   - [06]: SSDT  SataTabl len=888
3:733  0:005   - [07]: SSDT  CpuSsdt len=6101
3:737  0:004   - [08]: SSDT  SaSsdt  len=12443
3:741  0:004   - [09]: SSDT  PegSsdt len=9048
3:745  0:004   - [10]: HPET  A M I  len=56
3:749  0:004   - [11]: SSDT  Ther_Rvp len=3998
3:754  0:004   - [12]: SSDT  xh_cfsd4 len=10579
3:758  0:004   - [13]: UEFI  A M I  len=72
3:762  0:004   - [14]: LPIT  A M I  len=92
3:766  0:004   - [15]: SSDT  PtidDevc len=10206
3:770  0:004   - [16]: SSDT  TbtTypeC len=4094
3:775  0:004   - [17]: DBGP  A M I  len=52
3:779  0:004   - [18]: DBG2  A M I  len=84
3:783  0:004   - [19]: SSDT  UsbCTabl len=6449
3:787  0:004   - [20]: SSDT  ADebTabl len=324
3:791  0:004   - [21]: VFCT  A M I  len=59524
3:795  0:004   - [22]: BGRT  A M I  len=56
3:800  0:004   - [23]: WPBT  A M I len=60
3:804  0:004   - [00]: Drop table : MATS,                0 :  no
3:813  0:008  Custom boot CUSTOM_BOOT_DISABLED (0x0)
3:817  0:004  Default theme: tonymacx86
3:821  0:004  Set FakeCPUID: 0x0
3:826  0:004  === [ Found DSDT tables ] =======================
3:830  0:004  === [ InitKextList ] ============================
3:836  0:005  Added Kext=Other\FakeSMC.kext (3.5.6)
3:842  0:006  === [ ScanVolumes ] =============================
3:846  0:004  Found 10 volumes with blockIO
3:850  0:004  - [00]: Volume: PciRoot(0x0)\Pci(0x17,0x0)\Sata(0x0,0xFFFF,0x0)
3:859  0:008  - [01]: Volume: PciRoot(0x0)\Pci(0x17,0x0)\Sata(0x0,0xFFFF,0x0)\HD(1,GPT,38DCC513-D608-408E-9D2F-1469C8B906A0,0x28,0x64000)
3:868  0:008          Result of bootcode detection: bootable unknown (legacy)
3:891  0:022            label : EFI
3:895  0:004  - [02]: Volume: PciRoot(0x0)\Pci(0x17,0x0)\Sata(0x0,0xFFFF,0x0)\HD(2,GPT,C20AA839-E88E-4CED-8CAB-9480B290394C,0x64028,0x15D466360)
3:920  0:025            label : Dati
3:924  0:004  - [03]: Volume: PciRoot(0x0)\Pci(0x1D,0x0)\Pci(0x0,0x0)\NVMe(0x1,CA-8F-B2-81-58-38-25-00)
3:932  0:008  - [04]: Volume: PciRoot(0x0)\Pci(0x1D,0x0)\Pci(0x0,0x0)\NVMe(0x1,CA-8F-B2-81-58-38-25-00)\HD(1,GPT,6E40A227-DDED-4325-B7CE-3959620EB39E,0x28,0x64000)
3:941  0:008          Result of bootcode detection: bootable unknown (legacy)
3:945  0:004            label : EFI
3:949  0:004          This is SelfVolume !!
3:953  0:004  - [05]: Volume: PciRoot(0x0)\Pci(0x1D,0x0)\Pci(0x0,0x0)\NVMe(0x1,CA-8F-B2-81-58-38-25-00)\HD(2,GPT,9508A8C6-F9B9-4EDD-ABC7-C1C4A019C410,0x64028,0x3A321FE0)
3:962  0:008          Result of bootcode detection: bootable unknown (legacy)
3:966  0:004  - [06]: Volume: PciRoot(0x0)\Pci(0x1D,0x0)\Pci(0x0,0x0)\NVMe(0x1,CA-8F-B2-81-58-38-25-00)\HD(2,GPT,9508A8C6-F9B9-4EDD-ABC7-C1C4A019C410,0x64028,0x3A321FE0)\VenMedia(BE74FCF7-0B7C-49F3-9147-01F4042E6842,F2738F7DD5B89341BB89C99D72294438)
3:975  0:008            apfsFileSystemUUID=7D8F73F2-B8D5-4193-BB89-C99D72294438, ApfsContainerUUID=85F3C012-2D6D-4FA1-A77E-71D7470E7FA2, ApfsRole=0x10
3:979  0:004            label : Preboot
3:983  0:004  - [07]: Volume: PciRoot(0x0)\Pci(0x1D,0x0)\Pci(0x0,0x0)\NVMe(0x1,CA-8F-B2-81-58-38-25-00)\HD(2,GPT,9508A8C6-F9B9-4EDD-ABC7-C1C4A019C410,0x64028,0x3A321FE0)\VenMedia(BE74FCF7-0B7C-49F3-9147-01F4042E6842,5D6490A424B7BC4F9AC8F7A23B1C4935)
3:991  0:008            apfsFileSystemUUID=A490645D-B724-4FBC-9AC8-F7A23B1C4935, ApfsContainerUUID=85F3C012-2D6D-4FA1-A77E-71D7470E7FA2, ApfsRole=0x0
4:009  0:018            label : Macintosh HD
4:014  0:004  - [08]: Volume: PciRoot(0x0)\Pci(0x1D,0x0)\Pci(0x0,0x0)\NVMe(0x1,CA-8F-B2-81-58-38-25-00)\HD(2,GPT,9508A8C6-F9B9-4EDD-ABC7-C1C4A019C410,0x64028,0x3A321FE0)\VenMedia(BE74FCF7-0B7C-49F3-9147-01F4042E6842,B6D67091A529BA4BA6736F0E24A99093)
4:022  0:008            apfsFileSystemUUID=9170D6B6-29A5-4BBA-A673-6F0E24A99093, ApfsContainerUUID=85F3C012-2D6D-4FA1-A77E-71D7470E7FA2, ApfsRole=0x4
4:026  0:004            label : Recovery
4:030  0:003  - [09]: Volume: PciRoot(0x0)\Pci(0x1D,0x0)\Pci(0x0,0x0)\NVMe(0x1,CA-8F-B2-81-58-38-25-00)\HD(2,GPT,9508A8C6-F9B9-4EDD-ABC7-C1C4A019C410,0x64028,0x3A321FE0)\VenMedia(BE74FCF7-0B7C-49F3-9147-01F4042E6842,55B78B2757452849A2D432E0BB550617)
4:038  0:008            apfsFileSystemUUID=278BB755-4557-4928-A2D4-32E0BB550617, ApfsContainerUUID=85F3C012-2D6D-4FA1-A77E-71D7470E7FA2, ApfsRole=0x8
4:043  0:004            label : VM
4:047  0:004  No AudioIoProtocols, status=Not Found
4:051  0:004  === [ InitXTheme ] ==============================
4:055  0:004  use Daylight theme
4:059  0:004   using embedded theme
4:075  0:015  Using embedded font
4:079  0:004  theme inited
4:083  0:004  Chosen embedded theme
4:087  0:004  after NVRAM boot-args=dart=0
4:092  0:004  Scanning legacy ...
4:096  0:004  === [ Dump SMC keys from NVRAM ] ================
4:100  0:004  found AppleSMC protocol
4:112  0:012     fakesmc-key-RVBF-ch8*:02 41 0F 00 00 02 
4:146  0:034     fakesmc-key-#KEY-ui32:00 00 00 01 
4:172  0:025     fakesmc-key-$Adr-ui32:00 00 03 00 
4:198  0:025     fakesmc-key-$Num-ui8:01 
4:211  0:013     fakesmc-key-RMde-char:41 
4:228  0:016     fakesmc-key-RBr -ch8*:6A 31 33 33 5F 34 5F 35 
4:271  0:042     fakesmc-key-EPCI-ui32:09 70 F0 00 
4:297  0:026     fakesmc-key-REV -ch8*:02 41 0F 00 00 02 
4:332  0:034     fakesmc-key-RPlt-ch8*:6A 31 33 35 00 00 00 00 
4:374  0:042     fakesmc-key-BEMB-flag:00 
4:387  0:013     fakesmc-key-BATP-flag:00 
4:401  0:013     fakesmc-key-BNum-ui8:00 
4:415  0:013     fakesmc-key-MSTc-ui8:00 
4:428  0:013     fakesmc-key-MSAc-ui16:00 00 
4:447  0:018     fakesmc-key-MSWr-ui8:00 
4:461  0:013     fakesmc-key-MSFW-ui8:01 00 
4:479  0:017     fakesmc-key-MSPS-ui16:00 03 
4:501  0:022  Registered 17 SMC keys
4:511  0:009  === [ ScanLoader ] ==============================
4:515  0:003  - [01]: 'EFI'
4:540  0:025  - [02]: 'Dati'
4:578  0:037  - [04]: 'EFI'
4:589  0:011        AddLoaderEntry for Volume Name=EFI, idx=0
4:593  0:004        OSVersion= 
4:597  0:004        IconName=unknown comma=-1 size=7
4:601  0:004        Full=unknown
4:605  0:004        Loader entry created for 'PciRoot(0x0)\Pci(0x1D,0x0)\Pci(0x0,0x0)\NVMe(0x1,CA-8F-B2-81-58-38-25-00)\HD(1,GPT,6E40A227-DDED-4325-B7CE-3959620EB39E,0x28,0x64000)\EFI\BOOT\BOOTX64.efi'
4:609  0:003       hiding entry: \EFI\BOOT\BOOTX64.efi
4:614  0:004        Menu entry added at index 0
4:618  0:004       hiding entry because DiskKind is DISK_KIND_INTERNAL: \EFI\BOOT\BOOTX64.efi
4:622  0:003  - [06]: 'Preboot'
4:632  0:010      ApfsContainerUUID=85F3C012-2D6D-4FA1-A77E-71D7470E7FA2
4:636  0:004      ApfsFileSystemUUID=7D8F73F2-B8D5-4193-BB89-C99D72294438
4:641  0:004      APFSTargetUUID=A490645D-B724-4FBC-9AC8-F7A23B1C4935
4:645  0:004        AddLoaderEntry for Volume Name=Preboot, idx=1
4:652  0:006        OSVersion=10.14.6 
4:656  0:004        Check if volume Is Hibernated:
4:660  0:004        Check sleep image 'by signature':
4:665  0:004        using default sleep image name = \private\var\vm\sleepimage
4:669  0:004        cannot open sleepimage -> Not Found
4:673  0:004        hibernated: no - sign
4:677  0:004        IconName=moja,mac comma=4 size=8
4:681  0:004        first=os_moja
4:686  0:004        Second=os_mac
4:690  0:004        IconName=unknown comma=-1 size=7
4:694  0:004        Full=unknown
4:698  0:004        Loader entry created for 'PciRoot(0x0)\Pci(0x1D,0x0)\Pci(0x0,0x0)\NVMe(0x1,CA-8F-B2-81-58-38-25-00)\HD(2,GPT,9508A8C6-F9B9-4EDD-ABC7-C1C4A019C410,0x64028,0x3A321FE0)\VenMedia(BE74FCF7-0B7C-49F3-9147-01F4042E6842,F2738F7DD5B89341BB89C99D72294438)\A490645D-B724-4FBC-9AC8-F7A23B1C4935\System\Library\CoreServices\boot.efi'
4:704  0:005        Menu entry added at index 1
4:708  0:004      Dead installer entry found (installer dmg boot file not found : '\macOS Install Data\BaseSystem.dmg')
4:712  0:004  - [07]: 'Macintosh HD'
4:720  0:008      ApfsContainerUUID=85F3C012-2D6D-4FA1-A77E-71D7470E7FA2
4:724  0:004      ApfsFileSystemUUID=A490645D-B724-4FBC-9AC8-F7A23B1C4935
4:732  0:007        AddLoaderEntry for Volume Name=Macintosh HD, idx=2
4:737  0:005        OSVersion=10.14.6 
4:741  0:003        Check if volume Is Hibernated:
4:745  0:004        Check sleep image 'by signature':
4:751  0:005        read prefs \Library\Preferences\com.apple.PowerManagement.plist status=Success
4:755  0:004        using default sleep image name = \private\var\vm\sleepimage
4:760  0:004        cannot open sleepimage -> Not Found
4:764  0:004        hibernated: no - sign
4:768  0:003        IconName=moja,mac comma=4 size=8
4:772  0:004        first=os_moja
4:776  0:004        Second=os_mac
4:780  0:004        IconName=unknown comma=-1 size=7
4:784  0:004        Full=unknown
4:788  0:004        Loader entry created for 'PciRoot(0x0)\Pci(0x1D,0x0)\Pci(0x0,0x0)\NVMe(0x1,CA-8F-B2-81-58-38-25-00)\HD(2,GPT,9508A8C6-F9B9-4EDD-ABC7-C1C4A019C410,0x64028,0x3A321FE0)\VenMedia(BE74FCF7-0B7C-49F3-9147-01F4042E6842,5D6490A424B7BC4F9AC8F7A23B1C4935)\System\Library\CoreServices\boot.efi'
4:793  0:004        Menu entry added at index 2
4:797  0:004  - [08]: 'Recovery'
4:806  0:008      ApfsContainerUUID=85F3C012-2D6D-4FA1-A77E-71D7470E7FA2
4:810  0:004      ApfsFileSystemUUID=9170D6B6-29A5-4BBA-A673-6F0E24A99093
4:814  0:004      APFSTargetUUID=A490645D-B724-4FBC-9AC8-F7A23B1C4935
4:818  0:003        AddLoaderEntry for Volume Name=Recovery, idx=3
4:822  0:004        OSVersion=10.14.6 
4:826  0:003        IconName=moja,mac comma=4 size=8
4:830  0:004        first=os_moja
4:834  0:003        Second=os_mac
4:838  0:004        IconName=unknown comma=-1 size=7
4:842  0:003        Full=unknown
4:846  0:004        Loader entry created for 'PciRoot(0x0)\Pci(0x1D,0x0)\Pci(0x0,0x0)\NVMe(0x1,CA-8F-B2-81-58-38-25-00)\HD(2,GPT,9508A8C6-F9B9-4EDD-ABC7-C1C4A019C410,0x64028,0x3A321FE0)\VenMedia(BE74FCF7-0B7C-49F3-9147-01F4042E6842,B6D67091A529BA4BA6736F0E24A99093)\A490645D-B724-4FBC-9AC8-F7A23B1C4935\boot.efi'
4:851  0:005        Menu entry added at index 3
4:855  0:004  - [09]: 'VM'
4:864  0:008      ApfsContainerUUID=85F3C012-2D6D-4FA1-A77E-71D7470E7FA2
4:868  0:004      ApfsFileSystemUUID=278BB755-4557-4928-A2D4-32E0BB550617
4:872  0:004  Entries list before ordering
4:876  0:003      Entry 0 : Boot UEFI internal from EFI (hidden)
4:880  0:004      Entry 1 : Boot Mac OS from Macintosh HD via Preboot
4:884  0:003      Entry 2 : Boot macOS from Macintosh HD
4:888  0:004      Entry 3 : Boot Mac OS Recovery for Macintosh HD via Recovery
4:895  0:007  Hiding entry 1 because of entry 2
4:899  0:004  Entries list after ordering
4:903  0:003    Entry 0 : Boot UEFI internal from EFI (hidden)
4:907  0:004    Entry 1 : Boot Mac OS from Macintosh HD via Preboot (hidden)
4:911  0:004    Entry 2 : Boot macOS from Macintosh HD
4:915  0:004    Entry 3 : Boot Mac OS Recovery for Macintosh HD via Recovery
4:919  0:004  === [ AddCustomTool ] ===========================
4:924  0:004  found tool \EFI\CLOVER\tools\Shell64U.efi
4:928  0:004  Checking EFI partition Volume 1 for Clover
4:933  0:005   Found Clover
4:937  0:004  === [ GetEfiBootDeviceFromNvram ] ===============
4:942  0:004   - [!] efi-boot-device-data not found
4:946  0:004   - found entry 0. 'Boot macOS from Macintosh HD', Volume 'Macintosh HD', DevicePath 'PciRoot(0x0)\Pci(0x1D,0x0)\Pci(0x0,0x0)\NVMe(0x1,CA-8F-B2-81-58-38-25-00)\HD(2,GPT,9508A8C6-F9B9-4EDD-ABC7-C1C4A019C410,0x64028,0x3A321FE0)\VenMedia(BE74FCF7-0B7C-49F3-9147-01F4042E6842,5D6490A424B7BC4F9AC8F7A23B1C4935)\System\Library\CoreServices\boot.efi'
4:950  0:003  BannerPlace at Clear Screen [619,68]
4:971  0:021  GUI ready
8:752  3:781  === [ GetUserSettings ] =========================
8:757  0:004  GetDefaultModel()=iMac18,3
8:761  0:004  === [ LoadUserSettings ] ========================
8:765  0:004  Using config_old.plist at path: \EFI\CLOVER
8:770  0:004  === [ LoadUserSettings ] ========================
8:774  0:004  Cannot find smbios.plist at path '\EFI\CLOVER' : Not Found
8:778  0:003  '\EFI\CLOVER\smbios.plist' not loaded. Efi error Not Found
8:782  0:004  create SMBIOS list, found 27 dicts
8:786  0:004  ... ACPI
8:790  0:003  ... Boot
8:795  0:004  ... Devices
8:799  0:004  ... DisableDrivers
8:803  0:004  ... GUI
8:807  0:004  ... Graphics
8:811  0:003  ... KernelAndKextPatches
8:815  0:004  ... SMBIOS
8:822  0:007  ... SystemParameters
8:827  0:004  ... RtVariables
8:831  0:004  ... Quirks
8:835  0:004  get model from config.plist
8:839  0:004  Using latest BiosVersion from config instead of default 'IM191.88Z.F000.B00.2302212211'
8:843  0:004  Using latest BiosReleaseDate from config instead of default '02/21/2023'
8:851  0:007  Using latest EfiVersion from config instead of default '1968.100.16.0.1'
8:855  0:004  BiosVersion: IM191.88Z.F000.B00.2308061817
8:859  0:004  BiosReleaseDate: 08/06/2023
8:863  0:004  EfiVersion: 2020.40.3.0.0
8:868  0:004  Calibrated TSC Frequency = 3600497220 = 3600MHz
22:264  13:396  EDITED: -v
23:802  1:537  ReinitRefitLib after theme change
23:802  0:000  === [ Found DSDT tables ] =======================
23:807  0:005  === [ ScanVolumes ] =============================
23:811  0:004  Found 10 volumes with blockIO
23:816  0:004  - [00]: Volume: PciRoot(0x0)\Pci(0x17,0x0)\Sata(0x0,0xFFFF,0x0)
23:825  0:008  - [01]: Volume: PciRoot(0x0)\Pci(0x17,0x0)\Sata(0x0,0xFFFF,0x0)\HD(1,GPT,38DCC513-D608-408E-9D2F-1469C8B906A0,0x28,0x64000)
23:833  0:008          Result of bootcode detection: bootable unknown (legacy)
23:838  0:005            label : EFI
23:843  0:004  - [02]: Volume: PciRoot(0x0)\Pci(0x17,0x0)\Sata(0x0,0xFFFF,0x0)\HD(2,GPT,C20AA839-E88E-4CED-8CAB-9480B290394C,0x64028,0x15D466360)
23:852  0:009            label : Dati
23:856  0:003  - [03]: Volume: PciRoot(0x0)\Pci(0x1D,0x0)\Pci(0x0,0x0)\NVMe(0x1,CA-8F-B2-81-58-38-25-00)
23:864  0:008  - [04]: Volume: PciRoot(0x0)\Pci(0x1D,0x0)\Pci(0x0,0x0)\NVMe(0x1,CA-8F-B2-81-58-38-25-00)\HD(1,GPT,6E40A227-DDED-4325-B7CE-3959620EB39E,0x28,0x64000)
23:872  0:008          Result of bootcode detection: bootable unknown (legacy)
23:877  0:004            label : EFI
23:881  0:004          This is SelfVolume !!
23:885  0:004  - [05]: Volume: PciRoot(0x0)\Pci(0x1D,0x0)\Pci(0x0,0x0)\NVMe(0x1,CA-8F-B2-81-58-38-25-00)\HD(2,GPT,9508A8C6-F9B9-4EDD-ABC7-C1C4A019C410,0x64028,0x3A321FE0)
23:893  0:008          Result of bootcode detection: bootable unknown (legacy)
23:897  0:004  - [06]: Volume: PciRoot(0x0)\Pci(0x1D,0x0)\Pci(0x0,0x0)\NVMe(0x1,CA-8F-B2-81-58-38-25-00)\HD(2,GPT,9508A8C6-F9B9-4EDD-ABC7-C1C4A019C410,0x64028,0x3A321FE0)\VenMedia(BE74FCF7-0B7C-49F3-9147-01F4042E6842,F2738F7DD5B89341BB89C99D72294438)
23:905  0:008            apfsFileSystemUUID=7D8F73F2-B8D5-4193-BB89-C99D72294438, ApfsContainerUUID=85F3C012-2D6D-4FA1-A77E-71D7470E7FA2, ApfsRole=0x10
23:909  0:004            label : Preboot
23:913  0:004  - [07]: Volume: PciRoot(0x0)\Pci(0x1D,0x0)\Pci(0x0,0x0)\NVMe(0x1,CA-8F-B2-81-58-38-25-00)\HD(2,GPT,9508A8C6-F9B9-4EDD-ABC7-C1C4A019C410,0x64028,0x3A321FE0)\VenMedia(BE74FCF7-0B7C-49F3-9147-01F4042E6842,5D6490A424B7BC4F9AC8F7A23B1C4935)
23:922  0:008            apfsFileSystemUUID=A490645D-B724-4FBC-9AC8-F7A23B1C4935, ApfsContainerUUID=85F3C012-2D6D-4FA1-A77E-71D7470E7FA2, ApfsRole=0x0
23:926  0:004            label : Macintosh HD
23:930  0:004  - [08]: Volume: PciRoot(0x0)\Pci(0x1D,0x0)\Pci(0x0,0x0)\NVMe(0x1,CA-8F-B2-81-58-38-25-00)\HD(2,GPT,9508A8C6-F9B9-4EDD-ABC7-C1C4A019C410,0x64028,0x3A321FE0)\VenMedia(BE74FCF7-0B7C-49F3-9147-01F4042E6842,B6D67091A529BA4BA6736F0E24A99093)
23:938  0:008            apfsFileSystemUUID=9170D6B6-29A5-4BBA-A673-6F0E24A99093, ApfsContainerUUID=85F3C012-2D6D-4FA1-A77E-71D7470E7FA2, ApfsRole=0x4
23:942  0:003            label : Recovery
23:947  0:004  - [09]: Volume: PciRoot(0x0)\Pci(0x1D,0x0)\Pci(0x0,0x0)\NVMe(0x1,CA-8F-B2-81-58-38-25-00)\HD(2,GPT,9508A8C6-F9B9-4EDD-ABC7-C1C4A019C410,0x64028,0x3A321FE0)\VenMedia(BE74FCF7-0B7C-49F3-9147-01F4042E6842,55B78B2757452849A2D432E0BB550617)
23:955  0:008            apfsFileSystemUUID=278BB755-4557-4928-A2D4-32E0BB550617, ApfsContainerUUID=85F3C012-2D6D-4FA1-A77E-71D7470E7FA2, ApfsRole=0x8
23:959  0:004            label : VM
23:964  0:004  No AudioIoProtocols, status=Not Found
23:968  0:004  change theme
23:972  0:004  === [ InitXTheme ] ==============================
23:977  0:004  use Daylight theme
23:981  0:004   using embedded theme
23:996  0:015  Using embedded font
24:000  0:004  theme inited
24:005  0:004  Chosen embedded theme
24:009  0:004  after NVRAM boot-args=-v
24:013  0:004  Scanning legacy ...
24:017  0:004  === [ ScanLoader ] ==============================
24:021  0:004  - [01]: 'EFI'
24:046  0:024  - [02]: 'Dati'
24:054  0:008  - [04]: 'EFI'
24:065  0:010        AddLoaderEntry for Volume Name=EFI, idx=0
24:069  0:003        OSVersion= 
24:073  0:004        IconName=unknown comma=-1 size=7
24:077  0:004        Full=unknown
24:081  0:004        Loader entry created for 'PciRoot(0x0)\Pci(0x1D,0x0)\Pci(0x0,0x0)\NVMe(0x1,CA-8F-B2-81-58-38-25-00)\HD(1,GPT,6E40A227-DDED-4325-B7CE-3959620EB39E,0x28,0x64000)\EFI\BOOT\BOOTX64.efi'
24:085  0:003       hiding entry: \EFI\BOOT\BOOTX64.efi
24:090  0:004        Menu entry added at index 0
24:094  0:004       hiding entry because DiskKind is DISK_KIND_INTERNAL: \EFI\BOOT\BOOTX64.efi
24:098  0:004  - [06]: 'Preboot'
24:107  0:008      ApfsContainerUUID=85F3C012-2D6D-4FA1-A77E-71D7470E7FA2
24:111  0:004      ApfsFileSystemUUID=7D8F73F2-B8D5-4193-BB89-C99D72294438
24:115  0:004      APFSTargetUUID=A490645D-B724-4FBC-9AC8-F7A23B1C4935
24:119  0:004        AddLoaderEntry for Volume Name=Preboot, idx=1
24:124  0:004        OSVersion=10.14.6 
24:128  0:004        Check if volume Is Hibernated:
24:132  0:004        Check sleep image 'by signature':
24:136  0:004        using default sleep image name = \private\var\vm\sleepimage
24:141  0:004        cannot open sleepimage -> Not Found
24:145  0:004        hibernated: no - sign
24:149  0:004        IconName=moja,mac comma=4 size=8
24:153  0:004        first=os_moja
24:157  0:004        Second=os_mac
24:161  0:003        IconName=unknown comma=-1 size=7
24:165  0:004        Full=unknown
24:169  0:004        Loader entry created for 'PciRoot(0x0)\Pci(0x1D,0x0)\Pci(0x0,0x0)\NVMe(0x1,CA-8F-B2-81-58-38-25-00)\HD(2,GPT,9508A8C6-F9B9-4EDD-ABC7-C1C4A019C410,0x64028,0x3A321FE0)\VenMedia(BE74FCF7-0B7C-49F3-9147-01F4042E6842,F2738F7DD5B89341BB89C99D72294438)\A490645D-B724-4FBC-9AC8-F7A23B1C4935\System\Library\CoreServices\boot.efi'
24:175  0:005        Menu entry added at index 1
24:179  0:004      Dead installer entry found (installer dmg boot file not found : '\macOS Install Data\BaseSystem.dmg')
24:183  0:003  - [07]: 'Macintosh HD'
24:192  0:008      ApfsContainerUUID=85F3C012-2D6D-4FA1-A77E-71D7470E7FA2
24:196  0:004      ApfsFileSystemUUID=A490645D-B724-4FBC-9AC8-F7A23B1C4935
24:200  0:004        AddLoaderEntry for Volume Name=Macintosh HD, idx=2
24:205  0:004        OSVersion=10.14.6 
24:209  0:004        Check if volume Is Hibernated:
24:213  0:003        Check sleep image 'by signature':
24:217  0:004        read prefs \Library\Preferences\com.apple.PowerManagement.plist status=Success
24:221  0:004        using default sleep image name = \private\var\vm\sleepimage
24:225  0:004        cannot open sleepimage -> Not Found
24:229  0:004        hibernated: no - sign
24:233  0:004        IconName=moja,mac comma=4 size=8
24:238  0:004        first=os_moja
24:242  0:004        Second=os_mac
24:246  0:004        IconName=unknown comma=-1 size=7
24:250  0:004        Full=unknown
24:254  0:004        Loader entry created for 'PciRoot(0x0)\Pci(0x1D,0x0)\Pci(0x0,0x0)\NVMe(0x1,CA-8F-B2-81-58-38-25-00)\HD(2,GPT,9508A8C6-F9B9-4EDD-ABC7-C1C4A019C410,0x64028,0x3A321FE0)\VenMedia(BE74FCF7-0B7C-49F3-9147-01F4042E6842,5D6490A424B7BC4F9AC8F7A23B1C4935)\System\Library\CoreServices\boot.efi'
24:259  0:005        Menu entry added at index 2
24:263  0:004  - [08]: 'Recovery'
24:272  0:008      ApfsContainerUUID=85F3C012-2D6D-4FA1-A77E-71D7470E7FA2
24:276  0:004      ApfsFileSystemUUID=9170D6B6-29A5-4BBA-A673-6F0E24A99093
24:280  0:004      APFSTargetUUID=A490645D-B724-4FBC-9AC8-F7A23B1C4935
24:284  0:004        AddLoaderEntry for Volume Name=Recovery, idx=3
24:289  0:004        OSVersion=10.14.6 
24:293  0:003        IconName=moja,mac comma=4 size=8
24:297  0:004        first=os_moja
24:301  0:004        Second=os_mac
24:305  0:003        IconName=unknown comma=-1 size=7
24:309  0:004        Full=unknown
24:313  0:004        Loader entry created for 'PciRoot(0x0)\Pci(0x1D,0x0)\Pci(0x0,0x0)\NVMe(0x1,CA-8F-B2-81-58-38-25-00)\HD(2,GPT,9508A8C6-F9B9-4EDD-ABC7-C1C4A019C410,0x64028,0x3A321FE0)\VenMedia(BE74FCF7-0B7C-49F3-9147-01F4042E6842,B6D67091A529BA4BA6736F0E24A99093)\A490645D-B724-4FBC-9AC8-F7A23B1C4935\boot.efi'
24:318  0:005        Menu entry added at index 3
24:322  0:004  - [09]: 'VM'
24:330  0:008      ApfsContainerUUID=85F3C012-2D6D-4FA1-A77E-71D7470E7FA2
24:334  0:003      ApfsFileSystemUUID=278BB755-4557-4928-A2D4-32E0BB550617
24:338  0:004  Entries list before ordering
24:342  0:004      Entry 0 : Boot UEFI internal from EFI (hidden)
24:346  0:003      Entry 1 : Boot Mac OS from Macintosh HD via Preboot
24:350  0:003      Entry 2 : Boot macOS from Macintosh HD
24:354  0:004      Entry 3 : Boot Mac OS Recovery for Macintosh HD via Recovery
24:358  0:004  Hiding entry 1 because of entry 2
24:362  0:004  Entries list after ordering
24:367  0:004    Entry 0 : Boot UEFI internal from EFI (hidden)
24:371  0:004    Entry 1 : Boot Mac OS from Macintosh HD via Preboot (hidden)
24:375  0:004    Entry 2 : Boot macOS from Macintosh HD
24:379  0:004    Entry 3 : Boot Mac OS Recovery for Macintosh HD via Recovery
24:383  0:004  === [ AddCustomTool ] ===========================
24:387  0:004  found tool \EFI\CLOVER\tools\Shell64U.efi
24:391  0:004  Checking EFI partition Volume 1 for Clover
24:396  0:005   Found Clover
24:401  0:004  === [ GetEfiBootDeviceFromNvram ] ===============
24:405  0:004   - [!] efi-boot-device-data not found
24:409  0:004   - found entry 0. 'Boot macOS from Macintosh HD', Volume 'Macintosh HD', DevicePath 'PciRoot(0x0)\Pci(0x1D,0x0)\Pci(0x0,0x0)\NVMe(0x1,CA-8F-B2-81-58-38-25-00)\HD(2,GPT,9508A8C6-F9B9-4EDD-ABC7-C1C4A019C410,0x64028,0x3A321FE0)\VenMedia(BE74FCF7-0B7C-49F3-9147-01F4042E6842,5D6490A424B7BC4F9AC8F7A23B1C4935)\System\Library\CoreServices\boot.efi'
24:413  0:004  BannerPlace at Clear Screen [619,68]
25:119  0:705  Boot option 0 has other volume name Macintosh HDboot.efi
25:123  0:004  === [ StartLoader ] =============================
25:127  0:003  Starting PciRoot(0x0)\Pci(0x1D,0x0)\Pci(0x0,0x0)\NVMe(0x1,CA-8F-B2-81-58-38-25-00)\HD(2,GPT,9508A8C6-F9B9-4EDD-ABC7-C1C4A019C410,0x64028,0x3A321FE0)\VenMedia(BE74FCF7-0B7C-49F3-9147-01F4042E6842,5D6490A424B7BC4F9AC8F7A23B1C4935)\System\Library\CoreServices\boot.efi
25:131  0:004  Finally: ExternalClock=26MHz BusSpeed=100014kHz CPUFreq=3600MHz PIS: hw.busfrequency=104000000Hz
25:139  0:008  Beginning OC
25:146  0:007  OCST: Missing vault data, ignoring...
25:153  0:006  AddKextsInArray from Other
25:157  0:004  ->Extra kext: Other\FakeSMC.kext (v.3.5.6)
25:161  0:004  AddKextsInArray from Off
25:165  0:003  AddKextsInArray from 10
25:169  0:004  AddKextsInArray from 10_normal
25:173  0:004  AddKextsInArray from 10.14
25:177  0:004  AddKextsInArray from 10.14_normal
25:181  0:004  AddKextsInArray from 10.14.6
25:185  0:004  AddKextsInArray from 10.14.6_normal
25:189  0:004  Bridge kext to OC : Path=Other\FakeSMC.kext
25:195  0:005  Start 'OpenRuntime.efi' : Status Success
25:202  0:006  OC: config config.plist
25:206  0:004  OC: Got 0 drivers
25:210  0:004  OC: OpenCore DBG-102-2024-09-12 is loading in Optional mode (0/0)...
25:217  0:006  OC: StorageHandle 0 with  LauncherOption pointing to 
25:222  0:005  OcOSInfoInstallProtocol
25:226  0:003  OCRTC: OcAppleRtcRamInstallProtocol
25:231  0:004  OCRTC: Wake log is 0x00 0x00   0 0x00
25:235  0:004  OcAppleFbInfoInstallProtocol
25:239  0:004  OcAppleEg2InfoInstallProtocol
25:243  0:004  OC: Loading Apple Secure Boot with Disabled (level 0)
25:248  0:004  OCABC: ALRBL 0 RTDFRG 1 DEVMMIO 0 NOSU 0 NOVRWR 0 NOSB 0 FBSIG 0 NOHBMAP 0 SMSLIDE 1 WRUNPROT 1
25:252  0:004  OCABC: FEXITBS 0 PRMRG 0 CSLIDE 0 MSLIDE 0 PRSRV 0 RBMAP 0 VMAP 1 APPLOS 0 RTPERMS 1 ARBAR -1 RBIO 0
25:256  0:004  OCABC: Got rendezvous with OpenRuntime r12
25:260  0:004  OCABC: MAT support is 1
25:264  0:004  OC: RequestBootVarRouting 0
25:269  0:004  OCDM: Found 0x20046/0x2003C UEFI version (376 bytes, 0 rebuilding to 376) gST 8F33C018 gBS 8209B3A0 gBS->CreateEventEx 82089904 &gBS 81D732C0
25:273  0:004  OC: Setting GPU BARs to 0
25:277  0:004  OCDM: RBAR using PciIo
25:282  0:004  OCDM: Setting RBAR to 0 inc 1 on 3/17
25:286  0:004  OCDM: Capability I/O error - Unsupported
25:290  0:003  OCDM: RBAR is unsupported by device - Device Error
25:295  0:004  OC: Got 0 drivers
25:299  0:004  OCC: Installing GOP (Unsupported) on ConsoleOutHandle...
25:304  0:004  OC: Requested resolution is 1920x1080@0 (max: 0, force: 0) from 1920x1080
25:308  0:004  OCC: Using builtin text renderer with 1 scale
25:312  0:003  OCC: Install console control (81D5E3D0/82082C88/0), current - Success
25:316  0:004  OCC: Setup ASCII Output - Success
25:320  0:004  OC: Requested console mode is 0x0 (max: 0) from 
25:324  0:004  OC: Invalid HibernateMode: 
25:329  0:004  OC: Translated HibernateMode  to 0
25:333  0:004  OC: Hibernation activation - Invalid Parameter, hibernation wake - no
25:337  0:004  OC: Panic log does not exist
25:341  0:004  OCABC: IsEfiBootRt 0 (BP 1, Apple 0)
25:346  0:005  OCB: Arch filtering 8764C018(592440)->8764C018(592440) caps 0 - Success
25:351  0:004  ImageHandle = 878c4898
25:359  0:008  GetOSVersion: 10.14.6 (B)
25:367  0:008  Filtering KextPatches:
25:371  0:004   - [00]: External icons patch :: BinPatch :: [OS: 10.14.6 | MatchOS: All | MatchBuild: All] ==> allowed
25:379  0:008   - [01]: USB Port Limit Patch 1 ©PMHeart :: BinPatch :: [OS: 10.14.6 | MatchOS: 10.14.4 | MatchBuild: All]
25:384  0:004   check MatchOS 10.14.4
25:387  0:003   ==> not allowed
25:392  0:004   - [02]: USB Port Limit Patch 2 ©PMHeart :: BinPatch :: [OS: 10.14.6 | MatchOS: 10.14.4 | MatchBuild: All]
25:396  0:004   check MatchOS 10.14.4
25:400  0:004   ==> not allowed
25:404  0:004   - [03]: USB Port Limit Patch 3 ©PMHeart :: BinPatch :: [OS: 10.14.6 | MatchOS: 10.14.4 | MatchBuild: All]
25:408  0:003   check MatchOS 10.14.4
25:412  0:004   ==> not allowed
25:416  0:004   - [04]: USB Port Limit Patch 1 ©PMHeart :: BinPatch :: [OS: 10.14.6 | MatchOS: 10.14.4 | MatchBuild: All]
25:420  0:004   check MatchOS 10.14.4
25:425  0:004   ==> not allowed
25:429  0:004   - [05]: USB Port Limit Patch 2 ©PMHeart :: BinPatch :: [OS: 10.14.6 | MatchOS: 10.14.4 | MatchBuild: All]
25:433  0:004   check MatchOS 10.14.4
25:437  0:004   ==> not allowed
25:441  0:004   - [06]: USB Port Limit Patch 3 ©PMHeart :: BinPatch :: [OS: 10.14.6 | MatchOS: 10.14.4 | MatchBuild: All]
25:446  0:004   check MatchOS 10.14.4
25:450  0:004   ==> not allowed
25:454  0:004   - [07]: USB Port Limit Patch 1 ©PMHeart :: BinPatch :: [OS: 10.14.6 | MatchOS: 10.14.4 | MatchBuild: All]
25:458  0:004   check MatchOS 10.14.4
25:462  0:004   ==> not allowed
25:467  0:004   - [08]: USB Port Limit Patch 2 ©PMHeart :: BinPatch :: [OS: 10.14.6 | MatchOS: 10.14.4 | MatchBuild: All]
25:471  0:004   check MatchOS 10.14.4
25:475  0:004   ==> not allowed
25:479  0:004   - [09]: USB Port Limit Patch 3 ©PMHeart :: BinPatch :: [OS: 10.14.6 | MatchOS: 10.14.4 | MatchBuild: All]
25:484  0:004   check MatchOS 10.14.4
25:488  0:004   ==> not allowed
25:492  0:004   - [10]: USB Port Limit Patch 1 ©PMHeart :: BinPatch :: [OS: 10.14.6 | MatchOS: 10.14.4 | MatchBuild: All]
25:496  0:004   check MatchOS 10.14.4
25:501  0:004   ==> not allowed
25:505  0:004   - [11]: USB Port Limit Patch 2 ©PMHeart :: BinPatch :: [OS: 10.14.6 | MatchOS: 10.14.4 | MatchBuild: All]
25:509  0:004   check MatchOS 10.14.4
25:513  0:004   ==> not allowed
25:517  0:003   - [12]: USB Port Limit Patch 3 ©PMHeart :: BinPatch :: [OS: 10.14.6 | MatchOS: 10.14.4 | MatchBuild: All]
25:521  0:003   check MatchOS 10.14.4
25:525  0:004   ==> not allowed
25:529  0:004   - [13]: USB Port Limit Patch 1 ©PMHeart :: BinPatch :: [OS: 10.14.6 | MatchOS: 10.14.4 | MatchBuild: All]
25:533  0:004   check MatchOS 10.14.4
25:537  0:004   ==> not allowed
25:542  0:004   - [14]: USB Port Limit Patch 2 ©PMHeart :: BinPatch :: [OS: 10.14.6 | MatchOS: 10.14.4 | MatchBuild: All]
25:546  0:004   check MatchOS 10.14.4
25:550  0:004   ==> not allowed
25:554  0:004   - [15]: USB Port Limit Patch 3 ©PMHeart :: BinPatch :: [OS: 10.14.6 | MatchOS: 10.14.4 | MatchBuild: All]
25:558  0:004   check MatchOS 10.14.4
25:562  0:004   ==> not allowed
25:566  0:003   - [16]: USB Port Limit Patch 1 ©PMHeart :: BinPatch :: [OS: 10.14.6 | MatchOS: 10.14.4 | MatchBuild: All]
25:571  0:004   check MatchOS 10.14.4
25:575  0:004   ==> not allowed
25:579  0:004   - [17]: USB Port Limit Patch 2 ©PMHeart :: BinPatch :: [OS: 10.14.6 | MatchOS: 10.14.4 | MatchBuild: All]
25:583  0:004   check MatchOS 10.14.4
25:587  0:004   ==> not allowed
25:592  0:004   - [18]: USB Port Limit Patch 3 ©PMHeart :: BinPatch :: [OS: 10.14.6 | MatchOS: 10.14.4 | MatchBuild: All]
25:596  0:004   check MatchOS 10.14.4
25:600  0:004   ==> not allowed
25:604  0:004   - [19]: USB Port Limit Patch 1 ©PMHeart :: BinPatch :: [OS: 10.14.6 | MatchOS: 10.14.4 | MatchBuild: All]
25:608  0:004   check MatchOS 10.14.4
25:612  0:004   ==> not allowed
25:616  0:004   - [20]: USB Port Limit Patch 2 ©PMHeart :: BinPatch :: [OS: 10.14.6 | MatchOS: 10.14.4 | MatchBuild: All]
25:620  0:003   check MatchOS 10.14.4
25:624  0:004   ==> not allowed
25:629  0:004   - [21]: USB Port Limit Patch 3 ©PMHeart :: BinPatch :: [OS: 10.14.6 | MatchOS: 10.14.4 | MatchBuild: All]
25:633  0:004   check MatchOS 10.14.4
25:637  0:004   ==> not allowed
25:641  0:004   - [22]: USB Port Limit Patch 1 ©PMHeart :: BinPatch :: [OS: 10.14.6 | MatchOS: 10.14.4 | MatchBuild: All]
25:645  0:004   check MatchOS 10.14.4
25:649  0:004   ==> not allowed
25:654  0:004   - [23]: USB Port Limit Patch 2 ©PMHeart :: BinPatch :: [OS: 10.14.6 | MatchOS: 10.14.4 | MatchBuild: All]
25:658  0:004   check MatchOS 10.14.4
25:662  0:004   ==> not allowed
25:666  0:004   - [24]: USB Port Limit Patch 3 ©PMHeart :: BinPatch :: [OS: 10.14.6 | MatchOS: 10.14.4 | MatchBuild: All]
25:670  0:004   check MatchOS 10.14.4
25:674  0:004   ==> not allowed
25:678  0:004   - [25]: USB port limit patch #1 10.14.x modify by DalianSky(credit ydeng) 10.14.x :: BinPatch :: [OS: 10.14.6 | MatchOS: 10.14.x | MatchBuild: All]
25:683  0:004   check MatchOS 10.14.x
25:687  0:004   ==> allowed
25:691  0:004   - [26]: USB port limit patch #2 10.14.x modify by DalianSky(credit PMHeart) 10.14.x :: BinPatch :: [OS: 10.14.6 | MatchOS: 10.14.x | MatchBuild: All]
25:695  0:004   check MatchOS 10.14.x
25:699  0:004   ==> allowed
25:703  0:004   - [27]: USB port limit patch #3 10.14.x modify by DalianSky(credit PMHeart) 10.14.x :: BinPatch :: [OS: 10.14.6 | MatchOS: 10.14.x | MatchBuild: All]
25:707  0:004   check MatchOS 10.14.x
25:711  0:003   ==> allowed
25:715  0:003   - [28]: USB port limit patch #4 10.14.x modify by DalianSky(credit PMHeart) 10.14.x :: BinPatch :: [OS: 10.14.6 | MatchOS: 10.14.x | MatchBuild: All]
25:720  0:004   check MatchOS 10.14.x
25:724  0:004   ==> allowed
25:728  0:004  Will not patch boot.efi
25:732  0:004  Using latest BiosVersion from config instead of default 'IM191.88Z.F000.B00.2302212211'
25:736  0:004  Using latest BiosReleaseDate from config instead of default '02/21/2023'
25:740  0:004  Using latest EfiVersion from config instead of default '1968.100.16.0.1'
25:744  0:004  BiosVersion: IM191.88Z.F000.B00.2308061817
25:749  0:004  BiosReleaseDate: 08/06/2023
25:752  0:003  EfiVersion: 2020.40.3.0.0
25:757  0:004  SMBIOS reloaded with model iMac19,1
25:761  0:004  Set FakeCPUID: 0x0
25:765  0:004  Bridge AppleAHCIPort patch to OC : External icons patch
25:769  0:004  Bridge com.apple.iokit.IOUSBHostFamily patch to OC : USB port limit patch #1 10.14.x modify by DalianSky(credit ydeng) 10.14.x
25:773  0:003  Bridge com.apple.iokit.IOUSBHostFamily patch to OC : USB port limit patch #2 10.14.x modify by DalianSky(credit PMHeart) 10.14.x
25:777  0:004  Bridge com.apple.driver.usb.AppleUSBXHCI patch to OC : USB port limit patch #3 10.14.x modify by DalianSky(credit PMHeart) 10.14.x
25:781  0:003  Bridge com.apple.driver.usb.AppleUSBXHCI patch to OC : USB port limit patch #4 10.14.x modify by DalianSky(credit PMHeart) 10.14.x
25:785  0:004  === [ PatchSmbios ] =============================
25:789  0:004  UpdateSmbiosString : BiosVersion=EfiVersion=2020.40.3.0.0
25:793  0:004  UpdateSmbiosString : ReleaseDate=08/06/2023
25:797  0:004  void PatchTableType1(const SmbiosInjectedSettings&) : UpdateSmbiosString ProductName=iMac19,1
25:801  0:003  void PatchTableType2(const SmbiosInjectedSettings&) : UpdateSmbiosString ProductName=BoardNumber=Mac-AA95B1DDAB278B95
25:805  0:003  void PatchTableType2(const SmbiosInjectedSettings&) : UpdateSmbiosString Version=BoardVersion=iMac19,1
25:809  0:004  insert table 9 for dev 0:0
25:813  0:004  insert table 9 for dev 0:1
25:817  0:004  insert table 9 for dev 1F:6
25:822  0:004  Table 11 present, but rewritten for us
25:827  0:005  Do not inject memory table
25:831  0:003  Trusting SMBIOS...
25:835  0:003  Channels: 1
25:839  0:004  Interleave: 0 1 2 3
25:863  0:024  trusted SMBIOS data, table index 0:
25:867  0:004    gRAM.SMBIOS[0]->ModuleSize = 8192
25:871  0:004    gRAM.SMBIOS[0]->Type = 0
25:875  0:003    gRAM.SMBIOS[0]->Frequency = 3200
25:879  0:004    gRAM.SMBIOS[0]->Vendor = Corsair
25:883  0:004    gRAM.SMBIOS[0]->PartNo = CMK16GX4M2K4266C19
25:887  0:004    gRAM.SMBIOS[0]->SerialNo = 00000000
25:891  0:004  SPD data in use:
25:896  0:004    gRAM.SPD[0]->ModuleSize = 8192
25:899  0:003    gRAM.SPD[0]->Type = 26
25:903  0:004    gRAM.SPD[0]->Frequency = 2132
25:907  0:004    gRAM.SPD[0]->Vendor = Corsair
25:911  0:003    gRAM.SPD[0]->SerialNo = 00000000
25:915  0:003    gRAM.SPD[0]->PartNo = CMK16GX4M2K4266C19
25:919  0:004    SMBIOS Type 17 Index = 0 => SMBIOSIndex=0 SPDIndex=0:
25:923  0:003  BANK 0 DIMM0 3200MHz 8192MB(Ext:0MB)
25:927  0:004  trusted SMBIOS data, table index 1:
25:934  0:007    gRAM.SMBIOS[1]->ModuleSize = 8192
25:941  0:007    gRAM.SMBIOS[1]->Type = 0
25:945  0:004    gRAM.SMBIOS[1]->Frequency = 3200
25:950  0:004    gRAM.SMBIOS[1]->Vendor = Corsair
25:954  0:004    gRAM.SMBIOS[1]->PartNo = CMK16GX4M2K4266C19
25:958  0:004    gRAM.SMBIOS[1]->SerialNo = 00000000
25:962  0:004  SPD data in use:
25:966  0:004    gRAM.SPD[1]->ModuleSize = 8192
25:970  0:004    gRAM.SPD[1]->Type = 26
25:974  0:004    gRAM.SPD[1]->Frequency = 2132
25:978  0:004    gRAM.SPD[1]->Vendor = Corsair
25:982  0:004    gRAM.SPD[1]->SerialNo = 00000000
25:986  0:004    gRAM.SPD[1]->PartNo = CMK16GX4M2K4266C19
25:991  0:004    SMBIOS Type 17 Index = 1 => SMBIOSIndex=1 SPDIndex=1:
25:995  0:004  BANK 0 DIMM1 3200MHz 8192MB(Ext:0MB)
25:999  0:003  !trusted SMBIOS data, Table index 2:!gRAM.SMBIOS.doesSlotForIndexExist(SMBIOSIndex) 
26:011  0:012    SMBIOS Type 17 Index = 2 => SMBIOSIndex=2 SPDIndex=2:
26:015  0:004  BANK 0 DIMM2 EMPTY
26:019  0:004  !trusted SMBIOS data, Table index 3:!gRAM.SMBIOS.doesSlotForIndexExist(SMBIOSIndex) 
26:032  0:012    SMBIOS Type 17 Index = 3 => SMBIOSIndex=3 SPDIndex=3:
26:036  0:004  BANK 0 DIMM3 EMPTY
26:040  0:004  mTotalSystemMemory = 16384
26:044  0:003  NumberOfMemoryDevices = 4
26:048  0:004  Type20[0]->End = 0x7FFFFF, Type17[0] = 2000
26:052  0:004  Type20[1]->End = 0xFFFFFF, Type17[1] = 6000
26:056  0:004  Table 131 is present, CPUType=14
26:060  0:004  Change to: 1005
26:065  0:004  === [ PatchACPI ] ===============================
26:069  0:004  OCABC: AllocPages 1 0x8EB45000 (1) - Success
26:073  0:004  Xsdt reallocation done
26:077  0:004  OCABC: AllocPages 1 0x8EB44000 (1) - Success
26:081  0:003  old FADT length=114
26:085  0:004   SignatureFixup: 0x32EC1BAD -> 0x0
26:089  0:004  OCABC: AllocPages 1 0x8EAF5000 (79) - Success
26:093  0:004  Apply DsdtFixMask=0x00000000
26:098  0:004  === [ FixBiosDsdt ] =============================
26:103  0:005  PreCleanup XSDT: count=24, length=228
26:108  0:004  PreCleanup XSDT, corrected XSDT: count=24, length=228
26:112  0:004  === [ ACPIDropTables ] ==========================
26:116  0:004  OCABC: AllocPages 1 0x8EAF3000 (2) - Success
26:120  0:004  OCABC: AllocPages 1 0x8EAF3000 (2) - Success
26:124  0:004  OCABC: AllocPages 1 0x8EAF3000 (2) - Success
26:128  0:004  OCABC: AllocPages 1 0x8EAF3000 (2) - Success
26:133  0:004  OCABC: AllocPages 1 0x8EAF3000 (2) - Success
26:137  0:004  OCABC: AllocPages 1 0x8EAF3000 (2) - Success
26:141  0:004  OCABC: AllocPages 1 0x8EAF0000 (3) - Success
26:145  0:004  Found OperationRegion(PNVS, SystemMemory, 8F5F3000, ...)
26:149  0:004  OCABC: AllocPages 1 0x8EAEB000 (5) - Success
26:154  0:004  Found OperationRegion(SANV, SystemMemory, 8EBD2118, ...)
26:158  0:004  OCABC: AllocPages 1 0x8EAE7000 (4) - Success
26:162  0:004  OCABC: AllocPages 1 0x8EAE5000 (2) - Success
26:166  0:004  OCABC: AllocPages 1 0x8EAE5000 (2) - Success
26:171  0:004  OCABC: AllocPages 1 0x8E966000 (4) - Success
26:175  0:004  OCABC: AllocPages 1 0x8EAE3000 (2) - Success
26:179  0:004  OCABC: AllocPages 1 0x8EAE3000 (2) - Success
26:183  0:004  OCABC: AllocPages 1 0x8E962000 (4) - Success
26:187  0:004  OCABC: AllocPages 1 0x8EAE3000 (2) - Success
26:192  0:004  OCABC: AllocPages 1 0x8E960000 (2) - Success
26:196  0:004  OCABC: AllocPages 1 0x8E960000 (2) - Success
26:200  0:004  OCABC: AllocPages 1 0x8E95F000 (3) - Success
26:207  0:006  OCABC: AllocPages 1 0x8E95D000 (2) - Success
26:211  0:004  Found OperationRegion(ADHD, SystemMemory, 8D4D0000, ...)
26:215  0:004  Found OperationRegion(ABLK, SystemMemory, 8D4D0020, ...)
26:219  0:004  OCABC: AllocPages 1 0x8E94D000 (16) - Success
26:223  0:004  OCABC: AllocPages 1 0x8E95B000 (2) - Success
26:228  0:004  OCABC: AllocPages 1 0x8E95B000 (2) - Success
26:232  0:004  ApicCPUNum=1
26:236  0:004  Cleanup XSDT: count=24, length=228
26:240  0:004  corrected XSDT count=24, length=228
26:244  0:004  === [ RestSetup macOS ] =========================
26:249  0:004  ATI injection not set
26:253  0:004   RCBA disabled; cannot use it
26:257  0:004   setting specified layout-id=1 (0x1)
26:262  0:004  stringlength = 960
26:266  0:004  OCABC: AllocPages 1 0x8E95C000 (1) - Success
26:270  0:004  CurrentMode: Width=1366 Height=768
26:274  0:004  SetNvramVariable (system-id, 4D1EDE05-38C7-4A6A-9CC6-4BCCA8B38C14, 0x2, 16): -> writing new (Success)
26:286  0:011  SetNvramVariable (MLB, 4D1EDE05-38C7-4A6A-9CC6-4BCCA8B38C14, 0x6, 17): -> writing new (Success)
26:295  0:009  SetNvramVariable (ROM, 4D1EDE05-38C7-4A6A-9CC6-4BCCA8B38C14, 0x6, 6): -> writing new (Success)
26:304  0:009  SetNvramVariable (FirmwareFeatures, 4D1EDE05-38C7-4A6A-9CC6-4BCCA8B38C14, 0x6, 4): -> writing new (Success)
26:313  0:009  SetNvramVariable (FirmwareFeaturesMask, 4D1EDE05-38C7-4A6A-9CC6-4BCCA8B38C14, 0x6, 4): -> writing new (Success)
26:322  0:008  SetNvramVariable (ExtendedFirmwareFeatures, 4D1EDE05-38C7-4A6A-9CC6-4BCCA8B38C14, 0x6, 8): -> writing new (Success)
26:331  0:008  SetNvramVariable (ExtendedFirmwareFeaturesMask, 4D1EDE05-38C7-4A6A-9CC6-4BCCA8B38C14, 0x6, 8): -> writing new (Success)
26:340  0:008  AddNvramVariable (HW_BID, 4D1EDE05-38C7-4A6A-9CC6-4BCCA8B38C14, 0x6, 20): -> writing new (Success)
26:349  0:009  AddNvramVariable (security-mode, 7C436110-AB2A-4BBB-A880-FE41995C9F82, 0x7, 5): -> already exists, abort
26:358  0:008  DeleteNvramVariable (DefaultBackgroundColor, 4D1EDE05-38C7-4A6A-9CC6-4BCCA8B38C14):
26:364  0:005  DeleteNvramVariable (UIScale, 4D1EDE05-38C7-4A6A-9CC6-4BCCA8B38C14):
26:370  0:006  DeleteNvramVariable (EFILoginHiDPI, 7C436110-AB2A-4BBB-A880-FE41995C9F82):
26:374  0:003  SetNvramVariable (flagstate, 7C436110-AB2A-4BBB-A880-FE41995C9F82, 0x7, 32): exists(0x7, 32), equal -> not writing again.
26:386  0:012  SetNvramVariable (csr-active-config, 7C436110-AB2A-4BBB-A880-FE41995C9F82, 0x7, 4): exists(0x7, 4), not equal -> writing new (Success)
26:405  0:018  SetNvramVariable (BridgeOSHardwareModel, 4D1EDE05-38C7-4A6A-9CC6-4BCCA8B38C14, 0x7, 11): exists(0x7, 11), equal -> not writing again.
26:418  0:012  DeleteNvramVariable (bootercfg, 7C436110-AB2A-4BBB-A880-FE41995C9F82):
26:422  0:004  DeleteNvramVariable (nvda_drv, 7C436110-AB2A-4BBB-A880-FE41995C9F82):
26:427  0:004  DeleteNvramVariable (recovery-boot-mode, 7C436110-AB2A-4BBB-A880-FE41995C9F82):
26:431  0:003  AddNvramVariable (wake-failure, 7C436110-AB2A-4BBB-A880-FE41995C9F82, 0x7, 5): -> already exists, abort
26:440  0:009  DeleteNvramVariable (opencore-version, 7C436110-AB2A-4BBB-A880-FE41995C9F82):
26:445  0:005  DeleteNvramVariable (ApBoardID, 94B73556-2197-4702-82A8-3E1337DAFBFB):
26:450  0:004  DeleteNvramVariable (ApSecurityDomain, 94B73556-2197-4702-82A8-3E1337DAFBFB):
26:455  0:004  DeleteNvramVariable (ApProductionStatus, 94B73556-2197-4702-82A8-3E1337DAFBFB):
26:460  0:004  DeleteNvramVariable (ApSecurityMode, 94B73556-2197-4702-82A8-3E1337DAFBFB):
26:465  0:004  DeleteNvramVariable (EffectiveProductionStatus, 94B73556-2197-4702-82A8-3E1337DAFBFB):
26:469  0:004  DeleteNvramVariable (EffectiveSecurityMode, 94B73556-2197-4702-82A8-3E1337DAFBFB):
26:474  0:004  DeleteNvramVariable (CertificateEpoch, 94B73556-2197-4702-82A8-3E1337DAFBFB):
26:479  0:004  DeleteNvramVariable (MixNMatchPreventionStatus, 94B73556-2197-4702-82A8-3E1337DAFBFB):
26:484  0:004  DeleteNvramVariable (CryptoDigestMethod, 94B73556-2197-4702-82A8-3E1337DAFBFB):
26:488  0:004  DeleteNvramVariable (InternalUseOnlyUnit, 94B73556-2197-4702-82A8-3E1337DAFBFB):
26:493  0:004  DeleteNvramVariable (ApECID, 94B73556-2197-4702-82A8-3E1337DAFBFB):
26:498  0:005  DeleteNvramVariable (HardwareModel, 94B73556-2197-4702-82A8-3E1337DAFBFB):
26:502  0:003  Use origin smbios table type 1 guid.
26:528  0:026  DeleteNvramVariable (efi-boot-device, 7C436110-AB2A-4BBB-A880-FE41995C9F82):
26:533  0:004  DeleteNvramVariable (efi-boot-device-data, 7C436110-AB2A-4BBB-A880-FE41995C9F82):
26:537  0:004  DeleteNvramVariable (BootCampHD, 7C436110-AB2A-4BBB-A880-FE41995C9F82):
26:541  0:003  Custom boot screen not used because entry has unset use graphics
26:547  0:005  DeleteNvramVariable (IOHibernateRTCVariables, 7C436110-AB2A-4BBB-A880-FE41995C9F82):
26:551  0:004  DeleteNvramVariable (boot-image, 7C436110-AB2A-4BBB-A880-FE41995C9F82):
26:555  0:003  Kernel quirks
26:559  0:003  ACPCL 1 AXCL 1 AXEM 0 AXFB 0 CSG 0 DIM 0 DLJ 0 DRC 1 DPM 0 EBTFF 0 EDI 0 FAI 0 IPBS 0 LKP 0 PNKD 0 PTKP 0 TPD 0 XPL 0 PCC 0
26:563  0:003  Closing log
26:566  0:003  OCABC: AllocPages 2 0x91000 (14) - Success
26:570  0:003  OCABC: AllocPages 2 0x83FC8000 (14) - Success
26:578  0:007  OCABC: Found safe mode legacy p1 at off 67E6
26:581  0:003  OCABC: Trying safe mode next legacy match
26:585  0:003  OCABC: Found safe mode legacy p1 at off 6967
26:589  0:003  OCABC: Trying safe mode next legacy match
26:594  0:004  OCABC: Found safe mode legacy p1 at off 2589F
26:597  0:003  OCABC: Trying safe mode next legacy match
26:601  0:003  OCABC: Found safe mode legacy p1 at off 2590C
26:605  0:003  OCABC: Trying safe mode next legacy match
26:612  0:007  OCABC: Failed to find safe mode sequence
26:616  0:003  OCABC: AllocPages 2 0x8C05A000 (512) - Success
26:620  0:003  OCABC: AllocPages 2 0x8C059000 (1) - Success
26:624  0:003  OC: Supported boot capabilities 4
26:628  0:004  OCOS: OS set: <null> Mac OS X 10.12
26:632  0:003  OCOS: OS set: Apple Inc. Mac OS X 10.12
26:639  0:006  OCOS: Should use black background
26:642  0:003  OCABC: AllocPages 1 0x81B71000 (1) - Success
26:651  0:008  OC: Opening file System\Library\Kernels\kernel with 1 mode gave - Success
26:655  0:004  OC: Opening file \System\Library\CoreServices\com.apple.Boot.plist with 1 mode gave - Not Found
26:659  0:003  OC: Opening file Library\Preferences\SystemConfiguration\com.apple.Boot.plist with 1 mode gave - Success
26:665  0:005  OC: Opening file \System\Library\CoreServices\PlatformSupport.plist with 1 mode gave - Success
26:669  0:004  OCABC: AllocPages 2 0xD500000 (121199) - Success
26:674  0:005  OC: Opening file \System\Library\CoreServices\boot.efi with 1 mode gave - Success
26:685  0:010  OC: Opening file System\Library\PrelinkedKernels\prelinkedkernel.development with 1 mode gave - Not Found
26:691  0:005  OC: Opening file System\Library\PrelinkedKernels\prelinkedkernel with 1 mode gave - Success
26:695  0:003  OC: Load and reserve Kext Other\FakeSMC.kext
26:699  0:004  OC: Kext reservation size info 502000 exe 18000
26:703  0:003  OC: Trying 64-bit XNU hook on System\Library\PrelinkedKernels\prelinkedkernel
27:145  0:441  OCAK: Compressed result has 7C45A018 magic
27:149  0:003  OCAK: Found 64-bit Mach-O compressed 1 offset 28 size 85966848
27:152  0:003  OC: Result of 64-bit XNU hook on System\Library\PrelinkedKernels\prelinkedkernel (00000000) is Success
27:206  0:053  OCAK: Read kernel version 18.7.0 (180700)
27:214  0:008  OCAK: 64-bit patcher base 0xFFFFFF8000200000 kmod 0x0 file 0x0
27:222  0:007  OCAK: Zeroing _xcpm_core_scope_msrs 0xE2 applicable CPUs (76)
27:225  0:003  OCAK: Zeroing _xcpm_core_scope_msrs 0xE2 applicable CPUs (13200)
27:229  0:003  OCAK: Zeroing _xcpm_core_scope_msrs 0xE2 applicable CPUs (16384)
27:234  0:005  Replace B9E20000000F30 by B9E20000009090 at ofs:2F0
27:301  0:066  Replace B9E20000000F30 by B9E20000009090 at ofs:347
27:364  0:063  OCAK: 64-bit XcpmCfgLockRel replace count - 2
27:368  0:003  OCAK: [OK] Success XcpmCfgLock patch
27:413  0:044  OCAK: Reducing 64-bit prelink size from 51FC000 to 4F28000 via plist
27:416  0:003  OCAK: org.netkas.FakeSMC got KXLD 0 0
27:420  0:003  OCAK: Requesting __LINKEDIT for org.netkas.FakeSMC - 81382398 at 4F28000
27:424  0:003  OCAK: Requesting SymbolTable for org.netkas.FakeSMC - 601
27:428  0:003  OCAK: Requesting __LINKEDIT for __kernel__ - 0 at 0
27:432  0:003  OCAK: Requesting SymbolTable for __kernel__ - 24450
27:451  0:019  OCAK: com.apple.iokit.IOACPIFamily got KXLD 0 0
27:455  0:003  OCAK: Requesting __LINKEDIT for com.apple.iokit.IOACPIFamily - 7DE62398 at 1A08000
27:459  0:003  OCAK: Requesting SymbolTable for com.apple.iokit.IOACPIFamily - 167
27:463  0:004  OCAK: com.apple.kpi.unsupported got KXLD 0 0
27:467  0:003  OCAK: Requesting __LINKEDIT for com.apple.kpi.unsupported - 7D40B038 at FB1000
27:470  0:003  OCAK: Requesting SymbolTable for com.apple.kpi.unsupported - 263
27:474  0:003  OCAK: com.apple.kpi.iokit got KXLD 0 0
27:478  0:003  OCAK: Requesting __LINKEDIT for com.apple.kpi.iokit - 7D3A6038 at F4C000
27:482  0:003  OCAK: Requesting SymbolTable for com.apple.kpi.iokit - 2192
27:486  0:003  OCAK: com.apple.kpi.libkern got KXLD 0 0
27:490  0:004  OCAK: Requesting __LINKEDIT for com.apple.kpi.libkern - 7D386038 at F2C000
27:494  0:003  OCAK: Requesting SymbolTable for com.apple.kpi.libkern - 905
27:498  0:003  OCAK: com.apple.kpi.private got KXLD 0 0
27:502  0:003  OCAK: Requesting __LINKEDIT for com.apple.kpi.private - 7D398038 at F3E000
27:505  0:003  OCAK: Requesting SymbolTable for com.apple.kpi.private - 977
27:510  0:004  OCAK: com.apple.kpi.mach got KXLD 0 0
27:514  0:003  OCAK: Requesting __LINKEDIT for com.apple.kpi.mach - 7D394038 at F3A000
27:518  0:003  OCAK: Requesting SymbolTable for com.apple.kpi.mach - 70
27:532  0:014  OC: Prelinked injection Other\FakeSMC.kext () - Success
27:536  0:003  OC: Prelink size 83099648 kext offset 83001344 reserved 98304
27:554  0:017  OCAK: com.apple.driver.AppleIntelCPUPowerManagement got KXLD 0 0
27:558  0:003  OCAK: [OK] Success AppleCpuPmCfgLock patch
27:563  0:005  OCAK: com.apple.driver.AppleRTC got KXLD 0 0
27:567  0:003  Replace BE58000000/FFFEFFFFFF(BE58000000) by BEFFFF0000 at ofs:1BF8
27:664  0:097  Replace BE58000000/FFFEFFFFFF(BE59000000) by BEFFFF0000 at ofs:1C08
27:761  0:096  Replace BE58000000/FFFEFFFFFF(BE58000000) by BEFFFF0000 at ofs:1EB7
27:862  0:101  Replace BE58000000/FFFEFFFFFF(BE59000000) by BEFFFF0000 at ofs:1EC8
27:967  0:104  OCAK: 64-bit DisableRtcChecksum64 replace count - 4
27:970  0:003  OCAK: [OK] Patch success com.apple.driver.AppleRTC DisableRtcChecksum
27:974  0:003  OC: Prelinked patch [0] External icons patch
27:981  0:006  OCAK: Failed to pk find AppleAHCIPort - Not Found
27:985  0:003  OC: Prelinked patcher result 0 for AppleAHCIPort (External icons patch) - Not Found
27:988  0:003  OC: Prelinked patch [1] USB port limit patch #1 10.14.x modify by DalianSky(credit ydeng) 10.14.x
27:993  0:004  OCAK: com.apple.iokit.IOUSBHostFamily got KXLD 0 0
27:997  0:004  Replace 83FB0F0F by 83FB3F0F at ofs:14E0E
28:038  0:040  OCAK: 64-bit USB port limit patch #1 10.14.x modify by DalianSky(credit ydeng) 10.14.x replace count - 1
28:042  0:004  OC: Prelinked patcher result 1 for com.apple.iokit.IOUSBHostFamily (USB port limit patch #1 10.14.x modify by DalianSky(credit ydeng) 10.14.x) - Success
28:046  0:003  OC: Prelinked patch [2] USB port limit patch #2 10.14.x modify by DalianSky(credit PMHeart) 10.14.x
28:050  0:004  Replace 83E30FD3 by 83E33FD3 at ofs:15036
28:091  0:040  OCAK: 64-bit USB port limit patch #2 10.14.x modify by DalianSky(credit PMHeart) 10.14.x replace count - 1
28:094  0:003  OC: Prelinked patcher result 2 for com.apple.iokit.IOUSBHostFamily (USB port limit patch #2 10.14.x modify by DalianSky(credit PMHeart) 10.14.x) - Success
28:098  0:004  OC: Prelinked patch [3] USB port limit patch #3 10.14.x modify by DalianSky(credit PMHeart) 10.14.x
28:103  0:004  OCAK: com.apple.driver.usb.AppleUSBXHCI got KXLD 0 0
28:109  0:005  OCAK: 64-bit USB port limit patch #3 10.14.x modify by DalianSky(credit PMHeart) 10.14.x replace count - 0
28:112  0:003  OC: Prelinked patcher result 3 for com.apple.driver.usb.AppleUSBXHCI (USB port limit patch #3 10.14.x modify by DalianSky(credit PMHeart) 10.14.x) - Not Found
28:116  0:003  OC: Prelinked patch [4] USB port limit patch #4 10.14.x modify by DalianSky(credit PMHeart) 10.14.x
28:121  0:004  Replace 83FF0F0F by 83FF3F0F at ofs:126C0
28:162  0:041  OCAK: 64-bit USB port limit patch #4 10.14.x modify by DalianSky(credit PMHeart) 10.14.x replace count - 1
28:166  0:004  OC: Prelinked patcher result 4 for com.apple.driver.usb.AppleUSBXHCI (USB port limit patch #4 10.14.x modify by DalianSky(credit PMHeart) 10.14.x) - Success
28:303  0:136  OC: Prelinked status - Success
28:347  0:044  FixOwnership() -> begin
28:351  0:003  PCI Io found 17
28:355  0:003  USB XHCI reset for device A36D
28:358  0:003  ExtendCap=00008000
28:361  0:003    Value=02000802
28:365  0:003    Value=03011402
28:369  0:003    Value=005CFFC0
28:372  0:003    Value=00002201
