0:100  0:100  MemLog inited, TSC freq: 3600482000
0:100  0:000  CPU was calibrated with RTC
0:100  0:000  CloverX64 : Image base = 0x6D404000
0:100  0:000  Clover ImageHandle = 75edb818
0:102  0:002  SelfDirPath = \EFI\CLOVER
0:103  0:001  === [ Starting Clover ] =========================
0:103  0:000  Now is 24.11.2024,  19:14:42 (GMT)
0:103  0:000  Starting Clover revision: 5160 (master, commit 7b08a616e) on American Megatrends EFI
0:103  0:000  Build id: 20240909210805-7b08a61-dirty
0:103  0:000  Build with: [Args: -D NO_GRUB_DRIVERS_EMBEDDED -D LESS_DEBUG -t GCC131 | --cmd-len=50000 -D NO_GRUB_DRIVERS_EMBEDDED -D LESS_DEBUG --conf=/Users/sergey/src/CloverBootloader/Conf -D USE_LOW_EBDA -a X64 -b RELEASE -t GCC131 -n 5 | OS: 15]
0:103  0:000  === [ Get Smbios ] ==============================
0:103  0:000  Type 16 Index = 0
0:103  0:000  Total Memory Slots Count = 4
0:103  0:000  Type 17 Index = 0
0:103  0:000  SmbiosTable.Type17->SlotIndex = 0
0:103  0:000  SmbiosTable.Type17->ModuleSize = 8192MB
0:103  0:000  SmbiosTable.Type17->Type = 0
0:103  0:000  SmbiosTable.Type17->Frequency = 3200MHz
0:103  0:000  SmbiosTable.Type17->Bank/Device = BANK 0 ChannelA-DIMM1
0:103  0:000  SmbiosTable.Type17->Vendor = Corsair
0:103  0:000  SmbiosTable.Type17->SerialNo = 00000000
0:103  0:000  SmbiosTable.Type17->PartNo = CMK16GX4M2K4266C19
0:103  0:000  Type 17 Index = 1
0:103  0:000  SmbiosTable.Type17->SlotIndex = 1
0:103  0:000  SmbiosTable.Type17->ModuleSize = 8192MB
0:103  0:000  SmbiosTable.Type17->Type = 0
0:103  0:000  SmbiosTable.Type17->Frequency = 3200MHz
0:103  0:000  SmbiosTable.Type17->Bank/Device = BANK 1 ChannelA-DIMM2
0:103  0:000  SmbiosTable.Type17->Vendor = Corsair
0:103  0:000  SmbiosTable.Type17->SerialNo = 00000000
0:103  0:000  SmbiosTable.Type17->PartNo = CMK16GX4M2K4266C19
0:103  0:000  Type 17 Index = 2
0:103  0:000  Ignoring insane frequency value 0MHz
0:103  0:000  Type 17 Index = 3
0:103  0:000  Ignoring insane frequency value 0MHz
0:103  0:000  Boot status=0
0:103  0:000  Running on: 'System Product Name' with board 'PRIME Z390-A'
0:103  0:000  === [ GetCPUProperties ] ========================
0:103  0:000  CPU Vendor = 756E6547 Model=906EC
0:103  0:000   The CPU supported SSE4.1
0:103  0:000   The CPU supported RDRAND
0:103  0:000  BrandString = Intel(R) Core(TM) i7-9700K CPU @ 3.60GHz
0:103  0:000   The CPU supported turbo
0:103  0:000   Energy PerfBias is  visible:
0:103  0:000  MSR 0x35               80008
0:103  0:000   TSC/CCC Information Leaf:
0:103  0:000    numerator     : 300
0:103  0:000    denominator   : 2
0:103  0:000   Calibrated ARTFrequency: 24003213
0:103  0:000   Rounded ARTFrequency: 24000000
0:103  0:000  MSR 0xE2 before patch 1E000000
0:103  0:000  MSR 0xCE              08080838_F1012400
0:103  0:000  corrected FLEX_RATIO = E0000
0:104  0:000  MSR 0x1B0             00000000
0:104  0:000  FSBFrequency = 108 MHz, DMI FSBFrequency = 100 MHz, Corrected FSBFrequency = 100 MHz
0:104  0:000  MaxDiv/MinDiv: 36.0/8
0:104  0:000  Turbo: 47/49/49/49
0:104  0:000  Features: 0x77FAFBFFBFEBFBFF
0:104  0:000  Threads: 8
0:104  0:000  Cores: 8
0:104  0:000  FSB: 100 MHz
0:104  0:000  CPU: 3861 MHz
0:104  0:000  TSC: 3861 MHz
0:104  0:000  PIS: 100 MHz
0:104  0:000  ExternalClock: 25 MHz
0:104  0:000  === [ GetDevices ] ==============================
0:104  0:000  GOP found at: PciRoot(0x0)/Pci(0x1,0x0)/Pci(0x0,0x0)/AcpiAdr(0x80010302)
0:104  0:000  PCI (00|00:00.00) : 8086 3E30 class=060000
0:104  0:000  PCI (00|00:01.00) : 8086 1901 class=060400
0:104  0:000  PCI (00|01:00.00) : 1002 67DF class=030000
0:104  0:000   - GFX: Model=AMD Radeon RX 480/570/580 (ATI/AMD)
0:104  0:000   - GOP: Provided by device
0:104  0:000  PCI (00|01:00.01) : 1002 AAF0 class=040300
0:104  0:000   - HDMI Audio: 
0:104  0:000  PCI (00|00:02.00) : 8086 3E98 class=038000
0:104  0:000   - GFX: Model=Intel UHD Graphics 630 (Intel)
0:104  0:000  PCI (00|00:14.00) : 8086 A36D class=0C0330
0:104  0:000  PCI (00|00:14.02) : 8086 A36F class=050000
0:104  0:000  PCI (00|00:16.00) : 8086 A360 class=078000
0:104  0:000  PCI (00|00:17.00) : 8086 A352 class=010601
0:104  0:000  PCI (00|00:1B.00) : 8086 A340 class=060400
0:104  0:000  PCI (00|00:1C.00) : 8086 A338 class=060400
0:104  0:000  PCI (00|00:1D.00) : 8086 A330 class=060400
0:104  0:000  PCI (00|04:00.00) : 144D A808 class=010802
0:104  0:000  PCI (00|00:1F.00) : 8086 A305 class=060100
0:104  0:000  PCI (00|00:1F.03) : 8086 A348 class=040300
0:104  0:000  PCI (00|00:1F.04) : 8086 A323 class=0C0500
0:104  0:000  PCI (00|00:1F.05) : 8086 A324 class=0C8000
0:104  0:000  PCI (00|00:1F.06) : 8086 15BC class=020000
0:104  0:000   - LAN: 1 Vendor=Intel
0:104  0:000  Legacy MAC address of LAN #0= 40:B0:76:DE:9E:93:
0:104  0:000  _checkOEMPath Look for oem dir at path '\EFI\CLOVER\OEM\System Product Name--40-B0-76-DE-9E-93'. Dir doesn't exist.
0:104  0:000  _checkOEMPath Look for oem dir at path '\EFI\CLOVER\OEM\PRIME Z390-A\UEFI'. Dir doesn't exist.
0:104  0:000  _checkOEMPath Look for oem dir at path '\EFI\CLOVER\OEM\System Product Name'. Dir doesn't exist.
0:105  0:000  _checkOEMPath Look for oem dir at path '\EFI\CLOVER\OEM\System Product Name-3861'. Dir doesn't exist.
0:105  0:000  _checkOEMPath Look for oem dir at path '\EFI\CLOVER\OEM\PRIME Z390-A'. Dir doesn't exist.
0:105  0:000  _checkOEMPath Look for oem dir at path '\EFI\CLOVER\OEM\PRIME Z390-A-3861'. Dir doesn't exist.
0:105  0:000  === [ GetUserSettings ] =========================
0:105  0:000  GetDefaultModel()=iMac18,3
0:105  0:000  === [ LoadUserSettings ] ========================
0:106  0:000  Using config.plist at path: \EFI\CLOVER
0:106  0:000  === [ LoadUserSettings ] ========================
0:106  0:000  Cannot find smbios.plist at path '\EFI\CLOVER' : Not Found
0:106  0:000  '\EFI\CLOVER\smbios.plist' not loaded. Efi error Not Found
0:106  0:000  create SMBIOS list, found 27 dicts
0:106  0:000  ... ACPI
0:106  0:000  ... Boot
0:106  0:000  ... BootGraphics
0:106  0:000  ... Devices
0:106  0:000  ... DisableDrivers
0:106  0:000  ... GUI
0:106  0:000  ... Graphics
0:106  0:000  ... KernelAndKextPatches
0:106  0:000  ... SMBIOS
0:106  0:000  ... SystemParameters
0:106  0:000  ... RtVariables
0:106  0:000  ... Quirks
0:106  0:000  get model from config.plist
0:106  0:000  Using latest BiosVersion from config instead of default 'IM191.88Z.F000.B00.2302212211'
0:116  0:009  Using latest BiosReleaseDate from config instead of default '02/21/2023'
0:120  0:003  Using latest EfiVersion from config instead of default '1968.100.16.0.1'
0:124  0:004  BiosVersion: IM191.88Z.F000.B00.2308061817
0:131  0:007  BiosReleaseDate: 08/06/2023
0:138  0:007  EfiVersion: 2020.40.3.0.0
0:142  0:004  Calibrated TSC Frequency = 3600482000 = 3600MHz
0:146  0:003  === [ GetListOfThemes ] =========================
0:150  0:003  - [00]: random
0:159  0:008  - [00]: embedded
0:167  0:008  === [ Found config plists ] =====================
0:171  0:004  - config.plist
0:175  0:003  - config-sample.plist
0:179  0:003  - config_old.plist
0:183  0:004  === [ LoadDrivers ] =============================
0:188  0:004  Loading NvmExpressDxe.efi status=Success
0:201  0:013   - driver needs connecting
0:205  0:004  Loading EnglishDxe.efi status=Success
0:218  0:012  Loading VBoxHfs.efi status=Success
0:231  0:013   - driver needs connecting
0:235  0:003  Loading PartitionDxe.efi status=Success
0:248  0:012   - driver needs connecting
0:252  0:003  Loading ApfsDriverLoader.efi status=Success
0:265  0:012   - driver needs connecting
0:269  0:004  4 drivers needs connecting ...
0:269  0:000  PlatformDriverOverrideProtocol not found. Installing ... Success
0:270  0:000  Partition driver loaded: 
0:270  0:000  HFS+ driver loaded
0:270  0:000  APFS driver loaded
0:270  0:000  Searching for invalid DiskIo BY_DRIVER connects: not found, all ok
0:487  0:216  === [ InitScreen ] ==============================
0:491  0:004  Console modes reported: 4, available modes:
0:495  0:003   - [01]: 80x25 (current mode)
0:499  0:004   - [03]: 100x31
0:503  0:004   - [04]: 170x40
0:507  0:003  SetScreenResolution: 1920x1080 - not found!
0:515  0:007  SetMaxResolution: found best mode 0: 1366x768
0:523  0:007   - already set
0:528  0:005  Using embedded font
0:532  0:004  === [ ScanSPD ] =================================
0:537  0:004  SMBus device : 8086 A323 class=0C0500 status=Success
0:541  0:003  SMBus CmdReg: 0x3
0:545  0:004  Scanning SMBus [8086:A323], mmio: 0x12116004, ioport: 0xEFA0, hostc: 0x11
0:549  0:004  Slots to scan [8]...
0:553  0:004  SPD[0]: Got invalid type 0 @0x50. Will set page and retry.
0:558  0:004  SPD[0]: Type 12 @0x50
0:580  0:021  XMP Profile1: 4*125 -31 ns
0:584  0:004  Found module with XMP version 2.0
0:588  0:004  Using XMP Profile1 instead of standard frequency 2132MHz
0:592  0:004  DDR speed 4264MHz
0:596  0:003  Slot: 0 Type 26 8192MB 4264MHz Vendor=Corsair PartNo=CMK16GX4M2K4266C19 SerialNo=00000000
0:600  0:004  SPD[1]: Type 12 @0x51
0:622  0:021  XMP Profile1: 4*125 -31 ns
0:626  0:004  Found module with XMP version 2.0
0:630  0:004  Using XMP Profile1 instead of standard frequency 2132MHz
0:634  0:003  DDR speed 4264MHz
0:638  0:004  Slot: 1 Type 26 8192MB 4264MHz Vendor=Corsair PartNo=CMK16GX4M2K4266C19 SerialNo=00000000
0:643  0:004  === [ GetAcpiTablesList ] =======================
0:647  0:004  Get Acpi Tables List from RSDT: count=24
0:655  0:007   - [00]: FACP  A M I  len=132
0:659  0:004   - [01]: APIC  A M I  len=188
0:663  0:004   - [02]: FPDT  A M I  len=68
0:667  0:004   - [03]: FIDT  A M I len=156
0:671  0:004   - [04]: MCFG  A M I  len=60
0:675  0:003   - [05]: WSMT  A M I  len=40
0:679  0:003   - [06]: SSDT  SataTabl len=888
0:683  0:004   - [07]: SSDT  CpuSsdt len=6101
0:687  0:003   - [08]: SSDT  SaSsdt  len=12443
0:691  0:003   - [09]: SSDT  PegSsdt len=9048
0:698  0:006   - [10]: HPET  A M I  len=56
0:704  0:006   - [11]: SSDT  Ther_Rvp len=3998
0:708  0:004   - [12]: SSDT  xh_cfsd4 len=10579
0:712  0:003   - [13]: UEFI  A M I  len=72
0:716  0:004   - [14]: LPIT  A M I  len=92
0:720  0:004   - [15]: SSDT  PtidDevc len=10206
0:724  0:004   - [16]: SSDT  TbtTypeC len=4094
0:728  0:003   - [17]: DBGP  A M I  len=52
0:732  0:003   - [18]: DBG2  A M I  len=84
0:736  0:004   - [19]: SSDT  UsbCTabl len=6449
0:741  0:004   - [20]: SSDT  ADebTabl len=324
0:745  0:004   - [21]: VFCT  A M I  len=59524
0:749  0:004   - [22]: BGRT  A M I  len=56
0:753  0:004   - [23]: WPBT  A M I len=60
0:757  0:004   - [00]: Drop table : MATS,                0 :  no
0:765  0:008   - [01]: Drop table : DMAR,                0 :  no
0:773  0:007  Custom boot CUSTOM_BOOT_DISABLED (0x0)
0:777  0:004  Default theme: embedded
0:781  0:004  Set FakeCPUID: 0x0
0:786  0:004  === [ Found DSDT tables ] =======================
0:791  0:004  === [ InitKextList ] ============================
0:796  0:004  Added Kext=Other\USBMapDummy.kext (1.0)
0:800  0:004  Added Kext=Other\RadeonMonitor.kext (1.3.5)
0:805  0:004  Added Kext=Other\FakeSMC.kext (3.5.6)
0:809  0:004  Added Kext=Other\IntelCPUMonitor.kext (1.2.6)
0:816  0:006  === [ ScanVolumes ] =============================
0:820  0:004  Found 12 volumes with blockIO
0:824  0:003  - [00]: Volume: PciRoot(0x0)\Pci(0x17,0x0)\Sata(0x0,0xFFFF,0x0)
0:833  0:008  - [01]: Volume: PciRoot(0x0)\Pci(0x17,0x0)\Sata(0x0,0xFFFF,0x0)\HD(1,GPT,38DCC513-D608-408E-9D2F-1469C8B906A0,0x28,0x64000)
0:841  0:008          Result of bootcode detection: bootable unknown (legacy)
0:861  0:019            label : EFI
0:865  0:003  - [02]: Volume: PciRoot(0x0)\Pci(0x17,0x0)\Sata(0x0,0xFFFF,0x0)\HD(2,GPT,C20AA839-E88E-4CED-8CAB-9480B290394C,0x64028,0x15D466360)
0:890  0:025            label : Dati
0:894  0:004  - [03]: Volume: PciRoot(0x0)\Pci(0x1D,0x0)\Pci(0x0,0x0)\NVMe(0x1,CA-8F-B2-81-58-38-25-00)
0:902  0:008  - [04]: Volume: PciRoot(0x0)\Pci(0x1D,0x0)\Pci(0x0,0x0)\NVMe(0x1,CA-8F-B2-81-58-38-25-00)\HD(1,GPT,6E40A227-DDED-4325-B7CE-3959620EB39E,0x28,0x64000)
0:910  0:007          Result of bootcode detection: bootable unknown (legacy)
0:914  0:004            label : EFI
0:918  0:004          This is SelfVolume !!
0:923  0:004  - [05]: Volume: PciRoot(0x0)\Pci(0x1D,0x0)\Pci(0x0,0x0)\NVMe(0x1,CA-8F-B2-81-58-38-25-00)\HD(2,GPT,9508A8C6-F9B9-4EDD-ABC7-C1C4A019C410,0x64028,0x3A321FE0)
0:931  0:008          Result of bootcode detection: bootable unknown (legacy)
0:934  0:003  - [06]: Volume: PciRoot(0x0)\Pci(0x1D,0x0)\Pci(0x0,0x0)\NVMe(0x1,CA-8F-B2-81-58-38-25-00)\HD(2,GPT,9508A8C6-F9B9-4EDD-ABC7-C1C4A019C410,0x64028,0x3A321FE0)\VenMedia(BE74FCF7-0B7C-49F3-9147-01F4042E6842,F2738F7DD5B89341BB89C99D72294438)
0:943  0:008            apfsFileSystemUUID=7D8F73F2-B8D5-4193-BB89-C99D72294438, ApfsContainerUUID=85F3C012-2D6D-4FA1-A77E-71D7470E7FA2, ApfsRole=0x10
0:947  0:004            label : Preboot
0:951  0:003  - [07]: Volume: PciRoot(0x0)\Pci(0x1D,0x0)\Pci(0x0,0x0)\NVMe(0x1,CA-8F-B2-81-58-38-25-00)\HD(2,GPT,9508A8C6-F9B9-4EDD-ABC7-C1C4A019C410,0x64028,0x3A321FE0)\VenMedia(BE74FCF7-0B7C-49F3-9147-01F4042E6842,5D6490A424B7BC4F9AC8F7A23B1C4935)
0:960  0:009            apfsFileSystemUUID=A490645D-B724-4FBC-9AC8-F7A23B1C4935, ApfsContainerUUID=85F3C012-2D6D-4FA1-A77E-71D7470E7FA2, ApfsRole=0x40
0:972  0:012            label : Macintosh HD - Dati
0:976  0:003  - [08]: Volume: PciRoot(0x0)\Pci(0x1D,0x0)\Pci(0x0,0x0)\NVMe(0x1,CA-8F-B2-81-58-38-25-00)\HD(2,GPT,9508A8C6-F9B9-4EDD-ABC7-C1C4A019C410,0x64028,0x3A321FE0)\VenMedia(BE74FCF7-0B7C-49F3-9147-01F4042E6842,B6D67091A529BA4BA6736F0E24A99093)
0:984  0:007            apfsFileSystemUUID=9170D6B6-29A5-4BBA-A673-6F0E24A99093, ApfsContainerUUID=85F3C012-2D6D-4FA1-A77E-71D7470E7FA2, ApfsRole=0x4
0:988  0:004            label : Recovery
0:992  0:003  - [09]: Volume: PciRoot(0x0)\Pci(0x1D,0x0)\Pci(0x0,0x0)\NVMe(0x1,CA-8F-B2-81-58-38-25-00)\HD(2,GPT,9508A8C6-F9B9-4EDD-ABC7-C1C4A019C410,0x64028,0x3A321FE0)\VenMedia(BE74FCF7-0B7C-49F3-9147-01F4042E6842,C30BF988C32C724BB297A45648EE79C3)
1:000  0:007            apfsFileSystemUUID=88F90BC3-2CC3-4B72-B297-A45648EE79C3, ApfsContainerUUID=85F3C012-2D6D-4FA1-A77E-71D7470E7FA2, ApfsRole=0x1
1:006  0:006            label : Macintosh HD
1:010  0:003  - [10]: Volume: PciRoot(0x0)\Pci(0x1D,0x0)\Pci(0x0,0x0)\NVMe(0x1,CA-8F-B2-81-58-38-25-00)\HD(2,GPT,9508A8C6-F9B9-4EDD-ABC7-C1C4A019C410,0x64028,0x3A321FE0)\VenMedia(BE74FCF7-0B7C-49F3-9147-01F4042E6842,982FC8B0B1F22A41B736D33F4320CF33)
1:018  0:008            apfsFileSystemUUID=B0C82F98-F2B1-412A-B736-D33F4320CF33, ApfsContainerUUID=85F3C012-2D6D-4FA1-A77E-71D7470E7FA2, ApfsRole=0xc0
1:023  0:004            label : Update
1:029  0:006  - [11]: Volume: PciRoot(0x0)\Pci(0x1D,0x0)\Pci(0x0,0x0)\NVMe(0x1,CA-8F-B2-81-58-38-25-00)\HD(2,GPT,9508A8C6-F9B9-4EDD-ABC7-C1C4A019C410,0x64028,0x3A321FE0)\VenMedia(BE74FCF7-0B7C-49F3-9147-01F4042E6842,D0BFA628AA2C7548AE15EA6E25144D32)
1:040  0:010            apfsFileSystemUUID=28A6BFD0-2CAA-4875-AE15-EA6E25144D32, ApfsContainerUUID=85F3C012-2D6D-4FA1-A77E-71D7470E7FA2, ApfsRole=0x8
1:044  0:004            label : VM
1:048  0:003  No AudioIoProtocols, status=Not Found
1:052  0:004  === [ InitXTheme ] ==============================
1:056  0:004  use Daylight theme
1:060  0:003   using embedded theme
1:073  0:013  Using embedded font
1:077  0:004  theme inited
1:081  0:003  Chosen embedded theme
1:085  0:004  after NVRAM boot-args=dart=0 -v
1:089  0:004  Scanning legacy ...
1:093  0:004  === [ Dump SMC keys from NVRAM ] ================
1:097  0:004  found AppleSMC protocol
1:109  0:012     fakesmc-key-RVBF-ch8*:02 46 0F 00 00 12 
1:142  0:033     fakesmc-key-#KEY-ui32:00 00 00 11 
1:168  0:025     fakesmc-key-$Adr-ui32:00 00 03 00 
1:196  0:028     fakesmc-key-$Num-ui8:01 
1:209  0:013     fakesmc-key-RMde-char:41 
1:223  0:013     fakesmc-key-RBr -ch8*:6A 31 33 38 5F 39 00 00 
1:264  0:041     fakesmc-key-EPCI-ui32:09 D0 F0 00 
1:289  0:025     fakesmc-key-REV -ch8*:02 46 0F 00 00 12 
1:322  0:032     fakesmc-key-RPlt-ch8*:6A 31 33 38 00 00 00 00 
1:363  0:040     fakesmc-key-BEMB-flag:00 
1:377  0:013     fakesmc-key-BATP-flag:00 
1:390  0:013     fakesmc-key-BNum-ui8:00 
1:404  0:013     fakesmc-key-MSTc-ui8:00 
1:417  0:013     fakesmc-key-MSAc-ui16:00 00 
1:435  0:017     fakesmc-key-MSWr-ui8:00 
1:448  0:013     fakesmc-key-MSFW-ui8:01 00 
1:466  0:017     fakesmc-key-MSPS-ui16:00 03 
1:489  0:023  Registered 17 SMC keys
1:498  0:008  === [ ScanLoader ] ==============================
1:502  0:004  - [01]: 'EFI'
1:528  0:026  - [02]: 'Dati'
1:572  0:044  - [04]: 'EFI'
1:584  0:011        AddLoaderEntry for Volume Name=EFI, idx=0
1:588  0:004        OSVersion= 
1:592  0:003        IconName=unknown comma=-1 size=7
1:597  0:004        Full=unknown
1:601  0:004        Loader entry created for 'PciRoot(0x0)\Pci(0x1D,0x0)\Pci(0x0,0x0)\NVMe(0x1,CA-8F-B2-81-58-38-25-00)\HD(1,GPT,6E40A227-DDED-4325-B7CE-3959620EB39E,0x28,0x64000)\EFI\BOOT\BOOTX64.efi'
1:605  0:004       hiding entry: \EFI\BOOT\BOOTX64.efi
1:609  0:004        Menu entry added at index 0
1:613  0:003       hiding entry because DiskKind is DISK_KIND_INTERNAL: \EFI\BOOT\BOOTX64.efi
1:617  0:003  - [06]: 'Preboot'
1:625  0:008      ApfsContainerUUID=85F3C012-2D6D-4FA1-A77E-71D7470E7FA2
1:629  0:003      ApfsFileSystemUUID=7D8F73F2-B8D5-4193-BB89-C99D72294438
1:633  0:004      APFSTargetUUID=A490645D-B724-4FBC-9AC8-F7A23B1C4935
1:638  0:004        contentDetails name:Macintosh HD
1:642  0:004        AddLoaderEntry for Volume Name=Preboot, idx=1
1:646  0:004        OSVersion=14.4 
1:650  0:004        Check if volume Is Hibernated:
1:654  0:003        Check sleep image 'by signature':
1:658  0:003        using default sleep image name = \private\var\vm\sleepimage
1:662  0:004        cannot open sleepimage -> Not Found
1:666  0:004        hibernated: no - sign
1:670  0:004        IconName=sonoma,mac comma=6 size=10
1:674  0:003        first=os_sonoma
1:678  0:003        Second=os_mac
1:682  0:004        IconName=unknown comma=-1 size=7
1:686  0:004        Full=unknown
1:690  0:003        Loader entry created for 'PciRoot(0x0)\Pci(0x1D,0x0)\Pci(0x0,0x0)\NVMe(0x1,CA-8F-B2-81-58-38-25-00)\HD(2,GPT,9508A8C6-F9B9-4EDD-ABC7-C1C4A019C410,0x64028,0x3A321FE0)\VenMedia(BE74FCF7-0B7C-49F3-9147-01F4042E6842,F2738F7DD5B89341BB89C99D72294438)\A490645D-B724-4FBC-9AC8-F7A23B1C4935\System\Library\CoreServices\boot.efi'
1:695  0:005        Menu entry added at index 1
1:699  0:004  - [07]: 'Macintosh HD - Dati'
1:707  0:007      ApfsContainerUUID=85F3C012-2D6D-4FA1-A77E-71D7470E7FA2
1:711  0:003      ApfsFileSystemUUID=A490645D-B724-4FBC-9AC8-F7A23B1C4935
1:715  0:003  - [08]: 'Recovery'
1:723  0:008      ApfsContainerUUID=85F3C012-2D6D-4FA1-A77E-71D7470E7FA2
1:727  0:004      ApfsFileSystemUUID=9170D6B6-29A5-4BBA-A673-6F0E24A99093
1:731  0:003      APFSTargetUUID=A490645D-B724-4FBC-9AC8-F7A23B1C4935
1:735  0:004        contentDetails name:Macintosh HD
1:740  0:004        AddLoaderEntry for Volume Name=Recovery, idx=2
1:745  0:004        OSVersion=14.4 
1:748  0:003        IconName=sonoma,mac comma=6 size=10
1:752  0:003        first=os_sonoma
1:756  0:003        Second=os_mac
1:760  0:003        IconName=unknown comma=-1 size=7
1:764  0:004        Full=unknown
1:768  0:003        Loader entry created for 'PciRoot(0x0)\Pci(0x1D,0x0)\Pci(0x0,0x0)\NVMe(0x1,CA-8F-B2-81-58-38-25-00)\HD(2,GPT,9508A8C6-F9B9-4EDD-ABC7-C1C4A019C410,0x64028,0x3A321FE0)\VenMedia(BE74FCF7-0B7C-49F3-9147-01F4042E6842,B6D67091A529BA4BA6736F0E24A99093)\A490645D-B724-4FBC-9AC8-F7A23B1C4935\BaseSystem.dmg'
1:773  0:004        Menu entry added at index 2
1:777  0:004  - [09]: 'Macintosh HD'
1:785  0:007      ApfsContainerUUID=85F3C012-2D6D-4FA1-A77E-71D7470E7FA2
1:789  0:004      ApfsFileSystemUUID=88F90BC3-2CC3-4B72-B297-A45648EE79C3
1:797  0:008  - [10]: 'Update'
1:805  0:007      ApfsContainerUUID=85F3C012-2D6D-4FA1-A77E-71D7470E7FA2
1:809  0:003      ApfsFileSystemUUID=B0C82F98-F2B1-412A-B736-D33F4320CF33
1:816  0:007  - [11]: 'VM'
1:824  0:007      ApfsContainerUUID=85F3C012-2D6D-4FA1-A77E-71D7470E7FA2
1:828  0:003      ApfsFileSystemUUID=28A6BFD0-2CAA-4875-AE15-EA6E25144D32
1:832  0:003  Entries list before ordering
1:836  0:003      Entry 0 : Boot UEFI internal from EFI (hidden)
1:840  0:004      Entry 1 : Boot Mac OS from Macintosh HD via Preboot
1:844  0:003      Entry 2 : Boot Mac OS Recovery for Macintosh HD via Recovery
1:848  0:003  Entries list after ordering
1:852  0:004    Entry 0 : Boot UEFI internal from EFI (hidden)
1:856  0:004    Entry 1 : Boot Mac OS from Macintosh HD via Preboot
1:860  0:003    Entry 2 : Boot Mac OS Recovery for Macintosh HD via Recovery
1:864  0:003  === [ AddCustomTool ] ===========================
1:868  0:004  found tool \EFI\CLOVER\tools\Shell64U.efi
1:872  0:003  Checking EFI partition Volume 1 for Clover
1:877  0:005   Found Clover
1:882  0:004  === [ GetEfiBootDeviceFromNvram ] ===============
1:886  0:004   - [!] efi-boot-device-data not found
1:890  0:004  Default boot entry not found
1:894  0:003  BannerPlace at Clear Screen [619,68]
1:912  0:018  GUI ready
7:587  5:674  Boot option 0 has other volume name Macintosh HDboot.efi
7:591  0:004  === [ StartLoader ] =============================
7:598  0:006  Starting PciRoot(0x0)\Pci(0x1D,0x0)\Pci(0x0,0x0)\NVMe(0x1,CA-8F-B2-81-58-38-25-00)\HD(2,GPT,9508A8C6-F9B9-4EDD-ABC7-C1C4A019C410,0x64028,0x3A321FE0)\VenMedia(BE74FCF7-0B7C-49F3-9147-01F4042E6842,F2738F7DD5B89341BB89C99D72294438)\A490645D-B724-4FBC-9AC8-F7A23B1C4935\System\Library\CoreServices\boot.efi
7:605  0:006  Finally: ExternalClock=26MHz BusSpeed=100014kHz CPUFreq=3600MHz PIS: hw.busfrequency=104000000Hz
7:613  0:007  Beginning OC
7:617  0:004  OCST: Missing vault data, ignoring...
7:621  0:004  AddKextsInArray from Other
7:625  0:003  ->Extra kext: Other\USBMapDummy.kext (v.1.0)
7:629  0:003  ->Extra kext: Other\RadeonMonitor.kext (v.1.3.5)
7:633  0:003  ->Extra kext: Other\FakeSMC.kext (v.3.5.6)
7:636  0:003  ->Extra kext: Other\IntelCPUMonitor.kext (v.1.2.6)
7:640  0:003  AddKextsInArray from Off
7:644  0:003  AddKextsInArray from 14
7:648  0:003  AddKextsInArray from 14_normal
7:652  0:003  AddKextsInArray from 14.4
7:656  0:003  AddKextsInArray from 14.4_normal
7:660  0:004  AddKextsInArray from 14.4.0
7:664  0:004  AddKextsInArray from 14.4.0_normal
7:671  0:007  Bridge kext to OC : Path=Other\FakeSMC.kext
7:679  0:007  Bridge kext to OC : Path=Other\USBMapDummy.kext
7:684  0:004  Bridge kext to OC : Path=Other\RadeonMonitor.kext
7:688  0:004  Bridge kext to OC : Path=Other\IntelCPUMonitor.kext
7:694  0:005  Start 'OpenRuntime.efi' : Status Success
7:697  0:003  OC: config config.plist
7:701  0:003  OC: Got 0 drivers
7:705  0:003  OC: OpenCore DBG-102-2024-09-12 is loading in Optional mode (0/0)...
7:709  0:004  OC: StorageHandle 0 with  LauncherOption pointing to 
7:714  0:004  OcOSInfoInstallProtocol
7:718  0:004  OCRTC: OcAppleRtcRamInstallProtocol
7:722  0:004  OCRTC: Wake log is 0x00 0x00   0 0x00
7:726  0:003  OcAppleFbInfoInstallProtocol
7:730  0:004  OcAppleEg2InfoInstallProtocol
7:737  0:006  OC: Loading Apple Secure Boot with Disabled (level 0)
7:742  0:004  OCABC: ALRBL 0 RTDFRG 1 DEVMMIO 0 NOSU 0 NOVRWR 0 NOSB 0 FBSIG 0 NOHBMAP 0 SMSLIDE 1 WRUNPROT 1
7:746  0:004  OCABC: FEXITBS 0 PRMRG 0 CSLIDE 0 MSLIDE 0 PRSRV 0 RBMAP 0 VMAP 1 APPLOS 0 RTPERMS 1 ARBAR -1 RBIO 0
7:750  0:004  OCABC: Got rendezvous with OpenRuntime r12
7:754  0:003  OCABC: MAT support is 1
7:758  0:004  OC: RequestBootVarRouting 0
7:763  0:004  OCDM: Found 0x20046/0x2003C UEFI version (376 bytes, 0 rebuilding to 376) gST 7AB3C018 gBS 6D89B3A0 gBS->CreateEventEx 6D889904 &gBS 6D5732C0
7:767  0:003  OC: Setting GPU BARs to 0
7:771  0:004  OCDM: RBAR using PciIo
7:775  0:004  OCDM: Setting RBAR to 0 inc 1 on 3/18
7:779  0:004  OCDM: Capability I/O error - Unsupported
7:786  0:007  OCDM: RBAR is unsupported by device - Device Error
7:790  0:004  OCDM: Setting RBAR to 0 inc 1 on 5/18
7:794  0:004  OCDM: Capability I/O error - Unsupported
7:798  0:003  OCDM: RBAR is unsupported by device - Device Error
7:803  0:004  OC: Got 0 drivers
7:807  0:004  OCC: Installing GOP (Unsupported) on ConsoleOutHandle...
7:811  0:004  OC: Requested resolution is 1920x1080@0 (max: 0, force: 0) from 1920x1080
7:815  0:004  OCC: Using builtin text renderer with 1 scale
7:819  0:004  OCC: Install console control (6D55E3D0/6D882C88/0), current - Success
7:823  0:003  OCC: Setup ASCII Output - Success
7:827  0:003  OC: Requested console mode is 0x0 (max: 0) from 
7:831  0:004  OC: Invalid HibernateMode: 
7:835  0:003  OC: Translated HibernateMode  to 0
7:840  0:004  OC: Hibernation activation - Invalid Parameter, hibernation wake - no
7:843  0:003  OC: Panic log does not exist
7:848  0:004  OCABC: IsEfiBootRt 0 (BP 1, Apple 0)
7:853  0:005  OCB: Arch filtering 72DE2018(723512)->72DE2018(723512) caps 0 - Success
7:857  0:004  ImageHandle = 73097698
7:865  0:008  GetOSVersion: 14.4 (s)
7:873  0:008  Will not patch boot.efi
7:880  0:006  Using latest BiosVersion from config instead of default 'IM191.88Z.F000.B00.2302212211'
7:887  0:006  Using latest BiosReleaseDate from config instead of default '02/21/2023'
7:891  0:003  Using latest EfiVersion from config instead of default '1968.100.16.0.1'
7:895  0:004  BiosVersion: IM191.88Z.F000.B00.2308061817
7:899  0:004  BiosReleaseDate: 08/06/2023
7:903  0:004  EfiVersion: 2020.40.3.0.0
7:907  0:004  SMBIOS reloaded with model iMac19,1
7:911  0:003  Set FakeCPUID: 0x0
7:915  0:004  === [ PatchSmbios ] =============================
7:919  0:004  UpdateSmbiosString : BiosVersion=EfiVersion=2020.40.3.0.0
7:923  0:004  UpdateSmbiosString : ReleaseDate=08/06/2023
7:927  0:004  void PatchTableType1(const SmbiosInjectedSettings&) : UpdateSmbiosString ProductName=iMac19,1
7:932  0:004  void PatchTableType2(const SmbiosInjectedSettings&) : UpdateSmbiosString ProductName=BoardNumber=Mac-AA95B1DDAB278B95
7:936  0:004  void PatchTableType2(const SmbiosInjectedSettings&) : UpdateSmbiosString Version=BoardVersion=iMac19,1
7:940  0:004  insert table 9 for dev 0:0
7:944  0:004  insert table 9 for dev 0:1
7:948  0:003  insert table 9 for dev 1F:6
7:952  0:004  Table 11 present, but rewritten for us
7:961  0:008  Do not inject memory table
7:965  0:004  Trusting SMBIOS...
7:969  0:004  Channels: 1
7:973  0:003  Interleave: 0 1 2 3
7:997  0:023  trusted SMBIOS data, table index 0:
8:001  0:003    gRAM.SMBIOS[0]->ModuleSize = 8192
8:005  0:003    gRAM.SMBIOS[0]->Type = 0
8:009  0:004    gRAM.SMBIOS[0]->Frequency = 3200
8:013  0:004    gRAM.SMBIOS[0]->Vendor = Corsair
8:017  0:004    gRAM.SMBIOS[0]->PartNo = CMK16GX4M2K4266C19
8:021  0:004    gRAM.SMBIOS[0]->SerialNo = 00000000
8:025  0:003  SPD data in use:
8:029  0:004    gRAM.SPD[0]->ModuleSize = 8192
8:033  0:004    gRAM.SPD[0]->Type = 26
8:037  0:004    gRAM.SPD[0]->Frequency = 4264
8:041  0:004    gRAM.SPD[0]->Vendor = Corsair
8:045  0:003    gRAM.SPD[0]->SerialNo = 00000000
8:050  0:004    gRAM.SPD[0]->PartNo = CMK16GX4M2K4266C19
8:054  0:004    SMBIOS Type 17 Index = 0 => SMBIOSIndex=0 SPDIndex=0:
8:058  0:004  BANK 0 DIMM0 4264MHz 8192MB(Ext:0MB)
8:062  0:004  trusted SMBIOS data, table index 1:
8:066  0:004    gRAM.SMBIOS[1]->ModuleSize = 8192
8:070  0:004    gRAM.SMBIOS[1]->Type = 0
8:074  0:004    gRAM.SMBIOS[1]->Frequency = 3200
8:078  0:003    gRAM.SMBIOS[1]->Vendor = Corsair
8:082  0:004    gRAM.SMBIOS[1]->PartNo = CMK16GX4M2K4266C19
8:086  0:004    gRAM.SMBIOS[1]->SerialNo = 00000000
8:090  0:004  SPD data in use:
8:094  0:003    gRAM.SPD[1]->ModuleSize = 8192
8:098  0:003    gRAM.SPD[1]->Type = 26
8:102  0:004    gRAM.SPD[1]->Frequency = 4264
8:106  0:003    gRAM.SPD[1]->Vendor = Corsair
8:110  0:004    gRAM.SPD[1]->SerialNo = 00000000
8:114  0:004    gRAM.SPD[1]->PartNo = CMK16GX4M2K4266C19
8:118  0:004    SMBIOS Type 17 Index = 1 => SMBIOSIndex=1 SPDIndex=1:
8:122  0:003  BANK 0 DIMM1 4264MHz 8192MB(Ext:0MB)
8:126  0:004  !trusted SMBIOS data, Table index 2:!gRAM.SMBIOS.doesSlotForIndexExist(SMBIOSIndex) 
8:138  0:011    SMBIOS Type 17 Index = 2 => SMBIOSIndex=2 SPDIndex=2:
8:142  0:003  BANK 0 DIMM2 EMPTY
8:146  0:004  !trusted SMBIOS data, Table index 3:!gRAM.SMBIOS.doesSlotForIndexExist(SMBIOSIndex) 
8:158  0:011    SMBIOS Type 17 Index = 3 => SMBIOSIndex=3 SPDIndex=3:
8:162  0:004  BANK 0 DIMM3 EMPTY
8:166  0:003  mTotalSystemMemory = 16384
8:171  0:004  NumberOfMemoryDevices = 4
8:174  0:003  Type20[0]->End = 0x7FFFFF, Type17[0] = 2000
8:178  0:003  Type20[1]->End = 0xFFFFFF, Type17[1] = 6000
8:182  0:004  Table 131 is present, CPUType=35
8:187  0:004  Change to: 1005
8:191  0:003  === [ PatchACPI ] ===============================
8:195  0:004  OCABC: AllocPages 1 0x7A345000 (1) - Success
8:199  0:004  Xsdt reallocation done
8:203  0:004  OCABC: AllocPages 1 0x7A344000 (1) - Success
8:208  0:004  old FADT length=114
8:211  0:003   SignatureFixup: 0xFA76D5ED -> 0x0
8:215  0:003  Found OperationRegion(GNVS, SystemMemory, 7A376000, ...)
8:219  0:004  Found OperationRegion(RAMW, SystemMemory, 7A37A018, ...)
8:224  0:004  Found OperationRegion(RAMX, SystemMemory, 7A2E2018, ...)
8:228  0:004  Found OperationRegion(PNVA, SystemMemory, 7A3D2B98, ...)
8:232  0:003  Found OperationRegion(THBA, SystemMemory, FE200000, ...)
8:236  0:004  Found OperationRegion(BNVS, SystemMemory, 7A38B000, ...)
8:240  0:003  Found OperationRegion(SMBD, SystemMemory, E00FC004, ...)
8:245  0:004  Found OperationRegion(TMMB, SystemMemory, FED40000, ...)
8:249  0:003  Found OperationRegion(CRBD, SystemMemory, FED40000, ...)
8:252  0:003  Found OperationRegion(TPMR, SystemMemory, FFFFFFFF, ...)
8:256  0:003  Found OperationRegion(ATNV, SystemMemory, FFFF0000, ...)
8:260  0:004  Found OperationRegion(WPBR, SystemMemory, 7A364000, ...)
8:265  0:004  OCABC: AllocPages 1 0x7A2F5000 (79) - Success
8:269  0:004  Apply DsdtFixMask=0x10400044
8:273  0:003  === [ FixBiosDsdt ] =============================
8:277  0:004  Patching DSDT:
8:281  0:003   - [change EC0 to EC]: pattern 4543305F, patched at: [ (F96F) ]
8:301  0:019   - [change HECI to IMEI]: pattern 48454349, patched at: [ (18CAE) ]
8:322  0:021  found PIC had IRQNoFlag will move -3 bytes
8:326  0:004   deleting device CRT_
8:334  0:008   deleting device DVI_
8:342  0:008   deleting device SPKR
8:351  0:008   deleting device ECP_
8:359  0:008   deleting device LPT_
8:367  0:008   deleting device FDC0
8:375  0:008   deleting device ECP1
8:383  0:008   deleting device LPT1
8:391  0:008   deleting device FDC_
8:399  0:008    indirect name=RAMB
8:403  0:003    indirect name=RAMA
8:407  0:003    indirect name=PNVB
8:411  0:003  OperationRegion (THBA...) corrected from 0x0 to addr=0xFE200000
8:415  0:004    indirect name=TPMM
8:419  0:004    indirect name=FTPM
8:423  0:003    indirect name=PPIM
8:428  0:004  PreCleanup XSDT: count=24, length=228
8:432  0:004  PreCleanup XSDT, corrected XSDT: count=24, length=228
8:436  0:004  === [ ACPIPatchedAML ] ==========================
8:440  0:004  AutoMerge pass 1
8:447  0:007  Unsorted
8:451  0:004  Inserting SSDT-EC.aml from \EFI\CLOVER\ACPI\patched: ignore on pass 1
8:459  0:007  Inserting SSDT-PLUG-_SB.PR00.aml from \EFI\CLOVER\ACPI\patched: ignore on pass 1
8:467  0:007  Inserting SSDT-PM.aml from \EFI\CLOVER\ACPI\patched: ignore on pass 1
8:475  0:008  Inserting SSDT-PMC.aml from \EFI\CLOVER\ACPI\patched: ignore on pass 1
8:483  0:008  === [ ACPIDropTables ] ==========================
8:487  0:004  OCABC: AllocPages 1 0x7A2F3000 (2) - Success
8:491  0:003  OCABC: AllocPages 1 0x7A2F3000 (2) - Success
8:495  0:003  OCABC: AllocPages 1 0x7A2F3000 (2) - Success
8:499  0:004  OCABC: AllocPages 1 0x7A2F3000 (2) - Success
8:503  0:004  OCABC: AllocPages 1 0x7A2F3000 (2) - Success
8:508  0:004  OCABC: AllocPages 1 0x7A2F3000 (2) - Success
8:512  0:004  Patching SSDTs: 2 patches each
8:516  0:004   pattern 4543305F, bin not found / already patched!
8:524  0:007   pattern 48454349, bin not found / already patched!
8:532  0:008  OCABC: AllocPages 1 0x7A2F0000 (3) - Success
8:536  0:004  Patching SSDTs: 2 patches each
8:540  0:004   pattern 4543305F, bin not found / already patched!
8:548  0:007   pattern 48454349, bin not found / already patched!
8:556  0:008  Found OperationRegion(PNVS, SystemMemory, 7ADF3000, ...)
8:560  0:003  OCABC: AllocPages 1 0x7A2EB000 (5) - Success
8:564  0:004  Patching SSDTs: 2 patches each
8:568  0:004   pattern 4543305F, bin not found / already patched!
8:576  0:007   pattern 48454349, bin not found / already patched!
8:584  0:007  Found OperationRegion(SANV, SystemMemory, 7A3D2118, ...)
8:588  0:004  OCABC: AllocPages 1 0x7A2E7000 (4) - Success
8:592  0:003  Patching SSDTs: 2 patches each
8:596  0:003   pattern 4543305F, bin not found / already patched!
8:603  0:007   pattern 48454349, bin not found / already patched!
8:611  0:008  OCABC: AllocPages 1 0x7A2E5000 (2) - Success
8:615  0:003  OCABC: AllocPages 1 0x7A2E5000 (2) - Success
8:619  0:004  Patching SSDTs: 2 patches each
8:623  0:004   pattern 4543305F, bin not found / already patched!
8:632  0:008   pattern 48454349, bin not found / already patched!
8:640  0:008  OCABC: AllocPages 1 0x7A166000 (4) - Success
8:644  0:004  Patching SSDTs: 2 patches each
8:648  0:004   pattern 4543305F, bin not found / already patched!
8:656  0:007   pattern 48454349, bin not found / already patched!
8:664  0:008  OCABC: AllocPages 1 0x7A2E3000 (2) - Success
8:668  0:004  OCABC: AllocPages 1 0x7A2E3000 (2) - Success
8:672  0:004  OCABC: AllocPages 1 0x7A162000 (4) - Success
8:677  0:004  Patching SSDTs: 2 patches each
8:680  0:003   pattern 4543305F, bin not found / already patched!
8:689  0:008   pattern 48454349, bin not found / already patched!
8:697  0:008  OCABC: AllocPages 1 0x7A2E3000 (2) - Success
8:701  0:004  Patching SSDTs: 2 patches each
8:705  0:004   pattern 4543305F, bin not found / already patched!
8:716  0:010   pattern 48454349, bin not found / already patched!
8:724  0:007  OCABC: AllocPages 1 0x7A160000 (2) - Success
8:728  0:004  OCABC: AllocPages 1 0x7A160000 (2) - Success
8:731  0:003  OCABC: AllocPages 1 0x7A15F000 (3) - Success
8:735  0:003  Patching SSDTs: 2 patches each
8:739  0:003   pattern 4543305F, bin not found / already patched!
8:747  0:008   pattern 48454349, bin not found / already patched!
8:755  0:007  OCABC: AllocPages 1 0x7A15D000 (2) - Success
8:760  0:004  Patching SSDTs: 2 patches each
8:764  0:003   pattern 4543305F, bin not found / already patched!
8:772  0:008   pattern 48454349, bin not found / already patched!
8:780  0:008  Found OperationRegion(ADHD, SystemMemory, 78CD0000, ...)
8:784  0:003  Found OperationRegion(ABLK, SystemMemory, 78CD0020, ...)
8:788  0:004  OCABC: AllocPages 1 0x7A14D000 (16) - Success
8:792  0:004  OCABC: AllocPages 1 0x7A15B000 (2) - Success
8:796  0:004  OCABC: AllocPages 1 0x7A15B000 (2) - Success
8:800  0:004  === [ ACPIPatchedAML ] ==========================
8:804  0:003  AutoMerge pass 2
8:808  0:004  Unsorted
8:815  0:006  Inserting SSDT-EC.aml from \EFI\CLOVER\ACPI\patched: size=91 OCABC: AllocPages 1 0x7A15C000 (1) - Success
... Success
8:834  0:019  Inserting SSDT-PLUG-_SB.PR00.aml from \EFI\CLOVER\ACPI\patched: size=166 OCABC: AllocPages 1 0x7A15B000 (1) - Success
... Success
8:850  0:016  Inserting SSDT-PM.aml from \EFI\CLOVER\ACPI\patched: size=198 OCABC: AllocPages 1 0x7A15A000 (1) - Success
... Success
8:867  0:016  Inserting SSDT-PMC.aml from \EFI\CLOVER\ACPI\patched: size=143 OCABC: AllocPages 1 0x7A159000 (1) - Success
... Success
8:883  0:016  ApicCPUNum=1
8:887  0:003  Maximum control=0x24
8:891  0:004  Turbo control=0x31
8:895  0:003  P-States: min 0x8, max 0x31
8:899  0:003  SSDT with plugin-type without P-States is generated
8:903  0:004  OCABC: AllocPages 1 0x7A158000 (1) - Success
8:907  0:004  Cleanup XSDT: count=29, length=268
8:911  0:004  corrected XSDT count=29, length=268
8:915  0:003  === [ RestSetup macOS ] =========================
8:919  0:003  ATI injection not set
8:923  0:004  Intel UHD Graphics 630 [8086:3E98] :: PciRoot(0x0)\Pci(0x2,0x0)
8:927  0:003    Intel: no default properties
8:931  0:003  Intel GFX revision  = 0x0
8:935  0:003   RCBA disabled; cannot use it
8:939  0:004   setting specified layout-id=1 (0x1)
8:943  0:004  stringlength = 458
8:946  0:003  OCABC: AllocPages 1 0x7A157000 (1) - Success
8:954  0:007  CurrentMode: Width=1366 Height=768
8:962  0:007  SetNvramVariable (system-id, 4D1EDE05-38C7-4A6A-9CC6-4BCCA8B38C14, 0x2, 16): -> writing new (Success)
8:970  0:008  SetNvramVariable (MLB, 4D1EDE05-38C7-4A6A-9CC6-4BCCA8B38C14, 0x6, 17): -> writing new (Success)
8:979  0:008  SetNvramVariable (ROM, 4D1EDE05-38C7-4A6A-9CC6-4BCCA8B38C14, 0x6, 6): -> writing new (Success)
8:988  0:008  SetNvramVariable (FirmwareFeatures, 4D1EDE05-38C7-4A6A-9CC6-4BCCA8B38C14, 0x6, 4): -> writing new (Success)
8:997  0:008  SetNvramVariable (FirmwareFeaturesMask, 4D1EDE05-38C7-4A6A-9CC6-4BCCA8B38C14, 0x6, 4): -> writing new (Success)
9:005  0:008  SetNvramVariable (ExtendedFirmwareFeatures, 4D1EDE05-38C7-4A6A-9CC6-4BCCA8B38C14, 0x6, 8): -> writing new (Success)
9:014  0:008  SetNvramVariable (ExtendedFirmwareFeaturesMask, 4D1EDE05-38C7-4A6A-9CC6-4BCCA8B38C14, 0x6, 8): -> writing new (Success)
9:023  0:008  AddNvramVariable (HW_BID, 4D1EDE05-38C7-4A6A-9CC6-4BCCA8B38C14, 0x6, 20): -> writing new (Success)
9:031  0:008  AddNvramVariable (security-mode, 7C436110-AB2A-4BBB-A880-FE41995C9F82, 0x7, 5): -> already exists, abort
9:039  0:007  set DefaultBackgroundColor=0xfbfbfb
9:043  0:003  SetNvramVariable (DefaultBackgroundColor, 4D1EDE05-38C7-4A6A-9CC6-4BCCA8B38C14, 0x7, 4): -> writing new (Success)
9:056  0:012  SetNvramVariable (ActualDensity, 7C436110-AB2A-4BBB-A880-FE41995C9F82, 0x7, 2): exists(0x7, 2), equal -> not writing again.
9:068  0:012  SetNvramVariable (DensityThreshold, 7C436110-AB2A-4BBB-A880-FE41995C9F82, 0x7, 2): exists(0x7, 2), equal -> not writing again.
9:080  0:011  SetNvramVariable (gfx-saved-config-restore-status, 4D1EDE05-38C7-4A6A-9CC6-4BCCA8B38C14, 0x7, 8): exists(0x7, 8), equal -> not writing again.
9:092  0:012  DeleteNvramVariable (UIScale, 4D1EDE05-38C7-4A6A-9CC6-4BCCA8B38C14):
9:097  0:004  DeleteNvramVariable (EFILoginHiDPI, 7C436110-AB2A-4BBB-A880-FE41995C9F82):
9:101  0:004  SetNvramVariable (flagstate, 7C436110-AB2A-4BBB-A880-FE41995C9F82, 0x7, 32): exists(0x7, 32), equal -> not writing again.
9:114  0:012  SetNvramVariable (csr-active-config, 7C436110-AB2A-4BBB-A880-FE41995C9F82, 0x7, 4): exists(0x7, 4), equal -> not writing again.
9:126  0:012  DeleteNvramVariable (BridgeOSHardwareModel, 4D1EDE05-38C7-4A6A-9CC6-4BCCA8B38C14):
9:131  0:004  DeleteNvramVariable (bootercfg, 7C436110-AB2A-4BBB-A880-FE41995C9F82):
9:136  0:004  DeleteNvramVariable (nvda_drv, 7C436110-AB2A-4BBB-A880-FE41995C9F82):
9:141  0:004  DeleteNvramVariable (recovery-boot-mode, 7C436110-AB2A-4BBB-A880-FE41995C9F82):
9:145  0:004  AddNvramVariable (wake-failure, 7C436110-AB2A-4BBB-A880-FE41995C9F82, 0x7, 5): -> already exists, abort
9:154  0:008  DeleteNvramVariable (opencore-version, 7C436110-AB2A-4BBB-A880-FE41995C9F82):
9:158  0:004  DeleteNvramVariable (ApBoardID, 94B73556-2197-4702-82A8-3E1337DAFBFB):
9:163  0:004  DeleteNvramVariable (ApSecurityDomain, 94B73556-2197-4702-82A8-3E1337DAFBFB):
9:171  0:007  DeleteNvramVariable (ApProductionStatus, 94B73556-2197-4702-82A8-3E1337DAFBFB):
9:178  0:007  DeleteNvramVariable (ApSecurityMode, 94B73556-2197-4702-82A8-3E1337DAFBFB):
9:183  0:004  DeleteNvramVariable (EffectiveProductionStatus, 94B73556-2197-4702-82A8-3E1337DAFBFB):
9:187  0:004  DeleteNvramVariable (EffectiveSecurityMode, 94B73556-2197-4702-82A8-3E1337DAFBFB):
9:192  0:004  DeleteNvramVariable (CertificateEpoch, 94B73556-2197-4702-82A8-3E1337DAFBFB):
9:197  0:004  DeleteNvramVariable (MixNMatchPreventionStatus, 94B73556-2197-4702-82A8-3E1337DAFBFB):
9:201  0:004  DeleteNvramVariable (CryptoDigestMethod, 94B73556-2197-4702-82A8-3E1337DAFBFB):
9:206  0:004  DeleteNvramVariable (InternalUseOnlyUnit, 94B73556-2197-4702-82A8-3E1337DAFBFB):
9:211  0:004  DeleteNvramVariable (ApECID, 94B73556-2197-4702-82A8-3E1337DAFBFB):
9:216  0:004  DeleteNvramVariable (HardwareModel, 94B73556-2197-4702-82A8-3E1337DAFBFB):
9:220  0:004  Use origin smbios table type 1 guid.
9:242  0:022  DeleteNvramVariable (efi-boot-device, 7C436110-AB2A-4BBB-A880-FE41995C9F82):
9:247  0:004  DeleteNvramVariable (efi-boot-device-data, 7C436110-AB2A-4BBB-A880-FE41995C9F82):
9:252  0:004  DeleteNvramVariable (BootCampHD, 7C436110-AB2A-4BBB-A880-FE41995C9F82):
9:256  0:004  Custom boot screen not used because entry has unset use graphics
9:262  0:005  DeleteNvramVariable (IOHibernateRTCVariables, 7C436110-AB2A-4BBB-A880-FE41995C9F82):
9:267  0:004  DeleteNvramVariable (boot-image, 7C436110-AB2A-4BBB-A880-FE41995C9F82):
9:271  0:004  Kernel quirks
9:275  0:003  ACPCL 1 AXCL 1 AXEM 0 AXFB 0 CSG 0 DIM 0 DLJ 0 DRC 1 DPM 0 EBTFF 0 EDI 0 FAI 0 IPBS 0 LKP 0 PNKD 0 PTKP 0 TPD 0 XPL 0 PCC 0
9:279  0:004  Closing log
9:283  0:003  OCABC: AllocPages 2 0x91000 (14) - Success
9:287  0:004  OCABC: AllocPages 2 0x6F7C8000 (14) - Success
9:293  0:005  OCABC: Patching safe mode sur-2 at off ACF4
9:296  0:003  OCABC: AllocPages 2 0x77848000 (512) - Success
9:300  0:004  OCABC: AllocPages 2 0x77847000 (1) - Success
9:305  0:004  OC: Supported boot capabilities 4
9:310  0:005  OCOS: OS set: <null> macOS 11.0
9:314  0:003  OCOS: OS set: Apple Inc. macOS 11.0
9:318  0:004  OCOS: Should use black background
9:322  0:004  OCABC: AllocPages 1 0x6D351000 (1) - Success
9:338  0:015  OC: Opening file System\Library\Kernels\kernel with 1 mode gave - Not Found
9:342  0:004  OC: Opening file \A490645D-B724-4FBC-9AC8-F7A23B1C4935 with 1 mode gave - Success
9:346  0:004  OC: Opening file \A490645D-B724-4FBC-9AC8-F7A23B1C4935\System\Library\CoreServices\com.apple.Boot.plist with 1 mode gave - Not Found
9:350  0:004  OC: Opening file Library\Preferences\SystemConfiguration\com.apple.Boot.plist with 1 mode gave - Success
9:355  0:004  OC: Opening file \A490645D-B724-4FBC-9AC8-F7A23B1C4935\System\Library\CoreServices\PlatformSupport.plist with 1 mode gave - Success
9:360  0:004  OCABC: AllocPages 2 0x1C900000 (121199) - Success
9:367  0:007  OC: Opening file System\Library\Caches\com.apple.corestorage\EncryptedRoot.plist.wipekey with 1 mode gave - Success
9:376  0:009  OC: Opening file \A490645D-B724-4FBC-9AC8-F7A23B1C4935\System\Library\CoreServices\boot.efi with 1 mode gave - Success
9:405  0:029  OC: Opening file boot\System\Library\KernelCollections\BootKernelExtensions.kc.development with 1 mode gave - Not Found
9:423  0:017  OC: Opening file boot\System\Library\KernelCollections\BootKernelExtensions.kc with 1 mode gave - Success
9:427  0:004  OC: Load and reserve Kext Other\FakeSMC.kext
9:432  0:004  OC: Load and reserve Kext Other\USBMapDummy.kext
9:436  0:004  OC: Load and reserve Kext Other\RadeonMonitor.kext
9:440  0:004  OC: Load and reserve Kext Other\IntelCPUMonitor.kext
9:445  0:004  OC: Kext reservation size info 506000 exe 3B000
9:449  0:003  OC: Trying 64-bit XNU hook on boot\System\Library\KernelCollections\BootKernelExtensions.kc
9:453  0:004  OCAK: Found 64-bit Mach-O compressed 0 offset 0 size 0
9:457  0:004  OCAK: Determined kernel size is 62734336 bytes
9:492  0:034  OC: Result of 64-bit XNU hook on boot\System\Library\KernelCollections\BootKernelExtensions.kc (00000000) is Success
9:539  0:046  OCAK: Read kernel version 23.4.0 (230400)
9:543  0:004  OCAK: 64-bit patcher base 0xFFFFFF8000200000 kmod 0x0 file 0x0
9:548  0:004  OCAK: Zeroing _xcpm_core_scope_msrs 0xE2 applicable CPUs (76)
9:552  0:004  OCAK: Zeroing _xcpm_core_scope_msrs 0xE2 applicable CPUs (406416)
9:556  0:004  OCAK: Zeroing _xcpm_core_scope_msrs 0xE2 applicable CPUs (16384)
9:561  0:005  Replace B9E20000000F30 by B9E20000009090 at ofs:30E
9:630  0:068  Replace B9E20000000F30 by B9E20000009090 at ofs:39B
9:698  0:068  OCAK: 64-bit XcpmCfgLockRel replace count - 2
9:702  0:004  OCAK: [OK] Success XcpmCfgLock patch
9:745  0:042  OCAK: org.netkas.FakeSMC got KXLD 0 0
9:749  0:004  OCAK: Requesting __LINKEDIT for org.netkas.FakeSMC - 6CE10398 at 3BD5000
9:753  0:004  OCAK: Requesting SymbolTable for org.netkas.FakeSMC - 601
9:757  0:003  OCAK: Requesting __LINKEDIT for __kernel__ - 69246688 at 0
9:761  0:003  OCAK: Requesting SymbolTable for __kernel__ - 22799
9:787  0:026  OCAK: Patching invalid size 2000 with 19DF000 for com.apple.iokit.IOACPIFamily
9:792  0:004  OCAK: com.apple.iokit.IOACPIFamily got KXLD 0 0
9:796  0:004  OCAK: Requesting __LINKEDIT for com.apple.iokit.IOACPIFamily - 6B431518 at 21F6000
9:800  0:003  OCAK: Requesting SymbolTable for com.apple.iokit.IOACPIFamily - 544
9:811  0:011  OCAK: Local relocs 1148 on FFFFFF8003CD5000
9:816  0:005  OC: Prelinked injection Other\FakeSMC.kext () - Success
9:821  0:004  OC: Prelinked injection Other\USBMapDummy.kext () - Success
9:825  0:004  OCAK: org.slice.RadeonMonitor got KXLD 0 0
9:829  0:004  OCAK: Requesting __LINKEDIT for org.slice.RadeonMonitor - 6CE28398 at 3BED000
9:833  0:004  OCAK: Requesting SymbolTable for org.slice.RadeonMonitor - 372
9:839  0:005  OCAK: Patching invalid size 32000 with 156F000 for com.apple.iokit.IOPCIFamily
9:843  0:004  OCAK: com.apple.iokit.IOPCIFamily got KXLD 0 0
9:847  0:003  OCAK: Requesting __LINKEDIT for com.apple.iokit.IOPCIFamily - 6B8A1518 at 2666000
9:851  0:003  OCAK: Requesting SymbolTable for com.apple.iokit.IOPCIFamily - 1531
9:859  0:008  OCAK: Requesting SymbolTable for org.netkas.FakeSMC - 191
9:868  0:009  OCAK: Local relocs 369 on FFFFFF8003CED000
9:873  0:004  OC: Prelinked injection Other\RadeonMonitor.kext () - Success
9:877  0:004  OCAK: org.slice.IntelCPUMonitor got KXLD 0 0
9:881  0:004  OCAK: Requesting __LINKEDIT for org.slice.IntelCPUMonitor - 6CE393E8 at 3BFE000
9:885  0:004  OCAK: Requesting SymbolTable for org.slice.IntelCPUMonitor - 363
9:893  0:007  OCAK: Local relocs 306 on FFFFFF8003CFE000
9:900  0:007  OC: Prelinked injection Other\IntelCPUMonitor.kext () - Success
9:904  0:004  OC: Prelink size 62980096 kext offset 62738432 reserved 241664
9:908  0:004  OCAK: KC TEXT is 65536 bytes with 61800 Mach-O headers need 400
9:925  0:017  OCAK: Failed to pk find com.apple.driver.AppleIntelCPUPowerManagement - Not Found
9:929  0:003  OCAK: [OK] Skipping PatchAppleCpuPmCfgLock on NULL Patcher on kernel version 230400
9:934  0:004  OCAK: Patching invalid size 5FF4 with 2193000 for com.apple.driver.AppleRTC
9:938  0:004  OCAK: com.apple.driver.AppleRTC got KXLD 0 0
9:942  0:003  Replace BE58000000/FFFEFFFFFF(BE58000000) by BEFFFF0000 at ofs:1AED
10:046  0:103  Replace BE58000000/FFFEFFFFFF(BE59000000) by BEFFFF0000 at ofs:1AFE
10:160  0:114  Replace BE58000000/FFFEFFFFFF(BE58000000) by BEFFFF0000 at ofs:1DE3
10:264  0:103  Replace BE58000000/FFFEFFFFFF(BE59000000) by BEFFFF0000 at ofs:1DF3
10:372  0:107  OCAK: 64-bit DisableRtcChecksum64 replace count - 4
10:376  0:004  OCAK: [OK] Patch success com.apple.driver.AppleRTC DisableRtcChecksum
10:497  0:121  OC: Prelinked status - Success
10:544  0:047  OC: Opening file usr\standalone\OS.dmg.root_hash with 1 mode gave - Success
10:554  0:009  OC: Opening file usr\standalone\OS.dmg.root_hash.x86legacyap.im4m with 1 mode gave - Success
10:564  0:009  OCABC: AllocPages 0 0x7308F000 (1) - Success
10:568  0:004  OCABC: AllocPages 0 0x7308C000 (1) - Success
10:592  0:024  FixOwnership() -> begin
10:596  0:003  PCI Io found 18
10:599  0:003  USB XHCI reset for device A36D
10:604  0:004  ExtendCap=00008000
10:607  0:003    Value=02000802
10:611  0:003    Value=03011402
10:615  0:003    Value=005CFFC0
10:618  0:003    Value=00002201
