0:100  0:100  MemLog inited, TSC freq: 3600490920
0:100  0:000  CPU was calibrated with RTC
0:100  0:000  CloverX64 : Image base = 0x6D404000
0:100  0:000  Clover ImageHandle = 7627f318
0:102  0:002  SelfDirPath = \EFI\CLOVER
0:104  0:001  === [ Starting Clover ] =========================
0:104  0:000  Now is 24.11.2024,  19:11:09 (GMT)
0:104  0:000  Starting Clover revision: 5160 (master, commit 7b08a616e) on American Megatrends EFI
0:104  0:000  Build id: 20240909210805-7b08a61-dirty
0:104  0:000  Build with: [Args: -D NO_GRUB_DRIVERS_EMBEDDED -D LESS_DEBUG -t GCC131 | --cmd-len=50000 -D NO_GRUB_DRIVERS_EMBEDDED -D LESS_DEBUG --conf=/Users/sergey/src/CloverBootloader/Conf -D USE_LOW_EBDA -a X64 -b RELEASE -t GCC131 -n 5 | OS: 15]
0:104  0:000  === [ Get Smbios ] ==============================
0:104  0:000  Type 16 Index = 0
0:104  0:000  Total Memory Slots Count = 4
0:104  0:000  Type 17 Index = 0
0:104  0:000  SmbiosTable.Type17->SlotIndex = 0
0:104  0:000  SmbiosTable.Type17->ModuleSize = 8192MB
0:104  0:000  SmbiosTable.Type17->Type = 0
0:104  0:000  SmbiosTable.Type17->Frequency = 3200MHz
0:104  0:000  SmbiosTable.Type17->Bank/Device = BANK 0 ChannelA-DIMM1
0:104  0:000  SmbiosTable.Type17->Vendor = Corsair
0:104  0:000  SmbiosTable.Type17->SerialNo = 00000000
0:104  0:000  SmbiosTable.Type17->PartNo = CMK16GX4M2K4266C19
0:104  0:000  Type 17 Index = 1
0:104  0:000  SmbiosTable.Type17->SlotIndex = 1
0:104  0:000  SmbiosTable.Type17->ModuleSize = 8192MB
0:104  0:000  SmbiosTable.Type17->Type = 0
0:104  0:000  SmbiosTable.Type17->Frequency = 3200MHz
0:104  0:000  SmbiosTable.Type17->Bank/Device = BANK 1 ChannelA-DIMM2
0:104  0:000  SmbiosTable.Type17->Vendor = Corsair
0:104  0:000  SmbiosTable.Type17->SerialNo = 00000000
0:104  0:000  SmbiosTable.Type17->PartNo = CMK16GX4M2K4266C19
0:104  0:000  Type 17 Index = 2
0:104  0:000  Ignoring insane frequency value 0MHz
0:104  0:000  Type 17 Index = 3
0:104  0:000  Ignoring insane frequency value 0MHz
0:104  0:000  Boot status=0
0:104  0:000  Running on: 'System Product Name' with board 'PRIME Z390-A'
0:104  0:000  === [ GetCPUProperties ] ========================
0:104  0:000  CPU Vendor = 756E6547 Model=906EC
0:104  0:000   The CPU supported SSE4.1
0:104  0:000   The CPU supported RDRAND
0:104  0:000  BrandString = Intel(R) Core(TM) i7-9700K CPU @ 3.60GHz
0:104  0:000   The CPU supported turbo
0:104  0:000   Energy PerfBias is  visible:
0:104  0:000  MSR 0x35               80008
0:104  0:000   TSC/CCC Information Leaf:
0:104  0:000    numerator     : 300
0:104  0:000    denominator   : 2
0:104  0:000   Calibrated ARTFrequency: 24003272
0:104  0:000   Rounded ARTFrequency: 24000000
0:104  0:000  MSR 0xE2 before patch 1E000000
0:104  0:000  MSR 0xCE              08080838_F1012400
0:104  0:000  corrected FLEX_RATIO = E0000
0:104  0:000  MSR 0x1B0             00000000
0:104  0:000  FSBFrequency = 108 MHz, DMI FSBFrequency = 100 MHz, Corrected FSBFrequency = 100 MHz
0:104  0:000  MaxDiv/MinDiv: 36.0/8
0:104  0:000  Turbo: 47/49/49/49
0:104  0:000  Features: 0x77FAFBFFBFEBFBFF
0:104  0:000  Threads: 8
0:104  0:000  Cores: 8
0:104  0:000  FSB: 100 MHz
0:104  0:000  CPU: 3861 MHz
0:104  0:000  TSC: 3861 MHz
0:104  0:000  PIS: 100 MHz
0:104  0:000  ExternalClock: 25 MHz
0:104  0:000  === [ GetDevices ] ==============================
0:104  0:000  GOP found at: PciRoot(0x0)/Pci(0x1,0x0)/Pci(0x0,0x0)/AcpiAdr(0x80010302)
0:104  0:000  PCI (00|00:00.00) : 8086 3E30 class=060000
0:104  0:000  PCI (00|00:01.00) : 8086 1901 class=060400
0:104  0:000  PCI (00|01:00.00) : 1002 67DF class=030000
0:104  0:000   - GFX: Model=AMD Radeon RX 480/570/580 (ATI/AMD)
0:104  0:000   - GOP: Provided by device
0:104  0:000  PCI (00|01:00.01) : 1002 AAF0 class=040300
0:104  0:000   - HDMI Audio: 
0:104  0:000  PCI (00|00:02.00) : 8086 3E98 class=038000
0:104  0:000   - GFX: Model=Intel UHD Graphics 630 (Intel)
0:104  0:000  PCI (00|00:14.00) : 8086 A36D class=0C0330
0:104  0:000  PCI (00|00:14.02) : 8086 A36F class=050000
0:104  0:000  PCI (00|00:16.00) : 8086 A360 class=078000
0:104  0:000  PCI (00|00:17.00) : 8086 A352 class=010601
0:104  0:000  PCI (00|00:1B.00) : 8086 A340 class=060400
0:104  0:000  PCI (00|00:1C.00) : 8086 A338 class=060400
0:104  0:000  PCI (00|00:1D.00) : 8086 A330 class=060400
0:104  0:000  PCI (00|04:00.00) : 144D A808 class=010802
0:104  0:000  PCI (00|00:1F.00) : 8086 A305 class=060100
0:104  0:000  PCI (00|00:1F.03) : 8086 A348 class=040300
0:104  0:000  PCI (00|00:1F.04) : 8086 A323 class=0C0500
0:104  0:000  PCI (00|00:1F.05) : 8086 A324 class=0C8000
0:104  0:000  PCI (00|00:1F.06) : 8086 15BC class=020000
0:104  0:000   - LAN: 1 Vendor=Intel
0:104  0:000  Legacy MAC address of LAN #0= 40:B0:76:DE:9E:93:
0:105  0:000  _checkOEMPath Look for oem dir at path '\EFI\CLOVER\OEM\System Product Name--40-B0-76-DE-9E-93'. Dir doesn't exist.
0:105  0:000  _checkOEMPath Look for oem dir at path '\EFI\CLOVER\OEM\PRIME Z390-A\UEFI'. Dir doesn't exist.
0:105  0:000  _checkOEMPath Look for oem dir at path '\EFI\CLOVER\OEM\System Product Name'. Dir doesn't exist.
0:105  0:000  _checkOEMPath Look for oem dir at path '\EFI\CLOVER\OEM\System Product Name-3861'. Dir doesn't exist.
0:105  0:000  _checkOEMPath Look for oem dir at path '\EFI\CLOVER\OEM\PRIME Z390-A'. Dir doesn't exist.
0:105  0:000  _checkOEMPath Look for oem dir at path '\EFI\CLOVER\OEM\PRIME Z390-A-3861'. Dir doesn't exist.
0:105  0:000  === [ GetUserSettings ] =========================
0:105  0:000  GetDefaultModel()=iMac18,3
0:105  0:000  === [ LoadUserSettings ] ========================
0:106  0:001  Using config.plist at path: \EFI\CLOVER
0:106  0:000  === [ LoadUserSettings ] ========================
0:107  0:000  Cannot find smbios.plist at path '\EFI\CLOVER' : Not Found
0:107  0:000  '\EFI\CLOVER\smbios.plist' not loaded. Efi error Not Found
0:107  0:000  create SMBIOS list, found 27 dicts
0:107  0:000  ... ACPI
0:107  0:000  ... Boot
0:107  0:000  ... BootGraphics
0:107  0:000  ... Devices
0:107  0:000  ... DisableDrivers
0:107  0:000  ... GUI
0:107  0:000  ... Graphics
0:107  0:000  ... KernelAndKextPatches
0:107  0:000  ... SMBIOS
0:107  0:000  ... SystemParameters
0:107  0:000  ... RtVariables
0:107  0:000  ... Quirks
0:107  0:000  get model from config.plist
0:107  0:000  Using latest BiosVersion from config instead of default 'IM191.88Z.F000.B00.2302212211'
0:116  0:009  Using latest BiosReleaseDate from config instead of default '02/21/2023'
0:120  0:003  Using latest EfiVersion from config instead of default '1968.100.16.0.1'
0:124  0:004  BiosVersion: IM191.88Z.F000.B00.2308061817
0:128  0:004  BiosReleaseDate: 08/06/2023
0:132  0:004  EfiVersion: 2020.40.3.0.0
0:136  0:004  Calibrated TSC Frequency = 3600490920 = 3600MHz
0:140  0:004  === [ GetListOfThemes ] =========================
0:144  0:004  - [00]: random
0:153  0:008  - [00]: embedded
0:161  0:008  === [ Found config plists ] =====================
0:165  0:004  - config.plist
0:169  0:003  - config-sample.plist
0:173  0:004  - config_old.plist
0:177  0:004  === [ LoadDrivers ] =============================
0:182  0:004  Loading NvmExpressDxe.efi status=Success
0:195  0:013   - driver needs connecting
0:200  0:004  Loading EnglishDxe.efi status=Success
0:212  0:012  Loading VBoxHfs.efi status=Success
0:226  0:013   - driver needs connecting
0:229  0:003  Loading PartitionDxe.efi status=Success
0:242  0:012   - driver needs connecting
0:246  0:004  Loading ApfsDriverLoader.efi status=Success
0:259  0:013   - driver needs connecting
0:264  0:004  4 drivers needs connecting ...
0:264  0:000  PlatformDriverOverrideProtocol not found. Installing ... Success
0:265  0:000  Partition driver loaded: 
0:265  0:000  HFS+ driver loaded
0:265  0:000  APFS driver loaded
0:265  0:000  Searching for invalid DiskIo BY_DRIVER connects: not found, all ok
0:485  0:220  === [ InitScreen ] ==============================
0:489  0:004  Console modes reported: 4, available modes:
0:494  0:004   - [01]: 80x25 (current mode)
0:498  0:004   - [03]: 100x31
0:502  0:004   - [04]: 170x40
0:506  0:003  SetScreenResolution: 1920x1080 - not found!
0:514  0:008  SetMaxResolution: found best mode 0: 1366x768
0:522  0:008   - already set
0:527  0:005  Using embedded font
0:532  0:004  === [ ScanSPD ] =================================
0:536  0:004  SMBus device : 8086 A323 class=0C0500 status=Success
0:540  0:004  SMBus CmdReg: 0x3
0:544  0:004  Scanning SMBus [8086:A323], mmio: 0x12116004, ioport: 0xEFA0, hostc: 0x11
0:548  0:004  Slots to scan [8]...
0:553  0:004  SPD[0]: Got invalid type 0 @0x50. Will set page and retry.
0:558  0:004  SPD[0]: Type 12 @0x50
0:579  0:021  XMP Profile1: 4*125 -31 ns
0:583  0:004  Found module with XMP version 2.0
0:587  0:004  Using XMP Profile1 instead of standard frequency 2132MHz
0:594  0:006  DDR speed 4264MHz
0:600  0:006  Slot: 0 Type 26 8192MB 4264MHz Vendor=Corsair PartNo=CMK16GX4M2K4266C19 SerialNo=00000000
0:605  0:004  SPD[1]: Type 12 @0x51
0:627  0:021  XMP Profile1: 4*125 -31 ns
0:630  0:003  Found module with XMP version 2.0
0:636  0:005  Using XMP Profile1 instead of standard frequency 2132MHz
0:640  0:004  DDR speed 4264MHz
0:644  0:003  Slot: 1 Type 26 8192MB 4264MHz Vendor=Corsair PartNo=CMK16GX4M2K4266C19 SerialNo=00000000
0:649  0:004  === [ GetAcpiTablesList ] =======================
0:653  0:003  Get Acpi Tables List from RSDT: count=24
0:661  0:008   - [00]: FACP  A M I  len=132
0:665  0:003   - [01]: APIC  A M I  len=188
0:669  0:003   - [02]: FPDT  A M I  len=68
0:673  0:004   - [03]: FIDT  A M I len=156
0:677  0:004   - [04]: MCFG  A M I  len=60
0:681  0:004   - [05]: WSMT  A M I  len=40
0:685  0:004   - [06]: SSDT  SataTabl len=888
0:689  0:003   - [07]: SSDT  CpuSsdt len=6101
0:693  0:003   - [08]: SSDT  SaSsdt  len=12443
0:697  0:003   - [09]: SSDT  PegSsdt len=9048
0:701  0:004   - [10]: HPET  A M I  len=56
0:705  0:004   - [11]: SSDT  Ther_Rvp len=3998
0:709  0:003   - [12]: SSDT  xh_cfsd4 len=10579
0:713  0:004   - [13]: UEFI  A M I  len=72
0:717  0:004   - [14]: LPIT  A M I  len=92
0:721  0:004   - [15]: SSDT  PtidDevc len=10206
0:725  0:003   - [16]: SSDT  TbtTypeC len=4094
0:729  0:003   - [17]: DBGP  A M I  len=52
0:733  0:003   - [18]: DBG2  A M I  len=84
0:737  0:004   - [19]: SSDT  UsbCTabl len=6449
0:741  0:003   - [20]: SSDT  ADebTabl len=324
0:745  0:003   - [21]: VFCT  A M I  len=59524
0:749  0:004   - [22]: BGRT  A M I  len=56
0:753  0:004   - [23]: WPBT  A M I len=60
0:757  0:004   - [00]: Drop table : MATS,                0 :  no
0:765  0:007   - [01]: Drop table : DMAR,                0 :  no
0:773  0:008  Custom boot CUSTOM_BOOT_DISABLED (0x0)
0:777  0:004  Default theme: embedded
0:781  0:004  Set FakeCPUID: 0x0
0:786  0:004  === [ Found DSDT tables ] =======================
0:791  0:004  === [ InitKextList ] ============================
0:796  0:004  Added Kext=Other\USBMapDummy.kext (1.0)
0:800  0:004  Added Kext=Other\RadeonMonitor.kext (1.3.5)
0:805  0:004  Added Kext=Other\FakeSMC.kext (3.5.6)
0:810  0:004  Added Kext=Other\IntelCPUMonitor.kext (1.2.6)
0:815  0:005  === [ ScanVolumes ] =============================
0:820  0:004  Found 12 volumes with blockIO
0:824  0:003  - [00]: Volume: PciRoot(0x0)\Pci(0x17,0x0)\Sata(0x0,0xFFFF,0x0)
0:832  0:008  - [01]: Volume: PciRoot(0x0)\Pci(0x17,0x0)\Sata(0x0,0xFFFF,0x0)\HD(1,GPT,38DCC513-D608-408E-9D2F-1469C8B906A0,0x28,0x64000)
0:841  0:008          Result of bootcode detection: bootable unknown (legacy)
0:846  0:005            label : EFI
0:850  0:004  - [02]: Volume: PciRoot(0x0)\Pci(0x17,0x0)\Sata(0x0,0xFFFF,0x0)\HD(2,GPT,C20AA839-E88E-4CED-8CAB-9480B290394C,0x64028,0x15D466360)
0:875  0:025            label : Dati
0:879  0:004  - [03]: Volume: PciRoot(0x0)\Pci(0x1D,0x0)\Pci(0x0,0x0)\NVMe(0x1,CA-8F-B2-81-58-38-25-00)
0:888  0:008  - [04]: Volume: PciRoot(0x0)\Pci(0x1D,0x0)\Pci(0x0,0x0)\NVMe(0x1,CA-8F-B2-81-58-38-25-00)\HD(1,GPT,6E40A227-DDED-4325-B7CE-3959620EB39E,0x28,0x64000)
0:895  0:007          Result of bootcode detection: bootable unknown (legacy)
0:900  0:004            label : EFI
0:904  0:004          This is SelfVolume !!
0:908  0:003  - [05]: Volume: PciRoot(0x0)\Pci(0x1D,0x0)\Pci(0x0,0x0)\NVMe(0x1,CA-8F-B2-81-58-38-25-00)\HD(2,GPT,9508A8C6-F9B9-4EDD-ABC7-C1C4A019C410,0x64028,0x3A321FE0)
0:916  0:008          Result of bootcode detection: bootable unknown (legacy)
0:920  0:003  - [06]: Volume: PciRoot(0x0)\Pci(0x1D,0x0)\Pci(0x0,0x0)\NVMe(0x1,CA-8F-B2-81-58-38-25-00)\HD(2,GPT,9508A8C6-F9B9-4EDD-ABC7-C1C4A019C410,0x64028,0x3A321FE0)\VenMedia(BE74FCF7-0B7C-49F3-9147-01F4042E6842,F2738F7DD5B89341BB89C99D72294438)
0:931  0:011            apfsFileSystemUUID=7D8F73F2-B8D5-4193-BB89-C99D72294438, ApfsContainerUUID=85F3C012-2D6D-4FA1-A77E-71D7470E7FA2, ApfsRole=0x10
0:935  0:004            label : Preboot
0:939  0:003  - [07]: Volume: PciRoot(0x0)\Pci(0x1D,0x0)\Pci(0x0,0x0)\NVMe(0x1,CA-8F-B2-81-58-38-25-00)\HD(2,GPT,9508A8C6-F9B9-4EDD-ABC7-C1C4A019C410,0x64028,0x3A321FE0)\VenMedia(BE74FCF7-0B7C-49F3-9147-01F4042E6842,5D6490A424B7BC4F9AC8F7A23B1C4935)
0:947  0:008            apfsFileSystemUUID=A490645D-B724-4FBC-9AC8-F7A23B1C4935, ApfsContainerUUID=85F3C012-2D6D-4FA1-A77E-71D7470E7FA2, ApfsRole=0x40
0:960  0:012            label : Macintosh HD - Dati
0:964  0:004  - [08]: Volume: PciRoot(0x0)\Pci(0x1D,0x0)\Pci(0x0,0x0)\NVMe(0x1,CA-8F-B2-81-58-38-25-00)\HD(2,GPT,9508A8C6-F9B9-4EDD-ABC7-C1C4A019C410,0x64028,0x3A321FE0)\VenMedia(BE74FCF7-0B7C-49F3-9147-01F4042E6842,B6D67091A529BA4BA6736F0E24A99093)
0:972  0:008            apfsFileSystemUUID=9170D6B6-29A5-4BBA-A673-6F0E24A99093, ApfsContainerUUID=85F3C012-2D6D-4FA1-A77E-71D7470E7FA2, ApfsRole=0x4
0:976  0:004            label : Recovery
0:980  0:003  - [09]: Volume: PciRoot(0x0)\Pci(0x1D,0x0)\Pci(0x0,0x0)\NVMe(0x1,CA-8F-B2-81-58-38-25-00)\HD(2,GPT,9508A8C6-F9B9-4EDD-ABC7-C1C4A019C410,0x64028,0x3A321FE0)\VenMedia(BE74FCF7-0B7C-49F3-9147-01F4042E6842,C30BF988C32C724BB297A45648EE79C3)
0:991  0:010            apfsFileSystemUUID=88F90BC3-2CC3-4B72-B297-A45648EE79C3, ApfsContainerUUID=85F3C012-2D6D-4FA1-A77E-71D7470E7FA2, ApfsRole=0x1
1:002  0:011            label : Macintosh HD
1:006  0:003  - [10]: Volume: PciRoot(0x0)\Pci(0x1D,0x0)\Pci(0x0,0x0)\NVMe(0x1,CA-8F-B2-81-58-38-25-00)\HD(2,GPT,9508A8C6-F9B9-4EDD-ABC7-C1C4A019C410,0x64028,0x3A321FE0)\VenMedia(BE74FCF7-0B7C-49F3-9147-01F4042E6842,982FC8B0B1F22A41B736D33F4320CF33)
1:014  0:008            apfsFileSystemUUID=B0C82F98-F2B1-412A-B736-D33F4320CF33, ApfsContainerUUID=85F3C012-2D6D-4FA1-A77E-71D7470E7FA2, ApfsRole=0xc0
1:019  0:004            label : Update
1:023  0:004  - [11]: Volume: PciRoot(0x0)\Pci(0x1D,0x0)\Pci(0x0,0x0)\NVMe(0x1,CA-8F-B2-81-58-38-25-00)\HD(2,GPT,9508A8C6-F9B9-4EDD-ABC7-C1C4A019C410,0x64028,0x3A321FE0)\VenMedia(BE74FCF7-0B7C-49F3-9147-01F4042E6842,D0BFA628AA2C7548AE15EA6E25144D32)
1:032  0:008            apfsFileSystemUUID=28A6BFD0-2CAA-4875-AE15-EA6E25144D32, ApfsContainerUUID=85F3C012-2D6D-4FA1-A77E-71D7470E7FA2, ApfsRole=0x8
1:036  0:004            label : VM
1:040  0:004  No AudioIoProtocols, status=Not Found
1:044  0:004  === [ InitXTheme ] ==============================
1:048  0:004  use Daylight theme
1:052  0:004   using embedded theme
1:065  0:012  Using embedded font
1:070  0:004  theme inited
1:074  0:004  Chosen embedded theme
1:078  0:004  after NVRAM boot-args=dart=0 -v
1:082  0:004  Scanning legacy ...
1:086  0:004  === [ Dump SMC keys from NVRAM ] ================
1:090  0:004  found AppleSMC protocol
1:102  0:012     fakesmc-key-RVBF-ch8*:02 46 0F 00 00 12 
1:137  0:035     fakesmc-key-#KEY-ui32:00 00 00 11 
1:163  0:025     fakesmc-key-$Adr-ui32:00 00 03 00 
1:189  0:026     fakesmc-key-$Num-ui8:01 
1:203  0:013     fakesmc-key-RMde-char:41 
1:217  0:013     fakesmc-key-RBr -ch8*:6A 31 33 38 5F 39 00 00 
1:259  0:042     fakesmc-key-EPCI-ui32:09 D0 F0 00 
1:284  0:025     fakesmc-key-REV -ch8*:02 46 0F 00 00 12 
1:317  0:033     fakesmc-key-RPlt-ch8*:6A 31 33 38 00 00 00 00 
1:359  0:041     fakesmc-key-BEMB-flag:00 
1:372  0:013     fakesmc-key-BATP-flag:00 
1:386  0:013     fakesmc-key-BNum-ui8:00 
1:399  0:013     fakesmc-key-MSTc-ui8:00 
1:413  0:013     fakesmc-key-MSAc-ui16:00 00 
1:430  0:017     fakesmc-key-MSWr-ui8:00 
1:444  0:013     fakesmc-key-MSFW-ui8:01 00 
1:461  0:017     fakesmc-key-MSPS-ui16:00 03 
1:485  0:023  Registered 17 SMC keys
1:493  0:008  === [ ScanLoader ] ==============================
1:497  0:004  - [01]: 'EFI'
1:522  0:025  - [02]: 'Dati'
1:550  0:027  - [04]: 'EFI'
1:562  0:012        AddLoaderEntry for Volume Name=EFI, idx=0
1:566  0:004        OSVersion= 
1:570  0:004        IconName=unknown comma=-1 size=7
1:574  0:004        Full=unknown
1:578  0:004        Loader entry created for 'PciRoot(0x0)\Pci(0x1D,0x0)\Pci(0x0,0x0)\NVMe(0x1,CA-8F-B2-81-58-38-25-00)\HD(1,GPT,6E40A227-DDED-4325-B7CE-3959620EB39E,0x28,0x64000)\EFI\BOOT\BOOTX64.efi'
1:583  0:004       hiding entry: \EFI\BOOT\BOOTX64.efi
1:587  0:004        Menu entry added at index 0
1:591  0:003       hiding entry because DiskKind is DISK_KIND_INTERNAL: \EFI\BOOT\BOOTX64.efi
1:595  0:004  - [06]: 'Preboot'
1:603  0:008      ApfsContainerUUID=85F3C012-2D6D-4FA1-A77E-71D7470E7FA2
1:607  0:003      ApfsFileSystemUUID=7D8F73F2-B8D5-4193-BB89-C99D72294438
1:611  0:004      APFSTargetUUID=A490645D-B724-4FBC-9AC8-F7A23B1C4935
1:615  0:004        contentDetails name:Macintosh HD
1:619  0:004        AddLoaderEntry for Volume Name=Preboot, idx=1
1:624  0:004        OSVersion=14.4 
1:628  0:004        Check if volume Is Hibernated:
1:633  0:005        Check sleep image 'by signature':
1:637  0:004        using default sleep image name = \private\var\vm\sleepimage
1:641  0:004        cannot open sleepimage -> Not Found
1:645  0:004        hibernated: no - sign
1:649  0:003        IconName=sonoma,mac comma=6 size=10
1:653  0:003        first=os_sonoma
1:657  0:003        Second=os_mac
1:661  0:004        IconName=unknown comma=-1 size=7
1:665  0:003        Full=unknown
1:669  0:003        Loader entry created for 'PciRoot(0x0)\Pci(0x1D,0x0)\Pci(0x0,0x0)\NVMe(0x1,CA-8F-B2-81-58-38-25-00)\HD(2,GPT,9508A8C6-F9B9-4EDD-ABC7-C1C4A019C410,0x64028,0x3A321FE0)\VenMedia(BE74FCF7-0B7C-49F3-9147-01F4042E6842,F2738F7DD5B89341BB89C99D72294438)\A490645D-B724-4FBC-9AC8-F7A23B1C4935\System\Library\CoreServices\boot.efi'
1:674  0:005        Menu entry added at index 1
1:678  0:004  - [07]: 'Macintosh HD - Dati'
1:686  0:007      ApfsContainerUUID=85F3C012-2D6D-4FA1-A77E-71D7470E7FA2
1:690  0:004      ApfsFileSystemUUID=A490645D-B724-4FBC-9AC8-F7A23B1C4935
1:694  0:003  - [08]: 'Recovery'
1:702  0:008      ApfsContainerUUID=85F3C012-2D6D-4FA1-A77E-71D7470E7FA2
1:706  0:004      ApfsFileSystemUUID=9170D6B6-29A5-4BBA-A673-6F0E24A99093
1:710  0:004      APFSTargetUUID=A490645D-B724-4FBC-9AC8-F7A23B1C4935
1:714  0:003        contentDetails name:Macintosh HD
1:719  0:004        AddLoaderEntry for Volume Name=Recovery, idx=2
1:723  0:004        OSVersion=14.4 
1:727  0:004        IconName=sonoma,mac comma=6 size=10
1:731  0:003        first=os_sonoma
1:735  0:003        Second=os_mac
1:739  0:003        IconName=unknown comma=-1 size=7
1:746  0:007        Full=unknown
1:753  0:006        Loader entry created for 'PciRoot(0x0)\Pci(0x1D,0x0)\Pci(0x0,0x0)\NVMe(0x1,CA-8F-B2-81-58-38-25-00)\HD(2,GPT,9508A8C6-F9B9-4EDD-ABC7-C1C4A019C410,0x64028,0x3A321FE0)\VenMedia(BE74FCF7-0B7C-49F3-9147-01F4042E6842,B6D67091A529BA4BA6736F0E24A99093)\A490645D-B724-4FBC-9AC8-F7A23B1C4935\BaseSystem.dmg'
1:758  0:004        Menu entry added at index 2
1:762  0:003  - [09]: 'Macintosh HD'
1:770  0:007      ApfsContainerUUID=85F3C012-2D6D-4FA1-A77E-71D7470E7FA2
1:774  0:004      ApfsFileSystemUUID=88F90BC3-2CC3-4B72-B297-A45648EE79C3
1:782  0:007  - [10]: 'Update'
1:790  0:007      ApfsContainerUUID=85F3C012-2D6D-4FA1-A77E-71D7470E7FA2
1:794  0:004      ApfsFileSystemUUID=B0C82F98-F2B1-412A-B736-D33F4320CF33
1:798  0:004  - [11]: 'VM'
1:812  0:013      ApfsContainerUUID=85F3C012-2D6D-4FA1-A77E-71D7470E7FA2
1:818  0:006      ApfsFileSystemUUID=28A6BFD0-2CAA-4875-AE15-EA6E25144D32
1:822  0:004  Entries list before ordering
1:826  0:004      Entry 0 : Boot UEFI internal from EFI (hidden)
1:830  0:004      Entry 1 : Boot Mac OS from Macintosh HD via Preboot
1:834  0:004      Entry 2 : Boot Mac OS Recovery for Macintosh HD via Recovery
1:838  0:003  Entries list after ordering
1:842  0:004    Entry 0 : Boot UEFI internal from EFI (hidden)
1:846  0:004    Entry 1 : Boot Mac OS from Macintosh HD via Preboot
1:851  0:004    Entry 2 : Boot Mac OS Recovery for Macintosh HD via Recovery
1:855  0:004  === [ AddCustomTool ] ===========================
1:859  0:004  found tool \EFI\CLOVER\tools\Shell64U.efi
1:863  0:004  Checking EFI partition Volume 1 for Clover
1:868  0:005   Found Clover
1:872  0:004  === [ GetEfiBootDeviceFromNvram ] ===============
1:877  0:004  Got efi-boot-device-data size=276
1:881  0:003   - efi-boot-device-data: PciRoot(0x0)\Pci(0x1D,0x0)\Pci(0x0,0x0)\SasEx(0x0100000000253858,0x81B28FCA7074616C,0x0,NoTopology,0,0,0)\HD(2,GPT,9508A8C6-F9B9-4EDD-ABC7-C1C4A019C410,0x64028,0x3A321FE0)\VenMedia(BE74FCF7-0B7C-49F3-9147-01F4042E6842,F2738F7DD5B89341BB89C99D72294438)\A490645D-B724-4FBC-9AC8-F7A23B1C4935\System\Library\CoreServices\boot.efi
1:885  0:004    - Volume: 'PciRoot(0x0)\Pci(0x1D,0x0)\Pci(0x0,0x0)\SasEx(0x0100000000253858,0x81B28FCA7074616C,0x0,NoTopology,0,0,0)\HD(2,GPT,9508A8C6-F9B9-4EDD-ABC7-C1C4A019C410,0x64028,0x3A321FE0)\VenMedia(BE74FCF7-0B7C-49F3-9147-01F4042E6842,F2738F7DD5B89341BB89C99D72294438)'
1:889  0:003    - LoaderPath: '\A490645D-B724-4FBC-9AC8-F7A23B1C4935\System\Library\CoreServices\boot.efi'
1:893  0:004    - Guid = 9508A8C6-F9B9-4EDD-ABC7-C1C4A019C410
1:897  0:003  === [ FindStartupDiskVolume ] ===================
1:901  0:004    - Volume: partition = PciRoot(0x0)\Pci(0x1D,0x0)\Pci(0x0,0x0)\SasEx(0x0100000000253858,0x81B28FCA7074616C,0x0,NoTopology,0,0,0)\HD(2,GPT,9508A8C6-F9B9-4EDD-ABC7-C1C4A019C410,0x64028,0x3A321FE0)\VenMedia(BE74FCF7-0B7C-49F3-9147-01F4042E6842,F2738F7DD5B89341BB89C99D72294438)
1:905  0:004     - searching for that partition and loader '\A490645D-B724-4FBC-9AC8-F7A23B1C4935\System\Library\CoreServices\boot.efi'
1:909  0:004      - [!] not found
1:913  0:003     - searching again, but comparing Media dev path nodes
1:917  0:003    checking '7D8F73F2-B8D5-4193-BB89-C99D72294438'
1:921  0:003    checking '9170D6B6-29A5-4BBA-A673-6F0E24A99093'
1:925  0:003      - [!] not found
1:928  0:003     - searching for that partition
1:932  0:003      - [!] not found
1:936  0:004     - searching again, but comparing Media dev path nodes
1:940  0:004      - found entry 0. 'Boot Mac OS from Macintosh HD via Preboot', Volume 'Preboot'
1:944  0:004  Boot redirected to Entry 0. 'Boot Mac OS from Macintosh HD via Preboot'
1:949  0:004  BannerPlace at Clear Screen [619,68]
1:971  0:022  GUI ready
4:717  2:745  Boot option 0 has other volume name Macintosh HDboot.efi
4:722  0:004  === [ StartLoader ] =============================
4:726  0:004  Starting PciRoot(0x0)\Pci(0x1D,0x0)\Pci(0x0,0x0)\NVMe(0x1,CA-8F-B2-81-58-38-25-00)\HD(2,GPT,9508A8C6-F9B9-4EDD-ABC7-C1C4A019C410,0x64028,0x3A321FE0)\VenMedia(BE74FCF7-0B7C-49F3-9147-01F4042E6842,F2738F7DD5B89341BB89C99D72294438)\A490645D-B724-4FBC-9AC8-F7A23B1C4935\System\Library\CoreServices\boot.efi
4:730  0:004  Finally: ExternalClock=26MHz BusSpeed=100014kHz CPUFreq=3600MHz PIS: hw.busfrequency=104000000Hz
4:739  0:008  Beginning OC
4:743  0:004  OCST: Missing vault data, ignoring...
4:748  0:004  AddKextsInArray from Other
4:752  0:004  ->Extra kext: Other\USBMapDummy.kext (v.1.0)
4:756  0:004  ->Extra kext: Other\RadeonMonitor.kext (v.1.3.5)
4:760  0:004  ->Extra kext: Other\FakeSMC.kext (v.3.5.6)
4:764  0:004  ->Extra kext: Other\IntelCPUMonitor.kext (v.1.2.6)
4:769  0:004  AddKextsInArray from Off
4:772  0:003  AddKextsInArray from 14
4:776  0:004  AddKextsInArray from 14_normal
4:781  0:004  AddKextsInArray from 14.4
4:787  0:006  AddKextsInArray from 14.4_normal
4:793  0:006  AddKextsInArray from 14.4.0
4:797  0:003  AddKextsInArray from 14.4.0_normal
4:801  0:003  Bridge kext to OC : Path=Other\FakeSMC.kext
4:807  0:005  Bridge kext to OC : Path=Other\USBMapDummy.kext
4:812  0:005  Bridge kext to OC : Path=Other\RadeonMonitor.kext
4:816  0:004  Bridge kext to OC : Path=Other\IntelCPUMonitor.kext
4:822  0:005  Start 'OpenRuntime.efi' : Status Success
4:826  0:003  OC: config config.plist
4:830  0:004  OC: Got 0 drivers
4:834  0:003  OC: OpenCore DBG-102-2024-09-12 is loading in Optional mode (0/0)...
4:838  0:004  OC: StorageHandle 0 with  LauncherOption pointing to 
4:843  0:004  OcOSInfoInstallProtocol
4:847  0:004  OCRTC: OcAppleRtcRamInstallProtocol
4:851  0:004  OCRTC: Wake log is 0x00 0x00   0 0x00
4:855  0:004  OcAppleFbInfoInstallProtocol
4:859  0:003  OcAppleEg2InfoInstallProtocol
4:863  0:004  OC: Loading Apple Secure Boot with Disabled (level 0)
4:868  0:004  OCABC: ALRBL 0 RTDFRG 1 DEVMMIO 0 NOSU 0 NOVRWR 0 NOSB 0 FBSIG 0 NOHBMAP 0 SMSLIDE 1 WRUNPROT 1
4:872  0:004  OCABC: FEXITBS 0 PRMRG 0 CSLIDE 0 MSLIDE 0 PRSRV 0 RBMAP 0 VMAP 1 APPLOS 0 RTPERMS 1 ARBAR -1 RBIO 0
4:876  0:003  OCABC: Got rendezvous with OpenRuntime r12
4:880  0:004  OCABC: MAT support is 1
4:884  0:004  OC: RequestBootVarRouting 0
4:889  0:004  OCDM: Found 0x20046/0x2003C UEFI version (376 bytes, 0 rebuilding to 376) gST 7AB3C018 gBS 6D89B3A0 gBS->CreateEventEx 6D889904 &gBS 6D5732C0
4:893  0:004  OC: Setting GPU BARs to 0
4:897  0:004  OCDM: RBAR using PciIo
4:901  0:004  OCDM: Setting RBAR to 0 inc 1 on 3/18
4:908  0:006  OCDM: Capability I/O error - Unsupported
4:914  0:006  OCDM: RBAR is unsupported by device - Device Error
4:919  0:004  OCDM: Setting RBAR to 0 inc 1 on 5/18
4:923  0:004  OCDM: Capability I/O error - Unsupported
4:927  0:004  OCDM: RBAR is unsupported by device - Device Error
4:932  0:004  OC: Got 0 drivers
4:936  0:004  OCC: Installing GOP (Unsupported) on ConsoleOutHandle...
4:940  0:004  OC: Requested resolution is 1920x1080@0 (max: 0, force: 0) from 1920x1080
4:944  0:003  OCC: Using builtin text renderer with 1 scale
4:948  0:004  OCC: Install console control (6D55E3D0/6D882D88/0), current - Success
4:952  0:004  OCC: Setup ASCII Output - Success
4:956  0:004  OC: Requested console mode is 0x0 (max: 0) from 
4:960  0:004  OC: Invalid HibernateMode: 
4:964  0:003  OC: Translated HibernateMode  to 0
4:968  0:003  OC: Hibernation activation - Invalid Parameter, hibernation wake - no
4:972  0:004  OC: Panic log does not exist
4:976  0:003  OCABC: IsEfiBootRt 0 (BP 1, Apple 0)
4:981  0:005  OCB: Arch filtering 72C7D018(723512)->72C7D018(723512) caps 0 - Success
4:986  0:004  ImageHandle = 76264118
4:994  0:008  GetOSVersion: 14.4 (s)
5:002  0:008  Will not patch boot.efi
5:006  0:003  Using latest BiosVersion from config instead of default 'IM191.88Z.F000.B00.2302212211'
5:010  0:003  Using latest BiosReleaseDate from config instead of default '02/21/2023'
5:014  0:003  Using latest EfiVersion from config instead of default '1968.100.16.0.1'
5:018  0:004  BiosVersion: IM191.88Z.F000.B00.2308061817
5:022  0:003  BiosReleaseDate: 08/06/2023
5:026  0:004  EfiVersion: 2020.40.3.0.0
5:030  0:004  SMBIOS reloaded with model iMac19,1
5:034  0:004  Set FakeCPUID: 0x0
5:038  0:004  === [ PatchSmbios ] =============================
5:042  0:004  UpdateSmbiosString : BiosVersion=EfiVersion=2020.40.3.0.0
5:046  0:003  UpdateSmbiosString : ReleaseDate=08/06/2023
5:050  0:003  void PatchTableType1(const SmbiosInjectedSettings&) : UpdateSmbiosString ProductName=iMac19,1
5:054  0:004  void PatchTableType2(const SmbiosInjectedSettings&) : UpdateSmbiosString ProductName=BoardNumber=Mac-AA95B1DDAB278B95
5:058  0:004  void PatchTableType2(const SmbiosInjectedSettings&) : UpdateSmbiosString Version=BoardVersion=iMac19,1
5:062  0:003  insert table 9 for dev 0:0
5:066  0:004  insert table 9 for dev 0:1
5:070  0:003  insert table 9 for dev 1F:6
5:074  0:004  Table 11 present, but rewritten for us
5:079  0:004  Do not inject memory table
5:083  0:003  Trusting SMBIOS...
5:087  0:003  Channels: 1
5:090  0:003  Interleave: 0 1 2 3
5:114  0:023  trusted SMBIOS data, table index 0:
5:118  0:003    gRAM.SMBIOS[0]->ModuleSize = 8192
5:122  0:004    gRAM.SMBIOS[0]->Type = 0
5:126  0:003    gRAM.SMBIOS[0]->Frequency = 3200
5:131  0:004    gRAM.SMBIOS[0]->Vendor = Corsair
5:135  0:004    gRAM.SMBIOS[0]->PartNo = CMK16GX4M2K4266C19
5:139  0:004    gRAM.SMBIOS[0]->SerialNo = 00000000
5:143  0:003  SPD data in use:
5:147  0:003    gRAM.SPD[0]->ModuleSize = 8192
5:151  0:004    gRAM.SPD[0]->Type = 26
5:155  0:003    gRAM.SPD[0]->Frequency = 4264
5:159  0:003    gRAM.SPD[0]->Vendor = Corsair
5:163  0:003    gRAM.SPD[0]->SerialNo = 00000000
5:167  0:004    gRAM.SPD[0]->PartNo = CMK16GX4M2K4266C19
5:171  0:003    SMBIOS Type 17 Index = 0 => SMBIOSIndex=0 SPDIndex=0:
5:175  0:003  BANK 0 DIMM0 4264MHz 8192MB(Ext:0MB)
5:179  0:003  trusted SMBIOS data, table index 1:
5:183  0:003    gRAM.SMBIOS[1]->ModuleSize = 8192
5:187  0:003    gRAM.SMBIOS[1]->Type = 0
5:191  0:004    gRAM.SMBIOS[1]->Frequency = 3200
5:195  0:003    gRAM.SMBIOS[1]->Vendor = Corsair
5:198  0:003    gRAM.SMBIOS[1]->PartNo = CMK16GX4M2K4266C19
5:202  0:004    gRAM.SMBIOS[1]->SerialNo = 00000000
5:206  0:003  SPD data in use:
5:210  0:003    gRAM.SPD[1]->ModuleSize = 8192
5:214  0:003    gRAM.SPD[1]->Type = 26
5:218  0:004    gRAM.SPD[1]->Frequency = 4264
5:222  0:003    gRAM.SPD[1]->Vendor = Corsair
5:226  0:003    gRAM.SPD[1]->SerialNo = 00000000
5:230  0:003    gRAM.SPD[1]->PartNo = CMK16GX4M2K4266C19
5:234  0:003    SMBIOS Type 17 Index = 1 => SMBIOSIndex=1 SPDIndex=1:
5:238  0:004  BANK 0 DIMM1 4264MHz 8192MB(Ext:0MB)
5:243  0:004  !trusted SMBIOS data, Table index 2:!gRAM.SMBIOS.doesSlotForIndexExist(SMBIOSIndex) 
5:254  0:011    SMBIOS Type 17 Index = 2 => SMBIOSIndex=2 SPDIndex=2:
5:262  0:007  BANK 0 DIMM2 EMPTY
5:269  0:006  !trusted SMBIOS data, Table index 3:!gRAM.SMBIOS.doesSlotForIndexExist(SMBIOSIndex) 
5:281  0:011    SMBIOS Type 17 Index = 3 => SMBIOSIndex=3 SPDIndex=3:
5:285  0:003  BANK 0 DIMM3 EMPTY
5:289  0:003  mTotalSystemMemory = 16384
5:292  0:003  NumberOfMemoryDevices = 4
5:297  0:004  Type20[0]->End = 0x7FFFFF, Type17[0] = 2000
5:301  0:004  Type20[1]->End = 0xFFFFFF, Type17[1] = 6000
5:305  0:004  Table 131 is present, CPUType=35
5:309  0:004  Change to: 1005
5:313  0:004  === [ PatchACPI ] ===============================
5:317  0:003  OCABC: AllocPages 1 0x7A345000 (1) - Success
5:321  0:004  Xsdt reallocation done
5:325  0:004  OCABC: AllocPages 1 0x7A344000 (1) - Success
5:329  0:004  old FADT length=114
5:333  0:004   SignatureFixup: 0xFA76D5ED -> 0x0
5:337  0:004  Found OperationRegion(GNVS, SystemMemory, 7A376000, ...)
5:341  0:004  Found OperationRegion(RAMW, SystemMemory, 7A37A018, ...)
5:346  0:004  Found OperationRegion(RAMX, SystemMemory, 7A2E2018, ...)
5:350  0:004  Found OperationRegion(PNVA, SystemMemory, 7A3D2B98, ...)
5:354  0:003  Found OperationRegion(THBA, SystemMemory, FE200000, ...)
5:359  0:004  Found OperationRegion(BNVS, SystemMemory, 7A38B000, ...)
5:362  0:003  Found OperationRegion(SMBD, SystemMemory, E00FC004, ...)
5:366  0:004  Found OperationRegion(TMMB, SystemMemory, FED40000, ...)
5:371  0:004  Found OperationRegion(CRBD, SystemMemory, FED40000, ...)
5:375  0:003  Found OperationRegion(TPMR, SystemMemory, FFFFFFFF, ...)
5:379  0:004  Found OperationRegion(ATNV, SystemMemory, FFFF0000, ...)
5:383  0:003  Found OperationRegion(WPBR, SystemMemory, 7A364000, ...)
5:387  0:004  OCABC: AllocPages 1 0x7A2F5000 (79) - Success
5:392  0:004  Apply DsdtFixMask=0x10400044
5:396  0:004  === [ FixBiosDsdt ] =============================
5:400  0:004  Patching DSDT:
5:404  0:004   - [change EC0 to EC]: pattern 4543305F, patched at: [ (F96F) ]
5:424  0:020   - [change HECI to IMEI]: pattern 48454349, patched at: [ (18CAE) ]
5:446  0:021  found PIC had IRQNoFlag will move -3 bytes
5:450  0:004   deleting device CRT_
5:458  0:008   deleting device DVI_
5:467  0:008   deleting device SPKR
5:475  0:008   deleting device ECP_
5:483  0:008   deleting device LPT_
5:491  0:008   deleting device FDC0
5:499  0:007   deleting device ECP1
5:508  0:008   deleting device LPT1
5:516  0:008   deleting device FDC_
5:525  0:008    indirect name=RAMB
5:529  0:003    indirect name=RAMA
5:533  0:004    indirect name=PNVB
5:537  0:004  OperationRegion (THBA...) corrected from 0x0 to addr=0xFE200000
5:542  0:004    indirect name=TPMM
5:546  0:004    indirect name=FTPM
5:550  0:004    indirect name=PPIM
5:554  0:004  PreCleanup XSDT: count=24, length=228
5:558  0:004  PreCleanup XSDT, corrected XSDT: count=24, length=228
5:562  0:004  === [ ACPIPatchedAML ] ==========================
5:567  0:004  AutoMerge pass 1
5:571  0:003  Unsorted
5:575  0:004  Inserting SSDT-EC.aml from \EFI\CLOVER\ACPI\patched: ignore on pass 1
5:583  0:008  Inserting SSDT-PLUG-_SB.PR00.aml from \EFI\CLOVER\ACPI\patched: ignore on pass 1
5:591  0:007  Inserting SSDT-PM.aml from \EFI\CLOVER\ACPI\patched: ignore on pass 1
5:599  0:007  Inserting SSDT-PMC.aml from \EFI\CLOVER\ACPI\patched: ignore on pass 1
5:607  0:007  === [ ACPIDropTables ] ==========================
5:611  0:004  OCABC: AllocPages 1 0x7A2F3000 (2) - Success
5:616  0:004  OCABC: AllocPages 1 0x7A2F3000 (2) - Success
5:620  0:004  OCABC: AllocPages 1 0x7A2F3000 (2) - Success
5:624  0:004  OCABC: AllocPages 1 0x7A2F3000 (2) - Success
5:628  0:004  OCABC: AllocPages 1 0x7A2F3000 (2) - Success
5:633  0:005  OCABC: AllocPages 1 0x7A2F3000 (2) - Success
5:637  0:004  Patching SSDTs: 2 patches each
5:642  0:004   pattern 4543305F, bin not found / already patched!
5:650  0:008   pattern 48454349, bin not found / already patched!
5:658  0:007  OCABC: AllocPages 1 0x7A2F0000 (3) - Success
5:662  0:004  Patching SSDTs: 2 patches each
5:666  0:004   pattern 4543305F, bin not found / already patched!
5:674  0:008   pattern 48454349, bin not found / already patched!
5:682  0:008  Found OperationRegion(PNVS, SystemMemory, 7ADF3000, ...)
5:689  0:006  OCABC: AllocPages 1 0x7A2EB000 (5) - Success
5:695  0:006  Patching SSDTs: 2 patches each
5:699  0:004   pattern 4543305F, bin not found / already patched!
5:707  0:007   pattern 48454349, bin not found / already patched!
5:715  0:008  Found OperationRegion(SANV, SystemMemory, 7A3D2118, ...)
5:719  0:004  OCABC: AllocPages 1 0x7A2E7000 (4) - Success
5:724  0:004  Patching SSDTs: 2 patches each
5:728  0:004   pattern 4543305F, bin not found / already patched!
5:736  0:007   pattern 48454349, bin not found / already patched!
5:744  0:008  OCABC: AllocPages 1 0x7A2E5000 (2) - Success
5:748  0:004  OCABC: AllocPages 1 0x7A2E5000 (2) - Success
5:753  0:004  Patching SSDTs: 2 patches each
5:757  0:004   pattern 4543305F, bin not found / already patched!
5:765  0:007   pattern 48454349, bin not found / already patched!
5:773  0:007  OCABC: AllocPages 1 0x7A166000 (4) - Success
5:777  0:004  Patching SSDTs: 2 patches each
5:781  0:003   pattern 4543305F, bin not found / already patched!
5:789  0:008   pattern 48454349, bin not found / already patched!
5:797  0:008  OCABC: AllocPages 1 0x7A2E3000 (2) - Success
5:801  0:003  OCABC: AllocPages 1 0x7A2E3000 (2) - Success
5:805  0:004  OCABC: AllocPages 1 0x7A162000 (4) - Success
5:809  0:003  Patching SSDTs: 2 patches each
5:814  0:004   pattern 4543305F, bin not found / already patched!
5:822  0:008   pattern 48454349, bin not found / already patched!
5:830  0:007  OCABC: AllocPages 1 0x7A2E3000 (2) - Success
5:834  0:003  Patching SSDTs: 2 patches each
5:838  0:004   pattern 4543305F, bin not found / already patched!
5:845  0:007   pattern 48454349, bin not found / already patched!
5:853  0:007  OCABC: AllocPages 1 0x7A160000 (2) - Success
5:857  0:004  OCABC: AllocPages 1 0x7A160000 (2) - Success
5:861  0:003  OCABC: AllocPages 1 0x7A15F000 (3) - Success
5:865  0:003  Patching SSDTs: 2 patches each
5:869  0:003   pattern 4543305F, bin not found / already patched!
5:883  0:013   pattern 48454349, bin not found / already patched!
5:890  0:007  OCABC: AllocPages 1 0x7A15D000 (2) - Success
5:895  0:004  Patching SSDTs: 2 patches each
5:899  0:003   pattern 4543305F, bin not found / already patched!
5:906  0:007   pattern 48454349, bin not found / already patched!
5:915  0:008  Found OperationRegion(ADHD, SystemMemory, 78CD0000, ...)
5:918  0:003  Found OperationRegion(ABLK, SystemMemory, 78CD0020, ...)
5:922  0:004  OCABC: AllocPages 1 0x7A14D000 (16) - Success
5:926  0:004  OCABC: AllocPages 1 0x7A15B000 (2) - Success
5:933  0:007  OCABC: AllocPages 1 0x7A15B000 (2) - Success
5:937  0:003  === [ ACPIPatchedAML ] ==========================
5:941  0:004  AutoMerge pass 2
5:945  0:004  Unsorted
5:950  0:004  Inserting SSDT-EC.aml from \EFI\CLOVER\ACPI\patched: size=91 OCABC: AllocPages 1 0x7A15C000 (1) - Success
... Success
5:966  0:016  Inserting SSDT-PLUG-_SB.PR00.aml from \EFI\CLOVER\ACPI\patched: size=166 OCABC: AllocPages 1 0x7A15B000 (1) - Success
... Success
5:983  0:016  Inserting SSDT-PM.aml from \EFI\CLOVER\ACPI\patched: size=198 OCABC: AllocPages 1 0x7A15A000 (1) - Success
... Success
6:004  0:021  Inserting SSDT-PMC.aml from \EFI\CLOVER\ACPI\patched: size=143 OCABC: AllocPages 1 0x7A159000 (1) - Success
... Success
6:021  0:016  ApicCPUNum=1
6:025  0:004  Maximum control=0x24
6:029  0:004  Turbo control=0x31
6:033  0:003  P-States: min 0x8, max 0x31
6:037  0:004  SSDT with plugin-type without P-States is generated
6:044  0:007  OCABC: AllocPages 1 0x7A158000 (1) - Success
6:051  0:006  Cleanup XSDT: count=29, length=268
6:055  0:003  corrected XSDT count=29, length=268
6:059  0:003  === [ RestSetup macOS ] =========================
6:063  0:004  ATI injection not set
6:067  0:004  Intel UHD Graphics 630 [8086:3E98] :: PciRoot(0x0)\Pci(0x2,0x0)
6:071  0:004    Intel: no default properties
6:075  0:003  Intel GFX revision  = 0x0
6:079  0:004   RCBA disabled; cannot use it
6:083  0:004   setting specified layout-id=1 (0x1)
6:088  0:004  stringlength = 458
6:092  0:004  OCABC: AllocPages 1 0x7A157000 (1) - Success
6:096  0:004  CurrentMode: Width=1366 Height=768
6:100  0:004  SetNvramVariable (system-id, 4D1EDE05-38C7-4A6A-9CC6-4BCCA8B38C14, 0x2, 16): -> writing new (Success)
6:109  0:009  SetNvramVariable (MLB, 4D1EDE05-38C7-4A6A-9CC6-4BCCA8B38C14, 0x6, 17): -> writing new (Success)
6:118  0:008  SetNvramVariable (ROM, 4D1EDE05-38C7-4A6A-9CC6-4BCCA8B38C14, 0x6, 6): -> writing new (Success)
6:127  0:008  SetNvramVariable (FirmwareFeatures, 4D1EDE05-38C7-4A6A-9CC6-4BCCA8B38C14, 0x6, 4): -> writing new (Success)
6:136  0:008  SetNvramVariable (FirmwareFeaturesMask, 4D1EDE05-38C7-4A6A-9CC6-4BCCA8B38C14, 0x6, 4): -> writing new (Success)
6:144  0:008  SetNvramVariable (ExtendedFirmwareFeatures, 4D1EDE05-38C7-4A6A-9CC6-4BCCA8B38C14, 0x6, 8): -> writing new (Success)
6:153  0:009  SetNvramVariable (ExtendedFirmwareFeaturesMask, 4D1EDE05-38C7-4A6A-9CC6-4BCCA8B38C14, 0x6, 8): -> writing new (Success)
6:162  0:008  AddNvramVariable (HW_BID, 4D1EDE05-38C7-4A6A-9CC6-4BCCA8B38C14, 0x6, 20): -> writing new (Success)
6:171  0:009  AddNvramVariable (security-mode, 7C436110-AB2A-4BBB-A880-FE41995C9F82, 0x7, 5): -> already exists, abort
6:179  0:008  set DefaultBackgroundColor=0xfbfbfb
6:183  0:004  SetNvramVariable (DefaultBackgroundColor, 4D1EDE05-38C7-4A6A-9CC6-4BCCA8B38C14, 0x7, 4): -> writing new (Success)
6:196  0:012  SetNvramVariable (ActualDensity, 7C436110-AB2A-4BBB-A880-FE41995C9F82, 0x7, 2): exists(0x7, 2), equal -> not writing again.
6:208  0:012  SetNvramVariable (DensityThreshold, 7C436110-AB2A-4BBB-A880-FE41995C9F82, 0x7, 2): exists(0x7, 2), equal -> not writing again.
6:220  0:012  SetNvramVariable (gfx-saved-config-restore-status, 4D1EDE05-38C7-4A6A-9CC6-4BCCA8B38C14, 0x7, 8): exists(0x7, 8), equal -> not writing again.
6:233  0:012  DeleteNvramVariable (UIScale, 4D1EDE05-38C7-4A6A-9CC6-4BCCA8B38C14):
6:237  0:004  DeleteNvramVariable (EFILoginHiDPI, 7C436110-AB2A-4BBB-A880-FE41995C9F82):
6:241  0:004  SetNvramVariable (flagstate, 7C436110-AB2A-4BBB-A880-FE41995C9F82, 0x7, 32): exists(0x7, 32), equal -> not writing again.
6:254  0:012  SetNvramVariable (csr-active-config, 7C436110-AB2A-4BBB-A880-FE41995C9F82, 0x7, 4): exists(0x7, 4), equal -> not writing again.
6:268  0:013  DeleteNvramVariable (BridgeOSHardwareModel, 4D1EDE05-38C7-4A6A-9CC6-4BCCA8B38C14):
6:272  0:004  DeleteNvramVariable (bootercfg, 7C436110-AB2A-4BBB-A880-FE41995C9F82):
6:277  0:004  DeleteNvramVariable (nvda_drv, 7C436110-AB2A-4BBB-A880-FE41995C9F82):
6:282  0:004  DeleteNvramVariable (recovery-boot-mode, 7C436110-AB2A-4BBB-A880-FE41995C9F82):
6:286  0:004  AddNvramVariable (wake-failure, 7C436110-AB2A-4BBB-A880-FE41995C9F82, 0x7, 5): -> already exists, abort
6:295  0:008  DeleteNvramVariable (opencore-version, 7C436110-AB2A-4BBB-A880-FE41995C9F82):
6:300  0:004  DeleteNvramVariable (ApBoardID, 94B73556-2197-4702-82A8-3E1337DAFBFB):
6:305  0:004  DeleteNvramVariable (ApSecurityDomain, 94B73556-2197-4702-82A8-3E1337DAFBFB):
6:309  0:004  DeleteNvramVariable (ApProductionStatus, 94B73556-2197-4702-82A8-3E1337DAFBFB):
6:314  0:004  DeleteNvramVariable (ApSecurityMode, 94B73556-2197-4702-82A8-3E1337DAFBFB):
6:319  0:004  DeleteNvramVariable (EffectiveProductionStatus, 94B73556-2197-4702-82A8-3E1337DAFBFB):
6:324  0:004  DeleteNvramVariable (EffectiveSecurityMode, 94B73556-2197-4702-82A8-3E1337DAFBFB):
6:329  0:004  DeleteNvramVariable (CertificateEpoch, 94B73556-2197-4702-82A8-3E1337DAFBFB):
6:334  0:005  DeleteNvramVariable (MixNMatchPreventionStatus, 94B73556-2197-4702-82A8-3E1337DAFBFB):
6:339  0:004  DeleteNvramVariable (CryptoDigestMethod, 94B73556-2197-4702-82A8-3E1337DAFBFB):
6:343  0:004  DeleteNvramVariable (InternalUseOnlyUnit, 94B73556-2197-4702-82A8-3E1337DAFBFB):
6:348  0:004  DeleteNvramVariable (ApECID, 94B73556-2197-4702-82A8-3E1337DAFBFB):
6:353  0:004  DeleteNvramVariable (HardwareModel, 94B73556-2197-4702-82A8-3E1337DAFBFB):
6:357  0:004  Use origin smbios table type 1 guid.
6:380  0:023  DeleteNvramVariable (efi-boot-device, 7C436110-AB2A-4BBB-A880-FE41995C9F82):
6:386  0:006  DeleteNvramVariable (efi-boot-device-data, 7C436110-AB2A-4BBB-A880-FE41995C9F82):
6:391  0:004  DeleteNvramVariable (BootCampHD, 7C436110-AB2A-4BBB-A880-FE41995C9F82):
6:395  0:003  Custom boot screen not used because entry has unset use graphics
6:401  0:005  DeleteNvramVariable (IOHibernateRTCVariables, 7C436110-AB2A-4BBB-A880-FE41995C9F82):
6:406  0:004  DeleteNvramVariable (boot-image, 7C436110-AB2A-4BBB-A880-FE41995C9F82):
6:410  0:004  Kernel quirks
6:414  0:004  ACPCL 1 AXCL 1 AXEM 0 AXFB 0 CSG 0 DIM 0 DLJ 0 DRC 1 DPM 0 EBTFF 0 EDI 0 FAI 0 IPBS 0 LKP 0 PNKD 0 PTKP 0 TPD 0 XPL 0 PCC 0
6:418  0:004  Closing log
6:422  0:004  OCABC: AllocPages 2 0x91000 (14) - Success
6:426  0:004  OCABC: AllocPages 2 0x6F7C8000 (14) - Success
6:432  0:005  OCABC: Patching safe mode sur-2 at off ACF4
6:436  0:003  OCABC: AllocPages 2 0x77848000 (512) - Success
6:440  0:004  OCABC: AllocPages 2 0x77847000 (1) - Success
6:445  0:004  OC: Supported boot capabilities 4
6:450  0:005  OCOS: OS set: <null> macOS 11.0
6:454  0:004  OCOS: OS set: Apple Inc. macOS 11.0
6:459  0:004  OCOS: Should use black background
6:463  0:004  OCABC: AllocPages 1 0x6D351000 (1) - Success
6:479  0:016  OC: Opening file System\Library\Kernels\kernel with 1 mode gave - Not Found
6:483  0:004  OC: Opening file \A490645D-B724-4FBC-9AC8-F7A23B1C4935 with 1 mode gave - Success
6:488  0:004  OC: Opening file \A490645D-B724-4FBC-9AC8-F7A23B1C4935\System\Library\CoreServices\com.apple.Boot.plist with 1 mode gave - Success
6:492  0:004  OC: Opening file \A490645D-B724-4FBC-9AC8-F7A23B1C4935\System\Library\CoreServices\PlatformSupport.plist with 1 mode gave - Success
6:497  0:004  OCABC: AllocPages 2 0x1F900000 (121199) - Success
6:504  0:007  OC: Opening file System\Library\Caches\com.apple.corestorage\EncryptedRoot.plist.wipekey with 1 mode gave - Success
6:512  0:008  OC: Opening file \A490645D-B724-4FBC-9AC8-F7A23B1C4935\System\Library\CoreServices\boot.efi with 1 mode gave - Success
6:541  0:028  OC: Opening file boot\System\Library\KernelCollections\BootKernelExtensions.kc with 1 mode gave - Success
6:549  0:007  OC: Load and reserve Kext Other\FakeSMC.kext
6:554  0:004  OC: Load and reserve Kext Other\USBMapDummy.kext
6:558  0:004  OC: Load and reserve Kext Other\RadeonMonitor.kext
6:563  0:004  OC: Load and reserve Kext Other\IntelCPUMonitor.kext
6:569  0:005  OC: Kext reservation size info 506000 exe 3B000
6:573  0:003  OC: Trying 64-bit XNU hook on boot\System\Library\KernelCollections\BootKernelExtensions.kc
6:577  0:004  OCAK: Found 64-bit Mach-O compressed 0 offset 0 size 0
6:581  0:004  OCAK: Determined kernel size is 62734336 bytes
6:615  0:034  OC: Result of 64-bit XNU hook on boot\System\Library\KernelCollections\BootKernelExtensions.kc (00000000) is Success
6:664  0:048  OCAK: Read kernel version 23.4.0 (230400)
6:668  0:004  OCAK: 64-bit patcher base 0xFFFFFF8000200000 kmod 0x0 file 0x0
6:673  0:005  OCAK: Zeroing _xcpm_core_scope_msrs 0xE2 applicable CPUs (76)
6:678  0:004  OCAK: Zeroing _xcpm_core_scope_msrs 0xE2 applicable CPUs (406416)
6:681  0:003  OCAK: Zeroing _xcpm_core_scope_msrs 0xE2 applicable CPUs (16384)
6:686  0:004  Replace B9E20000000F30 by B9E20000009090 at ofs:30E
6:755  0:068  Replace B9E20000000F30 by B9E20000009090 at ofs:39B
6:822  0:067  OCAK: 64-bit XcpmCfgLockRel replace count - 2
6:826  0:003  OCAK: [OK] Success XcpmCfgLock patch
6:869  0:042  OCAK: org.netkas.FakeSMC got KXLD 0 0
6:873  0:004  OCAK: Requesting __LINKEDIT for org.netkas.FakeSMC - 6CE10398 at 3BD5000
6:877  0:004  OCAK: Requesting SymbolTable for org.netkas.FakeSMC - 601
6:881  0:003  OCAK: Requesting __LINKEDIT for __kernel__ - 69246688 at 0
6:885  0:004  OCAK: Requesting SymbolTable for __kernel__ - 22799
6:911  0:026  OCAK: Patching invalid size 2000 with 19DF000 for com.apple.iokit.IOACPIFamily
6:915  0:004  OCAK: com.apple.iokit.IOACPIFamily got KXLD 0 0
6:919  0:004  OCAK: Requesting __LINKEDIT for com.apple.iokit.IOACPIFamily - 6B431518 at 21F6000
6:923  0:003  OCAK: Requesting SymbolTable for com.apple.iokit.IOACPIFamily - 544
6:935  0:011  OCAK: Local relocs 1148 on FFFFFF8003CD5000
6:940  0:004  OC: Prelinked injection Other\FakeSMC.kext () - Success
6:944  0:004  OC: Prelinked injection Other\USBMapDummy.kext () - Success
6:948  0:004  OCAK: org.slice.RadeonMonitor got KXLD 0 0
6:952  0:003  OCAK: Requesting __LINKEDIT for org.slice.RadeonMonitor - 6CE28398 at 3BED000
6:956  0:003  OCAK: Requesting SymbolTable for org.slice.RadeonMonitor - 372
6:962  0:005  OCAK: Patching invalid size 32000 with 156F000 for com.apple.iokit.IOPCIFamily
6:966  0:004  OCAK: com.apple.iokit.IOPCIFamily got KXLD 0 0
6:970  0:003  OCAK: Requesting __LINKEDIT for com.apple.iokit.IOPCIFamily - 6B8A1518 at 2666000
6:974  0:003  OCAK: Requesting SymbolTable for com.apple.iokit.IOPCIFamily - 1531
6:982  0:008  OCAK: Requesting SymbolTable for org.netkas.FakeSMC - 191
6:992  0:009  OCAK: Local relocs 369 on FFFFFF8003CED000
6:996  0:004  OC: Prelinked injection Other\RadeonMonitor.kext () - Success
7:000  0:003  OCAK: org.slice.IntelCPUMonitor got KXLD 0 0
7:004  0:004  OCAK: Requesting __LINKEDIT for org.slice.IntelCPUMonitor - 6CE393E8 at 3BFE000
7:009  0:004  OCAK: Requesting SymbolTable for org.slice.IntelCPUMonitor - 363
7:019  0:010  OCAK: Local relocs 306 on FFFFFF8003CFE000
7:024  0:004  OC: Prelinked injection Other\IntelCPUMonitor.kext () - Success
7:031  0:007  OC: Prelink size 62980096 kext offset 62738432 reserved 241664
7:035  0:004  OCAK: KC TEXT is 65536 bytes with 61800 Mach-O headers need 400
7:055  0:020  OCAK: Failed to pk find com.apple.driver.AppleIntelCPUPowerManagement - Not Found
7:060  0:004  OCAK: [OK] Skipping PatchAppleCpuPmCfgLock on NULL Patcher on kernel version 230400
7:065  0:005  OCAK: Patching invalid size 5FF4 with 2193000 for com.apple.driver.AppleRTC
7:069  0:004  OCAK: com.apple.driver.AppleRTC got KXLD 0 0
7:073  0:004  Replace BE58000000/FFFEFFFFFF(BE58000000) by BEFFFF0000 at ofs:1AED
7:178  0:105  Replace BE58000000/FFFEFFFFFF(BE59000000) by BEFFFF0000 at ofs:1AFE
7:288  0:109  Replace BE58000000/FFFEFFFFFF(BE58000000) by BEFFFF0000 at ofs:1DE3
7:398  0:110  Replace BE58000000/FFFEFFFFFF(BE59000000) by BEFFFF0000 at ofs:1DF3
7:503  0:105  OCAK: 64-bit DisableRtcChecksum64 replace count - 4
7:507  0:004  OCAK: [OK] Patch success com.apple.driver.AppleRTC DisableRtcChecksum
7:636  0:128  OC: Prelinked status - Success
7:683  0:047  OC: Opening file usr\standalone\OS.dmg.root_hash with 1 mode gave - Success
7:693  0:009  OC: Opening file usr\standalone\OS.dmg.root_hash.x86legacyap.im4m with 1 mode gave - Success
7:703  0:010  OCABC: AllocPages 0 0x73070000 (1) - Success
7:707  0:004  OCABC: AllocPages 0 0x7306D000 (1) - Success
7:720  0:013  FixOwnership() -> begin
7:724  0:003  PCI Io found 18
7:728  0:004  USB XHCI reset for device A36D
7:732  0:004  ExtendCap=00008000
7:736  0:003    Value=02000802
7:740  0:003    Value=03011402
7:744  0:003    Value=005CFFC0
7:747  0:003    Value=00002201
