0:100  0:100  MemLog inited, TSC freq: 3600486520
0:100  0:000  CPU was calibrated with RTC
0:100  0:000  CloverX64 : Image base = 0x6D397000
0:100  0:000  Clover ImageHandle = 76208c98
0:102  0:002  SelfDirPath = \EFI\CLOVER
0:103  0:001  === [ Starting Clover ] =========================
0:103  0:000  Now is 26.11.2024,  14:39:38 (GMT)
0:103  0:000  Starting Clover revision: 5160 (master, commit 7b08a616e) on American Megatrends EFI
0:103  0:000  Build id: 20240909210805-7b08a61-dirty
0:103  0:000  Build with: [Args: -D NO_GRUB_DRIVERS_EMBEDDED -D LESS_DEBUG -t GCC131 | --cmd-len=50000 -D NO_GRUB_DRIVERS_EMBEDDED -D LESS_DEBUG --conf=/Users/sergey/src/CloverBootloader/Conf -D USE_LOW_EBDA -a X64 -b RELEASE -t GCC131 -n 5 | OS: 15]
0:103  0:000  === [ Get Smbios ] ==============================
0:103  0:000  Type 16 Index = 0
0:103  0:000  Total Memory Slots Count = 4
0:103  0:000  Type 17 Index = 0
0:103  0:000  SmbiosTable.Type17->SlotIndex = 0
0:103  0:000  SmbiosTable.Type17->ModuleSize = 8192MB
0:103  0:000  SmbiosTable.Type17->Type = 0
0:103  0:000  SmbiosTable.Type17->Frequency = 3200MHz
0:103  0:000  SmbiosTable.Type17->Bank/Device = BANK 0 ChannelA-DIMM1
0:103  0:000  SmbiosTable.Type17->Vendor = Corsair
0:103  0:000  SmbiosTable.Type17->SerialNo = 00000000
0:103  0:000  SmbiosTable.Type17->PartNo = CMK16GX4M2K4266C19
0:103  0:000  Type 17 Index = 1
0:103  0:000  SmbiosTable.Type17->SlotIndex = 1
0:103  0:000  SmbiosTable.Type17->ModuleSize = 8192MB
0:103  0:000  SmbiosTable.Type17->Type = 0
0:103  0:000  SmbiosTable.Type17->Frequency = 3200MHz
0:103  0:000  SmbiosTable.Type17->Bank/Device = BANK 1 ChannelA-DIMM2
0:103  0:000  SmbiosTable.Type17->Vendor = Corsair
0:103  0:000  SmbiosTable.Type17->SerialNo = 00000000
0:103  0:000  SmbiosTable.Type17->PartNo = CMK16GX4M2K4266C19
0:103  0:000  Type 17 Index = 2
0:103  0:000  Ignoring insane frequency value 0MHz
0:103  0:000  Type 17 Index = 3
0:103  0:000  Ignoring insane frequency value 0MHz
0:103  0:000  Boot status=0
0:103  0:000  Running on: 'System Product Name' with board 'PRIME Z390-A'
0:103  0:000  === [ GetCPUProperties ] ========================
0:103  0:000  CPU Vendor = 756E6547 Model=906EC
0:103  0:000   The CPU supported SSE4.1
0:103  0:000   The CPU supported RDRAND
0:103  0:000  BrandString = Intel(R) Core(TM) i7-9700K CPU @ 3.60GHz
0:103  0:000   The CPU supported turbo
0:103  0:000   Energy PerfBias is  visible:
0:103  0:000  MSR 0x35               80008
0:103  0:000   TSC/CCC Information Leaf:
0:103  0:000    numerator     : 300
0:103  0:000    denominator   : 2
0:103  0:000   Calibrated ARTFrequency: 24003243
0:103  0:000   Rounded ARTFrequency: 24000000
0:103  0:000  MSR 0xE2 before patch 1E000000
0:103  0:000  MSR 0xCE              08080838_F1012400
0:103  0:000  corrected FLEX_RATIO = E0000
0:103  0:000  MSR 0x1B0             00000000
0:103  0:000  FSBFrequency = 108 MHz, DMI FSBFrequency = 100 MHz, Corrected FSBFrequency = 100 MHz
0:103  0:000  MaxDiv/MinDiv: 36.0/8
0:103  0:000  Turbo: 47/49/49/49
0:103  0:000  Features: 0x77FAFBFFBFEBFBFF
0:103  0:000  Threads: 8
0:103  0:000  Cores: 8
0:103  0:000  FSB: 100 MHz
0:103  0:000  CPU: 3861 MHz
0:103  0:000  TSC: 3861 MHz
0:103  0:000  PIS: 100 MHz
0:103  0:000  ExternalClock: 25 MHz
0:103  0:000  === [ GetDevices ] ==============================
0:103  0:000  GOP found at: PciRoot(0x0)/Pci(0x1,0x0)/Pci(0x0,0x0)/AcpiAdr(0x80010302)
0:103  0:000  PCI (00|00:00.00) : 8086 3E30 class=060000
0:103  0:000  PCI (00|00:01.00) : 8086 1901 class=060400
0:103  0:000  PCI (00|01:00.00) : 1002 67DF class=030000
0:103  0:000   - GFX: Model=AMD Radeon RX 480/570/580 (ATI/AMD)
0:104  0:000   - GOP: Provided by device
0:104  0:000  PCI (00|01:00.01) : 1002 AAF0 class=040300
0:104  0:000   - HDMI Audio: 
0:104  0:000  PCI (00|00:02.00) : 8086 3E98 class=038000
0:104  0:000   - GFX: Model=Intel UHD Graphics 630 (Intel)
0:104  0:000  PCI (00|00:14.00) : 8086 A36D class=0C0330
0:104  0:000  PCI (00|00:14.02) : 8086 A36F class=050000
0:104  0:000  PCI (00|00:16.00) : 8086 A360 class=078000
0:104  0:000  PCI (00|00:17.00) : 8086 A352 class=010601
0:104  0:000  PCI (00|00:1B.00) : 8086 A340 class=060400
0:104  0:000  PCI (00|00:1C.00) : 8086 A338 class=060400
0:104  0:000  PCI (00|00:1D.00) : 8086 A330 class=060400
0:104  0:000  PCI (00|04:00.00) : 144D A808 class=010802
0:104  0:000  PCI (00|00:1F.00) : 8086 A305 class=060100
0:104  0:000  PCI (00|00:1F.03) : 8086 A348 class=040300
0:104  0:000  PCI (00|00:1F.04) : 8086 A323 class=0C0500
0:104  0:000  PCI (00|00:1F.05) : 8086 A324 class=0C8000
0:104  0:000  PCI (00|00:1F.06) : 8086 15BC class=020000
0:104  0:000   - LAN: 1 Vendor=Intel
0:104  0:000  Legacy MAC address of LAN #0= 40:B0:76:DE:9E:93:
0:104  0:000  _checkOEMPath Look for oem dir at path '\EFI\CLOVER\OEM\System Product Name--40-B0-76-DE-9E-93'. Dir doesn't exist.
0:104  0:000  _checkOEMPath Look for oem dir at path '\EFI\CLOVER\OEM\PRIME Z390-A\UEFI'. Dir doesn't exist.
0:104  0:000  _checkOEMPath Look for oem dir at path '\EFI\CLOVER\OEM\System Product Name'. Dir doesn't exist.
0:104  0:000  _checkOEMPath Look for oem dir at path '\EFI\CLOVER\OEM\System Product Name-3861'. Dir doesn't exist.
0:105  0:000  _checkOEMPath Look for oem dir at path '\EFI\CLOVER\OEM\PRIME Z390-A'. Dir doesn't exist.
0:105  0:000  _checkOEMPath Look for oem dir at path '\EFI\CLOVER\OEM\PRIME Z390-A-3861'. Dir doesn't exist.
0:105  0:000  === [ GetUserSettings ] =========================
0:105  0:000  GetDefaultModel()=iMac18,3
0:105  0:000  === [ LoadUserSettings ] ========================
0:105  0:000  Using config.plist at path: \EFI\CLOVER
0:105  0:000  There is a problem in plist '\EFI\CLOVER\config.plist'
0:105  0:000  Warning: EfiVersion '1037.100.345.0.0' is older than default ('1968.100.16.0.1') -> ignored. Dict '/SMBIOS:296'.
0:105  0:000  Use CloverConfigPlistValidator or look in the log
3:105  2:999  === [ LoadUserSettings ] ========================
3:105  0:000  Cannot find smbios.plist at path '\EFI\CLOVER' : Not Found
3:105  0:000  '\EFI\CLOVER\smbios.plist' not loaded. Efi error Not Found
3:105  0:000  create SMBIOS list, found 27 dicts
3:105  0:000  ... ACPI
3:105  0:000  ... Boot
3:105  0:000  ... BootGraphics
3:105  0:000  ... Devices
3:105  0:000  ... DisableDrivers
3:105  0:000  ... GUI
3:105  0:000  ... Graphics
3:105  0:000  ... KernelAndKextPatches
3:105  0:000  ... SMBIOS
3:105  0:000  ... SystemParameters
3:105  0:000  ... RtVariables
3:105  0:000  ... Quirks
3:106  0:000  get model from config.plist
3:106  0:000  Using latest BiosVersion from config instead of default 'IM191.88Z.F000.B00.2302212211'
3:118  0:012  Using latest BiosReleaseDate from config instead of default '02/21/2023'
3:122  0:003  BiosVersion: IM191.88Z.F000.B00.2308061817
3:125  0:003  BiosReleaseDate: 08/06/2023
3:130  0:004  EfiVersion: 1968.100.16.0.1
3:134  0:004  Calibrated TSC Frequency = 3600486520 = 3600MHz
3:138  0:004  === [ GetListOfThemes ] =========================
3:142  0:003  - [00]: random
3:150  0:008  - [00]: embedded
3:158  0:008  === [ Found config plists ] =====================
3:165  0:007  - config.plist
3:169  0:004  === [ LoadDrivers ] =============================
3:174  0:004  Loading NvmExpressDxe.efi status=Success
3:189  0:014   - driver needs connecting
3:193  0:003  Loading EnglishDxe.efi status=Success
3:208  0:014  Loading AppleKeyFeeder.efi status=Success
3:222  0:014  Loading VBoxHfs.efi status=Success
3:237  0:014   - driver needs connecting
3:241  0:004  Loading HashServiceFix.efi status=Success
3:256  0:014  Loading PartitionDxe.efi status=Success
3:270  0:014   - driver needs connecting
3:274  0:003  Loading ApfsDriverLoader.efi status=Success
3:288  0:014   - driver needs connecting
3:293  0:004  4 drivers needs connecting ...
3:293  0:000  PlatformDriverOverrideProtocol not found. Installing ... Success
3:293  0:000  Partition driver loaded: 
3:294  0:000  HFS+ driver loaded
3:294  0:000  APFS driver loaded
3:294  0:000  Searching for invalid DiskIo BY_DRIVER connects: not found, all ok
3:570  0:276  === [ InitScreen ] ==============================
3:574  0:004  Console modes reported: 4, available modes:
3:578  0:003   - [01]: 80x25 (current mode)
3:582  0:004   - [03]: 100x31
3:586  0:003   - [04]: 170x40
3:590  0:003  SetScreenResolution: 1920x1080 - not found!
3:598  0:007  SetMaxResolution: found best mode 0: 1366x768
3:606  0:007   - already set
3:611  0:004  Using embedded font
3:615  0:004  === [ ScanSPD ] =================================
3:619  0:003  SMBus device : 8086 A323 class=0C0500 status=Success
3:624  0:004  SMBus CmdReg: 0x3
3:628  0:004  Scanning SMBus [8086:A323], mmio: 0x12116004, ioport: 0xEFA0, hostc: 0x11
3:632  0:003  Slots to scan [8]...
3:636  0:004  SPD[0]: Got invalid type 0 @0x50. Will set page and retry.
3:641  0:004  SPD[0]: Type 12 @0x50
3:662  0:021  XMP Profile1: 4*125 -31 ns
3:666  0:003  Found module with XMP version 2.0
3:670  0:004  Using XMP Profile1 instead of standard frequency 2132MHz
3:674  0:004  DDR speed 4264MHz
3:678  0:004  Slot: 0 Type 26 8192MB 4264MHz Vendor=Corsair PartNo=CMK16GX4M2K4266C19 SerialNo=00000000
3:682  0:004  SPD[1]: Type 12 @0x51
3:704  0:021  XMP Profile1: 4*125 -31 ns
3:708  0:003  Found module with XMP version 2.0
3:712  0:003  Using XMP Profile1 instead of standard frequency 2132MHz
3:716  0:003  DDR speed 4264MHz
3:720  0:003  Slot: 1 Type 26 8192MB 4264MHz Vendor=Corsair PartNo=CMK16GX4M2K4266C19 SerialNo=00000000
3:724  0:004  === [ GetAcpiTablesList ] =======================
3:729  0:004  Get Acpi Tables List from RSDT: count=25
3:736  0:007   - [00]: FACP  A M I  len=132
3:740  0:003   - [01]: APIC  A M I  len=188
3:744  0:004   - [02]: FPDT  A M I  len=68
3:748  0:004   - [03]: FIDT  A M I len=156
3:752  0:003   - [04]: MCFG  A M I  len=60
3:756  0:003   - [05]: WSMT  A M I  len=40
3:760  0:003   - [06]: SSDT  SataTabl len=888
3:764  0:003   - [07]: SSDT  CpuSsdt len=6101
3:768  0:003   - [08]: SSDT  SaSsdt  len=12443
3:772  0:003   - [09]: SSDT  PegSsdt len=9048
3:776  0:004   - [10]: HPET  A M I  len=56
3:780  0:003   - [11]: SSDT  Ther_Rvp len=3998
3:784  0:003   - [12]: SSDT  xh_cfsd4 len=10579
3:788  0:003   - [13]: UEFI  A M I  len=72
3:792  0:003   - [14]: LPIT  A M I  len=92
3:795  0:003   - [15]: SSDT  PtidDevc len=10206
3:799  0:003   - [16]: SSDT  TbtTypeC len=4094
3:803  0:003   - [17]: DBGP  A M I  len=52
3:807  0:003   - [18]: DBG2  A M I  len=84
3:811  0:003   - [19]: SSDT  UsbCTabl len=6449
3:815  0:003   - [20]: SSDT  ADebTabl len=324
3:819  0:003   - [21]: VFCT  A M I  len=59524
3:823  0:004   - [22]: BGRT  A M I  len=56
3:827  0:004   - [23]: WPBT  A M I len=60
3:831  0:003   - [24]: TPM2  A M I  len=52
3:835  0:004   - [00]: Drop table : MATS,                0 :  no
3:843  0:007   - [01]: Drop table : DMAR,                0 :  no
3:851  0:007  Custom boot CUSTOM_BOOT_DISABLED (0x0)
3:855  0:003  Default theme: embedded
3:859  0:004  Set FakeCPUID: 0x0
3:863  0:004  === [ Found DSDT tables ] =======================
3:868  0:004  === [ InitKextList ] ============================
3:876  0:007  Added Kext=Other\USBMap.kext (1.0)
3:881  0:005  Added Kext=Other\WhateverGreen.kext (1.6.1)
3:886  0:005  Added Kext=Other\NVMeFix.kext (1.1.0)
3:891  0:004  Added Kext=Other\IntelMausi.kext (1.0.7)
3:896  0:004  Added Kext=Other\Lilu.kext (1.6.9)
3:903  0:007  Added Kext=Other\SMCProcessor.kext (1.3.0)
3:908  0:004  Added Kext=Other\SMCSuperIO.kext (1.3.0)
3:916  0:008  Added Kext=Other\VirtualSMC.kext (1.3.0)
3:923  0:006  === [ ScanVolumes ] =============================
3:929  0:006  Found 12 volumes with blockIO
3:933  0:003  - [00]: Volume: PciRoot(0x0)\Pci(0x17,0x0)\Sata(0x0,0xFFFF,0x0)
3:942  0:008  - [01]: Volume: PciRoot(0x0)\Pci(0x17,0x0)\Sata(0x0,0xFFFF,0x0)\HD(1,GPT,38DCC513-D608-408E-9D2F-1469C8B906A0,0x28,0x64000)
3:950  0:008          Result of bootcode detection: bootable unknown (legacy)
3:956  0:005            label : EFI
3:960  0:003  - [02]: Volume: PciRoot(0x0)\Pci(0x17,0x0)\Sata(0x0,0xFFFF,0x0)\HD(2,GPT,C20AA839-E88E-4CED-8CAB-9480B290394C,0x64028,0x15D466360)
3:981  0:021            label : Dati
3:985  0:003  - [03]: Volume: PciRoot(0x0)\Pci(0x1D,0x0)\Pci(0x0,0x0)\NVMe(0x1,CA-8F-B2-81-58-38-25-00)
3:993  0:007  - [04]: Volume: PciRoot(0x0)\Pci(0x1D,0x0)\Pci(0x0,0x0)\NVMe(0x1,CA-8F-B2-81-58-38-25-00)\HD(1,GPT,6E40A227-DDED-4325-B7CE-3959620EB39E,0x28,0x64000)
4:001  0:007          Result of bootcode detection: bootable unknown (legacy)
4:006  0:005            label : EFI
4:010  0:004          This is SelfVolume !!
4:014  0:004  - [05]: Volume: PciRoot(0x0)\Pci(0x1D,0x0)\Pci(0x0,0x0)\NVMe(0x1,CA-8F-B2-81-58-38-25-00)\HD(2,GPT,9508A8C6-F9B9-4EDD-ABC7-C1C4A019C410,0x64028,0x3A321FE0)
4:022  0:008          Result of bootcode detection: bootable unknown (legacy)
4:026  0:003  - [06]: Volume: PciRoot(0x0)\Pci(0x1D,0x0)\Pci(0x0,0x0)\NVMe(0x1,CA-8F-B2-81-58-38-25-00)\HD(2,GPT,9508A8C6-F9B9-4EDD-ABC7-C1C4A019C410,0x64028,0x3A321FE0)\VenMedia(BE74FCF7-0B7C-49F3-9147-01F4042E6842,F2738F7DD5B89341BB89C99D72294438)
4:034  0:008            apfsFileSystemUUID=7D8F73F2-B8D5-4193-BB89-C99D72294438, ApfsContainerUUID=85F3C012-2D6D-4FA1-A77E-71D7470E7FA2, ApfsRole=0x10
4:039  0:004            label : Preboot
4:043  0:004  - [07]: Volume: PciRoot(0x0)\Pci(0x1D,0x0)\Pci(0x0,0x0)\NVMe(0x1,CA-8F-B2-81-58-38-25-00)\HD(2,GPT,9508A8C6-F9B9-4EDD-ABC7-C1C4A019C410,0x64028,0x3A321FE0)\VenMedia(BE74FCF7-0B7C-49F3-9147-01F4042E6842,5D6490A424B7BC4F9AC8F7A23B1C4935)
4:051  0:007            apfsFileSystemUUID=A490645D-B724-4FBC-9AC8-F7A23B1C4935, ApfsContainerUUID=85F3C012-2D6D-4FA1-A77E-71D7470E7FA2, ApfsRole=0x40
4:065  0:014            label : Macintosh HD - Dati
4:069  0:004  - [08]: Volume: PciRoot(0x0)\Pci(0x1D,0x0)\Pci(0x0,0x0)\NVMe(0x1,CA-8F-B2-81-58-38-25-00)\HD(2,GPT,9508A8C6-F9B9-4EDD-ABC7-C1C4A019C410,0x64028,0x3A321FE0)\VenMedia(BE74FCF7-0B7C-49F3-9147-01F4042E6842,B6D67091A529BA4BA6736F0E24A99093)
4:077  0:007            apfsFileSystemUUID=9170D6B6-29A5-4BBA-A673-6F0E24A99093, ApfsContainerUUID=85F3C012-2D6D-4FA1-A77E-71D7470E7FA2, ApfsRole=0x4
4:081  0:004            label : Recovery
4:085  0:004  - [09]: Volume: PciRoot(0x0)\Pci(0x1D,0x0)\Pci(0x0,0x0)\NVMe(0x1,CA-8F-B2-81-58-38-25-00)\HD(2,GPT,9508A8C6-F9B9-4EDD-ABC7-C1C4A019C410,0x64028,0x3A321FE0)\VenMedia(BE74FCF7-0B7C-49F3-9147-01F4042E6842,C30BF988C32C724BB297A45648EE79C3)
4:093  0:007            apfsFileSystemUUID=88F90BC3-2CC3-4B72-B297-A45648EE79C3, ApfsContainerUUID=85F3C012-2D6D-4FA1-A77E-71D7470E7FA2, ApfsRole=0x1
4:099  0:006            label : Macintosh HD
4:103  0:003  - [10]: Volume: PciRoot(0x0)\Pci(0x1D,0x0)\Pci(0x0,0x0)\NVMe(0x1,CA-8F-B2-81-58-38-25-00)\HD(2,GPT,9508A8C6-F9B9-4EDD-ABC7-C1C4A019C410,0x64028,0x3A321FE0)\VenMedia(BE74FCF7-0B7C-49F3-9147-01F4042E6842,982FC8B0B1F22A41B736D33F4320CF33)
4:111  0:007            apfsFileSystemUUID=B0C82F98-F2B1-412A-B736-D33F4320CF33, ApfsContainerUUID=85F3C012-2D6D-4FA1-A77E-71D7470E7FA2, ApfsRole=0xc0
4:116  0:004            label : Update
4:120  0:004  - [11]: Volume: PciRoot(0x0)\Pci(0x1D,0x0)\Pci(0x0,0x0)\NVMe(0x1,CA-8F-B2-81-58-38-25-00)\HD(2,GPT,9508A8C6-F9B9-4EDD-ABC7-C1C4A019C410,0x64028,0x3A321FE0)\VenMedia(BE74FCF7-0B7C-49F3-9147-01F4042E6842,D0BFA628AA2C7548AE15EA6E25144D32)
4:128  0:008            apfsFileSystemUUID=28A6BFD0-2CAA-4875-AE15-EA6E25144D32, ApfsContainerUUID=85F3C012-2D6D-4FA1-A77E-71D7470E7FA2, ApfsRole=0x8
4:132  0:003            label : VM
4:136  0:004  No AudioIoProtocols, status=Not Found
4:140  0:004  === [ InitXTheme ] ==============================
4:144  0:003  use Daylight theme
4:148  0:004   using embedded theme
4:161  0:012  Using embedded font
4:166  0:004  theme inited
4:170  0:004  Chosen embedded theme
4:174  0:004  found boot-args in NVRAM:keepsyms=1 alcid=11 shikigva=80, size=32
4:178  0:004  ...found arg:keepsyms=1
4:185  0:006  ...adding arg:keepsyms=1
4:191  0:006  ...found arg:alcid=11
4:195  0:003  ...adding arg:alcid=11
4:199  0:004  ...found arg:shikigva=80
4:203  0:004  ...adding arg:shikigva=80
4:207  0:004  after NVRAM boot-args=-v agdpmod=pikera keepsyms=1 alcid=11 shikigva=80 
4:212  0:004  Scanning legacy ...
4:216  0:004  === [ Dump SMC keys from NVRAM ] ================
4:220  0:004  found AppleSMC protocol
4:232  0:012     fakesmc-key-RVBF-ch8*:02 46 0F 00 00 12 
4:265  0:033     fakesmc-key-#KEY-ui32:00 00 00 11 
4:292  0:026     fakesmc-key-$Adr-ui32:00 00 03 00 
4:317  0:025     fakesmc-key-$Num-ui8:01 
4:330  0:013     fakesmc-key-RMde-char:41 
4:344  0:013     fakesmc-key-RBr -ch8*:6A 31 33 38 5F 39 00 00 
4:386  0:041     fakesmc-key-EPCI-ui32:09 D0 F0 00 
4:411  0:025     fakesmc-key-REV -ch8*:02 46 0F 00 00 12 
4:444  0:032     fakesmc-key-RPlt-ch8*:6A 31 33 38 00 00 00 00 
4:485  0:040     fakesmc-key-BEMB-flag:00 
4:498  0:013     fakesmc-key-BATP-flag:00 
4:511  0:013     fakesmc-key-BNum-ui8:00 
4:524  0:013     fakesmc-key-MSTc-ui8:00 
4:540  0:015     fakesmc-key-MSAc-ui16:00 00 
4:557  0:017     fakesmc-key-MSWr-ui8:00 
4:572  0:014     fakesmc-key-MSFW-ui8:01 00 
4:589  0:017     fakesmc-key-MSPS-ui16:00 03 
4:613  0:023  Registered 17 SMC keys
4:621  0:008  === [ ScanLoader ] ==============================
4:625  0:004  - [01]: 'EFI'
4:651  0:026  - [02]: 'Dati'
4:680  0:029  - [04]: 'EFI'
4:691  0:010        AddLoaderEntry for Volume Name=EFI, idx=0
4:695  0:004        OSVersion= 
4:699  0:003        IconName=unknown comma=-1 size=7
4:703  0:003        Full=unknown
4:707  0:003        Loader entry created for 'PciRoot(0x0)\Pci(0x1D,0x0)\Pci(0x0,0x0)\NVMe(0x1,CA-8F-B2-81-58-38-25-00)\HD(1,GPT,6E40A227-DDED-4325-B7CE-3959620EB39E,0x28,0x64000)\EFI\BOOT\BOOTX64.efi'
4:711  0:004       hiding entry: \EFI\BOOT\BOOTX64.efi
4:716  0:004        Menu entry added at index 0
4:719  0:003       hiding entry because DiskKind is DISK_KIND_INTERNAL: \EFI\BOOT\BOOTX64.efi
4:723  0:003  - [06]: 'Preboot'
4:731  0:007      ApfsContainerUUID=85F3C012-2D6D-4FA1-A77E-71D7470E7FA2
4:735  0:004      ApfsFileSystemUUID=7D8F73F2-B8D5-4193-BB89-C99D72294438
4:742  0:006      APFSTargetUUID=A490645D-B724-4FBC-9AC8-F7A23B1C4935
4:749  0:006        contentDetails name:Macintosh HD
4:754  0:004        AddLoaderEntry for Volume Name=Preboot, idx=1
4:758  0:004        OSVersion=14.4 
4:762  0:003        Check if volume Is Hibernated:
4:765  0:003        Check sleep image 'by signature':
4:769  0:003        using default sleep image name = \private\var\vm\sleepimage
4:773  0:004        cannot open sleepimage -> Not Found
4:777  0:003        hibernated: no - sign
4:781  0:003        IconName=sonoma,mac comma=6 size=10
4:785  0:003        first=os_sonoma
4:789  0:004        Second=os_mac
4:793  0:004        IconName=unknown comma=-1 size=7
4:798  0:004        Full=unknown
4:801  0:003        Loader entry created for 'PciRoot(0x0)\Pci(0x1D,0x0)\Pci(0x0,0x0)\NVMe(0x1,CA-8F-B2-81-58-38-25-00)\HD(2,GPT,9508A8C6-F9B9-4EDD-ABC7-C1C4A019C410,0x64028,0x3A321FE0)\VenMedia(BE74FCF7-0B7C-49F3-9147-01F4042E6842,F2738F7DD5B89341BB89C99D72294438)\A490645D-B724-4FBC-9AC8-F7A23B1C4935\System\Library\CoreServices\boot.efi'
4:806  0:004        Menu entry added at index 1
4:810  0:003  - [07]: 'Macintosh HD - Dati'
4:818  0:007      ApfsContainerUUID=85F3C012-2D6D-4FA1-A77E-71D7470E7FA2
4:822  0:003      ApfsFileSystemUUID=A490645D-B724-4FBC-9AC8-F7A23B1C4935
4:827  0:004  - [08]: 'Recovery'
4:834  0:007      ApfsContainerUUID=85F3C012-2D6D-4FA1-A77E-71D7470E7FA2
4:838  0:003      ApfsFileSystemUUID=9170D6B6-29A5-4BBA-A673-6F0E24A99093
4:843  0:004      APFSTargetUUID=A490645D-B724-4FBC-9AC8-F7A23B1C4935
4:847  0:004        contentDetails name:Macintosh HD
4:851  0:004        AddLoaderEntry for Volume Name=Recovery, idx=2
4:856  0:004        OSVersion=14.4 
4:860  0:004        IconName=sonoma,mac comma=6 size=10
4:864  0:003        first=os_sonoma
4:868  0:003        Second=os_mac
4:872  0:004        IconName=unknown comma=-1 size=7
4:876  0:003        Full=unknown
4:880  0:003        Loader entry created for 'PciRoot(0x0)\Pci(0x1D,0x0)\Pci(0x0,0x0)\NVMe(0x1,CA-8F-B2-81-58-38-25-00)\HD(2,GPT,9508A8C6-F9B9-4EDD-ABC7-C1C4A019C410,0x64028,0x3A321FE0)\VenMedia(BE74FCF7-0B7C-49F3-9147-01F4042E6842,B6D67091A529BA4BA6736F0E24A99093)\A490645D-B724-4FBC-9AC8-F7A23B1C4935\BaseSystem.dmg'
4:885  0:005        Menu entry added at index 2
4:889  0:004  - [09]: 'Macintosh HD'
4:897  0:007      ApfsContainerUUID=85F3C012-2D6D-4FA1-A77E-71D7470E7FA2
4:901  0:003      ApfsFileSystemUUID=88F90BC3-2CC3-4B72-B297-A45648EE79C3
4:910  0:009  - [10]: 'Update'
4:918  0:007      ApfsContainerUUID=85F3C012-2D6D-4FA1-A77E-71D7470E7FA2
4:922  0:004      ApfsFileSystemUUID=B0C82F98-F2B1-412A-B736-D33F4320CF33
4:926  0:003  - [11]: 'VM'
4:934  0:008      ApfsContainerUUID=85F3C012-2D6D-4FA1-A77E-71D7470E7FA2
4:938  0:004      ApfsFileSystemUUID=28A6BFD0-2CAA-4875-AE15-EA6E25144D32
4:942  0:003  Entries list before ordering
4:946  0:003      Entry 0 : Boot UEFI internal from EFI (hidden)
4:950  0:004      Entry 1 : Boot Mac OS from Macintosh HD via Preboot
4:954  0:004      Entry 2 : Boot Mac OS Recovery for Macintosh HD via Recovery
4:958  0:004  Entries list after ordering
4:962  0:004    Entry 0 : Boot UEFI internal from EFI (hidden)
4:966  0:003    Entry 1 : Boot Mac OS from Macintosh HD via Preboot
4:970  0:004    Entry 2 : Boot Mac OS Recovery for Macintosh HD via Recovery
4:975  0:004  === [ AddCustomTool ] ===========================
4:979  0:004  found tool \EFI\CLOVER\tools\Shell64U.efi
4:983  0:004  Checking EFI partition Volume 1 for Clover
4:989  0:005   Found Clover
4:993  0:004  === [ GetEfiBootDeviceFromNvram ] ===============
4:997  0:004   - [!] efi-boot-device-data not found
5:001  0:003  Default boot entry not found
5:005  0:004  BannerPlace at Clear Screen [619,68]
5:024  0:018  GUI ready
1615:729  1610:704  Boot option 0 has other volume name Macintosh HDboot.efi
1615:733  0:004  === [ StartLoader ] =============================
1615:737  0:004  Starting PciRoot(0x0)\Pci(0x1D,0x0)\Pci(0x0,0x0)\NVMe(0x1,CA-8F-B2-81-58-38-25-00)\HD(2,GPT,9508A8C6-F9B9-4EDD-ABC7-C1C4A019C410,0x64028,0x3A321FE0)\VenMedia(BE74FCF7-0B7C-49F3-9147-01F4042E6842,F2738F7DD5B89341BB89C99D72294438)\A490645D-B724-4FBC-9AC8-F7A23B1C4935\System\Library\CoreServices\boot.efi
1615:741  0:004  Finally: ExternalClock=26MHz BusSpeed=100014kHz CPUFreq=3600MHz PIS: hw.busfrequency=104000000Hz
1615:749  0:008  Beginning OC
1615:753  0:004  OCST: Missing vault data, ignoring...
1615:758  0:004  AddKextsInArray from Other
1615:762  0:004  ->Extra kext: Other\USBMap.kext (v.1.0)
1615:766  0:004  ->Extra kext: Other\WhateverGreen.kext (v.1.6.1)
1615:770  0:004  ->Extra kext: Other\NVMeFix.kext (v.1.1.0)
1615:774  0:004  ->Extra kext: Other\IntelMausi.kext (v.1.0.7)
1615:779  0:004  ->Extra kext: Other\Lilu.kext (v.1.6.9)
1615:783  0:004  ->Extra kext: Other\SMCProcessor.kext (v.1.3.0)
1615:787  0:004  ->Extra kext: Other\SMCSuperIO.kext (v.1.3.0)
1615:790  0:003  ->Extra kext: Other\VirtualSMC.kext (v.1.3.0)
1615:795  0:004  AddKextsInArray from Off
1615:799  0:004  AddKextsInArray from 14
1615:803  0:004  AddKextsInArray from 14_normal
1615:810  0:006  AddKextsInArray from 14.4
1615:814  0:003  AddKextsInArray from 14.4_normal
1615:818  0:004  AddKextsInArray from 14.4.0
1615:822  0:004  AddKextsInArray from 14.4.0_normal
1615:826  0:004  Bridge kext to OC : Path=Other\Lilu.kext
1615:834  0:008  Bridge kext to OC : Path=Other\VirtualSMC.kext
1615:840  0:005  Bridge kext to OC : Path=Other\WhateverGreen.kext
1615:845  0:005  Bridge kext to OC : Path=Other\SMCProcessor.kext
1615:850  0:005  Bridge kext to OC : Path=Other\SMCSuperIO.kext
1615:855  0:004  Bridge kext to OC : Path=Other\USBMap.kext
1615:859  0:004  Bridge kext to OC : Path=Other\NVMeFix.kext
1615:864  0:004  Bridge kext to OC : Path=Other\IntelMausi.kext
1615:872  0:007  Start 'OpenRuntime.efi' : Status Success
1615:876  0:004  OC: config config.plist
1615:880  0:004  OC: Got 0 drivers
1615:884  0:003  OC: OpenCore DBG-102-2024-09-12 is loading in Optional mode (0/0)...
1615:888  0:004  OC: StorageHandle 0 with  LauncherOption pointing to 
1615:893  0:004  OcOSInfoInstallProtocol
1615:897  0:004  OCRTC: OcAppleRtcRamInstallProtocol
1615:901  0:004  OCRTC: Wake log is 0x00 0x00   0 0x00
1615:906  0:004  OcAppleFbInfoInstallProtocol
1615:910  0:004  OcAppleEg2InfoInstallProtocol
1615:914  0:004  OCEG: Discovered rotate NVRAM override to 0
1615:918  0:004  OC: Loading Apple Secure Boot with Disabled (level 0)
1615:923  0:004  OCABC: ALRBL 0 RTDFRG 1 DEVMMIO 1 NOSU 0 NOVRWR 0 NOSB 0 FBSIG 0 NOHBMAP 0 SMSLIDE 1 WRUNPROT 1
1615:927  0:004  OCABC: FEXITBS 0 PRMRG 0 CSLIDE 1 MSLIDE 0 PRSRV 1 RBMAP 1 VMAP 1 APPLOS 0 RTPERMS 1 ARBAR -1 RBIO 0
1615:931  0:004  OCABC: Got rendezvous with OpenRuntime r12
1615:935  0:003  OCABC: MAT support is 1
1615:939  0:003  OC: RequestBootVarRouting 0
1615:944  0:004  OCDM: Found 0x20046/0x2003C UEFI version (376 bytes, 0 rebuilding to 376) gST 7AB3B018 gBS 6D82E3A0 gBS->CreateEventEx 6D81C904 &gBS 6D5062C0
1615:948  0:004  OC: Setting GPU BARs to 0
1615:953  0:004  OCDM: RBAR using PciIo
1615:957  0:003  OCDM: Setting RBAR to 0 inc 1 on 3/18
1615:961  0:004  OCDM: Capability I/O error - Unsupported
1615:965  0:004  OCDM: RBAR is unsupported by device - Device Error
1615:969  0:004  OCDM: Setting RBAR to 0 inc 1 on 5/18
1615:973  0:004  OCDM: Capability I/O error - Unsupported
1615:977  0:004  OCDM: RBAR is unsupported by device - Device Error
1615:982  0:004  OC: Got 0 drivers
1615:987  0:004  OCC: Installing GOP (Unsupported) on ConsoleOutHandle...
1615:991  0:004  OC: Requested resolution is 1920x1080@0 (max: 0, force: 0) from 1920x1080
1615:995  0:004  OCC: Using builtin text renderer with 1 scale
1615:999  0:003  OCC: Install console control (6D4F13D0/6D815D88/0), current - Success
1616:003  0:003  OCC: Setup ASCII Output - Success
1616:007  0:004  OC: Requested console mode is 0x0 (max: 0) from 
1616:011  0:004  OC: Invalid HibernateMode: 
1616:015  0:004  OC: Translated HibernateMode  to 0
1616:019  0:004  OC: Hibernation activation - Invalid Parameter, hibernation wake - no
1616:023  0:003  OC: Panic log does not exist
1616:028  0:004  OCABC: IsEfiBootRt 0 (BP 1, Apple 0)
1616:033  0:005  OCB: Arch filtering 72D5B018(723512)->72D5B018(723512) caps 0 - Success
1616:043  0:010  ImageHandle = 73008418
1616:054  0:010  GetOSVersion: 14.4 (s)
1616:064  0:010  Will not patch boot.efi
1616:068  0:004  Using latest BiosVersion from config instead of default 'IM191.88Z.F000.B00.2302212211'
1616:072  0:004  Using latest BiosReleaseDate from config instead of default '02/21/2023'
1616:076  0:003  BiosVersion: IM191.88Z.F000.B00.2308061817
1616:080  0:004  BiosReleaseDate: 08/06/2023
1616:084  0:004  EfiVersion: 1968.100.16.0.1
1616:088  0:004  SMBIOS reloaded with model iMac19,1
1616:092  0:003  Set FakeCPUID: 0x0
1616:096  0:003  === [ PatchSmbios ] =============================
1616:100  0:004  UpdateSmbiosString : BiosVersion=EfiVersion=1968.100.16.0.1
1616:104  0:003  UpdateSmbiosString : ReleaseDate=08/06/2023
1616:108  0:004  void PatchTableType1(const SmbiosInjectedSettings&) : UpdateSmbiosString ProductName=iMac19,1
1616:113  0:004  void PatchTableType2(const SmbiosInjectedSettings&) : UpdateSmbiosString ProductName=BoardNumber=Mac-AA95B1DDAB278B95
1616:116  0:003  void PatchTableType2(const SmbiosInjectedSettings&) : UpdateSmbiosString Version=BoardVersion=iMac19,1
1616:121  0:004  insert table 9 for dev 0:0
1616:124  0:003  insert table 9 for dev 0:1
1616:128  0:003  insert table 9 for dev 1F:6
1616:132  0:003  Table 11 present, but rewritten for us
1616:137  0:005  Do not inject memory table
1616:142  0:004  Trusting SMBIOS...
1616:146  0:003  Channels: 1
1616:150  0:004  Interleave: 0 1 2 3
1616:174  0:024  trusted SMBIOS data, table index 0:
1616:178  0:003    gRAM.SMBIOS[0]->ModuleSize = 8192
1616:182  0:004    gRAM.SMBIOS[0]->Type = 0
1616:186  0:004    gRAM.SMBIOS[0]->Frequency = 3200
1616:190  0:004    gRAM.SMBIOS[0]->Vendor = Corsair
1616:194  0:003    gRAM.SMBIOS[0]->PartNo = CMK16GX4M2K4266C19
1616:198  0:004    gRAM.SMBIOS[0]->SerialNo = 00000000
1616:202  0:004  SPD data in use:
1616:209  0:007    gRAM.SPD[0]->ModuleSize = 8192
1616:214  0:004    gRAM.SPD[0]->Type = 26
1616:218  0:004    gRAM.SPD[0]->Frequency = 4264
1616:222  0:004    gRAM.SPD[0]->Vendor = Corsair
1616:226  0:004    gRAM.SPD[0]->SerialNo = 00000000
1616:230  0:003    gRAM.SPD[0]->PartNo = CMK16GX4M2K4266C19
1616:234  0:003    SMBIOS Type 17 Index = 0 => SMBIOSIndex=0 SPDIndex=0:
1616:238  0:004  BANK 0 DIMM0 4264MHz 8192MB(Ext:0MB)
1616:242  0:004  trusted SMBIOS data, table index 1:
1616:246  0:004    gRAM.SMBIOS[1]->ModuleSize = 8192
1616:250  0:004    gRAM.SMBIOS[1]->Type = 0
1616:254  0:004    gRAM.SMBIOS[1]->Frequency = 3200
1616:258  0:003    gRAM.SMBIOS[1]->Vendor = Corsair
1616:262  0:004    gRAM.SMBIOS[1]->PartNo = CMK16GX4M2K4266C19
1616:266  0:004    gRAM.SMBIOS[1]->SerialNo = 00000000
1616:270  0:004  SPD data in use:
1616:275  0:004    gRAM.SPD[1]->ModuleSize = 8192
1616:279  0:004    gRAM.SPD[1]->Type = 26
1616:283  0:004    gRAM.SPD[1]->Frequency = 4264
1616:287  0:004    gRAM.SPD[1]->Vendor = Corsair
1616:291  0:004    gRAM.SPD[1]->SerialNo = 00000000
1616:295  0:004    gRAM.SPD[1]->PartNo = CMK16GX4M2K4266C19
1616:299  0:003    SMBIOS Type 17 Index = 1 => SMBIOSIndex=1 SPDIndex=1:
1616:303  0:004  BANK 0 DIMM1 4264MHz 8192MB(Ext:0MB)
1616:307  0:004  !trusted SMBIOS data, Table index 2:!gRAM.SMBIOS.doesSlotForIndexExist(SMBIOSIndex) 
1616:319  0:011    SMBIOS Type 17 Index = 2 => SMBIOSIndex=2 SPDIndex=2:
1616:323  0:004  BANK 0 DIMM2 EMPTY
1616:327  0:004  !trusted SMBIOS data, Table index 3:!gRAM.SMBIOS.doesSlotForIndexExist(SMBIOSIndex) 
1616:339  0:011    SMBIOS Type 17 Index = 3 => SMBIOSIndex=3 SPDIndex=3:
1616:343  0:004  BANK 0 DIMM3 EMPTY
1616:347  0:004  mTotalSystemMemory = 16384
1616:351  0:003  NumberOfMemoryDevices = 4
1616:355  0:003  Type20[0]->End = 0x7FFFFF, Type17[0] = 2000
1616:359  0:004  Type20[1]->End = 0xFFFFFF, Type17[1] = 6000
1616:363  0:004  Table 131 is present, CPUType=35
1616:367  0:003  Change to: 1005
1616:371  0:004  === [ PatchACPI ] ===============================
1616:378  0:006  OCABC: AllocPages 1 0x7A308000 (1) - Success
1616:382  0:004  Xsdt reallocation done
1616:387  0:004  OCABC: AllocPages 1 0x7A307000 (1) - Success
1616:391  0:004  old FADT length=114
1616:395  0:004   SignatureFixup: 0x7173A1F4 -> 0x0
1616:399  0:004  Found OperationRegion(GNVS, SystemMemory, 7A345000, ...)
1616:403  0:004  Found OperationRegion(RAMW, SystemMemory, 7A349018, ...)
1616:408  0:004  Found OperationRegion(RAMX, SystemMemory, 7A2A5018, ...)
1616:412  0:004  Found OperationRegion(PNVA, SystemMemory, 7A3D1B98, ...)
1616:416  0:004  Found OperationRegion(THBA, SystemMemory, FE200000, ...)
1616:421  0:004  Found OperationRegion(BNVS, SystemMemory, 7A35A000, ...)
1616:425  0:004  Found OperationRegion(SMBD, SystemMemory, E00FC004, ...)
1616:429  0:004  Found OperationRegion(TMMB, SystemMemory, FED40000, ...)
1616:433  0:004  Found OperationRegion(CRBD, SystemMemory, FED40000, ...)
1616:437  0:004  Found OperationRegion(TPMR, SystemMemory, FED40040, ...)
1616:442  0:004  Found OperationRegion(ATNV, SystemMemory, 7A3D1F98, ...)
1616:446  0:004  Found OperationRegion(WPBR, SystemMemory, 7A333000, ...)
1616:451  0:004  OCABC: AllocPages 1 0x7A2B8000 (79) - Success
1616:455  0:003  Apply DsdtFixMask=0x10400000
1616:459  0:004  === [ FixBiosDsdt ] =============================
1616:463  0:004  Patching DSDT:
1616:467  0:004   - [change EC0 to EC]: pattern 4543305F, patched at: [ (F96F) ]
1616:488  0:020   - [change HECI to IMEI]: pattern 48454349, patched at: [ (18CAE) ]
1616:509  0:021   deleting device CRT_
1616:518  0:008   deleting device DVI_
1616:526  0:008   deleting device SPKR
1616:535  0:008   deleting device ECP_
1616:543  0:008   deleting device LPT_
1616:551  0:008   deleting device FDC0
1616:560  0:008   deleting device ECP1
1616:568  0:008   deleting device LPT1
1616:577  0:008   deleting device FDC_
1616:585  0:008    indirect name=RAMB
1616:589  0:004    indirect name=RAMA
1616:593  0:004    indirect name=PNVB
1616:598  0:004  OperationRegion (THBA...) corrected from 0x0 to addr=0xFE200000
1616:602  0:004    indirect name=TPMM
1616:606  0:004    indirect name=FTPM
1616:610  0:004    indirect name=PPIM
1616:614  0:004  PreCleanup XSDT: count=25, length=236
1616:618  0:004  PreCleanup XSDT, corrected XSDT: count=25, length=236
1616:622  0:004  === [ ACPIPatchedAML ] ==========================
1616:627  0:004  AutoMerge pass 1
1616:631  0:004  Unsorted
1616:635  0:004  Inserting SSDT-AWAC.aml from \EFI\CLOVER\ACPI\patched: ignore on pass 1
1616:643  0:008  Inserting SSDT-EC-USBX.aml from \EFI\CLOVER\ACPI\patched: ignore on pass 1
1616:651  0:008  Inserting SSDT-PLUG.aml from \EFI\CLOVER\ACPI\patched: ignore on pass 1
1616:659  0:008  Inserting SSDT-PMC.aml from \EFI\CLOVER\ACPI\patched: ignore on pass 1
1616:667  0:008  Inserting SSDT-UIAC.aml from \EFI\CLOVER\ACPI\patched: ignore on pass 1
1616:675  0:008  === [ ACPIDropTables ] ==========================
1616:680  0:004  OCABC: AllocPages 1 0x7A2B6000 (2) - Success
1616:684  0:004  OCABC: AllocPages 1 0x7A2B6000 (2) - Success
1616:688  0:003  OCABC: AllocPages 1 0x7A2B6000 (2) - Success
1616:692  0:004  OCABC: AllocPages 1 0x7A2B6000 (2) - Success
1616:696  0:004  OCABC: AllocPages 1 0x7A2B6000 (2) - Success
1616:700  0:004  OCABC: AllocPages 1 0x7A2B6000 (2) - Success
1616:704  0:004  Patching SSDTs: 2 patches each
1616:708  0:004   pattern 4543305F, bin not found / already patched!
1616:716  0:007   pattern 48454349, bin not found / already patched!
1616:724  0:008  OCABC: AllocPages 1 0x7A2B3000 (3) - Success
1616:728  0:004  Patching SSDTs: 2 patches each
1616:733  0:004   pattern 4543305F, bin not found / already patched!
1616:741  0:008   pattern 48454349, bin not found / already patched!
1616:749  0:008  Found OperationRegion(PNVS, SystemMemory, 7ADF2000, ...)
1616:753  0:004  OCABC: AllocPages 1 0x7A2AE000 (5) - Success
1616:757  0:004  Patching SSDTs: 2 patches each
1616:761  0:004   pattern 4543305F, bin not found / already patched!
1616:770  0:008   pattern 48454349, bin not found / already patched!
1616:778  0:008  Found OperationRegion(SANV, SystemMemory, 7A3D1118, ...)
1616:782  0:003  OCABC: AllocPages 1 0x7A2AA000 (4) - Success
1616:786  0:004  Patching SSDTs: 2 patches each
1616:790  0:004   pattern 4543305F, bin not found / already patched!
1616:798  0:008   pattern 48454349, bin not found / already patched!
1616:806  0:007  OCABC: AllocPages 1 0x7A2A8000 (2) - Success
1616:810  0:004  OCABC: AllocPages 1 0x7A2A8000 (2) - Success
1616:814  0:004  Patching SSDTs: 2 patches each
1616:818  0:003   pattern 4543305F, bin not found / already patched!
1616:826  0:008   pattern 48454349, bin not found / already patched!
1616:834  0:008  OCABC: AllocPages 1 0x7A129000 (4) - Success
1616:838  0:004  Patching SSDTs: 2 patches each
1616:842  0:003   pattern 4543305F, bin not found / already patched!
1616:850  0:007   pattern 48454349, bin not found / already patched!
1616:858  0:008  OCABC: AllocPages 1 0x7A2A6000 (2) - Success
1616:862  0:004  OCABC: AllocPages 1 0x7A2A6000 (2) - Success
1616:866  0:004  OCABC: AllocPages 1 0x7A125000 (4) - Success
1616:870  0:004  Patching SSDTs: 2 patches each
1616:874  0:003   pattern 4543305F, bin not found / already patched!
1616:882  0:008   pattern 48454349, bin not found / already patched!
1616:890  0:008  OCABC: AllocPages 1 0x7A2A6000 (2) - Success
1616:894  0:004  Patching SSDTs: 2 patches each
1616:898  0:003   pattern 4543305F, bin not found / already patched!
1616:907  0:008   pattern 48454349, bin not found / already patched!
1616:915  0:008  OCABC: AllocPages 1 0x7A123000 (2) - Success
1616:919  0:004  OCABC: AllocPages 1 0x7A123000 (2) - Success
1616:923  0:004  OCABC: AllocPages 1 0x7A122000 (3) - Success
1616:927  0:003  Patching SSDTs: 2 patches each
1616:931  0:004   pattern 4543305F, bin not found / already patched!
1616:941  0:010   pattern 48454349, bin not found / already patched!
1616:953  0:011  OCABC: AllocPages 1 0x7A120000 (2) - Success
1616:960  0:007  Patching SSDTs: 2 patches each
1616:964  0:004   pattern 4543305F, bin not found / already patched!
1616:972  0:007   pattern 48454349, bin not found / already patched!
1616:980  0:008  Found OperationRegion(ADHD, SystemMemory, 78C93000, ...)
1616:983  0:003  Found OperationRegion(ABLK, SystemMemory, 78C93020, ...)
1616:987  0:004  OCABC: AllocPages 1 0x7A110000 (16) - Success
1616:992  0:004  OCABC: AllocPages 1 0x7A11E000 (2) - Success
1616:996  0:004  OCABC: AllocPages 1 0x7A11E000 (2) - Success
1617:000  0:004  OCABC: AllocPages 1 0x7A11E000 (2) - Success
1617:004  0:004  === [ ACPIPatchedAML ] ==========================
1617:008  0:003  AutoMerge pass 2
1617:012  0:004  Unsorted
1617:016  0:004  Inserting SSDT-AWAC.aml from \EFI\CLOVER\ACPI\patched: size=73 OCABC: AllocPages 1 0x7A11F000 (1) - Success
... Success
1617:033  0:016  Inserting SSDT-EC-USBX.aml from \EFI\CLOVER\ACPI\patched: size=7341 OCABC: AllocPages 1 0x7A11D000 (2) - Success
... Success
1617:049  0:016  Inserting SSDT-PLUG.aml from \EFI\CLOVER\ACPI\patched: size=693 OCABC: AllocPages 1 0x7A11C000 (1) - Success
... Success
1617:065  0:016  Inserting SSDT-PMC.aml from \EFI\CLOVER\ACPI\patched: size=414 OCABC: AllocPages 1 0x7A11B000 (1) - Success
... Success
1617:082  0:016  Inserting SSDT-UIAC.aml from \EFI\CLOVER\ACPI\patched: size=693 OCABC: AllocPages 1 0x7A11A000 (1) - Success
... Success
1617:098  0:016  ApicCPUNum=1
1617:102  0:004  Maximum control=0x24
1617:106  0:003  Turbo control=0x31
1617:110  0:004  P-States: min 0x8, max 0x31
1617:114  0:004  SSDT with plugin-type without P-States is generated
1617:118  0:004  OCABC: AllocPages 1 0x7A119000 (1) - Success
1617:122  0:004  Cleanup XSDT: count=31, length=284
1617:126  0:004  corrected XSDT count=31, length=284
1617:133  0:006  === [ RestSetup macOS ] =========================
1617:140  0:006  ATI injection not set
1617:144  0:004  Intel GFX injection not set
1617:148  0:004   RCBA disabled; cannot use it
1617:152  0:004   setting specified layout-id=1 (0x1)
1617:157  0:004  stringlength = 458
1617:161  0:004  OCABC: AllocPages 1 0x7A118000 (1) - Success
1617:165  0:004  CurrentMode: Width=1366 Height=768
1617:169  0:004  SetNvramVariable (system-id, 4D1EDE05-38C7-4A6A-9CC6-4BCCA8B38C14, 0x2, 16): -> writing new (Success)
1617:178  0:008  SetNvramVariable (MLB, 4D1EDE05-38C7-4A6A-9CC6-4BCCA8B38C14, 0x6, 17): -> writing new (Success)
1617:187  0:008  SetNvramVariable (ROM, 4D1EDE05-38C7-4A6A-9CC6-4BCCA8B38C14, 0x6, 6): -> writing new (Success)
1617:196  0:009  SetNvramVariable (FirmwareFeatures, 4D1EDE05-38C7-4A6A-9CC6-4BCCA8B38C14, 0x6, 4): -> writing new (Success)
1617:205  0:009  SetNvramVariable (FirmwareFeaturesMask, 4D1EDE05-38C7-4A6A-9CC6-4BCCA8B38C14, 0x6, 4): -> writing new (Success)
1617:214  0:009  SetNvramVariable (ExtendedFirmwareFeatures, 4D1EDE05-38C7-4A6A-9CC6-4BCCA8B38C14, 0x6, 8): -> writing new (Success)
1617:223  0:009  SetNvramVariable (ExtendedFirmwareFeaturesMask, 4D1EDE05-38C7-4A6A-9CC6-4BCCA8B38C14, 0x6, 8): -> writing new (Success)
1617:232  0:009  AddNvramVariable (HW_BID, 4D1EDE05-38C7-4A6A-9CC6-4BCCA8B38C14, 0x6, 20): -> writing new (Success)
1617:241  0:008  AddNvramVariable (security-mode, 7C436110-AB2A-4BBB-A880-FE41995C9F82, 0x7, 5): -> already exists, abort
1617:249  0:008  set DefaultBackgroundColor=0xfbfbfb
1617:253  0:004  SetNvramVariable (DefaultBackgroundColor, 4D1EDE05-38C7-4A6A-9CC6-4BCCA8B38C14, 0x7, 4): -> writing new (Success)
1617:266  0:012  SetNvramVariable (ActualDensity, 7C436110-AB2A-4BBB-A880-FE41995C9F82, 0x7, 2): exists(0x7, 2), equal -> not writing again.
1617:278  0:012  SetNvramVariable (DensityThreshold, 7C436110-AB2A-4BBB-A880-FE41995C9F82, 0x7, 2): exists(0x7, 2), equal -> not writing again.
1617:290  0:012  SetNvramVariable (gfx-saved-config-restore-status, 4D1EDE05-38C7-4A6A-9CC6-4BCCA8B38C14, 0x7, 8): exists(0x7, 8), equal -> not writing again.
1617:303  0:013  DeleteNvramVariable (UIScale, 4D1EDE05-38C7-4A6A-9CC6-4BCCA8B38C14):
1617:308  0:004  DeleteNvramVariable (EFILoginHiDPI, 7C436110-AB2A-4BBB-A880-FE41995C9F82):
1617:312  0:004  SetNvramVariable (flagstate, 7C436110-AB2A-4BBB-A880-FE41995C9F82, 0x7, 32): exists(0x7, 32), equal -> not writing again.
1617:324  0:012  SetNvramVariable (csr-active-config, 7C436110-AB2A-4BBB-A880-FE41995C9F82, 0x7, 4): exists(0x7, 4), equal -> not writing again.
1617:338  0:013  DeleteNvramVariable (BridgeOSHardwareModel, 4D1EDE05-38C7-4A6A-9CC6-4BCCA8B38C14):
1617:342  0:004  DeleteNvramVariable (bootercfg, 7C436110-AB2A-4BBB-A880-FE41995C9F82):
1617:347  0:004  DeleteNvramVariable (nvda_drv, 7C436110-AB2A-4BBB-A880-FE41995C9F82):
1617:352  0:004  DeleteNvramVariable (recovery-boot-mode, 7C436110-AB2A-4BBB-A880-FE41995C9F82):
1617:356  0:004  AddNvramVariable (wake-failure, 7C436110-AB2A-4BBB-A880-FE41995C9F82, 0x7, 5): -> already exists, abort
1617:365  0:008  DeleteNvramVariable (opencore-version, 7C436110-AB2A-4BBB-A880-FE41995C9F82):
1617:370  0:004  DeleteNvramVariable (ApBoardID, 94B73556-2197-4702-82A8-3E1337DAFBFB):
1617:375  0:004  DeleteNvramVariable (ApSecurityDomain, 94B73556-2197-4702-82A8-3E1337DAFBFB):
1617:379  0:004  DeleteNvramVariable (ApProductionStatus, 94B73556-2197-4702-82A8-3E1337DAFBFB):
1617:384  0:004  DeleteNvramVariable (ApSecurityMode, 94B73556-2197-4702-82A8-3E1337DAFBFB):
1617:389  0:004  DeleteNvramVariable (EffectiveProductionStatus, 94B73556-2197-4702-82A8-3E1337DAFBFB):
1617:395  0:006  DeleteNvramVariable (EffectiveSecurityMode, 94B73556-2197-4702-82A8-3E1337DAFBFB):
1617:400  0:004  DeleteNvramVariable (CertificateEpoch, 94B73556-2197-4702-82A8-3E1337DAFBFB):
1617:405  0:004  DeleteNvramVariable (MixNMatchPreventionStatus, 94B73556-2197-4702-82A8-3E1337DAFBFB):
1617:412  0:007  DeleteNvramVariable (CryptoDigestMethod, 94B73556-2197-4702-82A8-3E1337DAFBFB):
1617:417  0:004  DeleteNvramVariable (InternalUseOnlyUnit, 94B73556-2197-4702-82A8-3E1337DAFBFB):
1617:422  0:004  DeleteNvramVariable (ApECID, 94B73556-2197-4702-82A8-3E1337DAFBFB):
1617:427  0:004  DeleteNvramVariable (HardwareModel, 94B73556-2197-4702-82A8-3E1337DAFBFB):
1617:430  0:003  Use origin smbios table type 1 guid.
1617:454  0:023  DeleteNvramVariable (efi-boot-device, 7C436110-AB2A-4BBB-A880-FE41995C9F82):
1617:458  0:004  DeleteNvramVariable (efi-boot-device-data, 7C436110-AB2A-4BBB-A880-FE41995C9F82):
1617:463  0:004  DeleteNvramVariable (BootCampHD, 7C436110-AB2A-4BBB-A880-FE41995C9F82):
1617:467  0:004  Custom boot screen not used because entry has unset use graphics
1617:473  0:005  DeleteNvramVariable (IOHibernateRTCVariables, 7C436110-AB2A-4BBB-A880-FE41995C9F82):
1617:477  0:004  DeleteNvramVariable (boot-image, 7C436110-AB2A-4BBB-A880-FE41995C9F82):
1617:482  0:004  Kernel quirks
1617:486  0:004  ACPCL 1 AXCL 1 AXEM 0 AXFB 0 CSG 0 DIM 0 DLJ 0 DRC 1 DPM 0 EBTFF 0 EDI 0 FAI 0 IPBS 0 LKP 0 PNKD 0 PTKP 0 TPD 0 XPL 0 PCC 0
1617:490  0:004  Closing log
1617:494  0:004  OCABC: AllocPages 2 0x91000 (14) - Success
1617:498  0:003  OCABC: AllocPages 2 0x6F762000 (14) - Success
1617:502  0:003  OCABC: Recovering trashed GetMemoryMap pointer
1617:511  0:008  OCABC: Patching safe mode sur-2 at off ACF4
1617:517  0:006  OCABC: AllocPages 2 0x777E6000 (512) - Success
1617:522  0:004  OCABC: AllocPages 2 0x777E5000 (1) - Success
1617:526  0:004  OC: Supported boot capabilities 4
1617:530  0:003  OCABC: AllocPages 2 0x777E4000 (1) - Success
1617:534  0:004  OCABC: MMIO devirt start
1617:538  0:004  OCABC: MMIO devirt 0xE0000000 (0x10000 pages, 0x800000000000100D) skip 0
1617:542  0:004  OCABC: MMIO devirt 0xFE000000 (0x11 pages, 0x8000000000000001) skip 0
1617:546  0:004  OCABC: MMIO devirt 0xFEC00000 (0x1 pages, 0x800000000000100D) skip 0
1617:550  0:004  OCABC: MMIO devirt 0xFED00000 (0x4 pages, 0x800000000000100D) skip 0
1617:554  0:003  OCABC: MMIO devirt 0xFEE00000 (0x1 pages, 0x8000000000000001) skip 0
1617:558  0:003  OCABC: MMIO devirt 0xFF000000 (0x1000 pages, 0x800000000000100D) skip 0
1617:562  0:004  OCABC: MMIO devirt end, saved 278620 KB
1617:566  0:004  OCABC: All slides are usable! You can disable ProvideCustomSlide!
1617:572  0:005  OCOS: OS set: <null> macOS 11.0
1617:576  0:003  OCOS: OS set: Apple Inc. macOS 11.0
1617:580  0:003  OCOS: Should use black background
1617:584  0:004  OCABC: AllocPages 1 0x6D2E4000 (1) - Success
1617:600  0:015  OC: Opening file System\Library\Kernels\kernel with 1 mode gave - Not Found
1617:604  0:004  OC: Opening file \A490645D-B724-4FBC-9AC8-F7A23B1C4935 with 1 mode gave - Success
1617:608  0:004  OC: Opening file \A490645D-B724-4FBC-9AC8-F7A23B1C4935\System\Library\CoreServices\com.apple.Boot.plist with 1 mode gave - Not Found
1617:613  0:004  OC: Opening file Library\Preferences\SystemConfiguration\com.apple.Boot.plist with 1 mode gave - Success
1617:617  0:004  OC: Opening file \A490645D-B724-4FBC-9AC8-F7A23B1C4935\System\Library\CoreServices\PlatformSupport.plist with 1 mode gave - Success
1617:621  0:004  OCABC: AllocPages 2 0x1C900000 (51544) - Success
1617:626  0:004  OC: Opening file System\Library\Caches\com.apple.corestorage\EncryptedRoot.plist.wipekey with 1 mode gave - Success
1617:636  0:010  OC: Opening file \A490645D-B724-4FBC-9AC8-F7A23B1C4935\System\Library\CoreServices\boot.efi with 1 mode gave - Success
1617:664  0:027  OC: Opening file boot\System\Library\KernelCollections\BootKernelExtensions.kc.development with 1 mode gave - Not Found
1617:681  0:017  OC: Opening file boot\System\Library\KernelCollections\BootKernelExtensions.kc with 1 mode gave - Success
1617:686  0:004  OC: Load and reserve Kext Other\Lilu.kext
1617:691  0:005  OC: Load and reserve Kext Other\VirtualSMC.kext
1617:696  0:004  OC: Load and reserve Kext Other\WhateverGreen.kext
1617:701  0:005  OC: Load and reserve Kext Other\SMCProcessor.kext
1617:706  0:004  OC: Load and reserve Kext Other\SMCSuperIO.kext
1617:710  0:004  OC: Load and reserve Kext Other\USBMap.kext
1617:715  0:004  OC: Load and reserve Kext Other\NVMeFix.kext
1617:720  0:004  OC: Load and reserve Kext Other\IntelMausi.kext
1617:725  0:005  OC: Kext reservation size info 50C000 exe 131000
1617:729  0:004  OC: Trying 64-bit XNU hook on boot\System\Library\KernelCollections\BootKernelExtensions.kc
1617:734  0:004  OCAK: Found 64-bit Mach-O compressed 0 offset 0 size 0
1617:738  0:004  OCAK: Determined kernel size is 62734336 bytes
1617:773  0:034  OC: Result of 64-bit XNU hook on boot\System\Library\KernelCollections\BootKernelExtensions.kc (00000000) is Success
1617:820  0:047  OCAK: Read kernel version 23.4.0 (230400)
1617:824  0:004  OCAK: 64-bit patcher base 0xFFFFFF8000200000 kmod 0x0 file 0x0
1617:829  0:005  OCAK: Zeroing _xcpm_core_scope_msrs 0xE2 applicable CPUs (76)
1617:833  0:004  OCAK: Zeroing _xcpm_core_scope_msrs 0xE2 applicable CPUs (406416)
1617:837  0:004  OCAK: Zeroing _xcpm_core_scope_msrs 0xE2 applicable CPUs (16384)
1617:842  0:004  Replace B9E20000000F30 by B9E20000009090 at ofs:30E
1617:914  0:071  Replace B9E20000000F30 by B9E20000009090 at ofs:39B
1617:983  0:069  OCAK: 64-bit XcpmCfgLockRel replace count - 2
1617:987  0:004  OCAK: [OK] Success XcpmCfgLock patch
1618:030  0:043  OCAK: as.vit9696.Lilu got KXLD 0 0
1618:034  0:004  OCAK: Requesting __LINKEDIT for as.vit9696.Lilu - 6CCA7438 at 3BD5000
1618:038  0:003  OCAK: Requesting SymbolTable for as.vit9696.Lilu - 551
1618:042  0:004  OCAK: Requesting __LINKEDIT for __kernel__ - 690DD688 at 0
1618:046  0:004  OCAK: Requesting SymbolTable for __kernel__ - 22799
1618:077  0:030  OCAK: Local relocs 689 on FFFFFF8003CD5000
1618:081  0:004  OC: Prelinked injection Other\Lilu.kext () - Success
1618:085  0:004  OCAK: as.vit9696.VirtualSMC got KXLD 0 0
1618:089  0:004  OCAK: Requesting __LINKEDIT for as.vit9696.VirtualSMC - 6CCD6438 at 3C04000
1618:093  0:003  OCAK: Requesting SymbolTable for as.vit9696.VirtualSMC - 453
1618:097  0:003  OCAK: Requesting SymbolTable for as.vit9696.Lilu - 159
1618:103  0:005  OCAK: Patching invalid size 2000 with 19DF000 for com.apple.iokit.IOACPIFamily
1618:107  0:004  OCAK: com.apple.iokit.IOACPIFamily got KXLD 0 0
1618:111  0:003  OCAK: Requesting __LINKEDIT for com.apple.iokit.IOACPIFamily - 6B2C8518 at 21F6000
1618:115  0:004  OCAK: Requesting SymbolTable for com.apple.iokit.IOACPIFamily - 544
1618:126  0:011  OCAK: Local relocs 515 on FFFFFF8003D04000
1618:131  0:004  OC: Prelinked injection Other\VirtualSMC.kext () - Success
1618:135  0:004  OCAK: as.vit9696.WhateverGreen got KXLD 0 0
1618:139  0:004  OCAK: Requesting __LINKEDIT for as.vit9696.WhateverGreen - 6CCF03E8 at 3C1E000
1618:143  0:003  OCAK: Requesting SymbolTable for as.vit9696.WhateverGreen - 445
1618:149  0:006  OCAK: Patching invalid size 32000 with 156F000 for com.apple.iokit.IOPCIFamily
1618:154  0:004  OCAK: com.apple.iokit.IOPCIFamily got KXLD 0 0
1618:158  0:004  OCAK: Requesting __LINKEDIT for com.apple.iokit.IOPCIFamily - 6B738518 at 2666000
1618:162  0:004  OCAK: Requesting SymbolTable for com.apple.iokit.IOPCIFamily - 1531
1618:176  0:014  OCAK: Local relocs 1837 on FFFFFF8003D1E000
1618:182  0:005  OC: Prelinked injection Other\WhateverGreen.kext () - Success
1618:186  0:004  OCAK: as.vit9696.SMCProcessor got KXLD 0 0
1618:190  0:004  OCAK: Requesting __LINKEDIT for as.vit9696.SMCProcessor - 6CD713E8 at 3C9F000
1618:194  0:004  OCAK: Requesting SymbolTable for as.vit9696.SMCProcessor - 355
1618:198  0:004  OCAK: Requesting SymbolTable for as.vit9696.VirtualSMC - 27
1618:207  0:009  OCAK: Local relocs 325 on FFFFFF8003D9F000
1618:212  0:004  OC: Prelinked injection Other\SMCProcessor.kext () - Success
1618:216  0:004  OCAK: ru.joedm.SMCSuperIO got KXLD 0 0
1618:220  0:003  OCAK: Requesting __LINKEDIT for ru.joedm.SMCSuperIO - 6CD803E8 at 3CAE000
1618:224  0:004  OCAK: Requesting SymbolTable for ru.joedm.SMCSuperIO - 347
1618:232  0:008  OCAK: Local relocs 2168 on FFFFFF8003DAE000
1618:239  0:006  OC: Prelinked injection Other\SMCSuperIO.kext () - Success
1618:243  0:004  OC: Prelinked injection Other\USBMap.kext () - Success
1618:247  0:004  OCAK: org.acidanthera.NVMeFix got KXLD 0 0
1618:251  0:003  OCAK: Requesting __LINKEDIT for org.acidanthera.NVMeFix - 6CDA1438 at 3CCF000
1618:255  0:004  OCAK: Requesting SymbolTable for org.acidanthera.NVMeFix - 363
1618:264  0:008  OCAK: Local relocs 624 on FFFFFF8003DCF000
1618:268  0:004  OC: Prelinked injection Other\NVMeFix.kext () - Success
1618:272  0:004  OCAK: as.acidanthera.mieze.IntelMausi got KXLD 0 0
1618:276  0:003  OCAK: Requesting __LINKEDIT for as.acidanthera.mieze.IntelMausi - 6CDAE398 at 3CDC000
1618:280  0:004  OCAK: Requesting SymbolTable for as.acidanthera.mieze.IntelMausi - 2124
1618:286  0:005  OCAK: Patching invalid size 17FF4 with 17D1000 for com.apple.iokit.IONetworkingFamily
1618:290  0:003  OCAK: com.apple.iokit.IONetworkingFamily got KXLD 0 0
1618:294  0:004  OCAK: Requesting __LINKEDIT for com.apple.iokit.IONetworkingFamily - 6B4D6568 at 2404000
1618:298  0:004  OCAK: Requesting SymbolTable for com.apple.iokit.IONetworkingFamily - 1698
1618:316  0:017  OCAK: Local relocs 656 on FFFFFF8003DDC000
1618:320  0:004  OC: Prelinked injection Other\IntelMausi.kext () - Success
1618:324  0:004  OC: Prelink size 63987712 kext offset 62738432 reserved 1249280
1618:328  0:004  OCAK: KC TEXT is 65536 bytes with 61800 Mach-O headers need 624
1618:346  0:017  OCAK: Failed to pk find com.apple.driver.AppleIntelCPUPowerManagement - Not Found
1618:350  0:003  OCAK: [OK] Skipping PatchAppleCpuPmCfgLock on NULL Patcher on kernel version 230400
1618:355  0:004  OCAK: Patching invalid size 5FF4 with 2193000 for com.apple.driver.AppleRTC
1618:359  0:004  OCAK: com.apple.driver.AppleRTC got KXLD 0 0
1618:363  0:004  Replace BE58000000/FFFEFFFFFF(BE58000000) by BEFFFF0000 at ofs:1AED
1618:469  0:106  Replace BE58000000/FFFEFFFFFF(BE59000000) by BEFFFF0000 at ofs:1AFE
1618:578  0:108  Replace BE58000000/FFFEFFFFFF(BE58000000) by BEFFFF0000 at ofs:1DE3
1618:684  0:106  Replace BE58000000/FFFEFFFFFF(BE59000000) by BEFFFF0000 at ofs:1DF3
1618:792  0:107  OCAK: 64-bit DisableRtcChecksum64 replace count - 4
1618:796  0:004  OCAK: [OK] Patch success com.apple.driver.AppleRTC DisableRtcChecksum
1618:920  0:123  OC: Prelinked status - Success
1618:965  0:044  OC: Opening file usr\standalone\OS.dmg.root_hash with 1 mode gave - Success
1618:975  0:010  OC: Opening file usr\standalone\OS.dmg.root_hash.x86legacyap.im4m with 1 mode gave - Success
1618:985  0:010  OCABC: AllocPages 0 0x72FF7000 (1) - Success
1618:989  0:003  OCABC: AllocPages 0 0x72FF6000 (1) - Success
