0:100  0:100  MemLog inited, TSC freq: 3600481180
0:100  0:000  CPU was calibrated with RTC
0:100  0:000  CloverX64 : Image base = 0x6D397000
0:100  0:000  Clover ImageHandle = 76245018
0:103  0:003  SelfDirPath = \EFI\CLOVER
0:105  0:001  === [ Starting Clover ] =========================
0:105  0:000  Now is 25.11.2024,  17:39:45 (GMT)
0:105  0:000  Starting Clover revision: 5160 (master, commit 7b08a616e) on American Megatrends EFI
0:105  0:000  Build id: 20240909210805-7b08a61-dirty
0:105  0:000  Build with: [Args: -D NO_GRUB_DRIVERS_EMBEDDED -D LESS_DEBUG -t GCC131 | --cmd-len=50000 -D NO_GRUB_DRIVERS_EMBEDDED -D LESS_DEBUG --conf=/Users/sergey/src/CloverBootloader/Conf -D USE_LOW_EBDA -a X64 -b RELEASE -t GCC131 -n 5 | OS: 15]
0:105  0:000  === [ Get Smbios ] ==============================
0:105  0:000  Type 16 Index = 0
0:105  0:000  Total Memory Slots Count = 4
0:105  0:000  Type 17 Index = 0
0:105  0:000  SmbiosTable.Type17->SlotIndex = 0
0:105  0:000  SmbiosTable.Type17->ModuleSize = 8192MB
0:105  0:000  SmbiosTable.Type17->Type = 0
0:105  0:000  SmbiosTable.Type17->Frequency = 3200MHz
0:105  0:000  SmbiosTable.Type17->Bank/Device = BANK 0 ChannelA-DIMM1
0:105  0:000  SmbiosTable.Type17->Vendor = Corsair
0:105  0:000  SmbiosTable.Type17->SerialNo = 00000000
0:105  0:000  SmbiosTable.Type17->PartNo = CMK16GX4M2K4266C19
0:105  0:000  Type 17 Index = 1
0:105  0:000  SmbiosTable.Type17->SlotIndex = 1
0:105  0:000  SmbiosTable.Type17->ModuleSize = 8192MB
0:105  0:000  SmbiosTable.Type17->Type = 0
0:105  0:000  SmbiosTable.Type17->Frequency = 3200MHz
0:105  0:000  SmbiosTable.Type17->Bank/Device = BANK 1 ChannelA-DIMM2
0:105  0:000  SmbiosTable.Type17->Vendor = Corsair
0:105  0:000  SmbiosTable.Type17->SerialNo = 00000000
0:105  0:000  SmbiosTable.Type17->PartNo = CMK16GX4M2K4266C19
0:105  0:000  Type 17 Index = 2
0:105  0:000  Ignoring insane frequency value 0MHz
0:105  0:000  Type 17 Index = 3
0:105  0:000  Ignoring insane frequency value 0MHz
0:105  0:000  Boot status=0
0:105  0:000  Running on: 'System Product Name' with board 'PRIME Z390-A'
0:105  0:000  === [ GetCPUProperties ] ========================
0:105  0:000  CPU Vendor = 756E6547 Model=906EC
0:105  0:000   The CPU supported SSE4.1
0:105  0:000   The CPU supported RDRAND
0:105  0:000  BrandString = Intel(R) Core(TM) i7-9700K CPU @ 3.60GHz
0:105  0:000   The CPU supported turbo
0:105  0:000   Energy PerfBias is  visible:
0:105  0:000  MSR 0x35               80008
0:105  0:000   TSC/CCC Information Leaf:
0:105  0:000    numerator     : 300
0:105  0:000    denominator   : 2
0:105  0:000   Calibrated ARTFrequency: 24003207
0:105  0:000   Rounded ARTFrequency: 24000000
0:105  0:000  MSR 0xE2 before patch 1E000000
0:105  0:000  MSR 0xCE              08080838_F1012400
0:105  0:000  corrected FLEX_RATIO = E0000
0:105  0:000  MSR 0x1B0             00000000
0:105  0:000  FSBFrequency = 109 MHz, DMI FSBFrequency = 100 MHz, Corrected FSBFrequency = 100 MHz
0:105  0:000  MaxDiv/MinDiv: 36.0/8
0:105  0:000  Turbo: 47/49/49/49
0:105  0:000  Features: 0x77FAFBFFBFEBFBFF
0:105  0:000  Threads: 8
0:105  0:000  Cores: 8
0:105  0:000  FSB: 100 MHz
0:105  0:000  CPU: 3900 MHz
0:105  0:000  TSC: 3900 MHz
0:105  0:000  PIS: 100 MHz
0:105  0:000  ExternalClock: 25 MHz
0:105  0:000  === [ GetDevices ] ==============================
0:105  0:000  GOP found at: PciRoot(0x0)/Pci(0x1,0x0)/Pci(0x0,0x0)/AcpiAdr(0x80010302)
0:105  0:000  PCI (00|00:00.00) : 8086 3E30 class=060000
0:105  0:000  PCI (00|00:01.00) : 8086 1901 class=060400
0:105  0:000  PCI (00|01:00.00) : 1002 67DF class=030000
0:105  0:000   - GFX: Model=AMD Radeon RX 480/570/580 (ATI/AMD)
0:105  0:000   - GOP: Provided by device
0:105  0:000  PCI (00|01:00.01) : 1002 AAF0 class=040300
0:105  0:000   - HDMI Audio: 
0:105  0:000  PCI (00|00:02.00) : 8086 3E98 class=038000
0:105  0:000   - GFX: Model=Intel UHD Graphics 630 (Intel)
0:105  0:000  PCI (00|00:14.00) : 8086 A36D class=0C0330
0:105  0:000  PCI (00|00:14.02) : 8086 A36F class=050000
0:105  0:000  PCI (00|00:16.00) : 8086 A360 class=078000
0:105  0:000  PCI (00|00:17.00) : 8086 A352 class=010601
0:105  0:000  PCI (00|00:1B.00) : 8086 A340 class=060400
0:105  0:000  PCI (00|00:1C.00) : 8086 A338 class=060400
0:105  0:000  PCI (00|00:1D.00) : 8086 A330 class=060400
0:105  0:000  PCI (00|04:00.00) : 144D A808 class=010802
0:105  0:000  PCI (00|00:1F.00) : 8086 A305 class=060100
0:105  0:000  PCI (00|00:1F.03) : 8086 A348 class=040300
0:105  0:000  PCI (00|00:1F.04) : 8086 A323 class=0C0500
0:105  0:000  PCI (00|00:1F.05) : 8086 A324 class=0C8000
0:105  0:000  PCI (00|00:1F.06) : 8086 15BC class=020000
0:105  0:000   - LAN: 1 Vendor=Intel
0:105  0:000  Legacy MAC address of LAN #0= 40:B0:76:DE:9E:93:
0:105  0:000  _checkOEMPath Look for oem dir at path '\EFI\CLOVER\OEM\System Product Name--40-B0-76-DE-9E-93'. Dir doesn't exist.
0:105  0:000  _checkOEMPath Look for oem dir at path '\EFI\CLOVER\OEM\PRIME Z390-A\UEFI'. Dir doesn't exist.
0:105  0:000  _checkOEMPath Look for oem dir at path '\EFI\CLOVER\OEM\System Product Name'. Dir doesn't exist.
0:105  0:000  _checkOEMPath Look for oem dir at path '\EFI\CLOVER\OEM\System Product Name-3900'. Dir doesn't exist.
0:106  0:000  _checkOEMPath Look for oem dir at path '\EFI\CLOVER\OEM\PRIME Z390-A'. Dir doesn't exist.
0:106  0:000  _checkOEMPath Look for oem dir at path '\EFI\CLOVER\OEM\PRIME Z390-A-3900'. Dir doesn't exist.
0:106  0:000  === [ GetUserSettings ] =========================
0:106  0:000  GetDefaultModel()=iMac18,3
0:106  0:000  === [ LoadUserSettings ] ========================
0:106  0:000  Using config.plist at path: \EFI\CLOVER
0:106  0:000  There is a problem in plist '\EFI\CLOVER\config.plist'
0:106  0:000  Warning: EfiVersion '1037.100.345.0.0' is older than default ('1968.100.16.0.1') -> ignored. Dict '/SMBIOS:296'.
0:106  0:000  Use CloverConfigPlistValidator or look in the log
3:106  2:999  === [ LoadUserSettings ] ========================
3:107  0:000  Cannot find smbios.plist at path '\EFI\CLOVER' : Not Found
3:107  0:000  '\EFI\CLOVER\smbios.plist' not loaded. Efi error Not Found
3:107  0:000  create SMBIOS list, found 27 dicts
3:107  0:000  ... ACPI
3:107  0:000  ... Boot
3:107  0:000  ... BootGraphics
3:107  0:000  ... Devices
3:107  0:000  ... DisableDrivers
3:107  0:000  ... GUI
3:107  0:000  ... Graphics
3:107  0:000  ... KernelAndKextPatches
3:107  0:000  ... SMBIOS
3:107  0:000  ... SystemParameters
3:107  0:000  ... RtVariables
3:107  0:000  ... Quirks
3:107  0:000  get model from config.plist
3:107  0:000  Using latest BiosVersion from config instead of default 'IM191.88Z.F000.B00.2302212211'
3:118  0:011  Using latest BiosReleaseDate from config instead of default '02/21/2023'
3:122  0:003  BiosVersion: IM191.88Z.F000.B00.2308061817
3:126  0:003  BiosReleaseDate: 08/06/2023
3:129  0:003  EfiVersion: 1968.100.16.0.1
3:133  0:003  Calibrated TSC Frequency = 3600481180 = 3600MHz
3:137  0:003  === [ GetListOfThemes ] =========================
3:141  0:003  - [00]: random
3:149  0:007  - [00]: embedded
3:157  0:007  === [ Found config plists ] =====================
3:160  0:003  - config.plist
3:164  0:003  - config-sample.plist
3:168  0:003  - config_old.plist
3:172  0:003  === [ LoadDrivers ] =============================
3:176  0:004  Loading NvmExpressDxe.efi status=Success
3:190  0:013   - driver needs connecting
3:193  0:003  Loading EnglishDxe.efi status=Success
3:206  0:013  Loading AppleKeyFeeder.efi status=Success
3:220  0:013  Loading VBoxHfs.efi status=Success
3:234  0:014   - driver needs connecting
3:238  0:004  Loading HashServiceFix.efi status=Success
3:252  0:013  Loading PartitionDxe.efi status=Success
3:265  0:013   - driver needs connecting
3:269  0:003  Loading ApfsDriverLoader.efi status=Success
3:282  0:013   - driver needs connecting
3:286  0:003  4 drivers needs connecting ...
3:286  0:000  PlatformDriverOverrideProtocol not found. Installing ... Success
3:287  0:000  Partition driver loaded: 
3:287  0:000  HFS+ driver loaded
3:287  0:000  APFS driver loaded
3:287  0:000  Searching for invalid DiskIo BY_DRIVER connects: not found, all ok
3:505  0:217  === [ InitScreen ] ==============================
3:509  0:004  Console modes reported: 4, available modes:
3:513  0:003   - [01]: 80x25 (current mode)
3:516  0:003   - [03]: 100x31
3:520  0:003   - [04]: 170x40
3:524  0:003  SetScreenResolution: 1920x1080 - not found!
3:531  0:007  SetMaxResolution: found best mode 0: 1366x768
3:539  0:007   - already set
3:543  0:004  Using embedded font
3:548  0:004  === [ ScanSPD ] =================================
3:551  0:003  SMBus device : 8086 A323 class=0C0500 status=Success
3:555  0:003  SMBus CmdReg: 0x3
3:559  0:003  Scanning SMBus [8086:A323], mmio: 0x12116004, ioport: 0xEFA0, hostc: 0x11
3:563  0:003  Slots to scan [8]...
3:567  0:004  SPD[0]: Got invalid type 0 @0x50. Will set page and retry.
3:571  0:004  SPD[0]: Type 12 @0x50
3:592  0:021  XMP Profile1: 4*125 -31 ns
3:596  0:003  Found module with XMP version 2.0
3:600  0:003  Using XMP Profile1 instead of standard frequency 2132MHz
3:603  0:003  DDR speed 4264MHz
3:607  0:003  Slot: 0 Type 26 8192MB 4264MHz Vendor=Corsair PartNo=CMK16GX4M2K4266C19 SerialNo=00000000
3:611  0:004  SPD[1]: Type 12 @0x51
3:632  0:021  XMP Profile1: 4*125 -31 ns
3:636  0:003  Found module with XMP version 2.0
3:640  0:003  Using XMP Profile1 instead of standard frequency 2132MHz
3:643  0:003  DDR speed 4264MHz
3:647  0:003  Slot: 1 Type 26 8192MB 4264MHz Vendor=Corsair PartNo=CMK16GX4M2K4266C19 SerialNo=00000000
3:652  0:004  === [ GetAcpiTablesList ] =======================
3:655  0:003  Get Acpi Tables List from RSDT: count=25
3:663  0:007   - [00]: FACP  A M I  len=132
3:666  0:003   - [01]: APIC  A M I  len=188
3:670  0:003   - [02]: FPDT  A M I  len=68
3:674  0:003   - [03]: FIDT  A M I len=156
3:677  0:003   - [04]: MCFG  A M I  len=60
3:681  0:003   - [05]: WSMT  A M I  len=40
3:684  0:003   - [06]: SSDT  SataTabl len=888
3:688  0:003   - [07]: SSDT  CpuSsdt len=6101
3:692  0:003   - [08]: SSDT  SaSsdt  len=12443
3:695  0:003   - [09]: SSDT  PegSsdt len=9048
3:699  0:003   - [10]: HPET  A M I  len=56
3:703  0:003   - [11]: SSDT  Ther_Rvp len=3998
3:706  0:003   - [12]: SSDT  xh_cfsd4 len=10579
3:710  0:003   - [13]: UEFI  A M I  len=72
3:713  0:003   - [14]: LPIT  A M I  len=92
3:720  0:006   - [15]: SSDT  PtidDevc len=10206
3:726  0:006   - [16]: SSDT  TbtTypeC len=4094
3:729  0:003   - [17]: DBGP  A M I  len=52
3:733  0:003   - [18]: DBG2  A M I  len=84
3:739  0:006   - [19]: SSDT  UsbCTabl len=6449
3:745  0:006   - [20]: SSDT  ADebTabl len=324
3:749  0:003   - [21]: VFCT  A M I  len=59524
3:752  0:003   - [22]: BGRT  A M I  len=56
3:756  0:003   - [23]: WPBT  A M I len=60
3:760  0:003   - [24]: TPM2  A M I  len=52
3:764  0:004   - [00]: Drop table : MATS,                0 :  no
3:771  0:007   - [01]: Drop table : DMAR,                0 :  no
3:778  0:007  Custom boot CUSTOM_BOOT_DISABLED (0x0)
3:782  0:003  Default theme: embedded
3:786  0:003  Set FakeCPUID: 0x0
3:790  0:004  === [ Found DSDT tables ] =======================
3:794  0:004  === [ InitKextList ] ============================
3:799  0:004  Added Kext=Other\USBMap.kext (1.0)
3:803  0:004  Added Kext=Other\FakeSMC.kext (3.5.6)
3:810  0:006  === [ ScanVolumes ] =============================
3:814  0:004  Found 12 volumes with blockIO
3:818  0:003  - [00]: Volume: PciRoot(0x0)\Pci(0x17,0x0)\Sata(0x0,0xFFFF,0x0)
3:831  0:013  - [01]: Volume: PciRoot(0x0)\Pci(0x17,0x0)\Sata(0x0,0xFFFF,0x0)\HD(1,GPT,38DCC513-D608-408E-9D2F-1469C8B906A0,0x28,0x64000)
3:839  0:007          Result of bootcode detection: bootable unknown (legacy)
3:843  0:004            label : EFI
3:847  0:003  - [02]: Volume: PciRoot(0x0)\Pci(0x17,0x0)\Sata(0x0,0xFFFF,0x0)\HD(2,GPT,C20AA839-E88E-4CED-8CAB-9480B290394C,0x64028,0x15D466360)
3:875  0:028            label : Dati
3:879  0:003  - [03]: Volume: PciRoot(0x0)\Pci(0x1D,0x0)\Pci(0x0,0x0)\NVMe(0x1,CA-8F-B2-81-58-38-25-00)
3:886  0:007  - [04]: Volume: PciRoot(0x0)\Pci(0x1D,0x0)\Pci(0x0,0x0)\NVMe(0x1,CA-8F-B2-81-58-38-25-00)\HD(1,GPT,6E40A227-DDED-4325-B7CE-3959620EB39E,0x28,0x64000)
3:897  0:010          Result of bootcode detection: bootable unknown (legacy)
3:901  0:004            label : EFI
3:905  0:003          This is SelfVolume !!
3:909  0:003  - [05]: Volume: PciRoot(0x0)\Pci(0x1D,0x0)\Pci(0x0,0x0)\NVMe(0x1,CA-8F-B2-81-58-38-25-00)\HD(2,GPT,9508A8C6-F9B9-4EDD-ABC7-C1C4A019C410,0x64028,0x3A321FE0)
3:916  0:007          Result of bootcode detection: bootable unknown (legacy)
3:920  0:003  - [06]: Volume: PciRoot(0x0)\Pci(0x1D,0x0)\Pci(0x0,0x0)\NVMe(0x1,CA-8F-B2-81-58-38-25-00)\HD(2,GPT,9508A8C6-F9B9-4EDD-ABC7-C1C4A019C410,0x64028,0x3A321FE0)\VenMedia(BE74FCF7-0B7C-49F3-9147-01F4042E6842,F2738F7DD5B89341BB89C99D72294438)
3:928  0:007            apfsFileSystemUUID=7D8F73F2-B8D5-4193-BB89-C99D72294438, ApfsContainerUUID=85F3C012-2D6D-4FA1-A77E-71D7470E7FA2, ApfsRole=0x10
3:932  0:004            label : Preboot
3:935  0:003  - [07]: Volume: PciRoot(0x0)\Pci(0x1D,0x0)\Pci(0x0,0x0)\NVMe(0x1,CA-8F-B2-81-58-38-25-00)\HD(2,GPT,9508A8C6-F9B9-4EDD-ABC7-C1C4A019C410,0x64028,0x3A321FE0)\VenMedia(BE74FCF7-0B7C-49F3-9147-01F4042E6842,5D6490A424B7BC4F9AC8F7A23B1C4935)
3:943  0:007            apfsFileSystemUUID=A490645D-B724-4FBC-9AC8-F7A23B1C4935, ApfsContainerUUID=85F3C012-2D6D-4FA1-A77E-71D7470E7FA2, ApfsRole=0x40
3:958  0:014            label : Macintosh HD - Dati
3:962  0:003  - [08]: Volume: PciRoot(0x0)\Pci(0x1D,0x0)\Pci(0x0,0x0)\NVMe(0x1,CA-8F-B2-81-58-38-25-00)\HD(2,GPT,9508A8C6-F9B9-4EDD-ABC7-C1C4A019C410,0x64028,0x3A321FE0)\VenMedia(BE74FCF7-0B7C-49F3-9147-01F4042E6842,B6D67091A529BA4BA6736F0E24A99093)
3:969  0:007            apfsFileSystemUUID=9170D6B6-29A5-4BBA-A673-6F0E24A99093, ApfsContainerUUID=85F3C012-2D6D-4FA1-A77E-71D7470E7FA2, ApfsRole=0x4
3:973  0:003            label : Recovery
3:977  0:003  - [09]: Volume: PciRoot(0x0)\Pci(0x1D,0x0)\Pci(0x0,0x0)\NVMe(0x1,CA-8F-B2-81-58-38-25-00)\HD(2,GPT,9508A8C6-F9B9-4EDD-ABC7-C1C4A019C410,0x64028,0x3A321FE0)\VenMedia(BE74FCF7-0B7C-49F3-9147-01F4042E6842,C30BF988C32C724BB297A45648EE79C3)
3:985  0:007            apfsFileSystemUUID=88F90BC3-2CC3-4B72-B297-A45648EE79C3, ApfsContainerUUID=85F3C012-2D6D-4FA1-A77E-71D7470E7FA2, ApfsRole=0x1
3:990  0:005            label : Macintosh HD
3:994  0:003  - [10]: Volume: PciRoot(0x0)\Pci(0x1D,0x0)\Pci(0x0,0x0)\NVMe(0x1,CA-8F-B2-81-58-38-25-00)\HD(2,GPT,9508A8C6-F9B9-4EDD-ABC7-C1C4A019C410,0x64028,0x3A321FE0)\VenMedia(BE74FCF7-0B7C-49F3-9147-01F4042E6842,982FC8B0B1F22A41B736D33F4320CF33)
4:002  0:007            apfsFileSystemUUID=B0C82F98-F2B1-412A-B736-D33F4320CF33, ApfsContainerUUID=85F3C012-2D6D-4FA1-A77E-71D7470E7FA2, ApfsRole=0xc0
4:006  0:003            label : Update
4:009  0:003  - [11]: Volume: PciRoot(0x0)\Pci(0x1D,0x0)\Pci(0x0,0x0)\NVMe(0x1,CA-8F-B2-81-58-38-25-00)\HD(2,GPT,9508A8C6-F9B9-4EDD-ABC7-C1C4A019C410,0x64028,0x3A321FE0)\VenMedia(BE74FCF7-0B7C-49F3-9147-01F4042E6842,D0BFA628AA2C7548AE15EA6E25144D32)
4:017  0:007            apfsFileSystemUUID=28A6BFD0-2CAA-4875-AE15-EA6E25144D32, ApfsContainerUUID=85F3C012-2D6D-4FA1-A77E-71D7470E7FA2, ApfsRole=0x8
4:020  0:003            label : VM
4:024  0:003  No AudioIoProtocols, status=Not Found
4:028  0:003  === [ InitXTheme ] ==============================
4:032  0:003  use Daylight theme
4:035  0:003   using embedded theme
4:048  0:012  Using embedded font
4:052  0:003  theme inited
4:055  0:003  Chosen embedded theme
4:059  0:003  found boot-args in NVRAM:keepsyms=1 alcid=11 shikigva=80, size=32
4:062  0:003  ...found arg:keepsyms=1
4:066  0:003  ...adding arg:keepsyms=1
4:070  0:003  ...found arg:alcid=11
4:073  0:003  ...adding arg:alcid=11
4:077  0:003  ...found arg:shikigva=80
4:081  0:003  ...adding arg:shikigva=80
4:085  0:003  after NVRAM boot-args=-v agdpmod=pikera keepsyms=1 alcid=11 shikigva=80 
4:089  0:003  Scanning legacy ...
4:092  0:003  === [ Dump SMC keys from NVRAM ] ================
4:096  0:003  found AppleSMC protocol
4:108  0:012     fakesmc-key-RVBF-ch8*:02 46 0F 00 00 12 
4:140  0:031     fakesmc-key-#KEY-ui32:00 00 00 11 
4:164  0:024     fakesmc-key-$Adr-ui32:00 00 03 00 
4:187  0:023     fakesmc-key-$Num-ui8:01 
4:199  0:012     fakesmc-key-RMde-char:41 
4:212  0:012     fakesmc-key-RBr -ch8*:6A 31 33 38 5F 39 00 00 
4:250  0:038     fakesmc-key-EPCI-ui32:09 D0 F0 00 
4:274  0:023     fakesmc-key-REV -ch8*:02 46 0F 00 00 12 
4:305  0:030     fakesmc-key-RPlt-ch8*:6A 31 33 38 00 00 00 00 
4:342  0:037     fakesmc-key-BEMB-flag:00 
4:355  0:012     fakesmc-key-BATP-flag:00 
4:367  0:012     fakesmc-key-BNum-ui8:00 
4:380  0:012     fakesmc-key-MSTc-ui8:00 
4:392  0:012     fakesmc-key-MSAc-ui16:00 00 
4:408  0:015     fakesmc-key-MSWr-ui8:00 
4:420  0:012     fakesmc-key-MSFW-ui8:01 00 
4:435  0:015     fakesmc-key-MSPS-ui16:00 03 
4:458  0:022  Registered 17 SMC keys
4:466  0:007  === [ ScanLoader ] ==============================
4:469  0:003  - [01]: 'EFI'
4:494  0:024  - [02]: 'Dati'
4:533  0:038  - [04]: 'EFI'
4:543  0:010        AddLoaderEntry for Volume Name=EFI, idx=0
4:548  0:004        OSVersion= 
4:551  0:003        IconName=unknown comma=-1 size=7
4:555  0:003        Full=unknown
4:559  0:003        Loader entry created for 'PciRoot(0x0)\Pci(0x1D,0x0)\Pci(0x0,0x0)\NVMe(0x1,CA-8F-B2-81-58-38-25-00)\HD(1,GPT,6E40A227-DDED-4325-B7CE-3959620EB39E,0x28,0x64000)\EFI\BOOT\BOOTX64.efi'
4:562  0:003       hiding entry: \EFI\BOOT\BOOTX64.efi
4:566  0:003        Menu entry added at index 0
4:570  0:003       hiding entry because DiskKind is DISK_KIND_INTERNAL: \EFI\BOOT\BOOTX64.efi
4:574  0:003  - [06]: 'Preboot'
4:581  0:007      ApfsContainerUUID=85F3C012-2D6D-4FA1-A77E-71D7470E7FA2
4:584  0:003      ApfsFileSystemUUID=7D8F73F2-B8D5-4193-BB89-C99D72294438
4:588  0:003      APFSTargetUUID=A490645D-B724-4FBC-9AC8-F7A23B1C4935
4:592  0:004        contentDetails name:Macintosh HD
4:596  0:003        AddLoaderEntry for Volume Name=Preboot, idx=1
4:600  0:003        OSVersion=14.4 
4:603  0:003        Check if volume Is Hibernated:
4:607  0:003        Check sleep image 'by signature':
4:611  0:003        using default sleep image name = \private\var\vm\sleepimage
4:615  0:003        cannot open sleepimage -> Not Found
4:618  0:003        hibernated: no - sign
4:622  0:003        IconName=sonoma,mac comma=6 size=10
4:625  0:003        first=os_sonoma
4:629  0:003        Second=os_mac
4:632  0:003        IconName=unknown comma=-1 size=7
4:636  0:003        Full=unknown
4:640  0:003        Loader entry created for 'PciRoot(0x0)\Pci(0x1D,0x0)\Pci(0x0,0x0)\NVMe(0x1,CA-8F-B2-81-58-38-25-00)\HD(2,GPT,9508A8C6-F9B9-4EDD-ABC7-C1C4A019C410,0x64028,0x3A321FE0)\VenMedia(BE74FCF7-0B7C-49F3-9147-01F4042E6842,F2738F7DD5B89341BB89C99D72294438)\A490645D-B724-4FBC-9AC8-F7A23B1C4935\System\Library\CoreServices\boot.efi'
4:647  0:007        Menu entry added at index 1
4:651  0:003  - [07]: 'Macintosh HD - Dati'
4:658  0:007      ApfsContainerUUID=85F3C012-2D6D-4FA1-A77E-71D7470E7FA2
4:662  0:003      ApfsFileSystemUUID=A490645D-B724-4FBC-9AC8-F7A23B1C4935
4:666  0:003  - [08]: 'Recovery'
4:673  0:007      ApfsContainerUUID=85F3C012-2D6D-4FA1-A77E-71D7470E7FA2
4:677  0:003      ApfsFileSystemUUID=9170D6B6-29A5-4BBA-A673-6F0E24A99093
4:681  0:003      APFSTargetUUID=A490645D-B724-4FBC-9AC8-F7A23B1C4935
4:685  0:003        contentDetails name:Macintosh HD
4:689  0:004        AddLoaderEntry for Volume Name=Recovery, idx=2
4:693  0:004        OSVersion=14.4 
4:697  0:003        IconName=sonoma,mac comma=6 size=10
4:700  0:003        first=os_sonoma
4:704  0:003        Second=os_mac
4:708  0:003        IconName=unknown comma=-1 size=7
4:712  0:003        Full=unknown
4:715  0:003        Loader entry created for 'PciRoot(0x0)\Pci(0x1D,0x0)\Pci(0x0,0x0)\NVMe(0x1,CA-8F-B2-81-58-38-25-00)\HD(2,GPT,9508A8C6-F9B9-4EDD-ABC7-C1C4A019C410,0x64028,0x3A321FE0)\VenMedia(BE74FCF7-0B7C-49F3-9147-01F4042E6842,B6D67091A529BA4BA6736F0E24A99093)\A490645D-B724-4FBC-9AC8-F7A23B1C4935\BaseSystem.dmg'
4:720  0:004        Menu entry added at index 2
4:724  0:003  - [09]: 'Macintosh HD'
4:731  0:007      ApfsContainerUUID=85F3C012-2D6D-4FA1-A77E-71D7470E7FA2
4:734  0:003      ApfsFileSystemUUID=88F90BC3-2CC3-4B72-B297-A45648EE79C3
4:742  0:007  - [10]: 'Update'
4:749  0:007      ApfsContainerUUID=85F3C012-2D6D-4FA1-A77E-71D7470E7FA2
4:753  0:003      ApfsFileSystemUUID=B0C82F98-F2B1-412A-B736-D33F4320CF33
4:757  0:003  - [11]: 'VM'
4:764  0:007      ApfsContainerUUID=85F3C012-2D6D-4FA1-A77E-71D7470E7FA2
4:771  0:006      ApfsFileSystemUUID=28A6BFD0-2CAA-4875-AE15-EA6E25144D32
4:774  0:003  Entries list before ordering
4:778  0:003      Entry 0 : Boot UEFI internal from EFI (hidden)
4:782  0:003      Entry 1 : Boot Mac OS from Macintosh HD via Preboot
4:786  0:003      Entry 2 : Boot Mac OS Recovery for Macintosh HD via Recovery
4:789  0:003  Entries list after ordering
4:793  0:003    Entry 0 : Boot UEFI internal from EFI (hidden)
4:796  0:003    Entry 1 : Boot Mac OS from Macintosh HD via Preboot
4:800  0:003    Entry 2 : Boot Mac OS Recovery for Macintosh HD via Recovery
4:804  0:003  === [ AddCustomTool ] ===========================
4:808  0:003  found tool \EFI\CLOVER\tools\Shell64U.efi
4:811  0:003  Checking EFI partition Volume 1 for Clover
4:816  0:004   Found Clover
4:820  0:004  === [ GetEfiBootDeviceFromNvram ] ===============
4:824  0:003   - [!] efi-boot-device-data not found
4:834  0:009  Default boot entry not found
4:840  0:006  BannerPlace at Clear Screen [619,68]
5:858  1:017  GUI ready
18:582  12:724  Boot option 0 has other volume name Macintosh HDboot.efi
18:586  0:003  === [ StartLoader ] =============================
18:589  0:003  Starting PciRoot(0x0)\Pci(0x1D,0x0)\Pci(0x0,0x0)\NVMe(0x1,CA-8F-B2-81-58-38-25-00)\HD(2,GPT,9508A8C6-F9B9-4EDD-ABC7-C1C4A019C410,0x64028,0x3A321FE0)\VenMedia(BE74FCF7-0B7C-49F3-9147-01F4042E6842,F2738F7DD5B89341BB89C99D72294438)\A490645D-B724-4FBC-9AC8-F7A23B1C4935\System\Library\CoreServices\boot.efi
18:593  0:003  Finally: ExternalClock=26MHz BusSpeed=100014kHz CPUFreq=3600MHz PIS: hw.busfrequency=104000000Hz
18:603  0:010  Beginning OC
18:610  0:006  OCST: Missing vault data, ignoring...
18:614  0:003  AddKextsInArray from Other
18:618  0:003  ->Extra kext: Other\USBMap.kext (v.1.0)
18:621  0:003  ->Extra kext: Other\FakeSMC.kext (v.3.5.6)
18:625  0:003  AddKextsInArray from Off
18:629  0:003  AddKextsInArray from 14
18:632  0:003  AddKextsInArray from 14_normal
18:636  0:003  AddKextsInArray from 14.4
18:640  0:003  AddKextsInArray from 14.4_normal
18:643  0:003  AddKextsInArray from 14.4.0
18:647  0:003  AddKextsInArray from 14.4.0_normal
18:651  0:003  Bridge kext to OC : Path=Other\FakeSMC.kext
18:655  0:004  Bridge kext to OC : Path=Other\USBMap.kext
18:662  0:006  Start 'OpenRuntime.efi' : Status Success
18:669  0:006  OC: config config.plist
18:675  0:006  OC: Got 0 drivers
18:678  0:003  OC: OpenCore DBG-102-2024-09-12 is loading in Optional mode (0/0)...
18:682  0:003  OC: StorageHandle 0 with  LauncherOption pointing to 
18:686  0:004  OcOSInfoInstallProtocol
18:690  0:003  OCRTC: OcAppleRtcRamInstallProtocol
18:694  0:003  OCRTC: Wake log is 0x00 0x00   0 0x00
18:698  0:003  OcAppleFbInfoInstallProtocol
18:702  0:003  OcAppleEg2InfoInstallProtocol
18:706  0:003  OCEG: Discovered rotate NVRAM override to 0
18:709  0:003  OC: Loading Apple Secure Boot with Disabled (level 0)
18:714  0:004  OCABC: ALRBL 0 RTDFRG 1 DEVMMIO 1 NOSU 0 NOVRWR 0 NOSB 0 FBSIG 0 NOHBMAP 0 SMSLIDE 1 WRUNPROT 1
18:717  0:003  OCABC: FEXITBS 0 PRMRG 0 CSLIDE 1 MSLIDE 0 PRSRV 1 RBMAP 1 VMAP 1 APPLOS 0 RTPERMS 1 ARBAR -1 RBIO 0
18:721  0:004  OCABC: Got rendezvous with OpenRuntime r12
18:725  0:003  OCABC: MAT support is 1
18:729  0:003  OC: RequestBootVarRouting 0
18:733  0:004  OCDM: Found 0x20046/0x2003C UEFI version (376 bytes, 0 rebuilding to 376) gST 7AB3B018 gBS 6D82E3A0 gBS->CreateEventEx 6D81C904 &gBS 6D5062C0
18:737  0:003  OC: Setting GPU BARs to 0
18:740  0:003  OCDM: RBAR using PciIo
18:744  0:003  OCDM: Setting RBAR to 0 inc 1 on 3/18
18:748  0:003  OCDM: Capability I/O error - Unsupported
18:751  0:003  OCDM: RBAR is unsupported by device - Device Error
18:756  0:004  OCDM: Setting RBAR to 0 inc 1 on 5/18
18:759  0:003  OCDM: Capability I/O error - Unsupported
18:763  0:003  OCDM: RBAR is unsupported by device - Device Error
18:767  0:004  OC: Got 0 drivers
18:771  0:003  OCC: Installing GOP (Unsupported) on ConsoleOutHandle...
18:775  0:003  OC: Requested resolution is 1920x1080@0 (max: 0, force: 0) from 1920x1080
18:779  0:003  OCC: Using builtin text renderer with 1 scale
18:782  0:003  OCC: Install console control (6D4F13D0/6D815D88/0), current - Success
18:786  0:004  OCC: Setup ASCII Output - Success
18:790  0:003  OC: Requested console mode is 0x0 (max: 0) from 
18:794  0:003  OC: Invalid HibernateMode: 
18:797  0:003  OC: Translated HibernateMode  to 0
18:801  0:003  OC: Hibernation activation - Invalid Parameter, hibernation wake - no
18:811  0:010  OC: Saving 9831 byte panic log panic-2024-11-25-174004.txt - Success
18:815  0:003  OCABC: IsEfiBootRt 0 (BP 1, Apple 0)
18:820  0:004  OCB: Arch filtering 72D5F018(723512)->72D5F018(723512) caps 0 - Success
18:831  0:010  ImageHandle = 72ab0b18
18:838  0:007  GetOSVersion: 14.4 (B)
18:846  0:007  Will not patch boot.efi
18:849  0:003  Using latest BiosVersion from config instead of default 'IM191.88Z.F000.B00.2302212211'
18:853  0:003  Using latest BiosReleaseDate from config instead of default '02/21/2023'
18:857  0:003  BiosVersion: IM191.88Z.F000.B00.2308061817
18:860  0:003  BiosReleaseDate: 08/06/2023
18:864  0:003  EfiVersion: 1968.100.16.0.1
18:868  0:003  SMBIOS reloaded with model iMac19,1
18:871  0:003  Set FakeCPUID: 0x0
18:875  0:003  === [ PatchSmbios ] =============================
18:879  0:003  UpdateSmbiosString : BiosVersion=EfiVersion=1968.100.16.0.1
18:882  0:003  UpdateSmbiosString : ReleaseDate=08/06/2023
18:886  0:003  void PatchTableType1(const SmbiosInjectedSettings&) : UpdateSmbiosString ProductName=iMac19,1
18:889  0:003  void PatchTableType2(const SmbiosInjectedSettings&) : UpdateSmbiosString ProductName=BoardNumber=Mac-AA95B1DDAB278B95
18:893  0:003  void PatchTableType2(const SmbiosInjectedSettings&) : UpdateSmbiosString Version=BoardVersion=iMac19,1
18:897  0:003  insert table 9 for dev 0:0
18:901  0:003  insert table 9 for dev 0:1
18:904  0:003  insert table 9 for dev 1F:6
18:908  0:003  Table 11 present, but rewritten for us
18:913  0:004  Do not inject memory table
18:916  0:003  Trusting SMBIOS...
18:920  0:003  Channels: 1
18:923  0:003  Interleave: 0 1 2 3
18:945  0:021  trusted SMBIOS data, table index 0:
18:949  0:004    gRAM.SMBIOS[0]->ModuleSize = 8192
18:953  0:003    gRAM.SMBIOS[0]->Type = 0
18:956  0:003    gRAM.SMBIOS[0]->Frequency = 3200
18:960  0:003    gRAM.SMBIOS[0]->Vendor = Corsair
18:964  0:003    gRAM.SMBIOS[0]->PartNo = CMK16GX4M2K4266C19
18:967  0:003    gRAM.SMBIOS[0]->SerialNo = 00000000
18:971  0:003  SPD data in use:
18:975  0:003    gRAM.SPD[0]->ModuleSize = 8192
18:978  0:003    gRAM.SPD[0]->Type = 26
18:982  0:003    gRAM.SPD[0]->Frequency = 4264
18:986  0:003    gRAM.SPD[0]->Vendor = Corsair
18:989  0:003    gRAM.SPD[0]->SerialNo = 00000000
18:993  0:003    gRAM.SPD[0]->PartNo = CMK16GX4M2K4266C19
18:997  0:003    SMBIOS Type 17 Index = 0 => SMBIOSIndex=0 SPDIndex=0:
19:000  0:003  BANK 0 DIMM0 4264MHz 8192MB(Ext:0MB)
19:004  0:003  trusted SMBIOS data, table index 1:
19:008  0:003    gRAM.SMBIOS[1]->ModuleSize = 8192
19:011  0:003    gRAM.SMBIOS[1]->Type = 0
19:015  0:003    gRAM.SMBIOS[1]->Frequency = 3200
19:019  0:003    gRAM.SMBIOS[1]->Vendor = Corsair
19:022  0:003    gRAM.SMBIOS[1]->PartNo = CMK16GX4M2K4266C19
19:026  0:003    gRAM.SMBIOS[1]->SerialNo = 00000000
19:030  0:003  SPD data in use:
19:033  0:003    gRAM.SPD[1]->ModuleSize = 8192
19:037  0:003    gRAM.SPD[1]->Type = 26
19:041  0:003    gRAM.SPD[1]->Frequency = 4264
19:044  0:003    gRAM.SPD[1]->Vendor = Corsair
19:048  0:003    gRAM.SPD[1]->SerialNo = 00000000
19:052  0:003    gRAM.SPD[1]->PartNo = CMK16GX4M2K4266C19
19:055  0:003    SMBIOS Type 17 Index = 1 => SMBIOSIndex=1 SPDIndex=1:
19:059  0:003  BANK 0 DIMM1 4264MHz 8192MB(Ext:0MB)
19:066  0:006  !trusted SMBIOS data, Table index 2:!gRAM.SMBIOS.doesSlotForIndexExist(SMBIOSIndex) 
19:080  0:013    SMBIOS Type 17 Index = 2 => SMBIOSIndex=2 SPDIndex=2:
19:083  0:003  BANK 0 DIMM2 EMPTY
19:087  0:003  !trusted SMBIOS data, Table index 3:!gRAM.SMBIOS.doesSlotForIndexExist(SMBIOSIndex) 
19:098  0:010    SMBIOS Type 17 Index = 3 => SMBIOSIndex=3 SPDIndex=3:
19:103  0:005  BANK 0 DIMM3 EMPTY
19:107  0:003  mTotalSystemMemory = 16384
19:111  0:003  NumberOfMemoryDevices = 4
19:114  0:003  Type20[0]->End = 0x7FFFFF, Type17[0] = 2000
19:118  0:003  Type20[1]->End = 0xFFFFFF, Type17[1] = 6000
19:122  0:003  Table 131 is present, CPUType=35
19:125  0:003  Change to: 1005
19:129  0:003  === [ PatchACPI ] ===============================
19:133  0:003  OCABC: AllocPages 1 0x7A308000 (1) - Success
19:136  0:003  Xsdt reallocation done
19:140  0:003  OCABC: AllocPages 1 0x7A307000 (1) - Success
19:144  0:003  old FADT length=114
19:148  0:003   SignatureFixup: 0x7173A1F4 -> 0x0
19:151  0:003  Found OperationRegion(GNVS, SystemMemory, 7A345000, ...)
19:155  0:003  Found OperationRegion(RAMW, SystemMemory, 7A349018, ...)
19:159  0:003  Found OperationRegion(RAMX, SystemMemory, 7A2A5018, ...)
19:163  0:003  Found OperationRegion(PNVA, SystemMemory, 7A3D1B98, ...)
19:166  0:003  Found OperationRegion(THBA, SystemMemory, FE200000, ...)
19:171  0:004  Found OperationRegion(BNVS, SystemMemory, 7A35A000, ...)
19:175  0:003  Found OperationRegion(SMBD, SystemMemory, E00FC004, ...)
19:178  0:003  Found OperationRegion(TMMB, SystemMemory, FED40000, ...)
19:182  0:003  Found OperationRegion(CRBD, SystemMemory, FED40000, ...)
19:186  0:003  Found OperationRegion(TPMR, SystemMemory, FED40040, ...)
19:189  0:003  Found OperationRegion(ATNV, SystemMemory, 7A3D1F98, ...)
19:193  0:003  Found OperationRegion(WPBR, SystemMemory, 7A333000, ...)
19:197  0:004  OCABC: AllocPages 1 0x7A2B8000 (79) - Success
19:201  0:003  Apply DsdtFixMask=0x10400000
19:205  0:004  === [ FixBiosDsdt ] =============================
19:209  0:003  Patching DSDT:
19:212  0:003   - [change EC0 to EC]: pattern 4543305F, patched at: [ (F96F) ]
19:231  0:018   - [change HECI to IMEI]: pattern 48454349, patched at: [ (18CAE) ]
19:251  0:019   deleting device CRT_
19:259  0:007   deleting device DVI_
19:267  0:008   deleting device SPKR
19:274  0:007   deleting device ECP_
19:282  0:007   deleting device LPT_
19:290  0:007   deleting device FDC0
19:298  0:007   deleting device ECP1
19:306  0:007   deleting device LPT1
19:314  0:007   deleting device FDC_
19:322  0:007    indirect name=RAMB
19:326  0:003    indirect name=RAMA
19:330  0:003    indirect name=PNVB
19:333  0:003  OperationRegion (THBA...) corrected from 0x0 to addr=0xFE200000
19:337  0:003    indirect name=TPMM
19:341  0:003    indirect name=FTPM
19:345  0:003    indirect name=PPIM
19:349  0:003  PreCleanup XSDT: count=25, length=236
19:352  0:003  PreCleanup XSDT, corrected XSDT: count=25, length=236
19:356  0:003  === [ ACPIPatchedAML ] ==========================
19:360  0:003  AutoMerge pass 1
19:364  0:003  Unsorted
19:367  0:003  Inserting SSDT-EC.aml from \EFI\CLOVER\ACPI\patched: ignore on pass 1
19:378  0:010  Inserting SSDT-PLUG-_SB.PR00.aml from \EFI\CLOVER\ACPI\patched: ignore on pass 1
19:385  0:007  Inserting SSDT-PM.aml from \EFI\CLOVER\ACPI\patched: ignore on pass 1
19:393  0:007  Inserting SSDT-PMC.aml from \EFI\CLOVER\ACPI\patched: ignore on pass 1
19:400  0:007  === [ ACPIDropTables ] ==========================
19:404  0:003  OCABC: AllocPages 1 0x7A2B6000 (2) - Success
19:408  0:003  OCABC: AllocPages 1 0x7A2B6000 (2) - Success
19:412  0:003  OCABC: AllocPages 1 0x7A2B6000 (2) - Success
19:415  0:003  OCABC: AllocPages 1 0x7A2B6000 (2) - Success
19:419  0:003  OCABC: AllocPages 1 0x7A2B6000 (2) - Success
19:423  0:003  OCABC: AllocPages 1 0x7A2B6000 (2) - Success
19:427  0:003  Patching SSDTs: 2 patches each
19:430  0:003   pattern 4543305F, bin not found / already patched!
19:438  0:007   pattern 48454349, bin not found / already patched!
19:445  0:007  OCABC: AllocPages 1 0x7A2B3000 (3) - Success
19:449  0:003  Patching SSDTs: 2 patches each
19:453  0:003   pattern 4543305F, bin not found / already patched!
19:460  0:007   pattern 48454349, bin not found / already patched!
19:467  0:007  Found OperationRegion(PNVS, SystemMemory, 7ADF2000, ...)
19:471  0:003  OCABC: AllocPages 1 0x7A2AE000 (5) - Success
19:475  0:003  Patching SSDTs: 2 patches each
19:479  0:003   pattern 4543305F, bin not found / already patched!
19:486  0:007   pattern 48454349, bin not found / already patched!
19:494  0:007  Found OperationRegion(SANV, SystemMemory, 7A3D1118, ...)
19:497  0:003  OCABC: AllocPages 1 0x7A2AA000 (4) - Success
19:501  0:003  Patching SSDTs: 2 patches each
19:504  0:003   pattern 4543305F, bin not found / already patched!
19:512  0:007   pattern 48454349, bin not found / already patched!
19:519  0:007  OCABC: AllocPages 1 0x7A2A8000 (2) - Success
19:523  0:003  OCABC: AllocPages 1 0x7A2A8000 (2) - Success
19:527  0:003  Patching SSDTs: 2 patches each
19:531  0:003   pattern 4543305F, bin not found / already patched!
19:538  0:007   pattern 48454349, bin not found / already patched!
19:545  0:007  OCABC: AllocPages 1 0x7A129000 (4) - Success
19:549  0:003  Patching SSDTs: 2 patches each
19:553  0:003   pattern 4543305F, bin not found / already patched!
19:560  0:007   pattern 48454349, bin not found / already patched!
19:567  0:007  OCABC: AllocPages 1 0x7A2A6000 (2) - Success
19:571  0:003  OCABC: AllocPages 1 0x7A2A6000 (2) - Success
19:575  0:003  OCABC: AllocPages 1 0x7A125000 (4) - Success
19:581  0:006  Patching SSDTs: 2 patches each
19:585  0:003   pattern 4543305F, bin not found / already patched!
19:592  0:007   pattern 48454349, bin not found / already patched!
19:599  0:007  OCABC: AllocPages 1 0x7A2A6000 (2) - Success
19:603  0:003  Patching SSDTs: 2 patches each
19:607  0:003   pattern 4543305F, bin not found / already patched!
19:614  0:007   pattern 48454349, bin not found / already patched!
19:621  0:007  OCABC: AllocPages 1 0x7A123000 (2) - Success
19:625  0:003  OCABC: AllocPages 1 0x7A123000 (2) - Success
19:629  0:003  OCABC: AllocPages 1 0x7A122000 (3) - Success
19:635  0:006  Patching SSDTs: 2 patches each
19:641  0:006   pattern 4543305F, bin not found / already patched!
19:648  0:007   pattern 48454349, bin not found / already patched!
19:656  0:007  OCABC: AllocPages 1 0x7A120000 (2) - Success
19:659  0:003  Patching SSDTs: 2 patches each
19:663  0:003   pattern 4543305F, bin not found / already patched!
19:673  0:010   pattern 48454349, bin not found / already patched!
19:683  0:009  Found OperationRegion(ADHD, SystemMemory, 78C93000, ...)
19:687  0:003  Found OperationRegion(ABLK, SystemMemory, 78C93020, ...)
19:690  0:003  OCABC: AllocPages 1 0x7A110000 (16) - Success
19:694  0:003  OCABC: AllocPages 1 0x7A11E000 (2) - Success
19:698  0:003  OCABC: AllocPages 1 0x7A11E000 (2) - Success
19:702  0:003  OCABC: AllocPages 1 0x7A11E000 (2) - Success
19:705  0:003  === [ ACPIPatchedAML ] ==========================
19:709  0:003  AutoMerge pass 2
19:713  0:003  Unsorted
19:716  0:003  Inserting SSDT-EC.aml from \EFI\CLOVER\ACPI\patched: size=91 OCABC: AllocPages 1 0x7A11F000 (1) - Success
... Success
19:731  0:014  Inserting SSDT-PLUG-_SB.PR00.aml from \EFI\CLOVER\ACPI\patched: size=166 OCABC: AllocPages 1 0x7A11E000 (1) - Success
... Success
19:746  0:015  Inserting SSDT-PM.aml from \EFI\CLOVER\ACPI\patched: size=198 OCABC: AllocPages 1 0x7A11D000 (1) - Success
... Success
19:765  0:018  Inserting SSDT-PMC.aml from \EFI\CLOVER\ACPI\patched: size=143 OCABC: AllocPages 1 0x7A11C000 (1) - Success
... Success
19:779  0:014  ApicCPUNum=1
19:783  0:003  Maximum control=0x24
19:787  0:003  Turbo control=0x31
19:791  0:003  P-States: min 0x8, max 0x31
19:794  0:003  SSDT with plugin-type without P-States is generated
19:798  0:003  OCABC: AllocPages 1 0x7A11B000 (1) - Success
19:802  0:003  Cleanup XSDT: count=30, length=276
19:806  0:003  corrected XSDT count=30, length=276
19:809  0:003  === [ RestSetup macOS ] =========================
19:813  0:003  ATI injection not set
19:817  0:003  Intel UHD Graphics 630 [8086:3E98] :: PciRoot(0x0)\Pci(0x2,0x0)
19:820  0:003    Intel: no default properties
19:824  0:003  Intel GFX revision  = 0x0
19:828  0:003   RCBA disabled; cannot use it
19:832  0:003   setting specified layout-id=1 (0x1)
19:836  0:003  stringlength = 458
19:840  0:003  OCABC: AllocPages 1 0x7A11A000 (1) - Success
19:843  0:003  CurrentMode: Width=1366 Height=768
19:847  0:003  SetNvramVariable (system-id, 4D1EDE05-38C7-4A6A-9CC6-4BCCA8B38C14, 0x2, 16): -> writing new (Success)
19:855  0:008  SetNvramVariable (MLB, 4D1EDE05-38C7-4A6A-9CC6-4BCCA8B38C14, 0x6, 17): -> writing new (Success)
19:863  0:008  SetNvramVariable (ROM, 4D1EDE05-38C7-4A6A-9CC6-4BCCA8B38C14, 0x6, 6): -> writing new (Success)
19:871  0:008  SetNvramVariable (FirmwareFeatures, 4D1EDE05-38C7-4A6A-9CC6-4BCCA8B38C14, 0x6, 4): -> writing new (Success)
19:880  0:008  SetNvramVariable (FirmwareFeaturesMask, 4D1EDE05-38C7-4A6A-9CC6-4BCCA8B38C14, 0x6, 4): -> writing new (Success)
19:888  0:008  SetNvramVariable (ExtendedFirmwareFeatures, 4D1EDE05-38C7-4A6A-9CC6-4BCCA8B38C14, 0x6, 8): -> writing new (Success)
19:896  0:008  SetNvramVariable (ExtendedFirmwareFeaturesMask, 4D1EDE05-38C7-4A6A-9CC6-4BCCA8B38C14, 0x6, 8): -> writing new (Success)
19:904  0:008  AddNvramVariable (HW_BID, 4D1EDE05-38C7-4A6A-9CC6-4BCCA8B38C14, 0x6, 20): -> writing new (Success)
19:912  0:008  AddNvramVariable (security-mode, 7C436110-AB2A-4BBB-A880-FE41995C9F82, 0x7, 5): -> already exists, abort
19:920  0:007  set DefaultBackgroundColor=0xfbfbfb
19:924  0:003  SetNvramVariable (DefaultBackgroundColor, 4D1EDE05-38C7-4A6A-9CC6-4BCCA8B38C14, 0x7, 4): -> writing new (Success)
19:935  0:011  SetNvramVariable (ActualDensity, 7C436110-AB2A-4BBB-A880-FE41995C9F82, 0x7, 2): exists(0x7, 2), equal -> not writing again.
19:947  0:011  SetNvramVariable (DensityThreshold, 7C436110-AB2A-4BBB-A880-FE41995C9F82, 0x7, 2): exists(0x7, 2), equal -> not writing again.
19:958  0:011  SetNvramVariable (gfx-saved-config-restore-status, 4D1EDE05-38C7-4A6A-9CC6-4BCCA8B38C14, 0x7, 8): exists(0x7, 8), equal -> not writing again.
19:970  0:012  DeleteNvramVariable (UIScale, 4D1EDE05-38C7-4A6A-9CC6-4BCCA8B38C14):
19:975  0:004  DeleteNvramVariable (EFILoginHiDPI, 7C436110-AB2A-4BBB-A880-FE41995C9F82):
19:979  0:003  SetNvramVariable (flagstate, 7C436110-AB2A-4BBB-A880-FE41995C9F82, 0x7, 32): exists(0x7, 32), equal -> not writing again.
19:990  0:011  SetNvramVariable (csr-active-config, 7C436110-AB2A-4BBB-A880-FE41995C9F82, 0x7, 4): exists(0x7, 4), not equal -> writing new (Success)
20:008  0:017  DeleteNvramVariable (BridgeOSHardwareModel, 4D1EDE05-38C7-4A6A-9CC6-4BCCA8B38C14):
20:012  0:004  DeleteNvramVariable (bootercfg, 7C436110-AB2A-4BBB-A880-FE41995C9F82):
20:017  0:004  DeleteNvramVariable (nvda_drv, 7C436110-AB2A-4BBB-A880-FE41995C9F82):
20:021  0:004  DeleteNvramVariable (recovery-boot-mode, 7C436110-AB2A-4BBB-A880-FE41995C9F82):
20:025  0:003  AddNvramVariable (wake-failure, 7C436110-AB2A-4BBB-A880-FE41995C9F82, 0x7, 5): -> already exists, abort
20:033  0:008  DeleteNvramVariable (opencore-version, 7C436110-AB2A-4BBB-A880-FE41995C9F82):
20:038  0:004  DeleteNvramVariable (ApBoardID, 94B73556-2197-4702-82A8-3E1337DAFBFB):
20:042  0:004  DeleteNvramVariable (ApSecurityDomain, 94B73556-2197-4702-82A8-3E1337DAFBFB):
20:046  0:004  DeleteNvramVariable (ApProductionStatus, 94B73556-2197-4702-82A8-3E1337DAFBFB):
20:051  0:004  DeleteNvramVariable (ApSecurityMode, 94B73556-2197-4702-82A8-3E1337DAFBFB):
20:055  0:004  DeleteNvramVariable (EffectiveProductionStatus, 94B73556-2197-4702-82A8-3E1337DAFBFB):
20:060  0:004  DeleteNvramVariable (EffectiveSecurityMode, 94B73556-2197-4702-82A8-3E1337DAFBFB):
20:064  0:004  DeleteNvramVariable (CertificateEpoch, 94B73556-2197-4702-82A8-3E1337DAFBFB):
20:068  0:004  DeleteNvramVariable (MixNMatchPreventionStatus, 94B73556-2197-4702-82A8-3E1337DAFBFB):
20:073  0:004  DeleteNvramVariable (CryptoDigestMethod, 94B73556-2197-4702-82A8-3E1337DAFBFB):
20:077  0:004  DeleteNvramVariable (InternalUseOnlyUnit, 94B73556-2197-4702-82A8-3E1337DAFBFB):
20:082  0:004  DeleteNvramVariable (ApECID, 94B73556-2197-4702-82A8-3E1337DAFBFB):
20:086  0:004  DeleteNvramVariable (HardwareModel, 94B73556-2197-4702-82A8-3E1337DAFBFB):
20:090  0:003  Use origin smbios table type 1 guid.
20:113  0:023  DeleteNvramVariable (efi-boot-device, 7C436110-AB2A-4BBB-A880-FE41995C9F82):
20:118  0:004  DeleteNvramVariable (efi-boot-device-data, 7C436110-AB2A-4BBB-A880-FE41995C9F82):
20:122  0:004  DeleteNvramVariable (BootCampHD, 7C436110-AB2A-4BBB-A880-FE41995C9F82):
20:126  0:003  Custom boot screen not used because entry has unset use graphics
20:131  0:005  DeleteNvramVariable (IOHibernateRTCVariables, 7C436110-AB2A-4BBB-A880-FE41995C9F82):
20:136  0:004  DeleteNvramVariable (boot-image, 7C436110-AB2A-4BBB-A880-FE41995C9F82):
20:140  0:003  Kernel quirks
20:143  0:003  ACPCL 1 AXCL 1 AXEM 0 AXFB 0 CSG 0 DIM 0 DLJ 0 DRC 1 DPM 0 EBTFF 0 EDI 0 FAI 0 IPBS 0 LKP 0 PNKD 0 PTKP 0 TPD 0 XPL 0 PCC 0
20:147  0:003  Closing log
20:151  0:003  OCABC: AllocPages 2 0x91000 (14) - Success
20:154  0:003  OCABC: AllocPages 2 0x6F762000 (14) - Success
20:158  0:003  OCABC: Recovering trashed GetMemoryMap pointer
20:164  0:005  OCABC: Patching safe mode sur-2 at off ACF4
20:167  0:003  OCABC: AllocPages 2 0x777E6000 (512) - Success
20:171  0:003  OCABC: AllocPages 2 0x777E5000 (1) - Success
20:175  0:003  OC: Supported boot capabilities 4
20:178  0:003  OCABC: AllocPages 2 0x777E4000 (1) - Success
20:182  0:003  OCABC: MMIO devirt start
20:186  0:003  OCABC: MMIO devirt 0xE0000000 (0x10000 pages, 0x800000000000100D) skip 0
20:189  0:003  OCABC: MMIO devirt 0xFE000000 (0x11 pages, 0x8000000000000001) skip 0
20:193  0:003  OCABC: MMIO devirt 0xFEC00000 (0x1 pages, 0x800000000000100D) skip 0
20:197  0:003  OCABC: MMIO devirt 0xFED00000 (0x4 pages, 0x800000000000100D) skip 0
20:201  0:003  OCABC: MMIO devirt 0xFEE00000 (0x1 pages, 0x8000000000000001) skip 0
20:204  0:003  OCABC: MMIO devirt 0xFF000000 (0x1000 pages, 0x800000000000100D) skip 0
20:208  0:003  OCABC: MMIO devirt end, saved 278620 KB
20:212  0:003  OCABC: All slides are usable! You can disable ProvideCustomSlide!
20:217  0:005  OCOS: OS set: <null> macOS 11.0
20:220  0:003  OCOS: OS set: Apple Inc. macOS 11.0
20:224  0:003  OCOS: Should use black background
20:228  0:004  OCABC: AllocPages 1 0x6D2E4000 (1) - Success
20:244  0:015  OC: Opening file System\Library\Kernels\kernel with 1 mode gave - Not Found
20:247  0:003  OC: Opening file \A490645D-B724-4FBC-9AC8-F7A23B1C4935 with 1 mode gave - Success
20:251  0:003  OC: Opening file \A490645D-B724-4FBC-9AC8-F7A23B1C4935\System\Library\CoreServices\com.apple.Boot.plist with 1 mode gave - Not Found
20:255  0:004  OC: Opening file Library\Preferences\SystemConfiguration\com.apple.Boot.plist with 1 mode gave - Success
20:260  0:004  OC: Opening file \A490645D-B724-4FBC-9AC8-F7A23B1C4935\System\Library\CoreServices\PlatformSupport.plist with 1 mode gave - Success
25:287  5:027  OCABC: AllocPages 2 0x19500000 (51544) - Success
25:310  0:023  OC: Opening file System\Library\Caches\com.apple.corestorage\EncryptedRoot.plist.wipekey with 1 mode gave - Success
25:330  0:019  OC: Opening file \A490645D-B724-4FBC-9AC8-F7A23B1C4935\System\Library\CoreServices\boot.efi with 1 mode gave - Success
25:357  0:027  OC: Opening file boot\System\Library\KernelCollections\BootKernelExtensions.kc.development with 1 mode gave - Not Found
25:374  0:017  OC: Opening file boot\System\Library\KernelCollections\BootKernelExtensions.kc with 1 mode gave - Success
25:378  0:003  OC: Load and reserve Kext Other\FakeSMC.kext
25:382  0:004  OC: Load and reserve Kext Other\USBMap.kext
25:386  0:003  OC: Kext reservation size info 504000 exe 18000
25:390  0:003  OC: Trying 64-bit XNU hook on boot\System\Library\KernelCollections\BootKernelExtensions.kc
25:393  0:003  OCAK: Found 64-bit Mach-O compressed 0 offset 0 size 0
25:397  0:003  OCAK: Determined kernel size is 62734336 bytes
25:431  0:033  OC: Result of 64-bit XNU hook on boot\System\Library\KernelCollections\BootKernelExtensions.kc (00000000) is Success
25:477  0:046  OCAK: Read kernel version 23.4.0 (230400)
25:481  0:003  OCAK: 64-bit patcher base 0xFFFFFF8000200000 kmod 0x0 file 0x0
25:485  0:004  OCAK: Zeroing _xcpm_core_scope_msrs 0xE2 applicable CPUs (76)
25:489  0:003  OCAK: Zeroing _xcpm_core_scope_msrs 0xE2 applicable CPUs (406416)
25:493  0:004  OCAK: Zeroing _xcpm_core_scope_msrs 0xE2 applicable CPUs (16384)
25:498  0:004  Replace B9E20000000F30 by B9E20000009090 at ofs:30E
25:563  0:065  Replace B9E20000000F30 by B9E20000009090 at ofs:39B
25:625  0:062  OCAK: 64-bit XcpmCfgLockRel replace count - 2
25:629  0:003  OCAK: [OK] Success XcpmCfgLock patch
25:671  0:042  OCAK: org.netkas.FakeSMC got KXLD 0 0
25:675  0:003  OCAK: Requesting __LINKEDIT for org.netkas.FakeSMC - 6CDC8398 at 3BD5000
25:685  0:009  OCAK: Requesting SymbolTable for org.netkas.FakeSMC - 601
25:689  0:003  OCAK: Requesting __LINKEDIT for __kernel__ - 691FE688 at 0
25:692  0:003  OCAK: Requesting SymbolTable for __kernel__ - 22799
25:718  0:025  OCAK: Patching invalid size 2000 with 19DF000 for com.apple.iokit.IOACPIFamily
25:722  0:003  OCAK: com.apple.iokit.IOACPIFamily got KXLD 0 0
25:726  0:003  OCAK: Requesting __LINKEDIT for com.apple.iokit.IOACPIFamily - 6B3E9518 at 21F6000
25:730  0:003  OCAK: Requesting SymbolTable for com.apple.iokit.IOACPIFamily - 544
25:741  0:011  OCAK: Local relocs 1148 on FFFFFF8003CD5000
25:745  0:004  OC: Prelinked injection Other\FakeSMC.kext () - Success
25:749  0:004  OC: Prelinked injection Other\USBMap.kext () - Success
25:753  0:003  OC: Prelink size 62836736 kext offset 62738432 reserved 98304
25:757  0:003  OCAK: KC TEXT is 65536 bytes with 61800 Mach-O headers need 280
25:777  0:019  OCAK: Failed to pk find com.apple.driver.AppleIntelCPUPowerManagement - Not Found
25:780  0:003  OCAK: [OK] Skipping PatchAppleCpuPmCfgLock on NULL Patcher on kernel version 230400
25:785  0:004  OCAK: Patching invalid size 5FF4 with 2193000 for com.apple.driver.AppleRTC
25:789  0:003  OCAK: com.apple.driver.AppleRTC got KXLD 0 0
25:793  0:003  Replace BE58000000/FFFEFFFFFF(BE58000000) by BEFFFF0000 at ofs:1AED
25:894  0:101  Replace BE58000000/FFFEFFFFFF(BE59000000) by BEFFFF0000 at ofs:1AFE
26:001  0:107  Replace BE58000000/FFFEFFFFFF(BE58000000) by BEFFFF0000 at ofs:1DE3
26:097  0:096  Replace BE58000000/FFFEFFFFFF(BE59000000) by BEFFFF0000 at ofs:1DF3
26:194  0:096  OCAK: 64-bit DisableRtcChecksum64 replace count - 4
26:197  0:003  OCAK: [OK] Patch success com.apple.driver.AppleRTC DisableRtcChecksum
26:321  0:123  OC: Prelinked status - Success
26:364  0:043  OC: Opening file usr\standalone\OS.dmg.root_hash with 1 mode gave - Success
26:374  0:009  OC: Opening file usr\standalone\OS.dmg.root_hash.x86legacyap.im4m with 1 mode gave - Success
26:384  0:009  OCABC: AllocPages 0 0x73008000 (1) - Success
26:388  0:003  OCABC: AllocPages 0 0x73007000 (1) - Success
