0:100  0:100  MemLog inited, TSC freq: 3600487500
0:100  0:000  CPU was calibrated with RTC
0:100  0:000  CloverX64 : Image base = 0x6D404000
0:100  0:000  Clover ImageHandle = 7626fc98
0:101  0:001  SelfDirPath = \EFI\CLOVER
0:103  0:001  === [ Starting Clover ] =========================
0:103  0:000  Now is 25.11.2024,  07:20:48 (GMT)
0:103  0:000  Starting Clover revision: 5160 (master, commit 7b08a616e) on American Megatrends EFI
0:103  0:000  Build id: 20240909210805-7b08a61-dirty
0:103  0:000  Build with: [Args: -D NO_GRUB_DRIVERS_EMBEDDED -D LESS_DEBUG -t GCC131 | --cmd-len=50000 -D NO_GRUB_DRIVERS_EMBEDDED -D LESS_DEBUG --conf=/Users/sergey/src/CloverBootloader/Conf -D USE_LOW_EBDA -a X64 -b RELEASE -t GCC131 -n 5 | OS: 15]
0:103  0:000  === [ Get Smbios ] ==============================
0:103  0:000  Type 16 Index = 0
0:103  0:000  Total Memory Slots Count = 4
0:103  0:000  Type 17 Index = 0
0:103  0:000  SmbiosTable.Type17->SlotIndex = 0
0:103  0:000  SmbiosTable.Type17->ModuleSize = 8192MB
0:103  0:000  SmbiosTable.Type17->Type = 0
0:103  0:000  SmbiosTable.Type17->Frequency = 3200MHz
0:103  0:000  SmbiosTable.Type17->Bank/Device = BANK 0 ChannelA-DIMM1
0:103  0:000  SmbiosTable.Type17->Vendor = Corsair
0:103  0:000  SmbiosTable.Type17->SerialNo = 00000000
0:103  0:000  SmbiosTable.Type17->PartNo = CMK16GX4M2K4266C19
0:103  0:000  Type 17 Index = 1
0:103  0:000  SmbiosTable.Type17->SlotIndex = 1
0:103  0:000  SmbiosTable.Type17->ModuleSize = 8192MB
0:103  0:000  SmbiosTable.Type17->Type = 0
0:103  0:000  SmbiosTable.Type17->Frequency = 3200MHz
0:103  0:000  SmbiosTable.Type17->Bank/Device = BANK 1 ChannelA-DIMM2
0:103  0:000  SmbiosTable.Type17->Vendor = Corsair
0:103  0:000  SmbiosTable.Type17->SerialNo = 00000000
0:103  0:000  SmbiosTable.Type17->PartNo = CMK16GX4M2K4266C19
0:103  0:000  Type 17 Index = 2
0:103  0:000  Ignoring insane frequency value 0MHz
0:103  0:000  Type 17 Index = 3
0:103  0:000  Ignoring insane frequency value 0MHz
0:103  0:000  Boot status=0
0:103  0:000  Running on: 'System Product Name' with board 'PRIME Z390-A'
0:103  0:000  === [ GetCPUProperties ] ========================
0:103  0:000  CPU Vendor = 756E6547 Model=906EC
0:103  0:000   The CPU supported SSE4.1
0:103  0:000   The CPU supported RDRAND
0:103  0:000  BrandString = Intel(R) Core(TM) i7-9700K CPU @ 3.60GHz
0:103  0:000   The CPU supported turbo
0:103  0:000   Energy PerfBias is  visible:
0:103  0:000  MSR 0x35               80008
0:103  0:000   TSC/CCC Information Leaf:
0:103  0:000    numerator     : 300
0:103  0:000    denominator   : 2
0:103  0:000   Calibrated ARTFrequency: 24003250
0:103  0:000   Rounded ARTFrequency: 24000000
0:103  0:000  MSR 0xE2 before patch 1E000000
0:103  0:000  MSR 0xCE              08080838_F1012400
0:103  0:000  corrected FLEX_RATIO = E0000
0:103  0:000  MSR 0x1B0             00000000
0:103  0:000  FSBFrequency = 109 MHz, DMI FSBFrequency = 100 MHz, Corrected FSBFrequency = 100 MHz
0:103  0:000  MaxDiv/MinDiv: 36.0/8
0:103  0:000  Turbo: 47/49/49/49
0:103  0:000  Features: 0x77FAFBFFBFEBFBFF
0:103  0:000  Threads: 8
0:103  0:000  Cores: 8
0:103  0:000  FSB: 100 MHz
0:103  0:000  CPU: 3900 MHz
0:103  0:000  TSC: 3900 MHz
0:103  0:000  PIS: 100 MHz
0:103  0:000  ExternalClock: 25 MHz
0:103  0:000  === [ GetDevices ] ==============================
0:103  0:000  GOP found at: PciRoot(0x0)/Pci(0x1,0x0)/Pci(0x0,0x0)/AcpiAdr(0x80010302)
0:103  0:000  PCI (00|00:00.00) : 8086 3E30 class=060000
0:103  0:000  PCI (00|00:01.00) : 8086 1901 class=060400
0:103  0:000  PCI (00|01:00.00) : 1002 67DF class=030000
0:103  0:000   - GFX: Model=AMD Radeon RX 480/570/580 (ATI/AMD)
0:103  0:000   - GOP: Provided by device
0:103  0:000  PCI (00|01:00.01) : 1002 AAF0 class=040300
0:103  0:000   - HDMI Audio: 
0:103  0:000  PCI (00|00:02.00) : 8086 3E98 class=038000
0:103  0:000   - GFX: Model=Intel UHD Graphics 630 (Intel)
0:103  0:000  PCI (00|00:14.00) : 8086 A36D class=0C0330
0:104  0:000  PCI (00|00:14.02) : 8086 A36F class=050000
0:104  0:000  PCI (00|00:16.00) : 8086 A360 class=078000
0:104  0:000  PCI (00|00:17.00) : 8086 A352 class=010601
0:104  0:000  PCI (00|00:1B.00) : 8086 A340 class=060400
0:104  0:000  PCI (00|00:1C.00) : 8086 A338 class=060400
0:104  0:000  PCI (00|00:1D.00) : 8086 A330 class=060400
0:104  0:000  PCI (00|04:00.00) : 144D A808 class=010802
0:104  0:000  PCI (00|00:1F.00) : 8086 A305 class=060100
0:104  0:000  PCI (00|00:1F.03) : 8086 A348 class=040300
0:104  0:000  PCI (00|00:1F.04) : 8086 A323 class=0C0500
0:104  0:000  PCI (00|00:1F.05) : 8086 A324 class=0C8000
0:104  0:000  PCI (00|00:1F.06) : 8086 15BC class=020000
0:104  0:000   - LAN: 1 Vendor=Intel
0:104  0:000  Legacy MAC address of LAN #0= 40:B0:76:DE:9E:93:
0:104  0:000  _checkOEMPath Look for oem dir at path '\EFI\CLOVER\OEM\System Product Name--40-B0-76-DE-9E-93'. Dir doesn't exist.
0:104  0:000  _checkOEMPath Look for oem dir at path '\EFI\CLOVER\OEM\PRIME Z390-A\UEFI'. Dir doesn't exist.
0:104  0:000  _checkOEMPath Look for oem dir at path '\EFI\CLOVER\OEM\System Product Name'. Dir doesn't exist.
0:104  0:000  _checkOEMPath Look for oem dir at path '\EFI\CLOVER\OEM\System Product Name-3900'. Dir doesn't exist.
0:104  0:000  _checkOEMPath Look for oem dir at path '\EFI\CLOVER\OEM\PRIME Z390-A'. Dir doesn't exist.
0:104  0:000  _checkOEMPath Look for oem dir at path '\EFI\CLOVER\OEM\PRIME Z390-A-3900'. Dir doesn't exist.
0:104  0:000  === [ GetUserSettings ] =========================
0:104  0:000  GetDefaultModel()=iMac18,3
0:104  0:000  === [ LoadUserSettings ] ========================
0:105  0:000  Using config.plist at path: \EFI\CLOVER
0:106  0:000  === [ LoadUserSettings ] ========================
0:106  0:000  Cannot find smbios.plist at path '\EFI\CLOVER' : Not Found
0:106  0:000  '\EFI\CLOVER\smbios.plist' not loaded. Efi error Not Found
0:106  0:000  create SMBIOS list, found 27 dicts
0:106  0:000  ... ACPI
0:106  0:000  ... Boot
0:106  0:000  ... BootGraphics
0:106  0:000  ... Devices
0:106  0:000  ... DisableDrivers
0:106  0:000  ... GUI
0:106  0:000  ... Graphics
0:106  0:000  ... KernelAndKextPatches
0:106  0:000  ... SMBIOS
0:106  0:000  ... SystemParameters
0:106  0:000  ... RtVariables
0:106  0:000  ... Quirks
0:106  0:000  get model from config.plist
0:106  0:000  Using latest BiosVersion from config instead of default 'IM191.88Z.F000.B00.2302212211'
0:119  0:012  Using latest BiosReleaseDate from config instead of default '02/21/2023'
0:123  0:004  Using latest EfiVersion from config instead of default '1968.100.16.0.1'
0:127  0:004  BiosVersion: IM191.88Z.F000.B00.2308061817
0:131  0:004  BiosReleaseDate: 08/06/2023
0:135  0:003  EfiVersion: 2020.40.3.0.0
0:139  0:004  Calibrated TSC Frequency = 3600487500 = 3600MHz
0:143  0:004  === [ GetListOfThemes ] =========================
0:147  0:003  - [00]: random
0:155  0:008  - [00]: embedded
0:163  0:008  === [ Found config plists ] =====================
0:167  0:004  - config.plist
0:171  0:003  - config-sample.plist
0:175  0:004  - config_old.plist
0:180  0:004  === [ LoadDrivers ] =============================
0:184  0:004  Loading NvmExpressDxe.efi status=Success
0:198  0:013   - driver needs connecting
0:202  0:004  Loading EnglishDxe.efi status=Success
0:214  0:012  Loading AppleKeyFeeder.efi status=Success
0:227  0:012  Loading VBoxHfs.efi status=Success
0:240  0:013   - driver needs connecting
0:245  0:004  Loading HashServiceFix.efi status=Success
0:257  0:012  Loading PartitionDxe.efi status=Success
0:270  0:013   - driver needs connecting
0:274  0:004  Loading ApfsDriverLoader.efi status=Success
0:288  0:013   - driver needs connecting
0:292  0:004  4 drivers needs connecting ...
0:292  0:000  PlatformDriverOverrideProtocol not found. Installing ... Success
0:292  0:000  Partition driver loaded: 
0:293  0:000  HFS+ driver loaded
0:293  0:000  APFS driver loaded
0:293  0:000  Searching for invalid DiskIo BY_DRIVER connects: not found, all ok
0:517  0:223  === [ InitScreen ] ==============================
0:521  0:004  Console modes reported: 4, available modes:
0:525  0:004   - [01]: 80x25 (current mode)
0:529  0:003   - [03]: 100x31
0:533  0:004   - [04]: 170x40
0:537  0:004  SetScreenResolution: 1920x1080 - not found!
0:546  0:009  SetMaxResolution: found best mode 0: 1366x768
0:554  0:008   - already set
0:559  0:004  Using embedded font
0:564  0:004  === [ ScanSPD ] =================================
0:568  0:004  SMBus device : 8086 A323 class=0C0500 status=Success
0:572  0:004  SMBus CmdReg: 0x3
0:576  0:003  Scanning SMBus [8086:A323], mmio: 0x12116004, ioport: 0xEFA0, hostc: 0x11
0:580  0:004  Slots to scan [8]...
0:585  0:004  SPD[0]: Got invalid type 0 @0x50. Will set page and retry.
0:589  0:004  SPD[0]: Type 12 @0x50
0:611  0:021  XMP Profile1: 4*125 -31 ns
0:615  0:004  Found module with XMP version 2.0
0:619  0:003  Using XMP Profile1 instead of standard frequency 2132MHz
0:623  0:003  DDR speed 4264MHz
0:627  0:004  Slot: 0 Type 26 8192MB 4264MHz Vendor=Corsair PartNo=CMK16GX4M2K4266C19 SerialNo=00000000
0:632  0:004  SPD[1]: Type 12 @0x51
0:653  0:021  XMP Profile1: 4*125 -31 ns
0:657  0:003  Found module with XMP version 2.0
0:661  0:004  Using XMP Profile1 instead of standard frequency 2132MHz
0:665  0:003  DDR speed 4264MHz
0:669  0:003  Slot: 1 Type 26 8192MB 4264MHz Vendor=Corsair PartNo=CMK16GX4M2K4266C19 SerialNo=00000000
0:674  0:004  === [ GetAcpiTablesList ] =======================
0:678  0:003  Get Acpi Tables List from RSDT: count=24
0:686  0:008   - [00]: FACP  A M I  len=132
0:690  0:004   - [01]: APIC  A M I  len=188
0:694  0:004   - [02]: FPDT  A M I  len=68
0:698  0:004   - [03]: FIDT  A M I len=156
0:702  0:003   - [04]: MCFG  A M I  len=60
0:706  0:004   - [05]: WSMT  A M I  len=40
0:711  0:004   - [06]: SSDT  SataTabl len=888
0:715  0:004   - [07]: SSDT  CpuSsdt len=6101
0:719  0:003   - [08]: SSDT  SaSsdt  len=12443
0:722  0:003   - [09]: SSDT  PegSsdt len=9048
0:727  0:004   - [10]: HPET  A M I  len=56
0:731  0:004   - [11]: SSDT  Ther_Rvp len=3998
0:735  0:003   - [12]: SSDT  xh_cfsd4 len=10579
0:739  0:004   - [13]: UEFI  A M I  len=72
0:743  0:003   - [14]: LPIT  A M I  len=92
0:747  0:004   - [15]: SSDT  PtidDevc len=10206
0:751  0:003   - [16]: SSDT  TbtTypeC len=4094
0:754  0:003   - [17]: DBGP  A M I  len=52
0:759  0:004   - [18]: DBG2  A M I  len=84
0:763  0:004   - [19]: SSDT  UsbCTabl len=6449
0:766  0:003   - [20]: SSDT  ADebTabl len=324
0:770  0:003   - [21]: VFCT  A M I  len=59524
0:774  0:003   - [22]: BGRT  A M I  len=56
0:778  0:003   - [23]: WPBT  A M I len=60
0:783  0:004   - [00]: Drop table : MATS,                0 :  no
0:791  0:008   - [01]: Drop table : DMAR,                0 :  no
0:799  0:008  Custom boot CUSTOM_BOOT_DISABLED (0x0)
0:803  0:003  Default theme: embedded
0:807  0:004  Set FakeCPUID: 0x0
0:812  0:004  === [ Found DSDT tables ] =======================
0:817  0:004  === [ InitKextList ] ============================
0:822  0:005  Added Kext=Other\USBMapDummy.kext (1.0)
0:826  0:004  Added Kext=Other\RadeonMonitor.kext (1.3.5)
0:831  0:005  Added Kext=Other\FakeSMC.kext (3.5.6)
0:836  0:004  Added Kext=Other\IntelCPUMonitor.kext (1.2.6)
0:841  0:005  === [ ScanVolumes ] =============================
0:846  0:004  Found 12 volumes with blockIO
0:850  0:004  - [00]: Volume: PciRoot(0x0)\Pci(0x17,0x0)\Sata(0x0,0xFFFF,0x0)
0:861  0:011  - [01]: Volume: PciRoot(0x0)\Pci(0x17,0x0)\Sata(0x0,0xFFFF,0x0)\HD(1,GPT,38DCC513-D608-408E-9D2F-1469C8B906A0,0x28,0x64000)
0:870  0:008          Result of bootcode detection: bootable unknown (legacy)
0:875  0:005            label : EFI
0:879  0:003  - [02]: Volume: PciRoot(0x0)\Pci(0x17,0x0)\Sata(0x0,0xFFFF,0x0)\HD(2,GPT,C20AA839-E88E-4CED-8CAB-9480B290394C,0x64028,0x15D466360)
0:908  0:028            label : Dati
0:912  0:003  - [03]: Volume: PciRoot(0x0)\Pci(0x1D,0x0)\Pci(0x0,0x0)\NVMe(0x1,CA-8F-B2-81-58-38-25-00)
0:920  0:008  - [04]: Volume: PciRoot(0x0)\Pci(0x1D,0x0)\Pci(0x0,0x0)\NVMe(0x1,CA-8F-B2-81-58-38-25-00)\HD(1,GPT,6E40A227-DDED-4325-B7CE-3959620EB39E,0x28,0x64000)
0:928  0:008          Result of bootcode detection: bootable unknown (legacy)
0:932  0:004            label : EFI
0:936  0:003          This is SelfVolume !!
0:940  0:003  - [05]: Volume: PciRoot(0x0)\Pci(0x1D,0x0)\Pci(0x0,0x0)\NVMe(0x1,CA-8F-B2-81-58-38-25-00)\HD(2,GPT,9508A8C6-F9B9-4EDD-ABC7-C1C4A019C410,0x64028,0x3A321FE0)
0:948  0:007          Result of bootcode detection: bootable unknown (legacy)
0:952  0:003  - [06]: Volume: PciRoot(0x0)\Pci(0x1D,0x0)\Pci(0x0,0x0)\NVMe(0x1,CA-8F-B2-81-58-38-25-00)\HD(2,GPT,9508A8C6-F9B9-4EDD-ABC7-C1C4A019C410,0x64028,0x3A321FE0)\VenMedia(BE74FCF7-0B7C-49F3-9147-01F4042E6842,F2738F7DD5B89341BB89C99D72294438)
0:960  0:008            apfsFileSystemUUID=7D8F73F2-B8D5-4193-BB89-C99D72294438, ApfsContainerUUID=85F3C012-2D6D-4FA1-A77E-71D7470E7FA2, ApfsRole=0x10
0:964  0:004            label : Preboot
0:968  0:003  - [07]: Volume: PciRoot(0x0)\Pci(0x1D,0x0)\Pci(0x0,0x0)\NVMe(0x1,CA-8F-B2-81-58-38-25-00)\HD(2,GPT,9508A8C6-F9B9-4EDD-ABC7-C1C4A019C410,0x64028,0x3A321FE0)\VenMedia(BE74FCF7-0B7C-49F3-9147-01F4042E6842,5D6490A424B7BC4F9AC8F7A23B1C4935)
0:976  0:007            apfsFileSystemUUID=A490645D-B724-4FBC-9AC8-F7A23B1C4935, ApfsContainerUUID=85F3C012-2D6D-4FA1-A77E-71D7470E7FA2, ApfsRole=0x40
0:991  0:014            label : Macintosh HD - Dati
0:995  0:003  - [08]: Volume: PciRoot(0x0)\Pci(0x1D,0x0)\Pci(0x0,0x0)\NVMe(0x1,CA-8F-B2-81-58-38-25-00)\HD(2,GPT,9508A8C6-F9B9-4EDD-ABC7-C1C4A019C410,0x64028,0x3A321FE0)\VenMedia(BE74FCF7-0B7C-49F3-9147-01F4042E6842,B6D67091A529BA4BA6736F0E24A99093)
1:003  0:008            apfsFileSystemUUID=9170D6B6-29A5-4BBA-A673-6F0E24A99093, ApfsContainerUUID=85F3C012-2D6D-4FA1-A77E-71D7470E7FA2, ApfsRole=0x4
1:007  0:003            label : Recovery
1:011  0:003  - [09]: Volume: PciRoot(0x0)\Pci(0x1D,0x0)\Pci(0x0,0x0)\NVMe(0x1,CA-8F-B2-81-58-38-25-00)\HD(2,GPT,9508A8C6-F9B9-4EDD-ABC7-C1C4A019C410,0x64028,0x3A321FE0)\VenMedia(BE74FCF7-0B7C-49F3-9147-01F4042E6842,C30BF988C32C724BB297A45648EE79C3)
1:018  0:007            apfsFileSystemUUID=88F90BC3-2CC3-4B72-B297-A45648EE79C3, ApfsContainerUUID=85F3C012-2D6D-4FA1-A77E-71D7470E7FA2, ApfsRole=0x1
1:025  0:006            label : Macintosh HD
1:029  0:003  - [10]: Volume: PciRoot(0x0)\Pci(0x1D,0x0)\Pci(0x0,0x0)\NVMe(0x1,CA-8F-B2-81-58-38-25-00)\HD(2,GPT,9508A8C6-F9B9-4EDD-ABC7-C1C4A019C410,0x64028,0x3A321FE0)\VenMedia(BE74FCF7-0B7C-49F3-9147-01F4042E6842,982FC8B0B1F22A41B736D33F4320CF33)
1:037  0:007            apfsFileSystemUUID=B0C82F98-F2B1-412A-B736-D33F4320CF33, ApfsContainerUUID=85F3C012-2D6D-4FA1-A77E-71D7470E7FA2, ApfsRole=0xc0
1:041  0:004            label : Update
1:045  0:003  - [11]: Volume: PciRoot(0x0)\Pci(0x1D,0x0)\Pci(0x0,0x0)\NVMe(0x1,CA-8F-B2-81-58-38-25-00)\HD(2,GPT,9508A8C6-F9B9-4EDD-ABC7-C1C4A019C410,0x64028,0x3A321FE0)\VenMedia(BE74FCF7-0B7C-49F3-9147-01F4042E6842,D0BFA628AA2C7548AE15EA6E25144D32)
1:053  0:008            apfsFileSystemUUID=28A6BFD0-2CAA-4875-AE15-EA6E25144D32, ApfsContainerUUID=85F3C012-2D6D-4FA1-A77E-71D7470E7FA2, ApfsRole=0x8
1:057  0:003            label : VM
1:061  0:004  No AudioIoProtocols, status=Not Found
1:065  0:004  === [ InitXTheme ] ==============================
1:069  0:004  use Daylight theme
1:073  0:003   using embedded theme
1:086  0:012  Using embedded font
1:090  0:004  theme inited
1:094  0:003  Chosen embedded theme
1:098  0:004  after NVRAM boot-args=dart=0 -v
1:102  0:003  Scanning legacy ...
1:106  0:003  === [ Dump SMC keys from NVRAM ] ================
1:110  0:004  found AppleSMC protocol
1:122  0:011     fakesmc-key-RVBF-ch8*:02 46 0F 00 00 12 
1:162  0:040     fakesmc-key-#KEY-ui32:00 00 00 11 
1:187  0:025     fakesmc-key-$Adr-ui32:00 00 03 00 
1:213  0:025     fakesmc-key-$Num-ui8:01 
1:227  0:013     fakesmc-key-RMde-char:41 
1:240  0:013     fakesmc-key-RBr -ch8*:6A 31 33 38 5F 39 00 00 
1:281  0:041     fakesmc-key-EPCI-ui32:09 D0 F0 00 
1:307  0:025     fakesmc-key-REV -ch8*:02 46 0F 00 00 12 
1:340  0:033     fakesmc-key-RPlt-ch8*:6A 31 33 38 00 00 00 00 
1:382  0:042     fakesmc-key-BEMB-flag:00 
1:396  0:013     fakesmc-key-BATP-flag:00 
1:410  0:013     fakesmc-key-BNum-ui8:00 
1:423  0:013     fakesmc-key-MSTc-ui8:00 
1:437  0:013     fakesmc-key-MSAc-ui16:00 00 
1:454  0:017     fakesmc-key-MSWr-ui8:00 
1:467  0:013     fakesmc-key-MSFW-ui8:01 00 
1:485  0:017     fakesmc-key-MSPS-ui16:00 03 
1:513  0:028  Registered 17 SMC keys
1:522  0:008  === [ ScanLoader ] ==============================
1:528  0:006  - [01]: 'EFI'
1:583  0:054  - [02]: 'Dati'
1:624  0:040  - [04]: 'EFI'
1:635  0:011        AddLoaderEntry for Volume Name=EFI, idx=0
1:639  0:004        OSVersion= 
1:644  0:004        IconName=unknown comma=-1 size=7
1:648  0:004        Full=unknown
1:652  0:003        Loader entry created for 'PciRoot(0x0)\Pci(0x1D,0x0)\Pci(0x0,0x0)\NVMe(0x1,CA-8F-B2-81-58-38-25-00)\HD(1,GPT,6E40A227-DDED-4325-B7CE-3959620EB39E,0x28,0x64000)\EFI\BOOT\BOOTX64.efi'
1:655  0:003       hiding entry: \EFI\BOOT\BOOTX64.efi
1:660  0:004        Menu entry added at index 0
1:664  0:004       hiding entry because DiskKind is DISK_KIND_INTERNAL: \EFI\BOOT\BOOTX64.efi
1:668  0:004  - [06]: 'Preboot'
1:676  0:008      ApfsContainerUUID=85F3C012-2D6D-4FA1-A77E-71D7470E7FA2
1:680  0:004      ApfsFileSystemUUID=7D8F73F2-B8D5-4193-BB89-C99D72294438
1:684  0:004      APFSTargetUUID=A490645D-B724-4FBC-9AC8-F7A23B1C4935
1:689  0:004        contentDetails name:Macintosh HD
1:693  0:004        AddLoaderEntry for Volume Name=Preboot, idx=1
1:697  0:004        OSVersion=14.4 
1:701  0:003        Check if volume Is Hibernated:
1:705  0:004        Check sleep image 'by signature':
1:709  0:003        using default sleep image name = \private\var\vm\sleepimage
1:713  0:003        cannot open sleepimage -> Not Found
1:717  0:003        hibernated: no - sign
1:721  0:003        IconName=sonoma,mac comma=6 size=10
1:725  0:003        first=os_sonoma
1:728  0:003        Second=os_mac
1:732  0:003        IconName=unknown comma=-1 size=7
1:736  0:003        Full=unknown
1:740  0:003        Loader entry created for 'PciRoot(0x0)\Pci(0x1D,0x0)\Pci(0x0,0x0)\NVMe(0x1,CA-8F-B2-81-58-38-25-00)\HD(2,GPT,9508A8C6-F9B9-4EDD-ABC7-C1C4A019C410,0x64028,0x3A321FE0)\VenMedia(BE74FCF7-0B7C-49F3-9147-01F4042E6842,F2738F7DD5B89341BB89C99D72294438)\A490645D-B724-4FBC-9AC8-F7A23B1C4935\System\Library\CoreServices\boot.efi'
1:745  0:005        Menu entry added at index 1
1:749  0:003  - [07]: 'Macintosh HD - Dati'
1:757  0:007      ApfsContainerUUID=85F3C012-2D6D-4FA1-A77E-71D7470E7FA2
1:761  0:003      ApfsFileSystemUUID=A490645D-B724-4FBC-9AC8-F7A23B1C4935
1:765  0:004  - [08]: 'Recovery'
1:773  0:007      ApfsContainerUUID=85F3C012-2D6D-4FA1-A77E-71D7470E7FA2
1:777  0:004      ApfsFileSystemUUID=9170D6B6-29A5-4BBA-A673-6F0E24A99093
1:781  0:003      APFSTargetUUID=A490645D-B724-4FBC-9AC8-F7A23B1C4935
1:785  0:004        contentDetails name:Macintosh HD
1:789  0:004        AddLoaderEntry for Volume Name=Recovery, idx=2
1:794  0:004        OSVersion=14.4 
1:798  0:004        IconName=sonoma,mac comma=6 size=10
1:802  0:003        first=os_sonoma
1:806  0:003        Second=os_mac
1:810  0:003        IconName=unknown comma=-1 size=7
1:813  0:003        Full=unknown
1:817  0:003        Loader entry created for 'PciRoot(0x0)\Pci(0x1D,0x0)\Pci(0x0,0x0)\NVMe(0x1,CA-8F-B2-81-58-38-25-00)\HD(2,GPT,9508A8C6-F9B9-4EDD-ABC7-C1C4A019C410,0x64028,0x3A321FE0)\VenMedia(BE74FCF7-0B7C-49F3-9147-01F4042E6842,B6D67091A529BA4BA6736F0E24A99093)\A490645D-B724-4FBC-9AC8-F7A23B1C4935\BaseSystem.dmg'
1:822  0:004        Menu entry added at index 2
1:826  0:004  - [09]: 'Macintosh HD'
1:834  0:007      ApfsContainerUUID=85F3C012-2D6D-4FA1-A77E-71D7470E7FA2
1:838  0:003      ApfsFileSystemUUID=88F90BC3-2CC3-4B72-B297-A45648EE79C3
1:845  0:007  - [10]: 'Update'
1:853  0:007      ApfsContainerUUID=85F3C012-2D6D-4FA1-A77E-71D7470E7FA2
1:857  0:003      ApfsFileSystemUUID=B0C82F98-F2B1-412A-B736-D33F4320CF33
1:861  0:003  - [11]: 'VM'
1:869  0:007      ApfsContainerUUID=85F3C012-2D6D-4FA1-A77E-71D7470E7FA2
1:873  0:003      ApfsFileSystemUUID=28A6BFD0-2CAA-4875-AE15-EA6E25144D32
1:877  0:004  Entries list before ordering
1:881  0:003      Entry 0 : Boot UEFI internal from EFI (hidden)
1:885  0:004      Entry 1 : Boot Mac OS from Macintosh HD via Preboot
1:889  0:003      Entry 2 : Boot Mac OS Recovery for Macintosh HD via Recovery
1:893  0:003  Entries list after ordering
1:897  0:003    Entry 0 : Boot UEFI internal from EFI (hidden)
1:901  0:004    Entry 1 : Boot Mac OS from Macintosh HD via Preboot
1:905  0:004    Entry 2 : Boot Mac OS Recovery for Macintosh HD via Recovery
1:909  0:004  === [ AddCustomTool ] ===========================
1:913  0:003  found tool \EFI\CLOVER\tools\Shell64U.efi
1:917  0:003  Checking EFI partition Volume 1 for Clover
1:922  0:005   Found Clover
1:926  0:004  === [ GetEfiBootDeviceFromNvram ] ===============
1:930  0:004   - [!] efi-boot-device-data not found
1:934  0:003  Default boot entry not found
1:938  0:003  BannerPlace at Clear Screen [619,68]
1:956  0:018  GUI ready
3:524  1:567  Boot option 0 has other volume name Macintosh HDboot.efi
3:528  0:004  === [ StartLoader ] =============================
3:532  0:003  Starting PciRoot(0x0)\Pci(0x1D,0x0)\Pci(0x0,0x0)\NVMe(0x1,CA-8F-B2-81-58-38-25-00)\HD(2,GPT,9508A8C6-F9B9-4EDD-ABC7-C1C4A019C410,0x64028,0x3A321FE0)\VenMedia(BE74FCF7-0B7C-49F3-9147-01F4042E6842,F2738F7DD5B89341BB89C99D72294438)\A490645D-B724-4FBC-9AC8-F7A23B1C4935\System\Library\CoreServices\boot.efi
3:536  0:004  Finally: ExternalClock=26MHz BusSpeed=100014kHz CPUFreq=3600MHz PIS: hw.busfrequency=104000000Hz
3:550  0:014  Beginning OC
3:555  0:004  OCST: Missing vault data, ignoring...
3:559  0:004  AddKextsInArray from Other
3:562  0:003  ->Extra kext: Other\USBMapDummy.kext (v.1.0)
3:566  0:003  ->Extra kext: Other\RadeonMonitor.kext (v.1.3.5)
3:570  0:004  ->Extra kext: Other\FakeSMC.kext (v.3.5.6)
3:574  0:003  ->Extra kext: Other\IntelCPUMonitor.kext (v.1.2.6)
3:579  0:004  AddKextsInArray from Off
3:583  0:003  AddKextsInArray from 14
3:587  0:003  AddKextsInArray from 14_normal
3:591  0:004  AddKextsInArray from 14.4
3:595  0:003  AddKextsInArray from 14.4_normal
3:599  0:004  AddKextsInArray from 14.4.0
3:603  0:003  AddKextsInArray from 14.4.0_normal
3:607  0:004  Bridge kext to OC : Path=Other\FakeSMC.kext
3:612  0:005  Bridge kext to OC : Path=Other\USBMapDummy.kext
3:617  0:004  Bridge kext to OC : Path=Other\RadeonMonitor.kext
3:621  0:004  Bridge kext to OC : Path=Other\IntelCPUMonitor.kext
3:627  0:005  Start 'OpenRuntime.efi' : Status Success
3:631  0:004  OC: config config.plist
3:635  0:003  OC: Got 0 drivers
3:639  0:003  OC: OpenCore DBG-102-2024-09-12 is loading in Optional mode (0/0)...
3:643  0:004  OC: StorageHandle 0 with  LauncherOption pointing to 
3:648  0:004  OcOSInfoInstallProtocol
3:652  0:004  OCRTC: OcAppleRtcRamInstallProtocol
3:656  0:003  OCRTC: Wake log is 0x00 0x00   0 0x00
3:660  0:004  OcAppleFbInfoInstallProtocol
3:664  0:004  OcAppleEg2InfoInstallProtocol
3:668  0:003  OC: Loading Apple Secure Boot with Disabled (level 0)
3:673  0:004  OCABC: ALRBL 0 RTDFRG 1 DEVMMIO 0 NOSU 0 NOVRWR 0 NOSB 0 FBSIG 0 NOHBMAP 0 SMSLIDE 1 WRUNPROT 1
3:677  0:003  OCABC: FEXITBS 0 PRMRG 0 CSLIDE 0 MSLIDE 0 PRSRV 0 RBMAP 0 VMAP 1 APPLOS 0 RTPERMS 1 ARBAR -1 RBIO 0
3:681  0:003  OCABC: Got rendezvous with OpenRuntime r12
3:685  0:003  OCABC: MAT support is 1
3:689  0:003  OC: RequestBootVarRouting 0
3:693  0:004  OCDM: Found 0x20046/0x2003C UEFI version (376 bytes, 0 rebuilding to 376) gST 7AB3C018 gBS 6D89B3A0 gBS->CreateEventEx 6D889904 &gBS 6D5732C0
3:698  0:004  OC: Setting GPU BARs to 0
3:702  0:004  OCDM: RBAR using PciIo
3:706  0:003  OCDM: Setting RBAR to 0 inc 1 on 3/18
3:709  0:003  OCDM: Capability I/O error - Unsupported
3:714  0:004  OCDM: RBAR is unsupported by device - Device Error
3:718  0:004  OCDM: Setting RBAR to 0 inc 1 on 5/18
3:722  0:003  OCDM: Capability I/O error - Unsupported
3:725  0:003  OCDM: RBAR is unsupported by device - Device Error
3:730  0:004  OC: Got 0 drivers
3:734  0:004  OCC: Installing GOP (Unsupported) on ConsoleOutHandle...
3:739  0:004  OC: Requested resolution is 1920x1080@0 (max: 0, force: 0) from 1920x1080
3:743  0:004  OCC: Using builtin text renderer with 1 scale
3:747  0:004  OCC: Install console control (6D55E3D0/6D882D88/0), current - Success
3:751  0:004  OCC: Setup ASCII Output - Success
3:755  0:004  OC: Requested console mode is 0x0 (max: 0) from 
3:760  0:004  OC: Invalid HibernateMode: 
3:764  0:004  OC: Translated HibernateMode  to 0
3:768  0:004  OC: Hibernation activation - Invalid Parameter, hibernation wake - no
3:779  0:011  OC: Saving 11350 byte panic log panic-2024-11-25-072052.txt - Success
3:783  0:004  OCABC: IsEfiBootRt 0 (BP 1, Apple 0)
3:789  0:005  OCB: Arch filtering 72DC8018(723512)->72DC8018(723512) caps 0 - Success
3:793  0:004  ImageHandle = 7313c818
3:801  0:007  GetOSVersion: 14.4 (s)
3:809  0:008  Will not patch boot.efi
3:813  0:004  Using latest BiosVersion from config instead of default 'IM191.88Z.F000.B00.2302212211'
3:818  0:004  Using latest BiosReleaseDate from config instead of default '02/21/2023'
3:822  0:004  Using latest EfiVersion from config instead of default '1968.100.16.0.1'
3:826  0:003  BiosVersion: IM191.88Z.F000.B00.2308061817
3:830  0:003  BiosReleaseDate: 08/06/2023
3:834  0:003  EfiVersion: 2020.40.3.0.0
3:838  0:004  SMBIOS reloaded with model iMac19,1
3:842  0:003  Set FakeCPUID: 0x0
3:845  0:003  === [ PatchSmbios ] =============================
3:849  0:003  UpdateSmbiosString : BiosVersion=EfiVersion=2020.40.3.0.0
3:854  0:004  UpdateSmbiosString : ReleaseDate=08/06/2023
3:857  0:003  void PatchTableType1(const SmbiosInjectedSettings&) : UpdateSmbiosString ProductName=iMac19,1
3:861  0:003  void PatchTableType2(const SmbiosInjectedSettings&) : UpdateSmbiosString ProductName=BoardNumber=Mac-AA95B1DDAB278B95
3:865  0:003  void PatchTableType2(const SmbiosInjectedSettings&) : UpdateSmbiosString Version=BoardVersion=iMac19,1
3:869  0:004  insert table 9 for dev 0:0
3:873  0:003  insert table 9 for dev 0:1
3:877  0:004  insert table 9 for dev 1F:6
3:881  0:004  Table 11 present, but rewritten for us
3:886  0:004  Do not inject memory table
3:891  0:004  Trusting SMBIOS...
3:895  0:003  Channels: 1
3:898  0:003  Interleave: 0 1 2 3
3:923  0:024  trusted SMBIOS data, table index 0:
3:927  0:004    gRAM.SMBIOS[0]->ModuleSize = 8192
3:931  0:004    gRAM.SMBIOS[0]->Type = 0
3:935  0:003    gRAM.SMBIOS[0]->Frequency = 3200
3:939  0:003    gRAM.SMBIOS[0]->Vendor = Corsair
3:943  0:003    gRAM.SMBIOS[0]->PartNo = CMK16GX4M2K4266C19
3:947  0:004    gRAM.SMBIOS[0]->SerialNo = 00000000
3:951  0:004  SPD data in use:
3:955  0:003    gRAM.SPD[0]->ModuleSize = 8192
3:959  0:003    gRAM.SPD[0]->Type = 26
3:963  0:003    gRAM.SPD[0]->Frequency = 4264
3:967  0:003    gRAM.SPD[0]->Vendor = Corsair
3:971  0:003    gRAM.SPD[0]->SerialNo = 00000000
3:975  0:004    gRAM.SPD[0]->PartNo = CMK16GX4M2K4266C19
3:979  0:003    SMBIOS Type 17 Index = 0 => SMBIOSIndex=0 SPDIndex=0:
3:983  0:004  BANK 0 DIMM0 4264MHz 8192MB(Ext:0MB)
3:987  0:004  trusted SMBIOS data, table index 1:
3:991  0:003    gRAM.SMBIOS[1]->ModuleSize = 8192
3:995  0:003    gRAM.SMBIOS[1]->Type = 0
3:998  0:003    gRAM.SMBIOS[1]->Frequency = 3200
4:002  0:003    gRAM.SMBIOS[1]->Vendor = Corsair
4:006  0:003    gRAM.SMBIOS[1]->PartNo = CMK16GX4M2K4266C19
4:010  0:003    gRAM.SMBIOS[1]->SerialNo = 00000000
4:014  0:003  SPD data in use:
4:018  0:003    gRAM.SPD[1]->ModuleSize = 8192
4:022  0:004    gRAM.SPD[1]->Type = 26
4:026  0:004    gRAM.SPD[1]->Frequency = 4264
4:030  0:003    gRAM.SPD[1]->Vendor = Corsair
4:034  0:003    gRAM.SPD[1]->SerialNo = 00000000
4:038  0:004    gRAM.SPD[1]->PartNo = CMK16GX4M2K4266C19
4:042  0:004    SMBIOS Type 17 Index = 1 => SMBIOSIndex=1 SPDIndex=1:
4:046  0:003  BANK 0 DIMM1 4264MHz 8192MB(Ext:0MB)
4:050  0:004  !trusted SMBIOS data, Table index 2:!gRAM.SMBIOS.doesSlotForIndexExist(SMBIOSIndex) 
4:062  0:011    SMBIOS Type 17 Index = 2 => SMBIOSIndex=2 SPDIndex=2:
4:065  0:003  BANK 0 DIMM2 EMPTY
4:070  0:004  !trusted SMBIOS data, Table index 3:!gRAM.SMBIOS.doesSlotForIndexExist(SMBIOSIndex) 
4:081  0:011    SMBIOS Type 17 Index = 3 => SMBIOSIndex=3 SPDIndex=3:
4:085  0:003  BANK 0 DIMM3 EMPTY
4:089  0:003  mTotalSystemMemory = 16384
4:093  0:003  NumberOfMemoryDevices = 4
4:097  0:004  Type20[0]->End = 0x7FFFFF, Type17[0] = 2000
4:101  0:004  Type20[1]->End = 0xFFFFFF, Type17[1] = 6000
4:105  0:003  Table 131 is present, CPUType=35
4:109  0:003  Change to: 1005
4:113  0:004  === [ PatchACPI ] ===============================
4:117  0:004  OCABC: AllocPages 1 0x7A345000 (1) - Success
4:121  0:003  Xsdt reallocation done
4:125  0:003  OCABC: AllocPages 1 0x7A344000 (1) - Success
4:129  0:003  old FADT length=114
4:133  0:004   SignatureFixup: 0xFA76D5ED -> 0x0
4:137  0:003  Found OperationRegion(GNVS, SystemMemory, 7A376000, ...)
4:141  0:003  Found OperationRegion(RAMW, SystemMemory, 7A37A018, ...)
4:145  0:004  Found OperationRegion(RAMX, SystemMemory, 7A2E2018, ...)
4:150  0:004  Found OperationRegion(PNVA, SystemMemory, 7A3D2B98, ...)
4:154  0:003  Found OperationRegion(THBA, SystemMemory, FE200000, ...)
4:158  0:004  Found OperationRegion(BNVS, SystemMemory, 7A38B000, ...)
4:162  0:003  Found OperationRegion(SMBD, SystemMemory, E00FC004, ...)
4:166  0:004  Found OperationRegion(TMMB, SystemMemory, FED40000, ...)
4:170  0:003  Found OperationRegion(CRBD, SystemMemory, FED40000, ...)
4:174  0:004  Found OperationRegion(TPMR, SystemMemory, FFFFFFFF, ...)
4:179  0:004  Found OperationRegion(ATNV, SystemMemory, FFFF0000, ...)
4:183  0:003  Found OperationRegion(WPBR, SystemMemory, 7A364000, ...)
4:187  0:004  OCABC: AllocPages 1 0x7A2F5000 (79) - Success
4:191  0:003  Apply DsdtFixMask=0x10400044
4:195  0:003  === [ FixBiosDsdt ] =============================
4:202  0:006  Patching DSDT:
4:206  0:003   - [change EC0 to EC]: pattern 4543305F, patched at: [ (F96F) ]
4:225  0:019   - [change HECI to IMEI]: pattern 48454349, patched at: [ (18CAE) ]
4:249  0:023  found PIC had IRQNoFlag will move -3 bytes
4:254  0:004   deleting device CRT_
4:262  0:008   deleting device DVI_
4:273  0:011   deleting device SPKR
4:281  0:008   deleting device ECP_
4:289  0:007   deleting device LPT_
4:297  0:008   deleting device FDC0
4:305  0:008   deleting device ECP1
4:313  0:008   deleting device LPT1
4:322  0:008   deleting device FDC_
4:330  0:008    indirect name=RAMB
4:334  0:004    indirect name=RAMA
4:338  0:004    indirect name=PNVB
4:342  0:004  OperationRegion (THBA...) corrected from 0x0 to addr=0xFE200000
4:346  0:004    indirect name=TPMM
4:350  0:004    indirect name=FTPM
4:354  0:004    indirect name=PPIM
4:359  0:004  PreCleanup XSDT: count=24, length=228
4:363  0:003  PreCleanup XSDT, corrected XSDT: count=24, length=228
4:367  0:004  === [ ACPIPatchedAML ] ==========================
4:371  0:003  AutoMerge pass 1
4:375  0:003  Unsorted
4:379  0:003  Inserting SSDT-EC.aml from \EFI\CLOVER\ACPI\patched: ignore on pass 1
4:387  0:008  Inserting SSDT-PLUG-_SB.PR00.aml from \EFI\CLOVER\ACPI\patched: ignore on pass 1
4:395  0:007  Inserting SSDT-PM.aml from \EFI\CLOVER\ACPI\patched: ignore on pass 1
4:403  0:007  Inserting SSDT-PMC.aml from \EFI\CLOVER\ACPI\patched: ignore on pass 1
4:410  0:007  === [ ACPIDropTables ] ==========================
4:415  0:004  OCABC: AllocPages 1 0x7A2F3000 (2) - Success
4:418  0:003  OCABC: AllocPages 1 0x7A2F3000 (2) - Success
4:422  0:003  OCABC: AllocPages 1 0x7A2F3000 (2) - Success
4:426  0:003  OCABC: AllocPages 1 0x7A2F3000 (2) - Success
4:430  0:004  OCABC: AllocPages 1 0x7A2F3000 (2) - Success
4:434  0:003  OCABC: AllocPages 1 0x7A2F3000 (2) - Success
4:438  0:003  Patching SSDTs: 2 patches each
4:442  0:003   pattern 4543305F, bin not found / already patched!
4:450  0:007   pattern 48454349, bin not found / already patched!
4:458  0:007  OCABC: AllocPages 1 0x7A2F0000 (3) - Success
4:461  0:003  Patching SSDTs: 2 patches each
4:465  0:003   pattern 4543305F, bin not found / already patched!
4:474  0:008   pattern 48454349, bin not found / already patched!
4:482  0:008  Found OperationRegion(PNVS, SystemMemory, 7ADF3000, ...)
4:486  0:004  OCABC: AllocPages 1 0x7A2EB000 (5) - Success
4:490  0:004  Patching SSDTs: 2 patches each
4:494  0:004   pattern 4543305F, bin not found / already patched!
4:502  0:008   pattern 48454349, bin not found / already patched!
4:510  0:008  Found OperationRegion(SANV, SystemMemory, 7A3D2118, ...)
4:514  0:004  OCABC: AllocPages 1 0x7A2E7000 (4) - Success
4:519  0:004  Patching SSDTs: 2 patches each
4:523  0:004   pattern 4543305F, bin not found / already patched!
4:531  0:008   pattern 48454349, bin not found / already patched!
4:539  0:008  OCABC: AllocPages 1 0x7A2E5000 (2) - Success
4:544  0:005  OCABC: AllocPages 1 0x7A2E5000 (2) - Success
4:548  0:003  Patching SSDTs: 2 patches each
4:552  0:004   pattern 4543305F, bin not found / already patched!
4:560  0:008   pattern 48454349, bin not found / already patched!
4:568  0:007  OCABC: AllocPages 1 0x7A166000 (4) - Success
4:572  0:004  Patching SSDTs: 2 patches each
4:576  0:003   pattern 4543305F, bin not found / already patched!
4:584  0:007   pattern 48454349, bin not found / already patched!
4:595  0:010  OCABC: AllocPages 1 0x7A2E3000 (2) - Success
4:599  0:004  OCABC: AllocPages 1 0x7A2E3000 (2) - Success
4:603  0:003  OCABC: AllocPages 1 0x7A162000 (4) - Success
4:607  0:003  Patching SSDTs: 2 patches each
4:611  0:004   pattern 4543305F, bin not found / already patched!
4:619  0:008   pattern 48454349, bin not found / already patched!
4:627  0:008  OCABC: AllocPages 1 0x7A2E3000 (2) - Success
4:631  0:004  Patching SSDTs: 2 patches each
4:635  0:003   pattern 4543305F, bin not found / already patched!
4:643  0:008   pattern 48454349, bin not found / already patched!
4:652  0:008  OCABC: AllocPages 1 0x7A160000 (2) - Success
4:656  0:003  OCABC: AllocPages 1 0x7A160000 (2) - Success
4:660  0:003  OCABC: AllocPages 1 0x7A15F000 (3) - Success
4:663  0:003  Patching SSDTs: 2 patches each
4:668  0:004   pattern 4543305F, bin not found / already patched!
4:676  0:008   pattern 48454349, bin not found / already patched!
4:684  0:008  OCABC: AllocPages 1 0x7A15D000 (2) - Success
4:688  0:003  Patching SSDTs: 2 patches each
4:692  0:004   pattern 4543305F, bin not found / already patched!
4:700  0:007   pattern 48454349, bin not found / already patched!
4:708  0:007  Found OperationRegion(ADHD, SystemMemory, 78CD0000, ...)
4:712  0:004  Found OperationRegion(ABLK, SystemMemory, 78CD0020, ...)
4:716  0:004  OCABC: AllocPages 1 0x7A14D000 (16) - Success
4:720  0:003  OCABC: AllocPages 1 0x7A15B000 (2) - Success
4:724  0:003  OCABC: AllocPages 1 0x7A15B000 (2) - Success
4:728  0:003  === [ ACPIPatchedAML ] ==========================
4:732  0:003  AutoMerge pass 2
4:736  0:003  Unsorted
4:740  0:003  Inserting SSDT-EC.aml from \EFI\CLOVER\ACPI\patched: size=91 OCABC: AllocPages 1 0x7A15C000 (1) - Success
... Success
4:756  0:016  Inserting SSDT-PLUG-_SB.PR00.aml from \EFI\CLOVER\ACPI\patched: size=166 OCABC: AllocPages 1 0x7A15B000 (1) - Success
... Success
4:772  0:016  Inserting SSDT-PM.aml from \EFI\CLOVER\ACPI\patched: size=198 OCABC: AllocPages 1 0x7A15A000 (1) - Success
... Success
4:789  0:016  Inserting SSDT-PMC.aml from \EFI\CLOVER\ACPI\patched: size=143 OCABC: AllocPages 1 0x7A159000 (1) - Success
... Success
4:806  0:016  ApicCPUNum=1
4:813  0:006  Maximum control=0x24
4:817  0:003  Turbo control=0x31
4:820  0:003  P-States: min 0x8, max 0x31
4:824  0:003  SSDT with plugin-type without P-States is generated
4:829  0:004  OCABC: AllocPages 1 0x7A158000 (1) - Success
4:833  0:003  Cleanup XSDT: count=29, length=268
4:836  0:003  corrected XSDT count=29, length=268
4:840  0:003  === [ RestSetup macOS ] =========================
4:844  0:003  ATI injection not set
4:848  0:003  Intel UHD Graphics 630 [8086:3E98] :: PciRoot(0x0)\Pci(0x2,0x0)
4:852  0:003    Intel: no default properties
4:856  0:003  Intel GFX revision  = 0x0
4:860  0:003   RCBA disabled; cannot use it
4:864  0:004   setting specified layout-id=1 (0x1)
4:868  0:004  stringlength = 458
4:872  0:003  OCABC: AllocPages 1 0x7A157000 (1) - Success
4:876  0:003  CurrentMode: Width=1366 Height=768
4:880  0:003  SetNvramVariable (system-id, 4D1EDE05-38C7-4A6A-9CC6-4BCCA8B38C14, 0x2, 16): -> writing new (Success)
4:888  0:008  SetNvramVariable (MLB, 4D1EDE05-38C7-4A6A-9CC6-4BCCA8B38C14, 0x6, 17): -> writing new (Success)
4:897  0:008  SetNvramVariable (ROM, 4D1EDE05-38C7-4A6A-9CC6-4BCCA8B38C14, 0x6, 6): -> writing new (Success)
4:906  0:008  SetNvramVariable (FirmwareFeatures, 4D1EDE05-38C7-4A6A-9CC6-4BCCA8B38C14, 0x6, 4): -> writing new (Success)
4:915  0:008  SetNvramVariable (FirmwareFeaturesMask, 4D1EDE05-38C7-4A6A-9CC6-4BCCA8B38C14, 0x6, 4): -> writing new (Success)
4:924  0:008  SetNvramVariable (ExtendedFirmwareFeatures, 4D1EDE05-38C7-4A6A-9CC6-4BCCA8B38C14, 0x6, 8): -> writing new (Success)
4:932  0:008  SetNvramVariable (ExtendedFirmwareFeaturesMask, 4D1EDE05-38C7-4A6A-9CC6-4BCCA8B38C14, 0x6, 8): -> writing new (Success)
4:941  0:009  AddNvramVariable (HW_BID, 4D1EDE05-38C7-4A6A-9CC6-4BCCA8B38C14, 0x6, 20): -> writing new (Success)
4:950  0:008  AddNvramVariable (security-mode, 7C436110-AB2A-4BBB-A880-FE41995C9F82, 0x7, 5): -> already exists, abort
4:958  0:008  set DefaultBackgroundColor=0xfbfbfb
4:962  0:003  SetNvramVariable (DefaultBackgroundColor, 4D1EDE05-38C7-4A6A-9CC6-4BCCA8B38C14, 0x7, 4): -> writing new (Success)
4:974  0:012  SetNvramVariable (ActualDensity, 7C436110-AB2A-4BBB-A880-FE41995C9F82, 0x7, 2): exists(0x7, 2), equal -> not writing again.
4:986  0:011  SetNvramVariable (DensityThreshold, 7C436110-AB2A-4BBB-A880-FE41995C9F82, 0x7, 2): exists(0x7, 2), equal -> not writing again.
4:998  0:011  SetNvramVariable (gfx-saved-config-restore-status, 4D1EDE05-38C7-4A6A-9CC6-4BCCA8B38C14, 0x7, 8): exists(0x7, 8), equal -> not writing again.
5:013  0:015  DeleteNvramVariable (UIScale, 4D1EDE05-38C7-4A6A-9CC6-4BCCA8B38C14):
5:018  0:004  DeleteNvramVariable (EFILoginHiDPI, 7C436110-AB2A-4BBB-A880-FE41995C9F82):
5:022  0:003  SetNvramVariable (flagstate, 7C436110-AB2A-4BBB-A880-FE41995C9F82, 0x7, 32): exists(0x7, 32), equal -> not writing again.
5:034  0:012  SetNvramVariable (csr-active-config, 7C436110-AB2A-4BBB-A880-FE41995C9F82, 0x7, 4): exists(0x7, 4), equal -> not writing again.
5:046  0:012  DeleteNvramVariable (BridgeOSHardwareModel, 4D1EDE05-38C7-4A6A-9CC6-4BCCA8B38C14):
5:051  0:004  DeleteNvramVariable (bootercfg, 7C436110-AB2A-4BBB-A880-FE41995C9F82):
5:056  0:004  DeleteNvramVariable (nvda_drv, 7C436110-AB2A-4BBB-A880-FE41995C9F82):
5:061  0:004  DeleteNvramVariable (recovery-boot-mode, 7C436110-AB2A-4BBB-A880-FE41995C9F82):
5:065  0:003  AddNvramVariable (wake-failure, 7C436110-AB2A-4BBB-A880-FE41995C9F82, 0x7, 5): -> already exists, abort
5:073  0:008  DeleteNvramVariable (opencore-version, 7C436110-AB2A-4BBB-A880-FE41995C9F82):
5:078  0:004  DeleteNvramVariable (ApBoardID, 94B73556-2197-4702-82A8-3E1337DAFBFB):
5:083  0:004  DeleteNvramVariable (ApSecurityDomain, 94B73556-2197-4702-82A8-3E1337DAFBFB):
5:088  0:004  DeleteNvramVariable (ApProductionStatus, 94B73556-2197-4702-82A8-3E1337DAFBFB):
5:092  0:004  DeleteNvramVariable (ApSecurityMode, 94B73556-2197-4702-82A8-3E1337DAFBFB):
5:097  0:004  DeleteNvramVariable (EffectiveProductionStatus, 94B73556-2197-4702-82A8-3E1337DAFBFB):
5:102  0:004  DeleteNvramVariable (EffectiveSecurityMode, 94B73556-2197-4702-82A8-3E1337DAFBFB):
5:106  0:004  DeleteNvramVariable (CertificateEpoch, 94B73556-2197-4702-82A8-3E1337DAFBFB):
5:111  0:004  DeleteNvramVariable (MixNMatchPreventionStatus, 94B73556-2197-4702-82A8-3E1337DAFBFB):
5:116  0:004  DeleteNvramVariable (CryptoDigestMethod, 94B73556-2197-4702-82A8-3E1337DAFBFB):
5:121  0:004  DeleteNvramVariable (InternalUseOnlyUnit, 94B73556-2197-4702-82A8-3E1337DAFBFB):
5:125  0:004  DeleteNvramVariable (ApECID, 94B73556-2197-4702-82A8-3E1337DAFBFB):
5:130  0:004  DeleteNvramVariable (HardwareModel, 94B73556-2197-4702-82A8-3E1337DAFBFB):
5:134  0:003  Use origin smbios table type 1 guid.
5:157  0:022  DeleteNvramVariable (efi-boot-device, 7C436110-AB2A-4BBB-A880-FE41995C9F82):
5:161  0:004  DeleteNvramVariable (efi-boot-device-data, 7C436110-AB2A-4BBB-A880-FE41995C9F82):
5:166  0:004  DeleteNvramVariable (BootCampHD, 7C436110-AB2A-4BBB-A880-FE41995C9F82):
5:170  0:003  Custom boot screen not used because entry has unset use graphics
5:176  0:005  DeleteNvramVariable (IOHibernateRTCVariables, 7C436110-AB2A-4BBB-A880-FE41995C9F82):
5:180  0:004  DeleteNvramVariable (boot-image, 7C436110-AB2A-4BBB-A880-FE41995C9F82):
5:184  0:004  Kernel quirks
5:188  0:004  ACPCL 1 AXCL 1 AXEM 0 AXFB 0 CSG 0 DIM 0 DLJ 0 DRC 1 DPM 0 EBTFF 0 EDI 0 FAI 0 IPBS 0 LKP 0 PNKD 0 PTKP 0 TPD 0 XPL 0 PCC 0
5:192  0:004  Closing log
5:196  0:003  OCABC: AllocPages 2 0x91000 (14) - Success
5:200  0:003  OCABC: AllocPages 2 0x6F7C8000 (14) - Success
5:206  0:005  OCABC: Patching safe mode sur-2 at off ACF4
5:210  0:004  OCABC: AllocPages 2 0x77844000 (512) - Success
5:214  0:003  OCABC: AllocPages 2 0x77843000 (1) - Success
5:218  0:004  OC: Supported boot capabilities 4
5:223  0:005  OCOS: OS set: <null> macOS 11.0
5:227  0:003  OCOS: OS set: Apple Inc. macOS 11.0
5:231  0:004  OCOS: Should use black background
5:235  0:004  OCABC: AllocPages 1 0x6D351000 (1) - Success
5:251  0:015  OC: Opening file System\Library\Kernels\kernel with 1 mode gave - Not Found
5:255  0:003  OC: Opening file \A490645D-B724-4FBC-9AC8-F7A23B1C4935 with 1 mode gave - Success
5:259  0:004  OC: Opening file \A490645D-B724-4FBC-9AC8-F7A23B1C4935\System\Library\CoreServices\com.apple.Boot.plist with 1 mode gave - Not Found
5:264  0:004  OC: Opening file Library\Preferences\SystemConfiguration\com.apple.Boot.plist with 1 mode gave - Success
5:268  0:004  OC: Opening file \A490645D-B724-4FBC-9AC8-F7A23B1C4935\System\Library\CoreServices\PlatformSupport.plist with 1 mode gave - Success
10:290  5:021  OCABC: AllocPages 2 0x1D00000 (121199) - Success
10:313  0:023  OC: Opening file System\Library\Caches\com.apple.corestorage\EncryptedRoot.plist.wipekey with 1 mode gave - Success
10:333  0:020  OC: Opening file \A490645D-B724-4FBC-9AC8-F7A23B1C4935\System\Library\CoreServices\boot.efi with 1 mode gave - Success
10:361  0:027  OC: Opening file boot\System\Library\KernelCollections\BootKernelExtensions.kc.development with 1 mode gave - Not Found
10:379  0:017  OC: Opening file boot\System\Library\KernelCollections\BootKernelExtensions.kc with 1 mode gave - Success
10:383  0:003  OC: Load and reserve Kext Other\FakeSMC.kext
10:387  0:004  OC: Load and reserve Kext Other\USBMapDummy.kext
10:392  0:004  OC: Load and reserve Kext Other\RadeonMonitor.kext
10:396  0:004  OC: Load and reserve Kext Other\IntelCPUMonitor.kext
10:400  0:004  OC: Kext reservation size info 506000 exe 3B000
10:404  0:004  OC: Trying 64-bit XNU hook on boot\System\Library\KernelCollections\BootKernelExtensions.kc
10:408  0:004  OCAK: Found 64-bit Mach-O compressed 0 offset 0 size 0
10:415  0:006  OCAK: Determined kernel size is 62734336 bytes
10:452  0:037  OC: Result of 64-bit XNU hook on boot\System\Library\KernelCollections\BootKernelExtensions.kc (00000000) is Success
10:499  0:046  OCAK: Read kernel version 23.4.0 (230400)
10:503  0:003  OCAK: 64-bit patcher base 0xFFFFFF8000200000 kmod 0x0 file 0x0
10:508  0:005  OCAK: Zeroing _xcpm_core_scope_msrs 0xE2 applicable CPUs (76)
10:512  0:003  OCAK: Zeroing _xcpm_core_scope_msrs 0xE2 applicable CPUs (406416)
10:516  0:003  OCAK: Zeroing _xcpm_core_scope_msrs 0xE2 applicable CPUs (16384)
10:521  0:004  Replace B9E20000000F30 by B9E20000009090 at ofs:30E
10:592  0:071  Replace B9E20000000F30 by B9E20000009090 at ofs:39B
10:659  0:067  OCAK: 64-bit XcpmCfgLockRel replace count - 2
10:663  0:003  OCAK: [OK] Success XcpmCfgLock patch
10:706  0:042  OCAK: org.netkas.FakeSMC got KXLD 0 0
10:710  0:003  OCAK: Requesting __LINKEDIT for org.netkas.FakeSMC - 6CE10398 at 3BD5000
10:713  0:003  OCAK: Requesting SymbolTable for org.netkas.FakeSMC - 601
10:718  0:004  OCAK: Requesting __LINKEDIT for __kernel__ - 69246688 at 0
10:722  0:004  OCAK: Requesting SymbolTable for __kernel__ - 22799
10:748  0:026  OCAK: Patching invalid size 2000 with 19DF000 for com.apple.iokit.IOACPIFamily
10:752  0:003  OCAK: com.apple.iokit.IOACPIFamily got KXLD 0 0
10:756  0:003  OCAK: Requesting __LINKEDIT for com.apple.iokit.IOACPIFamily - 6B431518 at 21F6000
10:760  0:003  OCAK: Requesting SymbolTable for com.apple.iokit.IOACPIFamily - 544
10:771  0:011  OCAK: Local relocs 1148 on FFFFFF8003CD5000
10:776  0:005  OC: Prelinked injection Other\FakeSMC.kext () - Success
10:780  0:004  OC: Prelinked injection Other\USBMapDummy.kext () - Success
10:784  0:003  OCAK: org.slice.RadeonMonitor got KXLD 0 0
10:788  0:003  OCAK: Requesting __LINKEDIT for org.slice.RadeonMonitor - 6CE28398 at 3BED000
10:792  0:003  OCAK: Requesting SymbolTable for org.slice.RadeonMonitor - 372
10:798  0:005  OCAK: Patching invalid size 32000 with 156F000 for com.apple.iokit.IOPCIFamily
10:802  0:003  OCAK: com.apple.iokit.IOPCIFamily got KXLD 0 0
10:806  0:004  OCAK: Requesting __LINKEDIT for com.apple.iokit.IOPCIFamily - 6B8A1518 at 2666000
10:810  0:003  OCAK: Requesting SymbolTable for com.apple.iokit.IOPCIFamily - 1531
10:818  0:008  OCAK: Requesting SymbolTable for org.netkas.FakeSMC - 191
10:827  0:009  OCAK: Local relocs 369 on FFFFFF8003CED000
10:831  0:004  OC: Prelinked injection Other\RadeonMonitor.kext () - Success
10:835  0:004  OCAK: org.slice.IntelCPUMonitor got KXLD 0 0
10:839  0:003  OCAK: Requesting __LINKEDIT for org.slice.IntelCPUMonitor - 6CE393E8 at 3BFE000
10:844  0:004  OCAK: Requesting SymbolTable for org.slice.IntelCPUMonitor - 363
10:852  0:008  OCAK: Local relocs 306 on FFFFFF8003CFE000
10:856  0:004  OC: Prelinked injection Other\IntelCPUMonitor.kext () - Success
10:860  0:003  OC: Prelink size 62980096 kext offset 62738432 reserved 241664
10:864  0:003  OCAK: KC TEXT is 65536 bytes with 61800 Mach-O headers need 400
10:884  0:020  OCAK: Failed to pk find com.apple.driver.AppleIntelCPUPowerManagement - Not Found
10:888  0:004  OCAK: [OK] Skipping PatchAppleCpuPmCfgLock on NULL Patcher on kernel version 230400
10:893  0:004  OCAK: Patching invalid size 5FF4 with 2193000 for com.apple.driver.AppleRTC
10:897  0:003  OCAK: com.apple.driver.AppleRTC got KXLD 0 0
10:901  0:003  Replace BE58000000/FFFEFFFFFF(BE58000000) by BEFFFF0000 at ofs:1AED
11:002  0:100  Replace BE58000000/FFFEFFFFFF(BE59000000) by BEFFFF0000 at ofs:1AFE
11:114  0:112  Replace BE58000000/FFFEFFFFFF(BE58000000) by BEFFFF0000 at ofs:1DE3
11:217  0:103  Replace BE58000000/FFFEFFFFFF(BE59000000) by BEFFFF0000 at ofs:1DF3
11:321  0:104  OCAK: 64-bit DisableRtcChecksum64 replace count - 4
11:325  0:003  OCAK: [OK] Patch success com.apple.driver.AppleRTC DisableRtcChecksum
11:451  0:126  OC: Prelinked status - Success
11:495  0:043  OC: Opening file usr\standalone\OS.dmg.root_hash with 1 mode gave - Success
11:504  0:009  OC: Opening file usr\standalone\OS.dmg.root_hash.x86legacyap.im4m with 1 mode gave - Success
11:514  0:010  OCABC: AllocPages 0 0x7306B000 (1) - Success
11:518  0:004  OCABC: AllocPages 0 0x7305B000 (1) - Success
11:531  0:012  FixOwnership() -> begin
11:535  0:003  PCI Io found 18
11:539  0:003  USB XHCI reset for device A36D
11:544  0:005  ExtendCap=00008000
11:548  0:003    Value=02000802
11:551  0:003    Value=03011402
11:555  0:003    Value=005CFFC0
11:559  0:003    Value=00002201
