0:100  0:100  MemLog inited, TSC freq: 3603148840
0:100  0:000  CPU was calibrated with RTC
0:100  0:000  CloverX64 : Image base = 0x6D404000
0:100  0:000  Clover ImageHandle = 767ffe98
0:102  0:002  SelfDirPath = \EFI\CLOVER
0:103  0:001  === [ Starting Clover ] =========================
0:103  0:000  Now is 25.11.2024,  16:43:50 (GMT)
0:103  0:000  Starting Clover revision: 5160 (master, commit 7b08a616e) on American Megatrends EFI
0:103  0:000  Build id: 20240909210805-7b08a61-dirty
0:103  0:000  Build with: [Args: -D NO_GRUB_DRIVERS_EMBEDDED -D LESS_DEBUG -t GCC131 | --cmd-len=50000 -D NO_GRUB_DRIVERS_EMBEDDED -D LESS_DEBUG --conf=/Users/sergey/src/CloverBootloader/Conf -D USE_LOW_EBDA -a X64 -b RELEASE -t GCC131 -n 5 | OS: 15]
0:103  0:000  === [ Get Smbios ] ==============================
0:103  0:000  Type 16 Index = 0
0:103  0:000  Total Memory Slots Count = 4
0:103  0:000  Type 17 Index = 0
0:103  0:000  SmbiosTable.Type17->SlotIndex = 0
0:103  0:000  SmbiosTable.Type17->ModuleSize = 8192MB
0:103  0:000  SmbiosTable.Type17->Type = 0
0:103  0:000  SmbiosTable.Type17->Frequency = 3200MHz
0:103  0:000  SmbiosTable.Type17->Bank/Device = BANK 0 ChannelA-DIMM1
0:103  0:000  SmbiosTable.Type17->Vendor = Corsair
0:103  0:000  SmbiosTable.Type17->SerialNo = 00000000
0:103  0:000  SmbiosTable.Type17->PartNo = CMK16GX4M2K4266C19
0:103  0:000  Type 17 Index = 1
0:103  0:000  SmbiosTable.Type17->SlotIndex = 1
0:103  0:000  SmbiosTable.Type17->ModuleSize = 8192MB
0:103  0:000  SmbiosTable.Type17->Type = 0
0:103  0:000  SmbiosTable.Type17->Frequency = 3200MHz
0:103  0:000  SmbiosTable.Type17->Bank/Device = BANK 1 ChannelA-DIMM2
0:103  0:000  SmbiosTable.Type17->Vendor = Corsair
0:103  0:000  SmbiosTable.Type17->SerialNo = 00000000
0:103  0:000  SmbiosTable.Type17->PartNo = CMK16GX4M2K4266C19
0:103  0:000  Type 17 Index = 2
0:103  0:000  Ignoring insane frequency value 0MHz
0:103  0:000  Type 17 Index = 3
0:103  0:000  Ignoring insane frequency value 0MHz
0:103  0:000  Boot status=0
0:104  0:000  Running on: 'System Product Name' with board 'PRIME Z390-A'
0:104  0:000  === [ GetCPUProperties ] ========================
0:104  0:000  CPU Vendor = 756E6547 Model=906EC
0:104  0:000   The CPU supported SSE4.1
0:104  0:000   The CPU supported RDRAND
0:104  0:000  BrandString = Intel(R) Core(TM) i7-9700K CPU @ 3.60GHz
0:104  0:000   The CPU supported turbo
0:104  0:000   Energy PerfBias is  visible:
0:104  0:000  MSR 0x35               80008
0:104  0:000   TSC/CCC Information Leaf:
0:104  0:000    numerator     : 300
0:104  0:000    denominator   : 2
0:104  0:000   Calibrated ARTFrequency: 24020992
0:104  0:000   Rounded ARTFrequency: 24000000
0:104  0:000  MSR 0xE2 before patch 1E000000
0:104  0:000  MSR 0xCE              08080838_F1012400
0:104  0:000  corrected FLEX_RATIO = E0000
0:104  0:000  MSR 0x1B0             00000000
0:104  0:000  FSBFrequency = 108 MHz, DMI FSBFrequency = 100 MHz, Corrected FSBFrequency = 100 MHz
0:104  0:000  MaxDiv/MinDiv: 36.0/8
0:104  0:000  Turbo: 47/49/49/49
0:104  0:000  Features: 0x77FAFBFFBFEBFBFF
0:104  0:000  Threads: 8
0:104  0:000  Cores: 8
0:104  0:000  FSB: 100 MHz
0:104  0:000  CPU: 3861 MHz
0:104  0:000  TSC: 3861 MHz
0:104  0:000  PIS: 100 MHz
0:104  0:000  ExternalClock: 25 MHz
0:104  0:000  === [ GetDevices ] ==============================
0:104  0:000  GOP found at: PciRoot(0x0)/Pci(0x1,0x0)/Pci(0x0,0x0)/AcpiAdr(0x80010302)
0:104  0:000  PCI (00|00:00.00) : 8086 3E30 class=060000
0:104  0:000  PCI (00|00:01.00) : 8086 1901 class=060400
0:104  0:000  PCI (00|01:00.00) : 1002 67DF class=030000
0:104  0:000   - GFX: Model=AMD Radeon RX 480/570/580 (ATI/AMD)
0:104  0:000   - GOP: Provided by device
0:104  0:000  PCI (00|01:00.01) : 1002 AAF0 class=040300
0:104  0:000   - HDMI Audio: 
0:104  0:000  PCI (00|00:02.00) : 8086 3E98 class=038000
0:104  0:000   - GFX: Model=Intel UHD Graphics 630 (Intel)
0:104  0:000  PCI (00|00:14.00) : 8086 A36D class=0C0330
0:104  0:000  PCI (00|00:14.02) : 8086 A36F class=050000
0:104  0:000  PCI (00|00:16.00) : 8086 A360 class=078000
0:104  0:000  PCI (00|00:17.00) : 8086 A352 class=010601
0:104  0:000  PCI (00|00:1B.00) : 8086 A340 class=060400
0:104  0:000  PCI (00|00:1C.00) : 8086 A338 class=060400
0:104  0:000  PCI (00|00:1D.00) : 8086 A330 class=060400
0:104  0:000  PCI (00|04:00.00) : 144D A808 class=010802
0:104  0:000  PCI (00|00:1F.00) : 8086 A305 class=060100
0:104  0:000  PCI (00|00:1F.03) : 8086 A348 class=040300
0:104  0:000  PCI (00|00:1F.04) : 8086 A323 class=0C0500
0:104  0:000  PCI (00|00:1F.05) : 8086 A324 class=0C8000
0:104  0:000  PCI (00|00:1F.06) : 8086 15BC class=020000
0:104  0:000   - LAN: 1 Vendor=Intel
0:104  0:000  Legacy MAC address of LAN #0= 40:B0:76:DE:9E:93:
0:104  0:000  _checkOEMPath Look for oem dir at path '\EFI\CLOVER\OEM\System Product Name--40-B0-76-DE-9E-93'. Dir doesn't exist.
0:104  0:000  _checkOEMPath Look for oem dir at path '\EFI\CLOVER\OEM\PRIME Z390-A\UEFI'. Dir doesn't exist.
0:104  0:000  _checkOEMPath Look for oem dir at path '\EFI\CLOVER\OEM\System Product Name'. Dir doesn't exist.
0:105  0:000  _checkOEMPath Look for oem dir at path '\EFI\CLOVER\OEM\System Product Name-3861'. Dir doesn't exist.
0:105  0:000  _checkOEMPath Look for oem dir at path '\EFI\CLOVER\OEM\PRIME Z390-A'. Dir doesn't exist.
0:105  0:000  _checkOEMPath Look for oem dir at path '\EFI\CLOVER\OEM\PRIME Z390-A-3861'. Dir doesn't exist.
0:105  0:000  === [ GetUserSettings ] =========================
0:105  0:000  GetDefaultModel()=iMac18,3
0:105  0:000  === [ LoadUserSettings ] ========================
0:105  0:000  Using config.plist at path: \EFI\CLOVER
0:106  0:000  There is a problem in plist '\EFI\CLOVER\config.plist'
0:106  0:000  Warning: EfiVersion '1037.100.345.0.0' is older than default ('1968.100.16.0.1') -> ignored. Dict '/SMBIOS:296'.
0:106  0:000  Use CloverConfigPlistValidator or look in the log
3:103  2:997  === [ LoadUserSettings ] ========================
3:104  0:000  Cannot find smbios.plist at path '\EFI\CLOVER' : Not Found
3:104  0:000  '\EFI\CLOVER\smbios.plist' not loaded. Efi error Not Found
3:104  0:000  create SMBIOS list, found 27 dicts
3:104  0:000  ... ACPI
3:104  0:000  ... Boot
3:104  0:000  ... BootGraphics
3:104  0:000  ... Devices
3:104  0:000  ... DisableDrivers
3:104  0:000  ... GUI
3:104  0:000  ... Graphics
3:104  0:000  ... KernelAndKextPatches
3:104  0:000  ... SMBIOS
3:104  0:000  ... SystemParameters
3:104  0:000  ... RtVariables
3:104  0:000  ... Quirks
3:104  0:000  get model from config.plist
3:104  0:000  Using latest BiosVersion from config instead of default 'IM191.88Z.F000.B00.2302212211'
3:117  0:013  Using latest BiosReleaseDate from config instead of default '02/21/2023'
3:121  0:003  BiosVersion: IM191.88Z.F000.B00.2308061817
3:125  0:003  BiosReleaseDate: 08/06/2023
3:129  0:003  EfiVersion: 1968.100.16.0.1
3:132  0:003  Calibrated TSC Frequency = 3603148840 = 3603MHz
3:136  0:003  === [ GetListOfThemes ] =========================
3:140  0:003  - [00]: random
3:148  0:007  - [00]: embedded
3:156  0:008  === [ Found config plists ] =====================
3:160  0:003  - config.plist
3:166  0:006  - config-sample.plist
3:170  0:003  - config_old.plist
3:174  0:003  === [ LoadDrivers ] =============================
3:178  0:004  Loading NvmExpressDxe.efi status=Success
3:190  0:011   - driver needs connecting
3:194  0:003  Loading EnglishDxe.efi status=Success
3:206  0:011  Loading AppleKeyFeeder.efi status=Success
3:218  0:011  Loading VBoxHfs.efi status=Success
3:230  0:012   - driver needs connecting
3:234  0:003  Loading HashServiceFix.efi status=Success
3:246  0:011  Loading PartitionDxe.efi status=Success
3:257  0:011   - driver needs connecting
3:261  0:003  Loading ApfsDriverLoader.efi status=Success
3:273  0:011   - driver needs connecting
3:277  0:003  4 drivers needs connecting ...
3:277  0:000  PlatformDriverOverrideProtocol not found. Installing ... Success
3:277  0:000  Partition driver loaded: 
3:278  0:000  HFS+ driver loaded
3:278  0:000  APFS driver loaded
3:278  0:000  Searching for invalid DiskIo BY_DRIVER connects: not found, all ok
3:496  0:218  === [ InitScreen ] ==============================
3:500  0:003  Console modes reported: 4, available modes:
3:504  0:003   - [01]: 80x25 (current mode)
3:508  0:003   - [03]: 100x31
3:511  0:003   - [04]: 170x40
3:515  0:003  SetScreenResolution: 1920x1080 - not found!
3:523  0:007  SetMaxResolution: found best mode 0: 1366x768
3:530  0:007   - already set
3:535  0:004  Using embedded font
3:539  0:004  === [ ScanSPD ] =================================
3:544  0:004  SMBus device : 8086 A323 class=0C0500 status=Success
3:547  0:003  SMBus CmdReg: 0x3
3:551  0:003  Scanning SMBus [8086:A323], mmio: 0x12116004, ioport: 0xEFA0, hostc: 0x11
3:555  0:003  Slots to scan [8]...
3:559  0:004  SPD[0]: Got invalid type 0 @0x50. Will set page and retry.
3:563  0:004  SPD[0]: Type 12 @0x50
3:585  0:021  XMP Profile1: 4*125 -31 ns
3:588  0:003  Found module with XMP version 2.0
3:592  0:003  Using XMP Profile1 instead of standard frequency 2132MHz
3:596  0:003  DDR speed 4264MHz
3:600  0:003  Slot: 0 Type 26 8192MB 4264MHz Vendor=Corsair PartNo=CMK16GX4M2K4266C19 SerialNo=00000000
3:604  0:004  SPD[1]: Type 12 @0x51
3:625  0:021  XMP Profile1: 4*125 -31 ns
3:629  0:003  Found module with XMP version 2.0
3:633  0:003  Using XMP Profile1 instead of standard frequency 2132MHz
3:637  0:003  DDR speed 4264MHz
3:640  0:003  Slot: 1 Type 26 8192MB 4264MHz Vendor=Corsair PartNo=CMK16GX4M2K4266C19 SerialNo=00000000
3:645  0:005  === [ GetAcpiTablesList ] =======================
3:649  0:003  Get Acpi Tables List from RSDT: count=24
3:657  0:007   - [00]: FACP  A M I  len=132
3:660  0:003   - [01]: APIC  A M I  len=188
3:664  0:003   - [02]: FPDT  A M I  len=68
3:668  0:003   - [03]: FIDT  A M I len=156
3:672  0:003   - [04]: MCFG  A M I  len=60
3:675  0:003   - [05]: WSMT  A M I  len=40
3:679  0:003   - [06]: SSDT  SataTabl len=888
3:683  0:003   - [07]: SSDT  CpuSsdt len=6101
3:686  0:003   - [08]: SSDT  SaSsdt  len=12443
3:690  0:003   - [09]: SSDT  PegSsdt len=9048
3:694  0:003   - [10]: HPET  A M I  len=56
3:698  0:003   - [11]: SSDT  Ther_Rvp len=3998
3:702  0:003   - [12]: SSDT  xh_cfsd4 len=10579
3:705  0:003   - [13]: UEFI  A M I  len=72
3:709  0:003   - [14]: LPIT  A M I  len=92
3:713  0:003   - [15]: SSDT  PtidDevc len=10206
3:717  0:003   - [16]: SSDT  TbtTypeC len=4094
3:720  0:003   - [17]: DBGP  A M I  len=52
3:724  0:003   - [18]: DBG2  A M I  len=84
3:728  0:003   - [19]: SSDT  UsbCTabl len=6449
3:732  0:003   - [20]: SSDT  ADebTabl len=324
3:735  0:003   - [21]: VFCT  A M I  len=59524
3:739  0:003   - [22]: BGRT  A M I  len=56
3:743  0:003   - [23]: WPBT  A M I len=60
3:748  0:004   - [00]: Drop table : MATS,                0 :  no
3:755  0:007   - [01]: Drop table : DMAR,                0 :  no
3:763  0:007  Custom boot CUSTOM_BOOT_DISABLED (0x0)
3:766  0:003  Default theme: embedded
3:770  0:003  Set FakeCPUID: 0x0
3:774  0:004  === [ Found DSDT tables ] =======================
3:779  0:004  === [ InitKextList ] ============================
3:784  0:004  Added Kext=Other\USBMap.kext (1.0)
3:788  0:004  Added Kext=Other\VirtualSMC.kext (1.2.8)
3:794  0:006  === [ ScanVolumes ] =============================
3:799  0:004  Found 12 volumes with blockIO
3:803  0:003  - [00]: Volume: PciRoot(0x0)\Pci(0x17,0x0)\Sata(0x0,0xFFFF,0x0)
3:811  0:007  - [01]: Volume: PciRoot(0x0)\Pci(0x17,0x0)\Sata(0x0,0xFFFF,0x0)\HD(1,GPT,38DCC513-D608-408E-9D2F-1469C8B906A0,0x28,0x64000)
3:819  0:008          Result of bootcode detection: bootable unknown (legacy)
3:824  0:004            label : EFI
3:827  0:003  - [02]: Volume: PciRoot(0x0)\Pci(0x17,0x0)\Sata(0x0,0xFFFF,0x0)\HD(2,GPT,C20AA839-E88E-4CED-8CAB-9480B290394C,0x64028,0x15D466360)
3:863  0:036            label : Dati
3:867  0:003  - [03]: Volume: PciRoot(0x0)\Pci(0x1D,0x0)\Pci(0x0,0x0)\NVMe(0x1,CA-8F-B2-81-58-38-25-00)
3:874  0:007  - [04]: Volume: PciRoot(0x0)\Pci(0x1D,0x0)\Pci(0x0,0x0)\NVMe(0x1,CA-8F-B2-81-58-38-25-00)\HD(1,GPT,6E40A227-DDED-4325-B7CE-3959620EB39E,0x28,0x64000)
3:882  0:007          Result of bootcode detection: bootable unknown (legacy)
3:887  0:004            label : EFI
3:890  0:003          This is SelfVolume !!
3:894  0:003  - [05]: Volume: PciRoot(0x0)\Pci(0x1D,0x0)\Pci(0x0,0x0)\NVMe(0x1,CA-8F-B2-81-58-38-25-00)\HD(2,GPT,9508A8C6-F9B9-4EDD-ABC7-C1C4A019C410,0x64028,0x3A321FE0)
3:902  0:007          Result of bootcode detection: bootable unknown (legacy)
3:905  0:003  - [06]: Volume: PciRoot(0x0)\Pci(0x1D,0x0)\Pci(0x0,0x0)\NVMe(0x1,CA-8F-B2-81-58-38-25-00)\HD(2,GPT,9508A8C6-F9B9-4EDD-ABC7-C1C4A019C410,0x64028,0x3A321FE0)\VenMedia(BE74FCF7-0B7C-49F3-9147-01F4042E6842,F2738F7DD5B89341BB89C99D72294438)
3:913  0:007            apfsFileSystemUUID=7D8F73F2-B8D5-4193-BB89-C99D72294438, ApfsContainerUUID=85F3C012-2D6D-4FA1-A77E-71D7470E7FA2, ApfsRole=0x10
3:917  0:004            label : Preboot
3:920  0:003  - [07]: Volume: PciRoot(0x0)\Pci(0x1D,0x0)\Pci(0x0,0x0)\NVMe(0x1,CA-8F-B2-81-58-38-25-00)\HD(2,GPT,9508A8C6-F9B9-4EDD-ABC7-C1C4A019C410,0x64028,0x3A321FE0)\VenMedia(BE74FCF7-0B7C-49F3-9147-01F4042E6842,5D6490A424B7BC4F9AC8F7A23B1C4935)
3:928  0:007            apfsFileSystemUUID=A490645D-B724-4FBC-9AC8-F7A23B1C4935, ApfsContainerUUID=85F3C012-2D6D-4FA1-A77E-71D7470E7FA2, ApfsRole=0x40
3:943  0:015            label : Macintosh HD - Dati
3:947  0:003  - [08]: Volume: PciRoot(0x0)\Pci(0x1D,0x0)\Pci(0x0,0x0)\NVMe(0x1,CA-8F-B2-81-58-38-25-00)\HD(2,GPT,9508A8C6-F9B9-4EDD-ABC7-C1C4A019C410,0x64028,0x3A321FE0)\VenMedia(BE74FCF7-0B7C-49F3-9147-01F4042E6842,B6D67091A529BA4BA6736F0E24A99093)
3:954  0:007            apfsFileSystemUUID=9170D6B6-29A5-4BBA-A673-6F0E24A99093, ApfsContainerUUID=85F3C012-2D6D-4FA1-A77E-71D7470E7FA2, ApfsRole=0x4
3:958  0:003            label : Recovery
3:962  0:003  - [09]: Volume: PciRoot(0x0)\Pci(0x1D,0x0)\Pci(0x0,0x0)\NVMe(0x1,CA-8F-B2-81-58-38-25-00)\HD(2,GPT,9508A8C6-F9B9-4EDD-ABC7-C1C4A019C410,0x64028,0x3A321FE0)\VenMedia(BE74FCF7-0B7C-49F3-9147-01F4042E6842,C30BF988C32C724BB297A45648EE79C3)
3:969  0:007            apfsFileSystemUUID=88F90BC3-2CC3-4B72-B297-A45648EE79C3, ApfsContainerUUID=85F3C012-2D6D-4FA1-A77E-71D7470E7FA2, ApfsRole=0x1
3:975  0:005            label : Macintosh HD
3:979  0:003  - [10]: Volume: PciRoot(0x0)\Pci(0x1D,0x0)\Pci(0x0,0x0)\NVMe(0x1,CA-8F-B2-81-58-38-25-00)\HD(2,GPT,9508A8C6-F9B9-4EDD-ABC7-C1C4A019C410,0x64028,0x3A321FE0)\VenMedia(BE74FCF7-0B7C-49F3-9147-01F4042E6842,982FC8B0B1F22A41B736D33F4320CF33)
3:986  0:007            apfsFileSystemUUID=B0C82F98-F2B1-412A-B736-D33F4320CF33, ApfsContainerUUID=85F3C012-2D6D-4FA1-A77E-71D7470E7FA2, ApfsRole=0xc0
3:990  0:004            label : Update
3:994  0:003  - [11]: Volume: PciRoot(0x0)\Pci(0x1D,0x0)\Pci(0x0,0x0)\NVMe(0x1,CA-8F-B2-81-58-38-25-00)\HD(2,GPT,9508A8C6-F9B9-4EDD-ABC7-C1C4A019C410,0x64028,0x3A321FE0)\VenMedia(BE74FCF7-0B7C-49F3-9147-01F4042E6842,D0BFA628AA2C7548AE15EA6E25144D32)
4:001  0:007            apfsFileSystemUUID=28A6BFD0-2CAA-4875-AE15-EA6E25144D32, ApfsContainerUUID=85F3C012-2D6D-4FA1-A77E-71D7470E7FA2, ApfsRole=0x8
4:005  0:003            label : VM
4:009  0:003  No AudioIoProtocols, status=Not Found
4:013  0:003  === [ InitXTheme ] ==============================
4:016  0:003  use Daylight theme
4:020  0:003   using embedded theme
4:033  0:012  Using embedded font
4:036  0:003  theme inited
4:040  0:003  Chosen embedded theme
4:044  0:003  found boot-args in NVRAM:keepsyms=1 alcid=11 shikigva=80, size=32
4:047  0:003  ...found arg:keepsyms=1
4:051  0:003  ...adding arg:keepsyms=1
4:055  0:003  ...found arg:alcid=11
4:059  0:003  ...adding arg:alcid=11
4:062  0:003  ...found arg:shikigva=80
4:066  0:003  ...adding arg:shikigva=80
4:070  0:003  after NVRAM boot-args=-v agdpmod=pikera keepsyms=1 alcid=11 shikigva=80 
4:073  0:003  Scanning legacy ...
4:077  0:003  === [ Dump SMC keys from NVRAM ] ================
4:081  0:003  found AppleSMC protocol
4:095  0:014     fakesmc-key-RVBF-ch8*:02 46 0F 00 00 12 
4:127  0:031     fakesmc-key-#KEY-ui32:00 00 00 11 
4:152  0:024     fakesmc-key-$Adr-ui32:00 00 03 00 
4:176  0:023     fakesmc-key-$Num-ui8:01 
4:188  0:012     fakesmc-key-RMde-char:41 
4:200  0:012     fakesmc-key-RBr -ch8*:6A 31 33 38 5F 39 00 00 
4:238  0:037     fakesmc-key-EPCI-ui32:09 D0 F0 00 
4:261  0:023     fakesmc-key-REV -ch8*:02 46 0F 00 00 12 
4:292  0:030     fakesmc-key-RPlt-ch8*:6A 31 33 38 00 00 00 00 
4:331  0:039     fakesmc-key-BEMB-flag:00 
4:344  0:012     fakesmc-key-BATP-flag:00 
4:356  0:012     fakesmc-key-BNum-ui8:00 
4:369  0:012     fakesmc-key-MSTc-ui8:00 
4:381  0:012     fakesmc-key-MSAc-ui16:00 00 
4:397  0:016     fakesmc-key-MSWr-ui8:00 
4:409  0:012     fakesmc-key-MSFW-ui8:01 00 
4:431  0:021     fakesmc-key-MSPS-ui16:00 03 
4:456  0:024  Registered 17 SMC keys
4:463  0:007  === [ ScanLoader ] ==============================
4:467  0:003  - [01]: 'EFI'
4:492  0:024  - [02]: 'Dati'
4:529  0:037  - [04]: 'EFI'
4:539  0:010        AddLoaderEntry for Volume Name=EFI, idx=0
4:543  0:003        OSVersion= 
4:547  0:004        IconName=unknown comma=-1 size=7
4:551  0:003        Full=unknown
4:555  0:003        Loader entry created for 'PciRoot(0x0)\Pci(0x1D,0x0)\Pci(0x0,0x0)\NVMe(0x1,CA-8F-B2-81-58-38-25-00)\HD(1,GPT,6E40A227-DDED-4325-B7CE-3959620EB39E,0x28,0x64000)\EFI\BOOT\BOOTX64.efi'
4:559  0:003       hiding entry: \EFI\BOOT\BOOTX64.efi
4:563  0:003        Menu entry added at index 0
4:566  0:003       hiding entry because DiskKind is DISK_KIND_INTERNAL: \EFI\BOOT\BOOTX64.efi
4:570  0:003  - [06]: 'Preboot'
4:578  0:007      ApfsContainerUUID=85F3C012-2D6D-4FA1-A77E-71D7470E7FA2
4:582  0:003      ApfsFileSystemUUID=7D8F73F2-B8D5-4193-BB89-C99D72294438
4:585  0:003      APFSTargetUUID=A490645D-B724-4FBC-9AC8-F7A23B1C4935
4:590  0:004        contentDetails name:Macintosh HD
4:593  0:003        AddLoaderEntry for Volume Name=Preboot, idx=1
4:597  0:003        OSVersion=14.4 
4:601  0:003        Check if volume Is Hibernated:
4:605  0:003        Check sleep image 'by signature':
4:608  0:003        using default sleep image name = \private\var\vm\sleepimage
4:612  0:003        cannot open sleepimage -> Not Found
4:616  0:003        hibernated: no - sign
4:619  0:003        IconName=sonoma,mac comma=6 size=10
4:623  0:003        first=os_sonoma
4:627  0:003        Second=os_mac
4:630  0:003        IconName=unknown comma=-1 size=7
4:634  0:003        Full=unknown
4:638  0:003        Loader entry created for 'PciRoot(0x0)\Pci(0x1D,0x0)\Pci(0x0,0x0)\NVMe(0x1,CA-8F-B2-81-58-38-25-00)\HD(2,GPT,9508A8C6-F9B9-4EDD-ABC7-C1C4A019C410,0x64028,0x3A321FE0)\VenMedia(BE74FCF7-0B7C-49F3-9147-01F4042E6842,F2738F7DD5B89341BB89C99D72294438)\A490645D-B724-4FBC-9AC8-F7A23B1C4935\System\Library\CoreServices\boot.efi'
4:643  0:004        Menu entry added at index 1
4:646  0:003  - [07]: 'Macintosh HD - Dati'
4:654  0:007      ApfsContainerUUID=85F3C012-2D6D-4FA1-A77E-71D7470E7FA2
4:657  0:003      ApfsFileSystemUUID=A490645D-B724-4FBC-9AC8-F7A23B1C4935
4:661  0:003  - [08]: 'Recovery'
4:668  0:007      ApfsContainerUUID=85F3C012-2D6D-4FA1-A77E-71D7470E7FA2
4:672  0:003      ApfsFileSystemUUID=9170D6B6-29A5-4BBA-A673-6F0E24A99093
4:676  0:003      APFSTargetUUID=A490645D-B724-4FBC-9AC8-F7A23B1C4935
4:679  0:003        contentDetails name:Macintosh HD
4:684  0:004        AddLoaderEntry for Volume Name=Recovery, idx=2
4:688  0:004        OSVersion=14.4 
4:691  0:003        IconName=sonoma,mac comma=6 size=10
4:695  0:003        first=os_sonoma
4:699  0:003        Second=os_mac
4:702  0:003        IconName=unknown comma=-1 size=7
4:706  0:003        Full=unknown
4:710  0:003        Loader entry created for 'PciRoot(0x0)\Pci(0x1D,0x0)\Pci(0x0,0x0)\NVMe(0x1,CA-8F-B2-81-58-38-25-00)\HD(2,GPT,9508A8C6-F9B9-4EDD-ABC7-C1C4A019C410,0x64028,0x3A321FE0)\VenMedia(BE74FCF7-0B7C-49F3-9147-01F4042E6842,B6D67091A529BA4BA6736F0E24A99093)\A490645D-B724-4FBC-9AC8-F7A23B1C4935\BaseSystem.dmg'
4:714  0:004        Menu entry added at index 2
4:718  0:003  - [09]: 'Macintosh HD'
4:725  0:007      ApfsContainerUUID=85F3C012-2D6D-4FA1-A77E-71D7470E7FA2
4:729  0:003      ApfsFileSystemUUID=88F90BC3-2CC3-4B72-B297-A45648EE79C3
4:737  0:007  - [10]: 'Update'
4:744  0:007      ApfsContainerUUID=85F3C012-2D6D-4FA1-A77E-71D7470E7FA2
4:748  0:003      ApfsFileSystemUUID=B0C82F98-F2B1-412A-B736-D33F4320CF33
4:752  0:003  - [11]: 'VM'
4:759  0:007      ApfsContainerUUID=85F3C012-2D6D-4FA1-A77E-71D7470E7FA2
4:763  0:003      ApfsFileSystemUUID=28A6BFD0-2CAA-4875-AE15-EA6E25144D32
4:767  0:003  Entries list before ordering
4:770  0:003      Entry 0 : Boot UEFI internal from EFI (hidden)
4:774  0:003      Entry 1 : Boot Mac OS from Macintosh HD via Preboot
4:778  0:003      Entry 2 : Boot Mac OS Recovery for Macintosh HD via Recovery
4:781  0:003  Entries list after ordering
4:785  0:003    Entry 0 : Boot UEFI internal from EFI (hidden)
4:788  0:003    Entry 1 : Boot Mac OS from Macintosh HD via Preboot
4:792  0:003    Entry 2 : Boot Mac OS Recovery for Macintosh HD via Recovery
4:796  0:003  === [ AddCustomTool ] ===========================
4:800  0:004  found tool \EFI\CLOVER\tools\Shell64U.efi
4:803  0:003  Checking EFI partition Volume 1 for Clover
4:808  0:004   Found Clover
4:812  0:003  === [ GetEfiBootDeviceFromNvram ] ===============
4:816  0:004   - [!] efi-boot-device-data not found
4:820  0:003  Default boot entry not found
4:824  0:003  BannerPlace at Clear Screen [619,68]
5:341  0:517  GUI ready
8:763  3:422  Boot option 0 has other volume name Macintosh HDboot.efi
8:770  0:006  === [ StartLoader ] =============================
8:774  0:003  Starting PciRoot(0x0)\Pci(0x1D,0x0)\Pci(0x0,0x0)\NVMe(0x1,CA-8F-B2-81-58-38-25-00)\HD(2,GPT,9508A8C6-F9B9-4EDD-ABC7-C1C4A019C410,0x64028,0x3A321FE0)\VenMedia(BE74FCF7-0B7C-49F3-9147-01F4042E6842,F2738F7DD5B89341BB89C99D72294438)\A490645D-B724-4FBC-9AC8-F7A23B1C4935\System\Library\CoreServices\boot.efi
8:777  0:003  Finally: ExternalClock=26MHz BusSpeed=100088kHz CPUFreq=3603MHz PIS: hw.busfrequency=104000000Hz
8:785  0:007  Beginning OC
8:789  0:003  OCST: Missing vault data, ignoring...
8:793  0:003  AddKextsInArray from Other
8:796  0:003  ->Extra kext: Other\USBMap.kext (v.1.0)
8:800  0:003  ->Extra kext: Other\VirtualSMC.kext (v.1.2.8)
8:804  0:003  AddKextsInArray from Off
8:807  0:003  AddKextsInArray from 14
8:811  0:003  AddKextsInArray from 14_normal
8:815  0:003  AddKextsInArray from 14.4
8:819  0:003  AddKextsInArray from 14.4_normal
8:822  0:003  AddKextsInArray from 14.4.0
8:826  0:003  AddKextsInArray from 14.4.0_normal
8:830  0:003  Bridge kext to OC : Path=Other\VirtualSMC.kext
8:834  0:004  Bridge kext to OC : Path=Other\USBMap.kext
8:840  0:005  Start 'OpenRuntime.efi' : Status Success
8:843  0:003  OC: config config.plist
8:847  0:003  OC: Got 0 drivers
8:851  0:003  OC: OpenCore DBG-102-2024-09-12 is loading in Optional mode (0/0)...
8:855  0:003  OC: StorageHandle 0 with  LauncherOption pointing to 
8:859  0:004  OcOSInfoInstallProtocol
8:863  0:003  OCRTC: OcAppleRtcRamInstallProtocol
8:867  0:003  OCRTC: Wake log is 0x00 0x00   0 0x00
8:871  0:003  OcAppleFbInfoInstallProtocol
8:874  0:003  OcAppleEg2InfoInstallProtocol
8:878  0:003  OCEG: Discovered rotate NVRAM override to 0
8:882  0:003  OC: Loading Apple Secure Boot with Disabled (level 0)
8:886  0:004  OCABC: ALRBL 0 RTDFRG 1 DEVMMIO 1 NOSU 0 NOVRWR 0 NOSB 0 FBSIG 0 NOHBMAP 0 SMSLIDE 1 WRUNPROT 1
8:890  0:003  OCABC: FEXITBS 0 PRMRG 0 CSLIDE 1 MSLIDE 0 PRSRV 1 RBMAP 1 VMAP 1 APPLOS 0 RTPERMS 1 ARBAR -1 RBIO 0
8:893  0:003  OCABC: Got rendezvous with OpenRuntime r12
8:897  0:003  OCABC: MAT support is 1
8:901  0:003  OC: RequestBootVarRouting 0
8:905  0:004  OCDM: Found 0x20046/0x2003C UEFI version (376 bytes, 0 rebuilding to 376) gST 7AB3C018 gBS 6D89B3A0 gBS->CreateEventEx 6D889904 &gBS 6D5732C0
8:909  0:003  OC: Setting GPU BARs to 0
8:912  0:003  OCDM: RBAR using PciIo
8:916  0:003  OCDM: Setting RBAR to 0 inc 1 on 3/18
8:920  0:003  OCDM: Capability I/O error - Unsupported
8:923  0:003  OCDM: RBAR is unsupported by device - Device Error
8:927  0:003  OCDM: Setting RBAR to 0 inc 1 on 5/18
8:931  0:003  OCDM: Capability I/O error - Unsupported
8:935  0:003  OCDM: RBAR is unsupported by device - Device Error
8:939  0:004  OC: Got 0 drivers
8:943  0:003  OCC: Installing GOP (Unsupported) on ConsoleOutHandle...
8:947  0:003  OC: Requested resolution is 1920x1080@0 (max: 0, force: 0) from 1920x1080
8:951  0:003  OCC: Using builtin text renderer with 1 scale
8:955  0:003  OCC: Install console control (6D55E3D0/6D882D88/0), current - Success
8:958  0:003  OCC: Setup ASCII Output - Success
8:962  0:003  OC: Requested console mode is 0x0 (max: 0) from 
8:966  0:003  OC: Invalid HibernateMode: 
8:970  0:003  OC: Translated HibernateMode  to 0
8:973  0:003  OC: Hibernation activation - Invalid Parameter, hibernation wake - no
8:983  0:009  OC: Saving 9183 byte panic log panic-2024-11-25-164359.txt - Success
8:987  0:004  OCABC: IsEfiBootRt 0 (BP 1, Apple 0)
8:992  0:005  OCB: Arch filtering 72DAD018(723512)->72DAD018(723512) caps 0 - Success
8:996  0:003  ImageHandle = 76261618
9:004  0:008  GetOSVersion: 14.4 (s)
9:012  0:007  Will not patch boot.efi
9:016  0:003  Using latest BiosVersion from config instead of default 'IM191.88Z.F000.B00.2302212211'
9:019  0:003  Using latest BiosReleaseDate from config instead of default '02/21/2023'
9:023  0:003  BiosVersion: IM191.88Z.F000.B00.2308061817
9:027  0:003  BiosReleaseDate: 08/06/2023
9:031  0:003  EfiVersion: 1968.100.16.0.1
9:034  0:003  SMBIOS reloaded with model iMac19,1
9:038  0:003  Set FakeCPUID: 0x0
9:042  0:003  === [ PatchSmbios ] =============================
9:045  0:003  UpdateSmbiosString : BiosVersion=EfiVersion=1968.100.16.0.1
9:049  0:003  UpdateSmbiosString : ReleaseDate=08/06/2023
9:053  0:003  void PatchTableType1(const SmbiosInjectedSettings&) : UpdateSmbiosString ProductName=iMac19,1
9:056  0:003  void PatchTableType2(const SmbiosInjectedSettings&) : UpdateSmbiosString ProductName=BoardNumber=Mac-AA95B1DDAB278B95
9:060  0:003  void PatchTableType2(const SmbiosInjectedSettings&) : UpdateSmbiosString Version=BoardVersion=iMac19,1
9:064  0:003  insert table 9 for dev 0:0
9:068  0:003  insert table 9 for dev 0:1
9:071  0:003  insert table 9 for dev 1F:6
9:075  0:003  Table 11 present, but rewritten for us
9:080  0:004  Do not inject memory table
9:083  0:003  Trusting SMBIOS...
9:087  0:003  Channels: 1
9:091  0:003  Interleave: 0 1 2 3
9:113  0:022  trusted SMBIOS data, table index 0:
9:117  0:003    gRAM.SMBIOS[0]->ModuleSize = 8192
9:121  0:003    gRAM.SMBIOS[0]->Type = 0
9:125  0:003    gRAM.SMBIOS[0]->Frequency = 3200
9:128  0:003    gRAM.SMBIOS[0]->Vendor = Corsair
9:132  0:003    gRAM.SMBIOS[0]->PartNo = CMK16GX4M2K4266C19
9:136  0:003    gRAM.SMBIOS[0]->SerialNo = 00000000
9:139  0:003  SPD data in use:
9:143  0:003    gRAM.SPD[0]->ModuleSize = 8192
9:147  0:003    gRAM.SPD[0]->Type = 26
9:151  0:003    gRAM.SPD[0]->Frequency = 4264
9:155  0:003    gRAM.SPD[0]->Vendor = Corsair
9:158  0:003    gRAM.SPD[0]->SerialNo = 00000000
9:162  0:003    gRAM.SPD[0]->PartNo = CMK16GX4M2K4266C19
9:166  0:003    SMBIOS Type 17 Index = 0 => SMBIOSIndex=0 SPDIndex=0:
9:170  0:003  BANK 0 DIMM0 4264MHz 8192MB(Ext:0MB)
9:173  0:003  trusted SMBIOS data, table index 1:
9:177  0:003    gRAM.SMBIOS[1]->ModuleSize = 8192
9:181  0:003    gRAM.SMBIOS[1]->Type = 0
9:184  0:003    gRAM.SMBIOS[1]->Frequency = 3200
9:188  0:003    gRAM.SMBIOS[1]->Vendor = Corsair
9:192  0:003    gRAM.SMBIOS[1]->PartNo = CMK16GX4M2K4266C19
9:195  0:003    gRAM.SMBIOS[1]->SerialNo = 00000000
9:199  0:003  SPD data in use:
9:203  0:003    gRAM.SPD[1]->ModuleSize = 8192
9:207  0:003    gRAM.SPD[1]->Type = 26
9:210  0:003    gRAM.SPD[1]->Frequency = 4264
9:214  0:003    gRAM.SPD[1]->Vendor = Corsair
9:218  0:003    gRAM.SPD[1]->SerialNo = 00000000
9:221  0:003    gRAM.SPD[1]->PartNo = CMK16GX4M2K4266C19
9:225  0:003    SMBIOS Type 17 Index = 1 => SMBIOSIndex=1 SPDIndex=1:
9:229  0:003  BANK 0 DIMM1 4264MHz 8192MB(Ext:0MB)
9:232  0:003  !trusted SMBIOS data, Table index 2:!gRAM.SMBIOS.doesSlotForIndexExist(SMBIOSIndex) 
9:244  0:011    SMBIOS Type 17 Index = 2 => SMBIOSIndex=2 SPDIndex=2:
9:247  0:003  BANK 0 DIMM2 EMPTY
9:251  0:003  !trusted SMBIOS data, Table index 3:!gRAM.SMBIOS.doesSlotForIndexExist(SMBIOSIndex) 
9:262  0:010    SMBIOS Type 17 Index = 3 => SMBIOSIndex=3 SPDIndex=3:
9:266  0:003  BANK 0 DIMM3 EMPTY
9:269  0:003  mTotalSystemMemory = 16384
9:273  0:003  NumberOfMemoryDevices = 4
9:277  0:003  Type20[0]->End = 0x7FFFFF, Type17[0] = 2000
9:280  0:003  Type20[1]->End = 0xFFFFFF, Type17[1] = 6000
9:284  0:003  Table 131 is present, CPUType=35
9:288  0:003  Change to: 1005
9:291  0:003  === [ PatchACPI ] ===============================
9:295  0:003  OCABC: AllocPages 1 0x7A345000 (1) - Success
9:299  0:003  Xsdt reallocation done
9:302  0:003  OCABC: AllocPages 1 0x7A344000 (1) - Success
9:306  0:003  old FADT length=114
9:310  0:003   SignatureFixup: 0xD66BCDE8 -> 0x0
9:313  0:003  Found OperationRegion(GNVS, SystemMemory, 7A376000, ...)
9:317  0:003  Found OperationRegion(RAMW, SystemMemory, 7A37A018, ...)
9:321  0:004  Found OperationRegion(RAMX, SystemMemory, 7A2E2018, ...)
9:325  0:003  Found OperationRegion(PNVA, SystemMemory, 7A3D2B98, ...)
9:329  0:003  Found OperationRegion(THBA, SystemMemory, FE200000, ...)
9:333  0:004  Found OperationRegion(BNVS, SystemMemory, 7A38B000, ...)
9:337  0:003  Found OperationRegion(SMBD, SystemMemory, E00FC004, ...)
9:340  0:003  Found OperationRegion(TMMB, SystemMemory, FED40000, ...)
9:344  0:003  Found OperationRegion(CRBD, SystemMemory, FED40000, ...)
9:349  0:004  Found OperationRegion(TPMR, SystemMemory, FFFFFFFF, ...)
9:352  0:003  Found OperationRegion(ATNV, SystemMemory, FFFF0000, ...)
9:356  0:003  Found OperationRegion(WPBR, SystemMemory, 7A364000, ...)
9:360  0:003  OCABC: AllocPages 1 0x7A2F5000 (79) - Success
9:364  0:003  Apply DsdtFixMask=0x10400000
9:368  0:003  === [ FixBiosDsdt ] =============================
9:372  0:004  Patching DSDT:
9:378  0:006   - [change EC0 to EC]: pattern 4543305F, patched at: [ (F96F) ]
9:399  0:021   - [change HECI to IMEI]: pattern 48454349, patched at: [ (18CAE) ]
9:418  0:019   deleting device CRT_
9:428  0:010   deleting device DVI_
9:436  0:007   deleting device SPKR
9:450  0:014   deleting device ECP_
9:458  0:007   deleting device LPT_
9:466  0:007   deleting device FDC0
9:474  0:007   deleting device ECP1
9:481  0:007   deleting device LPT1
9:489  0:007   deleting device FDC_
9:497  0:007    indirect name=RAMB
9:501  0:003    indirect name=RAMA
9:505  0:004    indirect name=PNVB
9:508  0:003  OperationRegion (THBA...) corrected from 0x0 to addr=0xFE200000
9:512  0:003    indirect name=TPMM
9:516  0:003    indirect name=FTPM
9:520  0:003    indirect name=PPIM
9:524  0:003  PreCleanup XSDT: count=24, length=228
9:527  0:003  PreCleanup XSDT, corrected XSDT: count=24, length=228
9:531  0:003  === [ ACPIPatchedAML ] ==========================
9:535  0:003  AutoMerge pass 1
9:538  0:003  Unsorted
9:542  0:003  Inserting SSDT-EC.aml from \EFI\CLOVER\ACPI\patched: ignore on pass 1
9:550  0:007  Inserting SSDT-PLUG-_SB.PR00.aml from \EFI\CLOVER\ACPI\patched: ignore on pass 1
9:557  0:007  Inserting SSDT-PM.aml from \EFI\CLOVER\ACPI\patched: ignore on pass 1
9:564  0:007  Inserting SSDT-PMC.aml from \EFI\CLOVER\ACPI\patched: ignore on pass 1
9:572  0:007  === [ ACPIDropTables ] ==========================
9:575  0:003  OCABC: AllocPages 1 0x7A2F3000 (2) - Success
9:579  0:003  OCABC: AllocPages 1 0x7A2F3000 (2) - Success
9:583  0:003  OCABC: AllocPages 1 0x7A2F3000 (2) - Success
9:587  0:003  OCABC: AllocPages 1 0x7A2F3000 (2) - Success
9:590  0:003  OCABC: AllocPages 1 0x7A2F3000 (2) - Success
9:594  0:003  OCABC: AllocPages 1 0x7A2F3000 (2) - Success
9:598  0:003  Patching SSDTs: 2 patches each
9:601  0:003   pattern 4543305F, bin not found / already patched!
9:609  0:007   pattern 48454349, bin not found / already patched!
9:616  0:007  OCABC: AllocPages 1 0x7A2F0000 (3) - Success
9:619  0:003  Patching SSDTs: 2 patches each
9:623  0:003   pattern 4543305F, bin not found / already patched!
9:631  0:007   pattern 48454349, bin not found / already patched!
9:638  0:007  Found OperationRegion(PNVS, SystemMemory, 7ADF3000, ...)
9:642  0:003  OCABC: AllocPages 1 0x7A2EB000 (5) - Success
9:646  0:003  Patching SSDTs: 2 patches each
9:649  0:003   pattern 4543305F, bin not found / already patched!
9:657  0:007   pattern 48454349, bin not found / already patched!
9:664  0:007  Found OperationRegion(SANV, SystemMemory, 7A3D2118, ...)
9:668  0:004  OCABC: AllocPages 1 0x7A2E7000 (4) - Success
9:672  0:003  Patching SSDTs: 2 patches each
9:676  0:003   pattern 4543305F, bin not found / already patched!
9:683  0:007   pattern 48454349, bin not found / already patched!
9:691  0:007  OCABC: AllocPages 1 0x7A2E5000 (2) - Success
9:694  0:003  OCABC: AllocPages 1 0x7A2E5000 (2) - Success
9:698  0:003  Patching SSDTs: 2 patches each
9:702  0:003   pattern 4543305F, bin not found / already patched!
9:709  0:007   pattern 48454349, bin not found / already patched!
9:720  0:010  OCABC: AllocPages 1 0x7A166000 (4) - Success
9:724  0:003  Patching SSDTs: 2 patches each
9:727  0:003   pattern 4543305F, bin not found / already patched!
9:735  0:007   pattern 48454349, bin not found / already patched!
9:742  0:007  OCABC: AllocPages 1 0x7A2E3000 (2) - Success
9:746  0:003  OCABC: AllocPages 1 0x7A2E3000 (2) - Success
9:749  0:003  OCABC: AllocPages 1 0x7A162000 (4) - Success
9:753  0:003  Patching SSDTs: 2 patches each
9:757  0:003   pattern 4543305F, bin not found / already patched!
9:764  0:007   pattern 48454349, bin not found / already patched!
9:772  0:007  OCABC: AllocPages 1 0x7A2E3000 (2) - Success
9:775  0:003  Patching SSDTs: 2 patches each
9:779  0:003   pattern 4543305F, bin not found / already patched!
9:787  0:007   pattern 48454349, bin not found / already patched!
9:794  0:007  OCABC: AllocPages 1 0x7A160000 (2) - Success
9:798  0:003  OCABC: AllocPages 1 0x7A160000 (2) - Success
9:802  0:003  OCABC: AllocPages 1 0x7A15F000 (3) - Success
9:805  0:003  Patching SSDTs: 2 patches each
9:809  0:003   pattern 4543305F, bin not found / already patched!
9:816  0:007   pattern 48454349, bin not found / already patched!
9:824  0:007  OCABC: AllocPages 1 0x7A15D000 (2) - Success
9:827  0:003  Patching SSDTs: 2 patches each
9:831  0:003   pattern 4543305F, bin not found / already patched!
9:838  0:007   pattern 48454349, bin not found / already patched!
9:846  0:007  Found OperationRegion(ADHD, SystemMemory, 78CD0000, ...)
9:850  0:003  Found OperationRegion(ABLK, SystemMemory, 78CD0020, ...)
9:853  0:003  OCABC: AllocPages 1 0x7A14D000 (16) - Success
9:857  0:003  OCABC: AllocPages 1 0x7A15B000 (2) - Success
9:860  0:003  OCABC: AllocPages 1 0x7A15B000 (2) - Success
9:864  0:003  === [ ACPIPatchedAML ] ==========================
9:868  0:003  AutoMerge pass 2
9:871  0:003  Unsorted
9:875  0:003  Inserting SSDT-EC.aml from \EFI\CLOVER\ACPI\patched: size=91 OCABC: AllocPages 1 0x7A15C000 (1) - Success
... Success
9:891  0:015  Inserting SSDT-PLUG-_SB.PR00.aml from \EFI\CLOVER\ACPI\patched: size=166 OCABC: AllocPages 1 0x7A15B000 (1) - Success
... Success
9:906  0:015  Inserting SSDT-PM.aml from \EFI\CLOVER\ACPI\patched: size=198 OCABC: AllocPages 1 0x7A15A000 (1) - Success
... Success
9:921  0:015  Inserting SSDT-PMC.aml from \EFI\CLOVER\ACPI\patched: size=143 OCABC: AllocPages 1 0x7A159000 (1) - Success
... Success
9:936  0:015  ApicCPUNum=1
9:940  0:003  Maximum control=0x24
9:944  0:003  Turbo control=0x31
9:948  0:004  P-States: min 0x8, max 0x31
9:951  0:003  SSDT with plugin-type without P-States is generated
9:955  0:003  OCABC: AllocPages 1 0x7A158000 (1) - Success
9:959  0:003  Cleanup XSDT: count=29, length=268
9:962  0:003  corrected XSDT count=29, length=268
9:966  0:003  === [ RestSetup macOS ] =========================
9:969  0:003  ATI injection not set
9:973  0:003  Intel UHD Graphics 630 [8086:3E98] :: PciRoot(0x0)\Pci(0x2,0x0)
9:977  0:003    Intel: no default properties
9:980  0:003  Intel GFX revision  = 0x0
9:985  0:004   RCBA disabled; cannot use it
9:988  0:003   setting specified layout-id=1 (0x1)
9:992  0:003  stringlength = 458
9:996  0:003  OCABC: AllocPages 1 0x7A157000 (1) - Success
9:999  0:003  CurrentMode: Width=1366 Height=768
10:003  0:003  SetNvramVariable (system-id, 4D1EDE05-38C7-4A6A-9CC6-4BCCA8B38C14, 0x2, 16): -> writing new (Success)
10:011  0:008  SetNvramVariable (MLB, 4D1EDE05-38C7-4A6A-9CC6-4BCCA8B38C14, 0x6, 17): -> writing new (Success)
10:019  0:008  SetNvramVariable (ROM, 4D1EDE05-38C7-4A6A-9CC6-4BCCA8B38C14, 0x6, 6): -> writing new (Success)
10:028  0:008  SetNvramVariable (FirmwareFeatures, 4D1EDE05-38C7-4A6A-9CC6-4BCCA8B38C14, 0x6, 4): -> writing new (Success)
10:036  0:008  SetNvramVariable (FirmwareFeaturesMask, 4D1EDE05-38C7-4A6A-9CC6-4BCCA8B38C14, 0x6, 4): -> writing new (Success)
10:044  0:008  SetNvramVariable (ExtendedFirmwareFeatures, 4D1EDE05-38C7-4A6A-9CC6-4BCCA8B38C14, 0x6, 8): -> writing new (Success)
10:052  0:008  SetNvramVariable (ExtendedFirmwareFeaturesMask, 4D1EDE05-38C7-4A6A-9CC6-4BCCA8B38C14, 0x6, 8): -> writing new (Success)
10:061  0:008  AddNvramVariable (HW_BID, 4D1EDE05-38C7-4A6A-9CC6-4BCCA8B38C14, 0x6, 20): -> writing new (Success)
10:069  0:008  AddNvramVariable (security-mode, 7C436110-AB2A-4BBB-A880-FE41995C9F82, 0x7, 5): -> already exists, abort
10:077  0:007  set DefaultBackgroundColor=0xfbfbfb
10:080  0:003  SetNvramVariable (DefaultBackgroundColor, 4D1EDE05-38C7-4A6A-9CC6-4BCCA8B38C14, 0x7, 4): exists(0x7, 4), not equal -> writing new (Success)
10:097  0:016  SetNvramVariable (ActualDensity, 7C436110-AB2A-4BBB-A880-FE41995C9F82, 0x7, 2): exists(0x7, 2), equal -> not writing again.
10:108  0:011  SetNvramVariable (DensityThreshold, 7C436110-AB2A-4BBB-A880-FE41995C9F82, 0x7, 2): exists(0x7, 2), equal -> not writing again.
10:119  0:011  SetNvramVariable (gfx-saved-config-restore-status, 4D1EDE05-38C7-4A6A-9CC6-4BCCA8B38C14, 0x7, 8): exists(0x7, 8), equal -> not writing again.
10:134  0:014  DeleteNvramVariable (UIScale, 4D1EDE05-38C7-4A6A-9CC6-4BCCA8B38C14):
10:138  0:004  DeleteNvramVariable (EFILoginHiDPI, 7C436110-AB2A-4BBB-A880-FE41995C9F82):
10:142  0:003  SetNvramVariable (flagstate, 7C436110-AB2A-4BBB-A880-FE41995C9F82, 0x7, 32): exists(0x7, 32), equal -> not writing again.
10:154  0:011  SetNvramVariable (csr-active-config, 7C436110-AB2A-4BBB-A880-FE41995C9F82, 0x7, 4): exists(0x7, 4), not equal -> writing new (Success)
10:171  0:017  DeleteNvramVariable (BridgeOSHardwareModel, 4D1EDE05-38C7-4A6A-9CC6-4BCCA8B38C14):
10:176  0:004  DeleteNvramVariable (bootercfg, 7C436110-AB2A-4BBB-A880-FE41995C9F82):
10:180  0:004  DeleteNvramVariable (nvda_drv, 7C436110-AB2A-4BBB-A880-FE41995C9F82):
10:185  0:004  DeleteNvramVariable (recovery-boot-mode, 7C436110-AB2A-4BBB-A880-FE41995C9F82):
10:188  0:003  AddNvramVariable (wake-failure, 7C436110-AB2A-4BBB-A880-FE41995C9F82, 0x7, 5): -> already exists, abort
10:196  0:008  DeleteNvramVariable (opencore-version, 7C436110-AB2A-4BBB-A880-FE41995C9F82):
10:201  0:004  DeleteNvramVariable (ApBoardID, 94B73556-2197-4702-82A8-3E1337DAFBFB):
10:205  0:004  DeleteNvramVariable (ApSecurityDomain, 94B73556-2197-4702-82A8-3E1337DAFBFB):
10:210  0:004  DeleteNvramVariable (ApProductionStatus, 94B73556-2197-4702-82A8-3E1337DAFBFB):
10:214  0:004  DeleteNvramVariable (ApSecurityMode, 94B73556-2197-4702-82A8-3E1337DAFBFB):
10:219  0:004  DeleteNvramVariable (EffectiveProductionStatus, 94B73556-2197-4702-82A8-3E1337DAFBFB):
10:223  0:004  DeleteNvramVariable (EffectiveSecurityMode, 94B73556-2197-4702-82A8-3E1337DAFBFB):
10:228  0:004  DeleteNvramVariable (CertificateEpoch, 94B73556-2197-4702-82A8-3E1337DAFBFB):
10:232  0:004  DeleteNvramVariable (MixNMatchPreventionStatus, 94B73556-2197-4702-82A8-3E1337DAFBFB):
10:236  0:004  DeleteNvramVariable (CryptoDigestMethod, 94B73556-2197-4702-82A8-3E1337DAFBFB):
10:241  0:004  DeleteNvramVariable (InternalUseOnlyUnit, 94B73556-2197-4702-82A8-3E1337DAFBFB):
10:248  0:007  DeleteNvramVariable (ApECID, 94B73556-2197-4702-82A8-3E1337DAFBFB):
10:252  0:004  DeleteNvramVariable (HardwareModel, 94B73556-2197-4702-82A8-3E1337DAFBFB):
10:256  0:003  Use origin smbios table type 1 guid.
10:278  0:022  DeleteNvramVariable (efi-boot-device, 7C436110-AB2A-4BBB-A880-FE41995C9F82):
10:283  0:004  DeleteNvramVariable (efi-boot-device-data, 7C436110-AB2A-4BBB-A880-FE41995C9F82):
10:287  0:004  DeleteNvramVariable (BootCampHD, 7C436110-AB2A-4BBB-A880-FE41995C9F82):
10:291  0:003  Custom boot screen not used because entry has unset use graphics
10:296  0:005  DeleteNvramVariable (IOHibernateRTCVariables, 7C436110-AB2A-4BBB-A880-FE41995C9F82):
10:300  0:004  DeleteNvramVariable (boot-image, 7C436110-AB2A-4BBB-A880-FE41995C9F82):
10:304  0:003  Kernel quirks
10:308  0:003  ACPCL 1 AXCL 1 AXEM 0 AXFB 0 CSG 0 DIM 0 DLJ 0 DRC 1 DPM 0 EBTFF 0 EDI 0 FAI 0 IPBS 0 LKP 0 PNKD 0 PTKP 0 TPD 0 XPL 0 PCC 0
10:312  0:003  Closing log
10:315  0:003  OCABC: AllocPages 2 0x91000 (14) - Success
10:319  0:003  OCABC: AllocPages 2 0x6F7C8000 (14) - Success
10:323  0:003  OCABC: Recovering trashed GetMemoryMap pointer
10:328  0:005  OCABC: Patching safe mode sur-2 at off ACF4
10:332  0:003  OCABC: AllocPages 2 0x77844000 (512) - Success
10:336  0:003  OCABC: AllocPages 2 0x77843000 (1) - Success
10:340  0:003  OC: Supported boot capabilities 4
10:343  0:003  OCABC: AllocPages 2 0x77842000 (1) - Success
10:347  0:003  OCABC: MMIO devirt start
10:351  0:003  OCABC: MMIO devirt 0xE0000000 (0x10000 pages, 0x800000000000100D) skip 0
10:355  0:003  OCABC: MMIO devirt 0xFE000000 (0x11 pages, 0x8000000000000001) skip 0
10:359  0:004  OCABC: MMIO devirt 0xFEC00000 (0x1 pages, 0x800000000000100D) skip 0
10:362  0:003  OCABC: MMIO devirt 0xFED00000 (0x4 pages, 0x800000000000100D) skip 0
10:366  0:003  OCABC: MMIO devirt 0xFEE00000 (0x1 pages, 0x8000000000000001) skip 0
10:370  0:003  OCABC: MMIO devirt 0xFF000000 (0x1000 pages, 0x800000000000100D) skip 0
10:374  0:003  OCABC: MMIO devirt end, saved 278620 KB
10:377  0:003  OCABC: All slides are usable! You can disable ProvideCustomSlide!
10:383  0:005  OCOS: OS set: <null> macOS 11.0
10:386  0:003  OCOS: OS set: Apple Inc. macOS 11.0
10:390  0:003  OCOS: Should use black background
10:394  0:004  OCABC: AllocPages 1 0x6D351000 (1) - Success
10:410  0:015  OC: Opening file System\Library\Kernels\kernel with 1 mode gave - Not Found
10:414  0:003  OC: Opening file \A490645D-B724-4FBC-9AC8-F7A23B1C4935 with 1 mode gave - Success
10:418  0:004  OC: Opening file \A490645D-B724-4FBC-9AC8-F7A23B1C4935\System\Library\CoreServices\com.apple.Boot.plist with 1 mode gave - Not Found
10:422  0:004  OC: Opening file Library\Preferences\SystemConfiguration\com.apple.Boot.plist with 1 mode gave - Success
10:426  0:004  OC: Opening file \A490645D-B724-4FBC-9AC8-F7A23B1C4935\System\Library\CoreServices\PlatformSupport.plist with 1 mode gave - Success
15:451  5:025  OCABC: AllocPages 2 0xF900000 (51544) - Success
15:477  0:025  OC: Opening file System\Library\Caches\com.apple.corestorage\EncryptedRoot.plist.wipekey with 1 mode gave - Success
15:497  0:019  OC: Opening file \A490645D-B724-4FBC-9AC8-F7A23B1C4935\System\Library\CoreServices\boot.efi with 1 mode gave - Success
15:525  0:027  OC: Opening file boot\System\Library\KernelCollections\BootKernelExtensions.kc.development with 1 mode gave - Not Found
15:541  0:016  OC: Opening file boot\System\Library\KernelCollections\BootKernelExtensions.kc with 1 mode gave - Success
15:545  0:003  OC: Load and reserve Kext Other\VirtualSMC.kext
15:550  0:004  OC: Load and reserve Kext Other\USBMap.kext
15:554  0:003  OC: Kext reservation size info 505000 exe 1A000
15:557  0:003  OC: Trying 64-bit XNU hook on boot\System\Library\KernelCollections\BootKernelExtensions.kc
15:561  0:003  OCAK: Found 64-bit Mach-O compressed 0 offset 0 size 0
15:565  0:003  OCAK: Determined kernel size is 62734336 bytes
15:599  0:034  OC: Result of 64-bit XNU hook on boot\System\Library\KernelCollections\BootKernelExtensions.kc (00000000) is Success
15:645  0:046  OCAK: Read kernel version 23.4.0 (230400)
15:649  0:003  OCAK: 64-bit patcher base 0xFFFFFF8000200000 kmod 0x0 file 0x0
15:654  0:004  OCAK: Zeroing _xcpm_core_scope_msrs 0xE2 applicable CPUs (76)
15:657  0:003  OCAK: Zeroing _xcpm_core_scope_msrs 0xE2 applicable CPUs (406416)
15:661  0:003  OCAK: Zeroing _xcpm_core_scope_msrs 0xE2 applicable CPUs (16384)
15:668  0:007  Replace B9E20000000F30 by B9E20000009090 at ofs:30E
15:731  0:063  Replace B9E20000000F30 by B9E20000009090 at ofs:39B
15:794  0:062  OCAK: 64-bit XcpmCfgLockRel replace count - 2
15:798  0:003  OCAK: [OK] Success XcpmCfgLock patch
15:840  0:042  OCAK: as.vit9696.VirtualSMC got KXLD 0 0
15:844  0:003  OCAK: Requesting __LINKEDIT for as.vit9696.VirtualSMC - 6CE32438 at 3BD5000
15:847  0:003  OCAK: Requesting SymbolTable for as.vit9696.VirtualSMC - 452
15:851  0:003  OCAK: Requesting __LINKEDIT for __kernel__ - 69268688 at 0
15:855  0:003  OCAK: Requesting SymbolTable for __kernel__ - 22799
15:883  0:028  OCAK: Patching invalid size 2000 with 19DF000 for com.apple.iokit.IOACPIFamily
15:887  0:003  OCAK: com.apple.iokit.IOACPIFamily got KXLD 0 0
15:891  0:003  OCAK: Requesting __LINKEDIT for com.apple.iokit.IOACPIFamily - 6B453518 at 21F6000
15:894  0:003  OCAK: Requesting SymbolTable for com.apple.iokit.IOACPIFamily - 544
15:905  0:010  OCAK: Symbol __ZN13KernelPatcher15kernelWriteLockE has 0-value
15:908  0:003  OCAK: Symbol __ZN18EfiRuntimeServices16LiluReadOnlyGuidE has 0-value
15:912  0:003  OCAK: Symbol _lilu has 0-value
15:915  0:003  OCAK: Symbol __Z5qsortPvmmPFiPKvS1_E has 0-value
15:920  0:004  OC: Prelinked injection Other\VirtualSMC.kext () - Invalid Parameter
15:924  0:004  OC: Prelinked injection Other\USBMap.kext () - Success
15:928  0:003  OC: Prelink size 62738432 kext offset 62738432 reserved 106496
15:931  0:003  OCAK: KC TEXT is 65536 bytes with 61800 Mach-O headers need 224
15:948  0:016  OCAK: Failed to pk find com.apple.driver.AppleIntelCPUPowerManagement - Not Found
15:952  0:003  OCAK: [OK] Skipping PatchAppleCpuPmCfgLock on NULL Patcher on kernel version 230400
15:957  0:004  OCAK: Patching invalid size 5FF4 with 2193000 for com.apple.driver.AppleRTC
15:960  0:003  OCAK: com.apple.driver.AppleRTC got KXLD 0 0
15:964  0:003  Replace BE58000000/FFFEFFFFFF(BE58000000) by BEFFFF0000 at ofs:1AED
16:059  0:094  Replace BE58000000/FFFEFFFFFF(BE59000000) by BEFFFF0000 at ofs:1AFE
16:160  0:100  Replace BE58000000/FFFEFFFFFF(BE58000000) by BEFFFF0000 at ofs:1DE3
16:256  0:095  Replace BE58000000/FFFEFFFFFF(BE59000000) by BEFFFF0000 at ofs:1DF3
16:353  0:097  OCAK: 64-bit DisableRtcChecksum64 replace count - 4
16:356  0:003  OCAK: [OK] Patch success com.apple.driver.AppleRTC DisableRtcChecksum
16:477  0:120  OC: Prelinked status - Success
16:521  0:043  OC: Opening file usr\standalone\OS.dmg.root_hash with 1 mode gave - Success
16:531  0:009  OC: Opening file usr\standalone\OS.dmg.root_hash.x86legacyap.im4m with 1 mode gave - Success
16:541  0:009  OCABC: AllocPages 0 0x73059000 (1) - Success
16:544  0:003  OCABC: AllocPages 0 0x73058000 (1) - Success
16:557  0:012  FixOwnership() -> begin
16:561  0:003  PCI Io found 18
16:564  0:003  USB XHCI reset for device A36D
16:567  0:003  ExtendCap=00008000
16:571  0:003    Value=02000802
16:574  0:003    Value=03011402
16:578  0:003    Value=005CFFC0
16:581  0:003    Value=00002201
